06:00:52.626 [main                     ] DEBUG Logger               - Configured Logger
06:00:52.640 [main                     ] DEBUG GameApplication      - Logging settings
Title: Traffic
Version: Alpha 1.0
Width: 2000
Height: 1125
Fullscreen: false
Intro: false
Profiling: false
Single step:false
App Mode: DEVELOPER
Menu Key: ESCAPE
Stage Style: DECORATED
Scene Factory: class it.uniroma1.metodologie.trafficGame.TrafficApp$1

06:00:52.978 [JavaFX Application Thread] DEBUG FXGLApplication      - Initializing FXGL
06:00:52.984 [JavaFX Application Thread] INFO  Engine               - FXGL-dev-SNAPSHOT (08.09.2020 17.31) on WINDOWS (J:13.0.2 FX:14)
06:00:52.985 [JavaFX Application Thread] DEBUG Engine               - JRE Vendor Name: Oracle Corporation
06:00:52.985 [JavaFX Application Thread] DEBUG Engine               - Running on OS: Windows 10 version 10.0
06:00:52.985 [JavaFX Application Thread] DEBUG Engine               - Architecture: amd64
06:00:52.985 [JavaFX Application Thread] INFO  Engine               - Source code and latest versions at: https://github.com/AlmasB/FXGL
06:00:52.985 [JavaFX Application Thread] INFO  Engine               -              Join the FXGL chat at: https://gitter.im/AlmasB/FXGL
06:00:53.063 [JavaFX Application Thread] DEBUG MainWindow           - Creating a JavaFX scene
06:00:53.101 [JavaFX Application Thread] DEBUG MainWindow           - Target settings size: 2000.0 x 1125.0
06:00:53.101 [JavaFX Application Thread] DEBUG MainWindow           - Scaled scene size:    2000.0 x 1125.0
06:00:53.102 [JavaFX Application Thread] DEBUG MainWindow           - Scaled ratio: (1.0, 1.0)
06:00:53.103 [JavaFX Application Thread] DEBUG MainWindow           - Set initial scene to StartupScene
06:00:53.107 [JavaFX Application Thread] DEBUG MainWindow           - Opening main window
06:00:53.179 [JavaFX Application Thread] DEBUG MainWindow           - Window border size: (16.0, 39.0)
06:00:53.179 [JavaFX Application Thread] DEBUG MainWindow           - Scaled size: 2000.0 x 1125.0
06:00:53.180 [JavaFX Application Thread] DEBUG MainWindow           - Scaled ratio: (1.0, 1.0)
06:00:53.180 [JavaFX Application Thread] DEBUG MainWindow           - Scene size: 2000.0 x 1125.0
06:00:53.180 [JavaFX Application Thread] DEBUG MainWindow           - Stage size: 2016.0 x 1164.0
06:00:53.197 [FXGL Background Thread 1 ] DEBUG Engine               - Initializing environment variables
06:00:53.218 [FXGL Background Thread 1 ] DEBUG GameApplicationServi - Applying CSS: fxgl_dark.css
06:00:53.219 [FXGL Background Thread 1 ] DEBUG FXGLAssetLoaderServi - Loading from file system: /assets/ui/css/fxgl_dark.css
06:00:53.261 [FXGL Background Thread 1 ] DEBUG GameApplicationServi - Initializing application scenes
06:00:53.319 [FXGL Background Thread 1 ] DEBUG GameWorld            - Game world initialized
06:00:53.359 [FXGL Background Thread 1 ] DEBUG PhysicsWorld         - Physics world initialized: appHeight=1125, physics.ppm=50,0
06:00:53.361 [FXGL Background Thread 1 ] DEBUG GameScene            - Game scene initialized: 2000x1125
06:00:53.369 [FXGL Background Thread 1 ] DEBUG FXGLAssetLoaderServi - Loading from file system: /assets/textures/bg.jpg
06:00:53.653 [FXGL Background Thread 1 ] DEBUG FXGLAssetLoaderServi - Loading from file system: /assets/textures/logo.png
06:00:53.739 [FXGL Background Thread 1 ] DEBUG FXGLAssetLoaderServi - Loading from file system: /assets/textures/particles/trace_horizontal.png
06:00:53.759 [FXGL Background Thread 1 ] DEBUG FXGL.DefaultMenu     - createMenuBodyGameMenu()
06:00:53.770 [FXGL Background Thread 1 ] DEBUG FXGL.DefaultMenu     - createOptionsMenu()
06:00:53.773 [FXGL Background Thread 1 ] DEBUG FXGL.DefaultMenu     - createExtraMenu()
06:00:53.775 [FXGL Background Thread 1 ] DEBUG FXGLAssetLoaderServi - Loading from file system: /assets/textures/particles/smoke.png
06:00:53.811 [FXGL Background Thread 1 ] DEBUG GameApplicationServi - Application scenes initialized
06:00:53.818 [FXGL Background Thread 1 ] DEBUG SystemBundleService  - Loading FXGL system data
06:00:53.821 [FXGL Background Thread 1 ] DEBUG FileSystemAccess     - Reading from: C:\Users\Andrea\Desktop\Homework\traffic-mobile\system\fxgl.bundle
06:00:53.828 [FXGL Background Thread 1 ] DEBUG SystemBundleService  - Bundle FXGL: {}
06:00:53.828 [FXGL Background Thread 1 ] DEBUG UpdaterService       - Checking for updates
06:00:53.857 [FXGL Background Thread 4 ] DEBUG FXGLApplication      - Loading fonts
06:00:53.858 [FXGL Background Thread 1 ] DEBUG FXGLApplication      - Loading default localization
06:00:53.857 [FXGL Background Thread 4 ] DEBUG FXGLAssetLoaderServi - Loading from file system: /assets/ui/fonts/VarelaRound-Regular.ttf
06:00:53.858 [FXGL Background Thread 1 ] DEBUG FXGLAssetLoaderServi - Loading from file system: /assets/languages/english.lang
06:00:53.869 [FXGL Background Thread 1 ] INFO  FXGLApplication      - FXGL initialization took: 0,672 sec
06:00:53.877 [JavaFX Application Thread] DEBUG Input                - Registered new binding: Change trafficlight status - F
06:00:53.878 [JavaFX Application Thread] DEBUG Input                - Registered new binding: Move Right - D
06:00:53.878 [JavaFX Application Thread] DEBUG Input                - Registered new binding: Move Left - A
06:00:53.878 [JavaFX Application Thread] DEBUG Input                - Registered new binding: Move Up - W
06:00:53.878 [JavaFX Application Thread] DEBUG Input                - Registered new binding: Move Down - S
06:00:53.878 [JavaFX Application Thread] DEBUG Input                - Registered new binding: Spawn Car - Space
06:00:53.879 [JavaFX Application Thread] DEBUG Input                - Registered new binding: Select and change traffic light - LMB
06:00:53.879 [JavaFX Application Thread] DEBUG FXGLAssetLoaderServi - Loading from file system: /assets/textures/fxgl_icon.png
06:00:53.888 [JavaFX Application Thread] DEBUG FXGLAssetLoaderServi - Loading from file system: /assets/ui/cursors/fxgl_default.png
06:00:53.889 [JavaFX Application Thread] DEBUG Input                - Registered new binding: Screenshot - P
06:00:53.889 [JavaFX Application Thread] DEBUG Input                - Registered new binding: Dev Options - 1
06:00:53.890 [JavaFX Application Thread] DEBUG Input                - Registered new binding: Dev Console - 2
06:00:53.890 [JavaFX Application Thread] DEBUG Input                - Registered new binding: System info dump - CTRL+9
06:00:53.890 [JavaFX Application Thread] DEBUG Input                - Registered new binding: Restart - CTRL+R
06:00:53.891 [JavaFX Application Thread] DEBUG Input                - Registered new binding: Toggle Debug Camera - CTRL+C
06:00:53.892 [JavaFX Application Thread] DEBUG LoopRunner           - Starting loop
06:00:53.902 [JavaFX Application Thread] DEBUG Input                - Clearing active input actions
06:00:53.909 [JavaFX Application Thread] DEBUG GameApplicationServi - Removing overlay from StartupScene and adding to FXGLMainMenuDummyScene
06:00:53.911 [JavaFX Application Thread] DEBUG MainWindow           - StartupScene -> FXGLMainMenuDummyScene
06:00:53.911 [JavaFX Application Thread] DEBUG MainWindow           - Push state: TrafficAppMenu
06:00:53.913 [JavaFX Application Thread] DEBUG Input                - Clearing active input actions
06:00:53.928 [JavaFX Application Thread] DEBUG GameApplicationServi - Removing overlay from FXGLMainMenuDummyScene and adding to TrafficAppMenu
06:00:53.928 [JavaFX Application Thread] DEBUG MainWindow           - FXGLMainMenuDummyScene -> TrafficAppMenu
06:00:54.382 [FXGL Background Thread 4 ] DEBUG FXGLAssetLoaderServi - Loading from file system: /assets/ui/fonts/Abel-Regular.ttf
06:00:54.387 [FXGL Background Thread 4 ] DEBUG FXGLAssetLoaderServi - Loading from file system: /assets/ui/fonts/lucida_console.ttf
06:00:54.390 [FXGL Background Thread 4 ] DEBUG FXGLAssetLoaderServi - Loading from file system: /assets/ui/fonts/Courier-Prime.ttf
06:00:54.394 [JavaFX Application Thread] DEBUG FXGLApplication      - Registering font factories with UI factory
06:00:55.008 [JavaFX Application Thread] DEBUG Menu                 - fireNewGame()
06:00:55.008 [JavaFX Application Thread] DEBUG GameApplicationServi - Starting new game
06:00:55.008 [JavaFX Application Thread] DEBUG MainWindow           - Pop state: TrafficAppMenu
06:00:55.009 [JavaFX Application Thread] DEBUG Input                - Clearing active input actions
06:00:55.009 [JavaFX Application Thread] DEBUG GameApplicationServi - Removing overlay from TrafficAppMenu and adding to FXGLMainMenuDummyScene
06:00:55.011 [JavaFX Application Thread] DEBUG MainWindow           - FXGLMainMenuDummyScene <- TrafficAppMenu
06:00:55.011 [JavaFX Application Thread] DEBUG Input                - Clearing active input actions
06:00:55.017 [JavaFX Application Thread] DEBUG GameApplicationServi - Removing overlay from FXGLMainMenuDummyScene and adding to FXGLLoadingScene
06:00:55.017 [JavaFX Application Thread] DEBUG MainWindow           - FXGLMainMenuDummyScene -> FXGLLoadingScene
06:00:55.017 [JavaFX Application Thread] DEBUG GameApplicationServi - Clearing previous game
06:00:55.017 [JavaFX Application Thread] DEBUG GameScene            - Clearing game scene
06:00:55.018 [JavaFX Application Thread] DEBUG GameWorld            - Clearing game world
06:00:55.018 [JavaFX Application Thread] DEBUG PhysicsWorld         - Clearing physics world
06:00:55.020 [FXGL Background Thread 2 ] DEBUG FXGLApplication      - Initializing game
06:00:55.050 [FXGL Background Thread 2 ] DEBUG FXGLAssetLoaderServi - Loading from file system: /assets/levels/Mappa_01.tmx
06:00:55.072 [FXGL Background Thread 2 ] WARN  TMXLevelLoader       - TiledMap generated from 1.4.1. Supported version: 1.2.3. Some features may not be parsed fully.
06:00:55.093 [FXGL Background Thread 2 ] DEBUG TMXLevelLoader       - Parsed raw map: TiledMap(width=16, height=9, tilewidth=125, tileheight=125, orientation=orthogonal, layers=[Layer(width=16, height=9, name=Tile Layer 1, type=tilelayer, visible=false, x=0, y=0, data=[37, 39, 24, 39, 5, 28, 41, 41, 41, 41, 41, 26, 5, 37, 39, 39, 39, 25, 39, 32, 5, 34, 25, 41, 25, 41, 25, 32, 5, 34, 39, 39, 6, 6, 6, 6, 7, 6, 6, 6, 6, 6, 6, 6, 7, 6, 6, 6, 41, 41, 41, 33, 5, 35, 27, 40, 27, 40, 27, 33, 5, 35, 41, 41, 42, 42, 42, 26, 5, 28, 40, 40, 40, 40, 40, 26, 5, 28, 42, 42, 41, 41, 41, 32, 5, 34, 25, 40, 25, 40, 25, 32, 5, 34, 41, 41, 6, 6, 6, 6, 7, 6, 6, 6, 6, 6, 6, 6, 7, 6, 6, 6, 40, 27, 40, 33, 5, 35, 27, 42, 27, 42, 27, 33, 5, 35, 41, 41, 38, 40, 38, 40, 5, 28, 42, 24, 42, 37, 42, 26, 5, 28, 41, 41], objects=[], opacity=0.0, draworder=), Layer(width=0, height=0, name=spawnpoints, type=objectgroup, visible=false, x=0, y=0, data=[], objects=[com.almasb.fxgl.entity.level.tiled.TiledObject@73f06a0b, com.almasb.fxgl.entity.level.tiled.TiledObject@329b194a, com.almasb.fxgl.entity.level.tiled.TiledObject@41a440d5, com.almasb.fxgl.entity.level.tiled.TiledObject@36ae9f8c, com.almasb.fxgl.entity.level.tiled.TiledObject@467e0b60, com.almasb.fxgl.entity.level.tiled.TiledObject@2c451bac, com.almasb.fxgl.entity.level.tiled.TiledObject@4f045419, com.almasb.fxgl.entity.level.tiled.TiledObject@d14e08a], opacity=0.0, draworder=), Layer(width=0, height=0, name=paths, type=objectgroup, visible=false, x=0, y=0, data=[], objects=[com.almasb.fxgl.entity.level.tiled.TiledObject@3b87df43, com.almasb.fxgl.entity.level.tiled.TiledObject@3f1b3be4, com.almasb.fxgl.entity.level.tiled.TiledObject@52520482, com.almasb.fxgl.entity.level.tiled.TiledObject@7868bef2, com.almasb.fxgl.entity.level.tiled.TiledObject@7d101b7b, com.almasb.fxgl.entity.level.tiled.TiledObject@1b32db26, com.almasb.fxgl.entity.level.tiled.TiledObject@5906bad6, com.almasb.fxgl.entity.level.tiled.TiledObject@6424002a, com.almasb.fxgl.entity.level.tiled.TiledObject@19921416, com.almasb.fxgl.entity.level.tiled.TiledObject@14f407e9, com.almasb.fxgl.entity.level.tiled.TiledObject@7848dfab, com.almasb.fxgl.entity.level.tiled.TiledObject@3ca9a5d8, com.almasb.fxgl.entity.level.tiled.TiledObject@359224ff, com.almasb.fxgl.entity.level.tiled.TiledObject@1edb6eb, com.almasb.fxgl.entity.level.tiled.TiledObject@3f6684fa, com.almasb.fxgl.entity.level.tiled.TiledObject@4e1061ab, com.almasb.fxgl.entity.level.tiled.TiledObject@6a81114a, com.almasb.fxgl.entity.level.tiled.TiledObject@6b7b81f, com.almasb.fxgl.entity.level.tiled.TiledObject@dfdbd67, com.almasb.fxgl.entity.level.tiled.TiledObject@40ad884a, com.almasb.fxgl.entity.level.tiled.TiledObject@2244da54, com.almasb.fxgl.entity.level.tiled.TiledObject@1908e943, com.almasb.fxgl.entity.level.tiled.TiledObject@797e7980, com.almasb.fxgl.entity.level.tiled.TiledObject@553d413d], opacity=0.0, draworder=), Layer(width=0, height=0, name=Incroci, type=objectgroup, visible=false, x=0, y=0, data=[], objects=[com.almasb.fxgl.entity.level.tiled.TiledObject@51afb7b4, com.almasb.fxgl.entity.level.tiled.TiledObject@fb31e33, com.almasb.fxgl.entity.level.tiled.TiledObject@58bc43c, com.almasb.fxgl.entity.level.tiled.TiledObject@3a805919], opacity=0.0, draworder=), Layer(width=0, height=0, name=trafficLight, type=objectgroup, visible=false, x=0, y=0, data=[], objects=[com.almasb.fxgl.entity.level.tiled.TiledObject@163e5bea, com.almasb.fxgl.entity.level.tiled.TiledObject@16b8d98, com.almasb.fxgl.entity.level.tiled.TiledObject@5a9a13ad, com.almasb.fxgl.entity.level.tiled.TiledObject@62ead176, com.almasb.fxgl.entity.level.tiled.TiledObject@66f27ca, com.almasb.fxgl.entity.level.tiled.TiledObject@5bb57dd2, com.almasb.fxgl.entity.level.tiled.TiledObject@51b80a72, com.almasb.fxgl.entity.level.tiled.TiledObject@656d0052, com.almasb.fxgl.entity.level.tiled.TiledObject@1ac33a42, com.almasb.fxgl.entity.level.tiled.TiledObject@6a688f25, com.almasb.fxgl.entity.level.tiled.TiledObject@7b12e380, com.almasb.fxgl.entity.level.tiled.TiledObject@76f01320, com.almasb.fxgl.entity.level.tiled.TiledObject@75e23696, com.almasb.fxgl.entity.level.tiled.TiledObject@5b5d9ea8, com.almasb.fxgl.entity.level.tiled.TiledObject@37bf78a0, com.almasb.fxgl.entity.level.tiled.TiledObject@41a01464], opacity=0.0, draworder=)], tilesets=[Tileset(firstgid=1, image=../textures/rsz_tiles_sheet.png, name=rsz_tiles_sheet, tilewidth=125, tileheight=125, imagewidth=875, imageheight=750, margin=0, spacing=0, columns=7, tilecount=42, transparentcolor=41ffef, tiles=[])], backgroundcolor=, renderorder=left-up, nextobjectid=66, version=1, tiledversion=1.4.1, type=map, infinite=false, hexsidelength=0, staggeraxis=, staggerindex=, properties={}, propertytypes={})
06:00:55.094 [FXGL Background Thread 2 ] DEBUG TMXLevelLoader       - Creating tile layer entities
06:00:55.095 [FXGL Background Thread 2 ] DEBUG TilesetLoader        - Loading view for layer Tile Layer 1
06:00:55.101 [FXGL Background Thread 2 ] DEBUG TilesetLoader        - Created buffer with size 2000.0x1125.0
06:00:55.221 [FXGL Background Thread 2 ] DEBUG TilesetLoader        - Writing to buffer: dst=0,0, w=125,h=125, src=125,625
06:00:55.221 [FXGL Background Thread 2 ] DEBUG TilesetLoader        - Writing to buffer: dst=125,0, w=125,h=125, src=375,625
06:00:55.221 [FXGL Background Thread 2 ] DEBUG TilesetLoader        - Writing to buffer: dst=250,0, w=125,h=125, src=250,375
06:00:55.222 [FXGL Background Thread 2 ] DEBUG TilesetLoader        - Writing to buffer: dst=375,0, w=125,h=125, src=375,625
06:00:55.222 [FXGL Background Thread 2 ] DEBUG TilesetLoader        - Writing to buffer: dst=500,0, w=125,h=125, src=500,0
06:00:55.222 [FXGL Background Thread 2 ] DEBUG TilesetLoader        - Writing to buffer: dst=625,0, w=125,h=125, src=750,375
06:00:55.222 [FXGL Background Thread 2 ] DEBUG TilesetLoader        - Writing to buffer: dst=750,0, w=125,h=125, src=625,625
06:00:55.222 [FXGL Background Thread 2 ] DEBUG TilesetLoader        - Writing to buffer: dst=875,0, w=125,h=125, src=625,625
06:00:55.222 [FXGL Background Thread 2 ] DEBUG TilesetLoader        - Writing to buffer: dst=1000,0, w=125,h=125, src=625,625
06:00:55.222 [FXGL Background Thread 2 ] DEBUG TilesetLoader        - Writing to buffer: dst=1125,0, w=125,h=125, src=625,625
06:00:55.223 [FXGL Background Thread 2 ] DEBUG TilesetLoader        - Writing to buffer: dst=1250,0, w=125,h=125, src=625,625
06:00:55.223 [FXGL Background Thread 2 ] DEBUG TilesetLoader        - Writing to buffer: dst=1375,0, w=125,h=125, src=500,375
06:00:55.223 [FXGL Background Thread 2 ] DEBUG TilesetLoader        - Writing to buffer: dst=1500,0, w=125,h=125, src=500,0
06:00:55.223 [FXGL Background Thread 2 ] DEBUG TilesetLoader        - Writing to buffer: dst=1625,0, w=125,h=125, src=125,625
06:00:55.223 [FXGL Background Thread 2 ] DEBUG TilesetLoader        - Writing to buffer: dst=1750,0, w=125,h=125, src=375,625
06:00:55.223 [FXGL Background Thread 2 ] DEBUG TilesetLoader        - Writing to buffer: dst=1875,0, w=125,h=125, src=375,625
06:00:55.224 [FXGL Background Thread 2 ] DEBUG TilesetLoader        - Writing to buffer: dst=0,125, w=125,h=125, src=375,625
06:00:55.224 [FXGL Background Thread 2 ] DEBUG TilesetLoader        - Writing to buffer: dst=125,125, w=125,h=125, src=375,375
06:00:55.224 [FXGL Background Thread 2 ] DEBUG TilesetLoader        - Writing to buffer: dst=250,125, w=125,h=125, src=375,625
06:00:55.224 [FXGL Background Thread 2 ] DEBUG TilesetLoader        - Writing to buffer: dst=375,125, w=125,h=125, src=375,500
06:00:55.224 [FXGL Background Thread 2 ] DEBUG TilesetLoader        - Writing to buffer: dst=500,125, w=125,h=125, src=500,0
06:00:55.224 [FXGL Background Thread 2 ] DEBUG TilesetLoader        - Writing to buffer: dst=625,125, w=125,h=125, src=625,500
06:00:55.224 [FXGL Background Thread 2 ] DEBUG TilesetLoader        - Writing to buffer: dst=750,125, w=125,h=125, src=375,375
06:00:55.224 [FXGL Background Thread 2 ] DEBUG TilesetLoader        - Writing to buffer: dst=875,125, w=125,h=125, src=625,625
06:00:55.225 [FXGL Background Thread 2 ] DEBUG TilesetLoader        - Writing to buffer: dst=1000,125, w=125,h=125, src=375,375
06:00:55.225 [FXGL Background Thread 2 ] DEBUG TilesetLoader        - Writing to buffer: dst=1125,125, w=125,h=125, src=625,625
06:00:55.225 [FXGL Background Thread 2 ] DEBUG TilesetLoader        - Writing to buffer: dst=1250,125, w=125,h=125, src=375,375
06:00:55.225 [FXGL Background Thread 2 ] DEBUG TilesetLoader        - Writing to buffer: dst=1375,125, w=125,h=125, src=375,500
06:00:55.225 [FXGL Background Thread 2 ] DEBUG TilesetLoader        - Writing to buffer: dst=1500,125, w=125,h=125, src=500,0
06:00:55.225 [FXGL Background Thread 2 ] DEBUG TilesetLoader        - Writing to buffer: dst=1625,125, w=125,h=125, src=625,500
06:00:55.226 [FXGL Background Thread 2 ] DEBUG TilesetLoader        - Writing to buffer: dst=1750,125, w=125,h=125, src=375,625
06:00:55.226 [FXGL Background Thread 2 ] DEBUG TilesetLoader        - Writing to buffer: dst=1875,125, w=125,h=125, src=375,625
06:00:55.226 [FXGL Background Thread 2 ] DEBUG TilesetLoader        - Writing to buffer: dst=0,250, w=125,h=125, src=625,0
06:00:55.226 [FXGL Background Thread 2 ] DEBUG TilesetLoader        - Writing to buffer: dst=125,250, w=125,h=125, src=625,0
06:00:55.226 [FXGL Background Thread 2 ] DEBUG TilesetLoader        - Writing to buffer: dst=250,250, w=125,h=125, src=625,0
06:00:55.226 [FXGL Background Thread 2 ] DEBUG TilesetLoader        - Writing to buffer: dst=375,250, w=125,h=125, src=625,0
06:00:55.226 [FXGL Background Thread 2 ] DEBUG TilesetLoader        - Writing to buffer: dst=500,250, w=125,h=125, src=750,0
06:00:55.227 [FXGL Background Thread 2 ] DEBUG TilesetLoader        - Writing to buffer: dst=625,250, w=125,h=125, src=625,0
06:00:55.227 [FXGL Background Thread 2 ] DEBUG TilesetLoader        - Writing to buffer: dst=750,250, w=125,h=125, src=625,0
06:00:55.227 [FXGL Background Thread 2 ] DEBUG TilesetLoader        - Writing to buffer: dst=875,250, w=125,h=125, src=625,0
06:00:55.227 [FXGL Background Thread 2 ] DEBUG TilesetLoader        - Writing to buffer: dst=1000,250, w=125,h=125, src=625,0
06:00:55.227 [FXGL Background Thread 2 ] DEBUG TilesetLoader        - Writing to buffer: dst=1125,250, w=125,h=125, src=625,0
06:00:55.227 [FXGL Background Thread 2 ] DEBUG TilesetLoader        - Writing to buffer: dst=1250,250, w=125,h=125, src=625,0
06:00:55.227 [FXGL Background Thread 2 ] DEBUG TilesetLoader        - Writing to buffer: dst=1375,250, w=125,h=125, src=625,0
06:00:55.227 [FXGL Background Thread 2 ] DEBUG TilesetLoader        - Writing to buffer: dst=1500,250, w=125,h=125, src=750,0
06:00:55.228 [FXGL Background Thread 2 ] DEBUG TilesetLoader        - Writing to buffer: dst=1625,250, w=125,h=125, src=625,0
06:00:55.228 [FXGL Background Thread 2 ] DEBUG TilesetLoader        - Writing to buffer: dst=1750,250, w=125,h=125, src=625,0
06:00:55.228 [FXGL Background Thread 2 ] DEBUG TilesetLoader        - Writing to buffer: dst=1875,250, w=125,h=125, src=625,0
06:00:55.228 [FXGL Background Thread 2 ] DEBUG TilesetLoader        - Writing to buffer: dst=0,375, w=125,h=125, src=625,625
06:00:55.228 [FXGL Background Thread 2 ] DEBUG TilesetLoader        - Writing to buffer: dst=125,375, w=125,h=125, src=625,625
06:00:55.228 [FXGL Background Thread 2 ] DEBUG TilesetLoader        - Writing to buffer: dst=250,375, w=125,h=125, src=625,625
06:00:55.228 [FXGL Background Thread 2 ] DEBUG TilesetLoader        - Writing to buffer: dst=375,375, w=125,h=125, src=500,500
06:00:55.228 [FXGL Background Thread 2 ] DEBUG TilesetLoader        - Writing to buffer: dst=500,375, w=125,h=125, src=500,0
06:00:55.229 [FXGL Background Thread 2 ] DEBUG TilesetLoader        - Writing to buffer: dst=625,375, w=125,h=125, src=750,500
06:00:55.229 [FXGL Background Thread 2 ] DEBUG TilesetLoader        - Writing to buffer: dst=750,375, w=125,h=125, src=625,375
06:00:55.229 [FXGL Background Thread 2 ] DEBUG TilesetLoader        - Writing to buffer: dst=875,375, w=125,h=125, src=500,625
06:00:55.229 [FXGL Background Thread 2 ] DEBUG TilesetLoader        - Writing to buffer: dst=1000,375, w=125,h=125, src=625,375
06:00:55.229 [FXGL Background Thread 2 ] DEBUG TilesetLoader        - Writing to buffer: dst=1125,375, w=125,h=125, src=500,625
06:00:55.229 [FXGL Background Thread 2 ] DEBUG TilesetLoader        - Writing to buffer: dst=1250,375, w=125,h=125, src=625,375
06:00:55.229 [FXGL Background Thread 2 ] DEBUG TilesetLoader        - Writing to buffer: dst=1375,375, w=125,h=125, src=500,500
06:00:55.230 [FXGL Background Thread 2 ] DEBUG TilesetLoader        - Writing to buffer: dst=1500,375, w=125,h=125, src=500,0
06:00:55.230 [FXGL Background Thread 2 ] DEBUG TilesetLoader        - Writing to buffer: dst=1625,375, w=125,h=125, src=750,500
06:00:55.230 [FXGL Background Thread 2 ] DEBUG TilesetLoader        - Writing to buffer: dst=1750,375, w=125,h=125, src=625,625
06:00:55.230 [FXGL Background Thread 2 ] DEBUG TilesetLoader        - Writing to buffer: dst=1875,375, w=125,h=125, src=625,625
06:00:55.230 [FXGL Background Thread 2 ] DEBUG TilesetLoader        - Writing to buffer: dst=0,500, w=125,h=125, src=750,625
06:00:55.230 [FXGL Background Thread 2 ] DEBUG TilesetLoader        - Writing to buffer: dst=125,500, w=125,h=125, src=750,625
06:00:55.230 [FXGL Background Thread 2 ] DEBUG TilesetLoader        - Writing to buffer: dst=250,500, w=125,h=125, src=750,625
06:00:55.230 [FXGL Background Thread 2 ] DEBUG TilesetLoader        - Writing to buffer: dst=375,500, w=125,h=125, src=500,375
06:00:55.230 [FXGL Background Thread 2 ] DEBUG TilesetLoader        - Writing to buffer: dst=500,500, w=125,h=125, src=500,0
06:00:55.231 [FXGL Background Thread 2 ] DEBUG TilesetLoader        - Writing to buffer: dst=625,500, w=125,h=125, src=750,375
06:00:55.231 [FXGL Background Thread 2 ] DEBUG TilesetLoader        - Writing to buffer: dst=750,500, w=125,h=125, src=500,625
06:00:55.231 [FXGL Background Thread 2 ] DEBUG TilesetLoader        - Writing to buffer: dst=875,500, w=125,h=125, src=500,625
06:00:55.231 [FXGL Background Thread 2 ] DEBUG TilesetLoader        - Writing to buffer: dst=1000,500, w=125,h=125, src=500,625
06:00:55.231 [FXGL Background Thread 2 ] DEBUG TilesetLoader        - Writing to buffer: dst=1125,500, w=125,h=125, src=500,625
06:00:55.231 [FXGL Background Thread 2 ] DEBUG TilesetLoader        - Writing to buffer: dst=1250,500, w=125,h=125, src=500,625
06:00:55.231 [FXGL Background Thread 2 ] DEBUG TilesetLoader        - Writing to buffer: dst=1375,500, w=125,h=125, src=500,375
06:00:55.231 [FXGL Background Thread 2 ] DEBUG TilesetLoader        - Writing to buffer: dst=1500,500, w=125,h=125, src=500,0
06:00:55.231 [FXGL Background Thread 2 ] DEBUG TilesetLoader        - Writing to buffer: dst=1625,500, w=125,h=125, src=750,375
06:00:55.232 [FXGL Background Thread 2 ] DEBUG TilesetLoader        - Writing to buffer: dst=1750,500, w=125,h=125, src=750,625
06:00:55.232 [FXGL Background Thread 2 ] DEBUG TilesetLoader        - Writing to buffer: dst=1875,500, w=125,h=125, src=750,625
06:00:55.232 [FXGL Background Thread 2 ] DEBUG TilesetLoader        - Writing to buffer: dst=0,625, w=125,h=125, src=625,625
06:00:55.232 [FXGL Background Thread 2 ] DEBUG TilesetLoader        - Writing to buffer: dst=125,625, w=125,h=125, src=625,625
06:00:55.232 [FXGL Background Thread 2 ] DEBUG TilesetLoader        - Writing to buffer: dst=250,625, w=125,h=125, src=625,625
06:00:55.232 [FXGL Background Thread 2 ] DEBUG TilesetLoader        - Writing to buffer: dst=375,625, w=125,h=125, src=375,500
06:00:55.232 [FXGL Background Thread 2 ] DEBUG TilesetLoader        - Writing to buffer: dst=500,625, w=125,h=125, src=500,0
06:00:55.232 [FXGL Background Thread 2 ] DEBUG TilesetLoader        - Writing to buffer: dst=625,625, w=125,h=125, src=625,500
06:00:55.232 [FXGL Background Thread 2 ] DEBUG TilesetLoader        - Writing to buffer: dst=750,625, w=125,h=125, src=375,375
06:00:55.232 [FXGL Background Thread 2 ] DEBUG TilesetLoader        - Writing to buffer: dst=875,625, w=125,h=125, src=500,625
06:00:55.233 [FXGL Background Thread 2 ] DEBUG TilesetLoader        - Writing to buffer: dst=1000,625, w=125,h=125, src=375,375
06:00:55.233 [FXGL Background Thread 2 ] DEBUG TilesetLoader        - Writing to buffer: dst=1125,625, w=125,h=125, src=500,625
06:00:55.233 [FXGL Background Thread 2 ] DEBUG TilesetLoader        - Writing to buffer: dst=1250,625, w=125,h=125, src=375,375
06:00:55.233 [FXGL Background Thread 2 ] DEBUG TilesetLoader        - Writing to buffer: dst=1375,625, w=125,h=125, src=375,500
06:00:55.233 [FXGL Background Thread 2 ] DEBUG TilesetLoader        - Writing to buffer: dst=1500,625, w=125,h=125, src=500,0
06:00:55.233 [FXGL Background Thread 2 ] DEBUG TilesetLoader        - Writing to buffer: dst=1625,625, w=125,h=125, src=625,500
06:00:55.233 [FXGL Background Thread 2 ] DEBUG TilesetLoader        - Writing to buffer: dst=1750,625, w=125,h=125, src=625,625
06:00:55.234 [FXGL Background Thread 2 ] DEBUG TilesetLoader        - Writing to buffer: dst=1875,625, w=125,h=125, src=625,625
06:00:55.234 [FXGL Background Thread 2 ] DEBUG TilesetLoader        - Writing to buffer: dst=0,750, w=125,h=125, src=625,0
06:00:55.234 [FXGL Background Thread 2 ] DEBUG TilesetLoader        - Writing to buffer: dst=125,750, w=125,h=125, src=625,0
06:00:55.234 [FXGL Background Thread 2 ] DEBUG TilesetLoader        - Writing to buffer: dst=250,750, w=125,h=125, src=625,0
06:00:55.234 [FXGL Background Thread 2 ] DEBUG TilesetLoader        - Writing to buffer: dst=375,750, w=125,h=125, src=625,0
06:00:55.234 [FXGL Background Thread 2 ] DEBUG TilesetLoader        - Writing to buffer: dst=500,750, w=125,h=125, src=750,0
06:00:55.234 [FXGL Background Thread 2 ] DEBUG TilesetLoader        - Writing to buffer: dst=625,750, w=125,h=125, src=625,0
06:00:55.234 [FXGL Background Thread 2 ] DEBUG TilesetLoader        - Writing to buffer: dst=750,750, w=125,h=125, src=625,0
06:00:55.234 [FXGL Background Thread 2 ] DEBUG TilesetLoader        - Writing to buffer: dst=875,750, w=125,h=125, src=625,0
06:00:55.234 [FXGL Background Thread 2 ] DEBUG TilesetLoader        - Writing to buffer: dst=1000,750, w=125,h=125, src=625,0
06:00:55.234 [FXGL Background Thread 2 ] DEBUG TilesetLoader        - Writing to buffer: dst=1125,750, w=125,h=125, src=625,0
06:00:55.235 [FXGL Background Thread 2 ] DEBUG TilesetLoader        - Writing to buffer: dst=1250,750, w=125,h=125, src=625,0
06:00:55.235 [FXGL Background Thread 2 ] DEBUG TilesetLoader        - Writing to buffer: dst=1375,750, w=125,h=125, src=625,0
06:00:55.235 [FXGL Background Thread 2 ] DEBUG TilesetLoader        - Writing to buffer: dst=1500,750, w=125,h=125, src=750,0
06:00:55.235 [FXGL Background Thread 2 ] DEBUG TilesetLoader        - Writing to buffer: dst=1625,750, w=125,h=125, src=625,0
06:00:55.235 [FXGL Background Thread 2 ] DEBUG TilesetLoader        - Writing to buffer: dst=1750,750, w=125,h=125, src=625,0
06:00:55.235 [FXGL Background Thread 2 ] DEBUG TilesetLoader        - Writing to buffer: dst=1875,750, w=125,h=125, src=625,0
06:00:55.235 [FXGL Background Thread 2 ] DEBUG TilesetLoader        - Writing to buffer: dst=0,875, w=125,h=125, src=500,625
06:00:55.235 [FXGL Background Thread 2 ] DEBUG TilesetLoader        - Writing to buffer: dst=125,875, w=125,h=125, src=625,375
06:00:55.235 [FXGL Background Thread 2 ] DEBUG TilesetLoader        - Writing to buffer: dst=250,875, w=125,h=125, src=500,625
06:00:55.235 [FXGL Background Thread 2 ] DEBUG TilesetLoader        - Writing to buffer: dst=375,875, w=125,h=125, src=500,500
06:00:55.236 [FXGL Background Thread 2 ] DEBUG TilesetLoader        - Writing to buffer: dst=500,875, w=125,h=125, src=500,0
06:00:55.236 [FXGL Background Thread 2 ] DEBUG TilesetLoader        - Writing to buffer: dst=625,875, w=125,h=125, src=750,500
06:00:55.236 [FXGL Background Thread 2 ] DEBUG TilesetLoader        - Writing to buffer: dst=750,875, w=125,h=125, src=625,375
06:00:55.236 [FXGL Background Thread 2 ] DEBUG TilesetLoader        - Writing to buffer: dst=875,875, w=125,h=125, src=750,625
06:00:55.236 [FXGL Background Thread 2 ] DEBUG TilesetLoader        - Writing to buffer: dst=1000,875, w=125,h=125, src=625,375
06:00:55.236 [FXGL Background Thread 2 ] DEBUG TilesetLoader        - Writing to buffer: dst=1125,875, w=125,h=125, src=750,625
06:00:55.236 [FXGL Background Thread 2 ] DEBUG TilesetLoader        - Writing to buffer: dst=1250,875, w=125,h=125, src=625,375
06:00:55.236 [FXGL Background Thread 2 ] DEBUG TilesetLoader        - Writing to buffer: dst=1375,875, w=125,h=125, src=500,500
06:00:55.236 [FXGL Background Thread 2 ] DEBUG TilesetLoader        - Writing to buffer: dst=1500,875, w=125,h=125, src=500,0
06:00:55.236 [FXGL Background Thread 2 ] DEBUG TilesetLoader        - Writing to buffer: dst=1625,875, w=125,h=125, src=750,500
06:00:55.237 [FXGL Background Thread 2 ] DEBUG TilesetLoader        - Writing to buffer: dst=1750,875, w=125,h=125, src=625,625
06:00:55.237 [FXGL Background Thread 2 ] DEBUG TilesetLoader        - Writing to buffer: dst=1875,875, w=125,h=125, src=625,625
06:00:55.237 [FXGL Background Thread 2 ] DEBUG TilesetLoader        - Writing to buffer: dst=0,1000, w=125,h=125, src=250,625
06:00:55.237 [FXGL Background Thread 2 ] DEBUG TilesetLoader        - Writing to buffer: dst=125,1000, w=125,h=125, src=500,625
06:00:55.237 [FXGL Background Thread 2 ] DEBUG TilesetLoader        - Writing to buffer: dst=250,1000, w=125,h=125, src=250,625
06:00:55.237 [FXGL Background Thread 2 ] DEBUG TilesetLoader        - Writing to buffer: dst=375,1000, w=125,h=125, src=500,625
06:00:55.237 [FXGL Background Thread 2 ] DEBUG TilesetLoader        - Writing to buffer: dst=500,1000, w=125,h=125, src=500,0
06:00:55.237 [FXGL Background Thread 2 ] DEBUG TilesetLoader        - Writing to buffer: dst=625,1000, w=125,h=125, src=750,375
06:00:55.238 [FXGL Background Thread 2 ] DEBUG TilesetLoader        - Writing to buffer: dst=750,1000, w=125,h=125, src=750,625
06:00:55.238 [FXGL Background Thread 2 ] DEBUG TilesetLoader        - Writing to buffer: dst=875,1000, w=125,h=125, src=250,375
06:00:55.238 [FXGL Background Thread 2 ] DEBUG TilesetLoader        - Writing to buffer: dst=1000,1000, w=125,h=125, src=750,625
06:00:55.238 [FXGL Background Thread 2 ] DEBUG TilesetLoader        - Writing to buffer: dst=1125,1000, w=125,h=125, src=125,625
06:00:55.238 [FXGL Background Thread 2 ] DEBUG TilesetLoader        - Writing to buffer: dst=1250,1000, w=125,h=125, src=750,625
06:00:55.238 [FXGL Background Thread 2 ] DEBUG TilesetLoader        - Writing to buffer: dst=1375,1000, w=125,h=125, src=500,375
06:00:55.238 [FXGL Background Thread 2 ] DEBUG TilesetLoader        - Writing to buffer: dst=1500,1000, w=125,h=125, src=500,0
06:00:55.238 [FXGL Background Thread 2 ] DEBUG TilesetLoader        - Writing to buffer: dst=1625,1000, w=125,h=125, src=750,375
06:00:55.238 [FXGL Background Thread 2 ] DEBUG TilesetLoader        - Writing to buffer: dst=1750,1000, w=125,h=125, src=625,625
06:00:55.238 [FXGL Background Thread 2 ] DEBUG TilesetLoader        - Writing to buffer: dst=1875,1000, w=125,h=125, src=625,625
06:00:55.239 [FXGL Background Thread 2 ] DEBUG TMXLevelLoader       - Creating object layer entities
06:00:55.270 [FXGL Background Thread 2 ] DEBUG FXGLAssetLoaderServi - Loading from file system: /assets/textures/semaforoRosso-01.png
06:00:55.273 [FXGL Background Thread 2 ] DEBUG FXGLAssetLoaderServi - Loading from file system: /assets/textures/semaforoVerde-01.png
06:00:55.276 [FXGL Background Thread 2 ] DEBUG FXGLAssetLoaderServi - Loading from cache: /assets/textures/semaforoRosso-01.png
06:00:55.276 [FXGL Background Thread 2 ] DEBUG FXGLAssetLoaderServi - Loading from cache: /assets/textures/semaforoVerde-01.png
06:00:55.276 [FXGL Background Thread 2 ] DEBUG FXGLAssetLoaderServi - Loading from cache: /assets/textures/semaforoRosso-01.png
06:00:55.276 [FXGL Background Thread 2 ] DEBUG FXGLAssetLoaderServi - Loading from cache: /assets/textures/semaforoVerde-01.png
06:00:55.277 [FXGL Background Thread 2 ] DEBUG FXGLAssetLoaderServi - Loading from cache: /assets/textures/semaforoRosso-01.png
06:00:55.277 [FXGL Background Thread 2 ] DEBUG FXGLAssetLoaderServi - Loading from cache: /assets/textures/semaforoVerde-01.png
06:00:55.278 [FXGL Background Thread 2 ] DEBUG FXGLAssetLoaderServi - Loading from file system: /assets/textures/semaforoRosso-04.png
06:00:55.280 [FXGL Background Thread 2 ] DEBUG FXGLAssetLoaderServi - Loading from file system: /assets/textures/semaforoVerde-04.png
06:00:55.282 [FXGL Background Thread 2 ] DEBUG FXGLAssetLoaderServi - Loading from cache: /assets/textures/semaforoRosso-04.png
06:00:55.282 [FXGL Background Thread 2 ] DEBUG FXGLAssetLoaderServi - Loading from cache: /assets/textures/semaforoVerde-04.png
06:00:55.283 [FXGL Background Thread 2 ] DEBUG FXGLAssetLoaderServi - Loading from cache: /assets/textures/semaforoRosso-04.png
06:00:55.283 [FXGL Background Thread 2 ] DEBUG FXGLAssetLoaderServi - Loading from cache: /assets/textures/semaforoVerde-04.png
06:00:55.284 [FXGL Background Thread 2 ] DEBUG FXGLAssetLoaderServi - Loading from cache: /assets/textures/semaforoRosso-04.png
06:00:55.284 [FXGL Background Thread 2 ] DEBUG FXGLAssetLoaderServi - Loading from cache: /assets/textures/semaforoVerde-04.png
06:00:55.285 [FXGL Background Thread 2 ] DEBUG FXGLAssetLoaderServi - Loading from file system: /assets/textures/semaforoRosso-03.png
06:00:55.286 [FXGL Background Thread 2 ] DEBUG FXGLAssetLoaderServi - Loading from file system: /assets/textures/semaforoVerde-03.png
06:00:55.289 [FXGL Background Thread 2 ] DEBUG FXGLAssetLoaderServi - Loading from cache: /assets/textures/semaforoRosso-03.png
06:00:55.289 [FXGL Background Thread 2 ] DEBUG FXGLAssetLoaderServi - Loading from cache: /assets/textures/semaforoVerde-03.png
06:00:55.290 [FXGL Background Thread 2 ] DEBUG FXGLAssetLoaderServi - Loading from cache: /assets/textures/semaforoRosso-03.png
06:00:55.290 [FXGL Background Thread 2 ] DEBUG FXGLAssetLoaderServi - Loading from cache: /assets/textures/semaforoVerde-03.png
06:00:55.291 [FXGL Background Thread 2 ] DEBUG FXGLAssetLoaderServi - Loading from cache: /assets/textures/semaforoRosso-03.png
06:00:55.291 [FXGL Background Thread 2 ] DEBUG FXGLAssetLoaderServi - Loading from cache: /assets/textures/semaforoVerde-03.png
06:00:55.291 [FXGL Background Thread 2 ] DEBUG FXGLAssetLoaderServi - Loading from file system: /assets/textures/semaforoRosso-02.png
06:00:55.292 [FXGL Background Thread 2 ] DEBUG FXGLAssetLoaderServi - Loading from file system: /assets/textures/semaforoVerde-02.png
06:00:55.294 [FXGL Background Thread 2 ] DEBUG FXGLAssetLoaderServi - Loading from cache: /assets/textures/semaforoRosso-02.png
06:00:55.294 [FXGL Background Thread 2 ] DEBUG FXGLAssetLoaderServi - Loading from cache: /assets/textures/semaforoVerde-02.png
06:00:55.298 [FXGL Background Thread 2 ] DEBUG FXGLAssetLoaderServi - Loading from cache: /assets/textures/semaforoRosso-02.png
06:00:55.298 [FXGL Background Thread 2 ] DEBUG FXGLAssetLoaderServi - Loading from cache: /assets/textures/semaforoVerde-02.png
06:00:55.300 [FXGL Background Thread 2 ] DEBUG FXGLAssetLoaderServi - Loading from cache: /assets/textures/semaforoRosso-02.png
06:00:55.300 [FXGL Background Thread 2 ] DEBUG FXGLAssetLoaderServi - Loading from cache: /assets/textures/semaforoVerde-02.png
06:00:55.301 [FXGL Background Thread 2 ] DEBUG GameWorld            - Clearing removable entities
06:00:55.301 [FXGL Background Thread 2 ] DEBUG GameWorld            - Setting level: com.almasb.fxgl.entity.level.Level@6d1ffd18
06:00:55.306 [FXGL Background Thread 2 ] DEBUG FXGLAssetLoaderServi - Loading from file system: /assets/textures/pointer-sprite.png
06:00:55.326 [FXGL Background Thread 2 ] INFO  FXGLApplication      - Game initialization took: 0,306 sec
06:00:55.327 [JavaFX Application Thread] DEBUG Input                - Clearing active input actions
06:00:55.333 [JavaFX Application Thread] DEBUG GameApplicationServi - Removing overlay from FXGLLoadingScene and adding to GameScene
06:00:55.336 [JavaFX Application Thread] DEBUG MainWindow           - FXGLLoadingScene -> GameScene
06:00:56.852 [FXGL Background Thread 3 ] DEBUG Engine               - Logging environment variables
06:00:56.852 [FXGL Background Thread 3 ] DEBUG Engine               - achievements: []
06:00:56.852 [FXGL Background Thread 3 ] DEBUG Engine               - appIcon: fxgl_icon.png
06:00:56.852 [FXGL Background Thread 3 ] DEBUG Engine               - applicationMode: DEVELOPER
06:00:56.852 [FXGL Background Thread 3 ] DEBUG Engine               - cSSList: [fxgl_dark.css]
06:00:56.853 [FXGL Background Thread 3 ] DEBUG Engine               - configClass: Optional.empty
06:00:56.853 [FXGL Background Thread 3 ] DEBUG Engine               - credits: []
06:00:56.853 [FXGL Background Thread 3 ] DEBUG Engine               - devBBoxColorProperty: ObjectProperty [value: 0xff0000ff]
06:00:56.853 [FXGL Background Thread 3 ] DEBUG Engine               - devEnableDebugCameraProperty: BooleanProperty [value: false]
06:00:56.854 [FXGL Background Thread 3 ] DEBUG Engine               - devSensorColorProperty: ObjectProperty [value: 0xffff00ff]
06:00:56.854 [FXGL Background Thread 3 ] DEBUG Engine               - devShowBBoxProperty: BooleanProperty [value: false]
06:00:56.854 [FXGL Background Thread 3 ] DEBUG Engine               - devShowPositionProperty: BooleanProperty [value: false]
06:00:56.854 [FXGL Background Thread 3 ] DEBUG Engine               - enabledMenuItems: [SAVE_LOAD, EXTRA, ONLINE]
06:00:56.854 [FXGL Background Thread 3 ] DEBUG Engine               - engineServices: [class com.almasb.fxgl.app.FXGLApplication$GameApplicationService, class com.almasb.fxgl.app.services.FXGLDialogService, class com.almasb.fxgl.app.services.IOTaskExecutorService, class com.almasb.fxgl.event.EventBusService, class com.almasb.fxgl.io.FileSystemService, class com.almasb.fxgl.localization.LocalizationService, class com.almasb.fxgl.app.services.FXGLAssetLoaderService, class com.almasb.fxgl.app.services.SystemBundleService, class com.almasb.fxgl.profile.SaveLoadService, class com.almasb.fxgl.ui.FXGLUIFactoryServiceProvider, class com.almasb.fxgl.ui.FXGLDialogFactoryServiceProvider, class com.almasb.fxgl.audio.AudioPlayer, class com.almasb.fxgl.notification.impl.NotificationServiceProvider, class com.almasb.fxgl.achievement.AchievementService, class com.almasb.fxgl.cutscene.CutsceneService, class com.almasb.fxgl.minigames.MiniGameService, class com.almasb.fxgl.net.NetService, class com.almasb.fxgl.app.services.UpdaterService, class com.almasb.fxgl.dev.DevService]
06:00:56.854 [FXGL Background Thread 3 ] DEBUG Engine               - fontGame: Abel-Regular.ttf
06:00:56.854 [FXGL Background Thread 3 ] DEBUG Engine               - fontMono: lucida_console.ttf
06:00:56.854 [FXGL Background Thread 3 ] DEBUG Engine               - fontText: Courier-Prime.ttf
06:00:56.854 [FXGL Background Thread 3 ] DEBUG Engine               - fontUI: VarelaRound-Regular.ttf
06:00:56.857 [FXGL Background Thread 3 ] DEBUG Engine               - fullScreen: BooleanProperty [value: false]
06:00:56.859 [FXGL Background Thread 3 ] DEBUG Engine               - gameDifficulty: MEDIUM
06:00:56.859 [FXGL Background Thread 3 ] DEBUG Engine               - gameDifficultyProperty: ObjectProperty [value: MEDIUM]
06:00:56.859 [FXGL Background Thread 3 ] DEBUG Engine               - globalMusicVolume: 0.5
06:00:56.859 [FXGL Background Thread 3 ] DEBUG Engine               - globalMusicVolumeProperty: DoubleProperty [value: 0.5]
06:00:56.859 [FXGL Background Thread 3 ] DEBUG Engine               - globalSoundVolume: 0.5
06:00:56.859 [FXGL Background Thread 3 ] DEBUG Engine               - globalSoundVolumeProperty: DoubleProperty [value: 0.5]
06:00:56.859 [FXGL Background Thread 3 ] DEBUG Engine               - height: 1125
06:00:56.860 [FXGL Background Thread 3 ] DEBUG Engine               - isAndroid: false
06:00:56.860 [FXGL Background Thread 3 ] DEBUG Engine               - isBrowser: false
06:00:56.860 [FXGL Background Thread 3 ] DEBUG Engine               - isClickFeedbackEnabled: false
06:00:56.860 [FXGL Background Thread 3 ] DEBUG Engine               - isCloseConfirmation: false
06:00:56.861 [FXGL Background Thread 3 ] DEBUG Engine               - isDesktop: true
06:00:56.861 [FXGL Background Thread 3 ] DEBUG Engine               - isDeveloperMenuEnabled: true
06:00:56.861 [FXGL Background Thread 3 ] DEBUG Engine               - isEntityPreloadEnabled: true
06:00:56.861 [FXGL Background Thread 3 ] DEBUG Engine               - isExperimentalNative: false
06:00:56.861 [FXGL Background Thread 3 ] DEBUG Engine               - isExperimentalTiledLargeMap: false
06:00:56.861 [FXGL Background Thread 3 ] DEBUG Engine               - isFileSystemWriteAllowed: true
06:00:56.861 [FXGL Background Thread 3 ] DEBUG Engine               - isFullScreenAllowed: false
06:00:56.861 [FXGL Background Thread 3 ] DEBUG Engine               - isFullScreenFromStart: false
06:00:56.862 [FXGL Background Thread 3 ] DEBUG Engine               - isGameMenuEnabled: true
06:00:56.862 [FXGL Background Thread 3 ] DEBUG Engine               - isIOS: false
06:00:56.864 [FXGL Background Thread 3 ] DEBUG Engine               - isIntroEnabled: false
06:00:56.864 [FXGL Background Thread 3 ] DEBUG Engine               - isLinux: false
06:00:56.864 [FXGL Background Thread 3 ] DEBUG Engine               - isMac: false
06:00:56.864 [FXGL Background Thread 3 ] DEBUG Engine               - isMainMenuEnabled: true
06:00:56.864 [FXGL Background Thread 3 ] DEBUG Engine               - isManualResizeEnabled: true
06:00:56.870 [FXGL Background Thread 3 ] DEBUG Engine               - isMobile: false
06:00:56.870 [FXGL Background Thread 3 ] DEBUG Engine               - isPreserveResizeRatio: true
06:00:56.871 [FXGL Background Thread 3 ] DEBUG Engine               - isProfilingEnabled: false
06:00:56.871 [FXGL Background Thread 3 ] DEBUG Engine               - isSingleStep: false
06:00:56.871 [FXGL Background Thread 3 ] DEBUG Engine               - isUserProfileEnabled: false
06:00:56.871 [FXGL Background Thread 3 ] DEBUG Engine               - isWindows: true
06:00:56.871 [FXGL Background Thread 3 ] DEBUG Engine               - language: ObjectProperty [value: ENGLISH]
06:00:56.871 [FXGL Background Thread 3 ] DEBUG Engine               - menuKey: ESCAPE
06:00:56.871 [FXGL Background Thread 3 ] DEBUG Engine               - notificationViewClass: class com.almasb.fxgl.notification.view.XboxNotificationView
06:00:56.878 [FXGL Background Thread 3 ] DEBUG Engine               - pixelsPerMeter: 50.0
06:00:56.878 [FXGL Background Thread 3 ] DEBUG Engine               - platform: WINDOWS
06:00:56.878 [FXGL Background Thread 3 ] DEBUG Engine               - profileDir: profiles/
06:00:56.878 [FXGL Background Thread 3 ] DEBUG Engine               - profileName: StringProperty [value: DEFAULT]
06:00:56.878 [FXGL Background Thread 3 ] DEBUG Engine               - randomSeed: -1
06:00:56.879 [FXGL Background Thread 3 ] DEBUG Engine               - runtimeInfo: RuntimeInfo(platform=WINDOWS, version=dev-SNAPSHOT, build=08.09.2020 17.31)
06:00:56.879 [FXGL Background Thread 3 ] DEBUG Engine               - saveFileExt: sav
06:00:56.880 [FXGL Background Thread 3 ] DEBUG Engine               - sceneFactory: it.uniroma1.metodologie.trafficGame.TrafficApp$1@8a33ff1
06:00:56.880 [FXGL Background Thread 3 ] DEBUG Engine               - secondsIn24h: 60
06:00:56.880 [FXGL Background Thread 3 ] DEBUG Engine               - soundMenuBack: menu/back.wav
06:00:56.880 [FXGL Background Thread 3 ] DEBUG Engine               - soundMenuPress: menu/press.wav
06:00:56.880 [FXGL Background Thread 3 ] DEBUG Engine               - soundMenuSelect: menu/select.wav
06:00:56.880 [FXGL Background Thread 3 ] DEBUG Engine               - soundNotification: core/notification.wav
06:00:56.880 [FXGL Background Thread 3 ] DEBUG Engine               - stageStyle: DECORATED
06:00:56.880 [FXGL Background Thread 3 ] DEBUG Engine               - supportedLanguages: [ENGLISH, FRENCH, GERMAN, HUNGARIAN, RUSSIAN]
06:00:56.880 [FXGL Background Thread 3 ] DEBUG Engine               - title: Traffic
06:00:56.880 [FXGL Background Thread 3 ] DEBUG Engine               - urlGithub: https://github.com/AlmasB/FXGL
06:00:56.880 [FXGL Background Thread 3 ] DEBUG Engine               - urlLeaderboard: http://fxgl-top.herokuapp.com/
06:00:56.880 [FXGL Background Thread 3 ] DEBUG Engine               - urlPOM: https://raw.githubusercontent.com/AlmasB/FXGL/master/pom.xml
06:00:56.880 [FXGL Background Thread 3 ] DEBUG Engine               - version: Alpha 1.0
06:00:56.880 [FXGL Background Thread 3 ] DEBUG Engine               - versionCheckDays: 7
06:00:56.880 [FXGL Background Thread 3 ] DEBUG Engine               - width: 2000
06:00:56.880 [FXGL Background Thread 3 ] DEBUG Engine               - Logging services
06:00:56.881 [FXGL Background Thread 3 ] DEBUG Engine               - class com.almasb.fxgl.app.FXGLApplication$GameApplicationService
06:00:56.881 [FXGL Background Thread 3 ] DEBUG Engine               - class com.almasb.fxgl.app.services.FXGLDialogService
06:00:56.881 [FXGL Background Thread 3 ] DEBUG Engine               - class com.almasb.fxgl.app.services.IOTaskExecutorService
06:00:56.881 [FXGL Background Thread 3 ] DEBUG Engine               - class com.almasb.fxgl.event.EventBusService
06:00:56.881 [FXGL Background Thread 3 ] DEBUG Engine               - class com.almasb.fxgl.io.FileSystemService
06:00:56.881 [FXGL Background Thread 3 ] DEBUG Engine               - class com.almasb.fxgl.localization.LocalizationService
06:00:56.881 [FXGL Background Thread 3 ] DEBUG Engine               - class com.almasb.fxgl.app.services.FXGLAssetLoaderService
06:00:56.881 [FXGL Background Thread 3 ] DEBUG Engine               - class com.almasb.fxgl.app.services.SystemBundleService
06:00:56.881 [FXGL Background Thread 3 ] DEBUG Engine               - class com.almasb.fxgl.profile.SaveLoadService
06:00:56.881 [FXGL Background Thread 3 ] DEBUG Engine               - class com.almasb.fxgl.ui.FXGLUIFactoryServiceProvider
06:00:56.881 [FXGL Background Thread 3 ] DEBUG Engine               - class com.almasb.fxgl.ui.FXGLDialogFactoryServiceProvider
06:00:56.881 [FXGL Background Thread 3 ] DEBUG Engine               - class com.almasb.fxgl.audio.AudioPlayer
06:00:56.881 [FXGL Background Thread 3 ] DEBUG Engine               - class com.almasb.fxgl.notification.impl.NotificationServiceProvider
06:00:56.881 [FXGL Background Thread 3 ] DEBUG Engine               - class com.almasb.fxgl.achievement.AchievementService
06:00:56.881 [FXGL Background Thread 3 ] DEBUG Engine               - class com.almasb.fxgl.cutscene.CutsceneService
06:00:56.881 [FXGL Background Thread 3 ] DEBUG Engine               - class com.almasb.fxgl.minigames.MiniGameService
06:00:56.881 [FXGL Background Thread 3 ] DEBUG Engine               - class com.almasb.fxgl.net.NetService
06:00:56.881 [FXGL Background Thread 3 ] DEBUG Engine               - class com.almasb.fxgl.app.services.UpdaterService
06:00:56.881 [FXGL Background Thread 3 ] DEBUG Engine               - class com.almasb.fxgl.dev.DevService
06:02:18.168 [JavaFX Application Thread] DEBUG Input                - Clearing active input actions
06:02:18.173 [JavaFX Application Thread] DEBUG GameApplicationServi - Removing overlay from GameScene and adding to FXGLMainMenuDummyScene
06:02:18.175 [JavaFX Application Thread] DEBUG MainWindow           - GameScene -> FXGLMainMenuDummyScene
06:02:18.175 [JavaFX Application Thread] DEBUG MainWindow           - Push state: TrafficAppMenu
06:02:18.175 [JavaFX Application Thread] DEBUG Input                - Clearing active input actions
06:02:18.176 [JavaFX Application Thread] DEBUG GameApplicationServi - Removing overlay from FXGLMainMenuDummyScene and adding to TrafficAppMenu
06:02:18.176 [JavaFX Application Thread] DEBUG MainWindow           - FXGLMainMenuDummyScene -> TrafficAppMenu
06:02:20.535 [JavaFX Application Thread] DEBUG FXGLApplication      - Exiting FXGL
06:02:20.535 [JavaFX Application Thread] DEBUG LoopRunner           - Stopping loop
06:02:20.535 [JavaFX Application Thread] DEBUG SystemBundleService  - Saving FXGL system data
06:02:20.536 [JavaFX Application Thread] DEBUG FileSystemAccess     - Writing to: C:\Users\Andrea\Desktop\Homework\traffic-mobile\system\fxgl.bundle
06:02:20.538 [JavaFX Application Thread] DEBUG Async                - Shutting down background threads
06:02:20.538 [JavaFX Application Thread] DEBUG MainWindow           - Closing main window
06:02:20.548 [JavaFX Application Thread] DEBUG Logger               - Closing Logger
