06:12:49.457 [main                     ] DEBUG Logger               - Configured Logger
06:12:49.473 [main                     ] DEBUG GameApplication      - Logging settings
Title: Traffic
Version: Alpha 1.0
Width: 2000
Height: 1125
Fullscreen: false
Intro: false
Profiling: false
Single step:false
App Mode: DEVELOPER
Menu Key: ESCAPE
Stage Style: DECORATED
Scene Factory: class it.uniroma1.metodologie.trafficGame.TrafficApp$1

06:12:49.818 [JavaFX Application Thread] DEBUG FXGLApplication      - Initializing FXGL
06:12:49.824 [JavaFX Application Thread] INFO  Engine               - FXGL-dev-SNAPSHOT (08.09.2020 17.31) on WINDOWS (J:13.0.2 FX:14)
06:12:49.825 [JavaFX Application Thread] DEBUG Engine               - JRE Vendor Name: Oracle Corporation
06:12:49.825 [JavaFX Application Thread] DEBUG Engine               - Running on OS: Windows 10 version 10.0
06:12:49.825 [JavaFX Application Thread] DEBUG Engine               - Architecture: amd64
06:12:49.825 [JavaFX Application Thread] INFO  Engine               - Source code and latest versions at: https://github.com/AlmasB/FXGL
06:12:49.826 [JavaFX Application Thread] INFO  Engine               -              Join the FXGL chat at: https://gitter.im/AlmasB/FXGL
06:12:49.905 [JavaFX Application Thread] DEBUG MainWindow           - Creating a JavaFX scene
06:12:49.943 [JavaFX Application Thread] DEBUG MainWindow           - Target settings size: 2000.0 x 1125.0
06:12:49.944 [JavaFX Application Thread] DEBUG MainWindow           - Scaled scene size:    2000.0 x 1125.0
06:12:49.944 [JavaFX Application Thread] DEBUG MainWindow           - Scaled ratio: (1.0, 1.0)
06:12:49.945 [JavaFX Application Thread] DEBUG MainWindow           - Set initial scene to StartupScene
06:12:49.949 [JavaFX Application Thread] DEBUG MainWindow           - Opening main window
06:12:50.022 [JavaFX Application Thread] DEBUG MainWindow           - Window border size: (16.0, 39.0)
06:12:50.022 [JavaFX Application Thread] DEBUG MainWindow           - Scaled size: 2000.0 x 1125.0
06:12:50.022 [JavaFX Application Thread] DEBUG MainWindow           - Scaled ratio: (1.0, 1.0)
06:12:50.023 [JavaFX Application Thread] DEBUG MainWindow           - Scene size: 2000.0 x 1125.0
06:12:50.023 [JavaFX Application Thread] DEBUG MainWindow           - Stage size: 2016.0 x 1164.0
06:12:50.034 [FXGL Background Thread 1 ] DEBUG Engine               - Initializing environment variables
06:12:50.069 [FXGL Background Thread 1 ] DEBUG GameApplicationServi - Applying CSS: fxgl_dark.css
06:12:50.070 [FXGL Background Thread 1 ] DEBUG FXGLAssetLoaderServi - Loading from file system: /assets/ui/css/fxgl_dark.css
06:12:50.112 [FXGL Background Thread 1 ] DEBUG GameApplicationServi - Initializing application scenes
06:12:50.171 [FXGL Background Thread 1 ] DEBUG GameWorld            - Game world initialized
06:12:50.208 [FXGL Background Thread 1 ] DEBUG PhysicsWorld         - Physics world initialized: appHeight=1125, physics.ppm=50,0
06:12:50.209 [FXGL Background Thread 1 ] DEBUG GameScene            - Game scene initialized: 2000x1125
06:12:50.217 [FXGL Background Thread 1 ] DEBUG FXGLAssetLoaderServi - Loading from file system: /assets/textures/bg.jpg
06:12:50.507 [FXGL Background Thread 1 ] DEBUG FXGLAssetLoaderServi - Loading from file system: /assets/textures/logo.png
06:12:50.596 [FXGL Background Thread 1 ] DEBUG FXGLAssetLoaderServi - Loading from file system: /assets/textures/particles/trace_horizontal.png
06:12:50.616 [FXGL Background Thread 1 ] DEBUG FXGL.DefaultMenu     - createMenuBodyGameMenu()
06:12:50.627 [FXGL Background Thread 1 ] DEBUG FXGL.DefaultMenu     - createOptionsMenu()
06:12:50.630 [FXGL Background Thread 1 ] DEBUG FXGL.DefaultMenu     - createExtraMenu()
06:12:50.632 [FXGL Background Thread 1 ] DEBUG FXGLAssetLoaderServi - Loading from file system: /assets/textures/particles/smoke.png
06:12:50.677 [FXGL Background Thread 1 ] DEBUG GameApplicationServi - Application scenes initialized
06:12:50.691 [FXGL Background Thread 1 ] DEBUG SystemBundleService  - Loading FXGL system data
06:12:50.695 [FXGL Background Thread 1 ] DEBUG FileSystemAccess     - Reading from: C:\Users\Andrea\Desktop\Homework\traffic-mobile\system\fxgl.bundle
06:12:50.701 [FXGL Background Thread 1 ] DEBUG SystemBundleService  - Bundle FXGL: {}
06:12:50.701 [FXGL Background Thread 1 ] DEBUG UpdaterService       - Checking for updates
06:12:50.726 [FXGL Background Thread 4 ] DEBUG FXGLApplication      - Loading fonts
06:12:50.726 [FXGL Background Thread 1 ] DEBUG FXGLApplication      - Loading default localization
06:12:50.727 [FXGL Background Thread 1 ] DEBUG FXGLAssetLoaderServi - Loading from file system: /assets/languages/english.lang
06:12:50.727 [FXGL Background Thread 4 ] DEBUG FXGLAssetLoaderServi - Loading from file system: /assets/ui/fonts/VarelaRound-Regular.ttf
06:12:50.742 [FXGL Background Thread 1 ] INFO  FXGLApplication      - FXGL initialization took: 0,708 sec
06:12:50.749 [JavaFX Application Thread] DEBUG Input                - Registered new binding: Change trafficlight status - F
06:12:50.750 [JavaFX Application Thread] DEBUG Input                - Registered new binding: Move Right - D
06:12:50.750 [JavaFX Application Thread] DEBUG Input                - Registered new binding: Move Left - A
06:12:50.750 [JavaFX Application Thread] DEBUG Input                - Registered new binding: Move Up - W
06:12:50.750 [JavaFX Application Thread] DEBUG Input                - Registered new binding: Move Down - S
06:12:50.750 [JavaFX Application Thread] DEBUG Input                - Registered new binding: Spawn Car - Space
06:12:50.751 [JavaFX Application Thread] DEBUG Input                - Registered new binding: Select and change traffic light - LMB
06:12:50.751 [JavaFX Application Thread] DEBUG FXGLAssetLoaderServi - Loading from file system: /assets/textures/fxgl_icon.png
06:12:50.761 [JavaFX Application Thread] DEBUG FXGLAssetLoaderServi - Loading from file system: /assets/ui/cursors/fxgl_default.png
06:12:50.764 [JavaFX Application Thread] DEBUG Input                - Registered new binding: Screenshot - P
06:12:50.764 [JavaFX Application Thread] DEBUG Input                - Registered new binding: Dev Options - 1
06:12:50.764 [JavaFX Application Thread] DEBUG Input                - Registered new binding: Dev Console - 2
06:12:50.764 [JavaFX Application Thread] DEBUG Input                - Registered new binding: System info dump - CTRL+9
06:12:50.765 [JavaFX Application Thread] DEBUG Input                - Registered new binding: Restart - CTRL+R
06:12:50.766 [JavaFX Application Thread] DEBUG Input                - Registered new binding: Toggle Debug Camera - CTRL+C
06:12:50.767 [JavaFX Application Thread] DEBUG LoopRunner           - Starting loop
06:12:50.778 [JavaFX Application Thread] DEBUG Input                - Clearing active input actions
06:12:50.786 [JavaFX Application Thread] DEBUG GameApplicationServi - Removing overlay from StartupScene and adding to FXGLMainMenuDummyScene
06:12:50.788 [JavaFX Application Thread] DEBUG MainWindow           - StartupScene -> FXGLMainMenuDummyScene
06:12:50.788 [JavaFX Application Thread] DEBUG MainWindow           - Push state: TrafficAppMenu
06:12:50.788 [JavaFX Application Thread] DEBUG Input                - Clearing active input actions
06:12:50.808 [JavaFX Application Thread] DEBUG GameApplicationServi - Removing overlay from FXGLMainMenuDummyScene and adding to TrafficAppMenu
06:12:50.808 [JavaFX Application Thread] DEBUG MainWindow           - FXGLMainMenuDummyScene -> TrafficAppMenu
06:12:51.341 [FXGL Background Thread 4 ] DEBUG FXGLAssetLoaderServi - Loading from file system: /assets/ui/fonts/Abel-Regular.ttf
06:12:51.343 [FXGL Background Thread 4 ] DEBUG FXGLAssetLoaderServi - Loading from file system: /assets/ui/fonts/lucida_console.ttf
06:12:51.347 [FXGL Background Thread 4 ] DEBUG FXGLAssetLoaderServi - Loading from file system: /assets/ui/fonts/Courier-Prime.ttf
06:12:51.350 [JavaFX Application Thread] DEBUG FXGLApplication      - Registering font factories with UI factory
06:12:53.723 [FXGL Background Thread 3 ] DEBUG Engine               - Logging environment variables
06:12:53.723 [FXGL Background Thread 3 ] DEBUG Engine               - achievements: []
06:12:53.724 [FXGL Background Thread 3 ] DEBUG Engine               - appIcon: fxgl_icon.png
06:12:53.724 [FXGL Background Thread 3 ] DEBUG Engine               - applicationMode: DEVELOPER
06:12:53.725 [FXGL Background Thread 3 ] DEBUG Engine               - cSSList: [fxgl_dark.css]
06:12:53.725 [FXGL Background Thread 3 ] DEBUG Engine               - configClass: Optional.empty
06:12:53.725 [FXGL Background Thread 3 ] DEBUG Engine               - credits: []
06:12:53.726 [FXGL Background Thread 3 ] DEBUG Engine               - devBBoxColorProperty: ObjectProperty [value: 0xff0000ff]
06:12:53.726 [FXGL Background Thread 3 ] DEBUG Engine               - devEnableDebugCameraProperty: BooleanProperty [value: false]
06:12:53.727 [FXGL Background Thread 3 ] DEBUG Engine               - devSensorColorProperty: ObjectProperty [value: 0xffff00ff]
06:12:53.727 [FXGL Background Thread 3 ] DEBUG Engine               - devShowBBoxProperty: BooleanProperty [value: false]
06:12:53.728 [FXGL Background Thread 3 ] DEBUG Engine               - devShowPositionProperty: BooleanProperty [value: false]
06:12:53.728 [FXGL Background Thread 3 ] DEBUG Engine               - enabledMenuItems: [SAVE_LOAD, EXTRA, ONLINE]
06:12:53.728 [FXGL Background Thread 3 ] DEBUG Engine               - engineServices: [class com.almasb.fxgl.app.FXGLApplication$GameApplicationService, class com.almasb.fxgl.app.services.FXGLDialogService, class com.almasb.fxgl.app.services.IOTaskExecutorService, class com.almasb.fxgl.event.EventBusService, class com.almasb.fxgl.io.FileSystemService, class com.almasb.fxgl.localization.LocalizationService, class com.almasb.fxgl.app.services.FXGLAssetLoaderService, class com.almasb.fxgl.app.services.SystemBundleService, class com.almasb.fxgl.profile.SaveLoadService, class com.almasb.fxgl.ui.FXGLUIFactoryServiceProvider, class com.almasb.fxgl.ui.FXGLDialogFactoryServiceProvider, class com.almasb.fxgl.audio.AudioPlayer, class com.almasb.fxgl.notification.impl.NotificationServiceProvider, class com.almasb.fxgl.achievement.AchievementService, class com.almasb.fxgl.cutscene.CutsceneService, class com.almasb.fxgl.minigames.MiniGameService, class com.almasb.fxgl.net.NetService, class com.almasb.fxgl.app.services.UpdaterService, class com.almasb.fxgl.dev.DevService]
06:12:53.728 [FXGL Background Thread 3 ] DEBUG Engine               - fontGame: Abel-Regular.ttf
06:12:53.729 [FXGL Background Thread 3 ] DEBUG Engine               - fontMono: lucida_console.ttf
06:12:53.729 [FXGL Background Thread 3 ] DEBUG Engine               - fontText: Courier-Prime.ttf
06:12:53.730 [FXGL Background Thread 3 ] DEBUG Engine               - fontUI: VarelaRound-Regular.ttf
06:12:53.730 [FXGL Background Thread 3 ] DEBUG Engine               - fullScreen: BooleanProperty [value: false]
06:12:53.730 [FXGL Background Thread 3 ] DEBUG Engine               - gameDifficulty: MEDIUM
06:12:53.731 [FXGL Background Thread 3 ] DEBUG Engine               - gameDifficultyProperty: ObjectProperty [value: MEDIUM]
06:12:53.732 [FXGL Background Thread 3 ] DEBUG Engine               - globalMusicVolume: 0.5
06:12:53.733 [FXGL Background Thread 3 ] DEBUG Engine               - globalMusicVolumeProperty: DoubleProperty [value: 0.5]
06:12:53.733 [FXGL Background Thread 3 ] DEBUG Engine               - globalSoundVolume: 0.5
06:12:53.734 [FXGL Background Thread 3 ] DEBUG Engine               - globalSoundVolumeProperty: DoubleProperty [value: 0.5]
06:12:53.735 [FXGL Background Thread 3 ] DEBUG Engine               - height: 1125
06:12:53.735 [FXGL Background Thread 3 ] DEBUG Engine               - isAndroid: false
06:12:53.736 [FXGL Background Thread 3 ] DEBUG Engine               - isBrowser: false
06:12:53.736 [FXGL Background Thread 3 ] DEBUG Engine               - isClickFeedbackEnabled: false
06:12:53.736 [FXGL Background Thread 3 ] DEBUG Engine               - isCloseConfirmation: false
06:12:53.736 [FXGL Background Thread 3 ] DEBUG Engine               - isDesktop: true
06:12:53.737 [FXGL Background Thread 3 ] DEBUG Engine               - isDeveloperMenuEnabled: true
06:12:53.737 [FXGL Background Thread 3 ] DEBUG Engine               - isEntityPreloadEnabled: true
06:12:53.737 [FXGL Background Thread 3 ] DEBUG Engine               - isExperimentalNative: false
06:12:53.737 [FXGL Background Thread 3 ] DEBUG Engine               - isExperimentalTiledLargeMap: false
06:12:53.737 [FXGL Background Thread 3 ] DEBUG Engine               - isFileSystemWriteAllowed: true
06:12:53.737 [FXGL Background Thread 3 ] DEBUG Engine               - isFullScreenAllowed: false
06:12:53.737 [FXGL Background Thread 3 ] DEBUG Engine               - isFullScreenFromStart: false
06:12:53.737 [FXGL Background Thread 3 ] DEBUG Engine               - isGameMenuEnabled: true
06:12:53.737 [FXGL Background Thread 3 ] DEBUG Engine               - isIOS: false
06:12:53.738 [FXGL Background Thread 3 ] DEBUG Engine               - isIntroEnabled: false
06:12:53.738 [FXGL Background Thread 3 ] DEBUG Engine               - isLinux: false
06:12:53.738 [FXGL Background Thread 3 ] DEBUG Engine               - isMac: false
06:12:53.738 [FXGL Background Thread 3 ] DEBUG Engine               - isMainMenuEnabled: true
06:12:53.738 [FXGL Background Thread 3 ] DEBUG Engine               - isManualResizeEnabled: true
06:12:53.738 [FXGL Background Thread 3 ] DEBUG Engine               - isMobile: false
06:12:53.738 [FXGL Background Thread 3 ] DEBUG Engine               - isPreserveResizeRatio: true
06:12:53.738 [FXGL Background Thread 3 ] DEBUG Engine               - isProfilingEnabled: false
06:12:53.738 [FXGL Background Thread 3 ] DEBUG Engine               - isSingleStep: false
06:12:53.738 [FXGL Background Thread 3 ] DEBUG Engine               - isUserProfileEnabled: false
06:12:53.738 [FXGL Background Thread 3 ] DEBUG Engine               - isWindows: true
06:12:53.739 [FXGL Background Thread 3 ] DEBUG Engine               - language: ObjectProperty [value: ENGLISH]
06:12:53.739 [FXGL Background Thread 3 ] DEBUG Engine               - menuKey: ESCAPE
06:12:53.739 [FXGL Background Thread 3 ] DEBUG Engine               - notificationViewClass: class com.almasb.fxgl.notification.view.XboxNotificationView
06:12:53.739 [FXGL Background Thread 3 ] DEBUG Engine               - pixelsPerMeter: 50.0
06:12:53.739 [FXGL Background Thread 3 ] DEBUG Engine               - platform: WINDOWS
06:12:53.739 [FXGL Background Thread 3 ] DEBUG Engine               - profileDir: profiles/
06:12:53.739 [FXGL Background Thread 3 ] DEBUG Engine               - profileName: StringProperty [value: DEFAULT]
06:12:53.739 [FXGL Background Thread 3 ] DEBUG Engine               - randomSeed: -1
06:12:53.740 [FXGL Background Thread 3 ] DEBUG Engine               - runtimeInfo: RuntimeInfo(platform=WINDOWS, version=dev-SNAPSHOT, build=08.09.2020 17.31)
06:12:53.740 [FXGL Background Thread 3 ] DEBUG Engine               - saveFileExt: sav
06:12:53.740 [FXGL Background Thread 3 ] DEBUG Engine               - sceneFactory: it.uniroma1.metodologie.trafficGame.TrafficApp$1@695f63ea
06:12:53.740 [FXGL Background Thread 3 ] DEBUG Engine               - secondsIn24h: 60
06:12:53.740 [FXGL Background Thread 3 ] DEBUG Engine               - soundMenuBack: menu/back.wav
06:12:53.740 [FXGL Background Thread 3 ] DEBUG Engine               - soundMenuPress: menu/press.wav
06:12:53.740 [FXGL Background Thread 3 ] DEBUG Engine               - soundMenuSelect: menu/select.wav
06:12:53.740 [FXGL Background Thread 3 ] DEBUG Engine               - soundNotification: core/notification.wav
06:12:53.740 [FXGL Background Thread 3 ] DEBUG Engine               - stageStyle: DECORATED
06:12:53.740 [FXGL Background Thread 3 ] DEBUG Engine               - supportedLanguages: [ENGLISH, FRENCH, GERMAN, HUNGARIAN, RUSSIAN]
06:12:53.741 [FXGL Background Thread 3 ] DEBUG Engine               - title: Traffic
06:12:53.741 [FXGL Background Thread 3 ] DEBUG Engine               - urlGithub: https://github.com/AlmasB/FXGL
06:12:53.741 [FXGL Background Thread 3 ] DEBUG Engine               - urlLeaderboard: http://fxgl-top.herokuapp.com/
06:12:53.741 [FXGL Background Thread 3 ] DEBUG Engine               - urlPOM: https://raw.githubusercontent.com/AlmasB/FXGL/master/pom.xml
06:12:53.741 [FXGL Background Thread 3 ] DEBUG Engine               - version: Alpha 1.0
06:12:53.741 [FXGL Background Thread 3 ] DEBUG Engine               - versionCheckDays: 7
06:12:53.741 [FXGL Background Thread 3 ] DEBUG Engine               - width: 2000
06:12:53.741 [FXGL Background Thread 3 ] DEBUG Engine               - Logging services
06:12:53.741 [FXGL Background Thread 3 ] DEBUG Engine               - class com.almasb.fxgl.app.FXGLApplication$GameApplicationService
06:12:53.741 [FXGL Background Thread 3 ] DEBUG Engine               - class com.almasb.fxgl.app.services.FXGLDialogService
06:12:53.741 [FXGL Background Thread 3 ] DEBUG Engine               - class com.almasb.fxgl.app.services.IOTaskExecutorService
06:12:53.742 [FXGL Background Thread 3 ] DEBUG Engine               - class com.almasb.fxgl.event.EventBusService
06:12:53.742 [FXGL Background Thread 3 ] DEBUG Engine               - class com.almasb.fxgl.io.FileSystemService
06:12:53.742 [FXGL Background Thread 3 ] DEBUG Engine               - class com.almasb.fxgl.localization.LocalizationService
06:12:53.742 [FXGL Background Thread 3 ] DEBUG Engine               - class com.almasb.fxgl.app.services.FXGLAssetLoaderService
06:12:53.742 [FXGL Background Thread 3 ] DEBUG Engine               - class com.almasb.fxgl.app.services.SystemBundleService
06:12:53.742 [FXGL Background Thread 3 ] DEBUG Engine               - class com.almasb.fxgl.profile.SaveLoadService
06:12:53.742 [FXGL Background Thread 3 ] DEBUG Engine               - class com.almasb.fxgl.ui.FXGLUIFactoryServiceProvider
06:12:53.742 [FXGL Background Thread 3 ] DEBUG Engine               - class com.almasb.fxgl.ui.FXGLDialogFactoryServiceProvider
06:12:53.742 [FXGL Background Thread 3 ] DEBUG Engine               - class com.almasb.fxgl.audio.AudioPlayer
06:12:53.742 [FXGL Background Thread 3 ] DEBUG Engine               - class com.almasb.fxgl.notification.impl.NotificationServiceProvider
06:12:53.742 [FXGL Background Thread 3 ] DEBUG Engine               - class com.almasb.fxgl.achievement.AchievementService
06:12:53.742 [FXGL Background Thread 3 ] DEBUG Engine               - class com.almasb.fxgl.cutscene.CutsceneService
06:12:53.743 [FXGL Background Thread 3 ] DEBUG Engine               - class com.almasb.fxgl.minigames.MiniGameService
06:12:53.743 [FXGL Background Thread 3 ] DEBUG Engine               - class com.almasb.fxgl.net.NetService
06:12:53.743 [FXGL Background Thread 3 ] DEBUG Engine               - class com.almasb.fxgl.app.services.UpdaterService
06:12:53.743 [FXGL Background Thread 3 ] DEBUG Engine               - class com.almasb.fxgl.dev.DevService
06:12:54.175 [JavaFX Application Thread] DEBUG Menu                 - fireNewGame()
06:12:54.176 [JavaFX Application Thread] DEBUG GameApplicationServi - Starting new game
06:12:54.176 [JavaFX Application Thread] DEBUG MainWindow           - Pop state: TrafficAppMenu
06:12:54.176 [JavaFX Application Thread] DEBUG Input                - Clearing active input actions
06:12:54.177 [JavaFX Application Thread] DEBUG GameApplicationServi - Removing overlay from TrafficAppMenu and adding to FXGLMainMenuDummyScene
06:12:54.178 [JavaFX Application Thread] DEBUG MainWindow           - FXGLMainMenuDummyScene <- TrafficAppMenu
06:12:54.178 [JavaFX Application Thread] DEBUG Input                - Clearing active input actions
06:12:54.184 [JavaFX Application Thread] DEBUG GameApplicationServi - Removing overlay from FXGLMainMenuDummyScene and adding to FXGLLoadingScene
06:12:54.184 [JavaFX Application Thread] DEBUG MainWindow           - FXGLMainMenuDummyScene -> FXGLLoadingScene
06:12:54.186 [JavaFX Application Thread] DEBUG GameApplicationServi - Clearing previous game
06:12:54.187 [JavaFX Application Thread] DEBUG GameScene            - Clearing game scene
06:12:54.187 [JavaFX Application Thread] DEBUG GameWorld            - Clearing game world
06:12:54.187 [JavaFX Application Thread] DEBUG PhysicsWorld         - Clearing physics world
06:12:54.188 [FXGL Background Thread 2 ] DEBUG FXGLApplication      - Initializing game
06:12:54.205 [FXGL Background Thread 2 ] DEBUG FXGLAssetLoaderServi - Loading from file system: /assets/levels/Mappa_02.tmx
06:12:54.240 [FXGL Background Thread 2 ] WARN  TMXLevelLoader       - TiledMap generated from 1.4.1. Supported version: 1.2.3. Some features may not be parsed fully.
06:12:54.263 [FXGL Background Thread 2 ] DEBUG TMXLevelLoader       - Parsed raw map: TiledMap(width=16, height=9, tilewidth=125, tileheight=125, orientation=orthogonal, layers=[Layer(width=16, height=9, name=Livello tile 1, type=tilelayer, visible=false, x=0, y=0, data=[24, 24, 24, 24, 24, 24, 24, 24, 24, 5, 24, 24, 5, 24, 24, 24, 24, 24, 24, 24, 24, 24, 24, 24, 24, 5, 24, 24, 5, 24, 24, 24, 6, 6, 6, 6, 3, 6, 6, 6, 6, 1, 6, 6, 7, 6, 6, 6, 24, 24, 24, 24, 5, 24, 24, 24, 24, 24, 24, 24, 5, 24, 24, 24, 24, 24, 24, 24, 5, 24, 24, 24, 24, 24, 24, 24, 5, 24, 24, 24, 6, 6, 6, 6, 7, 6, 6, 6, 6, 6, 6, 6, 4, 24, 24, 24, 24, 24, 24, 24, 5, 24, 24, 24, 24, 24, 24, 24, 5, 24, 24, 24, 24, 24, 24, 24, 5, 24, 24, 24, 24, 24, 24, 24, 5, 24, 24, 24, 24, 24, 24, 24, 5, 24, 24, 24, 24, 24, 24, 24, 5, 24, 24, 24], objects=[], opacity=0.0, draworder=), Layer(width=0, height=0, name=Paths, type=objectgroup, visible=false, x=0, y=0, data=[], objects=[com.almasb.fxgl.entity.level.tiled.TiledObject@6f130a46, com.almasb.fxgl.entity.level.tiled.TiledObject@5a865ca0, com.almasb.fxgl.entity.level.tiled.TiledObject@4cc3008e, com.almasb.fxgl.entity.level.tiled.TiledObject@485ea86a, com.almasb.fxgl.entity.level.tiled.TiledObject@3fe8da1d, com.almasb.fxgl.entity.level.tiled.TiledObject@57e3f21c, com.almasb.fxgl.entity.level.tiled.TiledObject@3705f1e, com.almasb.fxgl.entity.level.tiled.TiledObject@3ed0aae2, com.almasb.fxgl.entity.level.tiled.TiledObject@4711a717, com.almasb.fxgl.entity.level.tiled.TiledObject@faadefb, com.almasb.fxgl.entity.level.tiled.TiledObject@e23f8bf, com.almasb.fxgl.entity.level.tiled.TiledObject@351fc423, com.almasb.fxgl.entity.level.tiled.TiledObject@7f7ce488, com.almasb.fxgl.entity.level.tiled.TiledObject@2678a09a, com.almasb.fxgl.entity.level.tiled.TiledObject@378f52ea, com.almasb.fxgl.entity.level.tiled.TiledObject@7cfaa6e4, com.almasb.fxgl.entity.level.tiled.TiledObject@64ba4557, com.almasb.fxgl.entity.level.tiled.TiledObject@7a5552a, com.almasb.fxgl.entity.level.tiled.TiledObject@4a705f36, com.almasb.fxgl.entity.level.tiled.TiledObject@63941d1a, com.almasb.fxgl.entity.level.tiled.TiledObject@55327cc2, com.almasb.fxgl.entity.level.tiled.TiledObject@78937f4b, com.almasb.fxgl.entity.level.tiled.TiledObject@30d20680, com.almasb.fxgl.entity.level.tiled.TiledObject@736db14d, com.almasb.fxgl.entity.level.tiled.TiledObject@357f178e, com.almasb.fxgl.entity.level.tiled.TiledObject@56755f4d], opacity=0.0, draworder=), Layer(width=0, height=0, name=TrafficLights, type=objectgroup, visible=false, x=0, y=0, data=[], objects=[com.almasb.fxgl.entity.level.tiled.TiledObject@7633b505, com.almasb.fxgl.entity.level.tiled.TiledObject@684a9557, com.almasb.fxgl.entity.level.tiled.TiledObject@25443cb7, com.almasb.fxgl.entity.level.tiled.TiledObject@59379065, com.almasb.fxgl.entity.level.tiled.TiledObject@32c79ddb, com.almasb.fxgl.entity.level.tiled.TiledObject@e1b56f9, com.almasb.fxgl.entity.level.tiled.TiledObject@a3e7209, com.almasb.fxgl.entity.level.tiled.TiledObject@6f6f6f93, com.almasb.fxgl.entity.level.tiled.TiledObject@61480ee0, com.almasb.fxgl.entity.level.tiled.TiledObject@353030ae, com.almasb.fxgl.entity.level.tiled.TiledObject@4ce7b23b, com.almasb.fxgl.entity.level.tiled.TiledObject@58e04fc3, com.almasb.fxgl.entity.level.tiled.TiledObject@79fe6531, com.almasb.fxgl.entity.level.tiled.TiledObject@4d7f8fe0, com.almasb.fxgl.entity.level.tiled.TiledObject@3cf88a1e, com.almasb.fxgl.entity.level.tiled.TiledObject@66bc4415, com.almasb.fxgl.entity.level.tiled.TiledObject@6c61621e], opacity=0.0, draworder=), Layer(width=0, height=0, name=Incroci, type=objectgroup, visible=false, x=0, y=0, data=[], objects=[com.almasb.fxgl.entity.level.tiled.TiledObject@5d50f0fd, com.almasb.fxgl.entity.level.tiled.TiledObject@25003933, com.almasb.fxgl.entity.level.tiled.TiledObject@21984d6a, com.almasb.fxgl.entity.level.tiled.TiledObject@460eaad5, com.almasb.fxgl.entity.level.tiled.TiledObject@1c837df1], opacity=0.0, draworder=), Layer(width=0, height=0, name=SpawnPoints, type=objectgroup, visible=false, x=0, y=0, data=[], objects=[com.almasb.fxgl.entity.level.tiled.TiledObject@386e06f3, com.almasb.fxgl.entity.level.tiled.TiledObject@5b7eff89, com.almasb.fxgl.entity.level.tiled.TiledObject@6895ae31, com.almasb.fxgl.entity.level.tiled.TiledObject@6f7e2a27, com.almasb.fxgl.entity.level.tiled.TiledObject@27efe0a5], opacity=0.0, draworder=)], tilesets=[Tileset(firstgid=1, image=../textures/rsz_tiles_sheet.png, name=rsz_tiles_sheet, tilewidth=125, tileheight=125, imagewidth=875, imageheight=750, margin=0, spacing=0, columns=7, tilecount=42, transparentcolor=, tiles=[])], backgroundcolor=, renderorder=right-down, nextobjectid=58, version=1, tiledversion=1.4.1, type=map, infinite=false, hexsidelength=0, staggeraxis=, staggerindex=, properties={}, propertytypes={})
06:12:54.265 [FXGL Background Thread 2 ] DEBUG TMXLevelLoader       - Creating tile layer entities
06:12:54.265 [FXGL Background Thread 2 ] DEBUG TilesetLoader        - Loading view for layer Livello tile 1
06:12:54.269 [FXGL Background Thread 2 ] DEBUG TilesetLoader        - Created buffer with size 2000.0x1125.0
06:12:54.284 [FXGL Background Thread 2 ] DEBUG TilesetLoader        - Writing to buffer: dst=0,0, w=125,h=125, src=250,375
06:12:54.284 [FXGL Background Thread 2 ] DEBUG TilesetLoader        - Writing to buffer: dst=125,0, w=125,h=125, src=250,375
06:12:54.285 [FXGL Background Thread 2 ] DEBUG TilesetLoader        - Writing to buffer: dst=250,0, w=125,h=125, src=250,375
06:12:54.285 [FXGL Background Thread 2 ] DEBUG TilesetLoader        - Writing to buffer: dst=375,0, w=125,h=125, src=250,375
06:12:54.285 [FXGL Background Thread 2 ] DEBUG TilesetLoader        - Writing to buffer: dst=500,0, w=125,h=125, src=250,375
06:12:54.285 [FXGL Background Thread 2 ] DEBUG TilesetLoader        - Writing to buffer: dst=625,0, w=125,h=125, src=250,375
06:12:54.285 [FXGL Background Thread 2 ] DEBUG TilesetLoader        - Writing to buffer: dst=750,0, w=125,h=125, src=250,375
06:12:54.285 [FXGL Background Thread 2 ] DEBUG TilesetLoader        - Writing to buffer: dst=875,0, w=125,h=125, src=250,375
06:12:54.285 [FXGL Background Thread 2 ] DEBUG TilesetLoader        - Writing to buffer: dst=1000,0, w=125,h=125, src=250,375
06:12:54.285 [FXGL Background Thread 2 ] DEBUG TilesetLoader        - Writing to buffer: dst=1125,0, w=125,h=125, src=500,0
06:12:54.285 [FXGL Background Thread 2 ] DEBUG TilesetLoader        - Writing to buffer: dst=1250,0, w=125,h=125, src=250,375
06:12:54.285 [FXGL Background Thread 2 ] DEBUG TilesetLoader        - Writing to buffer: dst=1375,0, w=125,h=125, src=250,375
06:12:54.286 [FXGL Background Thread 2 ] DEBUG TilesetLoader        - Writing to buffer: dst=1500,0, w=125,h=125, src=500,0
06:12:54.286 [FXGL Background Thread 2 ] DEBUG TilesetLoader        - Writing to buffer: dst=1625,0, w=125,h=125, src=250,375
06:12:54.286 [FXGL Background Thread 2 ] DEBUG TilesetLoader        - Writing to buffer: dst=1750,0, w=125,h=125, src=250,375
06:12:54.286 [FXGL Background Thread 2 ] DEBUG TilesetLoader        - Writing to buffer: dst=1875,0, w=125,h=125, src=250,375
06:12:54.286 [FXGL Background Thread 2 ] DEBUG TilesetLoader        - Writing to buffer: dst=0,125, w=125,h=125, src=250,375
06:12:54.286 [FXGL Background Thread 2 ] DEBUG TilesetLoader        - Writing to buffer: dst=125,125, w=125,h=125, src=250,375
06:12:54.286 [FXGL Background Thread 2 ] DEBUG TilesetLoader        - Writing to buffer: dst=250,125, w=125,h=125, src=250,375
06:12:54.286 [FXGL Background Thread 2 ] DEBUG TilesetLoader        - Writing to buffer: dst=375,125, w=125,h=125, src=250,375
06:12:54.286 [FXGL Background Thread 2 ] DEBUG TilesetLoader        - Writing to buffer: dst=500,125, w=125,h=125, src=250,375
06:12:54.286 [FXGL Background Thread 2 ] DEBUG TilesetLoader        - Writing to buffer: dst=625,125, w=125,h=125, src=250,375
06:12:54.286 [FXGL Background Thread 2 ] DEBUG TilesetLoader        - Writing to buffer: dst=750,125, w=125,h=125, src=250,375
06:12:54.286 [FXGL Background Thread 2 ] DEBUG TilesetLoader        - Writing to buffer: dst=875,125, w=125,h=125, src=250,375
06:12:54.287 [FXGL Background Thread 2 ] DEBUG TilesetLoader        - Writing to buffer: dst=1000,125, w=125,h=125, src=250,375
06:12:54.287 [FXGL Background Thread 2 ] DEBUG TilesetLoader        - Writing to buffer: dst=1125,125, w=125,h=125, src=500,0
06:12:54.287 [FXGL Background Thread 2 ] DEBUG TilesetLoader        - Writing to buffer: dst=1250,125, w=125,h=125, src=250,375
06:12:54.287 [FXGL Background Thread 2 ] DEBUG TilesetLoader        - Writing to buffer: dst=1375,125, w=125,h=125, src=250,375
06:12:54.287 [FXGL Background Thread 2 ] DEBUG TilesetLoader        - Writing to buffer: dst=1500,125, w=125,h=125, src=500,0
06:12:54.287 [FXGL Background Thread 2 ] DEBUG TilesetLoader        - Writing to buffer: dst=1625,125, w=125,h=125, src=250,375
06:12:54.287 [FXGL Background Thread 2 ] DEBUG TilesetLoader        - Writing to buffer: dst=1750,125, w=125,h=125, src=250,375
06:12:54.287 [FXGL Background Thread 2 ] DEBUG TilesetLoader        - Writing to buffer: dst=1875,125, w=125,h=125, src=250,375
06:12:54.287 [FXGL Background Thread 2 ] DEBUG TilesetLoader        - Writing to buffer: dst=0,250, w=125,h=125, src=625,0
06:12:54.288 [FXGL Background Thread 2 ] DEBUG TilesetLoader        - Writing to buffer: dst=125,250, w=125,h=125, src=625,0
06:12:54.288 [FXGL Background Thread 2 ] DEBUG TilesetLoader        - Writing to buffer: dst=250,250, w=125,h=125, src=625,0
06:12:54.288 [FXGL Background Thread 2 ] DEBUG TilesetLoader        - Writing to buffer: dst=375,250, w=125,h=125, src=625,0
06:12:54.288 [FXGL Background Thread 2 ] DEBUG TilesetLoader        - Writing to buffer: dst=500,250, w=125,h=125, src=250,0
06:12:54.288 [FXGL Background Thread 2 ] DEBUG TilesetLoader        - Writing to buffer: dst=625,250, w=125,h=125, src=625,0
06:12:54.288 [FXGL Background Thread 2 ] DEBUG TilesetLoader        - Writing to buffer: dst=750,250, w=125,h=125, src=625,0
06:12:54.288 [FXGL Background Thread 2 ] DEBUG TilesetLoader        - Writing to buffer: dst=875,250, w=125,h=125, src=625,0
06:12:54.288 [FXGL Background Thread 2 ] DEBUG TilesetLoader        - Writing to buffer: dst=1000,250, w=125,h=125, src=625,0
06:12:54.288 [FXGL Background Thread 2 ] DEBUG TilesetLoader        - Writing to buffer: dst=1125,250, w=125,h=125, src=0,0
06:12:54.288 [FXGL Background Thread 2 ] DEBUG TilesetLoader        - Writing to buffer: dst=1250,250, w=125,h=125, src=625,0
06:12:54.289 [FXGL Background Thread 2 ] DEBUG TilesetLoader        - Writing to buffer: dst=1375,250, w=125,h=125, src=625,0
06:12:54.289 [FXGL Background Thread 2 ] DEBUG TilesetLoader        - Writing to buffer: dst=1500,250, w=125,h=125, src=750,0
06:12:54.289 [FXGL Background Thread 2 ] DEBUG TilesetLoader        - Writing to buffer: dst=1625,250, w=125,h=125, src=625,0
06:12:54.289 [FXGL Background Thread 2 ] DEBUG TilesetLoader        - Writing to buffer: dst=1750,250, w=125,h=125, src=625,0
06:12:54.289 [FXGL Background Thread 2 ] DEBUG TilesetLoader        - Writing to buffer: dst=1875,250, w=125,h=125, src=625,0
06:12:54.289 [FXGL Background Thread 2 ] DEBUG TilesetLoader        - Writing to buffer: dst=0,375, w=125,h=125, src=250,375
06:12:54.289 [FXGL Background Thread 2 ] DEBUG TilesetLoader        - Writing to buffer: dst=125,375, w=125,h=125, src=250,375
06:12:54.289 [FXGL Background Thread 2 ] DEBUG TilesetLoader        - Writing to buffer: dst=250,375, w=125,h=125, src=250,375
06:12:54.289 [FXGL Background Thread 2 ] DEBUG TilesetLoader        - Writing to buffer: dst=375,375, w=125,h=125, src=250,375
06:12:54.290 [FXGL Background Thread 2 ] DEBUG TilesetLoader        - Writing to buffer: dst=500,375, w=125,h=125, src=500,0
06:12:54.290 [FXGL Background Thread 2 ] DEBUG TilesetLoader        - Writing to buffer: dst=625,375, w=125,h=125, src=250,375
06:12:54.290 [FXGL Background Thread 2 ] DEBUG TilesetLoader        - Writing to buffer: dst=750,375, w=125,h=125, src=250,375
06:12:54.290 [FXGL Background Thread 2 ] DEBUG TilesetLoader        - Writing to buffer: dst=875,375, w=125,h=125, src=250,375
06:12:54.290 [FXGL Background Thread 2 ] DEBUG TilesetLoader        - Writing to buffer: dst=1000,375, w=125,h=125, src=250,375
06:12:54.290 [FXGL Background Thread 2 ] DEBUG TilesetLoader        - Writing to buffer: dst=1125,375, w=125,h=125, src=250,375
06:12:54.290 [FXGL Background Thread 2 ] DEBUG TilesetLoader        - Writing to buffer: dst=1250,375, w=125,h=125, src=250,375
06:12:54.291 [FXGL Background Thread 2 ] DEBUG TilesetLoader        - Writing to buffer: dst=1375,375, w=125,h=125, src=250,375
06:12:54.291 [FXGL Background Thread 2 ] DEBUG TilesetLoader        - Writing to buffer: dst=1500,375, w=125,h=125, src=500,0
06:12:54.291 [FXGL Background Thread 2 ] DEBUG TilesetLoader        - Writing to buffer: dst=1625,375, w=125,h=125, src=250,375
06:12:54.291 [FXGL Background Thread 2 ] DEBUG TilesetLoader        - Writing to buffer: dst=1750,375, w=125,h=125, src=250,375
06:12:54.291 [FXGL Background Thread 2 ] DEBUG TilesetLoader        - Writing to buffer: dst=1875,375, w=125,h=125, src=250,375
06:12:54.291 [FXGL Background Thread 2 ] DEBUG TilesetLoader        - Writing to buffer: dst=0,500, w=125,h=125, src=250,375
06:12:54.291 [FXGL Background Thread 2 ] DEBUG TilesetLoader        - Writing to buffer: dst=125,500, w=125,h=125, src=250,375
06:12:54.292 [FXGL Background Thread 2 ] DEBUG TilesetLoader        - Writing to buffer: dst=250,500, w=125,h=125, src=250,375
06:12:54.292 [FXGL Background Thread 2 ] DEBUG TilesetLoader        - Writing to buffer: dst=375,500, w=125,h=125, src=250,375
06:12:54.292 [FXGL Background Thread 2 ] DEBUG TilesetLoader        - Writing to buffer: dst=500,500, w=125,h=125, src=500,0
06:12:54.292 [FXGL Background Thread 2 ] DEBUG TilesetLoader        - Writing to buffer: dst=625,500, w=125,h=125, src=250,375
06:12:54.292 [FXGL Background Thread 2 ] DEBUG TilesetLoader        - Writing to buffer: dst=750,500, w=125,h=125, src=250,375
06:12:54.292 [FXGL Background Thread 2 ] DEBUG TilesetLoader        - Writing to buffer: dst=875,500, w=125,h=125, src=250,375
06:12:54.292 [FXGL Background Thread 2 ] DEBUG TilesetLoader        - Writing to buffer: dst=1000,500, w=125,h=125, src=250,375
06:12:54.292 [FXGL Background Thread 2 ] DEBUG TilesetLoader        - Writing to buffer: dst=1125,500, w=125,h=125, src=250,375
06:12:54.292 [FXGL Background Thread 2 ] DEBUG TilesetLoader        - Writing to buffer: dst=1250,500, w=125,h=125, src=250,375
06:12:54.292 [FXGL Background Thread 2 ] DEBUG TilesetLoader        - Writing to buffer: dst=1375,500, w=125,h=125, src=250,375
06:12:54.293 [FXGL Background Thread 2 ] DEBUG TilesetLoader        - Writing to buffer: dst=1500,500, w=125,h=125, src=500,0
06:12:54.293 [FXGL Background Thread 2 ] DEBUG TilesetLoader        - Writing to buffer: dst=1625,500, w=125,h=125, src=250,375
06:12:54.293 [FXGL Background Thread 2 ] DEBUG TilesetLoader        - Writing to buffer: dst=1750,500, w=125,h=125, src=250,375
06:12:54.293 [FXGL Background Thread 2 ] DEBUG TilesetLoader        - Writing to buffer: dst=1875,500, w=125,h=125, src=250,375
06:12:54.293 [FXGL Background Thread 2 ] DEBUG TilesetLoader        - Writing to buffer: dst=0,625, w=125,h=125, src=625,0
06:12:54.293 [FXGL Background Thread 2 ] DEBUG TilesetLoader        - Writing to buffer: dst=125,625, w=125,h=125, src=625,0
06:12:54.293 [FXGL Background Thread 2 ] DEBUG TilesetLoader        - Writing to buffer: dst=250,625, w=125,h=125, src=625,0
06:12:54.293 [FXGL Background Thread 2 ] DEBUG TilesetLoader        - Writing to buffer: dst=375,625, w=125,h=125, src=625,0
06:12:54.293 [FXGL Background Thread 2 ] DEBUG TilesetLoader        - Writing to buffer: dst=500,625, w=125,h=125, src=750,0
06:12:54.294 [FXGL Background Thread 2 ] DEBUG TilesetLoader        - Writing to buffer: dst=625,625, w=125,h=125, src=625,0
06:12:54.294 [FXGL Background Thread 2 ] DEBUG TilesetLoader        - Writing to buffer: dst=750,625, w=125,h=125, src=625,0
06:12:54.294 [FXGL Background Thread 2 ] DEBUG TilesetLoader        - Writing to buffer: dst=875,625, w=125,h=125, src=625,0
06:12:54.294 [FXGL Background Thread 2 ] DEBUG TilesetLoader        - Writing to buffer: dst=1000,625, w=125,h=125, src=625,0
06:12:54.294 [FXGL Background Thread 2 ] DEBUG TilesetLoader        - Writing to buffer: dst=1125,625, w=125,h=125, src=625,0
06:12:54.294 [FXGL Background Thread 2 ] DEBUG TilesetLoader        - Writing to buffer: dst=1250,625, w=125,h=125, src=625,0
06:12:54.294 [FXGL Background Thread 2 ] DEBUG TilesetLoader        - Writing to buffer: dst=1375,625, w=125,h=125, src=625,0
06:12:54.294 [FXGL Background Thread 2 ] DEBUG TilesetLoader        - Writing to buffer: dst=1500,625, w=125,h=125, src=375,0
06:12:54.294 [FXGL Background Thread 2 ] DEBUG TilesetLoader        - Writing to buffer: dst=1625,625, w=125,h=125, src=250,375
06:12:54.294 [FXGL Background Thread 2 ] DEBUG TilesetLoader        - Writing to buffer: dst=1750,625, w=125,h=125, src=250,375
06:12:54.294 [FXGL Background Thread 2 ] DEBUG TilesetLoader        - Writing to buffer: dst=1875,625, w=125,h=125, src=250,375
06:12:54.295 [FXGL Background Thread 2 ] DEBUG TilesetLoader        - Writing to buffer: dst=0,750, w=125,h=125, src=250,375
06:12:54.295 [FXGL Background Thread 2 ] DEBUG TilesetLoader        - Writing to buffer: dst=125,750, w=125,h=125, src=250,375
06:12:54.295 [FXGL Background Thread 2 ] DEBUG TilesetLoader        - Writing to buffer: dst=250,750, w=125,h=125, src=250,375
06:12:54.295 [FXGL Background Thread 2 ] DEBUG TilesetLoader        - Writing to buffer: dst=375,750, w=125,h=125, src=250,375
06:12:54.295 [FXGL Background Thread 2 ] DEBUG TilesetLoader        - Writing to buffer: dst=500,750, w=125,h=125, src=500,0
06:12:54.295 [FXGL Background Thread 2 ] DEBUG TilesetLoader        - Writing to buffer: dst=625,750, w=125,h=125, src=250,375
06:12:54.295 [FXGL Background Thread 2 ] DEBUG TilesetLoader        - Writing to buffer: dst=750,750, w=125,h=125, src=250,375
06:12:54.295 [FXGL Background Thread 2 ] DEBUG TilesetLoader        - Writing to buffer: dst=875,750, w=125,h=125, src=250,375
06:12:54.295 [FXGL Background Thread 2 ] DEBUG TilesetLoader        - Writing to buffer: dst=1000,750, w=125,h=125, src=250,375
06:12:54.295 [FXGL Background Thread 2 ] DEBUG TilesetLoader        - Writing to buffer: dst=1125,750, w=125,h=125, src=250,375
06:12:54.295 [FXGL Background Thread 2 ] DEBUG TilesetLoader        - Writing to buffer: dst=1250,750, w=125,h=125, src=250,375
06:12:54.296 [FXGL Background Thread 2 ] DEBUG TilesetLoader        - Writing to buffer: dst=1375,750, w=125,h=125, src=250,375
06:12:54.296 [FXGL Background Thread 2 ] DEBUG TilesetLoader        - Writing to buffer: dst=1500,750, w=125,h=125, src=500,0
06:12:54.296 [FXGL Background Thread 2 ] DEBUG TilesetLoader        - Writing to buffer: dst=1625,750, w=125,h=125, src=250,375
06:12:54.296 [FXGL Background Thread 2 ] DEBUG TilesetLoader        - Writing to buffer: dst=1750,750, w=125,h=125, src=250,375
06:12:54.296 [FXGL Background Thread 2 ] DEBUG TilesetLoader        - Writing to buffer: dst=1875,750, w=125,h=125, src=250,375
06:12:54.296 [FXGL Background Thread 2 ] DEBUG TilesetLoader        - Writing to buffer: dst=0,875, w=125,h=125, src=250,375
06:12:54.296 [FXGL Background Thread 2 ] DEBUG TilesetLoader        - Writing to buffer: dst=125,875, w=125,h=125, src=250,375
06:12:54.296 [FXGL Background Thread 2 ] DEBUG TilesetLoader        - Writing to buffer: dst=250,875, w=125,h=125, src=250,375
06:12:54.296 [FXGL Background Thread 2 ] DEBUG TilesetLoader        - Writing to buffer: dst=375,875, w=125,h=125, src=250,375
06:12:54.296 [FXGL Background Thread 2 ] DEBUG TilesetLoader        - Writing to buffer: dst=500,875, w=125,h=125, src=500,0
06:12:54.296 [FXGL Background Thread 2 ] DEBUG TilesetLoader        - Writing to buffer: dst=625,875, w=125,h=125, src=250,375
06:12:54.296 [FXGL Background Thread 2 ] DEBUG TilesetLoader        - Writing to buffer: dst=750,875, w=125,h=125, src=250,375
06:12:54.296 [FXGL Background Thread 2 ] DEBUG TilesetLoader        - Writing to buffer: dst=875,875, w=125,h=125, src=250,375
06:12:54.297 [FXGL Background Thread 2 ] DEBUG TilesetLoader        - Writing to buffer: dst=1000,875, w=125,h=125, src=250,375
06:12:54.297 [FXGL Background Thread 2 ] DEBUG TilesetLoader        - Writing to buffer: dst=1125,875, w=125,h=125, src=250,375
06:12:54.297 [FXGL Background Thread 2 ] DEBUG TilesetLoader        - Writing to buffer: dst=1250,875, w=125,h=125, src=250,375
06:12:54.297 [FXGL Background Thread 2 ] DEBUG TilesetLoader        - Writing to buffer: dst=1375,875, w=125,h=125, src=250,375
06:12:54.297 [FXGL Background Thread 2 ] DEBUG TilesetLoader        - Writing to buffer: dst=1500,875, w=125,h=125, src=500,0
06:12:54.297 [FXGL Background Thread 2 ] DEBUG TilesetLoader        - Writing to buffer: dst=1625,875, w=125,h=125, src=250,375
06:12:54.297 [FXGL Background Thread 2 ] DEBUG TilesetLoader        - Writing to buffer: dst=1750,875, w=125,h=125, src=250,375
06:12:54.298 [FXGL Background Thread 2 ] DEBUG TilesetLoader        - Writing to buffer: dst=1875,875, w=125,h=125, src=250,375
06:12:54.298 [FXGL Background Thread 2 ] DEBUG TilesetLoader        - Writing to buffer: dst=0,1000, w=125,h=125, src=250,375
06:12:54.298 [FXGL Background Thread 2 ] DEBUG TilesetLoader        - Writing to buffer: dst=125,1000, w=125,h=125, src=250,375
06:12:54.298 [FXGL Background Thread 2 ] DEBUG TilesetLoader        - Writing to buffer: dst=250,1000, w=125,h=125, src=250,375
06:12:54.298 [FXGL Background Thread 2 ] DEBUG TilesetLoader        - Writing to buffer: dst=375,1000, w=125,h=125, src=250,375
06:12:54.298 [FXGL Background Thread 2 ] DEBUG TilesetLoader        - Writing to buffer: dst=500,1000, w=125,h=125, src=500,0
06:12:54.298 [FXGL Background Thread 2 ] DEBUG TilesetLoader        - Writing to buffer: dst=625,1000, w=125,h=125, src=250,375
06:12:54.298 [FXGL Background Thread 2 ] DEBUG TilesetLoader        - Writing to buffer: dst=750,1000, w=125,h=125, src=250,375
06:12:54.298 [FXGL Background Thread 2 ] DEBUG TilesetLoader        - Writing to buffer: dst=875,1000, w=125,h=125, src=250,375
06:12:54.299 [FXGL Background Thread 2 ] DEBUG TilesetLoader        - Writing to buffer: dst=1000,1000, w=125,h=125, src=250,375
06:12:54.299 [FXGL Background Thread 2 ] DEBUG TilesetLoader        - Writing to buffer: dst=1125,1000, w=125,h=125, src=250,375
06:12:54.299 [FXGL Background Thread 2 ] DEBUG TilesetLoader        - Writing to buffer: dst=1250,1000, w=125,h=125, src=250,375
06:12:54.299 [FXGL Background Thread 2 ] DEBUG TilesetLoader        - Writing to buffer: dst=1375,1000, w=125,h=125, src=250,375
06:12:54.299 [FXGL Background Thread 2 ] DEBUG TilesetLoader        - Writing to buffer: dst=1500,1000, w=125,h=125, src=500,0
06:12:54.299 [FXGL Background Thread 2 ] DEBUG TilesetLoader        - Writing to buffer: dst=1625,1000, w=125,h=125, src=250,375
06:12:54.299 [FXGL Background Thread 2 ] DEBUG TilesetLoader        - Writing to buffer: dst=1750,1000, w=125,h=125, src=250,375
06:12:54.299 [FXGL Background Thread 2 ] DEBUG TilesetLoader        - Writing to buffer: dst=1875,1000, w=125,h=125, src=250,375
06:12:54.299 [FXGL Background Thread 2 ] DEBUG TMXLevelLoader       - Creating object layer entities
06:12:54.504 [FXGL Background Thread 2 ] DEBUG FXGLAssetLoaderServi - Loading from file system: /assets/textures/semaforoRosso-02.png
06:12:54.507 [FXGL Background Thread 2 ] DEBUG FXGLAssetLoaderServi - Loading from file system: /assets/textures/semaforoVerde-02.png
06:12:54.514 [FXGL Background Thread 2 ] DEBUG FXGLAssetLoaderServi - Loading from file system: /assets/textures/semaforoRosso-04.png
06:12:54.516 [FXGL Background Thread 2 ] DEBUG FXGLAssetLoaderServi - Loading from file system: /assets/textures/semaforoVerde-04.png
06:12:54.518 [FXGL Background Thread 2 ] DEBUG FXGLAssetLoaderServi - Loading from file system: /assets/textures/semaforoRosso-03.png
06:12:54.519 [FXGL Background Thread 2 ] DEBUG FXGLAssetLoaderServi - Loading from file system: /assets/textures/semaforoVerde-03.png
06:12:54.521 [FXGL Background Thread 2 ] DEBUG FXGLAssetLoaderServi - Loading from file system: /assets/textures/semaforoRosso-01.png
06:12:54.522 [FXGL Background Thread 2 ] DEBUG FXGLAssetLoaderServi - Loading from file system: /assets/textures/semaforoVerde-01.png
06:12:54.523 [FXGL Background Thread 2 ] DEBUG FXGLAssetLoaderServi - Loading from cache: /assets/textures/semaforoRosso-02.png
06:12:54.523 [FXGL Background Thread 2 ] DEBUG FXGLAssetLoaderServi - Loading from cache: /assets/textures/semaforoVerde-02.png
06:12:54.524 [FXGL Background Thread 2 ] DEBUG FXGLAssetLoaderServi - Loading from cache: /assets/textures/semaforoRosso-04.png
06:12:54.524 [FXGL Background Thread 2 ] DEBUG FXGLAssetLoaderServi - Loading from cache: /assets/textures/semaforoVerde-04.png
06:12:54.525 [FXGL Background Thread 2 ] DEBUG FXGLAssetLoaderServi - Loading from cache: /assets/textures/semaforoRosso-01.png
06:12:54.525 [FXGL Background Thread 2 ] DEBUG FXGLAssetLoaderServi - Loading from cache: /assets/textures/semaforoVerde-01.png
06:12:54.525 [FXGL Background Thread 2 ] DEBUG FXGLAssetLoaderServi - Loading from cache: /assets/textures/semaforoRosso-02.png
06:12:54.525 [FXGL Background Thread 2 ] DEBUG FXGLAssetLoaderServi - Loading from cache: /assets/textures/semaforoVerde-02.png
06:12:54.526 [FXGL Background Thread 2 ] DEBUG FXGLAssetLoaderServi - Loading from cache: /assets/textures/semaforoRosso-03.png
06:12:54.526 [FXGL Background Thread 2 ] DEBUG FXGLAssetLoaderServi - Loading from cache: /assets/textures/semaforoVerde-03.png
06:12:54.527 [FXGL Background Thread 2 ] DEBUG FXGLAssetLoaderServi - Loading from cache: /assets/textures/semaforoRosso-04.png
06:12:54.527 [FXGL Background Thread 2 ] DEBUG FXGLAssetLoaderServi - Loading from cache: /assets/textures/semaforoVerde-04.png
06:12:54.527 [FXGL Background Thread 2 ] DEBUG FXGLAssetLoaderServi - Loading from cache: /assets/textures/semaforoRosso-03.png
06:12:54.527 [FXGL Background Thread 2 ] DEBUG FXGLAssetLoaderServi - Loading from cache: /assets/textures/semaforoVerde-03.png
06:12:54.528 [FXGL Background Thread 2 ] DEBUG FXGLAssetLoaderServi - Loading from cache: /assets/textures/semaforoRosso-04.png
06:12:54.528 [FXGL Background Thread 2 ] DEBUG FXGLAssetLoaderServi - Loading from cache: /assets/textures/semaforoVerde-04.png
06:12:54.529 [FXGL Background Thread 2 ] DEBUG FXGLAssetLoaderServi - Loading from cache: /assets/textures/semaforoRosso-01.png
06:12:54.529 [FXGL Background Thread 2 ] DEBUG FXGLAssetLoaderServi - Loading from cache: /assets/textures/semaforoVerde-01.png
06:12:54.529 [FXGL Background Thread 2 ] DEBUG FXGLAssetLoaderServi - Loading from cache: /assets/textures/semaforoRosso-01.png
06:12:54.529 [FXGL Background Thread 2 ] DEBUG FXGLAssetLoaderServi - Loading from cache: /assets/textures/semaforoVerde-01.png
06:12:54.530 [FXGL Background Thread 2 ] DEBUG FXGLAssetLoaderServi - Loading from cache: /assets/textures/semaforoRosso-02.png
06:12:54.530 [FXGL Background Thread 2 ] DEBUG FXGLAssetLoaderServi - Loading from cache: /assets/textures/semaforoVerde-02.png
06:12:54.530 [FXGL Background Thread 2 ] DEBUG FXGLAssetLoaderServi - Loading from cache: /assets/textures/semaforoRosso-03.png
06:12:54.530 [FXGL Background Thread 2 ] DEBUG FXGLAssetLoaderServi - Loading from cache: /assets/textures/semaforoVerde-03.png
06:12:54.531 [FXGL Background Thread 2 ] DEBUG FXGLAssetLoaderServi - Loading from cache: /assets/textures/semaforoRosso-04.png
06:12:54.531 [FXGL Background Thread 2 ] DEBUG FXGLAssetLoaderServi - Loading from cache: /assets/textures/semaforoVerde-04.png
06:12:54.537 [FXGL Background Thread 2 ] DEBUG GameWorld            - Clearing removable entities
06:12:54.538 [FXGL Background Thread 2 ] DEBUG GameWorld            - Setting level: com.almasb.fxgl.entity.level.Level@6cae3806
06:12:54.542 [FXGL Background Thread 2 ] DEBUG FXGLAssetLoaderServi - Loading from file system: /assets/textures/pointer-sprite.png
06:12:54.562 [FXGL Background Thread 2 ] INFO  FXGLApplication      - Game initialization took: 0,373 sec
06:12:54.562 [JavaFX Application Thread] DEBUG Input                - Clearing active input actions
06:12:54.568 [JavaFX Application Thread] DEBUG GameApplicationServi - Removing overlay from FXGLLoadingScene and adding to GameScene
06:12:54.573 [JavaFX Application Thread] DEBUG MainWindow           - FXGLLoadingScene -> GameScene
06:12:55.243 [JavaFX Application Thread] DEBUG LoopRunner           - Stopping loop
06:12:55.244 [JavaFX Application Thread] FATAL FXGLApplication      - Uncaught Exception:
java.lang.IllegalArgumentException: No enum constant it.uniroma1.metodologie.trafficGame.Directions.
	at java.base/java.lang.Enum.valueOf(Enum.java:266)
	at trafficGame.main/it.uniroma1.metodologie.trafficGame.Directions.valueOf(Directions.java:1)
	at trafficGame.main/it.uniroma1.metodologie.trafficGame.TrafficApp.lambda$15(TrafficApp.java:514)
	at java.base/java.util.Comparator.lambda$comparing$77a9974f$1(Comparator.java:469)
	at java.base/java.util.TimSort.countRunAndMakeAscending(TimSort.java:355)
	at java.base/java.util.TimSort.sort(TimSort.java:220)
	at java.base/java.util.Arrays.sort(Arrays.java:1516)
	at java.base/java.util.ArrayList.sort(ArrayList.java:1717)
	at java.base/java.util.stream.SortedOps$RefSortingSink.end(SortedOps.java:392)
	at java.base/java.util.stream.Sink$ChainedReference.end(Sink.java:258)
	at java.base/java.util.stream.Sink$ChainedReference.end(Sink.java:258)
	at java.base/java.util.stream.AbstractPipeline.copyInto(AbstractPipeline.java:485)
	at java.base/java.util.stream.AbstractPipeline.wrapAndCopyInto(AbstractPipeline.java:474)
	at java.base/java.util.stream.ReduceOps$ReduceOp.evaluateSequential(ReduceOps.java:913)
	at java.base/java.util.stream.AbstractPipeline.evaluate(AbstractPipeline.java:234)
	at java.base/java.util.stream.ReferencePipeline.collect(ReferencePipeline.java:578)
	at trafficGame.main/it.uniroma1.metodologie.trafficGame.TrafficApp.nextPathFinder(TrafficApp.java:514)
	at trafficGame.main/it.uniroma1.metodologie.trafficGame.TrafficApp.pathChooser(TrafficApp.java:505)
	at trafficGame.main/it.uniroma1.metodologie.trafficGame.TrafficFactory.build(TrafficFactory.java:70)
	at trafficGame.main/it.uniroma1.metodologie.trafficGame.TrafficFactory.getVehicle(TrafficFactory.java:108)
	at java.base/jdk.internal.reflect.NativeMethodAccessorImpl.invoke0(Native Method)
	at java.base/jdk.internal.reflect.NativeMethodAccessorImpl.invoke(NativeMethodAccessorImpl.java:62)
	at java.base/jdk.internal.reflect.DelegatingMethodAccessorImpl.invoke(DelegatingMethodAccessorImpl.java:43)
	at java.base/java.lang.reflect.Method.invoke(Method.java:567)
	at com.almasb.fxgl.core/com.almasb.fxgl.core.reflect.ReflectionUtils.call(ReflectionUtils.java:104)
	at com.almasb.fxgl.core/com.almasb.fxgl.core.reflect.ReflectionUtils.lambda$mapToFunction$3(ReflectionUtils.java:111)
	at com.almasb.fxgl.entity/com.almasb.fxgl.entity.GameWorld$create$2.invoke(GameWorld.kt:402)
	at com.almasb.fxgl.entity/com.almasb.fxgl.entity.GameWorld$create$2.invoke(GameWorld.kt:35)
	at com.almasb.fxgl.core/com.almasb.fxgl.core.util.DSLKt.tryCatchRoot(DSL.kt:34)
	at com.almasb.fxgl.entity/com.almasb.fxgl.entity.GameWorld.create(GameWorld.kt:402)
	at com.almasb.fxgl.entity/com.almasb.fxgl.entity.GameWorld.spawn(GameWorld.kt:375)
	at trafficGame.main/it.uniroma1.metodologie.trafficGame.components.SpawnPointComponent.spawnCar(SpawnPointComponent.java:78)
	at trafficGame.main/it.uniroma1.metodologie.trafficGame.components.SpawnPointComponent.onUpdate(SpawnPointComponent.java:56)
	at com.almasb.fxgl.entity/com.almasb.fxgl.entity.Entity$ComponentMap.update(Entity.java:56)
	at com.almasb.fxgl.entity/com.almasb.fxgl.entity.Entity.update(Entity.java:204)
	at com.almasb.fxgl.entity/com.almasb.fxgl.entity.GameWorld.onUpdate(GameWorld.kt:156)
	at com.almasb.fxgl.all/com.almasb.fxgl.app.scene.GameScene.step(GameScene.kt:114)
	at com.almasb.fxgl.all/com.almasb.fxgl.app.scene.GameScene.onUpdate(GameScene.kt:110)
	at com.almasb.fxgl.scene/com.almasb.fxgl.scene.Scene.update(Scene.kt:78)
	at com.almasb.fxgl.all/com.almasb.fxgl.app.MainWindow$update$1.invoke(MainWindow.kt:219)
	at com.almasb.fxgl.all/com.almasb.fxgl.app.MainWindow$update$1.invoke(MainWindow.kt:40)
	at com.almasb.fxgl.core/com.almasb.fxgl.core.fsm.StateMachine.runOnActiveStates(StateMachine.kt:60)
	at com.almasb.fxgl.all/com.almasb.fxgl.app.MainWindow.update(MainWindow.kt:219)
	at com.almasb.fxgl.all/com.almasb.fxgl.app.FXGLApplication$GameApplicationService.onUpdate(FXGLApplication.kt:400)
	at com.almasb.fxgl.all/com.almasb.fxgl.app.Engine.loop(Engine.kt:130)
	at com.almasb.fxgl.all/com.almasb.fxgl.app.Engine.access$loop(Engine.kt:24)
	at com.almasb.fxgl.all/com.almasb.fxgl.app.Engine$loop$1.invoke(Engine.kt:28)
	at com.almasb.fxgl.all/com.almasb.fxgl.app.Engine$loop$1.invoke(Engine.kt:24)
	at com.almasb.fxgl.all/com.almasb.fxgl.app.LoopRunner.frame(LoopRunner.kt:86)
	at com.almasb.fxgl.all/com.almasb.fxgl.app.LoopRunner.access$frame(LoopRunner.kt:17)
	at com.almasb.fxgl.all/com.almasb.fxgl.app.LoopRunner$impl$2$1.handle(LoopRunner.kt:37)
	at javafx.graphics/javafx.animation.AnimationTimer$AnimationTimerReceiver.lambda$handle$0(AnimationTimer.java:57)
	at java.base/java.security.AccessController.doPrivileged(AccessController.java:391)
	at javafx.graphics/javafx.animation.AnimationTimer$AnimationTimerReceiver.handle(AnimationTimer.java:56)
	at javafx.graphics/com.sun.scenario.animation.AbstractMasterTimer.timePulseImpl(AbstractMasterTimer.java:357)
	at javafx.graphics/com.sun.scenario.animation.AbstractMasterTimer$MainLoop.run(AbstractMasterTimer.java:267)
	at javafx.graphics/com.sun.javafx.tk.quantum.QuantumToolkit.pulse(QuantumToolkit.java:559)
	at javafx.graphics/com.sun.javafx.tk.quantum.QuantumToolkit.pulse(QuantumToolkit.java:543)
	at javafx.graphics/com.sun.javafx.tk.quantum.QuantumToolkit.pulseFromQueue(QuantumToolkit.java:536)
	at javafx.graphics/com.sun.javafx.tk.quantum.QuantumToolkit.lambda$runToolkit$11(QuantumToolkit.java:342)
	at javafx.graphics/com.sun.glass.ui.InvokeLaterDispatcher$Future.run(InvokeLaterDispatcher.java:96)
	at javafx.graphics/com.sun.glass.ui.win.WinApplication._runLoop(Native Method)
	at javafx.graphics/com.sun.glass.ui.win.WinApplication.lambda$runLoop$3(WinApplication.java:174)
	at java.base/java.lang.Thread.run(Thread.java:830)

06:12:55.245 [JavaFX Application Thread] FATAL FXGLApplication      - Application will now exit
06:12:55.247 [JavaFX Application Thread] DEBUG MainWindow           - Push state: ErrorSubScene
06:12:55.247 [JavaFX Application Thread] DEBUG Input                - Clearing active input actions
06:12:55.248 [JavaFX Application Thread] DEBUG GameApplicationServi - Removing overlay from GameScene and adding to ErrorSubScene
06:12:55.248 [JavaFX Application Thread] DEBUG MainWindow           - GameScene -> ErrorSubScene
06:12:58.967 [JavaFX Application Thread] DEBUG FXGLApplication      - Exiting FXGL
06:12:58.968 [JavaFX Application Thread] DEBUG Async                - Shutting down background threads
06:12:58.968 [JavaFX Application Thread] DEBUG MainWindow           - Closing main window
06:12:58.982 [JavaFX Application Thread] DEBUG Logger               - Closing Logger
