01:44:59.092 [main                     ] DEBUG Logger               - Configured Logger
01:44:59.107 [main                     ] DEBUG GameApplication      - Logging settings
Title: Traffic
Version: Alpha 1.0
Width: 2000
Height: 1125
Fullscreen: false
Intro: false
Profiling: false
Single step:false
App Mode: DEVELOPER
Menu Key: ESCAPE
Stage Style: DECORATED
Scene Factory: class it.uniroma1.metodologie.trafficGame.TrafficApp$1

01:44:59.438 [JavaFX Application Thread] DEBUG FXGLApplication      - Initializing FXGL
01:44:59.443 [JavaFX Application Thread] INFO  Engine               - FXGL-dev-SNAPSHOT (08.09.2020 17.31) on WINDOWS (J:13.0.2 FX:14)
01:44:59.444 [JavaFX Application Thread] DEBUG Engine               - JRE Vendor Name: Oracle Corporation
01:44:59.444 [JavaFX Application Thread] DEBUG Engine               - Running on OS: Windows 10 version 10.0
01:44:59.444 [JavaFX Application Thread] DEBUG Engine               - Architecture: amd64
01:44:59.444 [JavaFX Application Thread] INFO  Engine               - Source code and latest versions at: https://github.com/AlmasB/FXGL
01:44:59.445 [JavaFX Application Thread] INFO  Engine               -              Join the FXGL chat at: https://gitter.im/AlmasB/FXGL
01:44:59.517 [JavaFX Application Thread] DEBUG MainWindow           - Creating a JavaFX scene
01:44:59.553 [JavaFX Application Thread] DEBUG MainWindow           - Target settings size: 2000.0 x 1125.0
01:44:59.553 [JavaFX Application Thread] DEBUG MainWindow           - Scaled scene size:    2000.0 x 1125.0
01:44:59.554 [JavaFX Application Thread] DEBUG MainWindow           - Scaled ratio: (1.0, 1.0)
01:44:59.554 [JavaFX Application Thread] DEBUG MainWindow           - Set initial scene to StartupScene
01:44:59.558 [JavaFX Application Thread] DEBUG MainWindow           - Opening main window
01:44:59.624 [JavaFX Application Thread] DEBUG MainWindow           - Window border size: (16.0, 39.0)
01:44:59.624 [JavaFX Application Thread] DEBUG MainWindow           - Scaled size: 2000.0 x 1125.0
01:44:59.624 [JavaFX Application Thread] DEBUG MainWindow           - Scaled ratio: (1.0, 1.0)
01:44:59.624 [JavaFX Application Thread] DEBUG MainWindow           - Scene size: 2000.0 x 1125.0
01:44:59.625 [JavaFX Application Thread] DEBUG MainWindow           - Stage size: 2016.0 x 1164.0
01:44:59.648 [FXGL Background Thread 1 ] DEBUG Engine               - Initializing environment variables
01:44:59.678 [FXGL Background Thread 1 ] DEBUG GameApplicationServi - Applying CSS: fxgl_dark.css
01:44:59.679 [FXGL Background Thread 1 ] DEBUG FXGLAssetLoaderServi - Loading from file system: /assets/ui/css/fxgl_dark.css
01:44:59.716 [FXGL Background Thread 1 ] DEBUG GameApplicationServi - Initializing application scenes
01:44:59.772 [FXGL Background Thread 1 ] DEBUG GameWorld            - Game world initialized
01:44:59.810 [FXGL Background Thread 1 ] DEBUG PhysicsWorld         - Physics world initialized: appHeight=1125, physics.ppm=50,0
01:44:59.812 [FXGL Background Thread 1 ] DEBUG GameScene            - Game scene initialized: 2000x1125
01:44:59.820 [FXGL Background Thread 1 ] DEBUG FXGLAssetLoaderServi - Loading from file system: /assets/textures/bg.jpg
01:45:00.105 [FXGL Background Thread 1 ] DEBUG FXGLAssetLoaderServi - Loading from file system: /assets/textures/logo.png
01:45:00.197 [FXGL Background Thread 1 ] DEBUG FXGLAssetLoaderServi - Loading from file system: /assets/textures/particles/trace_horizontal.png
01:45:00.217 [FXGL Background Thread 1 ] DEBUG FXGL.DefaultMenu     - createMenuBodyGameMenu()
01:45:00.227 [FXGL Background Thread 1 ] DEBUG FXGL.DefaultMenu     - createOptionsMenu()
01:45:00.231 [FXGL Background Thread 1 ] DEBUG FXGL.DefaultMenu     - createExtraMenu()
01:45:00.233 [FXGL Background Thread 1 ] DEBUG FXGLAssetLoaderServi - Loading from file system: /assets/textures/particles/smoke.png
01:45:00.271 [FXGL Background Thread 1 ] DEBUG GameApplicationServi - Application scenes initialized
01:45:00.279 [FXGL Background Thread 1 ] DEBUG SystemBundleService  - Loading FXGL system data
01:45:00.282 [FXGL Background Thread 1 ] DEBUG FileSystemAccess     - Reading from: C:\Users\Andrea\Desktop\Homework\traffic-mobile\system\fxgl.bundle
01:45:00.287 [FXGL Background Thread 1 ] DEBUG SystemBundleService  - Bundle FXGL: {}
01:45:00.288 [FXGL Background Thread 1 ] DEBUG UpdaterService       - Checking for updates
01:45:00.311 [FXGL Background Thread 4 ] DEBUG FXGLApplication      - Loading fonts
01:45:00.311 [FXGL Background Thread 1 ] DEBUG FXGLApplication      - Loading default localization
01:45:00.311 [FXGL Background Thread 4 ] DEBUG FXGLAssetLoaderServi - Loading from file system: /assets/ui/fonts/VarelaRound-Regular.ttf
01:45:00.312 [FXGL Background Thread 1 ] DEBUG FXGLAssetLoaderServi - Loading from file system: /assets/languages/english.lang
01:45:00.325 [FXGL Background Thread 1 ] INFO  FXGLApplication      - FXGL initialization took: 0,677 sec
01:45:00.330 [JavaFX Application Thread] DEBUG Input                - Registered new binding: Change trafficlight status - F
01:45:00.331 [JavaFX Application Thread] DEBUG Input                - Registered new binding: Move Right - D
01:45:00.331 [JavaFX Application Thread] DEBUG Input                - Registered new binding: Move Left - A
01:45:00.331 [JavaFX Application Thread] DEBUG Input                - Registered new binding: Move Up - W
01:45:00.331 [JavaFX Application Thread] DEBUG Input                - Registered new binding: Move Down - S
01:45:00.331 [JavaFX Application Thread] DEBUG Input                - Registered new binding: Spawn Car - Space
01:45:00.332 [JavaFX Application Thread] DEBUG Input                - Registered new binding: Select and change traffic light - LMB
01:45:00.332 [JavaFX Application Thread] DEBUG FXGLAssetLoaderServi - Loading from file system: /assets/textures/fxgl_icon.png
01:45:00.342 [JavaFX Application Thread] DEBUG FXGLAssetLoaderServi - Loading from file system: /assets/ui/cursors/fxgl_default.png
01:45:00.343 [JavaFX Application Thread] DEBUG Input                - Registered new binding: Screenshot - P
01:45:00.344 [JavaFX Application Thread] DEBUG Input                - Registered new binding: Dev Options - 1
01:45:00.344 [JavaFX Application Thread] DEBUG Input                - Registered new binding: Dev Console - 2
01:45:00.344 [JavaFX Application Thread] DEBUG Input                - Registered new binding: System info dump - CTRL+9
01:45:00.345 [JavaFX Application Thread] DEBUG Input                - Registered new binding: Restart - CTRL+R
01:45:00.346 [JavaFX Application Thread] DEBUG Input                - Registered new binding: Toggle Debug Camera - CTRL+C
01:45:00.348 [JavaFX Application Thread] DEBUG LoopRunner           - Starting loop
01:45:00.358 [JavaFX Application Thread] DEBUG Input                - Clearing active input actions
01:45:00.364 [JavaFX Application Thread] DEBUG GameApplicationServi - Removing overlay from StartupScene and adding to FXGLMainMenuDummyScene
01:45:00.367 [JavaFX Application Thread] DEBUG MainWindow           - StartupScene -> FXGLMainMenuDummyScene
01:45:00.367 [JavaFX Application Thread] DEBUG MainWindow           - Push state: TrafficAppMenu
01:45:00.367 [JavaFX Application Thread] DEBUG Input                - Clearing active input actions
01:45:00.376 [JavaFX Application Thread] DEBUG GameApplicationServi - Removing overlay from FXGLMainMenuDummyScene and adding to TrafficAppMenu
01:45:00.376 [JavaFX Application Thread] DEBUG MainWindow           - FXGLMainMenuDummyScene -> TrafficAppMenu
01:45:00.893 [FXGL Background Thread 4 ] DEBUG FXGLAssetLoaderServi - Loading from file system: /assets/ui/fonts/Abel-Regular.ttf
01:45:00.895 [FXGL Background Thread 4 ] DEBUG FXGLAssetLoaderServi - Loading from file system: /assets/ui/fonts/lucida_console.ttf
01:45:00.899 [FXGL Background Thread 4 ] DEBUG FXGLAssetLoaderServi - Loading from file system: /assets/ui/fonts/Courier-Prime.ttf
01:45:00.902 [JavaFX Application Thread] DEBUG FXGLApplication      - Registering font factories with UI factory
01:45:00.931 [JavaFX Application Thread] DEBUG Menu                 - fireNewGame()
01:45:00.931 [JavaFX Application Thread] DEBUG GameApplicationServi - Starting new game
01:45:00.931 [JavaFX Application Thread] DEBUG MainWindow           - Pop state: TrafficAppMenu
01:45:00.932 [JavaFX Application Thread] DEBUG Input                - Clearing active input actions
01:45:00.932 [JavaFX Application Thread] DEBUG GameApplicationServi - Removing overlay from TrafficAppMenu and adding to FXGLMainMenuDummyScene
01:45:00.934 [JavaFX Application Thread] DEBUG MainWindow           - FXGLMainMenuDummyScene <- TrafficAppMenu
01:45:00.934 [JavaFX Application Thread] DEBUG Input                - Clearing active input actions
01:45:00.941 [JavaFX Application Thread] DEBUG GameApplicationServi - Removing overlay from FXGLMainMenuDummyScene and adding to FXGLLoadingScene
01:45:00.941 [JavaFX Application Thread] DEBUG MainWindow           - FXGLMainMenuDummyScene -> FXGLLoadingScene
01:45:00.942 [JavaFX Application Thread] DEBUG GameApplicationServi - Clearing previous game
01:45:00.942 [JavaFX Application Thread] DEBUG GameScene            - Clearing game scene
01:45:00.942 [JavaFX Application Thread] DEBUG GameWorld            - Clearing game world
01:45:00.942 [JavaFX Application Thread] DEBUG PhysicsWorld         - Clearing physics world
01:45:00.943 [FXGL Background Thread 4 ] DEBUG FXGLApplication      - Initializing game
01:45:00.948 [FXGL Background Thread 4 ] DEBUG FXGLAssetLoaderServi - Loading from file system: /assets/levels/Mappa-testing.tmx
01:45:00.975 [FXGL Background Thread 4 ] WARN  TMXLevelLoader       - TiledMap generated from 1.4.1. Supported version: 1.2.3. Some features may not be parsed fully.
01:45:00.996 [FXGL Background Thread 4 ] DEBUG TMXLevelLoader       - Parsed raw map: TiledMap(width=16, height=9, tilewidth=125, tileheight=125, orientation=orthogonal, layers=[Layer(width=16, height=9, name=Tile Layer 1, type=tilelayer, visible=false, x=0, y=0, data=[24, 24, 24, 26, 5, 28, 24, 24, 24, 24, 24, 26, 5, 28, 24, 24, 25, 25, 25, 32, 5, 34, 25, 25, 25, 25, 25, 32, 5, 34, 25, 25, 6, 6, 6, 6, 7, 6, 6, 6, 6, 6, 6, 6, 7, 6, 6, 6, 27, 27, 27, 33, 5, 21, 13, 13, 13, 13, 13, 19, 5, 35, 27, 27, 24, 24, 24, 26, 5, 14, 10, 10, 10, 10, 10, 12, 5, 28, 24, 24, 25, 25, 25, 32, 5, 20, 11, 11, 11, 11, 11, 18, 5, 34, 25, 25, 6, 6, 6, 6, 7, 6, 6, 6, 6, 6, 6, 6, 7, 6, 6, 6, 27, 27, 27, 33, 5, 35, 27, 27, 27, 27, 27, 33, 5, 35, 27, 27, 24, 24, 24, 26, 5, 28, 24, 24, 24, 24, 24, 26, 5, 28, 24, 24], objects=[], opacity=0.0, draworder=), Layer(width=0, height=0, name=spawnpoints, type=objectgroup, visible=false, x=0, y=0, data=[], objects=[com.almasb.fxgl.entity.level.tiled.TiledObject@3bd3554, com.almasb.fxgl.entity.level.tiled.TiledObject@2605f976, com.almasb.fxgl.entity.level.tiled.TiledObject@1591aa89, com.almasb.fxgl.entity.level.tiled.TiledObject@26576d4a, com.almasb.fxgl.entity.level.tiled.TiledObject@4c2afb41, com.almasb.fxgl.entity.level.tiled.TiledObject@456d65fb, com.almasb.fxgl.entity.level.tiled.TiledObject@5db04a3d, com.almasb.fxgl.entity.level.tiled.TiledObject@409041fc], opacity=0.0, draworder=), Layer(width=0, height=0, name=paths, type=objectgroup, visible=false, x=0, y=0, data=[], objects=[com.almasb.fxgl.entity.level.tiled.TiledObject@5bfb4a5c, com.almasb.fxgl.entity.level.tiled.TiledObject@7597ae65, com.almasb.fxgl.entity.level.tiled.TiledObject@2aa9f348, com.almasb.fxgl.entity.level.tiled.TiledObject@68f4c840, com.almasb.fxgl.entity.level.tiled.TiledObject@695cd6a8, com.almasb.fxgl.entity.level.tiled.TiledObject@21f0a960, com.almasb.fxgl.entity.level.tiled.TiledObject@44a63da5, com.almasb.fxgl.entity.level.tiled.TiledObject@a5e5bb9, com.almasb.fxgl.entity.level.tiled.TiledObject@5b835cc, com.almasb.fxgl.entity.level.tiled.TiledObject@212737b2, com.almasb.fxgl.entity.level.tiled.TiledObject@54997d26, com.almasb.fxgl.entity.level.tiled.TiledObject@2c62679f, com.almasb.fxgl.entity.level.tiled.TiledObject@6830218a, com.almasb.fxgl.entity.level.tiled.TiledObject@70321199, com.almasb.fxgl.entity.level.tiled.TiledObject@6fdd32f4, com.almasb.fxgl.entity.level.tiled.TiledObject@50bcfe0f, com.almasb.fxgl.entity.level.tiled.TiledObject@3969b9e3, com.almasb.fxgl.entity.level.tiled.TiledObject@59b7c98e, com.almasb.fxgl.entity.level.tiled.TiledObject@5f7b0ade, com.almasb.fxgl.entity.level.tiled.TiledObject@6880cbb8, com.almasb.fxgl.entity.level.tiled.TiledObject@1cd2d1ea, com.almasb.fxgl.entity.level.tiled.TiledObject@7b4e9047, com.almasb.fxgl.entity.level.tiled.TiledObject@7ce4480a, com.almasb.fxgl.entity.level.tiled.TiledObject@12d78125], opacity=0.0, draworder=), Layer(width=0, height=0, name=Incroci, type=objectgroup, visible=false, x=0, y=0, data=[], objects=[com.almasb.fxgl.entity.level.tiled.TiledObject@18005f14, com.almasb.fxgl.entity.level.tiled.TiledObject@17c328fb, com.almasb.fxgl.entity.level.tiled.TiledObject@49b98611, com.almasb.fxgl.entity.level.tiled.TiledObject@67c9f8aa], opacity=0.0, draworder=), Layer(width=0, height=0, name=trafficLight, type=objectgroup, visible=false, x=0, y=0, data=[], objects=[com.almasb.fxgl.entity.level.tiled.TiledObject@7dabe3b8, com.almasb.fxgl.entity.level.tiled.TiledObject@73a19806, com.almasb.fxgl.entity.level.tiled.TiledObject@76ad016d, com.almasb.fxgl.entity.level.tiled.TiledObject@5e09abba, com.almasb.fxgl.entity.level.tiled.TiledObject@7c9d25e0, com.almasb.fxgl.entity.level.tiled.TiledObject@303f3dd, com.almasb.fxgl.entity.level.tiled.TiledObject@1dbb3cb9, com.almasb.fxgl.entity.level.tiled.TiledObject@e7c10cf, com.almasb.fxgl.entity.level.tiled.TiledObject@1bdb96c5, com.almasb.fxgl.entity.level.tiled.TiledObject@75a0378, com.almasb.fxgl.entity.level.tiled.TiledObject@43c0b9de, com.almasb.fxgl.entity.level.tiled.TiledObject@2d542301, com.almasb.fxgl.entity.level.tiled.TiledObject@6a7ef5d0, com.almasb.fxgl.entity.level.tiled.TiledObject@3d687a24, com.almasb.fxgl.entity.level.tiled.TiledObject@7b203a1e, com.almasb.fxgl.entity.level.tiled.TiledObject@77e05250], opacity=0.0, draworder=)], tilesets=[Tileset(firstgid=1, image=../textures/rsz_tiles_sheet.png, name=rsz_tiles_sheet, tilewidth=125, tileheight=125, imagewidth=875, imageheight=750, margin=0, spacing=0, columns=7, tilecount=42, transparentcolor=41ffef, tiles=[])], backgroundcolor=, renderorder=left-up, nextobjectid=66, version=1, tiledversion=1.4.1, type=map, infinite=false, hexsidelength=0, staggeraxis=, staggerindex=, properties={}, propertytypes={})
01:45:00.997 [FXGL Background Thread 4 ] DEBUG TMXLevelLoader       - Creating tile layer entities
01:45:00.998 [FXGL Background Thread 4 ] DEBUG TilesetLoader        - Loading view for layer Tile Layer 1
01:45:01.002 [FXGL Background Thread 4 ] DEBUG TilesetLoader        - Created buffer with size 2000.0x1125.0
01:45:01.161 [FXGL Background Thread 4 ] DEBUG TilesetLoader        - Writing to buffer: dst=0,0, w=125,h=125, src=250,375
01:45:01.161 [FXGL Background Thread 4 ] DEBUG TilesetLoader        - Writing to buffer: dst=125,0, w=125,h=125, src=250,375
01:45:01.161 [FXGL Background Thread 4 ] DEBUG TilesetLoader        - Writing to buffer: dst=250,0, w=125,h=125, src=250,375
01:45:01.161 [FXGL Background Thread 4 ] DEBUG TilesetLoader        - Writing to buffer: dst=375,0, w=125,h=125, src=500,375
01:45:01.162 [FXGL Background Thread 4 ] DEBUG TilesetLoader        - Writing to buffer: dst=500,0, w=125,h=125, src=500,0
01:45:01.162 [FXGL Background Thread 4 ] DEBUG TilesetLoader        - Writing to buffer: dst=625,0, w=125,h=125, src=750,375
01:45:01.162 [FXGL Background Thread 4 ] DEBUG TilesetLoader        - Writing to buffer: dst=750,0, w=125,h=125, src=250,375
01:45:01.162 [FXGL Background Thread 4 ] DEBUG TilesetLoader        - Writing to buffer: dst=875,0, w=125,h=125, src=250,375
01:45:01.162 [FXGL Background Thread 4 ] DEBUG TilesetLoader        - Writing to buffer: dst=1000,0, w=125,h=125, src=250,375
01:45:01.162 [FXGL Background Thread 4 ] DEBUG TilesetLoader        - Writing to buffer: dst=1125,0, w=125,h=125, src=250,375
01:45:01.162 [FXGL Background Thread 4 ] DEBUG TilesetLoader        - Writing to buffer: dst=1250,0, w=125,h=125, src=250,375
01:45:01.163 [FXGL Background Thread 4 ] DEBUG TilesetLoader        - Writing to buffer: dst=1375,0, w=125,h=125, src=500,375
01:45:01.163 [FXGL Background Thread 4 ] DEBUG TilesetLoader        - Writing to buffer: dst=1500,0, w=125,h=125, src=500,0
01:45:01.163 [FXGL Background Thread 4 ] DEBUG TilesetLoader        - Writing to buffer: dst=1625,0, w=125,h=125, src=750,375
01:45:01.163 [FXGL Background Thread 4 ] DEBUG TilesetLoader        - Writing to buffer: dst=1750,0, w=125,h=125, src=250,375
01:45:01.163 [FXGL Background Thread 4 ] DEBUG TilesetLoader        - Writing to buffer: dst=1875,0, w=125,h=125, src=250,375
01:45:01.163 [FXGL Background Thread 4 ] DEBUG TilesetLoader        - Writing to buffer: dst=0,125, w=125,h=125, src=375,375
01:45:01.163 [FXGL Background Thread 4 ] DEBUG TilesetLoader        - Writing to buffer: dst=125,125, w=125,h=125, src=375,375
01:45:01.164 [FXGL Background Thread 4 ] DEBUG TilesetLoader        - Writing to buffer: dst=250,125, w=125,h=125, src=375,375
01:45:01.164 [FXGL Background Thread 4 ] DEBUG TilesetLoader        - Writing to buffer: dst=375,125, w=125,h=125, src=375,500
01:45:01.164 [FXGL Background Thread 4 ] DEBUG TilesetLoader        - Writing to buffer: dst=500,125, w=125,h=125, src=500,0
01:45:01.164 [FXGL Background Thread 4 ] DEBUG TilesetLoader        - Writing to buffer: dst=625,125, w=125,h=125, src=625,500
01:45:01.165 [FXGL Background Thread 4 ] DEBUG TilesetLoader        - Writing to buffer: dst=750,125, w=125,h=125, src=375,375
01:45:01.165 [FXGL Background Thread 4 ] DEBUG TilesetLoader        - Writing to buffer: dst=875,125, w=125,h=125, src=375,375
01:45:01.165 [FXGL Background Thread 4 ] DEBUG TilesetLoader        - Writing to buffer: dst=1000,125, w=125,h=125, src=375,375
01:45:01.165 [FXGL Background Thread 4 ] DEBUG TilesetLoader        - Writing to buffer: dst=1125,125, w=125,h=125, src=375,375
01:45:01.165 [FXGL Background Thread 4 ] DEBUG TilesetLoader        - Writing to buffer: dst=1250,125, w=125,h=125, src=375,375
01:45:01.165 [FXGL Background Thread 4 ] DEBUG TilesetLoader        - Writing to buffer: dst=1375,125, w=125,h=125, src=375,500
01:45:01.166 [FXGL Background Thread 4 ] DEBUG TilesetLoader        - Writing to buffer: dst=1500,125, w=125,h=125, src=500,0
01:45:01.166 [FXGL Background Thread 4 ] DEBUG TilesetLoader        - Writing to buffer: dst=1625,125, w=125,h=125, src=625,500
01:45:01.167 [FXGL Background Thread 4 ] DEBUG TilesetLoader        - Writing to buffer: dst=1750,125, w=125,h=125, src=375,375
01:45:01.167 [FXGL Background Thread 4 ] DEBUG TilesetLoader        - Writing to buffer: dst=1875,125, w=125,h=125, src=375,375
01:45:01.167 [FXGL Background Thread 4 ] DEBUG TilesetLoader        - Writing to buffer: dst=0,250, w=125,h=125, src=625,0
01:45:01.167 [FXGL Background Thread 4 ] DEBUG TilesetLoader        - Writing to buffer: dst=125,250, w=125,h=125, src=625,0
01:45:01.167 [FXGL Background Thread 4 ] DEBUG TilesetLoader        - Writing to buffer: dst=250,250, w=125,h=125, src=625,0
01:45:01.167 [FXGL Background Thread 4 ] DEBUG TilesetLoader        - Writing to buffer: dst=375,250, w=125,h=125, src=625,0
01:45:01.168 [FXGL Background Thread 4 ] DEBUG TilesetLoader        - Writing to buffer: dst=500,250, w=125,h=125, src=750,0
01:45:01.168 [FXGL Background Thread 4 ] DEBUG TilesetLoader        - Writing to buffer: dst=625,250, w=125,h=125, src=625,0
01:45:01.168 [FXGL Background Thread 4 ] DEBUG TilesetLoader        - Writing to buffer: dst=750,250, w=125,h=125, src=625,0
01:45:01.168 [FXGL Background Thread 4 ] DEBUG TilesetLoader        - Writing to buffer: dst=875,250, w=125,h=125, src=625,0
01:45:01.168 [FXGL Background Thread 4 ] DEBUG TilesetLoader        - Writing to buffer: dst=1000,250, w=125,h=125, src=625,0
01:45:01.168 [FXGL Background Thread 4 ] DEBUG TilesetLoader        - Writing to buffer: dst=1125,250, w=125,h=125, src=625,0
01:45:01.169 [FXGL Background Thread 4 ] DEBUG TilesetLoader        - Writing to buffer: dst=1250,250, w=125,h=125, src=625,0
01:45:01.169 [FXGL Background Thread 4 ] DEBUG TilesetLoader        - Writing to buffer: dst=1375,250, w=125,h=125, src=625,0
01:45:01.169 [FXGL Background Thread 4 ] DEBUG TilesetLoader        - Writing to buffer: dst=1500,250, w=125,h=125, src=750,0
01:45:01.169 [FXGL Background Thread 4 ] DEBUG TilesetLoader        - Writing to buffer: dst=1625,250, w=125,h=125, src=625,0
01:45:01.169 [FXGL Background Thread 4 ] DEBUG TilesetLoader        - Writing to buffer: dst=1750,250, w=125,h=125, src=625,0
01:45:01.169 [FXGL Background Thread 4 ] DEBUG TilesetLoader        - Writing to buffer: dst=1875,250, w=125,h=125, src=625,0
01:45:01.169 [FXGL Background Thread 4 ] DEBUG TilesetLoader        - Writing to buffer: dst=0,375, w=125,h=125, src=625,375
01:45:01.169 [FXGL Background Thread 4 ] DEBUG TilesetLoader        - Writing to buffer: dst=125,375, w=125,h=125, src=625,375
01:45:01.169 [FXGL Background Thread 4 ] DEBUG TilesetLoader        - Writing to buffer: dst=250,375, w=125,h=125, src=625,375
01:45:01.170 [FXGL Background Thread 4 ] DEBUG TilesetLoader        - Writing to buffer: dst=375,375, w=125,h=125, src=500,500
01:45:01.170 [FXGL Background Thread 4 ] DEBUG TilesetLoader        - Writing to buffer: dst=500,375, w=125,h=125, src=500,0
01:45:01.170 [FXGL Background Thread 4 ] DEBUG TilesetLoader        - Writing to buffer: dst=625,375, w=125,h=125, src=750,250
01:45:01.170 [FXGL Background Thread 4 ] DEBUG TilesetLoader        - Writing to buffer: dst=750,375, w=125,h=125, src=625,125
01:45:01.170 [FXGL Background Thread 4 ] DEBUG TilesetLoader        - Writing to buffer: dst=875,375, w=125,h=125, src=625,125
01:45:01.170 [FXGL Background Thread 4 ] DEBUG TilesetLoader        - Writing to buffer: dst=1000,375, w=125,h=125, src=625,125
01:45:01.170 [FXGL Background Thread 4 ] DEBUG TilesetLoader        - Writing to buffer: dst=1125,375, w=125,h=125, src=625,125
01:45:01.171 [FXGL Background Thread 4 ] DEBUG TilesetLoader        - Writing to buffer: dst=1250,375, w=125,h=125, src=625,125
01:45:01.171 [FXGL Background Thread 4 ] DEBUG TilesetLoader        - Writing to buffer: dst=1375,375, w=125,h=125, src=500,250
01:45:01.171 [FXGL Background Thread 4 ] DEBUG TilesetLoader        - Writing to buffer: dst=1500,375, w=125,h=125, src=500,0
01:45:01.171 [FXGL Background Thread 4 ] DEBUG TilesetLoader        - Writing to buffer: dst=1625,375, w=125,h=125, src=750,500
01:45:01.172 [FXGL Background Thread 4 ] DEBUG TilesetLoader        - Writing to buffer: dst=1750,375, w=125,h=125, src=625,375
01:45:01.172 [FXGL Background Thread 4 ] DEBUG TilesetLoader        - Writing to buffer: dst=1875,375, w=125,h=125, src=625,375
01:45:01.172 [FXGL Background Thread 4 ] DEBUG TilesetLoader        - Writing to buffer: dst=0,500, w=125,h=125, src=250,375
01:45:01.172 [FXGL Background Thread 4 ] DEBUG TilesetLoader        - Writing to buffer: dst=125,500, w=125,h=125, src=250,375
01:45:01.172 [FXGL Background Thread 4 ] DEBUG TilesetLoader        - Writing to buffer: dst=250,500, w=125,h=125, src=250,375
01:45:01.172 [FXGL Background Thread 4 ] DEBUG TilesetLoader        - Writing to buffer: dst=375,500, w=125,h=125, src=500,375
01:45:01.173 [FXGL Background Thread 4 ] DEBUG TilesetLoader        - Writing to buffer: dst=500,500, w=125,h=125, src=500,0
01:45:01.173 [FXGL Background Thread 4 ] DEBUG TilesetLoader        - Writing to buffer: dst=625,500, w=125,h=125, src=750,125
01:45:01.173 [FXGL Background Thread 4 ] DEBUG TilesetLoader        - Writing to buffer: dst=750,500, w=125,h=125, src=250,125
01:45:01.173 [FXGL Background Thread 4 ] DEBUG TilesetLoader        - Writing to buffer: dst=875,500, w=125,h=125, src=250,125
01:45:01.173 [FXGL Background Thread 4 ] DEBUG TilesetLoader        - Writing to buffer: dst=1000,500, w=125,h=125, src=250,125
01:45:01.173 [FXGL Background Thread 4 ] DEBUG TilesetLoader        - Writing to buffer: dst=1125,500, w=125,h=125, src=250,125
01:45:01.173 [FXGL Background Thread 4 ] DEBUG TilesetLoader        - Writing to buffer: dst=1250,500, w=125,h=125, src=250,125
01:45:01.174 [FXGL Background Thread 4 ] DEBUG TilesetLoader        - Writing to buffer: dst=1375,500, w=125,h=125, src=500,125
01:45:01.174 [FXGL Background Thread 4 ] DEBUG TilesetLoader        - Writing to buffer: dst=1500,500, w=125,h=125, src=500,0
01:45:01.174 [FXGL Background Thread 4 ] DEBUG TilesetLoader        - Writing to buffer: dst=1625,500, w=125,h=125, src=750,375
01:45:01.174 [FXGL Background Thread 4 ] DEBUG TilesetLoader        - Writing to buffer: dst=1750,500, w=125,h=125, src=250,375
01:45:01.174 [FXGL Background Thread 4 ] DEBUG TilesetLoader        - Writing to buffer: dst=1875,500, w=125,h=125, src=250,375
01:45:01.174 [FXGL Background Thread 4 ] DEBUG TilesetLoader        - Writing to buffer: dst=0,625, w=125,h=125, src=375,375
01:45:01.174 [FXGL Background Thread 4 ] DEBUG TilesetLoader        - Writing to buffer: dst=125,625, w=125,h=125, src=375,375
01:45:01.175 [FXGL Background Thread 4 ] DEBUG TilesetLoader        - Writing to buffer: dst=250,625, w=125,h=125, src=375,375
01:45:01.175 [FXGL Background Thread 4 ] DEBUG TilesetLoader        - Writing to buffer: dst=375,625, w=125,h=125, src=375,500
01:45:01.175 [FXGL Background Thread 4 ] DEBUG TilesetLoader        - Writing to buffer: dst=500,625, w=125,h=125, src=500,0
01:45:01.175 [FXGL Background Thread 4 ] DEBUG TilesetLoader        - Writing to buffer: dst=625,625, w=125,h=125, src=625,250
01:45:01.175 [FXGL Background Thread 4 ] DEBUG TilesetLoader        - Writing to buffer: dst=750,625, w=125,h=125, src=375,125
01:45:01.175 [FXGL Background Thread 4 ] DEBUG TilesetLoader        - Writing to buffer: dst=875,625, w=125,h=125, src=375,125
01:45:01.175 [FXGL Background Thread 4 ] DEBUG TilesetLoader        - Writing to buffer: dst=1000,625, w=125,h=125, src=375,125
01:45:01.176 [FXGL Background Thread 4 ] DEBUG TilesetLoader        - Writing to buffer: dst=1125,625, w=125,h=125, src=375,125
01:45:01.176 [FXGL Background Thread 4 ] DEBUG TilesetLoader        - Writing to buffer: dst=1250,625, w=125,h=125, src=375,125
01:45:01.176 [FXGL Background Thread 4 ] DEBUG TilesetLoader        - Writing to buffer: dst=1375,625, w=125,h=125, src=375,250
01:45:01.176 [FXGL Background Thread 4 ] DEBUG TilesetLoader        - Writing to buffer: dst=1500,625, w=125,h=125, src=500,0
01:45:01.176 [FXGL Background Thread 4 ] DEBUG TilesetLoader        - Writing to buffer: dst=1625,625, w=125,h=125, src=625,500
01:45:01.177 [FXGL Background Thread 4 ] DEBUG TilesetLoader        - Writing to buffer: dst=1750,625, w=125,h=125, src=375,375
01:45:01.177 [FXGL Background Thread 4 ] DEBUG TilesetLoader        - Writing to buffer: dst=1875,625, w=125,h=125, src=375,375
01:45:01.177 [FXGL Background Thread 4 ] DEBUG TilesetLoader        - Writing to buffer: dst=0,750, w=125,h=125, src=625,0
01:45:01.177 [FXGL Background Thread 4 ] DEBUG TilesetLoader        - Writing to buffer: dst=125,750, w=125,h=125, src=625,0
01:45:01.177 [FXGL Background Thread 4 ] DEBUG TilesetLoader        - Writing to buffer: dst=250,750, w=125,h=125, src=625,0
01:45:01.177 [FXGL Background Thread 4 ] DEBUG TilesetLoader        - Writing to buffer: dst=375,750, w=125,h=125, src=625,0
01:45:01.177 [FXGL Background Thread 4 ] DEBUG TilesetLoader        - Writing to buffer: dst=500,750, w=125,h=125, src=750,0
01:45:01.177 [FXGL Background Thread 4 ] DEBUG TilesetLoader        - Writing to buffer: dst=625,750, w=125,h=125, src=625,0
01:45:01.177 [FXGL Background Thread 4 ] DEBUG TilesetLoader        - Writing to buffer: dst=750,750, w=125,h=125, src=625,0
01:45:01.178 [FXGL Background Thread 4 ] DEBUG TilesetLoader        - Writing to buffer: dst=875,750, w=125,h=125, src=625,0
01:45:01.178 [FXGL Background Thread 4 ] DEBUG TilesetLoader        - Writing to buffer: dst=1000,750, w=125,h=125, src=625,0
01:45:01.178 [FXGL Background Thread 4 ] DEBUG TilesetLoader        - Writing to buffer: dst=1125,750, w=125,h=125, src=625,0
01:45:01.178 [FXGL Background Thread 4 ] DEBUG TilesetLoader        - Writing to buffer: dst=1250,750, w=125,h=125, src=625,0
01:45:01.178 [FXGL Background Thread 4 ] DEBUG TilesetLoader        - Writing to buffer: dst=1375,750, w=125,h=125, src=625,0
01:45:01.178 [FXGL Background Thread 4 ] DEBUG TilesetLoader        - Writing to buffer: dst=1500,750, w=125,h=125, src=750,0
01:45:01.178 [FXGL Background Thread 4 ] DEBUG TilesetLoader        - Writing to buffer: dst=1625,750, w=125,h=125, src=625,0
01:45:01.178 [FXGL Background Thread 4 ] DEBUG TilesetLoader        - Writing to buffer: dst=1750,750, w=125,h=125, src=625,0
01:45:01.178 [FXGL Background Thread 4 ] DEBUG TilesetLoader        - Writing to buffer: dst=1875,750, w=125,h=125, src=625,0
01:45:01.179 [FXGL Background Thread 4 ] DEBUG TilesetLoader        - Writing to buffer: dst=0,875, w=125,h=125, src=625,375
01:45:01.179 [FXGL Background Thread 4 ] DEBUG TilesetLoader        - Writing to buffer: dst=125,875, w=125,h=125, src=625,375
01:45:01.179 [FXGL Background Thread 4 ] DEBUG TilesetLoader        - Writing to buffer: dst=250,875, w=125,h=125, src=625,375
01:45:01.179 [FXGL Background Thread 4 ] DEBUG TilesetLoader        - Writing to buffer: dst=375,875, w=125,h=125, src=500,500
01:45:01.179 [FXGL Background Thread 4 ] DEBUG TilesetLoader        - Writing to buffer: dst=500,875, w=125,h=125, src=500,0
01:45:01.179 [FXGL Background Thread 4 ] DEBUG TilesetLoader        - Writing to buffer: dst=625,875, w=125,h=125, src=750,500
01:45:01.179 [FXGL Background Thread 4 ] DEBUG TilesetLoader        - Writing to buffer: dst=750,875, w=125,h=125, src=625,375
01:45:01.179 [FXGL Background Thread 4 ] DEBUG TilesetLoader        - Writing to buffer: dst=875,875, w=125,h=125, src=625,375
01:45:01.179 [FXGL Background Thread 4 ] DEBUG TilesetLoader        - Writing to buffer: dst=1000,875, w=125,h=125, src=625,375
01:45:01.179 [FXGL Background Thread 4 ] DEBUG TilesetLoader        - Writing to buffer: dst=1125,875, w=125,h=125, src=625,375
01:45:01.180 [FXGL Background Thread 4 ] DEBUG TilesetLoader        - Writing to buffer: dst=1250,875, w=125,h=125, src=625,375
01:45:01.180 [FXGL Background Thread 4 ] DEBUG TilesetLoader        - Writing to buffer: dst=1375,875, w=125,h=125, src=500,500
01:45:01.180 [FXGL Background Thread 4 ] DEBUG TilesetLoader        - Writing to buffer: dst=1500,875, w=125,h=125, src=500,0
01:45:01.180 [FXGL Background Thread 4 ] DEBUG TilesetLoader        - Writing to buffer: dst=1625,875, w=125,h=125, src=750,500
01:45:01.180 [FXGL Background Thread 4 ] DEBUG TilesetLoader        - Writing to buffer: dst=1750,875, w=125,h=125, src=625,375
01:45:01.180 [FXGL Background Thread 4 ] DEBUG TilesetLoader        - Writing to buffer: dst=1875,875, w=125,h=125, src=625,375
01:45:01.180 [FXGL Background Thread 4 ] DEBUG TilesetLoader        - Writing to buffer: dst=0,1000, w=125,h=125, src=250,375
01:45:01.181 [FXGL Background Thread 4 ] DEBUG TilesetLoader        - Writing to buffer: dst=125,1000, w=125,h=125, src=250,375
01:45:01.181 [FXGL Background Thread 4 ] DEBUG TilesetLoader        - Writing to buffer: dst=250,1000, w=125,h=125, src=250,375
01:45:01.181 [FXGL Background Thread 4 ] DEBUG TilesetLoader        - Writing to buffer: dst=375,1000, w=125,h=125, src=500,375
01:45:01.181 [FXGL Background Thread 4 ] DEBUG TilesetLoader        - Writing to buffer: dst=500,1000, w=125,h=125, src=500,0
01:45:01.181 [FXGL Background Thread 4 ] DEBUG TilesetLoader        - Writing to buffer: dst=625,1000, w=125,h=125, src=750,375
01:45:01.181 [FXGL Background Thread 4 ] DEBUG TilesetLoader        - Writing to buffer: dst=750,1000, w=125,h=125, src=250,375
01:45:01.181 [FXGL Background Thread 4 ] DEBUG TilesetLoader        - Writing to buffer: dst=875,1000, w=125,h=125, src=250,375
01:45:01.181 [FXGL Background Thread 4 ] DEBUG TilesetLoader        - Writing to buffer: dst=1000,1000, w=125,h=125, src=250,375
01:45:01.181 [FXGL Background Thread 4 ] DEBUG TilesetLoader        - Writing to buffer: dst=1125,1000, w=125,h=125, src=250,375
01:45:01.181 [FXGL Background Thread 4 ] DEBUG TilesetLoader        - Writing to buffer: dst=1250,1000, w=125,h=125, src=250,375
01:45:01.182 [FXGL Background Thread 4 ] DEBUG TilesetLoader        - Writing to buffer: dst=1375,1000, w=125,h=125, src=500,375
01:45:01.183 [FXGL Background Thread 4 ] DEBUG TilesetLoader        - Writing to buffer: dst=1500,1000, w=125,h=125, src=500,0
01:45:01.183 [FXGL Background Thread 4 ] DEBUG TilesetLoader        - Writing to buffer: dst=1625,1000, w=125,h=125, src=750,375
01:45:01.183 [FXGL Background Thread 4 ] DEBUG TilesetLoader        - Writing to buffer: dst=1750,1000, w=125,h=125, src=250,375
01:45:01.183 [FXGL Background Thread 4 ] DEBUG TilesetLoader        - Writing to buffer: dst=1875,1000, w=125,h=125, src=250,375
01:45:01.184 [FXGL Background Thread 4 ] DEBUG TMXLevelLoader       - Creating object layer entities
01:45:01.211 [FXGL Background Thread 4 ] DEBUG FXGLAssetLoaderServi - Loading from file system: /assets/textures/semaforoRosso-01.png
01:45:01.214 [FXGL Background Thread 4 ] DEBUG FXGLAssetLoaderServi - Loading from file system: /assets/textures/semaforoVerde-01.png
01:45:01.217 [FXGL Background Thread 4 ] DEBUG FXGLAssetLoaderServi - Loading from cache: /assets/textures/semaforoRosso-01.png
01:45:01.218 [FXGL Background Thread 4 ] DEBUG FXGLAssetLoaderServi - Loading from cache: /assets/textures/semaforoVerde-01.png
01:45:01.219 [FXGL Background Thread 4 ] DEBUG FXGLAssetLoaderServi - Loading from cache: /assets/textures/semaforoRosso-01.png
01:45:01.219 [FXGL Background Thread 4 ] DEBUG FXGLAssetLoaderServi - Loading from cache: /assets/textures/semaforoVerde-01.png
01:45:01.220 [FXGL Background Thread 4 ] DEBUG FXGLAssetLoaderServi - Loading from cache: /assets/textures/semaforoRosso-01.png
01:45:01.220 [FXGL Background Thread 4 ] DEBUG FXGLAssetLoaderServi - Loading from cache: /assets/textures/semaforoVerde-01.png
01:45:01.221 [FXGL Background Thread 4 ] DEBUG FXGLAssetLoaderServi - Loading from file system: /assets/textures/semaforoRosso-04.png
01:45:01.224 [FXGL Background Thread 4 ] DEBUG FXGLAssetLoaderServi - Loading from file system: /assets/textures/semaforoVerde-04.png
01:45:01.227 [FXGL Background Thread 4 ] DEBUG FXGLAssetLoaderServi - Loading from cache: /assets/textures/semaforoRosso-04.png
01:45:01.227 [FXGL Background Thread 4 ] DEBUG FXGLAssetLoaderServi - Loading from cache: /assets/textures/semaforoVerde-04.png
01:45:01.228 [FXGL Background Thread 4 ] DEBUG FXGLAssetLoaderServi - Loading from cache: /assets/textures/semaforoRosso-04.png
01:45:01.228 [FXGL Background Thread 4 ] DEBUG FXGLAssetLoaderServi - Loading from cache: /assets/textures/semaforoVerde-04.png
01:45:01.229 [FXGL Background Thread 4 ] DEBUG FXGLAssetLoaderServi - Loading from cache: /assets/textures/semaforoRosso-04.png
01:45:01.229 [FXGL Background Thread 4 ] DEBUG FXGLAssetLoaderServi - Loading from cache: /assets/textures/semaforoVerde-04.png
01:45:01.230 [FXGL Background Thread 4 ] DEBUG FXGLAssetLoaderServi - Loading from file system: /assets/textures/semaforoRosso-03.png
01:45:01.231 [FXGL Background Thread 4 ] DEBUG FXGLAssetLoaderServi - Loading from file system: /assets/textures/semaforoVerde-03.png
01:45:01.233 [FXGL Background Thread 4 ] DEBUG FXGLAssetLoaderServi - Loading from cache: /assets/textures/semaforoRosso-03.png
01:45:01.233 [FXGL Background Thread 4 ] DEBUG FXGLAssetLoaderServi - Loading from cache: /assets/textures/semaforoVerde-03.png
01:45:01.233 [FXGL Background Thread 4 ] DEBUG FXGLAssetLoaderServi - Loading from cache: /assets/textures/semaforoRosso-03.png
01:45:01.234 [FXGL Background Thread 4 ] DEBUG FXGLAssetLoaderServi - Loading from cache: /assets/textures/semaforoVerde-03.png
01:45:01.234 [FXGL Background Thread 4 ] DEBUG FXGLAssetLoaderServi - Loading from cache: /assets/textures/semaforoRosso-03.png
01:45:01.235 [FXGL Background Thread 4 ] DEBUG FXGLAssetLoaderServi - Loading from cache: /assets/textures/semaforoVerde-03.png
01:45:01.235 [FXGL Background Thread 4 ] DEBUG FXGLAssetLoaderServi - Loading from file system: /assets/textures/semaforoRosso-02.png
01:45:01.237 [FXGL Background Thread 4 ] DEBUG FXGLAssetLoaderServi - Loading from file system: /assets/textures/semaforoVerde-02.png
01:45:01.239 [FXGL Background Thread 4 ] DEBUG FXGLAssetLoaderServi - Loading from cache: /assets/textures/semaforoRosso-02.png
01:45:01.239 [FXGL Background Thread 4 ] DEBUG FXGLAssetLoaderServi - Loading from cache: /assets/textures/semaforoVerde-02.png
01:45:01.239 [FXGL Background Thread 4 ] DEBUG FXGLAssetLoaderServi - Loading from cache: /assets/textures/semaforoRosso-02.png
01:45:01.239 [FXGL Background Thread 4 ] DEBUG FXGLAssetLoaderServi - Loading from cache: /assets/textures/semaforoVerde-02.png
01:45:01.240 [FXGL Background Thread 4 ] DEBUG FXGLAssetLoaderServi - Loading from cache: /assets/textures/semaforoRosso-02.png
01:45:01.240 [FXGL Background Thread 4 ] DEBUG FXGLAssetLoaderServi - Loading from cache: /assets/textures/semaforoVerde-02.png
01:45:01.242 [FXGL Background Thread 4 ] DEBUG GameWorld            - Clearing removable entities
01:45:01.244 [FXGL Background Thread 4 ] DEBUG GameWorld            - Setting level: com.almasb.fxgl.entity.level.Level@5108eec1
01:45:01.248 [FXGL Background Thread 4 ] DEBUG FXGLAssetLoaderServi - Loading from file system: /assets/textures/pointer-sprite.png
01:45:01.268 [FXGL Background Thread 4 ] INFO  FXGLApplication      - Game initialization took: 0,324 sec
01:45:01.269 [JavaFX Application Thread] DEBUG Input                - Clearing active input actions
01:45:01.276 [JavaFX Application Thread] DEBUG GameApplicationServi - Removing overlay from FXGLLoadingScene and adding to GameScene
01:45:01.278 [JavaFX Application Thread] DEBUG MainWindow           - FXGLLoadingScene -> GameScene
01:45:03.311 [FXGL Background Thread 3 ] DEBUG Engine               - Logging environment variables
01:45:03.311 [FXGL Background Thread 3 ] DEBUG Engine               - achievements: []
01:45:03.311 [FXGL Background Thread 3 ] DEBUG Engine               - appIcon: fxgl_icon.png
01:45:03.311 [FXGL Background Thread 3 ] DEBUG Engine               - applicationMode: DEVELOPER
01:45:03.311 [FXGL Background Thread 3 ] DEBUG Engine               - cSSList: [fxgl_dark.css]
01:45:03.313 [FXGL Background Thread 3 ] DEBUG Engine               - configClass: Optional.empty
01:45:03.313 [FXGL Background Thread 3 ] DEBUG Engine               - credits: []
01:45:03.313 [FXGL Background Thread 3 ] DEBUG Engine               - devBBoxColorProperty: ObjectProperty [value: 0xff0000ff]
01:45:03.313 [FXGL Background Thread 3 ] DEBUG Engine               - devEnableDebugCameraProperty: BooleanProperty [value: false]
01:45:03.314 [FXGL Background Thread 3 ] DEBUG Engine               - devSensorColorProperty: ObjectProperty [value: 0xffff00ff]
01:45:03.314 [FXGL Background Thread 3 ] DEBUG Engine               - devShowBBoxProperty: BooleanProperty [value: false]
01:45:03.314 [FXGL Background Thread 3 ] DEBUG Engine               - devShowPositionProperty: BooleanProperty [value: false]
01:45:03.314 [FXGL Background Thread 3 ] DEBUG Engine               - enabledMenuItems: [SAVE_LOAD, EXTRA, ONLINE]
01:45:03.314 [FXGL Background Thread 3 ] DEBUG Engine               - engineServices: [class com.almasb.fxgl.app.FXGLApplication$GameApplicationService, class com.almasb.fxgl.app.services.FXGLDialogService, class com.almasb.fxgl.app.services.IOTaskExecutorService, class com.almasb.fxgl.event.EventBusService, class com.almasb.fxgl.io.FileSystemService, class com.almasb.fxgl.localization.LocalizationService, class com.almasb.fxgl.app.services.FXGLAssetLoaderService, class com.almasb.fxgl.app.services.SystemBundleService, class com.almasb.fxgl.profile.SaveLoadService, class com.almasb.fxgl.ui.FXGLUIFactoryServiceProvider, class com.almasb.fxgl.ui.FXGLDialogFactoryServiceProvider, class com.almasb.fxgl.audio.AudioPlayer, class com.almasb.fxgl.notification.impl.NotificationServiceProvider, class com.almasb.fxgl.achievement.AchievementService, class com.almasb.fxgl.cutscene.CutsceneService, class com.almasb.fxgl.minigames.MiniGameService, class com.almasb.fxgl.net.NetService, class com.almasb.fxgl.app.services.UpdaterService, class com.almasb.fxgl.dev.DevService]
01:45:03.314 [FXGL Background Thread 3 ] DEBUG Engine               - fontGame: Abel-Regular.ttf
01:45:03.314 [FXGL Background Thread 3 ] DEBUG Engine               - fontMono: lucida_console.ttf
01:45:03.314 [FXGL Background Thread 3 ] DEBUG Engine               - fontText: Courier-Prime.ttf
01:45:03.315 [FXGL Background Thread 3 ] DEBUG Engine               - fontUI: VarelaRound-Regular.ttf
01:45:03.316 [FXGL Background Thread 3 ] DEBUG Engine               - fullScreen: BooleanProperty [value: false]
01:45:03.317 [FXGL Background Thread 3 ] DEBUG Engine               - gameDifficulty: MEDIUM
01:45:03.317 [FXGL Background Thread 3 ] DEBUG Engine               - gameDifficultyProperty: ObjectProperty [value: MEDIUM]
01:45:03.317 [FXGL Background Thread 3 ] DEBUG Engine               - globalMusicVolume: 0.5
01:45:03.317 [FXGL Background Thread 3 ] DEBUG Engine               - globalMusicVolumeProperty: DoubleProperty [value: 0.5]
01:45:03.317 [FXGL Background Thread 3 ] DEBUG Engine               - globalSoundVolume: 0.5
01:45:03.317 [FXGL Background Thread 3 ] DEBUG Engine               - globalSoundVolumeProperty: DoubleProperty [value: 0.5]
01:45:03.318 [FXGL Background Thread 3 ] DEBUG Engine               - height: 1125
01:45:03.318 [FXGL Background Thread 3 ] DEBUG Engine               - isAndroid: false
01:45:03.318 [FXGL Background Thread 3 ] DEBUG Engine               - isBrowser: false
01:45:03.318 [FXGL Background Thread 3 ] DEBUG Engine               - isClickFeedbackEnabled: false
01:45:03.318 [FXGL Background Thread 3 ] DEBUG Engine               - isCloseConfirmation: false
01:45:03.319 [FXGL Background Thread 3 ] DEBUG Engine               - isDesktop: true
01:45:03.319 [FXGL Background Thread 3 ] DEBUG Engine               - isDeveloperMenuEnabled: true
01:45:03.319 [FXGL Background Thread 3 ] DEBUG Engine               - isEntityPreloadEnabled: true
01:45:03.319 [FXGL Background Thread 3 ] DEBUG Engine               - isExperimentalNative: false
01:45:03.319 [FXGL Background Thread 3 ] DEBUG Engine               - isExperimentalTiledLargeMap: false
01:45:03.319 [FXGL Background Thread 3 ] DEBUG Engine               - isFileSystemWriteAllowed: true
01:45:03.324 [FXGL Background Thread 3 ] DEBUG Engine               - isFullScreenAllowed: false
01:45:03.324 [FXGL Background Thread 3 ] DEBUG Engine               - isFullScreenFromStart: false
01:45:03.324 [FXGL Background Thread 3 ] DEBUG Engine               - isGameMenuEnabled: true
01:45:03.325 [FXGL Background Thread 3 ] DEBUG Engine               - isIOS: false
01:45:03.325 [FXGL Background Thread 3 ] DEBUG Engine               - isIntroEnabled: false
01:45:03.327 [FXGL Background Thread 3 ] DEBUG Engine               - isLinux: false
01:45:03.327 [FXGL Background Thread 3 ] DEBUG Engine               - isMac: false
01:45:03.327 [FXGL Background Thread 3 ] DEBUG Engine               - isMainMenuEnabled: true
01:45:03.327 [FXGL Background Thread 3 ] DEBUG Engine               - isManualResizeEnabled: true
01:45:03.327 [FXGL Background Thread 3 ] DEBUG Engine               - isMobile: false
01:45:03.327 [FXGL Background Thread 3 ] DEBUG Engine               - isPreserveResizeRatio: true
01:45:03.327 [FXGL Background Thread 3 ] DEBUG Engine               - isProfilingEnabled: false
01:45:03.327 [FXGL Background Thread 3 ] DEBUG Engine               - isSingleStep: false
01:45:03.327 [FXGL Background Thread 3 ] DEBUG Engine               - isUserProfileEnabled: false
01:45:03.327 [FXGL Background Thread 3 ] DEBUG Engine               - isWindows: true
01:45:03.327 [FXGL Background Thread 3 ] DEBUG Engine               - language: ObjectProperty [value: ENGLISH]
01:45:03.327 [FXGL Background Thread 3 ] DEBUG Engine               - menuKey: ESCAPE
01:45:03.327 [FXGL Background Thread 3 ] DEBUG Engine               - notificationViewClass: class com.almasb.fxgl.notification.view.XboxNotificationView
01:45:03.327 [FXGL Background Thread 3 ] DEBUG Engine               - pixelsPerMeter: 50.0
01:45:03.328 [FXGL Background Thread 3 ] DEBUG Engine               - platform: WINDOWS
01:45:03.328 [FXGL Background Thread 3 ] DEBUG Engine               - profileDir: profiles/
01:45:03.329 [FXGL Background Thread 3 ] DEBUG Engine               - profileName: StringProperty [value: DEFAULT]
01:45:03.329 [FXGL Background Thread 3 ] DEBUG Engine               - randomSeed: -1
01:45:03.329 [FXGL Background Thread 3 ] DEBUG Engine               - runtimeInfo: RuntimeInfo(platform=WINDOWS, version=dev-SNAPSHOT, build=08.09.2020 17.31)
01:45:03.329 [FXGL Background Thread 3 ] DEBUG Engine               - saveFileExt: sav
01:45:03.329 [FXGL Background Thread 3 ] DEBUG Engine               - sceneFactory: it.uniroma1.metodologie.trafficGame.TrafficApp$1@4df08dcc
01:45:03.329 [FXGL Background Thread 3 ] DEBUG Engine               - secondsIn24h: 60
01:45:03.329 [FXGL Background Thread 3 ] DEBUG Engine               - soundMenuBack: menu/back.wav
01:45:03.329 [FXGL Background Thread 3 ] DEBUG Engine               - soundMenuPress: menu/press.wav
01:45:03.329 [FXGL Background Thread 3 ] DEBUG Engine               - soundMenuSelect: menu/select.wav
01:45:03.329 [FXGL Background Thread 3 ] DEBUG Engine               - soundNotification: core/notification.wav
01:45:03.330 [FXGL Background Thread 3 ] DEBUG Engine               - stageStyle: DECORATED
01:45:03.330 [FXGL Background Thread 3 ] DEBUG Engine               - supportedLanguages: [ENGLISH, FRENCH, GERMAN, HUNGARIAN, RUSSIAN]
01:45:03.331 [FXGL Background Thread 3 ] DEBUG Engine               - title: Traffic
01:45:03.331 [FXGL Background Thread 3 ] DEBUG Engine               - urlGithub: https://github.com/AlmasB/FXGL
01:45:03.331 [FXGL Background Thread 3 ] DEBUG Engine               - urlLeaderboard: http://fxgl-top.herokuapp.com/
01:45:03.331 [FXGL Background Thread 3 ] DEBUG Engine               - urlPOM: https://raw.githubusercontent.com/AlmasB/FXGL/master/pom.xml
01:45:03.331 [FXGL Background Thread 3 ] DEBUG Engine               - version: Alpha 1.0
01:45:03.332 [FXGL Background Thread 3 ] DEBUG Engine               - versionCheckDays: 7
01:45:03.332 [FXGL Background Thread 3 ] DEBUG Engine               - width: 2000
01:45:03.332 [FXGL Background Thread 3 ] DEBUG Engine               - Logging services
01:45:03.332 [FXGL Background Thread 3 ] DEBUG Engine               - class com.almasb.fxgl.app.FXGLApplication$GameApplicationService
01:45:03.332 [FXGL Background Thread 3 ] DEBUG Engine               - class com.almasb.fxgl.app.services.FXGLDialogService
01:45:03.332 [FXGL Background Thread 3 ] DEBUG Engine               - class com.almasb.fxgl.app.services.IOTaskExecutorService
01:45:03.332 [FXGL Background Thread 3 ] DEBUG Engine               - class com.almasb.fxgl.event.EventBusService
01:45:03.332 [FXGL Background Thread 3 ] DEBUG Engine               - class com.almasb.fxgl.io.FileSystemService
01:45:03.332 [FXGL Background Thread 3 ] DEBUG Engine               - class com.almasb.fxgl.localization.LocalizationService
01:45:03.332 [FXGL Background Thread 3 ] DEBUG Engine               - class com.almasb.fxgl.app.services.FXGLAssetLoaderService
01:45:03.332 [FXGL Background Thread 3 ] DEBUG Engine               - class com.almasb.fxgl.app.services.SystemBundleService
01:45:03.332 [FXGL Background Thread 3 ] DEBUG Engine               - class com.almasb.fxgl.profile.SaveLoadService
01:45:03.332 [FXGL Background Thread 3 ] DEBUG Engine               - class com.almasb.fxgl.ui.FXGLUIFactoryServiceProvider
01:45:03.333 [FXGL Background Thread 3 ] DEBUG Engine               - class com.almasb.fxgl.ui.FXGLDialogFactoryServiceProvider
01:45:03.333 [FXGL Background Thread 3 ] DEBUG Engine               - class com.almasb.fxgl.audio.AudioPlayer
01:45:03.333 [FXGL Background Thread 3 ] DEBUG Engine               - class com.almasb.fxgl.notification.impl.NotificationServiceProvider
01:45:03.333 [FXGL Background Thread 3 ] DEBUG Engine               - class com.almasb.fxgl.achievement.AchievementService
01:45:03.333 [FXGL Background Thread 3 ] DEBUG Engine               - class com.almasb.fxgl.cutscene.CutsceneService
01:45:03.333 [FXGL Background Thread 3 ] DEBUG Engine               - class com.almasb.fxgl.minigames.MiniGameService
01:45:03.333 [FXGL Background Thread 3 ] DEBUG Engine               - class com.almasb.fxgl.net.NetService
01:45:03.333 [FXGL Background Thread 3 ] DEBUG Engine               - class com.almasb.fxgl.app.services.UpdaterService
01:45:03.333 [FXGL Background Thread 3 ] DEBUG Engine               - class com.almasb.fxgl.dev.DevService
01:45:43.212 [JavaFX Application Thread] DEBUG FXGLApplication      - Exiting FXGL
01:45:43.212 [JavaFX Application Thread] DEBUG LoopRunner           - Stopping loop
01:45:43.212 [JavaFX Application Thread] DEBUG SystemBundleService  - Saving FXGL system data
01:45:43.214 [JavaFX Application Thread] DEBUG FileSystemAccess     - Writing to: C:\Users\Andrea\Desktop\Homework\traffic-mobile\system\fxgl.bundle
01:45:43.215 [JavaFX Application Thread] DEBUG Async                - Shutting down background threads
01:45:43.215 [JavaFX Application Thread] DEBUG MainWindow           - Closing main window
01:45:43.226 [JavaFX Application Thread] DEBUG Logger               - Closing Logger
