05:55:22.394 [main                     ] DEBUG Logger               - Configured Logger
05:55:22.408 [main                     ] DEBUG GameApplication      - Logging settings
Title: Traffic
Version: Alpha 1.0
Width: 2000
Height: 1125
Fullscreen: false
Intro: false
Profiling: false
Single step:false
App Mode: DEVELOPER
Menu Key: ESCAPE
Stage Style: DECORATED
Scene Factory: class it.uniroma1.metodologie.trafficGame.TrafficApp$1

05:55:22.726 [JavaFX Application Thread] DEBUG FXGLApplication      - Initializing FXGL
05:55:22.732 [JavaFX Application Thread] INFO  Engine               - FXGL-dev-SNAPSHOT (08.09.2020 17.31) on WINDOWS (J:13.0.2 FX:14)
05:55:22.732 [JavaFX Application Thread] DEBUG Engine               - JRE Vendor Name: Oracle Corporation
05:55:22.733 [JavaFX Application Thread] DEBUG Engine               - Running on OS: Windows 10 version 10.0
05:55:22.733 [JavaFX Application Thread] DEBUG Engine               - Architecture: amd64
05:55:22.733 [JavaFX Application Thread] INFO  Engine               - Source code and latest versions at: https://github.com/AlmasB/FXGL
05:55:22.733 [JavaFX Application Thread] INFO  Engine               -              Join the FXGL chat at: https://gitter.im/AlmasB/FXGL
05:55:22.809 [JavaFX Application Thread] DEBUG MainWindow           - Creating a JavaFX scene
05:55:22.847 [JavaFX Application Thread] DEBUG MainWindow           - Target settings size: 2000.0 x 1125.0
05:55:22.847 [JavaFX Application Thread] DEBUG MainWindow           - Scaled scene size:    2000.0 x 1125.0
05:55:22.848 [JavaFX Application Thread] DEBUG MainWindow           - Scaled ratio: (1.0, 1.0)
05:55:22.848 [JavaFX Application Thread] DEBUG MainWindow           - Set initial scene to StartupScene
05:55:22.853 [JavaFX Application Thread] DEBUG MainWindow           - Opening main window
05:55:22.924 [JavaFX Application Thread] DEBUG MainWindow           - Window border size: (16.0, 39.0)
05:55:22.925 [JavaFX Application Thread] DEBUG MainWindow           - Scaled size: 2000.0 x 1125.0
05:55:22.925 [JavaFX Application Thread] DEBUG MainWindow           - Scaled ratio: (1.0, 1.0)
05:55:22.925 [JavaFX Application Thread] DEBUG MainWindow           - Scene size: 2000.0 x 1125.0
05:55:22.925 [JavaFX Application Thread] DEBUG MainWindow           - Stage size: 2016.0 x 1164.0
05:55:22.934 [FXGL Background Thread 1 ] DEBUG Engine               - Initializing environment variables
05:55:22.960 [FXGL Background Thread 1 ] DEBUG GameApplicationServi - Applying CSS: fxgl_dark.css
05:55:22.962 [FXGL Background Thread 1 ] DEBUG FXGLAssetLoaderServi - Loading from file system: /assets/ui/css/fxgl_dark.css
05:55:23.007 [FXGL Background Thread 1 ] DEBUG GameApplicationServi - Initializing application scenes
05:55:23.062 [FXGL Background Thread 1 ] DEBUG GameWorld            - Game world initialized
05:55:23.098 [FXGL Background Thread 1 ] DEBUG PhysicsWorld         - Physics world initialized: appHeight=1125, physics.ppm=50,0
05:55:23.099 [FXGL Background Thread 1 ] DEBUG GameScene            - Game scene initialized: 2000x1125
05:55:23.109 [FXGL Background Thread 1 ] DEBUG FXGLAssetLoaderServi - Loading from file system: /assets/textures/bg.jpg
05:55:23.392 [FXGL Background Thread 1 ] DEBUG FXGLAssetLoaderServi - Loading from file system: /assets/textures/logo.png
05:55:23.481 [FXGL Background Thread 1 ] DEBUG FXGLAssetLoaderServi - Loading from file system: /assets/textures/particles/trace_horizontal.png
05:55:23.502 [FXGL Background Thread 1 ] DEBUG FXGL.DefaultMenu     - createMenuBodyGameMenu()
05:55:23.512 [FXGL Background Thread 1 ] DEBUG FXGL.DefaultMenu     - createOptionsMenu()
05:55:23.515 [FXGL Background Thread 1 ] DEBUG FXGL.DefaultMenu     - createExtraMenu()
05:55:23.516 [FXGL Background Thread 1 ] DEBUG FXGLAssetLoaderServi - Loading from file system: /assets/textures/particles/smoke.png
05:55:23.553 [FXGL Background Thread 1 ] DEBUG GameApplicationServi - Application scenes initialized
05:55:23.561 [FXGL Background Thread 1 ] DEBUG SystemBundleService  - Loading FXGL system data
05:55:23.564 [FXGL Background Thread 1 ] DEBUG FileSystemAccess     - Reading from: C:\Users\Andrea\Desktop\Homework\traffic-mobile\system\fxgl.bundle
05:55:23.570 [FXGL Background Thread 1 ] DEBUG SystemBundleService  - Bundle FXGL: {}
05:55:23.570 [FXGL Background Thread 1 ] DEBUG UpdaterService       - Checking for updates
05:55:23.604 [FXGL Background Thread 1 ] DEBUG FXGLApplication      - Loading default localization
05:55:23.604 [FXGL Background Thread 1 ] DEBUG FXGLAssetLoaderServi - Loading from file system: /assets/languages/english.lang
05:55:23.615 [FXGL Background Thread 1 ] INFO  FXGLApplication      - FXGL initialization took: 0,681 sec
05:55:23.623 [JavaFX Application Thread] DEBUG Input                - Registered new binding: Change trafficlight status - F
05:55:23.623 [JavaFX Application Thread] DEBUG Input                - Registered new binding: Move Right - D
05:55:23.624 [JavaFX Application Thread] DEBUG Input                - Registered new binding: Move Left - A
05:55:23.624 [JavaFX Application Thread] DEBUG Input                - Registered new binding: Move Up - W
05:55:23.624 [JavaFX Application Thread] DEBUG Input                - Registered new binding: Move Down - S
05:55:23.624 [JavaFX Application Thread] DEBUG Input                - Registered new binding: Spawn Car - Space
05:55:23.625 [JavaFX Application Thread] DEBUG Input                - Registered new binding: Select and change traffic light - LMB
05:55:23.625 [JavaFX Application Thread] DEBUG FXGLAssetLoaderServi - Loading from file system: /assets/textures/fxgl_icon.png
05:55:23.623 [FXGL Background Thread 4 ] DEBUG FXGLApplication      - Loading fonts
05:55:23.626 [FXGL Background Thread 4 ] DEBUG FXGLAssetLoaderServi - Loading from file system: /assets/ui/fonts/VarelaRound-Regular.ttf
05:55:23.642 [JavaFX Application Thread] DEBUG FXGLAssetLoaderServi - Loading from file system: /assets/ui/cursors/fxgl_default.png
05:55:23.644 [JavaFX Application Thread] DEBUG Input                - Registered new binding: Screenshot - P
05:55:23.644 [JavaFX Application Thread] DEBUG Input                - Registered new binding: Dev Options - 1
05:55:23.645 [JavaFX Application Thread] DEBUG Input                - Registered new binding: Dev Console - 2
05:55:23.645 [JavaFX Application Thread] DEBUG Input                - Registered new binding: System info dump - CTRL+9
05:55:23.645 [JavaFX Application Thread] DEBUG Input                - Registered new binding: Restart - CTRL+R
05:55:23.646 [JavaFX Application Thread] DEBUG Input                - Registered new binding: Toggle Debug Camera - CTRL+C
05:55:23.647 [JavaFX Application Thread] DEBUG LoopRunner           - Starting loop
05:55:23.658 [JavaFX Application Thread] DEBUG Input                - Clearing active input actions
05:55:23.664 [JavaFX Application Thread] DEBUG GameApplicationServi - Removing overlay from StartupScene and adding to FXGLMainMenuDummyScene
05:55:23.668 [JavaFX Application Thread] DEBUG MainWindow           - StartupScene -> FXGLMainMenuDummyScene
05:55:23.668 [JavaFX Application Thread] DEBUG MainWindow           - Push state: TrafficAppMenu
05:55:23.668 [JavaFX Application Thread] DEBUG Input                - Clearing active input actions
05:55:23.677 [JavaFX Application Thread] DEBUG GameApplicationServi - Removing overlay from FXGLMainMenuDummyScene and adding to TrafficAppMenu
05:55:23.678 [JavaFX Application Thread] DEBUG MainWindow           - FXGLMainMenuDummyScene -> TrafficAppMenu
05:55:24.108 [FXGL Background Thread 4 ] DEBUG FXGLAssetLoaderServi - Loading from file system: /assets/ui/fonts/Abel-Regular.ttf
05:55:24.110 [FXGL Background Thread 4 ] DEBUG FXGLAssetLoaderServi - Loading from file system: /assets/ui/fonts/lucida_console.ttf
05:55:24.114 [FXGL Background Thread 4 ] DEBUG FXGLAssetLoaderServi - Loading from file system: /assets/ui/fonts/Courier-Prime.ttf
05:55:24.117 [JavaFX Application Thread] DEBUG FXGLApplication      - Registering font factories with UI factory
05:55:26.614 [FXGL Background Thread 3 ] DEBUG Engine               - Logging environment variables
05:55:26.615 [FXGL Background Thread 3 ] DEBUG Engine               - achievements: []
05:55:26.616 [FXGL Background Thread 3 ] DEBUG Engine               - appIcon: fxgl_icon.png
05:55:26.616 [FXGL Background Thread 3 ] DEBUG Engine               - applicationMode: DEVELOPER
05:55:26.617 [FXGL Background Thread 3 ] DEBUG Engine               - cSSList: [fxgl_dark.css]
05:55:26.617 [FXGL Background Thread 3 ] DEBUG Engine               - configClass: Optional.empty
05:55:26.618 [FXGL Background Thread 3 ] DEBUG Engine               - credits: []
05:55:26.618 [FXGL Background Thread 3 ] DEBUG Engine               - devBBoxColorProperty: ObjectProperty [value: 0xff0000ff]
05:55:26.619 [FXGL Background Thread 3 ] DEBUG Engine               - devEnableDebugCameraProperty: BooleanProperty [value: false]
05:55:26.620 [FXGL Background Thread 3 ] DEBUG Engine               - devSensorColorProperty: ObjectProperty [value: 0xffff00ff]
05:55:26.620 [FXGL Background Thread 3 ] DEBUG Engine               - devShowBBoxProperty: BooleanProperty [value: false]
05:55:26.621 [FXGL Background Thread 3 ] DEBUG Engine               - devShowPositionProperty: BooleanProperty [value: false]
05:55:26.622 [FXGL Background Thread 3 ] DEBUG Engine               - enabledMenuItems: [SAVE_LOAD, EXTRA, ONLINE]
05:55:26.622 [FXGL Background Thread 3 ] DEBUG Engine               - engineServices: [class com.almasb.fxgl.app.FXGLApplication$GameApplicationService, class com.almasb.fxgl.app.services.FXGLDialogService, class com.almasb.fxgl.app.services.IOTaskExecutorService, class com.almasb.fxgl.event.EventBusService, class com.almasb.fxgl.io.FileSystemService, class com.almasb.fxgl.localization.LocalizationService, class com.almasb.fxgl.app.services.FXGLAssetLoaderService, class com.almasb.fxgl.app.services.SystemBundleService, class com.almasb.fxgl.profile.SaveLoadService, class com.almasb.fxgl.ui.FXGLUIFactoryServiceProvider, class com.almasb.fxgl.ui.FXGLDialogFactoryServiceProvider, class com.almasb.fxgl.audio.AudioPlayer, class com.almasb.fxgl.notification.impl.NotificationServiceProvider, class com.almasb.fxgl.achievement.AchievementService, class com.almasb.fxgl.cutscene.CutsceneService, class com.almasb.fxgl.minigames.MiniGameService, class com.almasb.fxgl.net.NetService, class com.almasb.fxgl.app.services.UpdaterService, class com.almasb.fxgl.dev.DevService]
05:55:26.623 [FXGL Background Thread 3 ] DEBUG Engine               - fontGame: Abel-Regular.ttf
05:55:26.623 [FXGL Background Thread 3 ] DEBUG Engine               - fontMono: lucida_console.ttf
05:55:26.624 [FXGL Background Thread 3 ] DEBUG Engine               - fontText: Courier-Prime.ttf
05:55:26.624 [FXGL Background Thread 3 ] DEBUG Engine               - fontUI: VarelaRound-Regular.ttf
05:55:26.625 [FXGL Background Thread 3 ] DEBUG Engine               - fullScreen: BooleanProperty [value: false]
05:55:26.626 [FXGL Background Thread 3 ] DEBUG Engine               - gameDifficulty: MEDIUM
05:55:26.627 [FXGL Background Thread 3 ] DEBUG Engine               - gameDifficultyProperty: ObjectProperty [value: MEDIUM]
05:55:26.628 [FXGL Background Thread 3 ] DEBUG Engine               - globalMusicVolume: 0.5
05:55:26.629 [FXGL Background Thread 3 ] DEBUG Engine               - globalMusicVolumeProperty: DoubleProperty [value: 0.5]
05:55:26.629 [FXGL Background Thread 3 ] DEBUG Engine               - globalSoundVolume: 0.5
05:55:26.629 [FXGL Background Thread 3 ] DEBUG Engine               - globalSoundVolumeProperty: DoubleProperty [value: 0.5]
05:55:26.630 [FXGL Background Thread 3 ] DEBUG Engine               - height: 1125
05:55:26.630 [FXGL Background Thread 3 ] DEBUG Engine               - isAndroid: false
05:55:26.631 [FXGL Background Thread 3 ] DEBUG Engine               - isBrowser: false
05:55:26.631 [FXGL Background Thread 3 ] DEBUG Engine               - isClickFeedbackEnabled: false
05:55:26.632 [FXGL Background Thread 3 ] DEBUG Engine               - isCloseConfirmation: false
05:55:26.632 [FXGL Background Thread 3 ] DEBUG Engine               - isDesktop: true
05:55:26.633 [FXGL Background Thread 3 ] DEBUG Engine               - isDeveloperMenuEnabled: true
05:55:26.633 [FXGL Background Thread 3 ] DEBUG Engine               - isEntityPreloadEnabled: true
05:55:26.634 [FXGL Background Thread 3 ] DEBUG Engine               - isExperimentalNative: false
05:55:26.634 [FXGL Background Thread 3 ] DEBUG Engine               - isExperimentalTiledLargeMap: false
05:55:26.634 [FXGL Background Thread 3 ] DEBUG Engine               - isFileSystemWriteAllowed: true
05:55:26.634 [FXGL Background Thread 3 ] DEBUG Engine               - isFullScreenAllowed: false
05:55:26.635 [FXGL Background Thread 3 ] DEBUG Engine               - isFullScreenFromStart: false
05:55:26.635 [FXGL Background Thread 3 ] DEBUG Engine               - isGameMenuEnabled: true
05:55:26.635 [FXGL Background Thread 3 ] DEBUG Engine               - isIOS: false
05:55:26.635 [FXGL Background Thread 3 ] DEBUG Engine               - isIntroEnabled: false
05:55:26.635 [FXGL Background Thread 3 ] DEBUG Engine               - isLinux: false
05:55:26.636 [FXGL Background Thread 3 ] DEBUG Engine               - isMac: false
05:55:26.636 [FXGL Background Thread 3 ] DEBUG Engine               - isMainMenuEnabled: true
05:55:26.636 [FXGL Background Thread 3 ] DEBUG Engine               - isManualResizeEnabled: true
05:55:26.636 [FXGL Background Thread 3 ] DEBUG Engine               - isMobile: false
05:55:26.637 [FXGL Background Thread 3 ] DEBUG Engine               - isPreserveResizeRatio: true
05:55:26.637 [FXGL Background Thread 3 ] DEBUG Engine               - isProfilingEnabled: false
05:55:26.637 [FXGL Background Thread 3 ] DEBUG Engine               - isSingleStep: false
05:55:26.637 [FXGL Background Thread 3 ] DEBUG Engine               - isUserProfileEnabled: false
05:55:26.637 [FXGL Background Thread 3 ] DEBUG Engine               - isWindows: true
05:55:26.638 [FXGL Background Thread 3 ] DEBUG Engine               - language: ObjectProperty [value: ENGLISH]
05:55:26.638 [FXGL Background Thread 3 ] DEBUG Engine               - menuKey: ESCAPE
05:55:26.638 [FXGL Background Thread 3 ] DEBUG Engine               - notificationViewClass: class com.almasb.fxgl.notification.view.XboxNotificationView
05:55:26.638 [FXGL Background Thread 3 ] DEBUG Engine               - pixelsPerMeter: 50.0
05:55:26.638 [FXGL Background Thread 3 ] DEBUG Engine               - platform: WINDOWS
05:55:26.639 [FXGL Background Thread 3 ] DEBUG Engine               - profileDir: profiles/
05:55:26.639 [FXGL Background Thread 3 ] DEBUG Engine               - profileName: StringProperty [value: DEFAULT]
05:55:26.639 [FXGL Background Thread 3 ] DEBUG Engine               - randomSeed: -1
05:55:26.640 [FXGL Background Thread 3 ] DEBUG Engine               - runtimeInfo: RuntimeInfo(platform=WINDOWS, version=dev-SNAPSHOT, build=08.09.2020 17.31)
05:55:26.640 [FXGL Background Thread 3 ] DEBUG Engine               - saveFileExt: sav
05:55:26.640 [FXGL Background Thread 3 ] DEBUG Engine               - sceneFactory: it.uniroma1.metodologie.trafficGame.TrafficApp$1@89d5015
05:55:26.640 [FXGL Background Thread 3 ] DEBUG Engine               - secondsIn24h: 60
05:55:26.641 [FXGL Background Thread 3 ] DEBUG Engine               - soundMenuBack: menu/back.wav
05:55:26.641 [FXGL Background Thread 3 ] DEBUG Engine               - soundMenuPress: menu/press.wav
05:55:26.641 [FXGL Background Thread 3 ] DEBUG Engine               - soundMenuSelect: menu/select.wav
05:55:26.641 [FXGL Background Thread 3 ] DEBUG Engine               - soundNotification: core/notification.wav
05:55:26.642 [FXGL Background Thread 3 ] DEBUG Engine               - stageStyle: DECORATED
05:55:26.642 [FXGL Background Thread 3 ] DEBUG Engine               - supportedLanguages: [ENGLISH, FRENCH, GERMAN, HUNGARIAN, RUSSIAN]
05:55:26.642 [FXGL Background Thread 3 ] DEBUG Engine               - title: Traffic
05:55:26.642 [FXGL Background Thread 3 ] DEBUG Engine               - urlGithub: https://github.com/AlmasB/FXGL
05:55:26.642 [FXGL Background Thread 3 ] DEBUG Engine               - urlLeaderboard: http://fxgl-top.herokuapp.com/
05:55:26.642 [FXGL Background Thread 3 ] DEBUG Engine               - urlPOM: https://raw.githubusercontent.com/AlmasB/FXGL/master/pom.xml
05:55:26.643 [FXGL Background Thread 3 ] DEBUG Engine               - version: Alpha 1.0
05:55:26.643 [FXGL Background Thread 3 ] DEBUG Engine               - versionCheckDays: 7
05:55:26.643 [FXGL Background Thread 3 ] DEBUG Engine               - width: 2000
05:55:26.644 [FXGL Background Thread 3 ] DEBUG Engine               - Logging services
05:55:26.644 [FXGL Background Thread 3 ] DEBUG Engine               - class com.almasb.fxgl.app.FXGLApplication$GameApplicationService
05:55:26.644 [FXGL Background Thread 3 ] DEBUG Engine               - class com.almasb.fxgl.app.services.FXGLDialogService
05:55:26.644 [FXGL Background Thread 3 ] DEBUG Engine               - class com.almasb.fxgl.app.services.IOTaskExecutorService
05:55:26.644 [FXGL Background Thread 3 ] DEBUG Engine               - class com.almasb.fxgl.event.EventBusService
05:55:26.645 [FXGL Background Thread 3 ] DEBUG Engine               - class com.almasb.fxgl.io.FileSystemService
05:55:26.645 [FXGL Background Thread 3 ] DEBUG Engine               - class com.almasb.fxgl.localization.LocalizationService
05:55:26.645 [FXGL Background Thread 3 ] DEBUG Engine               - class com.almasb.fxgl.app.services.FXGLAssetLoaderService
05:55:26.645 [FXGL Background Thread 3 ] DEBUG Engine               - class com.almasb.fxgl.app.services.SystemBundleService
05:55:26.645 [FXGL Background Thread 3 ] DEBUG Engine               - class com.almasb.fxgl.profile.SaveLoadService
05:55:26.646 [FXGL Background Thread 3 ] DEBUG Engine               - class com.almasb.fxgl.ui.FXGLUIFactoryServiceProvider
05:55:26.646 [FXGL Background Thread 3 ] DEBUG Engine               - class com.almasb.fxgl.ui.FXGLDialogFactoryServiceProvider
05:55:26.646 [FXGL Background Thread 3 ] DEBUG Engine               - class com.almasb.fxgl.audio.AudioPlayer
05:55:26.646 [FXGL Background Thread 3 ] DEBUG Engine               - class com.almasb.fxgl.notification.impl.NotificationServiceProvider
05:55:26.647 [FXGL Background Thread 3 ] DEBUG Engine               - class com.almasb.fxgl.achievement.AchievementService
05:55:26.647 [FXGL Background Thread 3 ] DEBUG Engine               - class com.almasb.fxgl.cutscene.CutsceneService
05:55:26.647 [FXGL Background Thread 3 ] DEBUG Engine               - class com.almasb.fxgl.minigames.MiniGameService
05:55:26.647 [FXGL Background Thread 3 ] DEBUG Engine               - class com.almasb.fxgl.net.NetService
05:55:26.648 [FXGL Background Thread 3 ] DEBUG Engine               - class com.almasb.fxgl.app.services.UpdaterService
05:55:26.648 [FXGL Background Thread 3 ] DEBUG Engine               - class com.almasb.fxgl.dev.DevService
05:55:27.507 [JavaFX Application Thread] DEBUG Menu                 - fireNewGame()
05:55:27.507 [JavaFX Application Thread] DEBUG GameApplicationServi - Starting new game
05:55:27.507 [JavaFX Application Thread] DEBUG MainWindow           - Pop state: TrafficAppMenu
05:55:27.507 [JavaFX Application Thread] DEBUG Input                - Clearing active input actions
05:55:27.508 [JavaFX Application Thread] DEBUG GameApplicationServi - Removing overlay from TrafficAppMenu and adding to FXGLMainMenuDummyScene
05:55:27.509 [JavaFX Application Thread] DEBUG MainWindow           - FXGLMainMenuDummyScene <- TrafficAppMenu
05:55:27.510 [JavaFX Application Thread] DEBUG Input                - Clearing active input actions
05:55:27.517 [JavaFX Application Thread] DEBUG GameApplicationServi - Removing overlay from FXGLMainMenuDummyScene and adding to FXGLLoadingScene
05:55:27.517 [JavaFX Application Thread] DEBUG MainWindow           - FXGLMainMenuDummyScene -> FXGLLoadingScene
05:55:27.517 [JavaFX Application Thread] DEBUG GameApplicationServi - Clearing previous game
05:55:27.517 [JavaFX Application Thread] DEBUG GameScene            - Clearing game scene
05:55:27.518 [JavaFX Application Thread] DEBUG GameWorld            - Clearing game world
05:55:27.518 [JavaFX Application Thread] DEBUG PhysicsWorld         - Clearing physics world
05:55:27.519 [FXGL Background Thread 2 ] DEBUG FXGLApplication      - Initializing game
05:55:27.524 [FXGL Background Thread 2 ] DEBUG FXGLAssetLoaderServi - Loading from file system: /assets/levels/Mappa_02.tmx
05:55:27.559 [FXGL Background Thread 2 ] WARN  TMXLevelLoader       - TiledMap generated from 1.4.1. Supported version: 1.2.3. Some features may not be parsed fully.
05:55:27.580 [FXGL Background Thread 2 ] DEBUG TMXLevelLoader       - Parsed raw map: TiledMap(width=16, height=9, tilewidth=125, tileheight=125, orientation=orthogonal, layers=[Layer(width=16, height=9, name=Livello tile 1, type=tilelayer, visible=false, x=0, y=0, data=[0, 0, 0, 0, 0, 0, 0, 0, 0, 5, 0, 0, 5, 0, 0, 0, 0, 0, 0, 0, 0, 0, 0, 0, 0, 5, 0, 0, 5, 0, 0, 0, 6, 6, 6, 6, 3, 6, 6, 6, 6, 1, 6, 6, 7, 6, 6, 6, 0, 0, 0, 0, 5, 0, 0, 0, 0, 0, 0, 0, 5, 0, 0, 0, 0, 0, 0, 0, 5, 0, 0, 0, 0, 0, 0, 0, 5, 0, 0, 0, 6, 6, 6, 6, 7, 6, 6, 6, 6, 6, 6, 6, 4, 0, 0, 0, 0, 0, 0, 0, 5, 0, 0, 0, 0, 0, 0, 0, 5, 0, 0, 0, 0, 0, 0, 0, 5, 0, 0, 0, 0, 0, 0, 0, 5, 0, 0, 0, 0, 0, 0, 0, 5, 0, 0, 0, 0, 0, 0, 0, 5, 0, 0, 0], objects=[], opacity=0.0, draworder=), Layer(width=0, height=0, name=Paths, type=objectgroup, visible=false, x=0, y=0, data=[], objects=[com.almasb.fxgl.entity.level.tiled.TiledObject@a09d41f, com.almasb.fxgl.entity.level.tiled.TiledObject@696abd48, com.almasb.fxgl.entity.level.tiled.TiledObject@14262e70, com.almasb.fxgl.entity.level.tiled.TiledObject@2071750f, com.almasb.fxgl.entity.level.tiled.TiledObject@641ce432, com.almasb.fxgl.entity.level.tiled.TiledObject@58a09504, com.almasb.fxgl.entity.level.tiled.TiledObject@7dd065ce, com.almasb.fxgl.entity.level.tiled.TiledObject@5622be76, com.almasb.fxgl.entity.level.tiled.TiledObject@559cfdf4, com.almasb.fxgl.entity.level.tiled.TiledObject@9c85af6, com.almasb.fxgl.entity.level.tiled.TiledObject@77c8a014, com.almasb.fxgl.entity.level.tiled.TiledObject@345a7195, com.almasb.fxgl.entity.level.tiled.TiledObject@61b59b7, com.almasb.fxgl.entity.level.tiled.TiledObject@4dcfac68, com.almasb.fxgl.entity.level.tiled.TiledObject@7f357dc5, com.almasb.fxgl.entity.level.tiled.TiledObject@18046d6f, com.almasb.fxgl.entity.level.tiled.TiledObject@440e5939, com.almasb.fxgl.entity.level.tiled.TiledObject@7412013c, com.almasb.fxgl.entity.level.tiled.TiledObject@209d812e, com.almasb.fxgl.entity.level.tiled.TiledObject@1bc9ff47, com.almasb.fxgl.entity.level.tiled.TiledObject@2db8aa96, com.almasb.fxgl.entity.level.tiled.TiledObject@494745fc, com.almasb.fxgl.entity.level.tiled.TiledObject@51f290b, com.almasb.fxgl.entity.level.tiled.TiledObject@5178cd28, com.almasb.fxgl.entity.level.tiled.TiledObject@39fc218b, com.almasb.fxgl.entity.level.tiled.TiledObject@4ae7fbed], opacity=0.0, draworder=), Layer(width=0, height=0, name=TrafficLights, type=objectgroup, visible=false, x=0, y=0, data=[], objects=[com.almasb.fxgl.entity.level.tiled.TiledObject@36ccc4cb, com.almasb.fxgl.entity.level.tiled.TiledObject@21ca4eb7, com.almasb.fxgl.entity.level.tiled.TiledObject@7962d37c, com.almasb.fxgl.entity.level.tiled.TiledObject@caf672e, com.almasb.fxgl.entity.level.tiled.TiledObject@5c9510ec, com.almasb.fxgl.entity.level.tiled.TiledObject@2fd9423f, com.almasb.fxgl.entity.level.tiled.TiledObject@40cf8d8b, com.almasb.fxgl.entity.level.tiled.TiledObject@372e14ab, com.almasb.fxgl.entity.level.tiled.TiledObject@434860d2, com.almasb.fxgl.entity.level.tiled.TiledObject@26650a3e, com.almasb.fxgl.entity.level.tiled.TiledObject@1a7a78ac, com.almasb.fxgl.entity.level.tiled.TiledObject@5d36ac04, com.almasb.fxgl.entity.level.tiled.TiledObject@5df81980, com.almasb.fxgl.entity.level.tiled.TiledObject@53c2ccfb, com.almasb.fxgl.entity.level.tiled.TiledObject@1a347137, com.almasb.fxgl.entity.level.tiled.TiledObject@728ab8f9, com.almasb.fxgl.entity.level.tiled.TiledObject@6fa39b31], opacity=0.0, draworder=), Layer(width=0, height=0, name=Incroci, type=objectgroup, visible=false, x=0, y=0, data=[], objects=[com.almasb.fxgl.entity.level.tiled.TiledObject@2ac3272a, com.almasb.fxgl.entity.level.tiled.TiledObject@1347468c, com.almasb.fxgl.entity.level.tiled.TiledObject@342d696d, com.almasb.fxgl.entity.level.tiled.TiledObject@472416ca, com.almasb.fxgl.entity.level.tiled.TiledObject@746d8373], opacity=0.0, draworder=), Layer(width=0, height=0, name=SpawnPoints, type=objectgroup, visible=false, x=0, y=0, data=[], objects=[com.almasb.fxgl.entity.level.tiled.TiledObject@5db7d854, com.almasb.fxgl.entity.level.tiled.TiledObject@20ea48e, com.almasb.fxgl.entity.level.tiled.TiledObject@657b7043, com.almasb.fxgl.entity.level.tiled.TiledObject@7d150184, com.almasb.fxgl.entity.level.tiled.TiledObject@1e03130a], opacity=0.0, draworder=)], tilesets=[Tileset(firstgid=1, image=, name=, tilewidth=0, tileheight=0, imagewidth=0, imageheight=0, margin=0, spacing=0, columns=0, tilecount=0, transparentcolor=, tiles=[])], backgroundcolor=, renderorder=right-down, nextobjectid=58, version=1, tiledversion=1.4.1, type=map, infinite=false, hexsidelength=0, staggeraxis=, staggerindex=, properties={}, propertytypes={})
05:55:27.580 [FXGL Background Thread 2 ] DEBUG TMXLevelLoader       - Creating tile layer entities
05:55:27.581 [FXGL Background Thread 2 ] DEBUG TilesetLoader        - Loading view for layer Livello tile 1
05:55:27.585 [FXGL Background Thread 2 ] DEBUG TilesetLoader        - Created buffer with size 2000.0x1125.0
05:55:27.585 [FXGL Background Thread 2 ] WARN  TMXLevelLoader       - Parse error Error: java.lang.IllegalArgumentException: Tileset for gid=5 not found
05:55:27.590 [JavaFX Application Thread] DEBUG LoopRunner           - Stopping loop
05:55:27.720 [JavaFX Application Thread] FATAL FXGLApplication      - Uncaught Exception:
java.lang.RuntimeException: Initialization failed
	at com.almasb.fxgl.all/com.almasb.fxgl.app.FXGLApplication$InitAppTask.failed(FXGLApplication.kt:324)
	at javafx.graphics/javafx.concurrent.Task.setState(Task.java:710)
	at javafx.graphics/javafx.concurrent.Task$TaskCallable.lambda$call$2(Task.java:1455)
	at javafx.graphics/com.sun.javafx.application.PlatformImpl.lambda$runLater$10(PlatformImpl.java:428)
	at java.base/java.security.AccessController.doPrivileged(AccessController.java:391)
	at javafx.graphics/com.sun.javafx.application.PlatformImpl.lambda$runLater$11(PlatformImpl.java:427)
	at javafx.graphics/com.sun.glass.ui.InvokeLaterDispatcher$Future.run(InvokeLaterDispatcher.java:96)
	at javafx.graphics/com.sun.glass.ui.win.WinApplication._runLoop(Native Method)
	at javafx.graphics/com.sun.glass.ui.win.WinApplication.lambda$runLoop$3(WinApplication.java:174)
	at java.base/java.lang.Thread.run(Thread.java:830)
Caused by: com.almasb.fxgl.entity.level.LevelLoadingException: Tileset for gid=5 not found
	at com.almasb.fxgl.entity/com.almasb.fxgl.entity.level.tiled.TMXLevelLoader.load(TMXLevelLoader.kt:71)
	at com.almasb.fxgl.all/com.almasb.fxgl.app.services.FXGLAssetLoaderService.loadLevel(FXGLAssetLoaderService.kt:276)
	at com.almasb.fxgl.all/com.almasb.fxgl.dsl.FXGL$Companion.setLevelFromMap(FXGL.kt:502)
	at com.almasb.fxgl.all/com.almasb.fxgl.dsl.FXGL.setLevelFromMap(FXGL.kt)
	at trafficGame.main/it.uniroma1.metodologie.trafficGame.TrafficApp.initGame(TrafficApp.java:126)
	at com.almasb.fxgl.all/com.almasb.fxgl.app.FXGLApplication$InitAppTask.initGame(FXGLApplication.kt:320)
	at com.almasb.fxgl.all/com.almasb.fxgl.app.FXGLApplication$InitAppTask.call(FXGLApplication.kt:300)
	at com.almasb.fxgl.all/com.almasb.fxgl.app.FXGLApplication$InitAppTask.call(FXGLApplication.kt:292)
	at javafx.graphics/javafx.concurrent.Task$TaskCallable.call(Task.java:1425)
	at java.base/java.util.concurrent.FutureTask.run(FutureTask.java:264)
	at java.base/java.util.concurrent.Executors$RunnableAdapter.call(Executors.java:515)
	at java.base/java.util.concurrent.FutureTask.run(FutureTask.java:264)
	at java.base/java.util.concurrent.ThreadPoolExecutor.runWorker(ThreadPoolExecutor.java:1128)
	at java.base/java.util.concurrent.ThreadPoolExecutor$Worker.run(ThreadPoolExecutor.java:628)
	... 1 more
Caused by: java.lang.IllegalArgumentException: Tileset for gid=5 not found
	at com.almasb.fxgl.entity/com.almasb.fxgl.entity.level.tiled.TilesetLoader.findTileset(TilesetLoader.kt:288)
	at com.almasb.fxgl.entity/com.almasb.fxgl.entity.level.tiled.TilesetLoader.loadView(TilesetLoader.kt:98)
	at com.almasb.fxgl.entity/com.almasb.fxgl.entity.level.tiled.TMXLevelLoader.createTileLayerEntities(TMXLevelLoader.kt:86)
	at com.almasb.fxgl.entity/com.almasb.fxgl.entity.level.tiled.TMXLevelLoader.load(TMXLevelLoader.kt:51)
	... 14 more

05:55:27.720 [JavaFX Application Thread] FATAL FXGLApplication      - Application will now exit
05:55:27.787 [JavaFX Application Thread] DEBUG MainWindow           - Push state: ErrorSubScene
05:55:27.787 [JavaFX Application Thread] DEBUG Input                - Clearing active input actions
05:55:27.787 [JavaFX Application Thread] DEBUG GameApplicationServi - Removing overlay from FXGLLoadingScene and adding to ErrorSubScene
05:55:27.789 [JavaFX Application Thread] DEBUG MainWindow           - FXGLLoadingScene -> ErrorSubScene
05:55:30.884 [JavaFX Application Thread] DEBUG FXGLApplication      - Exiting FXGL
05:55:30.884 [JavaFX Application Thread] DEBUG Async                - Shutting down background threads
05:55:30.884 [JavaFX Application Thread] DEBUG MainWindow           - Closing main window
05:55:30.892 [JavaFX Application Thread] DEBUG Logger               - Closing Logger
