17:13:48.798 [main                     ] DEBUG Logger               - Configured Logger
17:13:48.811 [main                     ] DEBUG GameApplication      - Logging settings
Title: Traffic
Version: Alpha 1.0
Width: 2000
Height: 1125
Fullscreen: false
Intro: false
Profiling: false
Single step:false
App Mode: DEVELOPER
Menu Key: ESCAPE
Stage Style: DECORATED
Scene Factory: class it.uniroma1.metodologie.trafficGame.TrafficApp$1

17:13:49.150 [JavaFX Application Thread] DEBUG FXGLApplication      - Initializing FXGL
17:13:49.156 [JavaFX Application Thread] INFO  Engine               - FXGL-dev-SNAPSHOT (08.09.2020 17.31) on WINDOWS (J:13.0.2 FX:14)
17:13:49.157 [JavaFX Application Thread] DEBUG Engine               - JRE Vendor Name: Oracle Corporation
17:13:49.158 [JavaFX Application Thread] DEBUG Engine               - Running on OS: Windows 10 version 10.0
17:13:49.158 [JavaFX Application Thread] DEBUG Engine               - Architecture: amd64
17:13:49.158 [JavaFX Application Thread] INFO  Engine               - Source code and latest versions at: https://github.com/AlmasB/FXGL
17:13:49.158 [JavaFX Application Thread] INFO  Engine               -              Join the FXGL chat at: https://gitter.im/AlmasB/FXGL
17:13:49.241 [JavaFX Application Thread] DEBUG MainWindow           - Creating a JavaFX scene
17:13:49.279 [JavaFX Application Thread] DEBUG MainWindow           - Target settings size: 2000.0 x 1125.0
17:13:49.280 [JavaFX Application Thread] DEBUG MainWindow           - Scaled scene size:    2000.0 x 1125.0
17:13:49.280 [JavaFX Application Thread] DEBUG MainWindow           - Scaled ratio: (1.0, 1.0)
17:13:49.281 [JavaFX Application Thread] DEBUG MainWindow           - Set initial scene to StartupScene
17:13:49.285 [JavaFX Application Thread] DEBUG MainWindow           - Opening main window
17:13:49.357 [JavaFX Application Thread] DEBUG MainWindow           - Window border size: (16.0, 39.0)
17:13:49.357 [JavaFX Application Thread] DEBUG MainWindow           - Scaled size: 2000.0 x 1125.0
17:13:49.357 [JavaFX Application Thread] DEBUG MainWindow           - Scaled ratio: (1.0, 1.0)
17:13:49.357 [JavaFX Application Thread] DEBUG MainWindow           - Scene size: 2000.0 x 1125.0
17:13:49.358 [JavaFX Application Thread] DEBUG MainWindow           - Stage size: 2016.0 x 1164.0
17:13:49.375 [FXGL Background Thread 1 ] DEBUG Engine               - Initializing environment variables
17:13:49.399 [FXGL Background Thread 1 ] DEBUG GameApplicationServi - Applying CSS: fxgl_dark.css
17:13:49.400 [FXGL Background Thread 1 ] DEBUG FXGLAssetLoaderServi - Loading from file system: /assets/ui/css/fxgl_dark.css
17:13:49.443 [FXGL Background Thread 1 ] DEBUG GameApplicationServi - Initializing application scenes
17:13:49.502 [FXGL Background Thread 1 ] DEBUG GameWorld            - Game world initialized
17:13:49.542 [FXGL Background Thread 1 ] DEBUG PhysicsWorld         - Physics world initialized: appHeight=1125, physics.ppm=50,0
17:13:49.544 [FXGL Background Thread 1 ] DEBUG GameScene            - Game scene initialized: 2000x1125
17:13:49.552 [FXGL Background Thread 1 ] DEBUG FXGLAssetLoaderServi - Loading from file system: /assets/textures/bg.jpg
17:13:49.838 [FXGL Background Thread 1 ] DEBUG FXGLAssetLoaderServi - Loading from file system: /assets/textures/logo.png
17:13:49.925 [FXGL Background Thread 1 ] DEBUG FXGLAssetLoaderServi - Loading from file system: /assets/textures/particles/trace_horizontal.png
17:13:49.946 [FXGL Background Thread 1 ] DEBUG FXGL.DefaultMenu     - createMenuBodyGameMenu()
17:13:49.957 [FXGL Background Thread 1 ] DEBUG FXGL.DefaultMenu     - createOptionsMenu()
17:13:49.960 [FXGL Background Thread 1 ] DEBUG FXGL.DefaultMenu     - createExtraMenu()
17:13:49.963 [FXGL Background Thread 1 ] DEBUG FXGLAssetLoaderServi - Loading from file system: /assets/textures/particles/smoke.png
17:13:50.010 [FXGL Background Thread 1 ] DEBUG GameApplicationServi - Application scenes initialized
17:13:50.018 [FXGL Background Thread 1 ] DEBUG SystemBundleService  - Loading FXGL system data
17:13:50.021 [FXGL Background Thread 1 ] DEBUG FileSystemAccess     - Reading from: C:\Users\Andrea\Desktop\Homework\traffic-mobile\system\fxgl.bundle
17:13:50.027 [FXGL Background Thread 1 ] DEBUG SystemBundleService  - Bundle FXGL: {}
17:13:50.027 [FXGL Background Thread 1 ] DEBUG UpdaterService       - Checking for updates
17:13:50.054 [FXGL Background Thread 4 ] DEBUG FXGLApplication      - Loading fonts
17:13:50.054 [FXGL Background Thread 1 ] DEBUG FXGLApplication      - Loading default localization
17:13:50.055 [FXGL Background Thread 1 ] DEBUG FXGLAssetLoaderServi - Loading from file system: /assets/languages/english.lang
17:13:50.054 [FXGL Background Thread 4 ] DEBUG FXGLAssetLoaderServi - Loading from file system: /assets/ui/fonts/VarelaRound-Regular.ttf
17:13:50.067 [FXGL Background Thread 1 ] INFO  FXGLApplication      - FXGL initialization took: 0,693 sec
17:13:50.073 [JavaFX Application Thread] DEBUG Input                - Registered new binding: Change trafficlight status - F
17:13:50.074 [JavaFX Application Thread] DEBUG Input                - Registered new binding: Move Right - D
17:13:50.074 [JavaFX Application Thread] DEBUG Input                - Registered new binding: Move Left - A
17:13:50.074 [JavaFX Application Thread] DEBUG Input                - Registered new binding: Move Up - W
17:13:50.074 [JavaFX Application Thread] DEBUG Input                - Registered new binding: Move Down - S
17:13:50.075 [JavaFX Application Thread] DEBUG Input                - Registered new binding: Select and change traffic light - LMB
17:13:50.076 [JavaFX Application Thread] DEBUG FXGLAssetLoaderServi - Loading from file system: /assets/textures/fxgl_icon.png
17:13:50.084 [JavaFX Application Thread] DEBUG FXGLAssetLoaderServi - Loading from file system: /assets/ui/cursors/fxgl_default.png
17:13:50.086 [JavaFX Application Thread] DEBUG Input                - Registered new binding: Screenshot - P
17:13:50.086 [JavaFX Application Thread] DEBUG Input                - Registered new binding: Dev Options - 1
17:13:50.086 [JavaFX Application Thread] DEBUG Input                - Registered new binding: Dev Console - 2
17:13:50.087 [JavaFX Application Thread] DEBUG Input                - Registered new binding: System info dump - CTRL+9
17:13:50.088 [JavaFX Application Thread] DEBUG Input                - Registered new binding: Restart - CTRL+R
17:13:50.088 [JavaFX Application Thread] DEBUG Input                - Registered new binding: Toggle Debug Camera - CTRL+C
17:13:50.090 [JavaFX Application Thread] DEBUG LoopRunner           - Starting loop
17:13:50.100 [JavaFX Application Thread] DEBUG Input                - Clearing active input actions
17:13:50.120 [JavaFX Application Thread] DEBUG GameApplicationServi - Removing overlay from StartupScene and adding to FXGLMainMenuDummyScene
17:13:50.123 [JavaFX Application Thread] DEBUG MainWindow           - StartupScene -> FXGLMainMenuDummyScene
17:13:50.123 [JavaFX Application Thread] DEBUG MainWindow           - Push state: TrafficAppMenu
17:13:50.124 [JavaFX Application Thread] DEBUG Input                - Clearing active input actions
17:13:50.129 [JavaFX Application Thread] DEBUG GameApplicationServi - Removing overlay from FXGLMainMenuDummyScene and adding to TrafficAppMenu
17:13:50.129 [JavaFX Application Thread] DEBUG MainWindow           - FXGLMainMenuDummyScene -> TrafficAppMenu
17:13:50.548 [FXGL Background Thread 4 ] DEBUG FXGLAssetLoaderServi - Loading from file system: /assets/ui/fonts/Abel-Regular.ttf
17:13:50.551 [FXGL Background Thread 4 ] DEBUG FXGLAssetLoaderServi - Loading from file system: /assets/ui/fonts/lucida_console.ttf
17:13:50.559 [FXGL Background Thread 4 ] DEBUG FXGLAssetLoaderServi - Loading from file system: /assets/ui/fonts/Courier-Prime.ttf
17:13:50.561 [JavaFX Application Thread] DEBUG FXGLApplication      - Registering font factories with UI factory
17:13:50.927 [JavaFX Application Thread] DEBUG Menu                 - fireNewGame()
17:13:50.928 [JavaFX Application Thread] DEBUG GameApplicationServi - Starting new game
17:13:50.928 [JavaFX Application Thread] DEBUG MainWindow           - Pop state: TrafficAppMenu
17:13:50.928 [JavaFX Application Thread] DEBUG Input                - Clearing active input actions
17:13:50.929 [JavaFX Application Thread] DEBUG GameApplicationServi - Removing overlay from TrafficAppMenu and adding to FXGLMainMenuDummyScene
17:13:50.930 [JavaFX Application Thread] DEBUG MainWindow           - FXGLMainMenuDummyScene <- TrafficAppMenu
17:13:50.930 [JavaFX Application Thread] DEBUG Input                - Clearing active input actions
17:13:50.934 [JavaFX Application Thread] DEBUG GameApplicationServi - Removing overlay from FXGLMainMenuDummyScene and adding to FXGLLoadingScene
17:13:50.935 [JavaFX Application Thread] DEBUG MainWindow           - FXGLMainMenuDummyScene -> FXGLLoadingScene
17:13:50.935 [JavaFX Application Thread] DEBUG GameApplicationServi - Clearing previous game
17:13:50.935 [JavaFX Application Thread] DEBUG GameScene            - Clearing game scene
17:13:50.935 [JavaFX Application Thread] DEBUG GameWorld            - Clearing game world
17:13:50.936 [JavaFX Application Thread] DEBUG PhysicsWorld         - Clearing physics world
17:13:50.936 [FXGL Background Thread 2 ] DEBUG FXGLApplication      - Initializing game
17:13:50.942 [FXGL Background Thread 2 ] DEBUG FXGLAssetLoaderServi - Loading from file system: /assets/levels/Mappa_01.tmx
17:13:50.967 [FXGL Background Thread 2 ] WARN  TMXLevelLoader       - TiledMap generated from 1.4.1. Supported version: 1.2.3. Some features may not be parsed fully.
17:13:50.987 [FXGL Background Thread 2 ] DEBUG TMXLevelLoader       - Parsed raw map: TiledMap(width=16, height=9, tilewidth=125, tileheight=125, orientation=orthogonal, layers=[Layer(width=16, height=9, name=Tile Layer 1, type=tilelayer, visible=false, x=0, y=0, data=[37, 39, 24, 39, 5, 28, 41, 41, 41, 41, 41, 26, 5, 37, 39, 39, 39, 25, 39, 32, 5, 34, 25, 41, 25, 41, 25, 32, 5, 34, 39, 39, 6, 6, 6, 6, 7, 6, 6, 6, 6, 6, 6, 6, 7, 6, 6, 6, 41, 41, 41, 33, 5, 35, 27, 40, 27, 40, 27, 33, 5, 35, 41, 41, 42, 42, 42, 26, 5, 28, 40, 40, 40, 40, 40, 26, 5, 28, 42, 42, 41, 41, 41, 32, 5, 34, 25, 40, 25, 40, 25, 32, 5, 34, 41, 41, 6, 6, 6, 6, 7, 6, 6, 6, 6, 6, 6, 6, 7, 6, 6, 6, 40, 27, 40, 33, 5, 35, 27, 42, 27, 42, 27, 33, 5, 35, 41, 41, 38, 40, 38, 40, 5, 28, 42, 24, 42, 37, 42, 26, 5, 28, 41, 41], objects=[], opacity=0.0, draworder=), Layer(width=0, height=0, name=spawnpoints, type=objectgroup, visible=false, x=0, y=0, data=[], objects=[com.almasb.fxgl.entity.level.tiled.TiledObject@63941d1a, com.almasb.fxgl.entity.level.tiled.TiledObject@55327cc2, com.almasb.fxgl.entity.level.tiled.TiledObject@78937f4b, com.almasb.fxgl.entity.level.tiled.TiledObject@30d20680, com.almasb.fxgl.entity.level.tiled.TiledObject@736db14d, com.almasb.fxgl.entity.level.tiled.TiledObject@357f178e, com.almasb.fxgl.entity.level.tiled.TiledObject@56755f4d, com.almasb.fxgl.entity.level.tiled.TiledObject@7633b505], opacity=0.0, draworder=), Layer(width=0, height=0, name=paths, type=objectgroup, visible=false, x=0, y=0, data=[], objects=[com.almasb.fxgl.entity.level.tiled.TiledObject@684a9557, com.almasb.fxgl.entity.level.tiled.TiledObject@25443cb7, com.almasb.fxgl.entity.level.tiled.TiledObject@59379065, com.almasb.fxgl.entity.level.tiled.TiledObject@32c79ddb, com.almasb.fxgl.entity.level.tiled.TiledObject@e1b56f9, com.almasb.fxgl.entity.level.tiled.TiledObject@a3e7209, com.almasb.fxgl.entity.level.tiled.TiledObject@6f6f6f93, com.almasb.fxgl.entity.level.tiled.TiledObject@61480ee0, com.almasb.fxgl.entity.level.tiled.TiledObject@353030ae, com.almasb.fxgl.entity.level.tiled.TiledObject@4ce7b23b, com.almasb.fxgl.entity.level.tiled.TiledObject@58e04fc3, com.almasb.fxgl.entity.level.tiled.TiledObject@79fe6531, com.almasb.fxgl.entity.level.tiled.TiledObject@4d7f8fe0, com.almasb.fxgl.entity.level.tiled.TiledObject@3cf88a1e, com.almasb.fxgl.entity.level.tiled.TiledObject@66bc4415, com.almasb.fxgl.entity.level.tiled.TiledObject@6c61621e, com.almasb.fxgl.entity.level.tiled.TiledObject@5d50f0fd, com.almasb.fxgl.entity.level.tiled.TiledObject@25003933, com.almasb.fxgl.entity.level.tiled.TiledObject@21984d6a, com.almasb.fxgl.entity.level.tiled.TiledObject@460eaad5, com.almasb.fxgl.entity.level.tiled.TiledObject@1c837df1, com.almasb.fxgl.entity.level.tiled.TiledObject@386e06f3, com.almasb.fxgl.entity.level.tiled.TiledObject@5b7eff89, com.almasb.fxgl.entity.level.tiled.TiledObject@6895ae31], opacity=0.0, draworder=), Layer(width=0, height=0, name=Incroci, type=objectgroup, visible=false, x=0, y=0, data=[], objects=[com.almasb.fxgl.entity.level.tiled.TiledObject@6f7e2a27, com.almasb.fxgl.entity.level.tiled.TiledObject@27efe0a5, com.almasb.fxgl.entity.level.tiled.TiledObject@bc1c166, com.almasb.fxgl.entity.level.tiled.TiledObject@4e600209], opacity=0.0, draworder=), Layer(width=0, height=0, name=trafficLight, type=objectgroup, visible=false, x=0, y=0, data=[], objects=[com.almasb.fxgl.entity.level.tiled.TiledObject@50d136f0, com.almasb.fxgl.entity.level.tiled.TiledObject@8e30e87, com.almasb.fxgl.entity.level.tiled.TiledObject@d2c340c, com.almasb.fxgl.entity.level.tiled.TiledObject@43120fea, com.almasb.fxgl.entity.level.tiled.TiledObject@1a2dd7ce, com.almasb.fxgl.entity.level.tiled.TiledObject@aaa753a, com.almasb.fxgl.entity.level.tiled.TiledObject@664aac37, com.almasb.fxgl.entity.level.tiled.TiledObject@35f4924b, com.almasb.fxgl.entity.level.tiled.TiledObject@4113b09c, com.almasb.fxgl.entity.level.tiled.TiledObject@18490e21, com.almasb.fxgl.entity.level.tiled.TiledObject@2b51220b, com.almasb.fxgl.entity.level.tiled.TiledObject@3a269be0, com.almasb.fxgl.entity.level.tiled.TiledObject@66ed4b68, com.almasb.fxgl.entity.level.tiled.TiledObject@36056992, com.almasb.fxgl.entity.level.tiled.TiledObject@14665423, com.almasb.fxgl.entity.level.tiled.TiledObject@1a1134d4], opacity=0.0, draworder=)], tilesets=[Tileset(firstgid=1, image=../textures/rsz_tiles_sheet.png, name=rsz_tiles_sheet, tilewidth=125, tileheight=125, imagewidth=875, imageheight=750, margin=0, spacing=0, columns=7, tilecount=42, transparentcolor=41ffef, tiles=[])], backgroundcolor=, renderorder=left-up, nextobjectid=66, version=1, tiledversion=1.4.1, type=map, infinite=false, hexsidelength=0, staggeraxis=, staggerindex=, properties={}, propertytypes={})
17:13:50.988 [FXGL Background Thread 2 ] DEBUG TMXLevelLoader       - Creating tile layer entities
17:13:50.989 [FXGL Background Thread 2 ] DEBUG TilesetLoader        - Loading view for layer Tile Layer 1
17:13:50.992 [FXGL Background Thread 2 ] DEBUG TilesetLoader        - Created buffer with size 2000.0x1125.0
17:13:51.082 [FXGL Background Thread 2 ] DEBUG TilesetLoader        - Writing to buffer: dst=0,0, w=125,h=125, src=125,625
17:13:51.083 [FXGL Background Thread 2 ] DEBUG TilesetLoader        - Writing to buffer: dst=125,0, w=125,h=125, src=375,625
17:13:51.083 [FXGL Background Thread 2 ] DEBUG TilesetLoader        - Writing to buffer: dst=250,0, w=125,h=125, src=250,375
17:13:51.083 [FXGL Background Thread 2 ] DEBUG TilesetLoader        - Writing to buffer: dst=375,0, w=125,h=125, src=375,625
17:13:51.083 [FXGL Background Thread 2 ] DEBUG TilesetLoader        - Writing to buffer: dst=500,0, w=125,h=125, src=500,0
17:13:51.083 [FXGL Background Thread 2 ] DEBUG TilesetLoader        - Writing to buffer: dst=625,0, w=125,h=125, src=750,375
17:13:51.083 [FXGL Background Thread 2 ] DEBUG TilesetLoader        - Writing to buffer: dst=750,0, w=125,h=125, src=625,625
17:13:51.084 [FXGL Background Thread 2 ] DEBUG TilesetLoader        - Writing to buffer: dst=875,0, w=125,h=125, src=625,625
17:13:51.084 [FXGL Background Thread 2 ] DEBUG TilesetLoader        - Writing to buffer: dst=1000,0, w=125,h=125, src=625,625
17:13:51.084 [FXGL Background Thread 2 ] DEBUG TilesetLoader        - Writing to buffer: dst=1125,0, w=125,h=125, src=625,625
17:13:51.085 [FXGL Background Thread 2 ] DEBUG TilesetLoader        - Writing to buffer: dst=1250,0, w=125,h=125, src=625,625
17:13:51.085 [FXGL Background Thread 2 ] DEBUG TilesetLoader        - Writing to buffer: dst=1375,0, w=125,h=125, src=500,375
17:13:51.086 [FXGL Background Thread 2 ] DEBUG TilesetLoader        - Writing to buffer: dst=1500,0, w=125,h=125, src=500,0
17:13:51.086 [FXGL Background Thread 2 ] DEBUG TilesetLoader        - Writing to buffer: dst=1625,0, w=125,h=125, src=125,625
17:13:51.086 [FXGL Background Thread 2 ] DEBUG TilesetLoader        - Writing to buffer: dst=1750,0, w=125,h=125, src=375,625
17:13:51.086 [FXGL Background Thread 2 ] DEBUG TilesetLoader        - Writing to buffer: dst=1875,0, w=125,h=125, src=375,625
17:13:51.086 [FXGL Background Thread 2 ] DEBUG TilesetLoader        - Writing to buffer: dst=0,125, w=125,h=125, src=375,625
17:13:51.087 [FXGL Background Thread 2 ] DEBUG TilesetLoader        - Writing to buffer: dst=125,125, w=125,h=125, src=375,375
17:13:51.087 [FXGL Background Thread 2 ] DEBUG TilesetLoader        - Writing to buffer: dst=250,125, w=125,h=125, src=375,625
17:13:51.087 [FXGL Background Thread 2 ] DEBUG TilesetLoader        - Writing to buffer: dst=375,125, w=125,h=125, src=375,500
17:13:51.087 [FXGL Background Thread 2 ] DEBUG TilesetLoader        - Writing to buffer: dst=500,125, w=125,h=125, src=500,0
17:13:51.087 [FXGL Background Thread 2 ] DEBUG TilesetLoader        - Writing to buffer: dst=625,125, w=125,h=125, src=625,500
17:13:51.087 [FXGL Background Thread 2 ] DEBUG TilesetLoader        - Writing to buffer: dst=750,125, w=125,h=125, src=375,375
17:13:51.087 [FXGL Background Thread 2 ] DEBUG TilesetLoader        - Writing to buffer: dst=875,125, w=125,h=125, src=625,625
17:13:51.087 [FXGL Background Thread 2 ] DEBUG TilesetLoader        - Writing to buffer: dst=1000,125, w=125,h=125, src=375,375
17:13:51.088 [FXGL Background Thread 2 ] DEBUG TilesetLoader        - Writing to buffer: dst=1125,125, w=125,h=125, src=625,625
17:13:51.088 [FXGL Background Thread 2 ] DEBUG TilesetLoader        - Writing to buffer: dst=1250,125, w=125,h=125, src=375,375
17:13:51.088 [FXGL Background Thread 2 ] DEBUG TilesetLoader        - Writing to buffer: dst=1375,125, w=125,h=125, src=375,500
17:13:51.088 [FXGL Background Thread 2 ] DEBUG TilesetLoader        - Writing to buffer: dst=1500,125, w=125,h=125, src=500,0
17:13:51.088 [FXGL Background Thread 2 ] DEBUG TilesetLoader        - Writing to buffer: dst=1625,125, w=125,h=125, src=625,500
17:13:51.088 [FXGL Background Thread 2 ] DEBUG TilesetLoader        - Writing to buffer: dst=1750,125, w=125,h=125, src=375,625
17:13:51.088 [FXGL Background Thread 2 ] DEBUG TilesetLoader        - Writing to buffer: dst=1875,125, w=125,h=125, src=375,625
17:13:51.088 [FXGL Background Thread 2 ] DEBUG TilesetLoader        - Writing to buffer: dst=0,250, w=125,h=125, src=625,0
17:13:51.089 [FXGL Background Thread 2 ] DEBUG TilesetLoader        - Writing to buffer: dst=125,250, w=125,h=125, src=625,0
17:13:51.089 [FXGL Background Thread 2 ] DEBUG TilesetLoader        - Writing to buffer: dst=250,250, w=125,h=125, src=625,0
17:13:51.089 [FXGL Background Thread 2 ] DEBUG TilesetLoader        - Writing to buffer: dst=375,250, w=125,h=125, src=625,0
17:13:51.089 [FXGL Background Thread 2 ] DEBUG TilesetLoader        - Writing to buffer: dst=500,250, w=125,h=125, src=750,0
17:13:51.089 [FXGL Background Thread 2 ] DEBUG TilesetLoader        - Writing to buffer: dst=625,250, w=125,h=125, src=625,0
17:13:51.090 [FXGL Background Thread 2 ] DEBUG TilesetLoader        - Writing to buffer: dst=750,250, w=125,h=125, src=625,0
17:13:51.090 [FXGL Background Thread 2 ] DEBUG TilesetLoader        - Writing to buffer: dst=875,250, w=125,h=125, src=625,0
17:13:51.090 [FXGL Background Thread 2 ] DEBUG TilesetLoader        - Writing to buffer: dst=1000,250, w=125,h=125, src=625,0
17:13:51.090 [FXGL Background Thread 2 ] DEBUG TilesetLoader        - Writing to buffer: dst=1125,250, w=125,h=125, src=625,0
17:13:51.090 [FXGL Background Thread 2 ] DEBUG TilesetLoader        - Writing to buffer: dst=1250,250, w=125,h=125, src=625,0
17:13:51.091 [FXGL Background Thread 2 ] DEBUG TilesetLoader        - Writing to buffer: dst=1375,250, w=125,h=125, src=625,0
17:13:51.091 [FXGL Background Thread 2 ] DEBUG TilesetLoader        - Writing to buffer: dst=1500,250, w=125,h=125, src=750,0
17:13:51.091 [FXGL Background Thread 2 ] DEBUG TilesetLoader        - Writing to buffer: dst=1625,250, w=125,h=125, src=625,0
17:13:51.091 [FXGL Background Thread 2 ] DEBUG TilesetLoader        - Writing to buffer: dst=1750,250, w=125,h=125, src=625,0
17:13:51.092 [FXGL Background Thread 2 ] DEBUG TilesetLoader        - Writing to buffer: dst=1875,250, w=125,h=125, src=625,0
17:13:51.092 [FXGL Background Thread 2 ] DEBUG TilesetLoader        - Writing to buffer: dst=0,375, w=125,h=125, src=625,625
17:13:51.092 [FXGL Background Thread 2 ] DEBUG TilesetLoader        - Writing to buffer: dst=125,375, w=125,h=125, src=625,625
17:13:51.092 [FXGL Background Thread 2 ] DEBUG TilesetLoader        - Writing to buffer: dst=250,375, w=125,h=125, src=625,625
17:13:51.092 [FXGL Background Thread 2 ] DEBUG TilesetLoader        - Writing to buffer: dst=375,375, w=125,h=125, src=500,500
17:13:51.092 [FXGL Background Thread 2 ] DEBUG TilesetLoader        - Writing to buffer: dst=500,375, w=125,h=125, src=500,0
17:13:51.092 [FXGL Background Thread 2 ] DEBUG TilesetLoader        - Writing to buffer: dst=625,375, w=125,h=125, src=750,500
17:13:51.093 [FXGL Background Thread 2 ] DEBUG TilesetLoader        - Writing to buffer: dst=750,375, w=125,h=125, src=625,375
17:13:51.093 [FXGL Background Thread 2 ] DEBUG TilesetLoader        - Writing to buffer: dst=875,375, w=125,h=125, src=500,625
17:13:51.093 [FXGL Background Thread 2 ] DEBUG TilesetLoader        - Writing to buffer: dst=1000,375, w=125,h=125, src=625,375
17:13:51.093 [FXGL Background Thread 2 ] DEBUG TilesetLoader        - Writing to buffer: dst=1125,375, w=125,h=125, src=500,625
17:13:51.093 [FXGL Background Thread 2 ] DEBUG TilesetLoader        - Writing to buffer: dst=1250,375, w=125,h=125, src=625,375
17:13:51.093 [FXGL Background Thread 2 ] DEBUG TilesetLoader        - Writing to buffer: dst=1375,375, w=125,h=125, src=500,500
17:13:51.094 [FXGL Background Thread 2 ] DEBUG TilesetLoader        - Writing to buffer: dst=1500,375, w=125,h=125, src=500,0
17:13:51.094 [FXGL Background Thread 2 ] DEBUG TilesetLoader        - Writing to buffer: dst=1625,375, w=125,h=125, src=750,500
17:13:51.094 [FXGL Background Thread 2 ] DEBUG TilesetLoader        - Writing to buffer: dst=1750,375, w=125,h=125, src=625,625
17:13:51.094 [FXGL Background Thread 2 ] DEBUG TilesetLoader        - Writing to buffer: dst=1875,375, w=125,h=125, src=625,625
17:13:51.094 [FXGL Background Thread 2 ] DEBUG TilesetLoader        - Writing to buffer: dst=0,500, w=125,h=125, src=750,625
17:13:51.094 [FXGL Background Thread 2 ] DEBUG TilesetLoader        - Writing to buffer: dst=125,500, w=125,h=125, src=750,625
17:13:51.094 [FXGL Background Thread 2 ] DEBUG TilesetLoader        - Writing to buffer: dst=250,500, w=125,h=125, src=750,625
17:13:51.095 [FXGL Background Thread 2 ] DEBUG TilesetLoader        - Writing to buffer: dst=375,500, w=125,h=125, src=500,375
17:13:51.095 [FXGL Background Thread 2 ] DEBUG TilesetLoader        - Writing to buffer: dst=500,500, w=125,h=125, src=500,0
17:13:51.095 [FXGL Background Thread 2 ] DEBUG TilesetLoader        - Writing to buffer: dst=625,500, w=125,h=125, src=750,375
17:13:51.095 [FXGL Background Thread 2 ] DEBUG TilesetLoader        - Writing to buffer: dst=750,500, w=125,h=125, src=500,625
17:13:51.095 [FXGL Background Thread 2 ] DEBUG TilesetLoader        - Writing to buffer: dst=875,500, w=125,h=125, src=500,625
17:13:51.095 [FXGL Background Thread 2 ] DEBUG TilesetLoader        - Writing to buffer: dst=1000,500, w=125,h=125, src=500,625
17:13:51.095 [FXGL Background Thread 2 ] DEBUG TilesetLoader        - Writing to buffer: dst=1125,500, w=125,h=125, src=500,625
17:13:51.096 [FXGL Background Thread 2 ] DEBUG TilesetLoader        - Writing to buffer: dst=1250,500, w=125,h=125, src=500,625
17:13:51.096 [FXGL Background Thread 2 ] DEBUG TilesetLoader        - Writing to buffer: dst=1375,500, w=125,h=125, src=500,375
17:13:51.096 [FXGL Background Thread 2 ] DEBUG TilesetLoader        - Writing to buffer: dst=1500,500, w=125,h=125, src=500,0
17:13:51.096 [FXGL Background Thread 2 ] DEBUG TilesetLoader        - Writing to buffer: dst=1625,500, w=125,h=125, src=750,375
17:13:51.096 [FXGL Background Thread 2 ] DEBUG TilesetLoader        - Writing to buffer: dst=1750,500, w=125,h=125, src=750,625
17:13:51.096 [FXGL Background Thread 2 ] DEBUG TilesetLoader        - Writing to buffer: dst=1875,500, w=125,h=125, src=750,625
17:13:51.097 [FXGL Background Thread 2 ] DEBUG TilesetLoader        - Writing to buffer: dst=0,625, w=125,h=125, src=625,625
17:13:51.097 [FXGL Background Thread 2 ] DEBUG TilesetLoader        - Writing to buffer: dst=125,625, w=125,h=125, src=625,625
17:13:51.097 [FXGL Background Thread 2 ] DEBUG TilesetLoader        - Writing to buffer: dst=250,625, w=125,h=125, src=625,625
17:13:51.097 [FXGL Background Thread 2 ] DEBUG TilesetLoader        - Writing to buffer: dst=375,625, w=125,h=125, src=375,500
17:13:51.097 [FXGL Background Thread 2 ] DEBUG TilesetLoader        - Writing to buffer: dst=500,625, w=125,h=125, src=500,0
17:13:51.097 [FXGL Background Thread 2 ] DEBUG TilesetLoader        - Writing to buffer: dst=625,625, w=125,h=125, src=625,500
17:13:51.097 [FXGL Background Thread 2 ] DEBUG TilesetLoader        - Writing to buffer: dst=750,625, w=125,h=125, src=375,375
17:13:51.097 [FXGL Background Thread 2 ] DEBUG TilesetLoader        - Writing to buffer: dst=875,625, w=125,h=125, src=500,625
17:13:51.097 [FXGL Background Thread 2 ] DEBUG TilesetLoader        - Writing to buffer: dst=1000,625, w=125,h=125, src=375,375
17:13:51.099 [FXGL Background Thread 2 ] DEBUG TilesetLoader        - Writing to buffer: dst=1125,625, w=125,h=125, src=500,625
17:13:51.099 [FXGL Background Thread 2 ] DEBUG TilesetLoader        - Writing to buffer: dst=1250,625, w=125,h=125, src=375,375
17:13:51.100 [FXGL Background Thread 2 ] DEBUG TilesetLoader        - Writing to buffer: dst=1375,625, w=125,h=125, src=375,500
17:13:51.100 [FXGL Background Thread 2 ] DEBUG TilesetLoader        - Writing to buffer: dst=1500,625, w=125,h=125, src=500,0
17:13:51.100 [FXGL Background Thread 2 ] DEBUG TilesetLoader        - Writing to buffer: dst=1625,625, w=125,h=125, src=625,500
17:13:51.100 [FXGL Background Thread 2 ] DEBUG TilesetLoader        - Writing to buffer: dst=1750,625, w=125,h=125, src=625,625
17:13:51.100 [FXGL Background Thread 2 ] DEBUG TilesetLoader        - Writing to buffer: dst=1875,625, w=125,h=125, src=625,625
17:13:51.100 [FXGL Background Thread 2 ] DEBUG TilesetLoader        - Writing to buffer: dst=0,750, w=125,h=125, src=625,0
17:13:51.100 [FXGL Background Thread 2 ] DEBUG TilesetLoader        - Writing to buffer: dst=125,750, w=125,h=125, src=625,0
17:13:51.101 [FXGL Background Thread 2 ] DEBUG TilesetLoader        - Writing to buffer: dst=250,750, w=125,h=125, src=625,0
17:13:51.101 [FXGL Background Thread 2 ] DEBUG TilesetLoader        - Writing to buffer: dst=375,750, w=125,h=125, src=625,0
17:13:51.101 [FXGL Background Thread 2 ] DEBUG TilesetLoader        - Writing to buffer: dst=500,750, w=125,h=125, src=750,0
17:13:51.101 [FXGL Background Thread 2 ] DEBUG TilesetLoader        - Writing to buffer: dst=625,750, w=125,h=125, src=625,0
17:13:51.101 [FXGL Background Thread 2 ] DEBUG TilesetLoader        - Writing to buffer: dst=750,750, w=125,h=125, src=625,0
17:13:51.102 [FXGL Background Thread 2 ] DEBUG TilesetLoader        - Writing to buffer: dst=875,750, w=125,h=125, src=625,0
17:13:51.102 [FXGL Background Thread 2 ] DEBUG TilesetLoader        - Writing to buffer: dst=1000,750, w=125,h=125, src=625,0
17:13:51.102 [FXGL Background Thread 2 ] DEBUG TilesetLoader        - Writing to buffer: dst=1125,750, w=125,h=125, src=625,0
17:13:51.102 [FXGL Background Thread 2 ] DEBUG TilesetLoader        - Writing to buffer: dst=1250,750, w=125,h=125, src=625,0
17:13:51.102 [FXGL Background Thread 2 ] DEBUG TilesetLoader        - Writing to buffer: dst=1375,750, w=125,h=125, src=625,0
17:13:51.102 [FXGL Background Thread 2 ] DEBUG TilesetLoader        - Writing to buffer: dst=1500,750, w=125,h=125, src=750,0
17:13:51.102 [FXGL Background Thread 2 ] DEBUG TilesetLoader        - Writing to buffer: dst=1625,750, w=125,h=125, src=625,0
17:13:51.102 [FXGL Background Thread 2 ] DEBUG TilesetLoader        - Writing to buffer: dst=1750,750, w=125,h=125, src=625,0
17:13:51.102 [FXGL Background Thread 2 ] DEBUG TilesetLoader        - Writing to buffer: dst=1875,750, w=125,h=125, src=625,0
17:13:51.102 [FXGL Background Thread 2 ] DEBUG TilesetLoader        - Writing to buffer: dst=0,875, w=125,h=125, src=500,625
17:13:51.102 [FXGL Background Thread 2 ] DEBUG TilesetLoader        - Writing to buffer: dst=125,875, w=125,h=125, src=625,375
17:13:51.103 [FXGL Background Thread 2 ] DEBUG TilesetLoader        - Writing to buffer: dst=250,875, w=125,h=125, src=500,625
17:13:51.103 [FXGL Background Thread 2 ] DEBUG TilesetLoader        - Writing to buffer: dst=375,875, w=125,h=125, src=500,500
17:13:51.103 [FXGL Background Thread 2 ] DEBUG TilesetLoader        - Writing to buffer: dst=500,875, w=125,h=125, src=500,0
17:13:51.103 [FXGL Background Thread 2 ] DEBUG TilesetLoader        - Writing to buffer: dst=625,875, w=125,h=125, src=750,500
17:13:51.103 [FXGL Background Thread 2 ] DEBUG TilesetLoader        - Writing to buffer: dst=750,875, w=125,h=125, src=625,375
17:13:51.103 [FXGL Background Thread 2 ] DEBUG TilesetLoader        - Writing to buffer: dst=875,875, w=125,h=125, src=750,625
17:13:51.104 [FXGL Background Thread 2 ] DEBUG TilesetLoader        - Writing to buffer: dst=1000,875, w=125,h=125, src=625,375
17:13:51.104 [FXGL Background Thread 2 ] DEBUG TilesetLoader        - Writing to buffer: dst=1125,875, w=125,h=125, src=750,625
17:13:51.104 [FXGL Background Thread 2 ] DEBUG TilesetLoader        - Writing to buffer: dst=1250,875, w=125,h=125, src=625,375
17:13:51.104 [FXGL Background Thread 2 ] DEBUG TilesetLoader        - Writing to buffer: dst=1375,875, w=125,h=125, src=500,500
17:13:51.104 [FXGL Background Thread 2 ] DEBUG TilesetLoader        - Writing to buffer: dst=1500,875, w=125,h=125, src=500,0
17:13:51.104 [FXGL Background Thread 2 ] DEBUG TilesetLoader        - Writing to buffer: dst=1625,875, w=125,h=125, src=750,500
17:13:51.105 [FXGL Background Thread 2 ] DEBUG TilesetLoader        - Writing to buffer: dst=1750,875, w=125,h=125, src=625,625
17:13:51.106 [FXGL Background Thread 2 ] DEBUG TilesetLoader        - Writing to buffer: dst=1875,875, w=125,h=125, src=625,625
17:13:51.106 [FXGL Background Thread 2 ] DEBUG TilesetLoader        - Writing to buffer: dst=0,1000, w=125,h=125, src=250,625
17:13:51.106 [FXGL Background Thread 2 ] DEBUG TilesetLoader        - Writing to buffer: dst=125,1000, w=125,h=125, src=500,625
17:13:51.106 [FXGL Background Thread 2 ] DEBUG TilesetLoader        - Writing to buffer: dst=250,1000, w=125,h=125, src=250,625
17:13:51.106 [FXGL Background Thread 2 ] DEBUG TilesetLoader        - Writing to buffer: dst=375,1000, w=125,h=125, src=500,625
17:13:51.106 [FXGL Background Thread 2 ] DEBUG TilesetLoader        - Writing to buffer: dst=500,1000, w=125,h=125, src=500,0
17:13:51.107 [FXGL Background Thread 2 ] DEBUG TilesetLoader        - Writing to buffer: dst=625,1000, w=125,h=125, src=750,375
17:13:51.107 [FXGL Background Thread 2 ] DEBUG TilesetLoader        - Writing to buffer: dst=750,1000, w=125,h=125, src=750,625
17:13:51.107 [FXGL Background Thread 2 ] DEBUG TilesetLoader        - Writing to buffer: dst=875,1000, w=125,h=125, src=250,375
17:13:51.107 [FXGL Background Thread 2 ] DEBUG TilesetLoader        - Writing to buffer: dst=1000,1000, w=125,h=125, src=750,625
17:13:51.107 [FXGL Background Thread 2 ] DEBUG TilesetLoader        - Writing to buffer: dst=1125,1000, w=125,h=125, src=125,625
17:13:51.107 [FXGL Background Thread 2 ] DEBUG TilesetLoader        - Writing to buffer: dst=1250,1000, w=125,h=125, src=750,625
17:13:51.107 [FXGL Background Thread 2 ] DEBUG TilesetLoader        - Writing to buffer: dst=1375,1000, w=125,h=125, src=500,375
17:13:51.108 [FXGL Background Thread 2 ] DEBUG TilesetLoader        - Writing to buffer: dst=1500,1000, w=125,h=125, src=500,0
17:13:51.108 [FXGL Background Thread 2 ] DEBUG TilesetLoader        - Writing to buffer: dst=1625,1000, w=125,h=125, src=750,375
17:13:51.108 [FXGL Background Thread 2 ] DEBUG TilesetLoader        - Writing to buffer: dst=1750,1000, w=125,h=125, src=625,625
17:13:51.108 [FXGL Background Thread 2 ] DEBUG TilesetLoader        - Writing to buffer: dst=1875,1000, w=125,h=125, src=625,625
17:13:51.108 [FXGL Background Thread 2 ] DEBUG TMXLevelLoader       - Creating object layer entities
17:13:51.148 [FXGL Background Thread 2 ] DEBUG FXGLAssetLoaderServi - Loading from file system: /assets/textures/semaforoRosso-01.png
17:13:51.151 [FXGL Background Thread 2 ] DEBUG FXGLAssetLoaderServi - Loading from file system: /assets/textures/semaforoVerde-01.png
17:13:51.153 [FXGL Background Thread 2 ] DEBUG FXGLAssetLoaderServi - Loading from cache: /assets/textures/semaforoRosso-01.png
17:13:51.154 [FXGL Background Thread 2 ] DEBUG FXGLAssetLoaderServi - Loading from cache: /assets/textures/semaforoVerde-01.png
17:13:51.154 [FXGL Background Thread 2 ] DEBUG FXGLAssetLoaderServi - Loading from cache: /assets/textures/semaforoRosso-01.png
17:13:51.154 [FXGL Background Thread 2 ] DEBUG FXGLAssetLoaderServi - Loading from cache: /assets/textures/semaforoVerde-01.png
17:13:51.155 [FXGL Background Thread 2 ] DEBUG FXGLAssetLoaderServi - Loading from cache: /assets/textures/semaforoRosso-01.png
17:13:51.155 [FXGL Background Thread 2 ] DEBUG FXGLAssetLoaderServi - Loading from cache: /assets/textures/semaforoVerde-01.png
17:13:51.155 [FXGL Background Thread 2 ] DEBUG FXGLAssetLoaderServi - Loading from file system: /assets/textures/semaforoRosso-04.png
17:13:51.157 [FXGL Background Thread 2 ] DEBUG FXGLAssetLoaderServi - Loading from file system: /assets/textures/semaforoVerde-04.png
17:13:51.159 [FXGL Background Thread 2 ] DEBUG FXGLAssetLoaderServi - Loading from cache: /assets/textures/semaforoRosso-04.png
17:13:51.159 [FXGL Background Thread 2 ] DEBUG FXGLAssetLoaderServi - Loading from cache: /assets/textures/semaforoVerde-04.png
17:13:51.159 [FXGL Background Thread 2 ] DEBUG FXGLAssetLoaderServi - Loading from cache: /assets/textures/semaforoRosso-04.png
17:13:51.160 [FXGL Background Thread 2 ] DEBUG FXGLAssetLoaderServi - Loading from cache: /assets/textures/semaforoVerde-04.png
17:13:51.160 [FXGL Background Thread 2 ] DEBUG FXGLAssetLoaderServi - Loading from cache: /assets/textures/semaforoRosso-04.png
17:13:51.160 [FXGL Background Thread 2 ] DEBUG FXGLAssetLoaderServi - Loading from cache: /assets/textures/semaforoVerde-04.png
17:13:51.161 [FXGL Background Thread 2 ] DEBUG FXGLAssetLoaderServi - Loading from file system: /assets/textures/semaforoRosso-03.png
17:13:51.163 [FXGL Background Thread 2 ] DEBUG FXGLAssetLoaderServi - Loading from file system: /assets/textures/semaforoVerde-03.png
17:13:51.165 [FXGL Background Thread 2 ] DEBUG FXGLAssetLoaderServi - Loading from cache: /assets/textures/semaforoRosso-03.png
17:13:51.165 [FXGL Background Thread 2 ] DEBUG FXGLAssetLoaderServi - Loading from cache: /assets/textures/semaforoVerde-03.png
17:13:51.165 [FXGL Background Thread 2 ] DEBUG FXGLAssetLoaderServi - Loading from cache: /assets/textures/semaforoRosso-03.png
17:13:51.165 [FXGL Background Thread 2 ] DEBUG FXGLAssetLoaderServi - Loading from cache: /assets/textures/semaforoVerde-03.png
17:13:51.166 [FXGL Background Thread 2 ] DEBUG FXGLAssetLoaderServi - Loading from cache: /assets/textures/semaforoRosso-03.png
17:13:51.166 [FXGL Background Thread 2 ] DEBUG FXGLAssetLoaderServi - Loading from cache: /assets/textures/semaforoVerde-03.png
17:13:51.166 [FXGL Background Thread 2 ] DEBUG FXGLAssetLoaderServi - Loading from file system: /assets/textures/semaforoRosso-02.png
17:13:51.168 [FXGL Background Thread 2 ] DEBUG FXGLAssetLoaderServi - Loading from file system: /assets/textures/semaforoVerde-02.png
17:13:51.170 [FXGL Background Thread 2 ] DEBUG FXGLAssetLoaderServi - Loading from cache: /assets/textures/semaforoRosso-02.png
17:13:51.170 [FXGL Background Thread 2 ] DEBUG FXGLAssetLoaderServi - Loading from cache: /assets/textures/semaforoVerde-02.png
17:13:51.171 [FXGL Background Thread 2 ] DEBUG FXGLAssetLoaderServi - Loading from cache: /assets/textures/semaforoRosso-02.png
17:13:51.171 [FXGL Background Thread 2 ] DEBUG FXGLAssetLoaderServi - Loading from cache: /assets/textures/semaforoVerde-02.png
17:13:51.172 [FXGL Background Thread 2 ] DEBUG FXGLAssetLoaderServi - Loading from cache: /assets/textures/semaforoRosso-02.png
17:13:51.172 [FXGL Background Thread 2 ] DEBUG FXGLAssetLoaderServi - Loading from cache: /assets/textures/semaforoVerde-02.png
17:13:51.173 [FXGL Background Thread 2 ] DEBUG GameWorld            - Clearing removable entities
17:13:51.173 [FXGL Background Thread 2 ] DEBUG GameWorld            - Setting level: com.almasb.fxgl.entity.level.Level@6dbe70d3
17:13:51.180 [FXGL Background Thread 2 ] DEBUG FXGLAssetLoaderServi - Loading from file system: /assets/textures/pointer-sprite.png
17:13:51.207 [FXGL Background Thread 2 ] INFO  FXGLApplication      - Game initialization took: 0,269 sec
17:13:51.207 [JavaFX Application Thread] DEBUG Input                - Clearing active input actions
17:13:51.214 [JavaFX Application Thread] DEBUG GameApplicationServi - Removing overlay from FXGLLoadingScene and adding to GameScene
17:13:51.218 [JavaFX Application Thread] DEBUG MainWindow           - FXGLLoadingScene -> GameScene
17:13:53.048 [FXGL Background Thread 3 ] DEBUG Engine               - Logging environment variables
17:13:53.050 [FXGL Background Thread 3 ] DEBUG Engine               - achievements: []
17:13:53.050 [FXGL Background Thread 3 ] DEBUG Engine               - appIcon: fxgl_icon.png
17:13:53.051 [FXGL Background Thread 3 ] DEBUG Engine               - applicationMode: DEVELOPER
17:13:53.051 [FXGL Background Thread 3 ] DEBUG Engine               - cSSList: [fxgl_dark.css]
17:13:53.051 [FXGL Background Thread 3 ] DEBUG Engine               - configClass: Optional.empty
17:13:53.051 [FXGL Background Thread 3 ] DEBUG Engine               - credits: []
17:13:53.052 [FXGL Background Thread 3 ] DEBUG Engine               - devBBoxColorProperty: ObjectProperty [value: 0xff0000ff]
17:13:53.053 [FXGL Background Thread 3 ] DEBUG Engine               - devEnableDebugCameraProperty: BooleanProperty [value: false]
17:13:53.053 [FXGL Background Thread 3 ] DEBUG Engine               - devSensorColorProperty: ObjectProperty [value: 0xffff00ff]
17:13:53.053 [FXGL Background Thread 3 ] DEBUG Engine               - devShowBBoxProperty: BooleanProperty [value: false]
17:13:53.053 [FXGL Background Thread 3 ] DEBUG Engine               - devShowPositionProperty: BooleanProperty [value: false]
17:13:53.053 [FXGL Background Thread 3 ] DEBUG Engine               - enabledMenuItems: [SAVE_LOAD, EXTRA, ONLINE]
17:13:53.054 [FXGL Background Thread 3 ] DEBUG Engine               - engineServices: [class com.almasb.fxgl.app.FXGLApplication$GameApplicationService, class com.almasb.fxgl.app.services.FXGLDialogService, class com.almasb.fxgl.app.services.IOTaskExecutorService, class com.almasb.fxgl.event.EventBusService, class com.almasb.fxgl.io.FileSystemService, class com.almasb.fxgl.localization.LocalizationService, class com.almasb.fxgl.app.services.FXGLAssetLoaderService, class com.almasb.fxgl.app.services.SystemBundleService, class com.almasb.fxgl.profile.SaveLoadService, class com.almasb.fxgl.ui.FXGLUIFactoryServiceProvider, class com.almasb.fxgl.ui.FXGLDialogFactoryServiceProvider, class com.almasb.fxgl.audio.AudioPlayer, class com.almasb.fxgl.notification.impl.NotificationServiceProvider, class com.almasb.fxgl.achievement.AchievementService, class com.almasb.fxgl.cutscene.CutsceneService, class com.almasb.fxgl.minigames.MiniGameService, class com.almasb.fxgl.net.NetService, class com.almasb.fxgl.app.services.UpdaterService, class com.almasb.fxgl.dev.DevService]
17:13:53.054 [FXGL Background Thread 3 ] DEBUG Engine               - fontGame: Abel-Regular.ttf
17:13:53.054 [FXGL Background Thread 3 ] DEBUG Engine               - fontMono: lucida_console.ttf
17:13:53.054 [FXGL Background Thread 3 ] DEBUG Engine               - fontText: Courier-Prime.ttf
17:13:53.054 [FXGL Background Thread 3 ] DEBUG Engine               - fontUI: VarelaRound-Regular.ttf
17:13:53.054 [FXGL Background Thread 3 ] DEBUG Engine               - fullScreen: BooleanProperty [value: false]
17:13:53.054 [FXGL Background Thread 3 ] DEBUG Engine               - gameDifficulty: MEDIUM
17:13:53.054 [FXGL Background Thread 3 ] DEBUG Engine               - gameDifficultyProperty: ObjectProperty [value: MEDIUM]
17:13:53.054 [FXGL Background Thread 3 ] DEBUG Engine               - globalMusicVolume: 0.5
17:13:53.054 [FXGL Background Thread 3 ] DEBUG Engine               - globalMusicVolumeProperty: DoubleProperty [value: 0.5]
17:13:53.054 [FXGL Background Thread 3 ] DEBUG Engine               - globalSoundVolume: 0.5
17:13:53.054 [FXGL Background Thread 3 ] DEBUG Engine               - globalSoundVolumeProperty: DoubleProperty [value: 0.5]
17:13:53.054 [FXGL Background Thread 3 ] DEBUG Engine               - height: 1125
17:13:53.054 [FXGL Background Thread 3 ] DEBUG Engine               - isAndroid: false
17:13:53.054 [FXGL Background Thread 3 ] DEBUG Engine               - isBrowser: false
17:13:53.054 [FXGL Background Thread 3 ] DEBUG Engine               - isClickFeedbackEnabled: false
17:13:53.055 [FXGL Background Thread 3 ] DEBUG Engine               - isCloseConfirmation: false
17:13:53.056 [FXGL Background Thread 3 ] DEBUG Engine               - isDesktop: true
17:13:53.057 [FXGL Background Thread 3 ] DEBUG Engine               - isDeveloperMenuEnabled: true
17:13:53.058 [FXGL Background Thread 3 ] DEBUG Engine               - isEntityPreloadEnabled: true
17:13:53.058 [FXGL Background Thread 3 ] DEBUG Engine               - isExperimentalNative: false
17:13:53.058 [FXGL Background Thread 3 ] DEBUG Engine               - isExperimentalTiledLargeMap: false
17:13:53.058 [FXGL Background Thread 3 ] DEBUG Engine               - isFileSystemWriteAllowed: true
17:13:53.058 [FXGL Background Thread 3 ] DEBUG Engine               - isFullScreenAllowed: false
17:13:53.058 [FXGL Background Thread 3 ] DEBUG Engine               - isFullScreenFromStart: false
17:13:53.059 [FXGL Background Thread 3 ] DEBUG Engine               - isGameMenuEnabled: true
17:13:53.059 [FXGL Background Thread 3 ] DEBUG Engine               - isIOS: false
17:13:53.059 [FXGL Background Thread 3 ] DEBUG Engine               - isIntroEnabled: false
17:13:53.059 [FXGL Background Thread 3 ] DEBUG Engine               - isLinux: false
17:13:53.059 [FXGL Background Thread 3 ] DEBUG Engine               - isMac: false
17:13:53.059 [FXGL Background Thread 3 ] DEBUG Engine               - isMainMenuEnabled: true
17:13:53.059 [FXGL Background Thread 3 ] DEBUG Engine               - isManualResizeEnabled: true
17:13:53.059 [FXGL Background Thread 3 ] DEBUG Engine               - isMobile: false
17:13:53.059 [FXGL Background Thread 3 ] DEBUG Engine               - isPreserveResizeRatio: true
17:13:53.059 [FXGL Background Thread 3 ] DEBUG Engine               - isProfilingEnabled: false
17:13:53.060 [FXGL Background Thread 3 ] DEBUG Engine               - isSingleStep: false
17:13:53.060 [FXGL Background Thread 3 ] DEBUG Engine               - isUserProfileEnabled: false
17:13:53.060 [FXGL Background Thread 3 ] DEBUG Engine               - isWindows: true
17:13:53.060 [FXGL Background Thread 3 ] DEBUG Engine               - language: ObjectProperty [value: ENGLISH]
17:13:53.060 [FXGL Background Thread 3 ] DEBUG Engine               - menuKey: ESCAPE
17:13:53.060 [FXGL Background Thread 3 ] DEBUG Engine               - notificationViewClass: class com.almasb.fxgl.notification.view.XboxNotificationView
17:13:53.060 [FXGL Background Thread 3 ] DEBUG Engine               - pixelsPerMeter: 50.0
17:13:53.060 [FXGL Background Thread 3 ] DEBUG Engine               - platform: WINDOWS
17:13:53.060 [FXGL Background Thread 3 ] DEBUG Engine               - profileDir: profiles/
17:13:53.060 [FXGL Background Thread 3 ] DEBUG Engine               - profileName: StringProperty [value: DEFAULT]
17:13:53.060 [FXGL Background Thread 3 ] DEBUG Engine               - randomSeed: -1
17:13:53.060 [FXGL Background Thread 3 ] DEBUG Engine               - runtimeInfo: RuntimeInfo(platform=WINDOWS, version=dev-SNAPSHOT, build=08.09.2020 17.31)
17:13:53.060 [FXGL Background Thread 3 ] DEBUG Engine               - saveFileExt: sav
17:13:53.061 [FXGL Background Thread 3 ] DEBUG Engine               - sceneFactory: it.uniroma1.metodologie.trafficGame.TrafficApp$1@3110b1f9
17:13:53.061 [FXGL Background Thread 3 ] DEBUG Engine               - secondsIn24h: 60
17:13:53.061 [FXGL Background Thread 3 ] DEBUG Engine               - soundMenuBack: menu/back.wav
17:13:53.061 [FXGL Background Thread 3 ] DEBUG Engine               - soundMenuPress: menu/press.wav
17:13:53.061 [FXGL Background Thread 3 ] DEBUG Engine               - soundMenuSelect: menu/select.wav
17:13:53.061 [FXGL Background Thread 3 ] DEBUG Engine               - soundNotification: core/notification.wav
17:13:53.061 [FXGL Background Thread 3 ] DEBUG Engine               - stageStyle: DECORATED
17:13:53.061 [FXGL Background Thread 3 ] DEBUG Engine               - supportedLanguages: [ENGLISH, FRENCH, GERMAN, HUNGARIAN, RUSSIAN]
17:13:53.061 [FXGL Background Thread 3 ] DEBUG Engine               - title: Traffic
17:13:53.061 [FXGL Background Thread 3 ] DEBUG Engine               - urlGithub: https://github.com/AlmasB/FXGL
17:13:53.061 [FXGL Background Thread 3 ] DEBUG Engine               - urlLeaderboard: http://fxgl-top.herokuapp.com/
17:13:53.061 [FXGL Background Thread 3 ] DEBUG Engine               - urlPOM: https://raw.githubusercontent.com/AlmasB/FXGL/master/pom.xml
17:13:53.061 [FXGL Background Thread 3 ] DEBUG Engine               - version: Alpha 1.0
17:13:53.061 [FXGL Background Thread 3 ] DEBUG Engine               - versionCheckDays: 7
17:13:53.061 [FXGL Background Thread 3 ] DEBUG Engine               - width: 2000
17:13:53.061 [FXGL Background Thread 3 ] DEBUG Engine               - Logging services
17:13:53.061 [FXGL Background Thread 3 ] DEBUG Engine               - class com.almasb.fxgl.app.FXGLApplication$GameApplicationService
17:13:53.061 [FXGL Background Thread 3 ] DEBUG Engine               - class com.almasb.fxgl.app.services.FXGLDialogService
17:13:53.061 [FXGL Background Thread 3 ] DEBUG Engine               - class com.almasb.fxgl.app.services.IOTaskExecutorService
17:13:53.061 [FXGL Background Thread 3 ] DEBUG Engine               - class com.almasb.fxgl.event.EventBusService
17:13:53.062 [FXGL Background Thread 3 ] DEBUG Engine               - class com.almasb.fxgl.io.FileSystemService
17:13:53.062 [FXGL Background Thread 3 ] DEBUG Engine               - class com.almasb.fxgl.localization.LocalizationService
17:13:53.062 [FXGL Background Thread 3 ] DEBUG Engine               - class com.almasb.fxgl.app.services.FXGLAssetLoaderService
17:13:53.062 [FXGL Background Thread 3 ] DEBUG Engine               - class com.almasb.fxgl.app.services.SystemBundleService
17:13:53.062 [FXGL Background Thread 3 ] DEBUG Engine               - class com.almasb.fxgl.profile.SaveLoadService
17:13:53.062 [FXGL Background Thread 3 ] DEBUG Engine               - class com.almasb.fxgl.ui.FXGLUIFactoryServiceProvider
17:13:53.062 [FXGL Background Thread 3 ] DEBUG Engine               - class com.almasb.fxgl.ui.FXGLDialogFactoryServiceProvider
17:13:53.062 [FXGL Background Thread 3 ] DEBUG Engine               - class com.almasb.fxgl.audio.AudioPlayer
17:13:53.062 [FXGL Background Thread 3 ] DEBUG Engine               - class com.almasb.fxgl.notification.impl.NotificationServiceProvider
17:13:53.063 [FXGL Background Thread 3 ] DEBUG Engine               - class com.almasb.fxgl.achievement.AchievementService
17:13:53.064 [FXGL Background Thread 3 ] DEBUG Engine               - class com.almasb.fxgl.cutscene.CutsceneService
17:13:53.064 [FXGL Background Thread 3 ] DEBUG Engine               - class com.almasb.fxgl.minigames.MiniGameService
17:13:53.064 [FXGL Background Thread 3 ] DEBUG Engine               - class com.almasb.fxgl.net.NetService
17:13:53.064 [FXGL Background Thread 3 ] DEBUG Engine               - class com.almasb.fxgl.app.services.UpdaterService
17:13:53.064 [FXGL Background Thread 3 ] DEBUG Engine               - class com.almasb.fxgl.dev.DevService
17:13:56.759 [JavaFX Application Thread] DEBUG MainWindow           - Push state: FXGLDefaultMenu
17:13:56.763 [JavaFX Application Thread] DEBUG Input                - Clearing active input actions
17:13:56.765 [JavaFX Application Thread] DEBUG GameApplicationServi - Removing overlay from GameScene and adding to FXGLDefaultMenu
17:13:56.766 [JavaFX Application Thread] DEBUG MainWindow           - GameScene -> FXGLDefaultMenu
17:13:58.468 [JavaFX Application Thread] DEBUG Menu                 - fireExitToMainMenu()
17:13:58.470 [JavaFX Application Thread] DEBUG MainWindow           - Push state: DialogSubScene
17:13:58.470 [JavaFX Application Thread] DEBUG Input                - Clearing active input actions
17:13:58.470 [JavaFX Application Thread] DEBUG GameApplicationServi - Removing overlay from FXGLDefaultMenu and adding to DialogSubScene
17:13:58.471 [JavaFX Application Thread] DEBUG MainWindow           - FXGLDefaultMenu -> DialogSubScene
17:13:59.475 [JavaFX Application Thread] DEBUG MainWindow           - Pop state: DialogSubScene
17:13:59.475 [JavaFX Application Thread] DEBUG Input                - Clearing active input actions
17:13:59.476 [JavaFX Application Thread] DEBUG GameApplicationServi - Removing overlay from DialogSubScene and adding to FXGLDefaultMenu
17:13:59.476 [JavaFX Application Thread] DEBUG MainWindow           - FXGLDefaultMenu <- DialogSubScene
17:13:59.477 [JavaFX Application Thread] DEBUG MainWindow           - Pop state: FXGLDefaultMenu
17:13:59.478 [JavaFX Application Thread] DEBUG Input                - Clearing active input actions
17:13:59.478 [JavaFX Application Thread] DEBUG GameApplicationServi - Removing overlay from FXGLDefaultMenu and adding to GameScene
17:13:59.478 [JavaFX Application Thread] DEBUG MainWindow           - GameScene <- FXGLDefaultMenu
17:13:59.478 [JavaFX Application Thread] DEBUG Input                - Clearing active input actions
17:13:59.485 [JavaFX Application Thread] DEBUG GameApplicationServi - Removing overlay from GameScene and adding to FXGLMainMenuDummyScene
17:13:59.489 [JavaFX Application Thread] DEBUG MainWindow           - GameScene -> FXGLMainMenuDummyScene
17:13:59.489 [JavaFX Application Thread] DEBUG MainWindow           - Push state: TrafficAppMenu
17:13:59.489 [JavaFX Application Thread] DEBUG Input                - Clearing active input actions
17:13:59.490 [JavaFX Application Thread] DEBUG GameApplicationServi - Removing overlay from FXGLMainMenuDummyScene and adding to TrafficAppMenu
17:13:59.490 [JavaFX Application Thread] DEBUG MainWindow           - FXGLMainMenuDummyScene -> TrafficAppMenu
17:14:03.535 [JavaFX Application Thread] DEBUG Menu                 - fireNewGame()
17:14:03.535 [JavaFX Application Thread] DEBUG GameApplicationServi - Starting new game
17:14:03.535 [JavaFX Application Thread] DEBUG MainWindow           - Pop state: TrafficAppMenu
17:14:03.535 [JavaFX Application Thread] DEBUG Input                - Clearing active input actions
17:14:03.535 [JavaFX Application Thread] DEBUG GameApplicationServi - Removing overlay from TrafficAppMenu and adding to FXGLMainMenuDummyScene
17:14:03.536 [JavaFX Application Thread] DEBUG MainWindow           - FXGLMainMenuDummyScene <- TrafficAppMenu
17:14:03.536 [JavaFX Application Thread] DEBUG Input                - Clearing active input actions
17:14:03.539 [JavaFX Application Thread] DEBUG GameApplicationServi - Removing overlay from FXGLMainMenuDummyScene and adding to FXGLLoadingScene
17:14:03.539 [JavaFX Application Thread] DEBUG MainWindow           - FXGLMainMenuDummyScene -> FXGLLoadingScene
17:14:03.539 [JavaFX Application Thread] DEBUG GameApplicationServi - Clearing previous game
17:14:03.539 [JavaFX Application Thread] DEBUG GameScene            - Clearing game scene
17:14:03.539 [JavaFX Application Thread] DEBUG GameWorld            - Clearing game world
17:14:03.540 [JavaFX Application Thread] DEBUG PhysicsWorld         - Clearing physics world
17:14:03.541 [FXGL Background Thread 2 ] DEBUG FXGLApplication      - Initializing game
17:14:03.541 [FXGL Background Thread 2 ] DEBUG FXGLAssetLoaderServi - Loading from file system: /assets/levels/Mappa_02.tmx
17:14:03.543 [FXGL Background Thread 2 ] WARN  TMXLevelLoader       - TiledMap generated from 1.4.1. Supported version: 1.2.3. Some features may not be parsed fully.
17:14:03.557 [FXGL Background Thread 2 ] DEBUG TMXLevelLoader       - Parsed raw map: TiledMap(width=16, height=9, tilewidth=125, tileheight=125, orientation=orthogonal, layers=[Layer(width=16, height=9, name=Livello tile 1, type=tilelayer, visible=false, x=0, y=0, data=[41, 38, 41, 41, 24, 24, 37, 39, 26, 5, 28, 26, 5, 28, 39, 39, 39, 39, 38, 39, 25, 25, 39, 37, 32, 5, 34, 32, 5, 34, 25, 37, 6, 6, 6, 6, 3, 6, 6, 6, 6, 1, 6, 6, 7, 6, 6, 6, 27, 27, 27, 33, 5, 35, 41, 38, 27, 41, 27, 33, 5, 35, 27, 27, 25, 25, 25, 32, 5, 34, 25, 41, 38, 25, 41, 32, 5, 28, 42, 42, 6, 6, 6, 6, 7, 6, 6, 6, 6, 6, 6, 6, 4, 28, 24, 37, 27, 41, 38, 33, 5, 35, 27, 27, 27, 27, 27, 33, 5, 28, 42, 42, 41, 41, 41, 26, 5, 28, 40, 31, 40, 31, 40, 26, 5, 28, 37, 37, 38, 41, 24, 26, 5, 28, 31, 40, 31, 40, 31, 26, 5, 28, 42, 42], objects=[], opacity=0.0, draworder=), Layer(width=0, height=0, name=Paths, type=objectgroup, visible=false, x=0, y=0, data=[], objects=[com.almasb.fxgl.entity.level.tiled.TiledObject@3b44c150, com.almasb.fxgl.entity.level.tiled.TiledObject@5dbb8d6e, com.almasb.fxgl.entity.level.tiled.TiledObject@b608a8a, com.almasb.fxgl.entity.level.tiled.TiledObject@110d85d9, com.almasb.fxgl.entity.level.tiled.TiledObject@cde88e9, com.almasb.fxgl.entity.level.tiled.TiledObject@d8fb4e1, com.almasb.fxgl.entity.level.tiled.TiledObject@2b45b00, com.almasb.fxgl.entity.level.tiled.TiledObject@7fea35c2, com.almasb.fxgl.entity.level.tiled.TiledObject@70b6316, com.almasb.fxgl.entity.level.tiled.TiledObject@7753f7aa, com.almasb.fxgl.entity.level.tiled.TiledObject@579fce1b, com.almasb.fxgl.entity.level.tiled.TiledObject@79f5b50f, com.almasb.fxgl.entity.level.tiled.TiledObject@25ba6af4, com.almasb.fxgl.entity.level.tiled.TiledObject@4dbc374e, com.almasb.fxgl.entity.level.tiled.TiledObject@647ac7f4, com.almasb.fxgl.entity.level.tiled.TiledObject@30735bb9, com.almasb.fxgl.entity.level.tiled.TiledObject@46e87a89, com.almasb.fxgl.entity.level.tiled.TiledObject@6a42335d, com.almasb.fxgl.entity.level.tiled.TiledObject@58b50c86, com.almasb.fxgl.entity.level.tiled.TiledObject@72b13aba, com.almasb.fxgl.entity.level.tiled.TiledObject@77882a57, com.almasb.fxgl.entity.level.tiled.TiledObject@cab3720, com.almasb.fxgl.entity.level.tiled.TiledObject@7c8adb0f, com.almasb.fxgl.entity.level.tiled.TiledObject@7954ace, com.almasb.fxgl.entity.level.tiled.TiledObject@31f912f9, com.almasb.fxgl.entity.level.tiled.TiledObject@64be31d1], opacity=0.0, draworder=), Layer(width=0, height=0, name=TrafficLights, type=objectgroup, visible=false, x=0, y=0, data=[], objects=[com.almasb.fxgl.entity.level.tiled.TiledObject@4e46ccea, com.almasb.fxgl.entity.level.tiled.TiledObject@63a82cd6, com.almasb.fxgl.entity.level.tiled.TiledObject@1a3f8480, com.almasb.fxgl.entity.level.tiled.TiledObject@f9a0eaf, com.almasb.fxgl.entity.level.tiled.TiledObject@7743a22a, com.almasb.fxgl.entity.level.tiled.TiledObject@552ffe88, com.almasb.fxgl.entity.level.tiled.TiledObject@33d27b29, com.almasb.fxgl.entity.level.tiled.TiledObject@6c62e48a, com.almasb.fxgl.entity.level.tiled.TiledObject@65a49de, com.almasb.fxgl.entity.level.tiled.TiledObject@2c2b2c23, com.almasb.fxgl.entity.level.tiled.TiledObject@c8001bc, com.almasb.fxgl.entity.level.tiled.TiledObject@77bdf212, com.almasb.fxgl.entity.level.tiled.TiledObject@237d5182, com.almasb.fxgl.entity.level.tiled.TiledObject@56c23bfa, com.almasb.fxgl.entity.level.tiled.TiledObject@5a435d7f, com.almasb.fxgl.entity.level.tiled.TiledObject@42f61947, com.almasb.fxgl.entity.level.tiled.TiledObject@b4eb1da], opacity=0.0, draworder=), Layer(width=0, height=0, name=Incroci, type=objectgroup, visible=false, x=0, y=0, data=[], objects=[com.almasb.fxgl.entity.level.tiled.TiledObject@4c1456a2, com.almasb.fxgl.entity.level.tiled.TiledObject@cfc42fa, com.almasb.fxgl.entity.level.tiled.TiledObject@7eb24e03, com.almasb.fxgl.entity.level.tiled.TiledObject@8cf06e, com.almasb.fxgl.entity.level.tiled.TiledObject@6e43179b], opacity=0.0, draworder=), Layer(width=0, height=0, name=SpawnPoints, type=objectgroup, visible=false, x=0, y=0, data=[], objects=[com.almasb.fxgl.entity.level.tiled.TiledObject@c6633b, com.almasb.fxgl.entity.level.tiled.TiledObject@6c68f776, com.almasb.fxgl.entity.level.tiled.TiledObject@b007515, com.almasb.fxgl.entity.level.tiled.TiledObject@7d894421, com.almasb.fxgl.entity.level.tiled.TiledObject@4e652f10], opacity=0.0, draworder=)], tilesets=[Tileset(firstgid=1, image=../textures/rsz_tiles_sheet.png, name=rsz_tiles_sheet, tilewidth=125, tileheight=125, imagewidth=875, imageheight=750, margin=0, spacing=0, columns=7, tilecount=42, transparentcolor=, tiles=[])], backgroundcolor=, renderorder=right-down, nextobjectid=58, version=1, tiledversion=1.4.1, type=map, infinite=false, hexsidelength=0, staggeraxis=, staggerindex=, properties={}, propertytypes={})
17:14:03.557 [FXGL Background Thread 2 ] DEBUG TMXLevelLoader       - Creating tile layer entities
17:14:03.557 [FXGL Background Thread 2 ] DEBUG TilesetLoader        - Loading view for layer Livello tile 1
17:14:03.562 [FXGL Background Thread 2 ] DEBUG TilesetLoader        - Created buffer with size 2000.0x1125.0
17:14:03.578 [FXGL Background Thread 2 ] DEBUG TilesetLoader        - Writing to buffer: dst=0,0, w=125,h=125, src=625,625
17:14:03.578 [FXGL Background Thread 2 ] DEBUG TilesetLoader        - Writing to buffer: dst=125,0, w=125,h=125, src=250,625
17:14:03.578 [FXGL Background Thread 2 ] DEBUG TilesetLoader        - Writing to buffer: dst=250,0, w=125,h=125, src=625,625
17:14:03.578 [FXGL Background Thread 2 ] DEBUG TilesetLoader        - Writing to buffer: dst=375,0, w=125,h=125, src=625,625
17:14:03.578 [FXGL Background Thread 2 ] DEBUG TilesetLoader        - Writing to buffer: dst=500,0, w=125,h=125, src=250,375
17:14:03.578 [FXGL Background Thread 2 ] DEBUG TilesetLoader        - Writing to buffer: dst=625,0, w=125,h=125, src=250,375
17:14:03.578 [FXGL Background Thread 2 ] DEBUG TilesetLoader        - Writing to buffer: dst=750,0, w=125,h=125, src=125,625
17:14:03.579 [FXGL Background Thread 2 ] DEBUG TilesetLoader        - Writing to buffer: dst=875,0, w=125,h=125, src=375,625
17:14:03.579 [FXGL Background Thread 2 ] DEBUG TilesetLoader        - Writing to buffer: dst=1000,0, w=125,h=125, src=500,375
17:14:03.580 [FXGL Background Thread 2 ] DEBUG TilesetLoader        - Writing to buffer: dst=1125,0, w=125,h=125, src=500,0
17:14:03.580 [FXGL Background Thread 2 ] DEBUG TilesetLoader        - Writing to buffer: dst=1250,0, w=125,h=125, src=750,375
17:14:03.580 [FXGL Background Thread 2 ] DEBUG TilesetLoader        - Writing to buffer: dst=1375,0, w=125,h=125, src=500,375
17:14:03.580 [FXGL Background Thread 2 ] DEBUG TilesetLoader        - Writing to buffer: dst=1500,0, w=125,h=125, src=500,0
17:14:03.580 [FXGL Background Thread 2 ] DEBUG TilesetLoader        - Writing to buffer: dst=1625,0, w=125,h=125, src=750,375
17:14:03.580 [FXGL Background Thread 2 ] DEBUG TilesetLoader        - Writing to buffer: dst=1750,0, w=125,h=125, src=375,625
17:14:03.580 [FXGL Background Thread 2 ] DEBUG TilesetLoader        - Writing to buffer: dst=1875,0, w=125,h=125, src=375,625
17:14:03.580 [FXGL Background Thread 2 ] DEBUG TilesetLoader        - Writing to buffer: dst=0,125, w=125,h=125, src=375,625
17:14:03.580 [FXGL Background Thread 2 ] DEBUG TilesetLoader        - Writing to buffer: dst=125,125, w=125,h=125, src=375,625
17:14:03.580 [FXGL Background Thread 2 ] DEBUG TilesetLoader        - Writing to buffer: dst=250,125, w=125,h=125, src=250,625
17:14:03.580 [FXGL Background Thread 2 ] DEBUG TilesetLoader        - Writing to buffer: dst=375,125, w=125,h=125, src=375,625
17:14:03.580 [FXGL Background Thread 2 ] DEBUG TilesetLoader        - Writing to buffer: dst=500,125, w=125,h=125, src=375,375
17:14:03.580 [FXGL Background Thread 2 ] DEBUG TilesetLoader        - Writing to buffer: dst=625,125, w=125,h=125, src=375,375
17:14:03.580 [FXGL Background Thread 2 ] DEBUG TilesetLoader        - Writing to buffer: dst=750,125, w=125,h=125, src=375,625
17:14:03.580 [FXGL Background Thread 2 ] DEBUG TilesetLoader        - Writing to buffer: dst=875,125, w=125,h=125, src=125,625
17:14:03.581 [FXGL Background Thread 2 ] DEBUG TilesetLoader        - Writing to buffer: dst=1000,125, w=125,h=125, src=375,500
17:14:03.581 [FXGL Background Thread 2 ] DEBUG TilesetLoader        - Writing to buffer: dst=1125,125, w=125,h=125, src=500,0
17:14:03.581 [FXGL Background Thread 2 ] DEBUG TilesetLoader        - Writing to buffer: dst=1250,125, w=125,h=125, src=625,500
17:14:03.581 [FXGL Background Thread 2 ] DEBUG TilesetLoader        - Writing to buffer: dst=1375,125, w=125,h=125, src=375,500
17:14:03.581 [FXGL Background Thread 2 ] DEBUG TilesetLoader        - Writing to buffer: dst=1500,125, w=125,h=125, src=500,0
17:14:03.581 [FXGL Background Thread 2 ] DEBUG TilesetLoader        - Writing to buffer: dst=1625,125, w=125,h=125, src=625,500
17:14:03.581 [FXGL Background Thread 2 ] DEBUG TilesetLoader        - Writing to buffer: dst=1750,125, w=125,h=125, src=375,375
17:14:03.581 [FXGL Background Thread 2 ] DEBUG TilesetLoader        - Writing to buffer: dst=1875,125, w=125,h=125, src=125,625
17:14:03.581 [FXGL Background Thread 2 ] DEBUG TilesetLoader        - Writing to buffer: dst=0,250, w=125,h=125, src=625,0
17:14:03.582 [FXGL Background Thread 2 ] DEBUG TilesetLoader        - Writing to buffer: dst=125,250, w=125,h=125, src=625,0
17:14:03.582 [FXGL Background Thread 2 ] DEBUG TilesetLoader        - Writing to buffer: dst=250,250, w=125,h=125, src=625,0
17:14:03.582 [FXGL Background Thread 2 ] DEBUG TilesetLoader        - Writing to buffer: dst=375,250, w=125,h=125, src=625,0
17:14:03.582 [FXGL Background Thread 2 ] DEBUG TilesetLoader        - Writing to buffer: dst=500,250, w=125,h=125, src=250,0
17:14:03.582 [FXGL Background Thread 2 ] DEBUG TilesetLoader        - Writing to buffer: dst=625,250, w=125,h=125, src=625,0
17:14:03.582 [FXGL Background Thread 2 ] DEBUG TilesetLoader        - Writing to buffer: dst=750,250, w=125,h=125, src=625,0
17:14:03.582 [FXGL Background Thread 2 ] DEBUG TilesetLoader        - Writing to buffer: dst=875,250, w=125,h=125, src=625,0
17:14:03.582 [FXGL Background Thread 2 ] DEBUG TilesetLoader        - Writing to buffer: dst=1000,250, w=125,h=125, src=625,0
17:14:03.582 [FXGL Background Thread 2 ] DEBUG TilesetLoader        - Writing to buffer: dst=1125,250, w=125,h=125, src=0,0
17:14:03.582 [FXGL Background Thread 2 ] DEBUG TilesetLoader        - Writing to buffer: dst=1250,250, w=125,h=125, src=625,0
17:14:03.582 [FXGL Background Thread 2 ] DEBUG TilesetLoader        - Writing to buffer: dst=1375,250, w=125,h=125, src=625,0
17:14:03.583 [FXGL Background Thread 2 ] DEBUG TilesetLoader        - Writing to buffer: dst=1500,250, w=125,h=125, src=750,0
17:14:03.583 [FXGL Background Thread 2 ] DEBUG TilesetLoader        - Writing to buffer: dst=1625,250, w=125,h=125, src=625,0
17:14:03.583 [FXGL Background Thread 2 ] DEBUG TilesetLoader        - Writing to buffer: dst=1750,250, w=125,h=125, src=625,0
17:14:03.583 [FXGL Background Thread 2 ] DEBUG TilesetLoader        - Writing to buffer: dst=1875,250, w=125,h=125, src=625,0
17:14:03.583 [FXGL Background Thread 2 ] DEBUG TilesetLoader        - Writing to buffer: dst=0,375, w=125,h=125, src=625,375
17:14:03.583 [FXGL Background Thread 2 ] DEBUG TilesetLoader        - Writing to buffer: dst=125,375, w=125,h=125, src=625,375
17:14:03.583 [FXGL Background Thread 2 ] DEBUG TilesetLoader        - Writing to buffer: dst=250,375, w=125,h=125, src=625,375
17:14:03.583 [FXGL Background Thread 2 ] DEBUG TilesetLoader        - Writing to buffer: dst=375,375, w=125,h=125, src=500,500
17:14:03.583 [FXGL Background Thread 2 ] DEBUG TilesetLoader        - Writing to buffer: dst=500,375, w=125,h=125, src=500,0
17:14:03.584 [FXGL Background Thread 2 ] DEBUG TilesetLoader        - Writing to buffer: dst=625,375, w=125,h=125, src=750,500
17:14:03.584 [FXGL Background Thread 2 ] DEBUG TilesetLoader        - Writing to buffer: dst=750,375, w=125,h=125, src=625,625
17:14:03.584 [FXGL Background Thread 2 ] DEBUG TilesetLoader        - Writing to buffer: dst=875,375, w=125,h=125, src=250,625
17:14:03.584 [FXGL Background Thread 2 ] DEBUG TilesetLoader        - Writing to buffer: dst=1000,375, w=125,h=125, src=625,375
17:14:03.584 [FXGL Background Thread 2 ] DEBUG TilesetLoader        - Writing to buffer: dst=1125,375, w=125,h=125, src=625,625
17:14:03.584 [FXGL Background Thread 2 ] DEBUG TilesetLoader        - Writing to buffer: dst=1250,375, w=125,h=125, src=625,375
17:14:03.584 [FXGL Background Thread 2 ] DEBUG TilesetLoader        - Writing to buffer: dst=1375,375, w=125,h=125, src=500,500
17:14:03.584 [FXGL Background Thread 2 ] DEBUG TilesetLoader        - Writing to buffer: dst=1500,375, w=125,h=125, src=500,0
17:14:03.584 [FXGL Background Thread 2 ] DEBUG TilesetLoader        - Writing to buffer: dst=1625,375, w=125,h=125, src=750,500
17:14:03.584 [FXGL Background Thread 2 ] DEBUG TilesetLoader        - Writing to buffer: dst=1750,375, w=125,h=125, src=625,375
17:14:03.584 [FXGL Background Thread 2 ] DEBUG TilesetLoader        - Writing to buffer: dst=1875,375, w=125,h=125, src=625,375
17:14:03.584 [FXGL Background Thread 2 ] DEBUG TilesetLoader        - Writing to buffer: dst=0,500, w=125,h=125, src=375,375
17:14:03.585 [FXGL Background Thread 2 ] DEBUG TilesetLoader        - Writing to buffer: dst=125,500, w=125,h=125, src=375,375
17:14:03.585 [FXGL Background Thread 2 ] DEBUG TilesetLoader        - Writing to buffer: dst=250,500, w=125,h=125, src=375,375
17:14:03.585 [FXGL Background Thread 2 ] DEBUG TilesetLoader        - Writing to buffer: dst=375,500, w=125,h=125, src=375,500
17:14:03.585 [FXGL Background Thread 2 ] DEBUG TilesetLoader        - Writing to buffer: dst=500,500, w=125,h=125, src=500,0
17:14:03.585 [FXGL Background Thread 2 ] DEBUG TilesetLoader        - Writing to buffer: dst=625,500, w=125,h=125, src=625,500
17:14:03.585 [FXGL Background Thread 2 ] DEBUG TilesetLoader        - Writing to buffer: dst=750,500, w=125,h=125, src=375,375
17:14:03.585 [FXGL Background Thread 2 ] DEBUG TilesetLoader        - Writing to buffer: dst=875,500, w=125,h=125, src=625,625
17:14:03.585 [FXGL Background Thread 2 ] DEBUG TilesetLoader        - Writing to buffer: dst=1000,500, w=125,h=125, src=250,625
17:14:03.585 [FXGL Background Thread 2 ] DEBUG TilesetLoader        - Writing to buffer: dst=1125,500, w=125,h=125, src=375,375
17:14:03.585 [FXGL Background Thread 2 ] DEBUG TilesetLoader        - Writing to buffer: dst=1250,500, w=125,h=125, src=625,625
17:14:03.586 [FXGL Background Thread 2 ] DEBUG TilesetLoader        - Writing to buffer: dst=1375,500, w=125,h=125, src=375,500
17:14:03.586 [FXGL Background Thread 2 ] DEBUG TilesetLoader        - Writing to buffer: dst=1500,500, w=125,h=125, src=500,0
17:14:03.586 [FXGL Background Thread 2 ] DEBUG TilesetLoader        - Writing to buffer: dst=1625,500, w=125,h=125, src=750,375
17:14:03.586 [FXGL Background Thread 2 ] DEBUG TilesetLoader        - Writing to buffer: dst=1750,500, w=125,h=125, src=750,625
17:14:03.586 [FXGL Background Thread 2 ] DEBUG TilesetLoader        - Writing to buffer: dst=1875,500, w=125,h=125, src=750,625
17:14:03.586 [FXGL Background Thread 2 ] DEBUG TilesetLoader        - Writing to buffer: dst=0,625, w=125,h=125, src=625,0
17:14:03.586 [FXGL Background Thread 2 ] DEBUG TilesetLoader        - Writing to buffer: dst=125,625, w=125,h=125, src=625,0
17:14:03.586 [FXGL Background Thread 2 ] DEBUG TilesetLoader        - Writing to buffer: dst=250,625, w=125,h=125, src=625,0
17:14:03.586 [FXGL Background Thread 2 ] DEBUG TilesetLoader        - Writing to buffer: dst=375,625, w=125,h=125, src=625,0
17:14:03.586 [FXGL Background Thread 2 ] DEBUG TilesetLoader        - Writing to buffer: dst=500,625, w=125,h=125, src=750,0
17:14:03.587 [FXGL Background Thread 2 ] DEBUG TilesetLoader        - Writing to buffer: dst=625,625, w=125,h=125, src=625,0
17:14:03.587 [FXGL Background Thread 2 ] DEBUG TilesetLoader        - Writing to buffer: dst=750,625, w=125,h=125, src=625,0
17:14:03.587 [FXGL Background Thread 2 ] DEBUG TilesetLoader        - Writing to buffer: dst=875,625, w=125,h=125, src=625,0
17:14:03.587 [FXGL Background Thread 2 ] DEBUG TilesetLoader        - Writing to buffer: dst=1000,625, w=125,h=125, src=625,0
17:14:03.587 [FXGL Background Thread 2 ] DEBUG TilesetLoader        - Writing to buffer: dst=1125,625, w=125,h=125, src=625,0
17:14:03.587 [FXGL Background Thread 2 ] DEBUG TilesetLoader        - Writing to buffer: dst=1250,625, w=125,h=125, src=625,0
17:14:03.587 [FXGL Background Thread 2 ] DEBUG TilesetLoader        - Writing to buffer: dst=1375,625, w=125,h=125, src=625,0
17:14:03.587 [FXGL Background Thread 2 ] DEBUG TilesetLoader        - Writing to buffer: dst=1500,625, w=125,h=125, src=375,0
17:14:03.587 [FXGL Background Thread 2 ] DEBUG TilesetLoader        - Writing to buffer: dst=1625,625, w=125,h=125, src=750,375
17:14:03.587 [FXGL Background Thread 2 ] DEBUG TilesetLoader        - Writing to buffer: dst=1750,625, w=125,h=125, src=250,375
17:14:03.587 [FXGL Background Thread 2 ] DEBUG TilesetLoader        - Writing to buffer: dst=1875,625, w=125,h=125, src=125,625
17:14:03.588 [FXGL Background Thread 2 ] DEBUG TilesetLoader        - Writing to buffer: dst=0,750, w=125,h=125, src=625,375
17:14:03.593 [FXGL Background Thread 2 ] DEBUG TilesetLoader        - Writing to buffer: dst=125,750, w=125,h=125, src=625,625
17:14:03.593 [FXGL Background Thread 2 ] DEBUG TilesetLoader        - Writing to buffer: dst=250,750, w=125,h=125, src=250,625
17:14:03.593 [FXGL Background Thread 2 ] DEBUG TilesetLoader        - Writing to buffer: dst=375,750, w=125,h=125, src=500,500
17:14:03.593 [FXGL Background Thread 2 ] DEBUG TilesetLoader        - Writing to buffer: dst=500,750, w=125,h=125, src=500,0
17:14:03.593 [FXGL Background Thread 2 ] DEBUG TilesetLoader        - Writing to buffer: dst=625,750, w=125,h=125, src=750,500
17:14:03.593 [FXGL Background Thread 2 ] DEBUG TilesetLoader        - Writing to buffer: dst=750,750, w=125,h=125, src=625,375
17:14:03.594 [FXGL Background Thread 2 ] DEBUG TilesetLoader        - Writing to buffer: dst=875,750, w=125,h=125, src=625,375
17:14:03.594 [FXGL Background Thread 2 ] DEBUG TilesetLoader        - Writing to buffer: dst=1000,750, w=125,h=125, src=625,375
17:14:03.594 [FXGL Background Thread 2 ] DEBUG TilesetLoader        - Writing to buffer: dst=1125,750, w=125,h=125, src=625,375
17:14:03.594 [FXGL Background Thread 2 ] DEBUG TilesetLoader        - Writing to buffer: dst=1250,750, w=125,h=125, src=625,375
17:14:03.594 [FXGL Background Thread 2 ] DEBUG TilesetLoader        - Writing to buffer: dst=1375,750, w=125,h=125, src=500,500
17:14:03.594 [FXGL Background Thread 2 ] DEBUG TilesetLoader        - Writing to buffer: dst=1500,750, w=125,h=125, src=500,0
17:14:03.594 [FXGL Background Thread 2 ] DEBUG TilesetLoader        - Writing to buffer: dst=1625,750, w=125,h=125, src=750,375
17:14:03.594 [FXGL Background Thread 2 ] DEBUG TilesetLoader        - Writing to buffer: dst=1750,750, w=125,h=125, src=750,625
17:14:03.594 [FXGL Background Thread 2 ] DEBUG TilesetLoader        - Writing to buffer: dst=1875,750, w=125,h=125, src=750,625
17:14:03.594 [FXGL Background Thread 2 ] DEBUG TilesetLoader        - Writing to buffer: dst=0,875, w=125,h=125, src=625,625
17:14:03.594 [FXGL Background Thread 2 ] DEBUG TilesetLoader        - Writing to buffer: dst=125,875, w=125,h=125, src=625,625
17:14:03.594 [FXGL Background Thread 2 ] DEBUG TilesetLoader        - Writing to buffer: dst=250,875, w=125,h=125, src=625,625
17:14:03.594 [FXGL Background Thread 2 ] DEBUG TilesetLoader        - Writing to buffer: dst=375,875, w=125,h=125, src=500,375
17:14:03.594 [FXGL Background Thread 2 ] DEBUG TilesetLoader        - Writing to buffer: dst=500,875, w=125,h=125, src=500,0
17:14:03.594 [FXGL Background Thread 2 ] DEBUG TilesetLoader        - Writing to buffer: dst=625,875, w=125,h=125, src=750,375
17:14:03.594 [FXGL Background Thread 2 ] DEBUG TilesetLoader        - Writing to buffer: dst=750,875, w=125,h=125, src=500,625
17:14:03.594 [FXGL Background Thread 2 ] DEBUG TilesetLoader        - Writing to buffer: dst=875,875, w=125,h=125, src=250,500
17:14:03.595 [FXGL Background Thread 2 ] DEBUG TilesetLoader        - Writing to buffer: dst=1000,875, w=125,h=125, src=500,625
17:14:03.595 [FXGL Background Thread 2 ] DEBUG TilesetLoader        - Writing to buffer: dst=1125,875, w=125,h=125, src=250,500
17:14:03.595 [FXGL Background Thread 2 ] DEBUG TilesetLoader        - Writing to buffer: dst=1250,875, w=125,h=125, src=500,625
17:14:03.596 [FXGL Background Thread 2 ] DEBUG TilesetLoader        - Writing to buffer: dst=1375,875, w=125,h=125, src=500,375
17:14:03.596 [FXGL Background Thread 2 ] DEBUG TilesetLoader        - Writing to buffer: dst=1500,875, w=125,h=125, src=500,0
17:14:03.596 [FXGL Background Thread 2 ] DEBUG TilesetLoader        - Writing to buffer: dst=1625,875, w=125,h=125, src=750,375
17:14:03.596 [FXGL Background Thread 2 ] DEBUG TilesetLoader        - Writing to buffer: dst=1750,875, w=125,h=125, src=125,625
17:14:03.596 [FXGL Background Thread 2 ] DEBUG TilesetLoader        - Writing to buffer: dst=1875,875, w=125,h=125, src=125,625
17:14:03.596 [FXGL Background Thread 2 ] DEBUG TilesetLoader        - Writing to buffer: dst=0,1000, w=125,h=125, src=250,625
17:14:03.596 [FXGL Background Thread 2 ] DEBUG TilesetLoader        - Writing to buffer: dst=125,1000, w=125,h=125, src=625,625
17:14:03.596 [FXGL Background Thread 2 ] DEBUG TilesetLoader        - Writing to buffer: dst=250,1000, w=125,h=125, src=250,375
17:14:03.596 [FXGL Background Thread 2 ] DEBUG TilesetLoader        - Writing to buffer: dst=375,1000, w=125,h=125, src=500,375
17:14:03.596 [FXGL Background Thread 2 ] DEBUG TilesetLoader        - Writing to buffer: dst=500,1000, w=125,h=125, src=500,0
17:14:03.596 [FXGL Background Thread 2 ] DEBUG TilesetLoader        - Writing to buffer: dst=625,1000, w=125,h=125, src=750,375
17:14:03.596 [FXGL Background Thread 2 ] DEBUG TilesetLoader        - Writing to buffer: dst=750,1000, w=125,h=125, src=250,500
17:14:03.596 [FXGL Background Thread 2 ] DEBUG TilesetLoader        - Writing to buffer: dst=875,1000, w=125,h=125, src=500,625
17:14:03.596 [FXGL Background Thread 2 ] DEBUG TilesetLoader        - Writing to buffer: dst=1000,1000, w=125,h=125, src=250,500
17:14:03.596 [FXGL Background Thread 2 ] DEBUG TilesetLoader        - Writing to buffer: dst=1125,1000, w=125,h=125, src=500,625
17:14:03.596 [FXGL Background Thread 2 ] DEBUG TilesetLoader        - Writing to buffer: dst=1250,1000, w=125,h=125, src=250,500
17:14:03.596 [FXGL Background Thread 2 ] DEBUG TilesetLoader        - Writing to buffer: dst=1375,1000, w=125,h=125, src=500,375
17:14:03.597 [FXGL Background Thread 2 ] DEBUG TilesetLoader        - Writing to buffer: dst=1500,1000, w=125,h=125, src=500,0
17:14:03.597 [FXGL Background Thread 2 ] DEBUG TilesetLoader        - Writing to buffer: dst=1625,1000, w=125,h=125, src=750,375
17:14:03.597 [FXGL Background Thread 2 ] DEBUG TilesetLoader        - Writing to buffer: dst=1750,1000, w=125,h=125, src=750,625
17:14:03.597 [FXGL Background Thread 2 ] DEBUG TilesetLoader        - Writing to buffer: dst=1875,1000, w=125,h=125, src=750,625
17:14:03.597 [FXGL Background Thread 2 ] DEBUG TMXLevelLoader       - Creating object layer entities
17:14:03.602 [FXGL Background Thread 2 ] DEBUG FXGLAssetLoaderServi - Loading from cache: /assets/textures/semaforoRosso-02.png
17:14:03.602 [FXGL Background Thread 2 ] DEBUG FXGLAssetLoaderServi - Loading from cache: /assets/textures/semaforoVerde-02.png
17:14:03.603 [FXGL Background Thread 2 ] DEBUG FXGLAssetLoaderServi - Loading from cache: /assets/textures/semaforoRosso-04.png
17:14:03.603 [FXGL Background Thread 2 ] DEBUG FXGLAssetLoaderServi - Loading from cache: /assets/textures/semaforoVerde-04.png
17:14:03.603 [FXGL Background Thread 2 ] DEBUG FXGLAssetLoaderServi - Loading from cache: /assets/textures/semaforoRosso-03.png
17:14:03.604 [FXGL Background Thread 2 ] DEBUG FXGLAssetLoaderServi - Loading from cache: /assets/textures/semaforoVerde-03.png
17:14:03.604 [FXGL Background Thread 2 ] DEBUG FXGLAssetLoaderServi - Loading from cache: /assets/textures/semaforoRosso-01.png
17:14:03.604 [FXGL Background Thread 2 ] DEBUG FXGLAssetLoaderServi - Loading from cache: /assets/textures/semaforoVerde-01.png
17:14:03.604 [FXGL Background Thread 2 ] DEBUG FXGLAssetLoaderServi - Loading from cache: /assets/textures/semaforoRosso-02.png
17:14:03.604 [FXGL Background Thread 2 ] DEBUG FXGLAssetLoaderServi - Loading from cache: /assets/textures/semaforoVerde-02.png
17:14:03.605 [FXGL Background Thread 2 ] DEBUG FXGLAssetLoaderServi - Loading from cache: /assets/textures/semaforoRosso-04.png
17:14:03.605 [FXGL Background Thread 2 ] DEBUG FXGLAssetLoaderServi - Loading from cache: /assets/textures/semaforoVerde-04.png
17:14:03.605 [FXGL Background Thread 2 ] DEBUG FXGLAssetLoaderServi - Loading from cache: /assets/textures/semaforoRosso-01.png
17:14:03.605 [FXGL Background Thread 2 ] DEBUG FXGLAssetLoaderServi - Loading from cache: /assets/textures/semaforoVerde-01.png
17:14:03.606 [FXGL Background Thread 2 ] DEBUG FXGLAssetLoaderServi - Loading from cache: /assets/textures/semaforoRosso-02.png
17:14:03.606 [FXGL Background Thread 2 ] DEBUG FXGLAssetLoaderServi - Loading from cache: /assets/textures/semaforoVerde-02.png
17:14:03.606 [FXGL Background Thread 2 ] DEBUG FXGLAssetLoaderServi - Loading from cache: /assets/textures/semaforoRosso-03.png
17:14:03.606 [FXGL Background Thread 2 ] DEBUG FXGLAssetLoaderServi - Loading from cache: /assets/textures/semaforoVerde-03.png
17:14:03.606 [FXGL Background Thread 2 ] DEBUG FXGLAssetLoaderServi - Loading from cache: /assets/textures/semaforoRosso-04.png
17:14:03.606 [FXGL Background Thread 2 ] DEBUG FXGLAssetLoaderServi - Loading from cache: /assets/textures/semaforoVerde-04.png
17:14:03.607 [FXGL Background Thread 2 ] DEBUG FXGLAssetLoaderServi - Loading from cache: /assets/textures/semaforoRosso-03.png
17:14:03.607 [FXGL Background Thread 2 ] DEBUG FXGLAssetLoaderServi - Loading from cache: /assets/textures/semaforoVerde-03.png
17:14:03.607 [FXGL Background Thread 2 ] DEBUG FXGLAssetLoaderServi - Loading from cache: /assets/textures/semaforoRosso-04.png
17:14:03.608 [FXGL Background Thread 2 ] DEBUG FXGLAssetLoaderServi - Loading from cache: /assets/textures/semaforoVerde-04.png
17:14:03.608 [FXGL Background Thread 2 ] DEBUG FXGLAssetLoaderServi - Loading from cache: /assets/textures/semaforoRosso-01.png
17:14:03.609 [FXGL Background Thread 2 ] DEBUG FXGLAssetLoaderServi - Loading from cache: /assets/textures/semaforoVerde-01.png
17:14:03.609 [FXGL Background Thread 2 ] DEBUG FXGLAssetLoaderServi - Loading from cache: /assets/textures/semaforoRosso-01.png
17:14:03.609 [FXGL Background Thread 2 ] DEBUG FXGLAssetLoaderServi - Loading from cache: /assets/textures/semaforoVerde-01.png
17:14:03.609 [FXGL Background Thread 2 ] DEBUG FXGLAssetLoaderServi - Loading from cache: /assets/textures/semaforoRosso-02.png
17:14:03.609 [FXGL Background Thread 2 ] DEBUG FXGLAssetLoaderServi - Loading from cache: /assets/textures/semaforoVerde-02.png
17:14:03.609 [FXGL Background Thread 2 ] DEBUG FXGLAssetLoaderServi - Loading from cache: /assets/textures/semaforoRosso-03.png
17:14:03.610 [FXGL Background Thread 2 ] DEBUG FXGLAssetLoaderServi - Loading from cache: /assets/textures/semaforoVerde-03.png
17:14:03.610 [FXGL Background Thread 2 ] DEBUG FXGLAssetLoaderServi - Loading from cache: /assets/textures/semaforoRosso-04.png
17:14:03.610 [FXGL Background Thread 2 ] DEBUG FXGLAssetLoaderServi - Loading from cache: /assets/textures/semaforoVerde-04.png
17:14:03.611 [FXGL Background Thread 2 ] DEBUG GameWorld            - Clearing removable entities
17:14:03.611 [FXGL Background Thread 2 ] DEBUG GameWorld            - Setting level: com.almasb.fxgl.entity.level.Level@60ee639a
17:14:03.611 [FXGL Background Thread 2 ] DEBUG FXGLAssetLoaderServi - Loading from cache: /assets/textures/pointer-sprite.png
17:14:03.615 [FXGL Background Thread 2 ] INFO  FXGLApplication      - Game initialization took: 0,073 sec
17:14:03.660 [JavaFX Application Thread] DEBUG Input                - Clearing active input actions
17:14:03.664 [JavaFX Application Thread] DEBUG GameApplicationServi - Removing overlay from FXGLLoadingScene and adding to GameScene
17:14:03.665 [JavaFX Application Thread] DEBUG MainWindow           - FXGLLoadingScene -> GameScene
17:15:56.079 [JavaFX Application Thread] DEBUG Input                - Clearing active input actions
17:15:56.082 [JavaFX Application Thread] DEBUG GameApplicationServi - Removing overlay from GameScene and adding to FXGLMainMenuDummyScene
17:15:56.083 [JavaFX Application Thread] DEBUG MainWindow           - GameScene -> FXGLMainMenuDummyScene
17:15:56.083 [JavaFX Application Thread] DEBUG MainWindow           - Push state: TrafficAppMenu
17:15:56.083 [JavaFX Application Thread] DEBUG Input                - Clearing active input actions
17:15:56.083 [JavaFX Application Thread] DEBUG GameApplicationServi - Removing overlay from FXGLMainMenuDummyScene and adding to TrafficAppMenu
17:15:56.084 [JavaFX Application Thread] DEBUG MainWindow           - FXGLMainMenuDummyScene -> TrafficAppMenu
17:15:58.123 [JavaFX Application Thread] DEBUG FXGLApplication      - Exiting FXGL
17:15:58.123 [JavaFX Application Thread] DEBUG LoopRunner           - Stopping loop
17:15:58.123 [JavaFX Application Thread] DEBUG SystemBundleService  - Saving FXGL system data
17:15:58.124 [JavaFX Application Thread] DEBUG FileSystemAccess     - Writing to: C:\Users\Andrea\Desktop\Homework\traffic-mobile\system\fxgl.bundle
17:15:58.126 [JavaFX Application Thread] DEBUG Async                - Shutting down background threads
17:15:58.126 [JavaFX Application Thread] DEBUG MainWindow           - Closing main window
17:15:58.133 [JavaFX Application Thread] DEBUG Logger               - Closing Logger
