15:23:18.335 [main                     ] DEBUG Logger               - Configured Logger
15:23:18.365 [main                     ] DEBUG GameApplication      - Logging settings
Title: Traffic
Version: Alpha 1.0
Width: 2500
Height: 1750
Fullscreen: false
Intro: false
Profiling: true
Single step:false
App Mode: DEVELOPER
Menu Key: ESCAPE
Stage Style: DECORATED
Scene Factory: class it.uniroma1.metodologie.trafficGame.TrafficApp$1

15:23:18.702 [JavaFX Application Thread] DEBUG FXGLApplication      - Initializing FXGL
15:23:18.708 [JavaFX Application Thread] INFO  Engine               - FXGL-dev-SNAPSHOT (03.09.2020 12.08) on MAC (J:14.0.1 FX:14)
15:23:18.709 [JavaFX Application Thread] DEBUG Engine               - JRE Vendor Name: Oracle Corporation
15:23:18.709 [JavaFX Application Thread] DEBUG Engine               - Running on OS: Mac OS X version 10.15.6
15:23:18.709 [JavaFX Application Thread] DEBUG Engine               - Architecture: x86_64
15:23:18.710 [JavaFX Application Thread] INFO  Engine               - Source code and latest versions at: https://github.com/AlmasB/FXGL
15:23:18.710 [JavaFX Application Thread] INFO  Engine               -              Join the FXGL chat at: https://gitter.im/AlmasB/FXGL
15:23:18.829 [JavaFX Application Thread] DEBUG MainWindow           - Creating a JavaFX scene
15:23:18.830 [JavaFX Application Thread] DEBUG MainWindow           - Target size > screen size
15:23:18.877 [JavaFX Application Thread] DEBUG MainWindow           - Target settings size: 2500.0 x 1750.0
15:23:18.877 [JavaFX Application Thread] DEBUG MainWindow           - Scaled scene size:    1422.0 x 1012.0
15:23:18.877 [JavaFX Application Thread] DEBUG MainWindow           - Scaled ratio: (0.5688, 0.5782857142857143)
15:23:18.878 [JavaFX Application Thread] DEBUG MainWindow           - Set initial scene to StartupScene
15:23:18.884 [JavaFX Application Thread] DEBUG MainWindow           - Opening main window
15:23:18.973 [JavaFX Application Thread] DEBUG MainWindow           - Window border size: (0.0, 1.0)
15:23:18.974 [JavaFX Application Thread] DEBUG MainWindow           - Scaled size: 1422.0 x 1012.0
15:23:18.974 [JavaFX Application Thread] DEBUG MainWindow           - Scaled ratio: (0.5688, 0.5688)
15:23:18.974 [JavaFX Application Thread] DEBUG MainWindow           - Scene size: 1422.0 x 1012.0
15:23:18.974 [JavaFX Application Thread] DEBUG MainWindow           - Stage size: 1422.0 x 1013.0
15:23:18.979 [FXGL Background Thread 1 ] DEBUG Engine               - Initializing environment variables
15:23:19.007 [FXGL Background Thread 1 ] DEBUG GameApplicationServi - Applying CSS: fxgl_dark.css
15:23:19.008 [FXGL Background Thread 1 ] DEBUG FXGLAssetLoaderServi - Loading from file system: /assets/ui/css/fxgl_dark.css
15:23:19.078 [FXGL Background Thread 1 ] DEBUG GameApplicationServi - Initializing application scenes
15:23:19.361 [FXGL Background Thread 1 ] DEBUG GameWorld            - Game world initialized
15:23:19.438 [FXGL Background Thread 1 ] DEBUG PhysicsWorld         - Physics world initialized: appHeight=1750, physics.ppm=50,0
15:23:19.441 [FXGL Background Thread 1 ] DEBUG GameScene            - Game scene initialized: 2500x1750
15:23:19.453 [FXGL Background Thread 1 ] DEBUG FXGLAssetLoaderServi - Loading from file system: /assets/textures/bg.jpg
15:23:19.899 [FXGL Background Thread 1 ] DEBUG FXGLAssetLoaderServi - Loading from file system: /assets/textures/logo.png
15:23:20.021 [FXGL Background Thread 1 ] DEBUG FXGLAssetLoaderServi - Loading from file system: /assets/textures/particles/trace_horizontal.png
15:23:20.055 [FXGL Background Thread 1 ] DEBUG FXGL.DefaultMenu     - createMenuBodyGameMenu()
15:23:20.068 [FXGL Background Thread 1 ] DEBUG FXGL.DefaultMenu     - createOptionsMenu()
15:23:20.072 [FXGL Background Thread 1 ] DEBUG FXGLAssetLoaderServi - Loading from file system: /assets/textures/particles/smoke.png
15:23:20.157 [FXGL Background Thread 1 ] DEBUG GameApplicationServi - Application scenes initialized
15:23:20.168 [FXGL Background Thread 1 ] DEBUG SystemBundleService  - Loading FXGL system data
15:23:20.173 [FXGL Background Thread 1 ] DEBUG FileSystemAccess     - Reading from: /Users/universita/Desktop/ProgettoJava/Drop/system/fxgl.bundle
15:23:20.185 [FXGL Background Thread 1 ] DEBUG SystemBundleService  - Bundle FXGL: {}
15:23:20.185 [FXGL Background Thread 1 ] DEBUG UpdaterService       - Checking for updates
15:23:20.234 [FXGL Background Thread 4 ] DEBUG FXGLApplication      - Loading fonts
15:23:20.234 [FXGL Background Thread 4 ] DEBUG FXGLAssetLoaderServi - Loading from file system: /assets/ui/fonts/VarelaRound-Regular.ttf
15:23:20.235 [FXGL Background Thread 1 ] DEBUG FXGLApplication      - Loading default localization
15:23:20.235 [FXGL Background Thread 1 ] DEBUG FXGLAssetLoaderServi - Loading from file system: /assets/languages/english.lang
15:23:20.250 [FXGL Background Thread 4 ] DEBUG FXGLAssetLoaderServi - Loading from file system: /assets/ui/fonts/Abel-Regular.ttf
15:23:20.254 [FXGL Background Thread 4 ] DEBUG FXGLAssetLoaderServi - Loading from file system: /assets/ui/fonts/lucida_console.ttf
15:23:20.258 [FXGL Background Thread 4 ] DEBUG FXGLAssetLoaderServi - Loading from file system: /assets/ui/fonts/Courier-Prime.ttf
15:23:20.259 [FXGL Background Thread 1 ] INFO  FXGLApplication      - FXGL initialization took: 1,280 sec
15:23:20.267 [JavaFX Application Thread] DEBUG Input                - Registered new binding: Change trafficlight status - F
15:23:20.268 [JavaFX Application Thread] DEBUG Input                - Registered new binding: Select and change traffic light - LMB
15:23:20.268 [JavaFX Application Thread] DEBUG Input                - Registered new binding: Move Right - D
15:23:20.269 [JavaFX Application Thread] DEBUG Input                - Registered new binding: Move Left - A
15:23:20.269 [JavaFX Application Thread] DEBUG Input                - Registered new binding: Move Up - W
15:23:20.269 [JavaFX Application Thread] DEBUG Input                - Registered new binding: Move Down - S
15:23:20.270 [JavaFX Application Thread] DEBUG Input                - Registered new binding: Spawn Car - Space
15:23:20.270 [JavaFX Application Thread] DEBUG FXGLAssetLoaderServi - Loading from file system: /assets/textures/fxgl_icon.png
15:23:20.300 [JavaFX Application Thread] DEBUG FXGLAssetLoaderServi - Loading from file system: /assets/ui/cursors/fxgl_default.png
15:23:20.302 [JavaFX Application Thread] DEBUG Input                - Registered new binding: Screenshot - P
15:23:20.302 [JavaFX Application Thread] DEBUG Input                - Registered new binding: Dev Options - 1
15:23:20.303 [JavaFX Application Thread] DEBUG Input                - Registered new binding: Dev Console - 2
15:23:20.304 [JavaFX Application Thread] DEBUG Input                - Registered new binding: System info dump - CTRL+9
15:23:20.304 [JavaFX Application Thread] DEBUG Input                - Registered new binding: Restart - CTRL+R
15:23:20.305 [JavaFX Application Thread] DEBUG Input                - Registered new binding: Toggle Debug Camera - CTRL+C
15:23:20.307 [JavaFX Application Thread] DEBUG LoopRunner           - Starting loop
15:23:20.323 [JavaFX Application Thread] DEBUG Input                - Clearing active input actions
15:23:20.333 [JavaFX Application Thread] DEBUG GameApplicationServi - Removing overlay from StartupScene and adding to FXGLMainMenuDummyScene
15:23:20.339 [JavaFX Application Thread] DEBUG MainWindow           - StartupScene -> FXGLMainMenuDummyScene
15:23:20.340 [JavaFX Application Thread] DEBUG MainWindow           - Push state: TrafficAppMenu
15:23:20.340 [JavaFX Application Thread] DEBUG Input                - Clearing active input actions
15:23:20.343 [JavaFX Application Thread] DEBUG GameApplicationServi - Removing overlay from FXGLMainMenuDummyScene and adding to TrafficAppMenu
15:23:20.344 [JavaFX Application Thread] DEBUG MainWindow           - FXGLMainMenuDummyScene -> TrafficAppMenu
15:23:20.354 [JavaFX Application Thread] DEBUG FXGLApplication      - Registering font factories with UI factory
15:23:21.358 [FXGL Background Thread 2 ] INFO  UpdaterService       - Your current version:  dev-SNAPSHOT
15:23:21.359 [FXGL Background Thread 2 ] INFO  UpdaterService       - Latest stable version: 11.10
15:23:22.508 [JavaFX Application Thread] DEBUG Menu                 - fireNewGame()
15:23:22.508 [JavaFX Application Thread] DEBUG GameApplicationServi - Starting new game
15:23:22.508 [JavaFX Application Thread] DEBUG MainWindow           - Pop state: TrafficAppMenu
15:23:22.509 [JavaFX Application Thread] DEBUG Input                - Clearing active input actions
15:23:22.511 [JavaFX Application Thread] DEBUG GameApplicationServi - Removing overlay from TrafficAppMenu and adding to FXGLMainMenuDummyScene
15:23:22.514 [JavaFX Application Thread] DEBUG MainWindow           - FXGLMainMenuDummyScene <- TrafficAppMenu
15:23:22.514 [JavaFX Application Thread] DEBUG Input                - Clearing active input actions
15:23:22.524 [JavaFX Application Thread] DEBUG GameApplicationServi - Removing overlay from FXGLMainMenuDummyScene and adding to FXGLLoadingScene
15:23:22.525 [JavaFX Application Thread] DEBUG MainWindow           - FXGLMainMenuDummyScene -> FXGLLoadingScene
15:23:22.525 [JavaFX Application Thread] DEBUG GameApplicationServi - Clearing previous game
15:23:22.525 [JavaFX Application Thread] DEBUG GameScene            - Clearing game scene
15:23:22.526 [JavaFX Application Thread] DEBUG GameWorld            - Clearing game world
15:23:22.526 [JavaFX Application Thread] DEBUG PhysicsWorld         - Clearing physics world
15:23:22.528 [FXGL Background Thread 2 ] DEBUG FXGLApplication      - Initializing game
15:23:22.537 [FXGL Background Thread 2 ] DEBUG FXGLAssetLoaderServi - Loading from file system: /assets/levels/level02.tmx
15:23:22.590 [FXGL Background Thread 2 ] WARN  TMXLevelLoader       - TiledMap generated from 1.4.1. Supported version: 1.2.3. Some features may not be parsed fully.
15:23:22.627 [FXGL Background Thread 2 ] DEBUG TMXLevelLoader       - Parsed raw map: TiledMap(width=10, height=7, tilewidth=250, tileheight=250, orientation=orthogonal, layers=[Layer(width=10, height=7, name=bg, type=tilelayer, visible=false, x=0, y=0, data=[84, 67, 84, 67, 30, 47, 34, 83, 80, 83, 48, 48, 48, 45, 48, 43, 48, 48, 45, 48, 69, 69, 75, 47, 77, 69, 69, 75, 47, 82, 67, 67, 74, 47, 76, 67, 67, 74, 47, 82, 48, 48, 48, 49, 48, 48, 48, 48, 46, 40, 77, 69, 75, 47, 77, 69, 69, 75, 47, 24, 70, 81, 68, 47, 81, 81, 81, 79, 47, 82], objects=[], opacity=0.0, draworder=), Layer(width=0, height=0, name=PathWays, type=objectgroup, visible=false, x=0, y=0, data=[], objects=[], opacity=0.0, draworder=), Layer(width=0, height=0, name=Incroci, type=objectgroup, visible=false, x=0, y=0, data=[], objects=[com.almasb.fxgl.entity.level.tiled.TiledObject@4526b7b1, com.almasb.fxgl.entity.level.tiled.TiledObject@7cb2d694, com.almasb.fxgl.entity.level.tiled.TiledObject@3bf578d1, com.almasb.fxgl.entity.level.tiled.TiledObject@aaea96f, com.almasb.fxgl.entity.level.tiled.TiledObject@7ac51cb4], opacity=0.0, draworder=), Layer(width=0, height=0, name=Semafori, type=objectgroup, visible=false, x=0, y=0, data=[], objects=[com.almasb.fxgl.entity.level.tiled.TiledObject@10a9630e, com.almasb.fxgl.entity.level.tiled.TiledObject@aa23a, com.almasb.fxgl.entity.level.tiled.TiledObject@7f108685, com.almasb.fxgl.entity.level.tiled.TiledObject@2d62156f, com.almasb.fxgl.entity.level.tiled.TiledObject@7688b2de, com.almasb.fxgl.entity.level.tiled.TiledObject@2346d547, com.almasb.fxgl.entity.level.tiled.TiledObject@58994b04, com.almasb.fxgl.entity.level.tiled.TiledObject@656de415, com.almasb.fxgl.entity.level.tiled.TiledObject@5640b424, com.almasb.fxgl.entity.level.tiled.TiledObject@4339bf46, com.almasb.fxgl.entity.level.tiled.TiledObject@516a0d4e, com.almasb.fxgl.entity.level.tiled.TiledObject@5b2d063a, com.almasb.fxgl.entity.level.tiled.TiledObject@89f78ef, com.almasb.fxgl.entity.level.tiled.TiledObject@6523535, com.almasb.fxgl.entity.level.tiled.TiledObject@75348cc, com.almasb.fxgl.entity.level.tiled.TiledObject@347c82ca], opacity=0.0, draworder=), Layer(width=0, height=0, name=SpawnPoint, type=objectgroup, visible=false, x=0, y=0, data=[], objects=[com.almasb.fxgl.entity.level.tiled.TiledObject@47d7dcaa, com.almasb.fxgl.entity.level.tiled.TiledObject@50bba2f8, com.almasb.fxgl.entity.level.tiled.TiledObject@4d33950b, com.almasb.fxgl.entity.level.tiled.TiledObject@1d8934b5, com.almasb.fxgl.entity.level.tiled.TiledObject@64c28922, com.almasb.fxgl.entity.level.tiled.TiledObject@69e34b20, com.almasb.fxgl.entity.level.tiled.TiledObject@382900da, com.almasb.fxgl.entity.level.tiled.TiledObject@6c51a7f6, com.almasb.fxgl.entity.level.tiled.TiledObject@1caaa8c7, com.almasb.fxgl.entity.level.tiled.TiledObject@6fe34a39, com.almasb.fxgl.entity.level.tiled.TiledObject@1f3cb8cf, com.almasb.fxgl.entity.level.tiled.TiledObject@7e33d2c9, com.almasb.fxgl.entity.level.tiled.TiledObject@3716b158, com.almasb.fxgl.entity.level.tiled.TiledObject@42d18701, com.almasb.fxgl.entity.level.tiled.TiledObject@3851b554, com.almasb.fxgl.entity.level.tiled.TiledObject@58948d0d, com.almasb.fxgl.entity.level.tiled.TiledObject@5a8a6b36, com.almasb.fxgl.entity.level.tiled.TiledObject@14ad16e9, com.almasb.fxgl.entity.level.tiled.TiledObject@21e3fa3d, com.almasb.fxgl.entity.level.tiled.TiledObject@5de3f7e9, com.almasb.fxgl.entity.level.tiled.TiledObject@54b9f4b8, com.almasb.fxgl.entity.level.tiled.TiledObject@28dfaa98, com.almasb.fxgl.entity.level.tiled.TiledObject@16539fac, com.almasb.fxgl.entity.level.tiled.TiledObject@544d7e30, com.almasb.fxgl.entity.level.tiled.TiledObject@4f4a5c35, com.almasb.fxgl.entity.level.tiled.TiledObject@1a94b42e, com.almasb.fxgl.entity.level.tiled.TiledObject@10b0e62f, com.almasb.fxgl.entity.level.tiled.TiledObject@2f33b6f7], opacity=0.0, draworder=)], tilesets=[Tileset(firstgid=1, image=../textures/tiles_sheet.png, name=tiles_sheet, tilewidth=250, tileheight=250, imagewidth=1750, imageheight=1500, margin=0, spacing=0, columns=7, tilecount=42, transparentcolor=ff00ff, tiles=[]), Tileset(firstgid=43, image=../textures/tiles_sheet.png, name=tiles_sheet, tilewidth=250, tileheight=250, imagewidth=1750, imageheight=1500, margin=0, spacing=0, columns=7, tilecount=42, transparentcolor=, tiles=[])], backgroundcolor=, renderorder=right-down, nextobjectid=58, version=1, tiledversion=1.4.1, type=map, infinite=false, properties={}, propertytypes={})
15:23:22.630 [FXGL Background Thread 2 ] DEBUG TMXLevelLoader       - Creating tile layer entities
15:23:22.633 [FXGL Background Thread 2 ] DEBUG TilesetLoader        - Loading view for layer bg
15:23:22.679 [FXGL Background Thread 2 ] DEBUG TilesetLoader        - Created buffer with size 2500.0x1750.0
15:23:22.759 [FXGL Background Thread 2 ] DEBUG TilesetLoader        - Writing to buffer: dst=0,0, w=250,h=250, src=1500,1250
15:23:22.760 [FXGL Background Thread 2 ] DEBUG TilesetLoader        - Writing to buffer: dst=250,0, w=250,h=250, src=750,750
15:23:22.760 [FXGL Background Thread 2 ] DEBUG TilesetLoader        - Writing to buffer: dst=500,0, w=250,h=250, src=1500,1250
15:23:22.760 [FXGL Background Thread 2 ] DEBUG TilesetLoader        - Writing to buffer: dst=750,0, w=250,h=250, src=750,750
15:23:22.761 [FXGL Background Thread 2 ] DEBUG TilesetLoader        - Writing to buffer: dst=1000,0, w=250,h=250, src=250,1000
15:23:22.761 [FXGL Background Thread 2 ] DEBUG TilesetLoader        - Writing to buffer: dst=1250,0, w=250,h=250, src=1000,0
15:23:22.761 [FXGL Background Thread 2 ] DEBUG TilesetLoader        - Writing to buffer: dst=1500,0, w=250,h=250, src=1250,1000
15:23:22.761 [FXGL Background Thread 2 ] DEBUG TilesetLoader        - Writing to buffer: dst=1750,0, w=250,h=250, src=1250,1250
15:23:22.762 [FXGL Background Thread 2 ] DEBUG TilesetLoader        - Writing to buffer: dst=2000,0, w=250,h=250, src=500,1250
15:23:22.762 [FXGL Background Thread 2 ] DEBUG TilesetLoader        - Writing to buffer: dst=2250,0, w=250,h=250, src=1250,1250
15:23:22.763 [FXGL Background Thread 2 ] DEBUG TilesetLoader        - Writing to buffer: dst=0,250, w=250,h=250, src=1250,0
15:23:22.763 [FXGL Background Thread 2 ] DEBUG TilesetLoader        - Writing to buffer: dst=250,250, w=250,h=250, src=1250,0
15:23:22.763 [FXGL Background Thread 2 ] DEBUG TilesetLoader        - Writing to buffer: dst=500,250, w=250,h=250, src=1250,0
15:23:22.763 [FXGL Background Thread 2 ] DEBUG TilesetLoader        - Writing to buffer: dst=750,250, w=250,h=250, src=500,0
15:23:22.763 [FXGL Background Thread 2 ] DEBUG TilesetLoader        - Writing to buffer: dst=1000,250, w=250,h=250, src=1250,0
15:23:22.764 [FXGL Background Thread 2 ] DEBUG TilesetLoader        - Writing to buffer: dst=1250,250, w=250,h=250, src=0,0
15:23:22.764 [FXGL Background Thread 2 ] DEBUG TilesetLoader        - Writing to buffer: dst=1500,250, w=250,h=250, src=1250,0
15:23:22.764 [FXGL Background Thread 2 ] DEBUG TilesetLoader        - Writing to buffer: dst=1750,250, w=250,h=250, src=1250,0
15:23:22.771 [FXGL Background Thread 2 ] DEBUG TilesetLoader        - Writing to buffer: dst=2000,250, w=250,h=250, src=500,0
15:23:22.772 [FXGL Background Thread 2 ] DEBUG TilesetLoader        - Writing to buffer: dst=2250,250, w=250,h=250, src=1250,0
15:23:22.773 [FXGL Background Thread 2 ] DEBUG TilesetLoader        - Writing to buffer: dst=0,500, w=250,h=250, src=1250,750
15:23:22.773 [FXGL Background Thread 2 ] DEBUG TilesetLoader        - Writing to buffer: dst=250,500, w=250,h=250, src=1250,750
15:23:22.774 [FXGL Background Thread 2 ] DEBUG TilesetLoader        - Writing to buffer: dst=500,500, w=250,h=250, src=1000,1000
15:23:22.774 [FXGL Background Thread 2 ] DEBUG TilesetLoader        - Writing to buffer: dst=750,500, w=250,h=250, src=1000,0
15:23:22.774 [FXGL Background Thread 2 ] DEBUG TilesetLoader        - Writing to buffer: dst=1000,500, w=250,h=250, src=1500,1000
15:23:22.774 [FXGL Background Thread 2 ] DEBUG TilesetLoader        - Writing to buffer: dst=1250,500, w=250,h=250, src=1250,750
15:23:22.775 [FXGL Background Thread 2 ] DEBUG TilesetLoader        - Writing to buffer: dst=1500,500, w=250,h=250, src=1250,750
15:23:22.775 [FXGL Background Thread 2 ] DEBUG TilesetLoader        - Writing to buffer: dst=1750,500, w=250,h=250, src=1000,1000
15:23:22.775 [FXGL Background Thread 2 ] DEBUG TilesetLoader        - Writing to buffer: dst=2000,500, w=250,h=250, src=1000,0
15:23:22.775 [FXGL Background Thread 2 ] DEBUG TilesetLoader        - Writing to buffer: dst=2250,500, w=250,h=250, src=1000,1250
15:23:22.776 [FXGL Background Thread 2 ] DEBUG TilesetLoader        - Writing to buffer: dst=0,750, w=250,h=250, src=750,750
15:23:22.776 [FXGL Background Thread 2 ] DEBUG TilesetLoader        - Writing to buffer: dst=250,750, w=250,h=250, src=750,750
15:23:22.776 [FXGL Background Thread 2 ] DEBUG TilesetLoader        - Writing to buffer: dst=500,750, w=250,h=250, src=750,1000
15:23:22.776 [FXGL Background Thread 2 ] DEBUG TilesetLoader        - Writing to buffer: dst=750,750, w=250,h=250, src=1000,0
15:23:22.776 [FXGL Background Thread 2 ] DEBUG TilesetLoader        - Writing to buffer: dst=1000,750, w=250,h=250, src=1250,1000
15:23:22.777 [FXGL Background Thread 2 ] DEBUG TilesetLoader        - Writing to buffer: dst=1250,750, w=250,h=250, src=750,750
15:23:22.777 [FXGL Background Thread 2 ] DEBUG TilesetLoader        - Writing to buffer: dst=1500,750, w=250,h=250, src=750,750
15:23:22.777 [FXGL Background Thread 2 ] DEBUG TilesetLoader        - Writing to buffer: dst=1750,750, w=250,h=250, src=750,1000
15:23:22.777 [FXGL Background Thread 2 ] DEBUG TilesetLoader        - Writing to buffer: dst=2000,750, w=250,h=250, src=1000,0
15:23:22.778 [FXGL Background Thread 2 ] DEBUG TilesetLoader        - Writing to buffer: dst=2250,750, w=250,h=250, src=1000,1250
15:23:22.785 [FXGL Background Thread 2 ] DEBUG TilesetLoader        - Writing to buffer: dst=0,1000, w=250,h=250, src=1250,0
15:23:22.785 [FXGL Background Thread 2 ] DEBUG TilesetLoader        - Writing to buffer: dst=250,1000, w=250,h=250, src=1250,0
15:23:22.786 [FXGL Background Thread 2 ] DEBUG TilesetLoader        - Writing to buffer: dst=500,1000, w=250,h=250, src=1250,0
15:23:22.787 [FXGL Background Thread 2 ] DEBUG TilesetLoader        - Writing to buffer: dst=750,1000, w=250,h=250, src=1500,0
15:23:22.787 [FXGL Background Thread 2 ] DEBUG TilesetLoader        - Writing to buffer: dst=1000,1000, w=250,h=250, src=1250,0
15:23:22.787 [FXGL Background Thread 2 ] DEBUG TilesetLoader        - Writing to buffer: dst=1250,1000, w=250,h=250, src=1250,0
15:23:22.787 [FXGL Background Thread 2 ] DEBUG TilesetLoader        - Writing to buffer: dst=1500,1000, w=250,h=250, src=1250,0
15:23:22.788 [FXGL Background Thread 2 ] DEBUG TilesetLoader        - Writing to buffer: dst=1750,1000, w=250,h=250, src=1250,0
15:23:22.788 [FXGL Background Thread 2 ] DEBUG TilesetLoader        - Writing to buffer: dst=2000,1000, w=250,h=250, src=750,0
15:23:22.788 [FXGL Background Thread 2 ] DEBUG TilesetLoader        - Writing to buffer: dst=2250,1000, w=250,h=250, src=1000,1250
15:23:22.788 [FXGL Background Thread 2 ] DEBUG TilesetLoader        - Writing to buffer: dst=0,1250, w=250,h=250, src=1500,1000
15:23:22.788 [FXGL Background Thread 2 ] DEBUG TilesetLoader        - Writing to buffer: dst=250,1250, w=250,h=250, src=1250,750
15:23:22.789 [FXGL Background Thread 2 ] DEBUG TilesetLoader        - Writing to buffer: dst=500,1250, w=250,h=250, src=1000,1000
15:23:22.789 [FXGL Background Thread 2 ] DEBUG TilesetLoader        - Writing to buffer: dst=750,1250, w=250,h=250, src=1000,0
15:23:22.789 [FXGL Background Thread 2 ] DEBUG TilesetLoader        - Writing to buffer: dst=1000,1250, w=250,h=250, src=1500,1000
15:23:22.789 [FXGL Background Thread 2 ] DEBUG TilesetLoader        - Writing to buffer: dst=1250,1250, w=250,h=250, src=1250,750
15:23:22.789 [FXGL Background Thread 2 ] DEBUG TilesetLoader        - Writing to buffer: dst=1500,1250, w=250,h=250, src=1250,750
15:23:22.790 [FXGL Background Thread 2 ] DEBUG TilesetLoader        - Writing to buffer: dst=1750,1250, w=250,h=250, src=1000,1000
15:23:22.790 [FXGL Background Thread 2 ] DEBUG TilesetLoader        - Writing to buffer: dst=2000,1250, w=250,h=250, src=1000,0
15:23:22.790 [FXGL Background Thread 2 ] DEBUG TilesetLoader        - Writing to buffer: dst=2250,1250, w=250,h=250, src=500,750
15:23:22.790 [FXGL Background Thread 2 ] DEBUG TilesetLoader        - Writing to buffer: dst=0,1500, w=250,h=250, src=1500,750
15:23:22.791 [FXGL Background Thread 2 ] DEBUG TilesetLoader        - Writing to buffer: dst=250,1500, w=250,h=250, src=750,1250
15:23:22.791 [FXGL Background Thread 2 ] DEBUG TilesetLoader        - Writing to buffer: dst=500,1500, w=250,h=250, src=1000,750
15:23:22.791 [FXGL Background Thread 2 ] DEBUG TilesetLoader        - Writing to buffer: dst=750,1500, w=250,h=250, src=1000,0
15:23:22.791 [FXGL Background Thread 2 ] DEBUG TilesetLoader        - Writing to buffer: dst=1000,1500, w=250,h=250, src=750,1250
15:23:22.792 [FXGL Background Thread 2 ] DEBUG TilesetLoader        - Writing to buffer: dst=1250,1500, w=250,h=250, src=750,1250
15:23:22.792 [FXGL Background Thread 2 ] DEBUG TilesetLoader        - Writing to buffer: dst=1500,1500, w=250,h=250, src=750,1250
15:23:22.792 [FXGL Background Thread 2 ] DEBUG TilesetLoader        - Writing to buffer: dst=1750,1500, w=250,h=250, src=250,1250
15:23:22.792 [FXGL Background Thread 2 ] DEBUG TilesetLoader        - Writing to buffer: dst=2000,1500, w=250,h=250, src=1000,0
15:23:22.792 [FXGL Background Thread 2 ] DEBUG TilesetLoader        - Writing to buffer: dst=2250,1500, w=250,h=250, src=1000,1250
15:23:22.793 [FXGL Background Thread 2 ] DEBUG TMXLevelLoader       - Creating object layer entities
15:23:22.832 [FXGL Background Thread 2 ] DEBUG FXGLAssetLoaderServi - Loading from file system: /assets/textures/semaforoRosso-01.png
15:23:22.837 [FXGL Background Thread 2 ] DEBUG FXGLAssetLoaderServi - Loading from file system: /assets/textures/semaforoVerde-01.png
15:23:22.844 [FXGL Background Thread 2 ] DEBUG FXGLAssetLoaderServi - Loading from file system: /assets/textures/semaforoRosso-02.png
15:23:22.847 [FXGL Background Thread 2 ] DEBUG FXGLAssetLoaderServi - Loading from file system: /assets/textures/semaforoVerde-02.png
15:23:22.852 [FXGL Background Thread 2 ] DEBUG FXGLAssetLoaderServi - Loading from file system: /assets/textures/semaforoRosso-04.png
15:23:22.855 [FXGL Background Thread 2 ] DEBUG FXGLAssetLoaderServi - Loading from file system: /assets/textures/semaforoVerde-04.png
15:23:22.858 [FXGL Background Thread 2 ] DEBUG FXGLAssetLoaderServi - Loading from file system: /assets/textures/semaforoRosso-03.png
15:23:22.862 [FXGL Background Thread 2 ] DEBUG FXGLAssetLoaderServi - Loading from file system: /assets/textures/semaforoVerde-03.png
15:23:22.867 [FXGL Background Thread 2 ] DEBUG FXGLAssetLoaderServi - Loading from cache: /assets/textures/semaforoRosso-04.png
15:23:22.867 [FXGL Background Thread 2 ] DEBUG FXGLAssetLoaderServi - Loading from cache: /assets/textures/semaforoVerde-04.png
15:23:22.868 [FXGL Background Thread 2 ] DEBUG FXGLAssetLoaderServi - Loading from cache: /assets/textures/semaforoRosso-01.png
15:23:22.868 [FXGL Background Thread 2 ] DEBUG FXGLAssetLoaderServi - Loading from cache: /assets/textures/semaforoVerde-01.png
15:23:22.869 [FXGL Background Thread 2 ] DEBUG FXGLAssetLoaderServi - Loading from cache: /assets/textures/semaforoRosso-03.png
15:23:22.870 [FXGL Background Thread 2 ] DEBUG FXGLAssetLoaderServi - Loading from cache: /assets/textures/semaforoVerde-03.png
15:23:22.871 [FXGL Background Thread 2 ] DEBUG FXGLAssetLoaderServi - Loading from cache: /assets/textures/semaforoRosso-04.png
15:23:22.871 [FXGL Background Thread 2 ] DEBUG FXGLAssetLoaderServi - Loading from cache: /assets/textures/semaforoVerde-04.png
15:23:22.872 [FXGL Background Thread 2 ] DEBUG FXGLAssetLoaderServi - Loading from cache: /assets/textures/semaforoRosso-04.png
15:23:22.872 [FXGL Background Thread 2 ] DEBUG FXGLAssetLoaderServi - Loading from cache: /assets/textures/semaforoVerde-04.png
15:23:22.873 [FXGL Background Thread 2 ] DEBUG FXGLAssetLoaderServi - Loading from cache: /assets/textures/semaforoRosso-04.png
15:23:22.875 [FXGL Background Thread 2 ] DEBUG FXGLAssetLoaderServi - Loading from cache: /assets/textures/semaforoVerde-04.png
15:23:22.878 [FXGL Background Thread 2 ] DEBUG FXGLAssetLoaderServi - Loading from cache: /assets/textures/semaforoRosso-01.png
15:23:22.879 [FXGL Background Thread 2 ] DEBUG FXGLAssetLoaderServi - Loading from cache: /assets/textures/semaforoVerde-01.png
15:23:22.881 [FXGL Background Thread 2 ] DEBUG FXGLAssetLoaderServi - Loading from cache: /assets/textures/semaforoRosso-02.png
15:23:22.881 [FXGL Background Thread 2 ] DEBUG FXGLAssetLoaderServi - Loading from cache: /assets/textures/semaforoVerde-02.png
15:23:22.882 [FXGL Background Thread 2 ] DEBUG FXGLAssetLoaderServi - Loading from cache: /assets/textures/semaforoRosso-02.png
15:23:22.882 [FXGL Background Thread 2 ] DEBUG FXGLAssetLoaderServi - Loading from cache: /assets/textures/semaforoVerde-02.png
15:23:22.883 [FXGL Background Thread 2 ] DEBUG FXGLAssetLoaderServi - Loading from cache: /assets/textures/semaforoRosso-02.png
15:23:22.883 [FXGL Background Thread 2 ] DEBUG FXGLAssetLoaderServi - Loading from cache: /assets/textures/semaforoVerde-02.png
15:23:22.885 [FXGL Background Thread 2 ] DEBUG FXGLAssetLoaderServi - Loading from cache: /assets/textures/semaforoRosso-03.png
15:23:22.886 [FXGL Background Thread 2 ] DEBUG FXGLAssetLoaderServi - Loading from cache: /assets/textures/semaforoVerde-03.png
15:23:22.888 [FXGL Background Thread 2 ] DEBUG FXGLAssetLoaderServi - Loading from cache: /assets/textures/semaforoRosso-03.png
15:23:22.891 [FXGL Background Thread 2 ] DEBUG FXGLAssetLoaderServi - Loading from cache: /assets/textures/semaforoVerde-03.png
15:23:22.919 [FXGL Background Thread 2 ] DEBUG GameWorld            - Clearing removable entities
15:23:22.920 [FXGL Background Thread 2 ] DEBUG GameWorld            - Setting level: com.almasb.fxgl.entity.level.Level@2210caa5
15:23:22.942 [FXGL Background Thread 2 ] DEBUG FXGLAssetLoaderServi - Loading from file system: /assets/textures/pointer-sprite.png
15:23:23.007 [FXGL Background Thread 2 ] INFO  FXGLApplication      - Game initialization took: 0,480 sec
15:23:23.012 [JavaFX Application Thread] DEBUG Input                - Clearing active input actions
15:23:23.025 [JavaFX Application Thread] DEBUG GameApplicationServi - Removing overlay from FXGLLoadingScene and adding to GameScene
15:23:23.030 [JavaFX Application Thread] DEBUG MainWindow           - FXGLLoadingScene -> GameScene
15:23:23.237 [FXGL Background Thread 3 ] DEBUG Engine               - Logging environment variables
15:23:23.238 [FXGL Background Thread 3 ] DEBUG Engine               - achievements: []
15:23:23.238 [FXGL Background Thread 3 ] DEBUG Engine               - appIcon: fxgl_icon.png
15:23:23.238 [FXGL Background Thread 3 ] DEBUG Engine               - applicationMode: DEVELOPER
15:23:23.238 [FXGL Background Thread 3 ] DEBUG Engine               - cSSList: [fxgl_dark.css]
15:23:23.239 [FXGL Background Thread 3 ] DEBUG Engine               - configClass: Optional.empty
15:23:23.239 [FXGL Background Thread 3 ] DEBUG Engine               - credits: []
15:23:23.239 [FXGL Background Thread 3 ] DEBUG Engine               - devBBoxColorProperty: ObjectProperty [value: 0xff0000ff]
15:23:23.239 [FXGL Background Thread 3 ] DEBUG Engine               - devEnableDebugCameraProperty: BooleanProperty [value: false]
15:23:23.240 [FXGL Background Thread 3 ] DEBUG Engine               - devSensorColorProperty: ObjectProperty [value: 0xffff00ff]
15:23:23.240 [FXGL Background Thread 3 ] DEBUG Engine               - devShowBBoxProperty: BooleanProperty [value: false]
15:23:23.240 [FXGL Background Thread 3 ] DEBUG Engine               - devShowPositionProperty: BooleanProperty [value: false]
15:23:23.240 [FXGL Background Thread 3 ] DEBUG Engine               - enabledMenuItems: []
15:23:23.240 [FXGL Background Thread 3 ] DEBUG Engine               - engineServices: [class com.almasb.fxgl.app.FXGLApplication$GameApplicationService, class com.almasb.fxgl.app.services.FXGLDialogService, class com.almasb.fxgl.app.services.IOTaskExecutorService, class com.almasb.fxgl.event.EventBusService, class com.almasb.fxgl.io.FileSystemService, class com.almasb.fxgl.localization.LocalizationService, class com.almasb.fxgl.app.services.FXGLAssetLoaderService, class com.almasb.fxgl.app.services.SystemBundleService, class com.almasb.fxgl.profile.SaveLoadService, class com.almasb.fxgl.ui.FXGLUIFactoryServiceProvider, class com.almasb.fxgl.ui.FXGLDialogFactoryServiceProvider, class com.almasb.fxgl.audio.AudioPlayer, class com.almasb.fxgl.notification.impl.NotificationServiceProvider, class com.almasb.fxgl.achievement.AchievementService, class com.almasb.fxgl.cutscene.CutsceneService, class com.almasb.fxgl.minigames.MiniGameService, class com.almasb.fxgl.net.NetService, class com.almasb.fxgl.app.services.UpdaterService, class com.almasb.fxgl.dev.DevService, class com.almasb.fxgl.dev.profiling.ProfilerService]
15:23:23.240 [FXGL Background Thread 3 ] DEBUG Engine               - fontGame: Abel-Regular.ttf
15:23:23.240 [FXGL Background Thread 3 ] DEBUG Engine               - fontMono: lucida_console.ttf
15:23:23.240 [FXGL Background Thread 3 ] DEBUG Engine               - fontText: Courier-Prime.ttf
15:23:23.240 [FXGL Background Thread 3 ] DEBUG Engine               - fontUI: VarelaRound-Regular.ttf
15:23:23.241 [FXGL Background Thread 3 ] DEBUG Engine               - fullScreen: BooleanProperty [value: false]
15:23:23.241 [FXGL Background Thread 3 ] DEBUG Engine               - gameDifficulty: MEDIUM
15:23:23.241 [FXGL Background Thread 3 ] DEBUG Engine               - gameDifficultyProperty: ObjectProperty [value: MEDIUM]
15:23:23.241 [FXGL Background Thread 3 ] DEBUG Engine               - globalMusicVolume: 0.5
15:23:23.241 [FXGL Background Thread 3 ] DEBUG Engine               - globalMusicVolumeProperty: DoubleProperty [value: 0.5]
15:23:23.241 [FXGL Background Thread 3 ] DEBUG Engine               - globalSoundVolume: 0.5
15:23:23.241 [FXGL Background Thread 3 ] DEBUG Engine               - globalSoundVolumeProperty: DoubleProperty [value: 0.5]
15:23:23.241 [FXGL Background Thread 3 ] DEBUG Engine               - height: 1750
15:23:23.242 [FXGL Background Thread 3 ] DEBUG Engine               - isAndroid: false
15:23:23.242 [FXGL Background Thread 3 ] DEBUG Engine               - isBrowser: false
15:23:23.242 [FXGL Background Thread 3 ] DEBUG Engine               - isClickFeedbackEnabled: false
15:23:23.242 [FXGL Background Thread 3 ] DEBUG Engine               - isCloseConfirmation: false
15:23:23.242 [FXGL Background Thread 3 ] DEBUG Engine               - isDesktop: true
15:23:23.242 [FXGL Background Thread 3 ] DEBUG Engine               - isDeveloperMenuEnabled: true
15:23:23.242 [FXGL Background Thread 3 ] DEBUG Engine               - isEntityPreloadEnabled: true
15:23:23.242 [FXGL Background Thread 3 ] DEBUG Engine               - isExperimentalNative: false
15:23:23.242 [FXGL Background Thread 3 ] DEBUG Engine               - isExperimentalTiledLargeMap: false
15:23:23.243 [FXGL Background Thread 3 ] DEBUG Engine               - isFileSystemWriteAllowed: true
15:23:23.243 [FXGL Background Thread 3 ] DEBUG Engine               - isFullScreenAllowed: false
15:23:23.243 [FXGL Background Thread 3 ] DEBUG Engine               - isFullScreenFromStart: false
15:23:23.243 [FXGL Background Thread 3 ] DEBUG Engine               - isGameMenuEnabled: true
15:23:23.243 [FXGL Background Thread 3 ] DEBUG Engine               - isIOS: false
15:23:23.243 [FXGL Background Thread 3 ] DEBUG Engine               - isIntroEnabled: false
15:23:23.243 [FXGL Background Thread 3 ] DEBUG Engine               - isLinux: false
15:23:23.243 [FXGL Background Thread 3 ] DEBUG Engine               - isMac: true
15:23:23.243 [FXGL Background Thread 3 ] DEBUG Engine               - isMainMenuEnabled: true
15:23:23.244 [FXGL Background Thread 3 ] DEBUG Engine               - isManualResizeEnabled: true
15:23:23.244 [FXGL Background Thread 3 ] DEBUG Engine               - isMobile: false
15:23:23.244 [FXGL Background Thread 3 ] DEBUG Engine               - isPreserveResizeRatio: true
15:23:23.244 [FXGL Background Thread 3 ] DEBUG Engine               - isProfilingEnabled: true
15:23:23.244 [FXGL Background Thread 3 ] DEBUG Engine               - isSingleStep: false
15:23:23.244 [FXGL Background Thread 3 ] DEBUG Engine               - isUserProfileEnabled: false
15:23:23.244 [FXGL Background Thread 3 ] DEBUG Engine               - isWindows: false
15:23:23.244 [FXGL Background Thread 3 ] DEBUG Engine               - language: ObjectProperty [value: ENGLISH]
15:23:23.244 [FXGL Background Thread 3 ] DEBUG Engine               - menuKey: ESCAPE
15:23:23.245 [FXGL Background Thread 3 ] DEBUG Engine               - notificationViewClass: class com.almasb.fxgl.notification.view.XboxNotificationView
15:23:23.245 [FXGL Background Thread 3 ] DEBUG Engine               - pixelsPerMeter: 50.0
15:23:23.245 [FXGL Background Thread 3 ] DEBUG Engine               - platform: MAC
15:23:23.245 [FXGL Background Thread 3 ] DEBUG Engine               - profileDir: profiles/
15:23:23.245 [FXGL Background Thread 3 ] DEBUG Engine               - profileName: StringProperty [value: DEFAULT]
15:23:23.245 [FXGL Background Thread 3 ] DEBUG Engine               - randomSeed: -1
15:23:23.245 [FXGL Background Thread 3 ] DEBUG Engine               - runtimeInfo: RuntimeInfo(platform=MAC, version=dev-SNAPSHOT, build=03.09.2020 12.08)
15:23:23.245 [FXGL Background Thread 3 ] DEBUG Engine               - saveFileExt: sav
15:23:23.246 [FXGL Background Thread 3 ] DEBUG Engine               - sceneFactory: it.uniroma1.metodologie.trafficGame.TrafficApp$1@6102acfb
15:23:23.246 [FXGL Background Thread 3 ] DEBUG Engine               - secondsIn24h: 60
15:23:23.246 [FXGL Background Thread 3 ] DEBUG Engine               - soundMenuBack: menu/back.wav
15:23:23.246 [FXGL Background Thread 3 ] DEBUG Engine               - soundMenuPress: menu/press.wav
15:23:23.246 [FXGL Background Thread 3 ] DEBUG Engine               - soundMenuSelect: menu/select.wav
15:23:23.246 [FXGL Background Thread 3 ] DEBUG Engine               - soundNotification: core/notification.wav
15:23:23.246 [FXGL Background Thread 3 ] DEBUG Engine               - stageStyle: DECORATED
15:23:23.246 [FXGL Background Thread 3 ] DEBUG Engine               - supportedLanguages: [ENGLISH, FRENCH, GERMAN, HUNGARIAN, RUSSIAN]
15:23:23.246 [FXGL Background Thread 3 ] DEBUG Engine               - title: Traffic
15:23:23.246 [FXGL Background Thread 3 ] DEBUG Engine               - urlGithub: https://github.com/AlmasB/FXGL
15:23:23.247 [FXGL Background Thread 3 ] DEBUG Engine               - urlLeaderboard: http://fxgl-top.herokuapp.com/
15:23:23.247 [FXGL Background Thread 3 ] DEBUG Engine               - urlPOM: https://raw.githubusercontent.com/AlmasB/FXGL/master/pom.xml
15:23:23.247 [FXGL Background Thread 3 ] DEBUG Engine               - version: Alpha 1.0
15:23:23.247 [FXGL Background Thread 3 ] DEBUG Engine               - versionCheckDays: 7
15:23:23.247 [FXGL Background Thread 3 ] DEBUG Engine               - width: 2500
15:23:23.247 [FXGL Background Thread 3 ] DEBUG Engine               - Logging services
15:23:23.247 [FXGL Background Thread 3 ] DEBUG Engine               - class com.almasb.fxgl.app.FXGLApplication$GameApplicationService
15:23:23.247 [FXGL Background Thread 3 ] DEBUG Engine               - class com.almasb.fxgl.app.services.FXGLDialogService
15:23:23.248 [FXGL Background Thread 3 ] DEBUG Engine               - class com.almasb.fxgl.app.services.IOTaskExecutorService
15:23:23.248 [FXGL Background Thread 3 ] DEBUG Engine               - class com.almasb.fxgl.event.EventBusService
15:23:23.248 [FXGL Background Thread 3 ] DEBUG Engine               - class com.almasb.fxgl.io.FileSystemService
15:23:23.248 [FXGL Background Thread 3 ] DEBUG Engine               - class com.almasb.fxgl.localization.LocalizationService
15:23:23.248 [FXGL Background Thread 3 ] DEBUG Engine               - class com.almasb.fxgl.app.services.FXGLAssetLoaderService
15:23:23.248 [FXGL Background Thread 3 ] DEBUG Engine               - class com.almasb.fxgl.app.services.SystemBundleService
15:23:23.248 [FXGL Background Thread 3 ] DEBUG Engine               - class com.almasb.fxgl.profile.SaveLoadService
15:23:23.249 [FXGL Background Thread 3 ] DEBUG Engine               - class com.almasb.fxgl.ui.FXGLUIFactoryServiceProvider
15:23:23.249 [FXGL Background Thread 3 ] DEBUG Engine               - class com.almasb.fxgl.ui.FXGLDialogFactoryServiceProvider
15:23:23.249 [FXGL Background Thread 3 ] DEBUG Engine               - class com.almasb.fxgl.audio.AudioPlayer
15:23:23.249 [FXGL Background Thread 3 ] DEBUG Engine               - class com.almasb.fxgl.notification.impl.NotificationServiceProvider
15:23:23.249 [FXGL Background Thread 3 ] DEBUG Engine               - class com.almasb.fxgl.achievement.AchievementService
15:23:23.249 [FXGL Background Thread 3 ] DEBUG Engine               - class com.almasb.fxgl.cutscene.CutsceneService
15:23:23.249 [FXGL Background Thread 3 ] DEBUG Engine               - class com.almasb.fxgl.minigames.MiniGameService
15:23:23.249 [FXGL Background Thread 3 ] DEBUG Engine               - class com.almasb.fxgl.net.NetService
15:23:23.249 [FXGL Background Thread 3 ] DEBUG Engine               - class com.almasb.fxgl.app.services.UpdaterService
15:23:23.249 [FXGL Background Thread 3 ] DEBUG Engine               - class com.almasb.fxgl.dev.DevService
15:23:23.250 [FXGL Background Thread 3 ] DEBUG Engine               - class com.almasb.fxgl.dev.profiling.ProfilerService
15:23:56.621 [JavaFX Application Thread] DEBUG FXGLApplication      - Exiting FXGL
15:23:56.621 [JavaFX Application Thread] DEBUG LoopRunner           - Stopping loop
15:23:56.621 [JavaFX Application Thread] DEBUG SystemBundleService  - Saving FXGL system data
15:23:56.623 [JavaFX Application Thread] DEBUG FileSystemAccess     - Writing to: /Users/universita/Desktop/ProgettoJava/Drop/system/fxgl.bundle
15:23:56.625 [JavaFX Application Thread] INFO  ProfilerService      - Processed Frames: 2659
15:23:56.625 [JavaFX Application Thread] INFO  ProfilerService      - Average FPS: 59
15:23:56.625 [JavaFX Application Thread] INFO  ProfilerService      - Avg Frame Took: 14,52 ms
15:23:56.625 [JavaFX Application Thread] INFO  ProfilerService      - Avg Memory Usage: 115 MB
15:23:56.625 [JavaFX Application Thread] INFO  ProfilerService      - Min Memory Usage: 72 MB
15:23:56.625 [JavaFX Application Thread] INFO  ProfilerService      - Max Memory Usage: 149 MB
15:23:56.625 [JavaFX Application Thread] INFO  ProfilerService      - Estimated GC runs: 17
15:23:56.625 [JavaFX Application Thread] DEBUG Async                - Shutting down background threads
15:23:56.626 [JavaFX Application Thread] DEBUG MainWindow           - Closing main window
15:23:56.635 [JavaFX Application Thread] DEBUG Logger               - Closing Logger
