23:29:18.030 [main                     ] DEBUG Logger               - Configured Logger
23:29:18.048 [main                     ] DEBUG GameApplication      - Logging settings
Title: Traffic
Version: Alpha 1.0
Width: 2000
Height: 1125
Fullscreen: false
Intro: false
Profiling: false
Single step:false
App Mode: DEVELOPER
Menu Key: ESCAPE
Stage Style: DECORATED
Scene Factory: class it.uniroma1.metodologie.trafficGame.TrafficApp$1

23:29:18.516 [JavaFX Application Thread] DEBUG FXGLApplication      - Initializing FXGL
23:29:18.526 [JavaFX Application Thread] INFO  Engine               - FXGL-dev-SNAPSHOT (06.09.2020 16.28) on MAC (J:14.0.1 FX:14)
23:29:18.527 [JavaFX Application Thread] DEBUG Engine               - JRE Vendor Name: Oracle Corporation
23:29:18.527 [JavaFX Application Thread] DEBUG Engine               - Running on OS: Mac OS X version 10.15.6
23:29:18.527 [JavaFX Application Thread] DEBUG Engine               - Architecture: x86_64
23:29:18.528 [JavaFX Application Thread] INFO  Engine               - Source code and latest versions at: https://github.com/AlmasB/FXGL
23:29:18.528 [JavaFX Application Thread] INFO  Engine               -              Join the FXGL chat at: https://gitter.im/AlmasB/FXGL
23:29:18.651 [JavaFX Application Thread] DEBUG MainWindow           - Creating a JavaFX scene
23:29:18.652 [JavaFX Application Thread] DEBUG MainWindow           - Target size > screen size
23:29:18.696 [JavaFX Application Thread] DEBUG MainWindow           - Target settings size: 2000.0 x 1125.0
23:29:18.696 [JavaFX Application Thread] DEBUG MainWindow           - Scaled scene size:    1775.0 x 1012.0
23:29:18.696 [JavaFX Application Thread] DEBUG MainWindow           - Scaled ratio: (0.8875, 0.8995555555555556)
23:29:18.697 [JavaFX Application Thread] DEBUG MainWindow           - Set initial scene to StartupScene
23:29:18.704 [JavaFX Application Thread] DEBUG MainWindow           - Opening main window
23:29:18.790 [JavaFX Application Thread] DEBUG MainWindow           - Window border size: (0.0, 1.0)
23:29:18.791 [JavaFX Application Thread] DEBUG MainWindow           - Scaled size: 1775.0 x 1012.0
23:29:18.791 [JavaFX Application Thread] DEBUG MainWindow           - Scaled ratio: (0.8875, 0.8875)
23:29:18.791 [JavaFX Application Thread] DEBUG MainWindow           - Scene size: 1775.0 x 1012.0
23:29:18.792 [JavaFX Application Thread] DEBUG MainWindow           - Stage size: 1775.0 x 1013.0
23:29:18.799 [FXGL Background Thread 1 ] DEBUG Engine               - Initializing environment variables
23:29:18.831 [FXGL Background Thread 1 ] DEBUG GameApplicationServi - Applying CSS: fxgl_dark.css
23:29:18.834 [FXGL Background Thread 1 ] DEBUG FXGLAssetLoaderServi - Loading from file system: /assets/ui/css/fxgl_dark.css
23:29:18.897 [FXGL Background Thread 1 ] DEBUG GameApplicationServi - Initializing application scenes
23:29:19.219 [FXGL Background Thread 1 ] DEBUG GameWorld            - Game world initialized
23:29:19.282 [FXGL Background Thread 1 ] DEBUG PhysicsWorld         - Physics world initialized: appHeight=1125, physics.ppm=50,0
23:29:19.284 [FXGL Background Thread 1 ] DEBUG GameScene            - Game scene initialized: 2000x1125
23:29:19.296 [FXGL Background Thread 1 ] DEBUG FXGLAssetLoaderServi - Loading from file system: /assets/textures/bg.jpg
23:29:19.713 [FXGL Background Thread 1 ] DEBUG FXGLAssetLoaderServi - Loading from file system: /assets/textures/logo.png
23:29:19.860 [FXGL Background Thread 1 ] DEBUG FXGLAssetLoaderServi - Loading from file system: /assets/textures/particles/trace_horizontal.png
23:29:19.891 [FXGL Background Thread 1 ] DEBUG FXGL.DefaultMenu     - createMenuBodyGameMenu()
23:29:19.908 [FXGL Background Thread 1 ] DEBUG FXGL.DefaultMenu     - createOptionsMenu()
23:29:19.913 [FXGL Background Thread 1 ] DEBUG FXGL.DefaultMenu     - createExtraMenu()
23:29:19.918 [FXGL Background Thread 1 ] DEBUG FXGLAssetLoaderServi - Loading from file system: /assets/textures/particles/smoke.png
23:29:19.988 [FXGL Background Thread 1 ] DEBUG GameApplicationServi - Application scenes initialized
23:29:20.000 [FXGL Background Thread 1 ] DEBUG SystemBundleService  - Loading FXGL system data
23:29:20.005 [FXGL Background Thread 1 ] DEBUG FileSystemAccess     - Reading from: /Users/universita/Desktop/ProgettoJava/traffic-mobile/system/fxgl.bundle
23:29:20.014 [FXGL Background Thread 1 ] DEBUG SystemBundleService  - Bundle FXGL: {}
23:29:20.014 [FXGL Background Thread 1 ] DEBUG UpdaterService       - Checking for updates
23:29:20.052 [FXGL Background Thread 4 ] DEBUG FXGLApplication      - Loading fonts
23:29:20.052 [FXGL Background Thread 4 ] DEBUG FXGLAssetLoaderServi - Loading from file system: /assets/ui/fonts/VarelaRound-Regular.ttf
23:29:20.052 [FXGL Background Thread 1 ] DEBUG FXGLApplication      - Loading default localization
23:29:20.052 [FXGL Background Thread 1 ] DEBUG FXGLAssetLoaderServi - Loading from file system: /assets/languages/english.lang
23:29:20.071 [FXGL Background Thread 1 ] INFO  FXGLApplication      - FXGL initialization took: 1,272 sec
23:29:20.084 [JavaFX Application Thread] DEBUG Input                - Registered new binding: Change trafficlight status - F
23:29:20.084 [JavaFX Application Thread] DEBUG Input                - Registered new binding: Move Right - D
23:29:20.084 [JavaFX Application Thread] DEBUG Input                - Registered new binding: Move Left - A
23:29:20.085 [JavaFX Application Thread] DEBUG Input                - Registered new binding: Move Up - W
23:29:20.085 [JavaFX Application Thread] DEBUG Input                - Registered new binding: Move Down - S
23:29:20.085 [JavaFX Application Thread] DEBUG Input                - Registered new binding: Spawn Car - Space
23:29:20.086 [JavaFX Application Thread] DEBUG Input                - Registered new binding: Select and change traffic light - LMB
23:29:20.086 [JavaFX Application Thread] DEBUG FXGLAssetLoaderServi - Loading from file system: /assets/textures/fxgl_icon.png
23:29:20.100 [FXGL Background Thread 4 ] DEBUG FXGLAssetLoaderServi - Loading from file system: /assets/ui/fonts/Abel-Regular.ttf
23:29:20.106 [FXGL Background Thread 4 ] DEBUG FXGLAssetLoaderServi - Loading from file system: /assets/ui/fonts/lucida_console.ttf
23:29:20.108 [JavaFX Application Thread] DEBUG FXGLAssetLoaderServi - Loading from file system: /assets/ui/cursors/fxgl_default.png
23:29:20.110 [JavaFX Application Thread] DEBUG Input                - Registered new binding: Screenshot - P
23:29:20.111 [JavaFX Application Thread] DEBUG Input                - Registered new binding: Dev Options - 1
23:29:20.112 [JavaFX Application Thread] DEBUG Input                - Registered new binding: Dev Console - 2
23:29:20.112 [JavaFX Application Thread] DEBUG Input                - Registered new binding: System info dump - CTRL+9
23:29:20.113 [JavaFX Application Thread] DEBUG Input                - Registered new binding: Restart - CTRL+R
23:29:20.111 [FXGL Background Thread 4 ] DEBUG FXGLAssetLoaderServi - Loading from file system: /assets/ui/fonts/Courier-Prime.ttf
23:29:20.113 [JavaFX Application Thread] DEBUG Input                - Registered new binding: Toggle Debug Camera - CTRL+C
23:29:20.116 [JavaFX Application Thread] DEBUG LoopRunner           - Starting loop
23:29:20.149 [JavaFX Application Thread] DEBUG Input                - Clearing active input actions
23:29:20.163 [JavaFX Application Thread] DEBUG GameApplicationServi - Removing overlay from StartupScene and adding to FXGLMainMenuDummyScene
23:29:20.168 [JavaFX Application Thread] DEBUG MainWindow           - StartupScene -> FXGLMainMenuDummyScene
23:29:20.168 [JavaFX Application Thread] DEBUG MainWindow           - Push state: TrafficAppMenu
23:29:20.168 [JavaFX Application Thread] DEBUG Input                - Clearing active input actions
23:29:20.178 [JavaFX Application Thread] DEBUG GameApplicationServi - Removing overlay from FXGLMainMenuDummyScene and adding to TrafficAppMenu
23:29:20.179 [JavaFX Application Thread] DEBUG MainWindow           - FXGLMainMenuDummyScene -> TrafficAppMenu
23:29:20.190 [JavaFX Application Thread] DEBUG FXGLApplication      - Registering font factories with UI factory
23:29:23.054 [FXGL Background Thread 3 ] DEBUG Engine               - Logging environment variables
23:29:23.056 [FXGL Background Thread 3 ] DEBUG Engine               - achievements: []
23:29:23.056 [FXGL Background Thread 3 ] DEBUG Engine               - appIcon: fxgl_icon.png
23:29:23.057 [FXGL Background Thread 3 ] DEBUG Engine               - applicationMode: DEVELOPER
23:29:23.057 [FXGL Background Thread 3 ] DEBUG Engine               - cSSList: [fxgl_dark.css]
23:29:23.059 [FXGL Background Thread 3 ] DEBUG Engine               - configClass: Optional.empty
23:29:23.060 [FXGL Background Thread 3 ] DEBUG Engine               - credits: []
23:29:23.061 [FXGL Background Thread 3 ] DEBUG Engine               - devBBoxColorProperty: ObjectProperty [value: 0xff0000ff]
23:29:23.062 [FXGL Background Thread 3 ] DEBUG Engine               - devEnableDebugCameraProperty: BooleanProperty [value: false]
23:29:23.062 [FXGL Background Thread 3 ] DEBUG Engine               - devSensorColorProperty: ObjectProperty [value: 0xffff00ff]
23:29:23.062 [FXGL Background Thread 3 ] DEBUG Engine               - devShowBBoxProperty: BooleanProperty [value: false]
23:29:23.063 [FXGL Background Thread 3 ] DEBUG Engine               - devShowPositionProperty: BooleanProperty [value: false]
23:29:23.063 [FXGL Background Thread 3 ] DEBUG Engine               - enabledMenuItems: [SAVE_LOAD, EXTRA, ONLINE]
23:29:23.063 [FXGL Background Thread 3 ] DEBUG Engine               - engineServices: [class com.almasb.fxgl.app.FXGLApplication$GameApplicationService, class com.almasb.fxgl.app.services.FXGLDialogService, class com.almasb.fxgl.app.services.IOTaskExecutorService, class com.almasb.fxgl.event.EventBusService, class com.almasb.fxgl.io.FileSystemService, class com.almasb.fxgl.localization.LocalizationService, class com.almasb.fxgl.app.services.FXGLAssetLoaderService, class com.almasb.fxgl.app.services.SystemBundleService, class com.almasb.fxgl.profile.SaveLoadService, class com.almasb.fxgl.ui.FXGLUIFactoryServiceProvider, class com.almasb.fxgl.ui.FXGLDialogFactoryServiceProvider, class com.almasb.fxgl.audio.AudioPlayer, class com.almasb.fxgl.notification.impl.NotificationServiceProvider, class com.almasb.fxgl.achievement.AchievementService, class com.almasb.fxgl.cutscene.CutsceneService, class com.almasb.fxgl.minigames.MiniGameService, class com.almasb.fxgl.net.NetService, class com.almasb.fxgl.app.services.UpdaterService, class com.almasb.fxgl.dev.DevService]
23:29:23.063 [FXGL Background Thread 3 ] DEBUG Engine               - fontGame: Abel-Regular.ttf
23:29:23.064 [FXGL Background Thread 3 ] DEBUG Engine               - fontMono: lucida_console.ttf
23:29:23.064 [FXGL Background Thread 3 ] DEBUG Engine               - fontText: Courier-Prime.ttf
23:29:23.064 [FXGL Background Thread 3 ] DEBUG Engine               - fontUI: VarelaRound-Regular.ttf
23:29:23.064 [FXGL Background Thread 3 ] DEBUG Engine               - fullScreen: BooleanProperty [value: false]
23:29:23.064 [FXGL Background Thread 3 ] DEBUG Engine               - gameDifficulty: MEDIUM
23:29:23.065 [FXGL Background Thread 3 ] DEBUG Engine               - gameDifficultyProperty: ObjectProperty [value: MEDIUM]
23:29:23.065 [FXGL Background Thread 3 ] DEBUG Engine               - globalMusicVolume: 0.5
23:29:23.065 [FXGL Background Thread 3 ] DEBUG Engine               - globalMusicVolumeProperty: DoubleProperty [value: 0.5]
23:29:23.066 [FXGL Background Thread 3 ] DEBUG Engine               - globalSoundVolume: 0.5
23:29:23.066 [FXGL Background Thread 3 ] DEBUG Engine               - globalSoundVolumeProperty: DoubleProperty [value: 0.5]
23:29:23.066 [FXGL Background Thread 3 ] DEBUG Engine               - height: 1125
23:29:23.067 [FXGL Background Thread 3 ] DEBUG Engine               - isAndroid: false
23:29:23.067 [FXGL Background Thread 3 ] DEBUG Engine               - isBrowser: false
23:29:23.067 [FXGL Background Thread 3 ] DEBUG Engine               - isClickFeedbackEnabled: false
23:29:23.068 [FXGL Background Thread 3 ] DEBUG Engine               - isCloseConfirmation: false
23:29:23.069 [FXGL Background Thread 3 ] DEBUG Engine               - isDesktop: true
23:29:23.069 [FXGL Background Thread 3 ] DEBUG Engine               - isDeveloperMenuEnabled: true
23:29:23.070 [FXGL Background Thread 3 ] DEBUG Engine               - isEntityPreloadEnabled: true
23:29:23.070 [FXGL Background Thread 3 ] DEBUG Engine               - isExperimentalNative: false
23:29:23.070 [FXGL Background Thread 3 ] DEBUG Engine               - isExperimentalTiledLargeMap: false
23:29:23.071 [FXGL Background Thread 3 ] DEBUG Engine               - isFileSystemWriteAllowed: true
23:29:23.072 [FXGL Background Thread 3 ] DEBUG Engine               - isFullScreenAllowed: false
23:29:23.072 [FXGL Background Thread 3 ] DEBUG Engine               - isFullScreenFromStart: false
23:29:23.072 [FXGL Background Thread 3 ] DEBUG Engine               - isGameMenuEnabled: true
23:29:23.072 [FXGL Background Thread 3 ] DEBUG Engine               - isIOS: false
23:29:23.072 [FXGL Background Thread 3 ] DEBUG Engine               - isIntroEnabled: false
23:29:23.072 [FXGL Background Thread 3 ] DEBUG Engine               - isLinux: false
23:29:23.073 [FXGL Background Thread 3 ] DEBUG Engine               - isMac: true
23:29:23.073 [FXGL Background Thread 3 ] DEBUG Engine               - isMainMenuEnabled: true
23:29:23.073 [FXGL Background Thread 3 ] DEBUG Engine               - isManualResizeEnabled: true
23:29:23.073 [FXGL Background Thread 3 ] DEBUG Engine               - isMobile: false
23:29:23.074 [FXGL Background Thread 3 ] DEBUG Engine               - isPreserveResizeRatio: true
23:29:23.074 [FXGL Background Thread 3 ] DEBUG Engine               - isProfilingEnabled: false
23:29:23.074 [FXGL Background Thread 3 ] DEBUG Engine               - isSingleStep: false
23:29:23.074 [FXGL Background Thread 3 ] DEBUG Engine               - isUserProfileEnabled: false
23:29:23.075 [FXGL Background Thread 3 ] DEBUG Engine               - isWindows: false
23:29:23.075 [FXGL Background Thread 3 ] DEBUG Engine               - language: ObjectProperty [value: ENGLISH]
23:29:23.075 [FXGL Background Thread 3 ] DEBUG Engine               - menuKey: ESCAPE
23:29:23.076 [FXGL Background Thread 3 ] DEBUG Engine               - notificationViewClass: class com.almasb.fxgl.notification.view.XboxNotificationView
23:29:23.076 [FXGL Background Thread 3 ] DEBUG Engine               - pixelsPerMeter: 50.0
23:29:23.076 [FXGL Background Thread 3 ] DEBUG Engine               - platform: MAC
23:29:23.076 [FXGL Background Thread 3 ] DEBUG Engine               - profileDir: profiles/
23:29:23.077 [FXGL Background Thread 3 ] DEBUG Engine               - profileName: StringProperty [value: DEFAULT]
23:29:23.077 [FXGL Background Thread 3 ] DEBUG Engine               - randomSeed: -1
23:29:23.077 [FXGL Background Thread 3 ] DEBUG Engine               - runtimeInfo: RuntimeInfo(platform=MAC, version=dev-SNAPSHOT, build=06.09.2020 16.28)
23:29:23.078 [FXGL Background Thread 3 ] DEBUG Engine               - saveFileExt: sav
23:29:23.078 [FXGL Background Thread 3 ] DEBUG Engine               - sceneFactory: it.uniroma1.metodologie.trafficGame.TrafficApp$1@1a720d65
23:29:23.079 [FXGL Background Thread 3 ] DEBUG Engine               - secondsIn24h: 60
23:29:23.079 [FXGL Background Thread 3 ] DEBUG Engine               - soundMenuBack: menu/back.wav
23:29:23.079 [FXGL Background Thread 3 ] DEBUG Engine               - soundMenuPress: menu/press.wav
23:29:23.079 [FXGL Background Thread 3 ] DEBUG Engine               - soundMenuSelect: menu/select.wav
23:29:23.079 [FXGL Background Thread 3 ] DEBUG Engine               - soundNotification: core/notification.wav
23:29:23.079 [FXGL Background Thread 3 ] DEBUG Engine               - stageStyle: DECORATED
23:29:23.080 [FXGL Background Thread 3 ] DEBUG Engine               - supportedLanguages: [ENGLISH, FRENCH, GERMAN, HUNGARIAN, RUSSIAN]
23:29:23.080 [FXGL Background Thread 3 ] DEBUG Engine               - title: Traffic
23:29:23.080 [FXGL Background Thread 3 ] DEBUG Engine               - urlGithub: https://github.com/AlmasB/FXGL
23:29:23.080 [FXGL Background Thread 3 ] DEBUG Engine               - urlLeaderboard: http://fxgl-top.herokuapp.com/
23:29:23.081 [FXGL Background Thread 3 ] DEBUG Engine               - urlPOM: https://raw.githubusercontent.com/AlmasB/FXGL/master/pom.xml
23:29:23.081 [FXGL Background Thread 3 ] DEBUG Engine               - version: Alpha 1.0
23:29:23.081 [FXGL Background Thread 3 ] DEBUG Engine               - versionCheckDays: 7
23:29:23.081 [FXGL Background Thread 3 ] DEBUG Engine               - width: 2000
23:29:23.082 [FXGL Background Thread 3 ] DEBUG Engine               - Logging services
23:29:23.083 [FXGL Background Thread 3 ] DEBUG Engine               - class com.almasb.fxgl.app.FXGLApplication$GameApplicationService
23:29:23.083 [FXGL Background Thread 3 ] DEBUG Engine               - class com.almasb.fxgl.app.services.FXGLDialogService
23:29:23.084 [FXGL Background Thread 3 ] DEBUG Engine               - class com.almasb.fxgl.app.services.IOTaskExecutorService
23:29:23.084 [FXGL Background Thread 3 ] DEBUG Engine               - class com.almasb.fxgl.event.EventBusService
23:29:23.084 [FXGL Background Thread 3 ] DEBUG Engine               - class com.almasb.fxgl.io.FileSystemService
23:29:23.084 [FXGL Background Thread 3 ] DEBUG Engine               - class com.almasb.fxgl.localization.LocalizationService
23:29:23.085 [FXGL Background Thread 3 ] DEBUG Engine               - class com.almasb.fxgl.app.services.FXGLAssetLoaderService
23:29:23.085 [FXGL Background Thread 3 ] DEBUG Engine               - class com.almasb.fxgl.app.services.SystemBundleService
23:29:23.085 [FXGL Background Thread 3 ] DEBUG Engine               - class com.almasb.fxgl.profile.SaveLoadService
23:29:23.085 [FXGL Background Thread 3 ] DEBUG Engine               - class com.almasb.fxgl.ui.FXGLUIFactoryServiceProvider
23:29:23.085 [FXGL Background Thread 3 ] DEBUG Engine               - class com.almasb.fxgl.ui.FXGLDialogFactoryServiceProvider
23:29:23.086 [FXGL Background Thread 3 ] DEBUG Engine               - class com.almasb.fxgl.audio.AudioPlayer
23:29:23.086 [FXGL Background Thread 3 ] DEBUG Engine               - class com.almasb.fxgl.notification.impl.NotificationServiceProvider
23:29:23.086 [FXGL Background Thread 3 ] DEBUG Engine               - class com.almasb.fxgl.achievement.AchievementService
23:29:23.086 [FXGL Background Thread 3 ] DEBUG Engine               - class com.almasb.fxgl.cutscene.CutsceneService
23:29:23.086 [FXGL Background Thread 3 ] DEBUG Engine               - class com.almasb.fxgl.minigames.MiniGameService
23:29:23.087 [FXGL Background Thread 3 ] DEBUG Engine               - class com.almasb.fxgl.net.NetService
23:29:23.087 [FXGL Background Thread 3 ] DEBUG Engine               - class com.almasb.fxgl.app.services.UpdaterService
23:29:23.087 [FXGL Background Thread 3 ] DEBUG Engine               - class com.almasb.fxgl.dev.DevService
23:29:23.858 [JavaFX Application Thread] DEBUG Menu                 - fireNewGame()
23:29:23.858 [JavaFX Application Thread] DEBUG GameApplicationServi - Starting new game
23:29:23.858 [JavaFX Application Thread] DEBUG MainWindow           - Pop state: TrafficAppMenu
23:29:23.859 [JavaFX Application Thread] DEBUG Input                - Clearing active input actions
23:29:23.860 [JavaFX Application Thread] DEBUG GameApplicationServi - Removing overlay from TrafficAppMenu and adding to FXGLMainMenuDummyScene
23:29:23.863 [JavaFX Application Thread] DEBUG MainWindow           - FXGLMainMenuDummyScene <- TrafficAppMenu
23:29:23.863 [JavaFX Application Thread] DEBUG Input                - Clearing active input actions
23:29:23.873 [JavaFX Application Thread] DEBUG GameApplicationServi - Removing overlay from FXGLMainMenuDummyScene and adding to FXGLLoadingScene
23:29:23.873 [JavaFX Application Thread] DEBUG MainWindow           - FXGLMainMenuDummyScene -> FXGLLoadingScene
23:29:23.873 [JavaFX Application Thread] DEBUG GameApplicationServi - Clearing previous game
23:29:23.874 [JavaFX Application Thread] DEBUG GameScene            - Clearing game scene
23:29:23.874 [JavaFX Application Thread] DEBUG GameWorld            - Clearing game world
23:29:23.874 [JavaFX Application Thread] DEBUG PhysicsWorld         - Clearing physics world
23:29:23.875 [FXGL Background Thread 2 ] DEBUG FXGLApplication      - Initializing game
23:29:23.890 [FXGL Background Thread 2 ] DEBUG FXGLAssetLoaderServi - Loading from file system: /assets/levels/Mappa-testing.tmx
23:29:23.934 [FXGL Background Thread 2 ] WARN  TMXLevelLoader       - TiledMap generated from 1.4.1. Supported version: 1.2.3. Some features may not be parsed fully.
23:29:24.001 [FXGL Background Thread 2 ] DEBUG TMXLevelLoader       - Parsed raw map: TiledMap(width=16, height=9, tilewidth=125, tileheight=125, orientation=orthogonal, layers=[Layer(width=16, height=9, name=Tile Layer 1, type=tilelayer, visible=false, x=0, y=0, data=[24, 24, 24, 26, 5, 28, 24, 24, 24, 24, 24, 26, 5, 28, 24, 24, 25, 25, 25, 32, 5, 34, 25, 25, 25, 25, 25, 32, 5, 34, 25, 25, 6, 6, 6, 6, 7, 6, 6, 6, 6, 6, 6, 6, 7, 6, 6, 6, 27, 27, 27, 33, 5, 21, 13, 13, 13, 13, 13, 19, 5, 35, 27, 27, 24, 24, 24, 26, 5, 14, 10, 10, 10, 10, 10, 12, 5, 28, 24, 24, 25, 25, 25, 32, 5, 20, 11, 11, 11, 11, 11, 18, 5, 34, 25, 25, 6, 6, 6, 6, 7, 6, 6, 6, 6, 6, 6, 6, 7, 6, 6, 6, 27, 27, 27, 33, 5, 35, 27, 27, 27, 27, 27, 33, 5, 35, 27, 27, 24, 24, 24, 26, 5, 28, 24, 24, 24, 24, 24, 26, 5, 28, 24, 24], objects=[], opacity=0.0, draworder=), Layer(width=0, height=0, name=spawnpoints, type=objectgroup, visible=false, x=0, y=0, data=[], objects=[com.almasb.fxgl.entity.level.tiled.TiledObject@53ece45f, com.almasb.fxgl.entity.level.tiled.TiledObject@5d93cdca, com.almasb.fxgl.entity.level.tiled.TiledObject@64c453de, com.almasb.fxgl.entity.level.tiled.TiledObject@5e5e050a, com.almasb.fxgl.entity.level.tiled.TiledObject@6aa4cc82, com.almasb.fxgl.entity.level.tiled.TiledObject@299ab181, com.almasb.fxgl.entity.level.tiled.TiledObject@6f864dcf, com.almasb.fxgl.entity.level.tiled.TiledObject@41de6360], opacity=0.0, draworder=), Layer(width=0, height=0, name=paths, type=objectgroup, visible=false, x=0, y=0, data=[], objects=[com.almasb.fxgl.entity.level.tiled.TiledObject@dd27705, com.almasb.fxgl.entity.level.tiled.TiledObject@7138c987, com.almasb.fxgl.entity.level.tiled.TiledObject@2c8d1a5a, com.almasb.fxgl.entity.level.tiled.TiledObject@1efab9c8, com.almasb.fxgl.entity.level.tiled.TiledObject@8e9f4d, com.almasb.fxgl.entity.level.tiled.TiledObject@374d0a2a, com.almasb.fxgl.entity.level.tiled.TiledObject@73569953, com.almasb.fxgl.entity.level.tiled.TiledObject@38295a08, com.almasb.fxgl.entity.level.tiled.TiledObject@4ca9deb7, com.almasb.fxgl.entity.level.tiled.TiledObject@13ea8152, com.almasb.fxgl.entity.level.tiled.TiledObject@54b10e7d, com.almasb.fxgl.entity.level.tiled.TiledObject@263ae7f9, com.almasb.fxgl.entity.level.tiled.TiledObject@24e4d9ef, com.almasb.fxgl.entity.level.tiled.TiledObject@63c33c30, com.almasb.fxgl.entity.level.tiled.TiledObject@3fdd14d3, com.almasb.fxgl.entity.level.tiled.TiledObject@4e2929fe, com.almasb.fxgl.entity.level.tiled.TiledObject@4c80aa75, com.almasb.fxgl.entity.level.tiled.TiledObject@36d82d69, com.almasb.fxgl.entity.level.tiled.TiledObject@61f4cced, com.almasb.fxgl.entity.level.tiled.TiledObject@66956ff4, com.almasb.fxgl.entity.level.tiled.TiledObject@2f8fa251, com.almasb.fxgl.entity.level.tiled.TiledObject@584b71ac, com.almasb.fxgl.entity.level.tiled.TiledObject@1f9f4dec, com.almasb.fxgl.entity.level.tiled.TiledObject@52386b24], opacity=0.0, draworder=), Layer(width=0, height=0, name=Incroci, type=objectgroup, visible=false, x=0, y=0, data=[], objects=[com.almasb.fxgl.entity.level.tiled.TiledObject@f7d618, com.almasb.fxgl.entity.level.tiled.TiledObject@33201bb, com.almasb.fxgl.entity.level.tiled.TiledObject@6627dc1c, com.almasb.fxgl.entity.level.tiled.TiledObject@77d7eab7], opacity=0.0, draworder=), Layer(width=0, height=0, name=trafficLight, type=objectgroup, visible=false, x=0, y=0, data=[], objects=[com.almasb.fxgl.entity.level.tiled.TiledObject@492eb543, com.almasb.fxgl.entity.level.tiled.TiledObject@5a824a04, com.almasb.fxgl.entity.level.tiled.TiledObject@29dba74, com.almasb.fxgl.entity.level.tiled.TiledObject@4ad77ac2, com.almasb.fxgl.entity.level.tiled.TiledObject@76ef5a76, com.almasb.fxgl.entity.level.tiled.TiledObject@3e75fcc5, com.almasb.fxgl.entity.level.tiled.TiledObject@5154bf65, com.almasb.fxgl.entity.level.tiled.TiledObject@20a4cee7, com.almasb.fxgl.entity.level.tiled.TiledObject@2c141c6f, com.almasb.fxgl.entity.level.tiled.TiledObject@3d964efc, com.almasb.fxgl.entity.level.tiled.TiledObject@494d61bc, com.almasb.fxgl.entity.level.tiled.TiledObject@4f985d84, com.almasb.fxgl.entity.level.tiled.TiledObject@4363d77c, com.almasb.fxgl.entity.level.tiled.TiledObject@4c8d8042, com.almasb.fxgl.entity.level.tiled.TiledObject@6e6f58ee, com.almasb.fxgl.entity.level.tiled.TiledObject@63165cda], opacity=0.0, draworder=)], tilesets=[Tileset(firstgid=1, image=../textures/rsz_tiles_sheet.png, name=rsz_tiles_sheet, tilewidth=125, tileheight=125, imagewidth=875, imageheight=750, margin=0, spacing=0, columns=7, tilecount=42, transparentcolor=41ffef, tiles=[])], backgroundcolor=, renderorder=left-up, nextobjectid=66, version=1, tiledversion=1.4.1, type=map, infinite=false, hexsidelength=0, staggeraxis=, staggerindex=, properties={}, propertytypes={})
23:29:24.002 [FXGL Background Thread 2 ] DEBUG TMXLevelLoader       - Creating tile layer entities
23:29:24.003 [FXGL Background Thread 2 ] DEBUG TilesetLoader        - Loading view for layer Tile Layer 1
23:29:24.025 [FXGL Background Thread 2 ] DEBUG TilesetLoader        - Created buffer with size 2000.0x1125.0
23:29:24.351 [FXGL Background Thread 2 ] DEBUG TilesetLoader        - Writing to buffer: dst=0,0, w=125,h=125, src=250,375
23:29:24.352 [FXGL Background Thread 2 ] DEBUG TilesetLoader        - Writing to buffer: dst=125,0, w=125,h=125, src=250,375
23:29:24.352 [FXGL Background Thread 2 ] DEBUG TilesetLoader        - Writing to buffer: dst=250,0, w=125,h=125, src=250,375
23:29:24.354 [FXGL Background Thread 2 ] DEBUG TilesetLoader        - Writing to buffer: dst=375,0, w=125,h=125, src=500,375
23:29:24.355 [FXGL Background Thread 2 ] DEBUG TilesetLoader        - Writing to buffer: dst=500,0, w=125,h=125, src=500,0
23:29:24.355 [FXGL Background Thread 2 ] DEBUG TilesetLoader        - Writing to buffer: dst=625,0, w=125,h=125, src=750,375
23:29:24.355 [FXGL Background Thread 2 ] DEBUG TilesetLoader        - Writing to buffer: dst=750,0, w=125,h=125, src=250,375
23:29:24.356 [FXGL Background Thread 2 ] DEBUG TilesetLoader        - Writing to buffer: dst=875,0, w=125,h=125, src=250,375
23:29:24.356 [FXGL Background Thread 2 ] DEBUG TilesetLoader        - Writing to buffer: dst=1000,0, w=125,h=125, src=250,375
23:29:24.356 [FXGL Background Thread 2 ] DEBUG TilesetLoader        - Writing to buffer: dst=1125,0, w=125,h=125, src=250,375
23:29:24.356 [FXGL Background Thread 2 ] DEBUG TilesetLoader        - Writing to buffer: dst=1250,0, w=125,h=125, src=250,375
23:29:24.356 [FXGL Background Thread 2 ] DEBUG TilesetLoader        - Writing to buffer: dst=1375,0, w=125,h=125, src=500,375
23:29:24.357 [FXGL Background Thread 2 ] DEBUG TilesetLoader        - Writing to buffer: dst=1500,0, w=125,h=125, src=500,0
23:29:24.358 [FXGL Background Thread 2 ] DEBUG TilesetLoader        - Writing to buffer: dst=1625,0, w=125,h=125, src=750,375
23:29:24.358 [FXGL Background Thread 2 ] DEBUG TilesetLoader        - Writing to buffer: dst=1750,0, w=125,h=125, src=250,375
23:29:24.359 [FXGL Background Thread 2 ] DEBUG TilesetLoader        - Writing to buffer: dst=1875,0, w=125,h=125, src=250,375
23:29:24.359 [FXGL Background Thread 2 ] DEBUG TilesetLoader        - Writing to buffer: dst=0,125, w=125,h=125, src=375,375
23:29:24.359 [FXGL Background Thread 2 ] DEBUG TilesetLoader        - Writing to buffer: dst=125,125, w=125,h=125, src=375,375
23:29:24.359 [FXGL Background Thread 2 ] DEBUG TilesetLoader        - Writing to buffer: dst=250,125, w=125,h=125, src=375,375
23:29:24.364 [FXGL Background Thread 2 ] DEBUG TilesetLoader        - Writing to buffer: dst=375,125, w=125,h=125, src=375,500
23:29:24.366 [FXGL Background Thread 2 ] DEBUG TilesetLoader        - Writing to buffer: dst=500,125, w=125,h=125, src=500,0
23:29:24.367 [FXGL Background Thread 2 ] DEBUG TilesetLoader        - Writing to buffer: dst=625,125, w=125,h=125, src=625,500
23:29:24.368 [FXGL Background Thread 2 ] DEBUG TilesetLoader        - Writing to buffer: dst=750,125, w=125,h=125, src=375,375
23:29:24.369 [FXGL Background Thread 2 ] DEBUG TilesetLoader        - Writing to buffer: dst=875,125, w=125,h=125, src=375,375
23:29:24.369 [FXGL Background Thread 2 ] DEBUG TilesetLoader        - Writing to buffer: dst=1000,125, w=125,h=125, src=375,375
23:29:24.369 [FXGL Background Thread 2 ] DEBUG TilesetLoader        - Writing to buffer: dst=1125,125, w=125,h=125, src=375,375
23:29:24.369 [FXGL Background Thread 2 ] DEBUG TilesetLoader        - Writing to buffer: dst=1250,125, w=125,h=125, src=375,375
23:29:24.370 [FXGL Background Thread 2 ] DEBUG TilesetLoader        - Writing to buffer: dst=1375,125, w=125,h=125, src=375,500
23:29:24.370 [FXGL Background Thread 2 ] DEBUG TilesetLoader        - Writing to buffer: dst=1500,125, w=125,h=125, src=500,0
23:29:24.370 [FXGL Background Thread 2 ] DEBUG TilesetLoader        - Writing to buffer: dst=1625,125, w=125,h=125, src=625,500
23:29:24.370 [FXGL Background Thread 2 ] DEBUG TilesetLoader        - Writing to buffer: dst=1750,125, w=125,h=125, src=375,375
23:29:24.370 [FXGL Background Thread 2 ] DEBUG TilesetLoader        - Writing to buffer: dst=1875,125, w=125,h=125, src=375,375
23:29:24.370 [FXGL Background Thread 2 ] DEBUG TilesetLoader        - Writing to buffer: dst=0,250, w=125,h=125, src=625,0
23:29:24.371 [FXGL Background Thread 2 ] DEBUG TilesetLoader        - Writing to buffer: dst=125,250, w=125,h=125, src=625,0
23:29:24.371 [FXGL Background Thread 2 ] DEBUG TilesetLoader        - Writing to buffer: dst=250,250, w=125,h=125, src=625,0
23:29:24.371 [FXGL Background Thread 2 ] DEBUG TilesetLoader        - Writing to buffer: dst=375,250, w=125,h=125, src=625,0
23:29:24.371 [FXGL Background Thread 2 ] DEBUG TilesetLoader        - Writing to buffer: dst=500,250, w=125,h=125, src=750,0
23:29:24.371 [FXGL Background Thread 2 ] DEBUG TilesetLoader        - Writing to buffer: dst=625,250, w=125,h=125, src=625,0
23:29:24.371 [FXGL Background Thread 2 ] DEBUG TilesetLoader        - Writing to buffer: dst=750,250, w=125,h=125, src=625,0
23:29:24.372 [FXGL Background Thread 2 ] DEBUG TilesetLoader        - Writing to buffer: dst=875,250, w=125,h=125, src=625,0
23:29:24.372 [FXGL Background Thread 2 ] DEBUG TilesetLoader        - Writing to buffer: dst=1000,250, w=125,h=125, src=625,0
23:29:24.372 [FXGL Background Thread 2 ] DEBUG TilesetLoader        - Writing to buffer: dst=1125,250, w=125,h=125, src=625,0
23:29:24.372 [FXGL Background Thread 2 ] DEBUG TilesetLoader        - Writing to buffer: dst=1250,250, w=125,h=125, src=625,0
23:29:24.372 [FXGL Background Thread 2 ] DEBUG TilesetLoader        - Writing to buffer: dst=1375,250, w=125,h=125, src=625,0
23:29:24.373 [FXGL Background Thread 2 ] DEBUG TilesetLoader        - Writing to buffer: dst=1500,250, w=125,h=125, src=750,0
23:29:24.373 [FXGL Background Thread 2 ] DEBUG TilesetLoader        - Writing to buffer: dst=1625,250, w=125,h=125, src=625,0
23:29:24.373 [FXGL Background Thread 2 ] DEBUG TilesetLoader        - Writing to buffer: dst=1750,250, w=125,h=125, src=625,0
23:29:24.373 [FXGL Background Thread 2 ] DEBUG TilesetLoader        - Writing to buffer: dst=1875,250, w=125,h=125, src=625,0
23:29:24.373 [FXGL Background Thread 2 ] DEBUG TilesetLoader        - Writing to buffer: dst=0,375, w=125,h=125, src=625,375
23:29:24.373 [FXGL Background Thread 2 ] DEBUG TilesetLoader        - Writing to buffer: dst=125,375, w=125,h=125, src=625,375
23:29:24.374 [FXGL Background Thread 2 ] DEBUG TilesetLoader        - Writing to buffer: dst=250,375, w=125,h=125, src=625,375
23:29:24.374 [FXGL Background Thread 2 ] DEBUG TilesetLoader        - Writing to buffer: dst=375,375, w=125,h=125, src=500,500
23:29:24.374 [FXGL Background Thread 2 ] DEBUG TilesetLoader        - Writing to buffer: dst=500,375, w=125,h=125, src=500,0
23:29:24.374 [FXGL Background Thread 2 ] DEBUG TilesetLoader        - Writing to buffer: dst=625,375, w=125,h=125, src=750,250
23:29:24.375 [FXGL Background Thread 2 ] DEBUG TilesetLoader        - Writing to buffer: dst=750,375, w=125,h=125, src=625,125
23:29:24.375 [FXGL Background Thread 2 ] DEBUG TilesetLoader        - Writing to buffer: dst=875,375, w=125,h=125, src=625,125
23:29:24.376 [FXGL Background Thread 2 ] DEBUG TilesetLoader        - Writing to buffer: dst=1000,375, w=125,h=125, src=625,125
23:29:24.376 [FXGL Background Thread 2 ] DEBUG TilesetLoader        - Writing to buffer: dst=1125,375, w=125,h=125, src=625,125
23:29:24.376 [FXGL Background Thread 2 ] DEBUG TilesetLoader        - Writing to buffer: dst=1250,375, w=125,h=125, src=625,125
23:29:24.376 [FXGL Background Thread 2 ] DEBUG TilesetLoader        - Writing to buffer: dst=1375,375, w=125,h=125, src=500,250
23:29:24.377 [FXGL Background Thread 2 ] DEBUG TilesetLoader        - Writing to buffer: dst=1500,375, w=125,h=125, src=500,0
23:29:24.377 [FXGL Background Thread 2 ] DEBUG TilesetLoader        - Writing to buffer: dst=1625,375, w=125,h=125, src=750,500
23:29:24.385 [FXGL Background Thread 2 ] DEBUG TilesetLoader        - Writing to buffer: dst=1750,375, w=125,h=125, src=625,375
23:29:24.385 [FXGL Background Thread 2 ] DEBUG TilesetLoader        - Writing to buffer: dst=1875,375, w=125,h=125, src=625,375
23:29:24.386 [FXGL Background Thread 2 ] DEBUG TilesetLoader        - Writing to buffer: dst=0,500, w=125,h=125, src=250,375
23:29:24.386 [FXGL Background Thread 2 ] DEBUG TilesetLoader        - Writing to buffer: dst=125,500, w=125,h=125, src=250,375
23:29:24.386 [FXGL Background Thread 2 ] DEBUG TilesetLoader        - Writing to buffer: dst=250,500, w=125,h=125, src=250,375
23:29:24.386 [FXGL Background Thread 2 ] DEBUG TilesetLoader        - Writing to buffer: dst=375,500, w=125,h=125, src=500,375
23:29:24.386 [FXGL Background Thread 2 ] DEBUG TilesetLoader        - Writing to buffer: dst=500,500, w=125,h=125, src=500,0
23:29:24.386 [FXGL Background Thread 2 ] DEBUG TilesetLoader        - Writing to buffer: dst=625,500, w=125,h=125, src=750,125
23:29:24.386 [FXGL Background Thread 2 ] DEBUG TilesetLoader        - Writing to buffer: dst=750,500, w=125,h=125, src=250,125
23:29:24.387 [FXGL Background Thread 2 ] DEBUG TilesetLoader        - Writing to buffer: dst=875,500, w=125,h=125, src=250,125
23:29:24.387 [FXGL Background Thread 2 ] DEBUG TilesetLoader        - Writing to buffer: dst=1000,500, w=125,h=125, src=250,125
23:29:24.387 [FXGL Background Thread 2 ] DEBUG TilesetLoader        - Writing to buffer: dst=1125,500, w=125,h=125, src=250,125
23:29:24.387 [FXGL Background Thread 2 ] DEBUG TilesetLoader        - Writing to buffer: dst=1250,500, w=125,h=125, src=250,125
23:29:24.387 [FXGL Background Thread 2 ] DEBUG TilesetLoader        - Writing to buffer: dst=1375,500, w=125,h=125, src=500,125
23:29:24.388 [FXGL Background Thread 2 ] DEBUG TilesetLoader        - Writing to buffer: dst=1500,500, w=125,h=125, src=500,0
23:29:24.388 [FXGL Background Thread 2 ] DEBUG TilesetLoader        - Writing to buffer: dst=1625,500, w=125,h=125, src=750,375
23:29:24.389 [FXGL Background Thread 2 ] DEBUG TilesetLoader        - Writing to buffer: dst=1750,500, w=125,h=125, src=250,375
23:29:24.389 [FXGL Background Thread 2 ] DEBUG TilesetLoader        - Writing to buffer: dst=1875,500, w=125,h=125, src=250,375
23:29:24.389 [FXGL Background Thread 2 ] DEBUG TilesetLoader        - Writing to buffer: dst=0,625, w=125,h=125, src=375,375
23:29:24.390 [FXGL Background Thread 2 ] DEBUG TilesetLoader        - Writing to buffer: dst=125,625, w=125,h=125, src=375,375
23:29:24.390 [FXGL Background Thread 2 ] DEBUG TilesetLoader        - Writing to buffer: dst=250,625, w=125,h=125, src=375,375
23:29:24.390 [FXGL Background Thread 2 ] DEBUG TilesetLoader        - Writing to buffer: dst=375,625, w=125,h=125, src=375,500
23:29:24.390 [FXGL Background Thread 2 ] DEBUG TilesetLoader        - Writing to buffer: dst=500,625, w=125,h=125, src=500,0
23:29:24.390 [FXGL Background Thread 2 ] DEBUG TilesetLoader        - Writing to buffer: dst=625,625, w=125,h=125, src=625,250
23:29:24.390 [FXGL Background Thread 2 ] DEBUG TilesetLoader        - Writing to buffer: dst=750,625, w=125,h=125, src=375,125
23:29:24.391 [FXGL Background Thread 2 ] DEBUG TilesetLoader        - Writing to buffer: dst=875,625, w=125,h=125, src=375,125
23:29:24.391 [FXGL Background Thread 2 ] DEBUG TilesetLoader        - Writing to buffer: dst=1000,625, w=125,h=125, src=375,125
23:29:24.391 [FXGL Background Thread 2 ] DEBUG TilesetLoader        - Writing to buffer: dst=1125,625, w=125,h=125, src=375,125
23:29:24.391 [FXGL Background Thread 2 ] DEBUG TilesetLoader        - Writing to buffer: dst=1250,625, w=125,h=125, src=375,125
23:29:24.391 [FXGL Background Thread 2 ] DEBUG TilesetLoader        - Writing to buffer: dst=1375,625, w=125,h=125, src=375,250
23:29:24.391 [FXGL Background Thread 2 ] DEBUG TilesetLoader        - Writing to buffer: dst=1500,625, w=125,h=125, src=500,0
23:29:24.392 [FXGL Background Thread 2 ] DEBUG TilesetLoader        - Writing to buffer: dst=1625,625, w=125,h=125, src=625,500
23:29:24.392 [FXGL Background Thread 2 ] DEBUG TilesetLoader        - Writing to buffer: dst=1750,625, w=125,h=125, src=375,375
23:29:24.393 [FXGL Background Thread 2 ] DEBUG TilesetLoader        - Writing to buffer: dst=1875,625, w=125,h=125, src=375,375
23:29:24.393 [FXGL Background Thread 2 ] DEBUG TilesetLoader        - Writing to buffer: dst=0,750, w=125,h=125, src=625,0
23:29:24.394 [FXGL Background Thread 2 ] DEBUG TilesetLoader        - Writing to buffer: dst=125,750, w=125,h=125, src=625,0
23:29:24.395 [FXGL Background Thread 2 ] DEBUG TilesetLoader        - Writing to buffer: dst=250,750, w=125,h=125, src=625,0
23:29:24.395 [FXGL Background Thread 2 ] DEBUG TilesetLoader        - Writing to buffer: dst=375,750, w=125,h=125, src=625,0
23:29:24.395 [FXGL Background Thread 2 ] DEBUG TilesetLoader        - Writing to buffer: dst=500,750, w=125,h=125, src=750,0
23:29:24.395 [FXGL Background Thread 2 ] DEBUG TilesetLoader        - Writing to buffer: dst=625,750, w=125,h=125, src=625,0
23:29:24.396 [FXGL Background Thread 2 ] DEBUG TilesetLoader        - Writing to buffer: dst=750,750, w=125,h=125, src=625,0
23:29:24.396 [FXGL Background Thread 2 ] DEBUG TilesetLoader        - Writing to buffer: dst=875,750, w=125,h=125, src=625,0
23:29:24.396 [FXGL Background Thread 2 ] DEBUG TilesetLoader        - Writing to buffer: dst=1000,750, w=125,h=125, src=625,0
23:29:24.396 [FXGL Background Thread 2 ] DEBUG TilesetLoader        - Writing to buffer: dst=1125,750, w=125,h=125, src=625,0
23:29:24.396 [FXGL Background Thread 2 ] DEBUG TilesetLoader        - Writing to buffer: dst=1250,750, w=125,h=125, src=625,0
23:29:24.396 [FXGL Background Thread 2 ] DEBUG TilesetLoader        - Writing to buffer: dst=1375,750, w=125,h=125, src=625,0
23:29:24.396 [FXGL Background Thread 2 ] DEBUG TilesetLoader        - Writing to buffer: dst=1500,750, w=125,h=125, src=750,0
23:29:24.396 [FXGL Background Thread 2 ] DEBUG TilesetLoader        - Writing to buffer: dst=1625,750, w=125,h=125, src=625,0
23:29:24.397 [FXGL Background Thread 2 ] DEBUG TilesetLoader        - Writing to buffer: dst=1750,750, w=125,h=125, src=625,0
23:29:24.397 [FXGL Background Thread 2 ] DEBUG TilesetLoader        - Writing to buffer: dst=1875,750, w=125,h=125, src=625,0
23:29:24.397 [FXGL Background Thread 2 ] DEBUG TilesetLoader        - Writing to buffer: dst=0,875, w=125,h=125, src=625,375
23:29:24.397 [FXGL Background Thread 2 ] DEBUG TilesetLoader        - Writing to buffer: dst=125,875, w=125,h=125, src=625,375
23:29:24.397 [FXGL Background Thread 2 ] DEBUG TilesetLoader        - Writing to buffer: dst=250,875, w=125,h=125, src=625,375
23:29:24.397 [FXGL Background Thread 2 ] DEBUG TilesetLoader        - Writing to buffer: dst=375,875, w=125,h=125, src=500,500
23:29:24.398 [FXGL Background Thread 2 ] DEBUG TilesetLoader        - Writing to buffer: dst=500,875, w=125,h=125, src=500,0
23:29:24.398 [FXGL Background Thread 2 ] DEBUG TilesetLoader        - Writing to buffer: dst=625,875, w=125,h=125, src=750,500
23:29:24.398 [FXGL Background Thread 2 ] DEBUG TilesetLoader        - Writing to buffer: dst=750,875, w=125,h=125, src=625,375
23:29:24.398 [FXGL Background Thread 2 ] DEBUG TilesetLoader        - Writing to buffer: dst=875,875, w=125,h=125, src=625,375
23:29:24.399 [FXGL Background Thread 2 ] DEBUG TilesetLoader        - Writing to buffer: dst=1000,875, w=125,h=125, src=625,375
23:29:24.399 [FXGL Background Thread 2 ] DEBUG TilesetLoader        - Writing to buffer: dst=1125,875, w=125,h=125, src=625,375
23:29:24.399 [FXGL Background Thread 2 ] DEBUG TilesetLoader        - Writing to buffer: dst=1250,875, w=125,h=125, src=625,375
23:29:24.399 [FXGL Background Thread 2 ] DEBUG TilesetLoader        - Writing to buffer: dst=1375,875, w=125,h=125, src=500,500
23:29:24.399 [FXGL Background Thread 2 ] DEBUG TilesetLoader        - Writing to buffer: dst=1500,875, w=125,h=125, src=500,0
23:29:24.399 [FXGL Background Thread 2 ] DEBUG TilesetLoader        - Writing to buffer: dst=1625,875, w=125,h=125, src=750,500
23:29:24.400 [FXGL Background Thread 2 ] DEBUG TilesetLoader        - Writing to buffer: dst=1750,875, w=125,h=125, src=625,375
23:29:24.400 [FXGL Background Thread 2 ] DEBUG TilesetLoader        - Writing to buffer: dst=1875,875, w=125,h=125, src=625,375
23:29:24.400 [FXGL Background Thread 2 ] DEBUG TilesetLoader        - Writing to buffer: dst=0,1000, w=125,h=125, src=250,375
23:29:24.400 [FXGL Background Thread 2 ] DEBUG TilesetLoader        - Writing to buffer: dst=125,1000, w=125,h=125, src=250,375
23:29:24.400 [FXGL Background Thread 2 ] DEBUG TilesetLoader        - Writing to buffer: dst=250,1000, w=125,h=125, src=250,375
23:29:24.400 [FXGL Background Thread 2 ] DEBUG TilesetLoader        - Writing to buffer: dst=375,1000, w=125,h=125, src=500,375
23:29:24.401 [FXGL Background Thread 2 ] DEBUG TilesetLoader        - Writing to buffer: dst=500,1000, w=125,h=125, src=500,0
23:29:24.402 [FXGL Background Thread 2 ] DEBUG TilesetLoader        - Writing to buffer: dst=625,1000, w=125,h=125, src=750,375
23:29:24.402 [FXGL Background Thread 2 ] DEBUG TilesetLoader        - Writing to buffer: dst=750,1000, w=125,h=125, src=250,375
23:29:24.402 [FXGL Background Thread 2 ] DEBUG TilesetLoader        - Writing to buffer: dst=875,1000, w=125,h=125, src=250,375
23:29:24.402 [FXGL Background Thread 2 ] DEBUG TilesetLoader        - Writing to buffer: dst=1000,1000, w=125,h=125, src=250,375
23:29:24.402 [FXGL Background Thread 2 ] DEBUG TilesetLoader        - Writing to buffer: dst=1125,1000, w=125,h=125, src=250,375
23:29:24.403 [FXGL Background Thread 2 ] DEBUG TilesetLoader        - Writing to buffer: dst=1250,1000, w=125,h=125, src=250,375
23:29:24.403 [FXGL Background Thread 2 ] DEBUG TilesetLoader        - Writing to buffer: dst=1375,1000, w=125,h=125, src=500,375
23:29:24.403 [FXGL Background Thread 2 ] DEBUG TilesetLoader        - Writing to buffer: dst=1500,1000, w=125,h=125, src=500,0
23:29:24.403 [FXGL Background Thread 2 ] DEBUG TilesetLoader        - Writing to buffer: dst=1625,1000, w=125,h=125, src=750,375
23:29:24.403 [FXGL Background Thread 2 ] DEBUG TilesetLoader        - Writing to buffer: dst=1750,1000, w=125,h=125, src=250,375
23:29:24.403 [FXGL Background Thread 2 ] DEBUG TilesetLoader        - Writing to buffer: dst=1875,1000, w=125,h=125, src=250,375
23:29:24.404 [FXGL Background Thread 2 ] DEBUG TMXLevelLoader       - Creating object layer entities
23:29:24.475 [FXGL Background Thread 2 ] DEBUG FXGLAssetLoaderServi - Loading from file system: /assets/textures/semaforoRosso-01.png
23:29:24.479 [FXGL Background Thread 2 ] DEBUG FXGLAssetLoaderServi - Loading from file system: /assets/textures/semaforoVerde-01.png
23:29:24.486 [FXGL Background Thread 2 ] DEBUG FXGLAssetLoaderServi - Loading from cache: /assets/textures/semaforoRosso-01.png
23:29:24.487 [FXGL Background Thread 2 ] DEBUG FXGLAssetLoaderServi - Loading from cache: /assets/textures/semaforoVerde-01.png
23:29:24.488 [FXGL Background Thread 2 ] DEBUG FXGLAssetLoaderServi - Loading from cache: /assets/textures/semaforoRosso-01.png
23:29:24.489 [FXGL Background Thread 2 ] DEBUG FXGLAssetLoaderServi - Loading from cache: /assets/textures/semaforoVerde-01.png
23:29:24.490 [FXGL Background Thread 2 ] DEBUG FXGLAssetLoaderServi - Loading from cache: /assets/textures/semaforoRosso-01.png
23:29:24.490 [FXGL Background Thread 2 ] DEBUG FXGLAssetLoaderServi - Loading from cache: /assets/textures/semaforoVerde-01.png
23:29:24.491 [FXGL Background Thread 2 ] DEBUG FXGLAssetLoaderServi - Loading from file system: /assets/textures/semaforoRosso-04.png
23:29:24.495 [FXGL Background Thread 2 ] DEBUG FXGLAssetLoaderServi - Loading from file system: /assets/textures/semaforoVerde-04.png
23:29:24.502 [FXGL Background Thread 2 ] DEBUG FXGLAssetLoaderServi - Loading from cache: /assets/textures/semaforoRosso-04.png
23:29:24.502 [FXGL Background Thread 2 ] DEBUG FXGLAssetLoaderServi - Loading from cache: /assets/textures/semaforoVerde-04.png
23:29:24.503 [FXGL Background Thread 2 ] DEBUG FXGLAssetLoaderServi - Loading from cache: /assets/textures/semaforoRosso-04.png
23:29:24.503 [FXGL Background Thread 2 ] DEBUG FXGLAssetLoaderServi - Loading from cache: /assets/textures/semaforoVerde-04.png
23:29:24.504 [FXGL Background Thread 2 ] DEBUG FXGLAssetLoaderServi - Loading from cache: /assets/textures/semaforoRosso-04.png
23:29:24.504 [FXGL Background Thread 2 ] DEBUG FXGLAssetLoaderServi - Loading from cache: /assets/textures/semaforoVerde-04.png
23:29:24.505 [FXGL Background Thread 2 ] DEBUG FXGLAssetLoaderServi - Loading from file system: /assets/textures/semaforoRosso-03.png
23:29:24.509 [FXGL Background Thread 2 ] DEBUG FXGLAssetLoaderServi - Loading from file system: /assets/textures/semaforoVerde-03.png
23:29:24.513 [FXGL Background Thread 2 ] DEBUG FXGLAssetLoaderServi - Loading from cache: /assets/textures/semaforoRosso-03.png
23:29:24.513 [FXGL Background Thread 2 ] DEBUG FXGLAssetLoaderServi - Loading from cache: /assets/textures/semaforoVerde-03.png
23:29:24.514 [FXGL Background Thread 2 ] DEBUG FXGLAssetLoaderServi - Loading from cache: /assets/textures/semaforoRosso-03.png
23:29:24.515 [FXGL Background Thread 2 ] DEBUG FXGLAssetLoaderServi - Loading from cache: /assets/textures/semaforoVerde-03.png
23:29:24.516 [FXGL Background Thread 2 ] DEBUG FXGLAssetLoaderServi - Loading from cache: /assets/textures/semaforoRosso-03.png
23:29:24.516 [FXGL Background Thread 2 ] DEBUG FXGLAssetLoaderServi - Loading from cache: /assets/textures/semaforoVerde-03.png
23:29:24.517 [FXGL Background Thread 2 ] DEBUG FXGLAssetLoaderServi - Loading from file system: /assets/textures/semaforoRosso-02.png
23:29:24.523 [FXGL Background Thread 2 ] DEBUG FXGLAssetLoaderServi - Loading from file system: /assets/textures/semaforoVerde-02.png
23:29:24.526 [FXGL Background Thread 2 ] DEBUG FXGLAssetLoaderServi - Loading from cache: /assets/textures/semaforoRosso-02.png
23:29:24.526 [FXGL Background Thread 2 ] DEBUG FXGLAssetLoaderServi - Loading from cache: /assets/textures/semaforoVerde-02.png
23:29:24.529 [FXGL Background Thread 2 ] DEBUG FXGLAssetLoaderServi - Loading from cache: /assets/textures/semaforoRosso-02.png
23:29:24.529 [FXGL Background Thread 2 ] DEBUG FXGLAssetLoaderServi - Loading from cache: /assets/textures/semaforoVerde-02.png
23:29:24.530 [FXGL Background Thread 2 ] DEBUG FXGLAssetLoaderServi - Loading from cache: /assets/textures/semaforoRosso-02.png
23:29:24.530 [FXGL Background Thread 2 ] DEBUG FXGLAssetLoaderServi - Loading from cache: /assets/textures/semaforoVerde-02.png
23:29:24.531 [FXGL Background Thread 2 ] DEBUG GameWorld            - Clearing removable entities
23:29:24.532 [FXGL Background Thread 2 ] DEBUG GameWorld            - Setting level: com.almasb.fxgl.entity.level.Level@44943daf
23:29:24.542 [FXGL Background Thread 2 ] DEBUG FXGLAssetLoaderServi - Loading from file system: /assets/textures/pointer-sprite.png
23:29:24.634 [FXGL Background Thread 2 ] INFO  FXGLApplication      - Game initialization took: 0,758 sec
23:29:24.635 [JavaFX Application Thread] DEBUG Input                - Clearing active input actions
23:29:24.648 [JavaFX Application Thread] DEBUG GameApplicationServi - Removing overlay from FXGLLoadingScene and adding to GameScene
23:29:24.653 [JavaFX Application Thread] DEBUG MainWindow           - FXGLLoadingScene -> GameScene
23:30:00.212 [JavaFX Application Thread] DEBUG FXGLApplication      - Exiting FXGL
23:30:00.212 [JavaFX Application Thread] DEBUG LoopRunner           - Stopping loop
23:30:00.212 [JavaFX Application Thread] DEBUG SystemBundleService  - Saving FXGL system data
23:30:00.214 [JavaFX Application Thread] DEBUG FileSystemAccess     - Writing to: /Users/universita/Desktop/ProgettoJava/traffic-mobile/system/fxgl.bundle
23:30:00.215 [JavaFX Application Thread] DEBUG Async                - Shutting down background threads
23:30:00.216 [JavaFX Application Thread] DEBUG MainWindow           - Closing main window
23:30:00.232 [JavaFX Application Thread] DEBUG Logger               - Closing Logger
