02:52:39.994 [main                     ] DEBUG Logger               - Configured Logger
02:52:40.008 [main                     ] DEBUG GameApplication      - Logging settings
Title: Traffic
Version: Alpha 1.0
Width: 2000
Height: 1125
Fullscreen: false
Intro: false
Profiling: false
Single step:false
App Mode: DEVELOPER
Menu Key: ESCAPE
Stage Style: DECORATED
Scene Factory: class it.uniroma1.metodologie.trafficGame.TrafficApp$1

02:52:40.350 [JavaFX Application Thread] DEBUG FXGLApplication      - Initializing FXGL
02:52:40.355 [JavaFX Application Thread] INFO  Engine               - FXGL-dev-SNAPSHOT (08.09.2020 17.31) on WINDOWS (J:13.0.2 FX:14)
02:52:40.356 [JavaFX Application Thread] DEBUG Engine               - JRE Vendor Name: Oracle Corporation
02:52:40.356 [JavaFX Application Thread] DEBUG Engine               - Running on OS: Windows 10 version 10.0
02:52:40.356 [JavaFX Application Thread] DEBUG Engine               - Architecture: amd64
02:52:40.357 [JavaFX Application Thread] INFO  Engine               - Source code and latest versions at: https://github.com/AlmasB/FXGL
02:52:40.357 [JavaFX Application Thread] INFO  Engine               -              Join the FXGL chat at: https://gitter.im/AlmasB/FXGL
02:52:40.436 [JavaFX Application Thread] DEBUG MainWindow           - Creating a JavaFX scene
02:52:40.478 [JavaFX Application Thread] DEBUG MainWindow           - Target settings size: 2000.0 x 1125.0
02:52:40.478 [JavaFX Application Thread] DEBUG MainWindow           - Scaled scene size:    2000.0 x 1125.0
02:52:40.478 [JavaFX Application Thread] DEBUG MainWindow           - Scaled ratio: (1.0, 1.0)
02:52:40.479 [JavaFX Application Thread] DEBUG MainWindow           - Set initial scene to StartupScene
02:52:40.484 [JavaFX Application Thread] DEBUG MainWindow           - Opening main window
02:52:40.556 [JavaFX Application Thread] DEBUG MainWindow           - Window border size: (16.0, 39.0)
02:52:40.556 [JavaFX Application Thread] DEBUG MainWindow           - Scaled size: 2000.0 x 1125.0
02:52:40.556 [JavaFX Application Thread] DEBUG MainWindow           - Scaled ratio: (1.0, 1.0)
02:52:40.556 [JavaFX Application Thread] DEBUG MainWindow           - Scene size: 2000.0 x 1125.0
02:52:40.556 [JavaFX Application Thread] DEBUG MainWindow           - Stage size: 2016.0 x 1164.0
02:52:40.584 [FXGL Background Thread 1 ] DEBUG Engine               - Initializing environment variables
02:52:40.613 [FXGL Background Thread 1 ] DEBUG GameApplicationServi - Applying CSS: fxgl_dark.css
02:52:40.614 [FXGL Background Thread 1 ] DEBUG FXGLAssetLoaderServi - Loading from file system: /assets/ui/css/fxgl_dark.css
02:52:40.651 [FXGL Background Thread 1 ] DEBUG GameApplicationServi - Initializing application scenes
02:52:40.713 [FXGL Background Thread 1 ] DEBUG GameWorld            - Game world initialized
02:52:40.749 [FXGL Background Thread 1 ] DEBUG PhysicsWorld         - Physics world initialized: appHeight=1125, physics.ppm=50,0
02:52:40.750 [FXGL Background Thread 1 ] DEBUG GameScene            - Game scene initialized: 2000x1125
02:52:40.758 [FXGL Background Thread 1 ] DEBUG FXGLAssetLoaderServi - Loading from file system: /assets/textures/bg.jpg
02:52:41.048 [FXGL Background Thread 1 ] DEBUG FXGLAssetLoaderServi - Loading from file system: /assets/textures/logo.png
02:52:41.150 [FXGL Background Thread 1 ] DEBUG FXGLAssetLoaderServi - Loading from file system: /assets/textures/particles/trace_horizontal.png
02:52:41.173 [FXGL Background Thread 1 ] DEBUG FXGL.DefaultMenu     - createMenuBodyGameMenu()
02:52:41.183 [FXGL Background Thread 1 ] DEBUG FXGL.DefaultMenu     - createOptionsMenu()
02:52:41.186 [FXGL Background Thread 1 ] DEBUG FXGL.DefaultMenu     - createExtraMenu()
02:52:41.188 [FXGL Background Thread 1 ] DEBUG FXGLAssetLoaderServi - Loading from file system: /assets/textures/particles/smoke.png
02:52:41.228 [FXGL Background Thread 1 ] DEBUG GameApplicationServi - Application scenes initialized
02:52:41.235 [FXGL Background Thread 1 ] DEBUG SystemBundleService  - Loading FXGL system data
02:52:41.239 [FXGL Background Thread 1 ] DEBUG FileSystemAccess     - Reading from: C:\Users\Andrea\Desktop\Homework\traffic-mobile\system\fxgl.bundle
02:52:41.245 [FXGL Background Thread 1 ] DEBUG SystemBundleService  - Bundle FXGL: {}
02:52:41.245 [FXGL Background Thread 1 ] DEBUG UpdaterService       - Checking for updates
02:52:41.275 [FXGL Background Thread 1 ] DEBUG FXGLApplication      - Loading default localization
02:52:41.275 [FXGL Background Thread 1 ] DEBUG FXGLAssetLoaderServi - Loading from file system: /assets/languages/english.lang
02:52:41.276 [FXGL Background Thread 4 ] DEBUG FXGLApplication      - Loading fonts
02:52:41.276 [FXGL Background Thread 4 ] DEBUG FXGLAssetLoaderServi - Loading from file system: /assets/ui/fonts/VarelaRound-Regular.ttf
02:52:41.286 [FXGL Background Thread 1 ] INFO  FXGLApplication      - FXGL initialization took: 0,702 sec
02:52:41.293 [JavaFX Application Thread] DEBUG Input                - Registered new binding: Change trafficlight status - F
02:52:41.293 [JavaFX Application Thread] DEBUG Input                - Registered new binding: Move Right - D
02:52:41.293 [JavaFX Application Thread] DEBUG Input                - Registered new binding: Move Left - A
02:52:41.294 [JavaFX Application Thread] DEBUG Input                - Registered new binding: Move Up - W
02:52:41.294 [JavaFX Application Thread] DEBUG Input                - Registered new binding: Move Down - S
02:52:41.294 [JavaFX Application Thread] DEBUG Input                - Registered new binding: Spawn Car - Space
02:52:41.295 [JavaFX Application Thread] DEBUG Input                - Registered new binding: Select and change traffic light - LMB
02:52:41.295 [JavaFX Application Thread] DEBUG FXGLAssetLoaderServi - Loading from file system: /assets/textures/fxgl_icon.png
02:52:41.301 [JavaFX Application Thread] DEBUG FXGLAssetLoaderServi - Loading from file system: /assets/ui/cursors/fxgl_default.png
02:52:41.302 [JavaFX Application Thread] DEBUG Input                - Registered new binding: Screenshot - P
02:52:41.303 [JavaFX Application Thread] DEBUG Input                - Registered new binding: Dev Options - 1
02:52:41.303 [JavaFX Application Thread] DEBUG Input                - Registered new binding: Dev Console - 2
02:52:41.303 [JavaFX Application Thread] DEBUG Input                - Registered new binding: System info dump - CTRL+9
02:52:41.303 [JavaFX Application Thread] DEBUG Input                - Registered new binding: Restart - CTRL+R
02:52:41.304 [JavaFX Application Thread] DEBUG Input                - Registered new binding: Toggle Debug Camera - CTRL+C
02:52:41.306 [JavaFX Application Thread] DEBUG LoopRunner           - Starting loop
02:52:41.318 [JavaFX Application Thread] DEBUG Input                - Clearing active input actions
02:52:41.323 [JavaFX Application Thread] DEBUG GameApplicationServi - Removing overlay from StartupScene and adding to FXGLMainMenuDummyScene
02:52:41.326 [JavaFX Application Thread] DEBUG MainWindow           - StartupScene -> FXGLMainMenuDummyScene
02:52:41.326 [JavaFX Application Thread] DEBUG MainWindow           - Push state: TrafficAppMenu
02:52:41.326 [JavaFX Application Thread] DEBUG Input                - Clearing active input actions
02:52:41.332 [JavaFX Application Thread] DEBUG GameApplicationServi - Removing overlay from FXGLMainMenuDummyScene and adding to TrafficAppMenu
02:52:41.332 [JavaFX Application Thread] DEBUG MainWindow           - FXGLMainMenuDummyScene -> TrafficAppMenu
02:52:41.841 [FXGL Background Thread 4 ] DEBUG FXGLAssetLoaderServi - Loading from file system: /assets/ui/fonts/Abel-Regular.ttf
02:52:41.844 [FXGL Background Thread 4 ] DEBUG FXGLAssetLoaderServi - Loading from file system: /assets/ui/fonts/lucida_console.ttf
02:52:41.848 [FXGL Background Thread 4 ] DEBUG FXGLAssetLoaderServi - Loading from file system: /assets/ui/fonts/Courier-Prime.ttf
02:52:41.851 [JavaFX Application Thread] DEBUG FXGLApplication      - Registering font factories with UI factory
02:52:41.970 [JavaFX Application Thread] DEBUG Menu                 - fireNewGame()
02:52:41.970 [JavaFX Application Thread] DEBUG GameApplicationServi - Starting new game
02:52:41.970 [JavaFX Application Thread] DEBUG MainWindow           - Pop state: TrafficAppMenu
02:52:41.970 [JavaFX Application Thread] DEBUG Input                - Clearing active input actions
02:52:41.972 [JavaFX Application Thread] DEBUG GameApplicationServi - Removing overlay from TrafficAppMenu and adding to FXGLMainMenuDummyScene
02:52:41.975 [JavaFX Application Thread] DEBUG MainWindow           - FXGLMainMenuDummyScene <- TrafficAppMenu
02:52:41.975 [JavaFX Application Thread] DEBUG Input                - Clearing active input actions
02:52:41.981 [JavaFX Application Thread] DEBUG GameApplicationServi - Removing overlay from FXGLMainMenuDummyScene and adding to FXGLLoadingScene
02:52:41.983 [JavaFX Application Thread] DEBUG MainWindow           - FXGLMainMenuDummyScene -> FXGLLoadingScene
02:52:41.983 [JavaFX Application Thread] DEBUG GameApplicationServi - Clearing previous game
02:52:41.983 [JavaFX Application Thread] DEBUG GameScene            - Clearing game scene
02:52:41.983 [JavaFX Application Thread] DEBUG GameWorld            - Clearing game world
02:52:41.983 [JavaFX Application Thread] DEBUG PhysicsWorld         - Clearing physics world
02:52:42.009 [FXGL Background Thread 4 ] DEBUG FXGLApplication      - Initializing game
02:52:42.034 [FXGL Background Thread 4 ] DEBUG FXGLAssetLoaderServi - Loading from file system: /assets/levels/Mappa_01.tmx
02:52:42.054 [FXGL Background Thread 4 ] WARN  TMXLevelLoader       - TiledMap generated from 1.4.1. Supported version: 1.2.3. Some features may not be parsed fully.
02:52:42.074 [FXGL Background Thread 4 ] DEBUG TMXLevelLoader       - Parsed raw map: TiledMap(width=16, height=9, tilewidth=125, tileheight=125, orientation=orthogonal, layers=[Layer(width=16, height=9, name=Tile Layer 1, type=tilelayer, visible=false, x=0, y=0, data=[24, 24, 24, 26, 5, 28, 24, 24, 24, 24, 24, 26, 5, 28, 24, 24, 25, 25, 25, 32, 5, 34, 25, 25, 25, 25, 25, 32, 5, 34, 25, 25, 6, 6, 6, 6, 7, 6, 6, 6, 6, 6, 6, 6, 7, 6, 6, 6, 27, 27, 27, 33, 5, 21, 13, 13, 13, 13, 13, 19, 5, 35, 27, 27, 24, 24, 24, 26, 5, 14, 10, 10, 10, 10, 10, 12, 5, 28, 24, 24, 25, 25, 25, 32, 5, 20, 11, 11, 11, 11, 11, 18, 5, 34, 25, 25, 6, 6, 6, 6, 7, 6, 6, 6, 6, 6, 6, 6, 7, 6, 6, 6, 27, 27, 27, 33, 5, 35, 27, 27, 27, 27, 27, 33, 5, 35, 27, 27, 24, 24, 24, 26, 5, 28, 24, 24, 24, 24, 24, 26, 5, 28, 24, 24], objects=[], opacity=0.0, draworder=), Layer(width=0, height=0, name=spawnpoints, type=objectgroup, visible=false, x=0, y=0, data=[], objects=[com.almasb.fxgl.entity.level.tiled.TiledObject@4d27824, com.almasb.fxgl.entity.level.tiled.TiledObject@21ec8841, com.almasb.fxgl.entity.level.tiled.TiledObject@58511c36, com.almasb.fxgl.entity.level.tiled.TiledObject@13239ba0, com.almasb.fxgl.entity.level.tiled.TiledObject@4a7c2b8, com.almasb.fxgl.entity.level.tiled.TiledObject@414ceced, com.almasb.fxgl.entity.level.tiled.TiledObject@112cf85e, com.almasb.fxgl.entity.level.tiled.TiledObject@1e5d8f40], opacity=0.0, draworder=), Layer(width=0, height=0, name=paths, type=objectgroup, visible=false, x=0, y=0, data=[], objects=[com.almasb.fxgl.entity.level.tiled.TiledObject@24d53c31, com.almasb.fxgl.entity.level.tiled.TiledObject@2d897c2, com.almasb.fxgl.entity.level.tiled.TiledObject@74c071cf, com.almasb.fxgl.entity.level.tiled.TiledObject@615c798, com.almasb.fxgl.entity.level.tiled.TiledObject@bac47df, com.almasb.fxgl.entity.level.tiled.TiledObject@4d0cb7ef, com.almasb.fxgl.entity.level.tiled.TiledObject@3ab5f988, com.almasb.fxgl.entity.level.tiled.TiledObject@1234c041, com.almasb.fxgl.entity.level.tiled.TiledObject@7b4fef67, com.almasb.fxgl.entity.level.tiled.TiledObject@53d48c2e, com.almasb.fxgl.entity.level.tiled.TiledObject@46b85665, com.almasb.fxgl.entity.level.tiled.TiledObject@723ab03b, com.almasb.fxgl.entity.level.tiled.TiledObject@768a5dcc, com.almasb.fxgl.entity.level.tiled.TiledObject@1480acf, com.almasb.fxgl.entity.level.tiled.TiledObject@5476ffd, com.almasb.fxgl.entity.level.tiled.TiledObject@225bac06, com.almasb.fxgl.entity.level.tiled.TiledObject@69bf1bc, com.almasb.fxgl.entity.level.tiled.TiledObject@47448dd2, com.almasb.fxgl.entity.level.tiled.TiledObject@79c23a40, com.almasb.fxgl.entity.level.tiled.TiledObject@60682e2, com.almasb.fxgl.entity.level.tiled.TiledObject@5f49858f, com.almasb.fxgl.entity.level.tiled.TiledObject@3c00b9a9, com.almasb.fxgl.entity.level.tiled.TiledObject@54f89453, com.almasb.fxgl.entity.level.tiled.TiledObject@66db0dbc], opacity=0.0, draworder=), Layer(width=0, height=0, name=Incroci, type=objectgroup, visible=false, x=0, y=0, data=[], objects=[com.almasb.fxgl.entity.level.tiled.TiledObject@75ad8915, com.almasb.fxgl.entity.level.tiled.TiledObject@4c59abf8, com.almasb.fxgl.entity.level.tiled.TiledObject@5c13e42c, com.almasb.fxgl.entity.level.tiled.TiledObject@629ba4ff], opacity=0.0, draworder=), Layer(width=0, height=0, name=trafficLight, type=objectgroup, visible=false, x=0, y=0, data=[], objects=[com.almasb.fxgl.entity.level.tiled.TiledObject@7be77c98, com.almasb.fxgl.entity.level.tiled.TiledObject@7ae01e77, com.almasb.fxgl.entity.level.tiled.TiledObject@3991a783, com.almasb.fxgl.entity.level.tiled.TiledObject@6124012, com.almasb.fxgl.entity.level.tiled.TiledObject@4651fff4, com.almasb.fxgl.entity.level.tiled.TiledObject@3c3842ef, com.almasb.fxgl.entity.level.tiled.TiledObject@8215754, com.almasb.fxgl.entity.level.tiled.TiledObject@1ca78492, com.almasb.fxgl.entity.level.tiled.TiledObject@55c076ad, com.almasb.fxgl.entity.level.tiled.TiledObject@2b1179c0, com.almasb.fxgl.entity.level.tiled.TiledObject@29081001, com.almasb.fxgl.entity.level.tiled.TiledObject@9ab92a6, com.almasb.fxgl.entity.level.tiled.TiledObject@5f08e820, com.almasb.fxgl.entity.level.tiled.TiledObject@7f774578, com.almasb.fxgl.entity.level.tiled.TiledObject@1616ca8f, com.almasb.fxgl.entity.level.tiled.TiledObject@43fd5449], opacity=0.0, draworder=)], tilesets=[Tileset(firstgid=1, image=../textures/rsz_tiles_sheet.png, name=rsz_tiles_sheet, tilewidth=125, tileheight=125, imagewidth=875, imageheight=750, margin=0, spacing=0, columns=7, tilecount=42, transparentcolor=41ffef, tiles=[])], backgroundcolor=, renderorder=left-up, nextobjectid=66, version=1, tiledversion=1.4.1, type=map, infinite=false, hexsidelength=0, staggeraxis=, staggerindex=, properties={}, propertytypes={})
02:52:42.075 [FXGL Background Thread 4 ] DEBUG TMXLevelLoader       - Creating tile layer entities
02:52:42.076 [FXGL Background Thread 4 ] DEBUG TilesetLoader        - Loading view for layer Tile Layer 1
02:52:42.080 [FXGL Background Thread 4 ] DEBUG TilesetLoader        - Created buffer with size 2000.0x1125.0
02:52:42.171 [FXGL Background Thread 4 ] DEBUG TilesetLoader        - Writing to buffer: dst=0,0, w=125,h=125, src=250,375
02:52:42.172 [FXGL Background Thread 4 ] DEBUG TilesetLoader        - Writing to buffer: dst=125,0, w=125,h=125, src=250,375
02:52:42.172 [FXGL Background Thread 4 ] DEBUG TilesetLoader        - Writing to buffer: dst=250,0, w=125,h=125, src=250,375
02:52:42.172 [FXGL Background Thread 4 ] DEBUG TilesetLoader        - Writing to buffer: dst=375,0, w=125,h=125, src=500,375
02:52:42.172 [FXGL Background Thread 4 ] DEBUG TilesetLoader        - Writing to buffer: dst=500,0, w=125,h=125, src=500,0
02:52:42.172 [FXGL Background Thread 4 ] DEBUG TilesetLoader        - Writing to buffer: dst=625,0, w=125,h=125, src=750,375
02:52:42.172 [FXGL Background Thread 4 ] DEBUG TilesetLoader        - Writing to buffer: dst=750,0, w=125,h=125, src=250,375
02:52:42.172 [FXGL Background Thread 4 ] DEBUG TilesetLoader        - Writing to buffer: dst=875,0, w=125,h=125, src=250,375
02:52:42.173 [FXGL Background Thread 4 ] DEBUG TilesetLoader        - Writing to buffer: dst=1000,0, w=125,h=125, src=250,375
02:52:42.173 [FXGL Background Thread 4 ] DEBUG TilesetLoader        - Writing to buffer: dst=1125,0, w=125,h=125, src=250,375
02:52:42.173 [FXGL Background Thread 4 ] DEBUG TilesetLoader        - Writing to buffer: dst=1250,0, w=125,h=125, src=250,375
02:52:42.173 [FXGL Background Thread 4 ] DEBUG TilesetLoader        - Writing to buffer: dst=1375,0, w=125,h=125, src=500,375
02:52:42.174 [FXGL Background Thread 4 ] DEBUG TilesetLoader        - Writing to buffer: dst=1500,0, w=125,h=125, src=500,0
02:52:42.174 [FXGL Background Thread 4 ] DEBUG TilesetLoader        - Writing to buffer: dst=1625,0, w=125,h=125, src=750,375
02:52:42.174 [FXGL Background Thread 4 ] DEBUG TilesetLoader        - Writing to buffer: dst=1750,0, w=125,h=125, src=250,375
02:52:42.174 [FXGL Background Thread 4 ] DEBUG TilesetLoader        - Writing to buffer: dst=1875,0, w=125,h=125, src=250,375
02:52:42.174 [FXGL Background Thread 4 ] DEBUG TilesetLoader        - Writing to buffer: dst=0,125, w=125,h=125, src=375,375
02:52:42.174 [FXGL Background Thread 4 ] DEBUG TilesetLoader        - Writing to buffer: dst=125,125, w=125,h=125, src=375,375
02:52:42.176 [FXGL Background Thread 4 ] DEBUG TilesetLoader        - Writing to buffer: dst=250,125, w=125,h=125, src=375,375
02:52:42.177 [FXGL Background Thread 4 ] DEBUG TilesetLoader        - Writing to buffer: dst=375,125, w=125,h=125, src=375,500
02:52:42.177 [FXGL Background Thread 4 ] DEBUG TilesetLoader        - Writing to buffer: dst=500,125, w=125,h=125, src=500,0
02:52:42.177 [FXGL Background Thread 4 ] DEBUG TilesetLoader        - Writing to buffer: dst=625,125, w=125,h=125, src=625,500
02:52:42.177 [FXGL Background Thread 4 ] DEBUG TilesetLoader        - Writing to buffer: dst=750,125, w=125,h=125, src=375,375
02:52:42.177 [FXGL Background Thread 4 ] DEBUG TilesetLoader        - Writing to buffer: dst=875,125, w=125,h=125, src=375,375
02:52:42.178 [FXGL Background Thread 4 ] DEBUG TilesetLoader        - Writing to buffer: dst=1000,125, w=125,h=125, src=375,375
02:52:42.178 [FXGL Background Thread 4 ] DEBUG TilesetLoader        - Writing to buffer: dst=1125,125, w=125,h=125, src=375,375
02:52:42.178 [FXGL Background Thread 4 ] DEBUG TilesetLoader        - Writing to buffer: dst=1250,125, w=125,h=125, src=375,375
02:52:42.178 [FXGL Background Thread 4 ] DEBUG TilesetLoader        - Writing to buffer: dst=1375,125, w=125,h=125, src=375,500
02:52:42.179 [FXGL Background Thread 4 ] DEBUG TilesetLoader        - Writing to buffer: dst=1500,125, w=125,h=125, src=500,0
02:52:42.179 [FXGL Background Thread 4 ] DEBUG TilesetLoader        - Writing to buffer: dst=1625,125, w=125,h=125, src=625,500
02:52:42.179 [FXGL Background Thread 4 ] DEBUG TilesetLoader        - Writing to buffer: dst=1750,125, w=125,h=125, src=375,375
02:52:42.179 [FXGL Background Thread 4 ] DEBUG TilesetLoader        - Writing to buffer: dst=1875,125, w=125,h=125, src=375,375
02:52:42.180 [FXGL Background Thread 4 ] DEBUG TilesetLoader        - Writing to buffer: dst=0,250, w=125,h=125, src=625,0
02:52:42.180 [FXGL Background Thread 4 ] DEBUG TilesetLoader        - Writing to buffer: dst=125,250, w=125,h=125, src=625,0
02:52:42.180 [FXGL Background Thread 4 ] DEBUG TilesetLoader        - Writing to buffer: dst=250,250, w=125,h=125, src=625,0
02:52:42.180 [FXGL Background Thread 4 ] DEBUG TilesetLoader        - Writing to buffer: dst=375,250, w=125,h=125, src=625,0
02:52:42.180 [FXGL Background Thread 4 ] DEBUG TilesetLoader        - Writing to buffer: dst=500,250, w=125,h=125, src=750,0
02:52:42.180 [FXGL Background Thread 4 ] DEBUG TilesetLoader        - Writing to buffer: dst=625,250, w=125,h=125, src=625,0
02:52:42.181 [FXGL Background Thread 4 ] DEBUG TilesetLoader        - Writing to buffer: dst=750,250, w=125,h=125, src=625,0
02:52:42.182 [FXGL Background Thread 4 ] DEBUG TilesetLoader        - Writing to buffer: dst=875,250, w=125,h=125, src=625,0
02:52:42.182 [FXGL Background Thread 4 ] DEBUG TilesetLoader        - Writing to buffer: dst=1000,250, w=125,h=125, src=625,0
02:52:42.182 [FXGL Background Thread 4 ] DEBUG TilesetLoader        - Writing to buffer: dst=1125,250, w=125,h=125, src=625,0
02:52:42.182 [FXGL Background Thread 4 ] DEBUG TilesetLoader        - Writing to buffer: dst=1250,250, w=125,h=125, src=625,0
02:52:42.182 [FXGL Background Thread 4 ] DEBUG TilesetLoader        - Writing to buffer: dst=1375,250, w=125,h=125, src=625,0
02:52:42.183 [FXGL Background Thread 4 ] DEBUG TilesetLoader        - Writing to buffer: dst=1500,250, w=125,h=125, src=750,0
02:52:42.183 [FXGL Background Thread 4 ] DEBUG TilesetLoader        - Writing to buffer: dst=1625,250, w=125,h=125, src=625,0
02:52:42.184 [FXGL Background Thread 4 ] DEBUG TilesetLoader        - Writing to buffer: dst=1750,250, w=125,h=125, src=625,0
02:52:42.184 [FXGL Background Thread 4 ] DEBUG TilesetLoader        - Writing to buffer: dst=1875,250, w=125,h=125, src=625,0
02:52:42.184 [FXGL Background Thread 4 ] DEBUG TilesetLoader        - Writing to buffer: dst=0,375, w=125,h=125, src=625,375
02:52:42.184 [FXGL Background Thread 4 ] DEBUG TilesetLoader        - Writing to buffer: dst=125,375, w=125,h=125, src=625,375
02:52:42.184 [FXGL Background Thread 4 ] DEBUG TilesetLoader        - Writing to buffer: dst=250,375, w=125,h=125, src=625,375
02:52:42.184 [FXGL Background Thread 4 ] DEBUG TilesetLoader        - Writing to buffer: dst=375,375, w=125,h=125, src=500,500
02:52:42.185 [FXGL Background Thread 4 ] DEBUG TilesetLoader        - Writing to buffer: dst=500,375, w=125,h=125, src=500,0
02:52:42.185 [FXGL Background Thread 4 ] DEBUG TilesetLoader        - Writing to buffer: dst=625,375, w=125,h=125, src=750,250
02:52:42.185 [FXGL Background Thread 4 ] DEBUG TilesetLoader        - Writing to buffer: dst=750,375, w=125,h=125, src=625,125
02:52:42.185 [FXGL Background Thread 4 ] DEBUG TilesetLoader        - Writing to buffer: dst=875,375, w=125,h=125, src=625,125
02:52:42.185 [FXGL Background Thread 4 ] DEBUG TilesetLoader        - Writing to buffer: dst=1000,375, w=125,h=125, src=625,125
02:52:42.185 [FXGL Background Thread 4 ] DEBUG TilesetLoader        - Writing to buffer: dst=1125,375, w=125,h=125, src=625,125
02:52:42.185 [FXGL Background Thread 4 ] DEBUG TilesetLoader        - Writing to buffer: dst=1250,375, w=125,h=125, src=625,125
02:52:42.185 [FXGL Background Thread 4 ] DEBUG TilesetLoader        - Writing to buffer: dst=1375,375, w=125,h=125, src=500,250
02:52:42.186 [FXGL Background Thread 4 ] DEBUG TilesetLoader        - Writing to buffer: dst=1500,375, w=125,h=125, src=500,0
02:52:42.186 [FXGL Background Thread 4 ] DEBUG TilesetLoader        - Writing to buffer: dst=1625,375, w=125,h=125, src=750,500
02:52:42.186 [FXGL Background Thread 4 ] DEBUG TilesetLoader        - Writing to buffer: dst=1750,375, w=125,h=125, src=625,375
02:52:42.186 [FXGL Background Thread 4 ] DEBUG TilesetLoader        - Writing to buffer: dst=1875,375, w=125,h=125, src=625,375
02:52:42.186 [FXGL Background Thread 4 ] DEBUG TilesetLoader        - Writing to buffer: dst=0,500, w=125,h=125, src=250,375
02:52:42.186 [FXGL Background Thread 4 ] DEBUG TilesetLoader        - Writing to buffer: dst=125,500, w=125,h=125, src=250,375
02:52:42.186 [FXGL Background Thread 4 ] DEBUG TilesetLoader        - Writing to buffer: dst=250,500, w=125,h=125, src=250,375
02:52:42.186 [FXGL Background Thread 4 ] DEBUG TilesetLoader        - Writing to buffer: dst=375,500, w=125,h=125, src=500,375
02:52:42.187 [FXGL Background Thread 4 ] DEBUG TilesetLoader        - Writing to buffer: dst=500,500, w=125,h=125, src=500,0
02:52:42.187 [FXGL Background Thread 4 ] DEBUG TilesetLoader        - Writing to buffer: dst=625,500, w=125,h=125, src=750,125
02:52:42.187 [FXGL Background Thread 4 ] DEBUG TilesetLoader        - Writing to buffer: dst=750,500, w=125,h=125, src=250,125
02:52:42.187 [FXGL Background Thread 4 ] DEBUG TilesetLoader        - Writing to buffer: dst=875,500, w=125,h=125, src=250,125
02:52:42.187 [FXGL Background Thread 4 ] DEBUG TilesetLoader        - Writing to buffer: dst=1000,500, w=125,h=125, src=250,125
02:52:42.187 [FXGL Background Thread 4 ] DEBUG TilesetLoader        - Writing to buffer: dst=1125,500, w=125,h=125, src=250,125
02:52:42.187 [FXGL Background Thread 4 ] DEBUG TilesetLoader        - Writing to buffer: dst=1250,500, w=125,h=125, src=250,125
02:52:42.187 [FXGL Background Thread 4 ] DEBUG TilesetLoader        - Writing to buffer: dst=1375,500, w=125,h=125, src=500,125
02:52:42.188 [FXGL Background Thread 4 ] DEBUG TilesetLoader        - Writing to buffer: dst=1500,500, w=125,h=125, src=500,0
02:52:42.188 [FXGL Background Thread 4 ] DEBUG TilesetLoader        - Writing to buffer: dst=1625,500, w=125,h=125, src=750,375
02:52:42.188 [FXGL Background Thread 4 ] DEBUG TilesetLoader        - Writing to buffer: dst=1750,500, w=125,h=125, src=250,375
02:52:42.188 [FXGL Background Thread 4 ] DEBUG TilesetLoader        - Writing to buffer: dst=1875,500, w=125,h=125, src=250,375
02:52:42.188 [FXGL Background Thread 4 ] DEBUG TilesetLoader        - Writing to buffer: dst=0,625, w=125,h=125, src=375,375
02:52:42.188 [FXGL Background Thread 4 ] DEBUG TilesetLoader        - Writing to buffer: dst=125,625, w=125,h=125, src=375,375
02:52:42.188 [FXGL Background Thread 4 ] DEBUG TilesetLoader        - Writing to buffer: dst=250,625, w=125,h=125, src=375,375
02:52:42.188 [FXGL Background Thread 4 ] DEBUG TilesetLoader        - Writing to buffer: dst=375,625, w=125,h=125, src=375,500
02:52:42.188 [FXGL Background Thread 4 ] DEBUG TilesetLoader        - Writing to buffer: dst=500,625, w=125,h=125, src=500,0
02:52:42.188 [FXGL Background Thread 4 ] DEBUG TilesetLoader        - Writing to buffer: dst=625,625, w=125,h=125, src=625,250
02:52:42.189 [FXGL Background Thread 4 ] DEBUG TilesetLoader        - Writing to buffer: dst=750,625, w=125,h=125, src=375,125
02:52:42.189 [FXGL Background Thread 4 ] DEBUG TilesetLoader        - Writing to buffer: dst=875,625, w=125,h=125, src=375,125
02:52:42.189 [FXGL Background Thread 4 ] DEBUG TilesetLoader        - Writing to buffer: dst=1000,625, w=125,h=125, src=375,125
02:52:42.189 [FXGL Background Thread 4 ] DEBUG TilesetLoader        - Writing to buffer: dst=1125,625, w=125,h=125, src=375,125
02:52:42.189 [FXGL Background Thread 4 ] DEBUG TilesetLoader        - Writing to buffer: dst=1250,625, w=125,h=125, src=375,125
02:52:42.189 [FXGL Background Thread 4 ] DEBUG TilesetLoader        - Writing to buffer: dst=1375,625, w=125,h=125, src=375,250
02:52:42.190 [FXGL Background Thread 4 ] DEBUG TilesetLoader        - Writing to buffer: dst=1500,625, w=125,h=125, src=500,0
02:52:42.190 [FXGL Background Thread 4 ] DEBUG TilesetLoader        - Writing to buffer: dst=1625,625, w=125,h=125, src=625,500
02:52:42.190 [FXGL Background Thread 4 ] DEBUG TilesetLoader        - Writing to buffer: dst=1750,625, w=125,h=125, src=375,375
02:52:42.190 [FXGL Background Thread 4 ] DEBUG TilesetLoader        - Writing to buffer: dst=1875,625, w=125,h=125, src=375,375
02:52:42.190 [FXGL Background Thread 4 ] DEBUG TilesetLoader        - Writing to buffer: dst=0,750, w=125,h=125, src=625,0
02:52:42.190 [FXGL Background Thread 4 ] DEBUG TilesetLoader        - Writing to buffer: dst=125,750, w=125,h=125, src=625,0
02:52:42.190 [FXGL Background Thread 4 ] DEBUG TilesetLoader        - Writing to buffer: dst=250,750, w=125,h=125, src=625,0
02:52:42.190 [FXGL Background Thread 4 ] DEBUG TilesetLoader        - Writing to buffer: dst=375,750, w=125,h=125, src=625,0
02:52:42.190 [FXGL Background Thread 4 ] DEBUG TilesetLoader        - Writing to buffer: dst=500,750, w=125,h=125, src=750,0
02:52:42.191 [FXGL Background Thread 4 ] DEBUG TilesetLoader        - Writing to buffer: dst=625,750, w=125,h=125, src=625,0
02:52:42.192 [FXGL Background Thread 4 ] DEBUG TilesetLoader        - Writing to buffer: dst=750,750, w=125,h=125, src=625,0
02:52:42.192 [FXGL Background Thread 4 ] DEBUG TilesetLoader        - Writing to buffer: dst=875,750, w=125,h=125, src=625,0
02:52:42.192 [FXGL Background Thread 4 ] DEBUG TilesetLoader        - Writing to buffer: dst=1000,750, w=125,h=125, src=625,0
02:52:42.192 [FXGL Background Thread 4 ] DEBUG TilesetLoader        - Writing to buffer: dst=1125,750, w=125,h=125, src=625,0
02:52:42.192 [FXGL Background Thread 4 ] DEBUG TilesetLoader        - Writing to buffer: dst=1250,750, w=125,h=125, src=625,0
02:52:42.192 [FXGL Background Thread 4 ] DEBUG TilesetLoader        - Writing to buffer: dst=1375,750, w=125,h=125, src=625,0
02:52:42.192 [FXGL Background Thread 4 ] DEBUG TilesetLoader        - Writing to buffer: dst=1500,750, w=125,h=125, src=750,0
02:52:42.193 [FXGL Background Thread 4 ] DEBUG TilesetLoader        - Writing to buffer: dst=1625,750, w=125,h=125, src=625,0
02:52:42.193 [FXGL Background Thread 4 ] DEBUG TilesetLoader        - Writing to buffer: dst=1750,750, w=125,h=125, src=625,0
02:52:42.193 [FXGL Background Thread 4 ] DEBUG TilesetLoader        - Writing to buffer: dst=1875,750, w=125,h=125, src=625,0
02:52:42.193 [FXGL Background Thread 4 ] DEBUG TilesetLoader        - Writing to buffer: dst=0,875, w=125,h=125, src=625,375
02:52:42.193 [FXGL Background Thread 4 ] DEBUG TilesetLoader        - Writing to buffer: dst=125,875, w=125,h=125, src=625,375
02:52:42.193 [FXGL Background Thread 4 ] DEBUG TilesetLoader        - Writing to buffer: dst=250,875, w=125,h=125, src=625,375
02:52:42.193 [FXGL Background Thread 4 ] DEBUG TilesetLoader        - Writing to buffer: dst=375,875, w=125,h=125, src=500,500
02:52:42.193 [FXGL Background Thread 4 ] DEBUG TilesetLoader        - Writing to buffer: dst=500,875, w=125,h=125, src=500,0
02:52:42.194 [FXGL Background Thread 4 ] DEBUG TilesetLoader        - Writing to buffer: dst=625,875, w=125,h=125, src=750,500
02:52:42.194 [FXGL Background Thread 4 ] DEBUG TilesetLoader        - Writing to buffer: dst=750,875, w=125,h=125, src=625,375
02:52:42.194 [FXGL Background Thread 4 ] DEBUG TilesetLoader        - Writing to buffer: dst=875,875, w=125,h=125, src=625,375
02:52:42.194 [FXGL Background Thread 4 ] DEBUG TilesetLoader        - Writing to buffer: dst=1000,875, w=125,h=125, src=625,375
02:52:42.194 [FXGL Background Thread 4 ] DEBUG TilesetLoader        - Writing to buffer: dst=1125,875, w=125,h=125, src=625,375
02:52:42.194 [FXGL Background Thread 4 ] DEBUG TilesetLoader        - Writing to buffer: dst=1250,875, w=125,h=125, src=625,375
02:52:42.194 [FXGL Background Thread 4 ] DEBUG TilesetLoader        - Writing to buffer: dst=1375,875, w=125,h=125, src=500,500
02:52:42.194 [FXGL Background Thread 4 ] DEBUG TilesetLoader        - Writing to buffer: dst=1500,875, w=125,h=125, src=500,0
02:52:42.194 [FXGL Background Thread 4 ] DEBUG TilesetLoader        - Writing to buffer: dst=1625,875, w=125,h=125, src=750,500
02:52:42.195 [FXGL Background Thread 4 ] DEBUG TilesetLoader        - Writing to buffer: dst=1750,875, w=125,h=125, src=625,375
02:52:42.195 [FXGL Background Thread 4 ] DEBUG TilesetLoader        - Writing to buffer: dst=1875,875, w=125,h=125, src=625,375
02:52:42.195 [FXGL Background Thread 4 ] DEBUG TilesetLoader        - Writing to buffer: dst=0,1000, w=125,h=125, src=250,375
02:52:42.195 [FXGL Background Thread 4 ] DEBUG TilesetLoader        - Writing to buffer: dst=125,1000, w=125,h=125, src=250,375
02:52:42.196 [FXGL Background Thread 4 ] DEBUG TilesetLoader        - Writing to buffer: dst=250,1000, w=125,h=125, src=250,375
02:52:42.196 [FXGL Background Thread 4 ] DEBUG TilesetLoader        - Writing to buffer: dst=375,1000, w=125,h=125, src=500,375
02:52:42.196 [FXGL Background Thread 4 ] DEBUG TilesetLoader        - Writing to buffer: dst=500,1000, w=125,h=125, src=500,0
02:52:42.196 [FXGL Background Thread 4 ] DEBUG TilesetLoader        - Writing to buffer: dst=625,1000, w=125,h=125, src=750,375
02:52:42.196 [FXGL Background Thread 4 ] DEBUG TilesetLoader        - Writing to buffer: dst=750,1000, w=125,h=125, src=250,375
02:52:42.196 [FXGL Background Thread 4 ] DEBUG TilesetLoader        - Writing to buffer: dst=875,1000, w=125,h=125, src=250,375
02:52:42.196 [FXGL Background Thread 4 ] DEBUG TilesetLoader        - Writing to buffer: dst=1000,1000, w=125,h=125, src=250,375
02:52:42.197 [FXGL Background Thread 4 ] DEBUG TilesetLoader        - Writing to buffer: dst=1125,1000, w=125,h=125, src=250,375
02:52:42.197 [FXGL Background Thread 4 ] DEBUG TilesetLoader        - Writing to buffer: dst=1250,1000, w=125,h=125, src=250,375
02:52:42.197 [FXGL Background Thread 4 ] DEBUG TilesetLoader        - Writing to buffer: dst=1375,1000, w=125,h=125, src=500,375
02:52:42.197 [FXGL Background Thread 4 ] DEBUG TilesetLoader        - Writing to buffer: dst=1500,1000, w=125,h=125, src=500,0
02:52:42.197 [FXGL Background Thread 4 ] DEBUG TilesetLoader        - Writing to buffer: dst=1625,1000, w=125,h=125, src=750,375
02:52:42.197 [FXGL Background Thread 4 ] DEBUG TilesetLoader        - Writing to buffer: dst=1750,1000, w=125,h=125, src=250,375
02:52:42.197 [FXGL Background Thread 4 ] DEBUG TilesetLoader        - Writing to buffer: dst=1875,1000, w=125,h=125, src=250,375
02:52:42.198 [FXGL Background Thread 4 ] DEBUG TMXLevelLoader       - Creating object layer entities
02:52:42.234 [FXGL Background Thread 4 ] DEBUG FXGLAssetLoaderServi - Loading from file system: /assets/textures/semaforoRosso-01.png
02:52:42.236 [FXGL Background Thread 4 ] DEBUG FXGLAssetLoaderServi - Loading from file system: /assets/textures/semaforoVerde-01.png
02:52:42.239 [FXGL Background Thread 4 ] DEBUG FXGLAssetLoaderServi - Loading from cache: /assets/textures/semaforoRosso-01.png
02:52:42.240 [FXGL Background Thread 4 ] DEBUG FXGLAssetLoaderServi - Loading from cache: /assets/textures/semaforoVerde-01.png
02:52:42.240 [FXGL Background Thread 4 ] DEBUG FXGLAssetLoaderServi - Loading from cache: /assets/textures/semaforoRosso-01.png
02:52:42.240 [FXGL Background Thread 4 ] DEBUG FXGLAssetLoaderServi - Loading from cache: /assets/textures/semaforoVerde-01.png
02:52:42.241 [FXGL Background Thread 4 ] DEBUG FXGLAssetLoaderServi - Loading from cache: /assets/textures/semaforoRosso-01.png
02:52:42.242 [FXGL Background Thread 4 ] DEBUG FXGLAssetLoaderServi - Loading from cache: /assets/textures/semaforoVerde-01.png
02:52:42.242 [FXGL Background Thread 4 ] DEBUG FXGLAssetLoaderServi - Loading from file system: /assets/textures/semaforoRosso-04.png
02:52:42.244 [FXGL Background Thread 4 ] DEBUG FXGLAssetLoaderServi - Loading from file system: /assets/textures/semaforoVerde-04.png
02:52:42.247 [FXGL Background Thread 4 ] DEBUG FXGLAssetLoaderServi - Loading from cache: /assets/textures/semaforoRosso-04.png
02:52:42.247 [FXGL Background Thread 4 ] DEBUG FXGLAssetLoaderServi - Loading from cache: /assets/textures/semaforoVerde-04.png
02:52:42.248 [FXGL Background Thread 4 ] DEBUG FXGLAssetLoaderServi - Loading from cache: /assets/textures/semaforoRosso-04.png
02:52:42.248 [FXGL Background Thread 4 ] DEBUG FXGLAssetLoaderServi - Loading from cache: /assets/textures/semaforoVerde-04.png
02:52:42.248 [FXGL Background Thread 4 ] DEBUG FXGLAssetLoaderServi - Loading from cache: /assets/textures/semaforoRosso-04.png
02:52:42.249 [FXGL Background Thread 4 ] DEBUG FXGLAssetLoaderServi - Loading from cache: /assets/textures/semaforoVerde-04.png
02:52:42.249 [FXGL Background Thread 4 ] DEBUG FXGLAssetLoaderServi - Loading from file system: /assets/textures/semaforoRosso-03.png
02:52:42.250 [FXGL Background Thread 4 ] DEBUG FXGLAssetLoaderServi - Loading from file system: /assets/textures/semaforoVerde-03.png
02:52:42.252 [FXGL Background Thread 4 ] DEBUG FXGLAssetLoaderServi - Loading from cache: /assets/textures/semaforoRosso-03.png
02:52:42.252 [FXGL Background Thread 4 ] DEBUG FXGLAssetLoaderServi - Loading from cache: /assets/textures/semaforoVerde-03.png
02:52:42.253 [FXGL Background Thread 4 ] DEBUG FXGLAssetLoaderServi - Loading from cache: /assets/textures/semaforoRosso-03.png
02:52:42.253 [FXGL Background Thread 4 ] DEBUG FXGLAssetLoaderServi - Loading from cache: /assets/textures/semaforoVerde-03.png
02:52:42.254 [FXGL Background Thread 4 ] DEBUG FXGLAssetLoaderServi - Loading from cache: /assets/textures/semaforoRosso-03.png
02:52:42.254 [FXGL Background Thread 4 ] DEBUG FXGLAssetLoaderServi - Loading from cache: /assets/textures/semaforoVerde-03.png
02:52:42.255 [FXGL Background Thread 4 ] DEBUG FXGLAssetLoaderServi - Loading from file system: /assets/textures/semaforoRosso-02.png
02:52:42.256 [FXGL Background Thread 4 ] DEBUG FXGLAssetLoaderServi - Loading from file system: /assets/textures/semaforoVerde-02.png
02:52:42.258 [FXGL Background Thread 4 ] DEBUG FXGLAssetLoaderServi - Loading from cache: /assets/textures/semaforoRosso-02.png
02:52:42.258 [FXGL Background Thread 4 ] DEBUG FXGLAssetLoaderServi - Loading from cache: /assets/textures/semaforoVerde-02.png
02:52:42.259 [FXGL Background Thread 4 ] DEBUG FXGLAssetLoaderServi - Loading from cache: /assets/textures/semaforoRosso-02.png
02:52:42.260 [FXGL Background Thread 4 ] DEBUG FXGLAssetLoaderServi - Loading from cache: /assets/textures/semaforoVerde-02.png
02:52:42.262 [FXGL Background Thread 4 ] DEBUG FXGLAssetLoaderServi - Loading from cache: /assets/textures/semaforoRosso-02.png
02:52:42.262 [FXGL Background Thread 4 ] DEBUG FXGLAssetLoaderServi - Loading from cache: /assets/textures/semaforoVerde-02.png
02:52:42.264 [FXGL Background Thread 4 ] DEBUG GameWorld            - Clearing removable entities
02:52:42.264 [FXGL Background Thread 4 ] DEBUG GameWorld            - Setting level: com.almasb.fxgl.entity.level.Level@12365356
02:52:42.270 [FXGL Background Thread 4 ] DEBUG FXGLAssetLoaderServi - Loading from file system: /assets/textures/pointer-sprite.png
02:52:42.346 [FXGL Background Thread 4 ] INFO  FXGLApplication      - Game initialization took: 0,337 sec
02:52:42.347 [JavaFX Application Thread] DEBUG Input                - Clearing active input actions
02:52:42.355 [JavaFX Application Thread] DEBUG GameApplicationServi - Removing overlay from FXGLLoadingScene and adding to GameScene
02:52:42.358 [JavaFX Application Thread] DEBUG MainWindow           - FXGLLoadingScene -> GameScene
02:52:44.269 [FXGL Background Thread 3 ] DEBUG Engine               - Logging environment variables
02:52:44.270 [FXGL Background Thread 3 ] DEBUG Engine               - achievements: []
02:52:44.270 [FXGL Background Thread 3 ] DEBUG Engine               - appIcon: fxgl_icon.png
02:52:44.270 [FXGL Background Thread 3 ] DEBUG Engine               - applicationMode: DEVELOPER
02:52:44.270 [FXGL Background Thread 3 ] DEBUG Engine               - cSSList: [fxgl_dark.css]
02:52:44.271 [FXGL Background Thread 3 ] DEBUG Engine               - configClass: Optional.empty
02:52:44.271 [FXGL Background Thread 3 ] DEBUG Engine               - credits: []
02:52:44.272 [FXGL Background Thread 3 ] DEBUG Engine               - devBBoxColorProperty: ObjectProperty [value: 0xff0000ff]
02:52:44.272 [FXGL Background Thread 3 ] DEBUG Engine               - devEnableDebugCameraProperty: BooleanProperty [value: false]
02:52:44.272 [FXGL Background Thread 3 ] DEBUG Engine               - devSensorColorProperty: ObjectProperty [value: 0xffff00ff]
02:52:44.272 [FXGL Background Thread 3 ] DEBUG Engine               - devShowBBoxProperty: BooleanProperty [value: false]
02:52:44.272 [FXGL Background Thread 3 ] DEBUG Engine               - devShowPositionProperty: BooleanProperty [value: false]
02:52:44.272 [FXGL Background Thread 3 ] DEBUG Engine               - enabledMenuItems: [SAVE_LOAD, EXTRA, ONLINE]
02:52:44.272 [FXGL Background Thread 3 ] DEBUG Engine               - engineServices: [class com.almasb.fxgl.app.FXGLApplication$GameApplicationService, class com.almasb.fxgl.app.services.FXGLDialogService, class com.almasb.fxgl.app.services.IOTaskExecutorService, class com.almasb.fxgl.event.EventBusService, class com.almasb.fxgl.io.FileSystemService, class com.almasb.fxgl.localization.LocalizationService, class com.almasb.fxgl.app.services.FXGLAssetLoaderService, class com.almasb.fxgl.app.services.SystemBundleService, class com.almasb.fxgl.profile.SaveLoadService, class com.almasb.fxgl.ui.FXGLUIFactoryServiceProvider, class com.almasb.fxgl.ui.FXGLDialogFactoryServiceProvider, class com.almasb.fxgl.audio.AudioPlayer, class com.almasb.fxgl.notification.impl.NotificationServiceProvider, class com.almasb.fxgl.achievement.AchievementService, class com.almasb.fxgl.cutscene.CutsceneService, class com.almasb.fxgl.minigames.MiniGameService, class com.almasb.fxgl.net.NetService, class com.almasb.fxgl.app.services.UpdaterService, class com.almasb.fxgl.dev.DevService]
02:52:44.272 [FXGL Background Thread 3 ] DEBUG Engine               - fontGame: Abel-Regular.ttf
02:52:44.272 [FXGL Background Thread 3 ] DEBUG Engine               - fontMono: lucida_console.ttf
02:52:44.272 [FXGL Background Thread 3 ] DEBUG Engine               - fontText: Courier-Prime.ttf
02:52:44.272 [FXGL Background Thread 3 ] DEBUG Engine               - fontUI: VarelaRound-Regular.ttf
02:52:44.276 [FXGL Background Thread 3 ] DEBUG Engine               - fullScreen: BooleanProperty [value: false]
02:52:44.277 [FXGL Background Thread 3 ] DEBUG Engine               - gameDifficulty: MEDIUM
02:52:44.277 [FXGL Background Thread 3 ] DEBUG Engine               - gameDifficultyProperty: ObjectProperty [value: MEDIUM]
02:52:44.280 [FXGL Background Thread 3 ] DEBUG Engine               - globalMusicVolume: 0.5
02:52:44.281 [FXGL Background Thread 3 ] DEBUG Engine               - globalMusicVolumeProperty: DoubleProperty [value: 0.5]
02:52:44.282 [FXGL Background Thread 3 ] DEBUG Engine               - globalSoundVolume: 0.5
02:52:44.282 [FXGL Background Thread 3 ] DEBUG Engine               - globalSoundVolumeProperty: DoubleProperty [value: 0.5]
02:52:44.282 [FXGL Background Thread 3 ] DEBUG Engine               - height: 1125
02:52:44.282 [FXGL Background Thread 3 ] DEBUG Engine               - isAndroid: false
02:52:44.282 [FXGL Background Thread 3 ] DEBUG Engine               - isBrowser: false
02:52:44.282 [FXGL Background Thread 3 ] DEBUG Engine               - isClickFeedbackEnabled: false
02:52:44.282 [FXGL Background Thread 3 ] DEBUG Engine               - isCloseConfirmation: false
02:52:44.283 [FXGL Background Thread 3 ] DEBUG Engine               - isDesktop: true
02:52:44.283 [FXGL Background Thread 3 ] DEBUG Engine               - isDeveloperMenuEnabled: true
02:52:44.283 [FXGL Background Thread 3 ] DEBUG Engine               - isEntityPreloadEnabled: true
02:52:44.283 [FXGL Background Thread 3 ] DEBUG Engine               - isExperimentalNative: false
02:52:44.283 [FXGL Background Thread 3 ] DEBUG Engine               - isExperimentalTiledLargeMap: false
02:52:44.283 [FXGL Background Thread 3 ] DEBUG Engine               - isFileSystemWriteAllowed: true
02:52:44.284 [FXGL Background Thread 3 ] DEBUG Engine               - isFullScreenAllowed: false
02:52:44.284 [FXGL Background Thread 3 ] DEBUG Engine               - isFullScreenFromStart: false
02:52:44.284 [FXGL Background Thread 3 ] DEBUG Engine               - isGameMenuEnabled: true
02:52:44.284 [FXGL Background Thread 3 ] DEBUG Engine               - isIOS: false
02:52:44.285 [FXGL Background Thread 3 ] DEBUG Engine               - isIntroEnabled: false
02:52:44.285 [FXGL Background Thread 3 ] DEBUG Engine               - isLinux: false
02:52:44.285 [FXGL Background Thread 3 ] DEBUG Engine               - isMac: false
02:52:44.285 [FXGL Background Thread 3 ] DEBUG Engine               - isMainMenuEnabled: true
02:52:44.285 [FXGL Background Thread 3 ] DEBUG Engine               - isManualResizeEnabled: true
02:52:44.292 [FXGL Background Thread 3 ] DEBUG Engine               - isMobile: false
02:52:44.292 [FXGL Background Thread 3 ] DEBUG Engine               - isPreserveResizeRatio: true
02:52:44.292 [FXGL Background Thread 3 ] DEBUG Engine               - isProfilingEnabled: false
02:52:44.292 [FXGL Background Thread 3 ] DEBUG Engine               - isSingleStep: false
02:52:44.292 [FXGL Background Thread 3 ] DEBUG Engine               - isUserProfileEnabled: false
02:52:44.292 [FXGL Background Thread 3 ] DEBUG Engine               - isWindows: true
02:52:44.292 [FXGL Background Thread 3 ] DEBUG Engine               - language: ObjectProperty [value: ENGLISH]
02:52:44.292 [FXGL Background Thread 3 ] DEBUG Engine               - menuKey: ESCAPE
02:52:44.292 [FXGL Background Thread 3 ] DEBUG Engine               - notificationViewClass: class com.almasb.fxgl.notification.view.XboxNotificationView
02:52:44.293 [FXGL Background Thread 3 ] DEBUG Engine               - pixelsPerMeter: 50.0
02:52:44.293 [FXGL Background Thread 3 ] DEBUG Engine               - platform: WINDOWS
02:52:44.293 [FXGL Background Thread 3 ] DEBUG Engine               - profileDir: profiles/
02:52:44.293 [FXGL Background Thread 3 ] DEBUG Engine               - profileName: StringProperty [value: DEFAULT]
02:52:44.293 [FXGL Background Thread 3 ] DEBUG Engine               - randomSeed: -1
02:52:44.297 [FXGL Background Thread 3 ] DEBUG Engine               - runtimeInfo: RuntimeInfo(platform=WINDOWS, version=dev-SNAPSHOT, build=08.09.2020 17.31)
02:52:44.297 [FXGL Background Thread 3 ] DEBUG Engine               - saveFileExt: sav
02:52:44.297 [FXGL Background Thread 3 ] DEBUG Engine               - sceneFactory: it.uniroma1.metodologie.trafficGame.TrafficApp$1@6c946b97
02:52:44.297 [FXGL Background Thread 3 ] DEBUG Engine               - secondsIn24h: 60
02:52:44.297 [FXGL Background Thread 3 ] DEBUG Engine               - soundMenuBack: menu/back.wav
02:52:44.297 [FXGL Background Thread 3 ] DEBUG Engine               - soundMenuPress: menu/press.wav
02:52:44.297 [FXGL Background Thread 3 ] DEBUG Engine               - soundMenuSelect: menu/select.wav
02:52:44.297 [FXGL Background Thread 3 ] DEBUG Engine               - soundNotification: core/notification.wav
02:52:44.297 [FXGL Background Thread 3 ] DEBUG Engine               - stageStyle: DECORATED
02:52:44.297 [FXGL Background Thread 3 ] DEBUG Engine               - supportedLanguages: [ENGLISH, FRENCH, GERMAN, HUNGARIAN, RUSSIAN]
02:52:44.297 [FXGL Background Thread 3 ] DEBUG Engine               - title: Traffic
02:52:44.297 [FXGL Background Thread 3 ] DEBUG Engine               - urlGithub: https://github.com/AlmasB/FXGL
02:52:44.297 [FXGL Background Thread 3 ] DEBUG Engine               - urlLeaderboard: http://fxgl-top.herokuapp.com/
02:52:44.297 [FXGL Background Thread 3 ] DEBUG Engine               - urlPOM: https://raw.githubusercontent.com/AlmasB/FXGL/master/pom.xml
02:52:44.298 [FXGL Background Thread 3 ] DEBUG Engine               - version: Alpha 1.0
02:52:44.298 [FXGL Background Thread 3 ] DEBUG Engine               - versionCheckDays: 7
02:52:44.298 [FXGL Background Thread 3 ] DEBUG Engine               - width: 2000
02:52:44.298 [FXGL Background Thread 3 ] DEBUG Engine               - Logging services
02:52:44.298 [FXGL Background Thread 3 ] DEBUG Engine               - class com.almasb.fxgl.app.FXGLApplication$GameApplicationService
02:52:44.298 [FXGL Background Thread 3 ] DEBUG Engine               - class com.almasb.fxgl.app.services.FXGLDialogService
02:52:44.298 [FXGL Background Thread 3 ] DEBUG Engine               - class com.almasb.fxgl.app.services.IOTaskExecutorService
02:52:44.298 [FXGL Background Thread 3 ] DEBUG Engine               - class com.almasb.fxgl.event.EventBusService
02:52:44.299 [FXGL Background Thread 3 ] DEBUG Engine               - class com.almasb.fxgl.io.FileSystemService
02:52:44.299 [FXGL Background Thread 3 ] DEBUG Engine               - class com.almasb.fxgl.localization.LocalizationService
02:52:44.300 [FXGL Background Thread 3 ] DEBUG Engine               - class com.almasb.fxgl.app.services.FXGLAssetLoaderService
02:52:44.300 [FXGL Background Thread 3 ] DEBUG Engine               - class com.almasb.fxgl.app.services.SystemBundleService
02:52:44.300 [FXGL Background Thread 3 ] DEBUG Engine               - class com.almasb.fxgl.profile.SaveLoadService
02:52:44.300 [FXGL Background Thread 3 ] DEBUG Engine               - class com.almasb.fxgl.ui.FXGLUIFactoryServiceProvider
02:52:44.300 [FXGL Background Thread 3 ] DEBUG Engine               - class com.almasb.fxgl.ui.FXGLDialogFactoryServiceProvider
02:52:44.300 [FXGL Background Thread 3 ] DEBUG Engine               - class com.almasb.fxgl.audio.AudioPlayer
02:52:44.300 [FXGL Background Thread 3 ] DEBUG Engine               - class com.almasb.fxgl.notification.impl.NotificationServiceProvider
02:52:44.300 [FXGL Background Thread 3 ] DEBUG Engine               - class com.almasb.fxgl.achievement.AchievementService
02:52:44.300 [FXGL Background Thread 3 ] DEBUG Engine               - class com.almasb.fxgl.cutscene.CutsceneService
02:52:44.300 [FXGL Background Thread 3 ] DEBUG Engine               - class com.almasb.fxgl.minigames.MiniGameService
02:52:44.300 [FXGL Background Thread 3 ] DEBUG Engine               - class com.almasb.fxgl.net.NetService
02:52:44.305 [FXGL Background Thread 3 ] DEBUG Engine               - class com.almasb.fxgl.app.services.UpdaterService
02:52:44.305 [FXGL Background Thread 3 ] DEBUG Engine               - class com.almasb.fxgl.dev.DevService
02:53:03.685 [JavaFX Application Thread] DEBUG MainWindow           - Push state: FXGLDefaultMenu
02:53:03.687 [JavaFX Application Thread] DEBUG Input                - Clearing active input actions
02:53:03.688 [JavaFX Application Thread] DEBUG GameApplicationServi - Removing overlay from GameScene and adding to FXGLDefaultMenu
02:53:03.690 [JavaFX Application Thread] DEBUG MainWindow           - GameScene -> FXGLDefaultMenu
02:53:04.137 [JavaFX Application Thread] DEBUG MainWindow           - Pop state: FXGLDefaultMenu
02:53:04.137 [JavaFX Application Thread] DEBUG Input                - Clearing active input actions
02:53:04.138 [JavaFX Application Thread] DEBUG GameApplicationServi - Removing overlay from FXGLDefaultMenu and adding to GameScene
02:53:04.138 [JavaFX Application Thread] DEBUG MainWindow           - GameScene <- FXGLDefaultMenu
02:53:10.215 [JavaFX Application Thread] DEBUG FXGLApplication      - Exiting FXGL
02:53:10.215 [JavaFX Application Thread] DEBUG LoopRunner           - Stopping loop
02:53:10.215 [JavaFX Application Thread] DEBUG SystemBundleService  - Saving FXGL system data
02:53:10.217 [JavaFX Application Thread] DEBUG FileSystemAccess     - Writing to: C:\Users\Andrea\Desktop\Homework\traffic-mobile\system\fxgl.bundle
02:53:10.218 [JavaFX Application Thread] DEBUG Async                - Shutting down background threads
02:53:10.219 [JavaFX Application Thread] DEBUG MainWindow           - Closing main window
02:53:10.227 [JavaFX Application Thread] DEBUG Logger               - Closing Logger
