15:17:03.813 [main                     ] DEBUG Logger               - Configured Logger
15:17:03.836 [main                     ] DEBUG GameApplication      - Logging settings
Title: Traffic
Version: Alpha 1.0
Width: 2500
Height: 1750
Fullscreen: false
Intro: false
Profiling: true
Single step:false
App Mode: DEVELOPER
Menu Key: ESCAPE
Stage Style: DECORATED
Scene Factory: class it.uniroma1.metodologie.trafficGame.TrafficApp$1

15:17:04.159 [JavaFX Application Thread] DEBUG FXGLApplication      - Initializing FXGL
15:17:04.166 [JavaFX Application Thread] INFO  Engine               - FXGL-dev-SNAPSHOT (03.09.2020 12.08) on MAC (J:14.0.1 FX:14)
15:17:04.167 [JavaFX Application Thread] DEBUG Engine               - JRE Vendor Name: Oracle Corporation
15:17:04.167 [JavaFX Application Thread] DEBUG Engine               - Running on OS: Mac OS X version 10.15.6
15:17:04.167 [JavaFX Application Thread] DEBUG Engine               - Architecture: x86_64
15:17:04.168 [JavaFX Application Thread] INFO  Engine               - Source code and latest versions at: https://github.com/AlmasB/FXGL
15:17:04.168 [JavaFX Application Thread] INFO  Engine               -              Join the FXGL chat at: https://gitter.im/AlmasB/FXGL
15:17:04.278 [JavaFX Application Thread] DEBUG MainWindow           - Creating a JavaFX scene
15:17:04.279 [JavaFX Application Thread] DEBUG MainWindow           - Target size > screen size
15:17:04.326 [JavaFX Application Thread] DEBUG MainWindow           - Target settings size: 2500.0 x 1750.0
15:17:04.327 [JavaFX Application Thread] DEBUG MainWindow           - Scaled scene size:    1422.0 x 1012.0
15:17:04.327 [JavaFX Application Thread] DEBUG MainWindow           - Scaled ratio: (0.5688, 0.5782857142857143)
15:17:04.328 [JavaFX Application Thread] DEBUG MainWindow           - Set initial scene to StartupScene
15:17:04.333 [JavaFX Application Thread] DEBUG MainWindow           - Opening main window
15:17:04.422 [JavaFX Application Thread] DEBUG MainWindow           - Window border size: (0.0, 1.0)
15:17:04.422 [JavaFX Application Thread] DEBUG MainWindow           - Scaled size: 1422.0 x 1012.0
15:17:04.422 [JavaFX Application Thread] DEBUG MainWindow           - Scaled ratio: (0.5688, 0.5688)
15:17:04.422 [JavaFX Application Thread] DEBUG MainWindow           - Scene size: 1422.0 x 1012.0
15:17:04.423 [JavaFX Application Thread] DEBUG MainWindow           - Stage size: 1422.0 x 1013.0
15:17:04.428 [FXGL Background Thread 1 ] DEBUG Engine               - Initializing environment variables
15:17:04.456 [FXGL Background Thread 1 ] DEBUG GameApplicationServi - Applying CSS: fxgl_dark.css
15:17:04.457 [FXGL Background Thread 1 ] DEBUG FXGLAssetLoaderServi - Loading from file system: /assets/ui/css/fxgl_dark.css
15:17:04.533 [FXGL Background Thread 1 ] DEBUG GameApplicationServi - Initializing application scenes
15:17:04.787 [FXGL Background Thread 1 ] DEBUG GameWorld            - Game world initialized
15:17:04.844 [FXGL Background Thread 1 ] DEBUG PhysicsWorld         - Physics world initialized: appHeight=1750, physics.ppm=50,0
15:17:04.847 [FXGL Background Thread 1 ] DEBUG GameScene            - Game scene initialized: 2500x1750
15:17:04.856 [FXGL Background Thread 1 ] DEBUG FXGLAssetLoaderServi - Loading from file system: /assets/textures/bg.jpg
15:17:05.246 [FXGL Background Thread 1 ] DEBUG FXGLAssetLoaderServi - Loading from file system: /assets/textures/logo.png
15:17:05.370 [FXGL Background Thread 1 ] DEBUG FXGLAssetLoaderServi - Loading from file system: /assets/textures/particles/trace_horizontal.png
15:17:05.399 [FXGL Background Thread 1 ] DEBUG FXGL.DefaultMenu     - createMenuBodyGameMenu()
15:17:05.413 [FXGL Background Thread 1 ] DEBUG FXGL.DefaultMenu     - createOptionsMenu()
15:17:05.422 [FXGL Background Thread 1 ] DEBUG FXGLAssetLoaderServi - Loading from file system: /assets/textures/particles/smoke.png
15:17:05.506 [FXGL Background Thread 1 ] DEBUG GameApplicationServi - Application scenes initialized
15:17:05.516 [FXGL Background Thread 1 ] DEBUG SystemBundleService  - Loading FXGL system data
15:17:05.521 [FXGL Background Thread 1 ] DEBUG FileSystemAccess     - Reading from: /Users/universita/Desktop/ProgettoJava/Drop/system/fxgl.bundle
15:17:05.529 [FXGL Background Thread 1 ] DEBUG SystemBundleService  - Bundle FXGL: {}
15:17:05.529 [FXGL Background Thread 1 ] DEBUG UpdaterService       - Checking for updates
15:17:05.568 [FXGL Background Thread 4 ] DEBUG FXGLApplication      - Loading fonts
15:17:05.568 [FXGL Background Thread 4 ] DEBUG FXGLAssetLoaderServi - Loading from file system: /assets/ui/fonts/VarelaRound-Regular.ttf
15:17:05.568 [FXGL Background Thread 1 ] DEBUG FXGLApplication      - Loading default localization
15:17:05.569 [FXGL Background Thread 1 ] DEBUG FXGLAssetLoaderServi - Loading from file system: /assets/languages/english.lang
15:17:05.581 [FXGL Background Thread 4 ] DEBUG FXGLAssetLoaderServi - Loading from file system: /assets/ui/fonts/Abel-Regular.ttf
15:17:05.584 [FXGL Background Thread 4 ] DEBUG FXGLAssetLoaderServi - Loading from file system: /assets/ui/fonts/lucida_console.ttf
15:17:05.588 [FXGL Background Thread 4 ] DEBUG FXGLAssetLoaderServi - Loading from file system: /assets/ui/fonts/Courier-Prime.ttf
15:17:05.594 [JavaFX Application Thread] DEBUG FXGLApplication      - Registering font factories with UI factory
15:17:05.604 [FXGL Background Thread 1 ] INFO  FXGLApplication      - FXGL initialization took: 1,176 sec
15:17:05.615 [JavaFX Application Thread] DEBUG Input                - Registered new binding: Change trafficlight status - F
15:17:05.616 [JavaFX Application Thread] DEBUG Input                - Registered new binding: Select and change traffic light - LMB
15:17:05.616 [JavaFX Application Thread] DEBUG Input                - Registered new binding: Move Right - D
15:17:05.617 [JavaFX Application Thread] DEBUG Input                - Registered new binding: Move Left - A
15:17:05.617 [JavaFX Application Thread] DEBUG Input                - Registered new binding: Move Up - W
15:17:05.618 [JavaFX Application Thread] DEBUG Input                - Registered new binding: Move Down - S
15:17:05.618 [JavaFX Application Thread] DEBUG Input                - Registered new binding: Spawn Car - Space
15:17:05.619 [JavaFX Application Thread] DEBUG FXGLAssetLoaderServi - Loading from file system: /assets/textures/fxgl_icon.png
15:17:05.650 [JavaFX Application Thread] DEBUG FXGLAssetLoaderServi - Loading from file system: /assets/ui/cursors/fxgl_default.png
15:17:05.652 [JavaFX Application Thread] DEBUG Input                - Registered new binding: Screenshot - P
15:17:05.653 [JavaFX Application Thread] DEBUG Input                - Registered new binding: Dev Options - 1
15:17:05.654 [JavaFX Application Thread] DEBUG Input                - Registered new binding: Dev Console - 2
15:17:05.654 [JavaFX Application Thread] DEBUG Input                - Registered new binding: System info dump - CTRL+9
15:17:05.655 [JavaFX Application Thread] DEBUG Input                - Registered new binding: Restart - CTRL+R
15:17:05.655 [JavaFX Application Thread] DEBUG Input                - Registered new binding: Toggle Debug Camera - CTRL+C
15:17:05.658 [JavaFX Application Thread] DEBUG LoopRunner           - Starting loop
15:17:05.673 [JavaFX Application Thread] DEBUG Input                - Clearing active input actions
15:17:05.684 [JavaFX Application Thread] DEBUG GameApplicationServi - Removing overlay from StartupScene and adding to FXGLMainMenuDummyScene
15:17:05.690 [JavaFX Application Thread] DEBUG MainWindow           - StartupScene -> FXGLMainMenuDummyScene
15:17:05.690 [JavaFX Application Thread] DEBUG MainWindow           - Push state: TrafficAppMenu
15:17:05.691 [JavaFX Application Thread] DEBUG Input                - Clearing active input actions
15:17:05.695 [JavaFX Application Thread] DEBUG GameApplicationServi - Removing overlay from FXGLMainMenuDummyScene and adding to TrafficAppMenu
15:17:05.696 [JavaFX Application Thread] DEBUG MainWindow           - FXGLMainMenuDummyScene -> TrafficAppMenu
15:17:06.467 [FXGL Background Thread 2 ] INFO  UpdaterService       - Your current version:  dev-SNAPSHOT
15:17:06.469 [FXGL Background Thread 2 ] INFO  UpdaterService       - Latest stable version: 11.10
15:17:07.157 [JavaFX Application Thread] DEBUG Menu                 - fireNewGame()
15:17:07.157 [JavaFX Application Thread] DEBUG GameApplicationServi - Starting new game
15:17:07.158 [JavaFX Application Thread] DEBUG MainWindow           - Pop state: TrafficAppMenu
15:17:07.158 [JavaFX Application Thread] DEBUG Input                - Clearing active input actions
15:17:07.159 [JavaFX Application Thread] DEBUG GameApplicationServi - Removing overlay from TrafficAppMenu and adding to FXGLMainMenuDummyScene
15:17:07.162 [JavaFX Application Thread] DEBUG MainWindow           - FXGLMainMenuDummyScene <- TrafficAppMenu
15:17:07.162 [JavaFX Application Thread] DEBUG Input                - Clearing active input actions
15:17:07.177 [JavaFX Application Thread] DEBUG GameApplicationServi - Removing overlay from FXGLMainMenuDummyScene and adding to FXGLLoadingScene
15:17:07.178 [JavaFX Application Thread] DEBUG MainWindow           - FXGLMainMenuDummyScene -> FXGLLoadingScene
15:17:07.178 [JavaFX Application Thread] DEBUG GameApplicationServi - Clearing previous game
15:17:07.178 [JavaFX Application Thread] DEBUG GameScene            - Clearing game scene
15:17:07.179 [JavaFX Application Thread] DEBUG GameWorld            - Clearing game world
15:17:07.179 [JavaFX Application Thread] DEBUG PhysicsWorld         - Clearing physics world
15:17:07.180 [FXGL Background Thread 2 ] DEBUG FXGLApplication      - Initializing game
15:17:07.190 [FXGL Background Thread 2 ] DEBUG FXGLAssetLoaderServi - Loading from file system: /assets/levels/level02.tmx
15:17:07.226 [FXGL Background Thread 2 ] WARN  TMXLevelLoader       - TiledMap generated from 1.4.1. Supported version: 1.2.3. Some features may not be parsed fully.
15:17:07.284 [FXGL Background Thread 2 ] DEBUG TMXLevelLoader       - Parsed raw map: TiledMap(width=10, height=7, tilewidth=250, tileheight=250, orientation=orthogonal, layers=[Layer(width=10, height=7, name=bg, type=tilelayer, visible=false, x=0, y=0, data=[84, 67, 84, 67, 30, 47, 34, 83, 80, 83, 48, 48, 48, 45, 48, 43, 48, 48, 45, 48, 69, 69, 75, 47, 77, 69, 69, 75, 47, 82, 67, 67, 74, 47, 76, 67, 67, 74, 47, 82, 48, 48, 48, 49, 48, 48, 48, 48, 46, 40, 77, 69, 75, 47, 77, 69, 69, 75, 47, 24, 70, 81, 68, 47, 81, 81, 81, 79, 47, 82], objects=[], opacity=0.0, draworder=), Layer(width=0, height=0, name=PathWays, type=objectgroup, visible=false, x=0, y=0, data=[], objects=[], opacity=0.0, draworder=), Layer(width=0, height=0, name=Incroci, type=objectgroup, visible=false, x=0, y=0, data=[], objects=[com.almasb.fxgl.entity.level.tiled.TiledObject@d5a4a35, com.almasb.fxgl.entity.level.tiled.TiledObject@2bc57843, com.almasb.fxgl.entity.level.tiled.TiledObject@30bb7e72, com.almasb.fxgl.entity.level.tiled.TiledObject@1220f0f9, com.almasb.fxgl.entity.level.tiled.TiledObject@4d741b6a], opacity=0.0, draworder=), Layer(width=0, height=0, name=Semafori, type=objectgroup, visible=false, x=0, y=0, data=[], objects=[com.almasb.fxgl.entity.level.tiled.TiledObject@4d7375e7, com.almasb.fxgl.entity.level.tiled.TiledObject@26d0dad5, com.almasb.fxgl.entity.level.tiled.TiledObject@336251ce, com.almasb.fxgl.entity.level.tiled.TiledObject@5e20a383, com.almasb.fxgl.entity.level.tiled.TiledObject@82a39ed, com.almasb.fxgl.entity.level.tiled.TiledObject@280c5c4f, com.almasb.fxgl.entity.level.tiled.TiledObject@94184a1, com.almasb.fxgl.entity.level.tiled.TiledObject@522602b1, com.almasb.fxgl.entity.level.tiled.TiledObject@b1abc49, com.almasb.fxgl.entity.level.tiled.TiledObject@413e6741, com.almasb.fxgl.entity.level.tiled.TiledObject@445f874b, com.almasb.fxgl.entity.level.tiled.TiledObject@260e36fb, com.almasb.fxgl.entity.level.tiled.TiledObject@78a83e87, com.almasb.fxgl.entity.level.tiled.TiledObject@4a1e5abc, com.almasb.fxgl.entity.level.tiled.TiledObject@72c3f96b, com.almasb.fxgl.entity.level.tiled.TiledObject@252da026], opacity=0.0, draworder=), Layer(width=0, height=0, name=SpawnPoint, type=objectgroup, visible=false, x=0, y=0, data=[], objects=[com.almasb.fxgl.entity.level.tiled.TiledObject@1c48fe02, com.almasb.fxgl.entity.level.tiled.TiledObject@24bb8c8d, com.almasb.fxgl.entity.level.tiled.TiledObject@49de21d0, com.almasb.fxgl.entity.level.tiled.TiledObject@1ba945d, com.almasb.fxgl.entity.level.tiled.TiledObject@5a59c286, com.almasb.fxgl.entity.level.tiled.TiledObject@227ef2a4, com.almasb.fxgl.entity.level.tiled.TiledObject@1a16979a, com.almasb.fxgl.entity.level.tiled.TiledObject@4fdbf0f9, com.almasb.fxgl.entity.level.tiled.TiledObject@5b025676, com.almasb.fxgl.entity.level.tiled.TiledObject@ebc6460, com.almasb.fxgl.entity.level.tiled.TiledObject@20b8886a, com.almasb.fxgl.entity.level.tiled.TiledObject@30f4f8bc, com.almasb.fxgl.entity.level.tiled.TiledObject@790cb932, com.almasb.fxgl.entity.level.tiled.TiledObject@147e5d17, com.almasb.fxgl.entity.level.tiled.TiledObject@70e17c2a, com.almasb.fxgl.entity.level.tiled.TiledObject@67c75b92, com.almasb.fxgl.entity.level.tiled.TiledObject@7b9ebb71, com.almasb.fxgl.entity.level.tiled.TiledObject@1deed7f0, com.almasb.fxgl.entity.level.tiled.TiledObject@6695f84b, com.almasb.fxgl.entity.level.tiled.TiledObject@3bd324c0, com.almasb.fxgl.entity.level.tiled.TiledObject@359855f8, com.almasb.fxgl.entity.level.tiled.TiledObject@5ea255ec, com.almasb.fxgl.entity.level.tiled.TiledObject@173ca9d3, com.almasb.fxgl.entity.level.tiled.TiledObject@356b6ad0, com.almasb.fxgl.entity.level.tiled.TiledObject@42abce10, com.almasb.fxgl.entity.level.tiled.TiledObject@eeaee9c, com.almasb.fxgl.entity.level.tiled.TiledObject@7ceabca3, com.almasb.fxgl.entity.level.tiled.TiledObject@12b97404], opacity=0.0, draworder=)], tilesets=[Tileset(firstgid=1, image=../textures/tiles_sheet.png, name=tiles_sheet, tilewidth=250, tileheight=250, imagewidth=1750, imageheight=1500, margin=0, spacing=0, columns=7, tilecount=42, transparentcolor=ff00ff, tiles=[]), Tileset(firstgid=43, image=../textures/tiles_sheet.png, name=tiles_sheet, tilewidth=250, tileheight=250, imagewidth=1750, imageheight=1500, margin=0, spacing=0, columns=7, tilecount=42, transparentcolor=, tiles=[])], backgroundcolor=, renderorder=right-down, nextobjectid=58, version=1, tiledversion=1.4.1, type=map, infinite=false, properties={}, propertytypes={})
15:17:07.286 [FXGL Background Thread 2 ] DEBUG TMXLevelLoader       - Creating tile layer entities
15:17:07.297 [FXGL Background Thread 2 ] DEBUG TilesetLoader        - Loading view for layer bg
15:17:07.331 [FXGL Background Thread 2 ] DEBUG TilesetLoader        - Created buffer with size 2500.0x1750.0
15:17:07.430 [FXGL Background Thread 2 ] DEBUG TilesetLoader        - Writing to buffer: dst=0,0, w=250,h=250, src=1500,1250
15:17:07.431 [FXGL Background Thread 2 ] DEBUG TilesetLoader        - Writing to buffer: dst=250,0, w=250,h=250, src=750,750
15:17:07.432 [FXGL Background Thread 2 ] DEBUG TilesetLoader        - Writing to buffer: dst=500,0, w=250,h=250, src=1500,1250
15:17:07.432 [FXGL Background Thread 2 ] DEBUG TilesetLoader        - Writing to buffer: dst=750,0, w=250,h=250, src=750,750
15:17:07.433 [FXGL Background Thread 2 ] DEBUG TilesetLoader        - Writing to buffer: dst=1000,0, w=250,h=250, src=250,1000
15:17:07.433 [FXGL Background Thread 2 ] DEBUG TilesetLoader        - Writing to buffer: dst=1250,0, w=250,h=250, src=1000,0
15:17:07.434 [FXGL Background Thread 2 ] DEBUG TilesetLoader        - Writing to buffer: dst=1500,0, w=250,h=250, src=1250,1000
15:17:07.434 [FXGL Background Thread 2 ] DEBUG TilesetLoader        - Writing to buffer: dst=1750,0, w=250,h=250, src=1250,1250
15:17:07.434 [FXGL Background Thread 2 ] DEBUG TilesetLoader        - Writing to buffer: dst=2000,0, w=250,h=250, src=500,1250
15:17:07.435 [FXGL Background Thread 2 ] DEBUG TilesetLoader        - Writing to buffer: dst=2250,0, w=250,h=250, src=1250,1250
15:17:07.435 [FXGL Background Thread 2 ] DEBUG TilesetLoader        - Writing to buffer: dst=0,250, w=250,h=250, src=1250,0
15:17:07.435 [FXGL Background Thread 2 ] DEBUG TilesetLoader        - Writing to buffer: dst=250,250, w=250,h=250, src=1250,0
15:17:07.436 [FXGL Background Thread 2 ] DEBUG TilesetLoader        - Writing to buffer: dst=500,250, w=250,h=250, src=1250,0
15:17:07.436 [FXGL Background Thread 2 ] DEBUG TilesetLoader        - Writing to buffer: dst=750,250, w=250,h=250, src=500,0
15:17:07.437 [FXGL Background Thread 2 ] DEBUG TilesetLoader        - Writing to buffer: dst=1000,250, w=250,h=250, src=1250,0
15:17:07.437 [FXGL Background Thread 2 ] DEBUG TilesetLoader        - Writing to buffer: dst=1250,250, w=250,h=250, src=0,0
15:17:07.437 [FXGL Background Thread 2 ] DEBUG TilesetLoader        - Writing to buffer: dst=1500,250, w=250,h=250, src=1250,0
15:17:07.445 [FXGL Background Thread 2 ] DEBUG TilesetLoader        - Writing to buffer: dst=1750,250, w=250,h=250, src=1250,0
15:17:07.445 [FXGL Background Thread 2 ] DEBUG TilesetLoader        - Writing to buffer: dst=2000,250, w=250,h=250, src=500,0
15:17:07.445 [FXGL Background Thread 2 ] DEBUG TilesetLoader        - Writing to buffer: dst=2250,250, w=250,h=250, src=1250,0
15:17:07.446 [FXGL Background Thread 2 ] DEBUG TilesetLoader        - Writing to buffer: dst=0,500, w=250,h=250, src=1250,750
15:17:07.446 [FXGL Background Thread 2 ] DEBUG TilesetLoader        - Writing to buffer: dst=250,500, w=250,h=250, src=1250,750
15:17:07.446 [FXGL Background Thread 2 ] DEBUG TilesetLoader        - Writing to buffer: dst=500,500, w=250,h=250, src=1000,1000
15:17:07.446 [FXGL Background Thread 2 ] DEBUG TilesetLoader        - Writing to buffer: dst=750,500, w=250,h=250, src=1000,0
15:17:07.447 [FXGL Background Thread 2 ] DEBUG TilesetLoader        - Writing to buffer: dst=1000,500, w=250,h=250, src=1500,1000
15:17:07.447 [FXGL Background Thread 2 ] DEBUG TilesetLoader        - Writing to buffer: dst=1250,500, w=250,h=250, src=1250,750
15:17:07.447 [FXGL Background Thread 2 ] DEBUG TilesetLoader        - Writing to buffer: dst=1500,500, w=250,h=250, src=1250,750
15:17:07.448 [FXGL Background Thread 2 ] DEBUG TilesetLoader        - Writing to buffer: dst=1750,500, w=250,h=250, src=1000,1000
15:17:07.448 [FXGL Background Thread 2 ] DEBUG TilesetLoader        - Writing to buffer: dst=2000,500, w=250,h=250, src=1000,0
15:17:07.449 [FXGL Background Thread 2 ] DEBUG TilesetLoader        - Writing to buffer: dst=2250,500, w=250,h=250, src=1000,1250
15:17:07.449 [FXGL Background Thread 2 ] DEBUG TilesetLoader        - Writing to buffer: dst=0,750, w=250,h=250, src=750,750
15:17:07.449 [FXGL Background Thread 2 ] DEBUG TilesetLoader        - Writing to buffer: dst=250,750, w=250,h=250, src=750,750
15:17:07.450 [FXGL Background Thread 2 ] DEBUG TilesetLoader        - Writing to buffer: dst=500,750, w=250,h=250, src=750,1000
15:17:07.453 [FXGL Background Thread 2 ] DEBUG TilesetLoader        - Writing to buffer: dst=750,750, w=250,h=250, src=1000,0
15:17:07.453 [FXGL Background Thread 2 ] DEBUG TilesetLoader        - Writing to buffer: dst=1000,750, w=250,h=250, src=1250,1000
15:17:07.454 [FXGL Background Thread 2 ] DEBUG TilesetLoader        - Writing to buffer: dst=1250,750, w=250,h=250, src=750,750
15:17:07.454 [FXGL Background Thread 2 ] DEBUG TilesetLoader        - Writing to buffer: dst=1500,750, w=250,h=250, src=750,750
15:17:07.454 [FXGL Background Thread 2 ] DEBUG TilesetLoader        - Writing to buffer: dst=1750,750, w=250,h=250, src=750,1000
15:17:07.454 [FXGL Background Thread 2 ] DEBUG TilesetLoader        - Writing to buffer: dst=2000,750, w=250,h=250, src=1000,0
15:17:07.454 [FXGL Background Thread 2 ] DEBUG TilesetLoader        - Writing to buffer: dst=2250,750, w=250,h=250, src=1000,1250
15:17:07.455 [FXGL Background Thread 2 ] DEBUG TilesetLoader        - Writing to buffer: dst=0,1000, w=250,h=250, src=1250,0
15:17:07.455 [FXGL Background Thread 2 ] DEBUG TilesetLoader        - Writing to buffer: dst=250,1000, w=250,h=250, src=1250,0
15:17:07.455 [FXGL Background Thread 2 ] DEBUG TilesetLoader        - Writing to buffer: dst=500,1000, w=250,h=250, src=1250,0
15:17:07.457 [FXGL Background Thread 2 ] DEBUG TilesetLoader        - Writing to buffer: dst=750,1000, w=250,h=250, src=1500,0
15:17:07.457 [FXGL Background Thread 2 ] DEBUG TilesetLoader        - Writing to buffer: dst=1000,1000, w=250,h=250, src=1250,0
15:17:07.457 [FXGL Background Thread 2 ] DEBUG TilesetLoader        - Writing to buffer: dst=1250,1000, w=250,h=250, src=1250,0
15:17:07.458 [FXGL Background Thread 2 ] DEBUG TilesetLoader        - Writing to buffer: dst=1500,1000, w=250,h=250, src=1250,0
15:17:07.458 [FXGL Background Thread 2 ] DEBUG TilesetLoader        - Writing to buffer: dst=1750,1000, w=250,h=250, src=1250,0
15:17:07.458 [FXGL Background Thread 2 ] DEBUG TilesetLoader        - Writing to buffer: dst=2000,1000, w=250,h=250, src=750,0
15:17:07.458 [FXGL Background Thread 2 ] DEBUG TilesetLoader        - Writing to buffer: dst=2250,1000, w=250,h=250, src=1000,1250
15:17:07.459 [FXGL Background Thread 2 ] DEBUG TilesetLoader        - Writing to buffer: dst=0,1250, w=250,h=250, src=1500,1000
15:17:07.459 [FXGL Background Thread 2 ] DEBUG TilesetLoader        - Writing to buffer: dst=250,1250, w=250,h=250, src=1250,750
15:17:07.459 [FXGL Background Thread 2 ] DEBUG TilesetLoader        - Writing to buffer: dst=500,1250, w=250,h=250, src=1000,1000
15:17:07.460 [FXGL Background Thread 2 ] DEBUG TilesetLoader        - Writing to buffer: dst=750,1250, w=250,h=250, src=1000,0
15:17:07.460 [FXGL Background Thread 2 ] DEBUG TilesetLoader        - Writing to buffer: dst=1000,1250, w=250,h=250, src=1500,1000
15:17:07.460 [FXGL Background Thread 2 ] DEBUG TilesetLoader        - Writing to buffer: dst=1250,1250, w=250,h=250, src=1250,750
15:17:07.461 [FXGL Background Thread 2 ] DEBUG TilesetLoader        - Writing to buffer: dst=1500,1250, w=250,h=250, src=1250,750
15:17:07.461 [FXGL Background Thread 2 ] DEBUG TilesetLoader        - Writing to buffer: dst=1750,1250, w=250,h=250, src=1000,1000
15:17:07.461 [FXGL Background Thread 2 ] DEBUG TilesetLoader        - Writing to buffer: dst=2000,1250, w=250,h=250, src=1000,0
15:17:07.462 [FXGL Background Thread 2 ] DEBUG TilesetLoader        - Writing to buffer: dst=2250,1250, w=250,h=250, src=500,750
15:17:07.463 [FXGL Background Thread 2 ] DEBUG TilesetLoader        - Writing to buffer: dst=0,1500, w=250,h=250, src=1500,750
15:17:07.463 [FXGL Background Thread 2 ] DEBUG TilesetLoader        - Writing to buffer: dst=250,1500, w=250,h=250, src=750,1250
15:17:07.463 [FXGL Background Thread 2 ] DEBUG TilesetLoader        - Writing to buffer: dst=500,1500, w=250,h=250, src=1000,750
15:17:07.463 [FXGL Background Thread 2 ] DEBUG TilesetLoader        - Writing to buffer: dst=750,1500, w=250,h=250, src=1000,0
15:17:07.464 [FXGL Background Thread 2 ] DEBUG TilesetLoader        - Writing to buffer: dst=1000,1500, w=250,h=250, src=750,1250
15:17:07.465 [FXGL Background Thread 2 ] DEBUG TilesetLoader        - Writing to buffer: dst=1250,1500, w=250,h=250, src=750,1250
15:17:07.465 [FXGL Background Thread 2 ] DEBUG TilesetLoader        - Writing to buffer: dst=1500,1500, w=250,h=250, src=750,1250
15:17:07.465 [FXGL Background Thread 2 ] DEBUG TilesetLoader        - Writing to buffer: dst=1750,1500, w=250,h=250, src=250,1250
15:17:07.465 [FXGL Background Thread 2 ] DEBUG TilesetLoader        - Writing to buffer: dst=2000,1500, w=250,h=250, src=1000,0
15:17:07.466 [FXGL Background Thread 2 ] DEBUG TilesetLoader        - Writing to buffer: dst=2250,1500, w=250,h=250, src=1000,1250
15:17:07.466 [FXGL Background Thread 2 ] DEBUG TMXLevelLoader       - Creating object layer entities
15:17:07.498 [FXGL Background Thread 2 ] DEBUG FXGLAssetLoaderServi - Loading from file system: /assets/textures/semaforoRosso-01.png
15:17:07.511 [FXGL Background Thread 2 ] DEBUG FXGLAssetLoaderServi - Loading from file system: /assets/textures/semaforoVerde-01.png
15:17:07.520 [FXGL Background Thread 2 ] DEBUG FXGLAssetLoaderServi - Loading from file system: /assets/textures/semaforoRosso-02.png
15:17:07.525 [FXGL Background Thread 2 ] DEBUG FXGLAssetLoaderServi - Loading from file system: /assets/textures/semaforoVerde-02.png
15:17:07.530 [FXGL Background Thread 2 ] DEBUG FXGLAssetLoaderServi - Loading from file system: /assets/textures/semaforoRosso-04.png
15:17:07.535 [FXGL Background Thread 2 ] DEBUG FXGLAssetLoaderServi - Loading from file system: /assets/textures/semaforoVerde-04.png
15:17:07.540 [FXGL Background Thread 2 ] DEBUG FXGLAssetLoaderServi - Loading from file system: /assets/textures/semaforoRosso-03.png
15:17:07.544 [FXGL Background Thread 2 ] DEBUG FXGLAssetLoaderServi - Loading from file system: /assets/textures/semaforoVerde-03.png
15:17:07.551 [FXGL Background Thread 2 ] DEBUG FXGLAssetLoaderServi - Loading from cache: /assets/textures/semaforoRosso-04.png
15:17:07.551 [FXGL Background Thread 2 ] DEBUG FXGLAssetLoaderServi - Loading from cache: /assets/textures/semaforoVerde-04.png
15:17:07.553 [FXGL Background Thread 2 ] DEBUG FXGLAssetLoaderServi - Loading from cache: /assets/textures/semaforoRosso-01.png
15:17:07.553 [FXGL Background Thread 2 ] DEBUG FXGLAssetLoaderServi - Loading from cache: /assets/textures/semaforoVerde-01.png
15:17:07.554 [FXGL Background Thread 2 ] DEBUG FXGLAssetLoaderServi - Loading from cache: /assets/textures/semaforoRosso-03.png
15:17:07.555 [FXGL Background Thread 2 ] DEBUG FXGLAssetLoaderServi - Loading from cache: /assets/textures/semaforoVerde-03.png
15:17:07.556 [FXGL Background Thread 2 ] DEBUG FXGLAssetLoaderServi - Loading from cache: /assets/textures/semaforoRosso-04.png
15:17:07.556 [FXGL Background Thread 2 ] DEBUG FXGLAssetLoaderServi - Loading from cache: /assets/textures/semaforoVerde-04.png
15:17:07.565 [FXGL Background Thread 2 ] DEBUG FXGLAssetLoaderServi - Loading from cache: /assets/textures/semaforoRosso-04.png
15:17:07.567 [FXGL Background Thread 2 ] DEBUG FXGLAssetLoaderServi - Loading from cache: /assets/textures/semaforoVerde-04.png
15:17:07.568 [FXGL Background Thread 2 ] DEBUG FXGLAssetLoaderServi - Loading from cache: /assets/textures/semaforoRosso-04.png
15:17:07.568 [FXGL Background Thread 2 ] DEBUG FXGLAssetLoaderServi - Loading from cache: /assets/textures/semaforoVerde-04.png
15:17:07.569 [FXGL Background Thread 2 ] DEBUG FXGLAssetLoaderServi - Loading from cache: /assets/textures/semaforoRosso-01.png
15:17:07.569 [FXGL Background Thread 2 ] DEBUG FXGLAssetLoaderServi - Loading from cache: /assets/textures/semaforoVerde-01.png
15:17:07.580 [FXGL Background Thread 2 ] DEBUG FXGLAssetLoaderServi - Loading from cache: /assets/textures/semaforoRosso-02.png
15:17:07.580 [FXGL Background Thread 2 ] DEBUG FXGLAssetLoaderServi - Loading from cache: /assets/textures/semaforoVerde-02.png
15:17:07.582 [FXGL Background Thread 2 ] DEBUG FXGLAssetLoaderServi - Loading from cache: /assets/textures/semaforoRosso-02.png
15:17:07.582 [FXGL Background Thread 2 ] DEBUG FXGLAssetLoaderServi - Loading from cache: /assets/textures/semaforoVerde-02.png
15:17:07.589 [FXGL Background Thread 2 ] DEBUG FXGLAssetLoaderServi - Loading from cache: /assets/textures/semaforoRosso-02.png
15:17:07.590 [FXGL Background Thread 2 ] DEBUG FXGLAssetLoaderServi - Loading from cache: /assets/textures/semaforoVerde-02.png
15:17:07.592 [FXGL Background Thread 2 ] DEBUG FXGLAssetLoaderServi - Loading from cache: /assets/textures/semaforoRosso-03.png
15:17:07.592 [FXGL Background Thread 2 ] DEBUG FXGLAssetLoaderServi - Loading from cache: /assets/textures/semaforoVerde-03.png
15:17:07.596 [FXGL Background Thread 2 ] DEBUG FXGLAssetLoaderServi - Loading from cache: /assets/textures/semaforoRosso-03.png
15:17:07.596 [FXGL Background Thread 2 ] DEBUG FXGLAssetLoaderServi - Loading from cache: /assets/textures/semaforoVerde-03.png
15:17:07.627 [FXGL Background Thread 2 ] DEBUG GameWorld            - Clearing removable entities
15:17:07.628 [FXGL Background Thread 2 ] DEBUG GameWorld            - Setting level: com.almasb.fxgl.entity.level.Level@384325f7
15:17:07.647 [FXGL Background Thread 2 ] DEBUG FXGLAssetLoaderServi - Loading from file system: /assets/textures/pointer-sprite.png
15:17:07.732 [FXGL Background Thread 2 ] INFO  FXGLApplication      - Game initialization took: 0,551 sec
15:17:07.735 [JavaFX Application Thread] DEBUG Input                - Clearing active input actions
15:17:07.747 [JavaFX Application Thread] DEBUG GameApplicationServi - Removing overlay from FXGLLoadingScene and adding to GameScene
15:17:07.752 [JavaFX Application Thread] DEBUG MainWindow           - FXGLLoadingScene -> GameScene
15:17:08.568 [FXGL Background Thread 3 ] DEBUG Engine               - Logging environment variables
15:17:08.569 [FXGL Background Thread 3 ] DEBUG Engine               - achievements: []
15:17:08.569 [FXGL Background Thread 3 ] DEBUG Engine               - appIcon: fxgl_icon.png
15:17:08.569 [FXGL Background Thread 3 ] DEBUG Engine               - applicationMode: DEVELOPER
15:17:08.569 [FXGL Background Thread 3 ] DEBUG Engine               - cSSList: [fxgl_dark.css]
15:17:08.569 [FXGL Background Thread 3 ] DEBUG Engine               - configClass: Optional.empty
15:17:08.569 [FXGL Background Thread 3 ] DEBUG Engine               - credits: []
15:17:08.570 [FXGL Background Thread 3 ] DEBUG Engine               - devBBoxColorProperty: ObjectProperty [value: 0xff0000ff]
15:17:08.570 [FXGL Background Thread 3 ] DEBUG Engine               - devEnableDebugCameraProperty: BooleanProperty [value: false]
15:17:08.570 [FXGL Background Thread 3 ] DEBUG Engine               - devSensorColorProperty: ObjectProperty [value: 0xffff00ff]
15:17:08.570 [FXGL Background Thread 3 ] DEBUG Engine               - devShowBBoxProperty: BooleanProperty [value: false]
15:17:08.570 [FXGL Background Thread 3 ] DEBUG Engine               - devShowPositionProperty: BooleanProperty [value: false]
15:17:08.570 [FXGL Background Thread 3 ] DEBUG Engine               - enabledMenuItems: []
15:17:08.570 [FXGL Background Thread 3 ] DEBUG Engine               - engineServices: [class com.almasb.fxgl.app.FXGLApplication$GameApplicationService, class com.almasb.fxgl.app.services.FXGLDialogService, class com.almasb.fxgl.app.services.IOTaskExecutorService, class com.almasb.fxgl.event.EventBusService, class com.almasb.fxgl.io.FileSystemService, class com.almasb.fxgl.localization.LocalizationService, class com.almasb.fxgl.app.services.FXGLAssetLoaderService, class com.almasb.fxgl.app.services.SystemBundleService, class com.almasb.fxgl.profile.SaveLoadService, class com.almasb.fxgl.ui.FXGLUIFactoryServiceProvider, class com.almasb.fxgl.ui.FXGLDialogFactoryServiceProvider, class com.almasb.fxgl.audio.AudioPlayer, class com.almasb.fxgl.notification.impl.NotificationServiceProvider, class com.almasb.fxgl.achievement.AchievementService, class com.almasb.fxgl.cutscene.CutsceneService, class com.almasb.fxgl.minigames.MiniGameService, class com.almasb.fxgl.net.NetService, class com.almasb.fxgl.app.services.UpdaterService, class com.almasb.fxgl.dev.DevService, class com.almasb.fxgl.dev.profiling.ProfilerService]
15:17:08.571 [FXGL Background Thread 3 ] DEBUG Engine               - fontGame: Abel-Regular.ttf
15:17:08.571 [FXGL Background Thread 3 ] DEBUG Engine               - fontMono: lucida_console.ttf
15:17:08.571 [FXGL Background Thread 3 ] DEBUG Engine               - fontText: Courier-Prime.ttf
15:17:08.571 [FXGL Background Thread 3 ] DEBUG Engine               - fontUI: VarelaRound-Regular.ttf
15:17:08.571 [FXGL Background Thread 3 ] DEBUG Engine               - fullScreen: BooleanProperty [value: false]
15:17:08.571 [FXGL Background Thread 3 ] DEBUG Engine               - gameDifficulty: MEDIUM
15:17:08.571 [FXGL Background Thread 3 ] DEBUG Engine               - gameDifficultyProperty: ObjectProperty [value: MEDIUM]
15:17:08.571 [FXGL Background Thread 3 ] DEBUG Engine               - globalMusicVolume: 0.5
15:17:08.571 [FXGL Background Thread 3 ] DEBUG Engine               - globalMusicVolumeProperty: DoubleProperty [value: 0.5]
15:17:08.572 [FXGL Background Thread 3 ] DEBUG Engine               - globalSoundVolume: 0.5
15:17:08.572 [FXGL Background Thread 3 ] DEBUG Engine               - globalSoundVolumeProperty: DoubleProperty [value: 0.5]
15:17:08.572 [FXGL Background Thread 3 ] DEBUG Engine               - height: 1750
15:17:08.572 [FXGL Background Thread 3 ] DEBUG Engine               - isAndroid: false
15:17:08.572 [FXGL Background Thread 3 ] DEBUG Engine               - isBrowser: false
15:17:08.572 [FXGL Background Thread 3 ] DEBUG Engine               - isClickFeedbackEnabled: false
15:17:08.572 [FXGL Background Thread 3 ] DEBUG Engine               - isCloseConfirmation: false
15:17:08.572 [FXGL Background Thread 3 ] DEBUG Engine               - isDesktop: true
15:17:08.572 [FXGL Background Thread 3 ] DEBUG Engine               - isDeveloperMenuEnabled: true
15:17:08.572 [FXGL Background Thread 3 ] DEBUG Engine               - isEntityPreloadEnabled: true
15:17:08.573 [FXGL Background Thread 3 ] DEBUG Engine               - isExperimentalNative: false
15:17:08.573 [FXGL Background Thread 3 ] DEBUG Engine               - isExperimentalTiledLargeMap: false
15:17:08.573 [FXGL Background Thread 3 ] DEBUG Engine               - isFileSystemWriteAllowed: true
15:17:08.573 [FXGL Background Thread 3 ] DEBUG Engine               - isFullScreenAllowed: false
15:17:08.573 [FXGL Background Thread 3 ] DEBUG Engine               - isFullScreenFromStart: false
15:17:08.573 [FXGL Background Thread 3 ] DEBUG Engine               - isGameMenuEnabled: true
15:17:08.573 [FXGL Background Thread 3 ] DEBUG Engine               - isIOS: false
15:17:08.573 [FXGL Background Thread 3 ] DEBUG Engine               - isIntroEnabled: false
15:17:08.573 [FXGL Background Thread 3 ] DEBUG Engine               - isLinux: false
15:17:08.574 [FXGL Background Thread 3 ] DEBUG Engine               - isMac: true
15:17:08.574 [FXGL Background Thread 3 ] DEBUG Engine               - isMainMenuEnabled: true
15:17:08.574 [FXGL Background Thread 3 ] DEBUG Engine               - isManualResizeEnabled: true
15:17:08.574 [FXGL Background Thread 3 ] DEBUG Engine               - isMobile: false
15:17:08.574 [FXGL Background Thread 3 ] DEBUG Engine               - isPreserveResizeRatio: true
15:17:08.574 [FXGL Background Thread 3 ] DEBUG Engine               - isProfilingEnabled: true
15:17:08.574 [FXGL Background Thread 3 ] DEBUG Engine               - isSingleStep: false
15:17:08.574 [FXGL Background Thread 3 ] DEBUG Engine               - isUserProfileEnabled: false
15:17:08.575 [FXGL Background Thread 3 ] DEBUG Engine               - isWindows: false
15:17:08.575 [FXGL Background Thread 3 ] DEBUG Engine               - language: ObjectProperty [value: ENGLISH]
15:17:08.575 [FXGL Background Thread 3 ] DEBUG Engine               - menuKey: ESCAPE
15:17:08.575 [FXGL Background Thread 3 ] DEBUG Engine               - notificationViewClass: class com.almasb.fxgl.notification.view.XboxNotificationView
15:17:08.575 [FXGL Background Thread 3 ] DEBUG Engine               - pixelsPerMeter: 50.0
15:17:08.575 [FXGL Background Thread 3 ] DEBUG Engine               - platform: MAC
15:17:08.575 [FXGL Background Thread 3 ] DEBUG Engine               - profileDir: profiles/
15:17:08.576 [FXGL Background Thread 3 ] DEBUG Engine               - profileName: StringProperty [value: DEFAULT]
15:17:08.576 [FXGL Background Thread 3 ] DEBUG Engine               - randomSeed: -1
15:17:08.576 [FXGL Background Thread 3 ] DEBUG Engine               - runtimeInfo: RuntimeInfo(platform=MAC, version=dev-SNAPSHOT, build=03.09.2020 12.08)
15:17:08.577 [FXGL Background Thread 3 ] DEBUG Engine               - saveFileExt: sav
15:17:08.577 [FXGL Background Thread 3 ] DEBUG Engine               - sceneFactory: it.uniroma1.metodologie.trafficGame.TrafficApp$1@dba75c
15:17:08.577 [FXGL Background Thread 3 ] DEBUG Engine               - secondsIn24h: 60
15:17:08.577 [FXGL Background Thread 3 ] DEBUG Engine               - soundMenuBack: menu/back.wav
15:17:08.577 [FXGL Background Thread 3 ] DEBUG Engine               - soundMenuPress: menu/press.wav
15:17:08.577 [FXGL Background Thread 3 ] DEBUG Engine               - soundMenuSelect: menu/select.wav
15:17:08.577 [FXGL Background Thread 3 ] DEBUG Engine               - soundNotification: core/notification.wav
15:17:08.577 [FXGL Background Thread 3 ] DEBUG Engine               - stageStyle: DECORATED
15:17:08.578 [FXGL Background Thread 3 ] DEBUG Engine               - supportedLanguages: [ENGLISH, FRENCH, GERMAN, HUNGARIAN, RUSSIAN]
15:17:08.578 [FXGL Background Thread 3 ] DEBUG Engine               - title: Traffic
15:17:08.578 [FXGL Background Thread 3 ] DEBUG Engine               - urlGithub: https://github.com/AlmasB/FXGL
15:17:08.578 [FXGL Background Thread 3 ] DEBUG Engine               - urlLeaderboard: http://fxgl-top.herokuapp.com/
15:17:08.578 [FXGL Background Thread 3 ] DEBUG Engine               - urlPOM: https://raw.githubusercontent.com/AlmasB/FXGL/master/pom.xml
15:17:08.578 [FXGL Background Thread 3 ] DEBUG Engine               - version: Alpha 1.0
15:17:08.579 [FXGL Background Thread 3 ] DEBUG Engine               - versionCheckDays: 7
15:17:08.579 [FXGL Background Thread 3 ] DEBUG Engine               - width: 2500
15:17:08.580 [FXGL Background Thread 3 ] DEBUG Engine               - Logging services
15:17:08.580 [FXGL Background Thread 3 ] DEBUG Engine               - class com.almasb.fxgl.app.FXGLApplication$GameApplicationService
15:17:08.580 [FXGL Background Thread 3 ] DEBUG Engine               - class com.almasb.fxgl.app.services.FXGLDialogService
15:17:08.580 [FXGL Background Thread 3 ] DEBUG Engine               - class com.almasb.fxgl.app.services.IOTaskExecutorService
15:17:08.580 [FXGL Background Thread 3 ] DEBUG Engine               - class com.almasb.fxgl.event.EventBusService
15:17:08.580 [FXGL Background Thread 3 ] DEBUG Engine               - class com.almasb.fxgl.io.FileSystemService
15:17:08.580 [FXGL Background Thread 3 ] DEBUG Engine               - class com.almasb.fxgl.localization.LocalizationService
15:17:08.581 [FXGL Background Thread 3 ] DEBUG Engine               - class com.almasb.fxgl.app.services.FXGLAssetLoaderService
15:17:08.581 [FXGL Background Thread 3 ] DEBUG Engine               - class com.almasb.fxgl.app.services.SystemBundleService
15:17:08.581 [FXGL Background Thread 3 ] DEBUG Engine               - class com.almasb.fxgl.profile.SaveLoadService
15:17:08.581 [FXGL Background Thread 3 ] DEBUG Engine               - class com.almasb.fxgl.ui.FXGLUIFactoryServiceProvider
15:17:08.582 [FXGL Background Thread 3 ] DEBUG Engine               - class com.almasb.fxgl.ui.FXGLDialogFactoryServiceProvider
15:17:08.582 [FXGL Background Thread 3 ] DEBUG Engine               - class com.almasb.fxgl.audio.AudioPlayer
15:17:08.582 [FXGL Background Thread 3 ] DEBUG Engine               - class com.almasb.fxgl.notification.impl.NotificationServiceProvider
15:17:08.582 [FXGL Background Thread 3 ] DEBUG Engine               - class com.almasb.fxgl.achievement.AchievementService
15:17:08.582 [FXGL Background Thread 3 ] DEBUG Engine               - class com.almasb.fxgl.cutscene.CutsceneService
15:17:08.582 [FXGL Background Thread 3 ] DEBUG Engine               - class com.almasb.fxgl.minigames.MiniGameService
15:17:08.582 [FXGL Background Thread 3 ] DEBUG Engine               - class com.almasb.fxgl.net.NetService
15:17:08.583 [FXGL Background Thread 3 ] DEBUG Engine               - class com.almasb.fxgl.app.services.UpdaterService
15:17:08.583 [FXGL Background Thread 3 ] DEBUG Engine               - class com.almasb.fxgl.dev.DevService
15:17:08.583 [FXGL Background Thread 3 ] DEBUG Engine               - class com.almasb.fxgl.dev.profiling.ProfilerService
15:17:12.900 [JavaFX Application Thread] DEBUG LoopRunner           - Stopping loop
15:17:12.902 [JavaFX Application Thread] FATAL FXGLApplication      - Uncaught Exception:
java.lang.IndexOutOfBoundsException: Index 0 out of bounds for length 0
	at java.base/jdk.internal.util.Preconditions.outOfBounds(Preconditions.java:64)
	at java.base/jdk.internal.util.Preconditions.outOfBoundsCheckIndex(Preconditions.java:70)
	at java.base/jdk.internal.util.Preconditions.checkIndex(Preconditions.java:248)
	at java.base/java.util.Objects.checkIndex(Objects.java:373)
	at java.base/java.util.ArrayList.get(ArrayList.java:426)
	at trafficGame.main/it.uniroma1.metodologie.trafficGame.TrafficApp.touchMove(TrafficApp.java:263)
	at trafficGame.main/it.uniroma1.metodologie.trafficGame.TrafficApp$3.onActionBegin(TrafficApp.java:190)
	at com.almasb.fxgl.input/com.almasb.fxgl.input.UserAction.begin$fxgl_input(UserAction.kt:37)
	at com.almasb.fxgl.input/com.almasb.fxgl.input.Input.handlePressed(Input.kt:261)
	at com.almasb.fxgl.input/com.almasb.fxgl.input.Input.onMouseEvent(Input.kt:223)
	at com.almasb.fxgl.input/com.almasb.fxgl.input.Input.onMouseEvent(Input.kt:212)
	at com.almasb.fxgl.all/com.almasb.fxgl.app.MainWindow$2$1.invoke(MainWindow.kt:98)
	at com.almasb.fxgl.all/com.almasb.fxgl.app.MainWindow$2$1.invoke(MainWindow.kt:40)
	at com.almasb.fxgl.core/com.almasb.fxgl.core.fsm.StateMachine.runOnActiveStates(StateMachine.kt:60)
	at com.almasb.fxgl.all/com.almasb.fxgl.app.MainWindow$2.invoke(MainWindow.kt:98)
	at com.almasb.fxgl.all/com.almasb.fxgl.app.MainWindow$2.invoke(MainWindow.kt:40)
	at com.almasb.fxgl.all/com.almasb.fxgl.app.MainWindow$addMouseHandler$1.handle(MainWindow.kt:383)
	at com.almasb.fxgl.all/com.almasb.fxgl.app.MainWindow$addMouseHandler$1.handle(MainWindow.kt:40)
	at javafx.base/com.sun.javafx.event.CompositeEventHandler$NormalEventHandlerRecord.handleBubblingEvent(CompositeEventHandler.java:247)
	at javafx.base/com.sun.javafx.event.CompositeEventHandler.dispatchBubblingEvent(CompositeEventHandler.java:80)
	at javafx.base/com.sun.javafx.event.EventHandlerManager.dispatchBubblingEvent(EventHandlerManager.java:234)
	at javafx.base/com.sun.javafx.event.EventHandlerManager.dispatchBubblingEvent(EventHandlerManager.java:191)
	at javafx.base/com.sun.javafx.event.CompositeEventDispatcher.dispatchBubblingEvent(CompositeEventDispatcher.java:59)
	at javafx.base/com.sun.javafx.event.BasicEventDispatcher.dispatchEvent(BasicEventDispatcher.java:58)
	at javafx.base/com.sun.javafx.event.EventDispatchChainImpl.dispatchEvent(EventDispatchChainImpl.java:114)
	at javafx.base/com.sun.javafx.event.BasicEventDispatcher.dispatchEvent(BasicEventDispatcher.java:56)
	at javafx.base/com.sun.javafx.event.EventDispatchChainImpl.dispatchEvent(EventDispatchChainImpl.java:114)
	at javafx.base/com.sun.javafx.event.EventUtil.fireEventImpl(EventUtil.java:74)
	at javafx.base/com.sun.javafx.event.EventUtil.fireEvent(EventUtil.java:54)
	at javafx.base/javafx.event.Event.fireEvent(Event.java:198)
	at javafx.graphics/javafx.scene.Scene$MouseHandler.process(Scene.java:3890)
	at javafx.graphics/javafx.scene.Scene.processMouseEvent(Scene.java:1885)
	at javafx.graphics/javafx.scene.Scene$ScenePeerListener.mouseEvent(Scene.java:2618)
	at javafx.graphics/com.sun.javafx.tk.quantum.GlassViewEventHandler$MouseEventNotification.run(GlassViewEventHandler.java:409)
	at javafx.graphics/com.sun.javafx.tk.quantum.GlassViewEventHandler$MouseEventNotification.run(GlassViewEventHandler.java:299)
	at java.base/java.security.AccessController.doPrivileged(AccessController.java:391)
	at javafx.graphics/com.sun.javafx.tk.quantum.GlassViewEventHandler.lambda$handleMouseEvent$2(GlassViewEventHandler.java:447)
	at javafx.graphics/com.sun.javafx.tk.quantum.QuantumToolkit.runWithoutRenderLock(QuantumToolkit.java:412)
	at javafx.graphics/com.sun.javafx.tk.quantum.GlassViewEventHandler.handleMouseEvent(GlassViewEventHandler.java:446)
	at javafx.graphics/com.sun.glass.ui.View.handleMouseEvent(View.java:556)
	at javafx.graphics/com.sun.glass.ui.View.notifyMouse(View.java:942)
	at javafx.graphics/com.sun.glass.ui.mac.MacView.notifyMouse(MacView.java:127)

15:17:12.902 [JavaFX Application Thread] FATAL FXGLApplication      - Application will now exit
15:17:12.906 [JavaFX Application Thread] DEBUG MainWindow           - Push state: ErrorSubScene
15:17:12.906 [JavaFX Application Thread] DEBUG Input                - Clearing active input actions
15:17:12.908 [JavaFX Application Thread] DEBUG GameApplicationServi - Removing overlay from GameScene and adding to ErrorSubScene
15:17:12.922 [JavaFX Application Thread] DEBUG MainWindow           - GameScene -> ErrorSubScene
15:17:14.635 [JavaFX Application Thread] DEBUG FXGLApplication      - Exiting FXGL
15:17:14.635 [JavaFX Application Thread] DEBUG Async                - Shutting down background threads
15:17:14.636 [JavaFX Application Thread] DEBUG MainWindow           - Closing main window
15:17:14.646 [JavaFX Application Thread] DEBUG Logger               - Closing Logger
