03:15:25.645 [main                     ] DEBUG Logger               - Configured Logger
03:15:25.694 [main                     ] DEBUG GameApplication      - Logging settings
Title: Traffic
Version: Alpha 1.0
Width: 2000
Height: 1125
Fullscreen: false
Intro: false
Profiling: false
Single step:false
App Mode: DEVELOPER
Menu Key: ESCAPE
Stage Style: DECORATED
Scene Factory: class it.uniroma1.metodologie.trafficGame.TrafficApp$1

03:15:26.157 [JavaFX Application Thread] DEBUG FXGLApplication      - Initializing FXGL
03:15:26.163 [JavaFX Application Thread] INFO  Engine               - FXGL-dev-SNAPSHOT (08.09.2020 17.31) on WINDOWS (J:13.0.2 FX:14)
03:15:26.164 [JavaFX Application Thread] DEBUG Engine               - JRE Vendor Name: Oracle Corporation
03:15:26.164 [JavaFX Application Thread] DEBUG Engine               - Running on OS: Windows 10 version 10.0
03:15:26.164 [JavaFX Application Thread] DEBUG Engine               - Architecture: amd64
03:15:26.164 [JavaFX Application Thread] INFO  Engine               - Source code and latest versions at: https://github.com/AlmasB/FXGL
03:15:26.164 [JavaFX Application Thread] INFO  Engine               -              Join the FXGL chat at: https://gitter.im/AlmasB/FXGL
03:15:26.250 [JavaFX Application Thread] DEBUG MainWindow           - Creating a JavaFX scene
03:15:26.294 [JavaFX Application Thread] DEBUG MainWindow           - Target settings size: 2000.0 x 1125.0
03:15:26.295 [JavaFX Application Thread] DEBUG MainWindow           - Scaled scene size:    2000.0 x 1125.0
03:15:26.295 [JavaFX Application Thread] DEBUG MainWindow           - Scaled ratio: (1.0, 1.0)
03:15:26.296 [JavaFX Application Thread] DEBUG MainWindow           - Set initial scene to StartupScene
03:15:26.301 [JavaFX Application Thread] DEBUG MainWindow           - Opening main window
03:15:26.383 [JavaFX Application Thread] DEBUG MainWindow           - Window border size: (16.0, 39.0)
03:15:26.383 [JavaFX Application Thread] DEBUG MainWindow           - Scaled size: 2000.0 x 1125.0
03:15:26.383 [JavaFX Application Thread] DEBUG MainWindow           - Scaled ratio: (1.0, 1.0)
03:15:26.383 [JavaFX Application Thread] DEBUG MainWindow           - Scene size: 2000.0 x 1125.0
03:15:26.383 [JavaFX Application Thread] DEBUG MainWindow           - Stage size: 2016.0 x 1164.0
03:15:26.399 [FXGL Background Thread 1 ] DEBUG Engine               - Initializing environment variables
03:15:26.422 [FXGL Background Thread 1 ] DEBUG GameApplicationServi - Applying CSS: fxgl_dark.css
03:15:26.423 [FXGL Background Thread 1 ] DEBUG FXGLAssetLoaderServi - Loading from file system: /assets/ui/css/fxgl_dark.css
03:15:26.474 [FXGL Background Thread 1 ] DEBUG GameApplicationServi - Initializing application scenes
03:15:26.549 [FXGL Background Thread 1 ] DEBUG GameWorld            - Game world initialized
03:15:26.590 [FXGL Background Thread 1 ] DEBUG PhysicsWorld         - Physics world initialized: appHeight=1125, physics.ppm=50,0
03:15:26.592 [FXGL Background Thread 1 ] DEBUG GameScene            - Game scene initialized: 2000x1125
03:15:26.601 [FXGL Background Thread 1 ] DEBUG FXGLAssetLoaderServi - Loading from file system: /assets/textures/bg.jpg
03:15:26.888 [FXGL Background Thread 1 ] DEBUG FXGLAssetLoaderServi - Loading from file system: /assets/textures/logo.png
03:15:26.973 [FXGL Background Thread 1 ] DEBUG FXGLAssetLoaderServi - Loading from file system: /assets/textures/particles/trace_horizontal.png
03:15:26.992 [FXGL Background Thread 1 ] DEBUG FXGL.DefaultMenu     - createMenuBodyGameMenu()
03:15:27.002 [FXGL Background Thread 1 ] DEBUG FXGL.DefaultMenu     - createOptionsMenu()
03:15:27.005 [FXGL Background Thread 1 ] DEBUG FXGL.DefaultMenu     - createExtraMenu()
03:15:27.007 [FXGL Background Thread 1 ] DEBUG FXGLAssetLoaderServi - Loading from file system: /assets/textures/particles/smoke.png
03:15:27.047 [FXGL Background Thread 1 ] DEBUG GameApplicationServi - Application scenes initialized
03:15:27.054 [FXGL Background Thread 1 ] DEBUG SystemBundleService  - Loading FXGL system data
03:15:27.059 [FXGL Background Thread 1 ] DEBUG FileSystemAccess     - Reading from: C:\Users\Andrea\Desktop\Homework\traffic-mobile\system\fxgl.bundle
03:15:27.064 [FXGL Background Thread 1 ] DEBUG SystemBundleService  - Bundle FXGL: {}
03:15:27.064 [FXGL Background Thread 1 ] DEBUG UpdaterService       - Checking for updates
03:15:27.097 [FXGL Background Thread 4 ] DEBUG FXGLApplication      - Loading fonts
03:15:27.097 [FXGL Background Thread 1 ] DEBUG FXGLApplication      - Loading default localization
03:15:27.098 [FXGL Background Thread 1 ] DEBUG FXGLAssetLoaderServi - Loading from file system: /assets/languages/english.lang
03:15:27.097 [FXGL Background Thread 4 ] DEBUG FXGLAssetLoaderServi - Loading from file system: /assets/ui/fonts/VarelaRound-Regular.ttf
03:15:27.113 [FXGL Background Thread 1 ] INFO  FXGLApplication      - FXGL initialization took: 0,714 sec
03:15:27.121 [JavaFX Application Thread] DEBUG Input                - Registered new binding: Change trafficlight status - F
03:15:27.121 [JavaFX Application Thread] DEBUG Input                - Registered new binding: Move Right - D
03:15:27.121 [JavaFX Application Thread] DEBUG Input                - Registered new binding: Move Left - A
03:15:27.121 [JavaFX Application Thread] DEBUG Input                - Registered new binding: Move Up - W
03:15:27.121 [JavaFX Application Thread] DEBUG Input                - Registered new binding: Move Down - S
03:15:27.122 [JavaFX Application Thread] DEBUG Input                - Registered new binding: Spawn Car - Space
03:15:27.122 [JavaFX Application Thread] DEBUG Input                - Registered new binding: Select and change traffic light - LMB
03:15:27.123 [JavaFX Application Thread] DEBUG FXGLAssetLoaderServi - Loading from file system: /assets/textures/fxgl_icon.png
03:15:27.130 [JavaFX Application Thread] DEBUG FXGLAssetLoaderServi - Loading from file system: /assets/ui/cursors/fxgl_default.png
03:15:27.132 [JavaFX Application Thread] DEBUG Input                - Registered new binding: Screenshot - P
03:15:27.132 [JavaFX Application Thread] DEBUG Input                - Registered new binding: Dev Options - 1
03:15:27.133 [JavaFX Application Thread] DEBUG Input                - Registered new binding: Dev Console - 2
03:15:27.133 [JavaFX Application Thread] DEBUG Input                - Registered new binding: System info dump - CTRL+9
03:15:27.133 [JavaFX Application Thread] DEBUG Input                - Registered new binding: Restart - CTRL+R
03:15:27.133 [JavaFX Application Thread] DEBUG Input                - Registered new binding: Toggle Debug Camera - CTRL+C
03:15:27.135 [JavaFX Application Thread] DEBUG LoopRunner           - Starting loop
03:15:27.145 [JavaFX Application Thread] DEBUG Input                - Clearing active input actions
03:15:27.152 [JavaFX Application Thread] DEBUG GameApplicationServi - Removing overlay from StartupScene and adding to FXGLMainMenuDummyScene
03:15:27.154 [JavaFX Application Thread] DEBUG MainWindow           - StartupScene -> FXGLMainMenuDummyScene
03:15:27.154 [JavaFX Application Thread] DEBUG MainWindow           - Push state: TrafficAppMenu
03:15:27.154 [JavaFX Application Thread] DEBUG Input                - Clearing active input actions
03:15:27.166 [JavaFX Application Thread] DEBUG GameApplicationServi - Removing overlay from FXGLMainMenuDummyScene and adding to TrafficAppMenu
03:15:27.167 [JavaFX Application Thread] DEBUG MainWindow           - FXGLMainMenuDummyScene -> TrafficAppMenu
03:15:27.746 [FXGL Background Thread 4 ] DEBUG FXGLAssetLoaderServi - Loading from file system: /assets/ui/fonts/Abel-Regular.ttf
03:15:27.748 [FXGL Background Thread 4 ] DEBUG FXGLAssetLoaderServi - Loading from file system: /assets/ui/fonts/lucida_console.ttf
03:15:27.753 [FXGL Background Thread 4 ] DEBUG FXGLAssetLoaderServi - Loading from file system: /assets/ui/fonts/Courier-Prime.ttf
03:15:27.756 [JavaFX Application Thread] DEBUG FXGLApplication      - Registering font factories with UI factory
03:15:27.995 [JavaFX Application Thread] DEBUG Menu                 - fireNewGame()
03:15:27.995 [JavaFX Application Thread] DEBUG GameApplicationServi - Starting new game
03:15:27.995 [JavaFX Application Thread] DEBUG MainWindow           - Pop state: TrafficAppMenu
03:15:27.995 [JavaFX Application Thread] DEBUG Input                - Clearing active input actions
03:15:27.996 [JavaFX Application Thread] DEBUG GameApplicationServi - Removing overlay from TrafficAppMenu and adding to FXGLMainMenuDummyScene
03:15:27.998 [JavaFX Application Thread] DEBUG MainWindow           - FXGLMainMenuDummyScene <- TrafficAppMenu
03:15:27.998 [JavaFX Application Thread] DEBUG Input                - Clearing active input actions
03:15:28.005 [JavaFX Application Thread] DEBUG GameApplicationServi - Removing overlay from FXGLMainMenuDummyScene and adding to FXGLLoadingScene
03:15:28.006 [JavaFX Application Thread] DEBUG MainWindow           - FXGLMainMenuDummyScene -> FXGLLoadingScene
03:15:28.006 [JavaFX Application Thread] DEBUG GameApplicationServi - Clearing previous game
03:15:28.006 [JavaFX Application Thread] DEBUG GameScene            - Clearing game scene
03:15:28.007 [JavaFX Application Thread] DEBUG GameWorld            - Clearing game world
03:15:28.007 [JavaFX Application Thread] DEBUG PhysicsWorld         - Clearing physics world
03:15:28.008 [FXGL Background Thread 4 ] DEBUG FXGLApplication      - Initializing game
03:15:28.025 [FXGL Background Thread 4 ] DEBUG FXGLAssetLoaderServi - Loading from file system: /assets/levels/Mappa_01.tmx
03:15:28.057 [FXGL Background Thread 4 ] WARN  TMXLevelLoader       - TiledMap generated from 1.4.1. Supported version: 1.2.3. Some features may not be parsed fully.
03:15:28.084 [FXGL Background Thread 4 ] DEBUG TMXLevelLoader       - Parsed raw map: TiledMap(width=16, height=9, tilewidth=125, tileheight=125, orientation=orthogonal, layers=[Layer(width=16, height=9, name=Tile Layer 1, type=tilelayer, visible=false, x=0, y=0, data=[24, 24, 24, 26, 5, 28, 24, 24, 24, 24, 24, 26, 5, 28, 24, 24, 25, 25, 25, 32, 5, 34, 25, 25, 25, 25, 25, 32, 5, 34, 25, 25, 6, 6, 6, 6, 7, 6, 6, 6, 6, 6, 6, 6, 7, 6, 6, 6, 27, 27, 27, 33, 5, 21, 13, 13, 13, 13, 13, 19, 5, 35, 27, 27, 24, 24, 24, 26, 5, 14, 10, 10, 10, 10, 10, 12, 5, 28, 24, 24, 25, 25, 25, 32, 5, 20, 11, 11, 11, 11, 11, 18, 5, 34, 25, 25, 6, 6, 6, 6, 7, 6, 6, 6, 6, 6, 6, 6, 7, 6, 6, 6, 27, 27, 27, 33, 5, 35, 27, 27, 27, 27, 27, 33, 5, 35, 27, 27, 24, 24, 24, 26, 5, 28, 24, 24, 24, 24, 24, 26, 5, 28, 24, 24], objects=[], opacity=0.0, draworder=), Layer(width=0, height=0, name=spawnpoints, type=objectgroup, visible=false, x=0, y=0, data=[], objects=[com.almasb.fxgl.entity.level.tiled.TiledObject@8d793fd, com.almasb.fxgl.entity.level.tiled.TiledObject@3c41fc47, com.almasb.fxgl.entity.level.tiled.TiledObject@64edd188, com.almasb.fxgl.entity.level.tiled.TiledObject@2205c2ff, com.almasb.fxgl.entity.level.tiled.TiledObject@1679f539, com.almasb.fxgl.entity.level.tiled.TiledObject@25e99075, com.almasb.fxgl.entity.level.tiled.TiledObject@2f8264d1, com.almasb.fxgl.entity.level.tiled.TiledObject@239c49e4], opacity=0.0, draworder=), Layer(width=0, height=0, name=paths, type=objectgroup, visible=false, x=0, y=0, data=[], objects=[com.almasb.fxgl.entity.level.tiled.TiledObject@7a95a093, com.almasb.fxgl.entity.level.tiled.TiledObject@1396ed8c, com.almasb.fxgl.entity.level.tiled.TiledObject@2f0eb7c3, com.almasb.fxgl.entity.level.tiled.TiledObject@6e1c18af, com.almasb.fxgl.entity.level.tiled.TiledObject@39dabcc7, com.almasb.fxgl.entity.level.tiled.TiledObject@1d04ccfd, com.almasb.fxgl.entity.level.tiled.TiledObject@476ed031, com.almasb.fxgl.entity.level.tiled.TiledObject@49397113, com.almasb.fxgl.entity.level.tiled.TiledObject@25e9c077, com.almasb.fxgl.entity.level.tiled.TiledObject@1eb19313, com.almasb.fxgl.entity.level.tiled.TiledObject@2fef37ac, com.almasb.fxgl.entity.level.tiled.TiledObject@2ddc6aab, com.almasb.fxgl.entity.level.tiled.TiledObject@46dded1f, com.almasb.fxgl.entity.level.tiled.TiledObject@54e6c7dc, com.almasb.fxgl.entity.level.tiled.TiledObject@2e2c8bb, com.almasb.fxgl.entity.level.tiled.TiledObject@4c25737e, com.almasb.fxgl.entity.level.tiled.TiledObject@6539daf0, com.almasb.fxgl.entity.level.tiled.TiledObject@78339ac, com.almasb.fxgl.entity.level.tiled.TiledObject@13309ef7, com.almasb.fxgl.entity.level.tiled.TiledObject@74e9b16c, com.almasb.fxgl.entity.level.tiled.TiledObject@5f2c1b5b, com.almasb.fxgl.entity.level.tiled.TiledObject@41fc174b, com.almasb.fxgl.entity.level.tiled.TiledObject@562cfea5, com.almasb.fxgl.entity.level.tiled.TiledObject@6ff747dd], opacity=0.0, draworder=), Layer(width=0, height=0, name=Incroci, type=objectgroup, visible=false, x=0, y=0, data=[], objects=[com.almasb.fxgl.entity.level.tiled.TiledObject@50be6fbb, com.almasb.fxgl.entity.level.tiled.TiledObject@71596ca8, com.almasb.fxgl.entity.level.tiled.TiledObject@40b17df0, com.almasb.fxgl.entity.level.tiled.TiledObject@152d0394], opacity=0.0, draworder=), Layer(width=0, height=0, name=trafficLight, type=objectgroup, visible=false, x=0, y=0, data=[], objects=[com.almasb.fxgl.entity.level.tiled.TiledObject@364d653d, com.almasb.fxgl.entity.level.tiled.TiledObject@c4b7370, com.almasb.fxgl.entity.level.tiled.TiledObject@475ed1f4, com.almasb.fxgl.entity.level.tiled.TiledObject@3a924b28, com.almasb.fxgl.entity.level.tiled.TiledObject@67abb5ca, com.almasb.fxgl.entity.level.tiled.TiledObject@302c8abc, com.almasb.fxgl.entity.level.tiled.TiledObject@14c3c3c, com.almasb.fxgl.entity.level.tiled.TiledObject@29affc36, com.almasb.fxgl.entity.level.tiled.TiledObject@1310192c, com.almasb.fxgl.entity.level.tiled.TiledObject@47bd1898, com.almasb.fxgl.entity.level.tiled.TiledObject@2770618f, com.almasb.fxgl.entity.level.tiled.TiledObject@7168671b, com.almasb.fxgl.entity.level.tiled.TiledObject@62a2c963, com.almasb.fxgl.entity.level.tiled.TiledObject@4d746477, com.almasb.fxgl.entity.level.tiled.TiledObject@69ac184f, com.almasb.fxgl.entity.level.tiled.TiledObject@5bcefade], opacity=0.0, draworder=)], tilesets=[Tileset(firstgid=1, image=../textures/rsz_tiles_sheet.png, name=rsz_tiles_sheet, tilewidth=125, tileheight=125, imagewidth=875, imageheight=750, margin=0, spacing=0, columns=7, tilecount=42, transparentcolor=41ffef, tiles=[])], backgroundcolor=, renderorder=left-up, nextobjectid=66, version=1, tiledversion=1.4.1, type=map, infinite=false, hexsidelength=0, staggeraxis=, staggerindex=, properties={}, propertytypes={})
03:15:28.085 [FXGL Background Thread 4 ] DEBUG TMXLevelLoader       - Creating tile layer entities
03:15:28.086 [FXGL Background Thread 4 ] DEBUG TilesetLoader        - Loading view for layer Tile Layer 1
03:15:28.091 [FXGL Background Thread 4 ] DEBUG TilesetLoader        - Created buffer with size 2000.0x1125.0
03:15:28.268 [FXGL Background Thread 4 ] DEBUG TilesetLoader        - Writing to buffer: dst=0,0, w=125,h=125, src=250,375
03:15:28.268 [FXGL Background Thread 4 ] DEBUG TilesetLoader        - Writing to buffer: dst=125,0, w=125,h=125, src=250,375
03:15:28.268 [FXGL Background Thread 4 ] DEBUG TilesetLoader        - Writing to buffer: dst=250,0, w=125,h=125, src=250,375
03:15:28.269 [FXGL Background Thread 4 ] DEBUG TilesetLoader        - Writing to buffer: dst=375,0, w=125,h=125, src=500,375
03:15:28.269 [FXGL Background Thread 4 ] DEBUG TilesetLoader        - Writing to buffer: dst=500,0, w=125,h=125, src=500,0
03:15:28.269 [FXGL Background Thread 4 ] DEBUG TilesetLoader        - Writing to buffer: dst=625,0, w=125,h=125, src=750,375
03:15:28.269 [FXGL Background Thread 4 ] DEBUG TilesetLoader        - Writing to buffer: dst=750,0, w=125,h=125, src=250,375
03:15:28.270 [FXGL Background Thread 4 ] DEBUG TilesetLoader        - Writing to buffer: dst=875,0, w=125,h=125, src=250,375
03:15:28.270 [FXGL Background Thread 4 ] DEBUG TilesetLoader        - Writing to buffer: dst=1000,0, w=125,h=125, src=250,375
03:15:28.270 [FXGL Background Thread 4 ] DEBUG TilesetLoader        - Writing to buffer: dst=1125,0, w=125,h=125, src=250,375
03:15:28.270 [FXGL Background Thread 4 ] DEBUG TilesetLoader        - Writing to buffer: dst=1250,0, w=125,h=125, src=250,375
03:15:28.271 [FXGL Background Thread 4 ] DEBUG TilesetLoader        - Writing to buffer: dst=1375,0, w=125,h=125, src=500,375
03:15:28.271 [FXGL Background Thread 4 ] DEBUG TilesetLoader        - Writing to buffer: dst=1500,0, w=125,h=125, src=500,0
03:15:28.271 [FXGL Background Thread 4 ] DEBUG TilesetLoader        - Writing to buffer: dst=1625,0, w=125,h=125, src=750,375
03:15:28.272 [FXGL Background Thread 4 ] DEBUG TilesetLoader        - Writing to buffer: dst=1750,0, w=125,h=125, src=250,375
03:15:28.272 [FXGL Background Thread 4 ] DEBUG TilesetLoader        - Writing to buffer: dst=1875,0, w=125,h=125, src=250,375
03:15:28.272 [FXGL Background Thread 4 ] DEBUG TilesetLoader        - Writing to buffer: dst=0,125, w=125,h=125, src=375,375
03:15:28.272 [FXGL Background Thread 4 ] DEBUG TilesetLoader        - Writing to buffer: dst=125,125, w=125,h=125, src=375,375
03:15:28.272 [FXGL Background Thread 4 ] DEBUG TilesetLoader        - Writing to buffer: dst=250,125, w=125,h=125, src=375,375
03:15:28.272 [FXGL Background Thread 4 ] DEBUG TilesetLoader        - Writing to buffer: dst=375,125, w=125,h=125, src=375,500
03:15:28.272 [FXGL Background Thread 4 ] DEBUG TilesetLoader        - Writing to buffer: dst=500,125, w=125,h=125, src=500,0
03:15:28.273 [FXGL Background Thread 4 ] DEBUG TilesetLoader        - Writing to buffer: dst=625,125, w=125,h=125, src=625,500
03:15:28.273 [FXGL Background Thread 4 ] DEBUG TilesetLoader        - Writing to buffer: dst=750,125, w=125,h=125, src=375,375
03:15:28.273 [FXGL Background Thread 4 ] DEBUG TilesetLoader        - Writing to buffer: dst=875,125, w=125,h=125, src=375,375
03:15:28.273 [FXGL Background Thread 4 ] DEBUG TilesetLoader        - Writing to buffer: dst=1000,125, w=125,h=125, src=375,375
03:15:28.273 [FXGL Background Thread 4 ] DEBUG TilesetLoader        - Writing to buffer: dst=1125,125, w=125,h=125, src=375,375
03:15:28.273 [FXGL Background Thread 4 ] DEBUG TilesetLoader        - Writing to buffer: dst=1250,125, w=125,h=125, src=375,375
03:15:28.273 [FXGL Background Thread 4 ] DEBUG TilesetLoader        - Writing to buffer: dst=1375,125, w=125,h=125, src=375,500
03:15:28.274 [FXGL Background Thread 4 ] DEBUG TilesetLoader        - Writing to buffer: dst=1500,125, w=125,h=125, src=500,0
03:15:28.275 [FXGL Background Thread 4 ] DEBUG TilesetLoader        - Writing to buffer: dst=1625,125, w=125,h=125, src=625,500
03:15:28.275 [FXGL Background Thread 4 ] DEBUG TilesetLoader        - Writing to buffer: dst=1750,125, w=125,h=125, src=375,375
03:15:28.275 [FXGL Background Thread 4 ] DEBUG TilesetLoader        - Writing to buffer: dst=1875,125, w=125,h=125, src=375,375
03:15:28.275 [FXGL Background Thread 4 ] DEBUG TilesetLoader        - Writing to buffer: dst=0,250, w=125,h=125, src=625,0
03:15:28.275 [FXGL Background Thread 4 ] DEBUG TilesetLoader        - Writing to buffer: dst=125,250, w=125,h=125, src=625,0
03:15:28.275 [FXGL Background Thread 4 ] DEBUG TilesetLoader        - Writing to buffer: dst=250,250, w=125,h=125, src=625,0
03:15:28.276 [FXGL Background Thread 4 ] DEBUG TilesetLoader        - Writing to buffer: dst=375,250, w=125,h=125, src=625,0
03:15:28.276 [FXGL Background Thread 4 ] DEBUG TilesetLoader        - Writing to buffer: dst=500,250, w=125,h=125, src=750,0
03:15:28.279 [FXGL Background Thread 4 ] DEBUG TilesetLoader        - Writing to buffer: dst=625,250, w=125,h=125, src=625,0
03:15:28.279 [FXGL Background Thread 4 ] DEBUG TilesetLoader        - Writing to buffer: dst=750,250, w=125,h=125, src=625,0
03:15:28.279 [FXGL Background Thread 4 ] DEBUG TilesetLoader        - Writing to buffer: dst=875,250, w=125,h=125, src=625,0
03:15:28.279 [FXGL Background Thread 4 ] DEBUG TilesetLoader        - Writing to buffer: dst=1000,250, w=125,h=125, src=625,0
03:15:28.279 [FXGL Background Thread 4 ] DEBUG TilesetLoader        - Writing to buffer: dst=1125,250, w=125,h=125, src=625,0
03:15:28.280 [FXGL Background Thread 4 ] DEBUG TilesetLoader        - Writing to buffer: dst=1250,250, w=125,h=125, src=625,0
03:15:28.280 [FXGL Background Thread 4 ] DEBUG TilesetLoader        - Writing to buffer: dst=1375,250, w=125,h=125, src=625,0
03:15:28.280 [FXGL Background Thread 4 ] DEBUG TilesetLoader        - Writing to buffer: dst=1500,250, w=125,h=125, src=750,0
03:15:28.280 [FXGL Background Thread 4 ] DEBUG TilesetLoader        - Writing to buffer: dst=1625,250, w=125,h=125, src=625,0
03:15:28.281 [FXGL Background Thread 4 ] DEBUG TilesetLoader        - Writing to buffer: dst=1750,250, w=125,h=125, src=625,0
03:15:28.281 [FXGL Background Thread 4 ] DEBUG TilesetLoader        - Writing to buffer: dst=1875,250, w=125,h=125, src=625,0
03:15:28.281 [FXGL Background Thread 4 ] DEBUG TilesetLoader        - Writing to buffer: dst=0,375, w=125,h=125, src=625,375
03:15:28.281 [FXGL Background Thread 4 ] DEBUG TilesetLoader        - Writing to buffer: dst=125,375, w=125,h=125, src=625,375
03:15:28.282 [FXGL Background Thread 4 ] DEBUG TilesetLoader        - Writing to buffer: dst=250,375, w=125,h=125, src=625,375
03:15:28.282 [FXGL Background Thread 4 ] DEBUG TilesetLoader        - Writing to buffer: dst=375,375, w=125,h=125, src=500,500
03:15:28.282 [FXGL Background Thread 4 ] DEBUG TilesetLoader        - Writing to buffer: dst=500,375, w=125,h=125, src=500,0
03:15:28.282 [FXGL Background Thread 4 ] DEBUG TilesetLoader        - Writing to buffer: dst=625,375, w=125,h=125, src=750,250
03:15:28.283 [FXGL Background Thread 4 ] DEBUG TilesetLoader        - Writing to buffer: dst=750,375, w=125,h=125, src=625,125
03:15:28.283 [FXGL Background Thread 4 ] DEBUG TilesetLoader        - Writing to buffer: dst=875,375, w=125,h=125, src=625,125
03:15:28.283 [FXGL Background Thread 4 ] DEBUG TilesetLoader        - Writing to buffer: dst=1000,375, w=125,h=125, src=625,125
03:15:28.283 [FXGL Background Thread 4 ] DEBUG TilesetLoader        - Writing to buffer: dst=1125,375, w=125,h=125, src=625,125
03:15:28.283 [FXGL Background Thread 4 ] DEBUG TilesetLoader        - Writing to buffer: dst=1250,375, w=125,h=125, src=625,125
03:15:28.283 [FXGL Background Thread 4 ] DEBUG TilesetLoader        - Writing to buffer: dst=1375,375, w=125,h=125, src=500,250
03:15:28.284 [FXGL Background Thread 4 ] DEBUG TilesetLoader        - Writing to buffer: dst=1500,375, w=125,h=125, src=500,0
03:15:28.284 [FXGL Background Thread 4 ] DEBUG TilesetLoader        - Writing to buffer: dst=1625,375, w=125,h=125, src=750,500
03:15:28.284 [FXGL Background Thread 4 ] DEBUG TilesetLoader        - Writing to buffer: dst=1750,375, w=125,h=125, src=625,375
03:15:28.284 [FXGL Background Thread 4 ] DEBUG TilesetLoader        - Writing to buffer: dst=1875,375, w=125,h=125, src=625,375
03:15:28.284 [FXGL Background Thread 4 ] DEBUG TilesetLoader        - Writing to buffer: dst=0,500, w=125,h=125, src=250,375
03:15:28.284 [FXGL Background Thread 4 ] DEBUG TilesetLoader        - Writing to buffer: dst=125,500, w=125,h=125, src=250,375
03:15:28.285 [FXGL Background Thread 4 ] DEBUG TilesetLoader        - Writing to buffer: dst=250,500, w=125,h=125, src=250,375
03:15:28.285 [FXGL Background Thread 4 ] DEBUG TilesetLoader        - Writing to buffer: dst=375,500, w=125,h=125, src=500,375
03:15:28.285 [FXGL Background Thread 4 ] DEBUG TilesetLoader        - Writing to buffer: dst=500,500, w=125,h=125, src=500,0
03:15:28.285 [FXGL Background Thread 4 ] DEBUG TilesetLoader        - Writing to buffer: dst=625,500, w=125,h=125, src=750,125
03:15:28.285 [FXGL Background Thread 4 ] DEBUG TilesetLoader        - Writing to buffer: dst=750,500, w=125,h=125, src=250,125
03:15:28.285 [FXGL Background Thread 4 ] DEBUG TilesetLoader        - Writing to buffer: dst=875,500, w=125,h=125, src=250,125
03:15:28.285 [FXGL Background Thread 4 ] DEBUG TilesetLoader        - Writing to buffer: dst=1000,500, w=125,h=125, src=250,125
03:15:28.285 [FXGL Background Thread 4 ] DEBUG TilesetLoader        - Writing to buffer: dst=1125,500, w=125,h=125, src=250,125
03:15:28.285 [FXGL Background Thread 4 ] DEBUG TilesetLoader        - Writing to buffer: dst=1250,500, w=125,h=125, src=250,125
03:15:28.285 [FXGL Background Thread 4 ] DEBUG TilesetLoader        - Writing to buffer: dst=1375,500, w=125,h=125, src=500,125
03:15:28.286 [FXGL Background Thread 4 ] DEBUG TilesetLoader        - Writing to buffer: dst=1500,500, w=125,h=125, src=500,0
03:15:28.286 [FXGL Background Thread 4 ] DEBUG TilesetLoader        - Writing to buffer: dst=1625,500, w=125,h=125, src=750,375
03:15:28.286 [FXGL Background Thread 4 ] DEBUG TilesetLoader        - Writing to buffer: dst=1750,500, w=125,h=125, src=250,375
03:15:28.286 [FXGL Background Thread 4 ] DEBUG TilesetLoader        - Writing to buffer: dst=1875,500, w=125,h=125, src=250,375
03:15:28.286 [FXGL Background Thread 4 ] DEBUG TilesetLoader        - Writing to buffer: dst=0,625, w=125,h=125, src=375,375
03:15:28.286 [FXGL Background Thread 4 ] DEBUG TilesetLoader        - Writing to buffer: dst=125,625, w=125,h=125, src=375,375
03:15:28.287 [FXGL Background Thread 4 ] DEBUG TilesetLoader        - Writing to buffer: dst=250,625, w=125,h=125, src=375,375
03:15:28.287 [FXGL Background Thread 4 ] DEBUG TilesetLoader        - Writing to buffer: dst=375,625, w=125,h=125, src=375,500
03:15:28.287 [FXGL Background Thread 4 ] DEBUG TilesetLoader        - Writing to buffer: dst=500,625, w=125,h=125, src=500,0
03:15:28.287 [FXGL Background Thread 4 ] DEBUG TilesetLoader        - Writing to buffer: dst=625,625, w=125,h=125, src=625,250
03:15:28.287 [FXGL Background Thread 4 ] DEBUG TilesetLoader        - Writing to buffer: dst=750,625, w=125,h=125, src=375,125
03:15:28.288 [FXGL Background Thread 4 ] DEBUG TilesetLoader        - Writing to buffer: dst=875,625, w=125,h=125, src=375,125
03:15:28.288 [FXGL Background Thread 4 ] DEBUG TilesetLoader        - Writing to buffer: dst=1000,625, w=125,h=125, src=375,125
03:15:28.288 [FXGL Background Thread 4 ] DEBUG TilesetLoader        - Writing to buffer: dst=1125,625, w=125,h=125, src=375,125
03:15:28.288 [FXGL Background Thread 4 ] DEBUG TilesetLoader        - Writing to buffer: dst=1250,625, w=125,h=125, src=375,125
03:15:28.288 [FXGL Background Thread 4 ] DEBUG TilesetLoader        - Writing to buffer: dst=1375,625, w=125,h=125, src=375,250
03:15:28.288 [FXGL Background Thread 4 ] DEBUG TilesetLoader        - Writing to buffer: dst=1500,625, w=125,h=125, src=500,0
03:15:28.288 [FXGL Background Thread 4 ] DEBUG TilesetLoader        - Writing to buffer: dst=1625,625, w=125,h=125, src=625,500
03:15:28.288 [FXGL Background Thread 4 ] DEBUG TilesetLoader        - Writing to buffer: dst=1750,625, w=125,h=125, src=375,375
03:15:28.288 [FXGL Background Thread 4 ] DEBUG TilesetLoader        - Writing to buffer: dst=1875,625, w=125,h=125, src=375,375
03:15:28.289 [FXGL Background Thread 4 ] DEBUG TilesetLoader        - Writing to buffer: dst=0,750, w=125,h=125, src=625,0
03:15:28.289 [FXGL Background Thread 4 ] DEBUG TilesetLoader        - Writing to buffer: dst=125,750, w=125,h=125, src=625,0
03:15:28.289 [FXGL Background Thread 4 ] DEBUG TilesetLoader        - Writing to buffer: dst=250,750, w=125,h=125, src=625,0
03:15:28.289 [FXGL Background Thread 4 ] DEBUG TilesetLoader        - Writing to buffer: dst=375,750, w=125,h=125, src=625,0
03:15:28.289 [FXGL Background Thread 4 ] DEBUG TilesetLoader        - Writing to buffer: dst=500,750, w=125,h=125, src=750,0
03:15:28.289 [FXGL Background Thread 4 ] DEBUG TilesetLoader        - Writing to buffer: dst=625,750, w=125,h=125, src=625,0
03:15:28.289 [FXGL Background Thread 4 ] DEBUG TilesetLoader        - Writing to buffer: dst=750,750, w=125,h=125, src=625,0
03:15:28.289 [FXGL Background Thread 4 ] DEBUG TilesetLoader        - Writing to buffer: dst=875,750, w=125,h=125, src=625,0
03:15:28.290 [FXGL Background Thread 4 ] DEBUG TilesetLoader        - Writing to buffer: dst=1000,750, w=125,h=125, src=625,0
03:15:28.290 [FXGL Background Thread 4 ] DEBUG TilesetLoader        - Writing to buffer: dst=1125,750, w=125,h=125, src=625,0
03:15:28.290 [FXGL Background Thread 4 ] DEBUG TilesetLoader        - Writing to buffer: dst=1250,750, w=125,h=125, src=625,0
03:15:28.290 [FXGL Background Thread 4 ] DEBUG TilesetLoader        - Writing to buffer: dst=1375,750, w=125,h=125, src=625,0
03:15:28.290 [FXGL Background Thread 4 ] DEBUG TilesetLoader        - Writing to buffer: dst=1500,750, w=125,h=125, src=750,0
03:15:28.290 [FXGL Background Thread 4 ] DEBUG TilesetLoader        - Writing to buffer: dst=1625,750, w=125,h=125, src=625,0
03:15:28.290 [FXGL Background Thread 4 ] DEBUG TilesetLoader        - Writing to buffer: dst=1750,750, w=125,h=125, src=625,0
03:15:28.290 [FXGL Background Thread 4 ] DEBUG TilesetLoader        - Writing to buffer: dst=1875,750, w=125,h=125, src=625,0
03:15:28.291 [FXGL Background Thread 4 ] DEBUG TilesetLoader        - Writing to buffer: dst=0,875, w=125,h=125, src=625,375
03:15:28.291 [FXGL Background Thread 4 ] DEBUG TilesetLoader        - Writing to buffer: dst=125,875, w=125,h=125, src=625,375
03:15:28.291 [FXGL Background Thread 4 ] DEBUG TilesetLoader        - Writing to buffer: dst=250,875, w=125,h=125, src=625,375
03:15:28.291 [FXGL Background Thread 4 ] DEBUG TilesetLoader        - Writing to buffer: dst=375,875, w=125,h=125, src=500,500
03:15:28.291 [FXGL Background Thread 4 ] DEBUG TilesetLoader        - Writing to buffer: dst=500,875, w=125,h=125, src=500,0
03:15:28.292 [FXGL Background Thread 4 ] DEBUG TilesetLoader        - Writing to buffer: dst=625,875, w=125,h=125, src=750,500
03:15:28.292 [FXGL Background Thread 4 ] DEBUG TilesetLoader        - Writing to buffer: dst=750,875, w=125,h=125, src=625,375
03:15:28.292 [FXGL Background Thread 4 ] DEBUG TilesetLoader        - Writing to buffer: dst=875,875, w=125,h=125, src=625,375
03:15:28.292 [FXGL Background Thread 4 ] DEBUG TilesetLoader        - Writing to buffer: dst=1000,875, w=125,h=125, src=625,375
03:15:28.292 [FXGL Background Thread 4 ] DEBUG TilesetLoader        - Writing to buffer: dst=1125,875, w=125,h=125, src=625,375
03:15:28.292 [FXGL Background Thread 4 ] DEBUG TilesetLoader        - Writing to buffer: dst=1250,875, w=125,h=125, src=625,375
03:15:28.292 [FXGL Background Thread 4 ] DEBUG TilesetLoader        - Writing to buffer: dst=1375,875, w=125,h=125, src=500,500
03:15:28.293 [FXGL Background Thread 4 ] DEBUG TilesetLoader        - Writing to buffer: dst=1500,875, w=125,h=125, src=500,0
03:15:28.293 [FXGL Background Thread 4 ] DEBUG TilesetLoader        - Writing to buffer: dst=1625,875, w=125,h=125, src=750,500
03:15:28.293 [FXGL Background Thread 4 ] DEBUG TilesetLoader        - Writing to buffer: dst=1750,875, w=125,h=125, src=625,375
03:15:28.293 [FXGL Background Thread 4 ] DEBUG TilesetLoader        - Writing to buffer: dst=1875,875, w=125,h=125, src=625,375
03:15:28.293 [FXGL Background Thread 4 ] DEBUG TilesetLoader        - Writing to buffer: dst=0,1000, w=125,h=125, src=250,375
03:15:28.293 [FXGL Background Thread 4 ] DEBUG TilesetLoader        - Writing to buffer: dst=125,1000, w=125,h=125, src=250,375
03:15:28.293 [FXGL Background Thread 4 ] DEBUG TilesetLoader        - Writing to buffer: dst=250,1000, w=125,h=125, src=250,375
03:15:28.293 [FXGL Background Thread 4 ] DEBUG TilesetLoader        - Writing to buffer: dst=375,1000, w=125,h=125, src=500,375
03:15:28.293 [FXGL Background Thread 4 ] DEBUG TilesetLoader        - Writing to buffer: dst=500,1000, w=125,h=125, src=500,0
03:15:28.294 [FXGL Background Thread 4 ] DEBUG TilesetLoader        - Writing to buffer: dst=625,1000, w=125,h=125, src=750,375
03:15:28.294 [FXGL Background Thread 4 ] DEBUG TilesetLoader        - Writing to buffer: dst=750,1000, w=125,h=125, src=250,375
03:15:28.294 [FXGL Background Thread 4 ] DEBUG TilesetLoader        - Writing to buffer: dst=875,1000, w=125,h=125, src=250,375
03:15:28.294 [FXGL Background Thread 4 ] DEBUG TilesetLoader        - Writing to buffer: dst=1000,1000, w=125,h=125, src=250,375
03:15:28.294 [FXGL Background Thread 4 ] DEBUG TilesetLoader        - Writing to buffer: dst=1125,1000, w=125,h=125, src=250,375
03:15:28.294 [FXGL Background Thread 4 ] DEBUG TilesetLoader        - Writing to buffer: dst=1250,1000, w=125,h=125, src=250,375
03:15:28.294 [FXGL Background Thread 4 ] DEBUG TilesetLoader        - Writing to buffer: dst=1375,1000, w=125,h=125, src=500,375
03:15:28.294 [FXGL Background Thread 4 ] DEBUG TilesetLoader        - Writing to buffer: dst=1500,1000, w=125,h=125, src=500,0
03:15:28.294 [FXGL Background Thread 4 ] DEBUG TilesetLoader        - Writing to buffer: dst=1625,1000, w=125,h=125, src=750,375
03:15:28.294 [FXGL Background Thread 4 ] DEBUG TilesetLoader        - Writing to buffer: dst=1750,1000, w=125,h=125, src=250,375
03:15:28.294 [FXGL Background Thread 4 ] DEBUG TilesetLoader        - Writing to buffer: dst=1875,1000, w=125,h=125, src=250,375
03:15:28.295 [FXGL Background Thread 4 ] DEBUG TMXLevelLoader       - Creating object layer entities
03:15:28.324 [FXGL Background Thread 4 ] DEBUG FXGLAssetLoaderServi - Loading from file system: /assets/textures/semaforoRosso-01.png
03:15:28.326 [FXGL Background Thread 4 ] DEBUG FXGLAssetLoaderServi - Loading from file system: /assets/textures/semaforoVerde-01.png
03:15:28.329 [FXGL Background Thread 4 ] DEBUG FXGLAssetLoaderServi - Loading from cache: /assets/textures/semaforoRosso-01.png
03:15:28.330 [FXGL Background Thread 4 ] DEBUG FXGLAssetLoaderServi - Loading from cache: /assets/textures/semaforoVerde-01.png
03:15:28.330 [FXGL Background Thread 4 ] DEBUG FXGLAssetLoaderServi - Loading from cache: /assets/textures/semaforoRosso-01.png
03:15:28.330 [FXGL Background Thread 4 ] DEBUG FXGLAssetLoaderServi - Loading from cache: /assets/textures/semaforoVerde-01.png
03:15:28.332 [FXGL Background Thread 4 ] DEBUG FXGLAssetLoaderServi - Loading from cache: /assets/textures/semaforoRosso-01.png
03:15:28.332 [FXGL Background Thread 4 ] DEBUG FXGLAssetLoaderServi - Loading from cache: /assets/textures/semaforoVerde-01.png
03:15:28.332 [FXGL Background Thread 4 ] DEBUG FXGLAssetLoaderServi - Loading from file system: /assets/textures/semaforoRosso-04.png
03:15:28.334 [FXGL Background Thread 4 ] DEBUG FXGLAssetLoaderServi - Loading from file system: /assets/textures/semaforoVerde-04.png
03:15:28.348 [FXGL Background Thread 4 ] DEBUG FXGLAssetLoaderServi - Loading from cache: /assets/textures/semaforoRosso-04.png
03:15:28.348 [FXGL Background Thread 4 ] DEBUG FXGLAssetLoaderServi - Loading from cache: /assets/textures/semaforoVerde-04.png
03:15:28.348 [FXGL Background Thread 4 ] DEBUG FXGLAssetLoaderServi - Loading from cache: /assets/textures/semaforoRosso-04.png
03:15:28.348 [FXGL Background Thread 4 ] DEBUG FXGLAssetLoaderServi - Loading from cache: /assets/textures/semaforoVerde-04.png
03:15:28.349 [FXGL Background Thread 4 ] DEBUG FXGLAssetLoaderServi - Loading from cache: /assets/textures/semaforoRosso-04.png
03:15:28.349 [FXGL Background Thread 4 ] DEBUG FXGLAssetLoaderServi - Loading from cache: /assets/textures/semaforoVerde-04.png
03:15:28.350 [FXGL Background Thread 4 ] DEBUG FXGLAssetLoaderServi - Loading from file system: /assets/textures/semaforoRosso-03.png
03:15:28.351 [FXGL Background Thread 4 ] DEBUG FXGLAssetLoaderServi - Loading from file system: /assets/textures/semaforoVerde-03.png
03:15:28.356 [FXGL Background Thread 4 ] DEBUG FXGLAssetLoaderServi - Loading from cache: /assets/textures/semaforoRosso-03.png
03:15:28.356 [FXGL Background Thread 4 ] DEBUG FXGLAssetLoaderServi - Loading from cache: /assets/textures/semaforoVerde-03.png
03:15:28.357 [FXGL Background Thread 4 ] DEBUG FXGLAssetLoaderServi - Loading from cache: /assets/textures/semaforoRosso-03.png
03:15:28.357 [FXGL Background Thread 4 ] DEBUG FXGLAssetLoaderServi - Loading from cache: /assets/textures/semaforoVerde-03.png
03:15:28.358 [FXGL Background Thread 4 ] DEBUG FXGLAssetLoaderServi - Loading from cache: /assets/textures/semaforoRosso-03.png
03:15:28.358 [FXGL Background Thread 4 ] DEBUG FXGLAssetLoaderServi - Loading from cache: /assets/textures/semaforoVerde-03.png
03:15:28.358 [FXGL Background Thread 4 ] DEBUG FXGLAssetLoaderServi - Loading from file system: /assets/textures/semaforoRosso-02.png
03:15:28.359 [FXGL Background Thread 4 ] DEBUG FXGLAssetLoaderServi - Loading from file system: /assets/textures/semaforoVerde-02.png
03:15:28.361 [FXGL Background Thread 4 ] DEBUG FXGLAssetLoaderServi - Loading from cache: /assets/textures/semaforoRosso-02.png
03:15:28.362 [FXGL Background Thread 4 ] DEBUG FXGLAssetLoaderServi - Loading from cache: /assets/textures/semaforoVerde-02.png
03:15:28.363 [FXGL Background Thread 4 ] DEBUG FXGLAssetLoaderServi - Loading from cache: /assets/textures/semaforoRosso-02.png
03:15:28.363 [FXGL Background Thread 4 ] DEBUG FXGLAssetLoaderServi - Loading from cache: /assets/textures/semaforoVerde-02.png
03:15:28.364 [FXGL Background Thread 4 ] DEBUG FXGLAssetLoaderServi - Loading from cache: /assets/textures/semaforoRosso-02.png
03:15:28.364 [FXGL Background Thread 4 ] DEBUG FXGLAssetLoaderServi - Loading from cache: /assets/textures/semaforoVerde-02.png
03:15:28.365 [FXGL Background Thread 4 ] DEBUG GameWorld            - Clearing removable entities
03:15:28.366 [FXGL Background Thread 4 ] DEBUG GameWorld            - Setting level: com.almasb.fxgl.entity.level.Level@68dea42e
03:15:28.371 [FXGL Background Thread 4 ] DEBUG FXGLAssetLoaderServi - Loading from file system: /assets/textures/pointer-sprite.png
03:15:28.408 [FXGL Background Thread 4 ] INFO  FXGLApplication      - Game initialization took: 0,400 sec
03:15:28.409 [JavaFX Application Thread] DEBUG Input                - Clearing active input actions
03:15:28.415 [JavaFX Application Thread] DEBUG GameApplicationServi - Removing overlay from FXGLLoadingScene and adding to GameScene
03:15:28.417 [JavaFX Application Thread] DEBUG MainWindow           - FXGLLoadingScene -> GameScene
03:15:30.090 [FXGL Background Thread 3 ] DEBUG Engine               - Logging environment variables
03:15:30.090 [FXGL Background Thread 3 ] DEBUG Engine               - achievements: []
03:15:30.091 [FXGL Background Thread 3 ] DEBUG Engine               - appIcon: fxgl_icon.png
03:15:30.091 [FXGL Background Thread 3 ] DEBUG Engine               - applicationMode: DEVELOPER
03:15:30.091 [FXGL Background Thread 3 ] DEBUG Engine               - cSSList: [fxgl_dark.css]
03:15:30.092 [FXGL Background Thread 3 ] DEBUG Engine               - configClass: Optional.empty
03:15:30.092 [FXGL Background Thread 3 ] DEBUG Engine               - credits: []
03:15:30.092 [FXGL Background Thread 3 ] DEBUG Engine               - devBBoxColorProperty: ObjectProperty [value: 0xff0000ff]
03:15:30.092 [FXGL Background Thread 3 ] DEBUG Engine               - devEnableDebugCameraProperty: BooleanProperty [value: false]
03:15:30.093 [FXGL Background Thread 3 ] DEBUG Engine               - devSensorColorProperty: ObjectProperty [value: 0xffff00ff]
03:15:30.093 [FXGL Background Thread 3 ] DEBUG Engine               - devShowBBoxProperty: BooleanProperty [value: false]
03:15:30.093 [FXGL Background Thread 3 ] DEBUG Engine               - devShowPositionProperty: BooleanProperty [value: false]
03:15:30.093 [FXGL Background Thread 3 ] DEBUG Engine               - enabledMenuItems: [SAVE_LOAD, EXTRA, ONLINE]
03:15:30.093 [FXGL Background Thread 3 ] DEBUG Engine               - engineServices: [class com.almasb.fxgl.app.FXGLApplication$GameApplicationService, class com.almasb.fxgl.app.services.FXGLDialogService, class com.almasb.fxgl.app.services.IOTaskExecutorService, class com.almasb.fxgl.event.EventBusService, class com.almasb.fxgl.io.FileSystemService, class com.almasb.fxgl.localization.LocalizationService, class com.almasb.fxgl.app.services.FXGLAssetLoaderService, class com.almasb.fxgl.app.services.SystemBundleService, class com.almasb.fxgl.profile.SaveLoadService, class com.almasb.fxgl.ui.FXGLUIFactoryServiceProvider, class com.almasb.fxgl.ui.FXGLDialogFactoryServiceProvider, class com.almasb.fxgl.audio.AudioPlayer, class com.almasb.fxgl.notification.impl.NotificationServiceProvider, class com.almasb.fxgl.achievement.AchievementService, class com.almasb.fxgl.cutscene.CutsceneService, class com.almasb.fxgl.minigames.MiniGameService, class com.almasb.fxgl.net.NetService, class com.almasb.fxgl.app.services.UpdaterService, class com.almasb.fxgl.dev.DevService]
03:15:30.093 [FXGL Background Thread 3 ] DEBUG Engine               - fontGame: Abel-Regular.ttf
03:15:30.093 [FXGL Background Thread 3 ] DEBUG Engine               - fontMono: lucida_console.ttf
03:15:30.093 [FXGL Background Thread 3 ] DEBUG Engine               - fontText: Courier-Prime.ttf
03:15:30.093 [FXGL Background Thread 3 ] DEBUG Engine               - fontUI: VarelaRound-Regular.ttf
03:15:30.094 [FXGL Background Thread 3 ] DEBUG Engine               - fullScreen: BooleanProperty [value: false]
03:15:30.096 [FXGL Background Thread 3 ] DEBUG Engine               - gameDifficulty: MEDIUM
03:15:30.096 [FXGL Background Thread 3 ] DEBUG Engine               - gameDifficultyProperty: ObjectProperty [value: MEDIUM]
03:15:30.096 [FXGL Background Thread 3 ] DEBUG Engine               - globalMusicVolume: 0.5
03:15:30.096 [FXGL Background Thread 3 ] DEBUG Engine               - globalMusicVolumeProperty: DoubleProperty [value: 0.5]
03:15:30.097 [FXGL Background Thread 3 ] DEBUG Engine               - globalSoundVolume: 0.5
03:15:30.097 [FXGL Background Thread 3 ] DEBUG Engine               - globalSoundVolumeProperty: DoubleProperty [value: 0.5]
03:15:30.099 [FXGL Background Thread 3 ] DEBUG Engine               - height: 1125
03:15:30.099 [FXGL Background Thread 3 ] DEBUG Engine               - isAndroid: false
03:15:30.099 [FXGL Background Thread 3 ] DEBUG Engine               - isBrowser: false
03:15:30.101 [FXGL Background Thread 3 ] DEBUG Engine               - isClickFeedbackEnabled: false
03:15:30.101 [FXGL Background Thread 3 ] DEBUG Engine               - isCloseConfirmation: false
03:15:30.106 [FXGL Background Thread 3 ] DEBUG Engine               - isDesktop: true
03:15:30.106 [FXGL Background Thread 3 ] DEBUG Engine               - isDeveloperMenuEnabled: true
03:15:30.108 [FXGL Background Thread 3 ] DEBUG Engine               - isEntityPreloadEnabled: true
03:15:30.108 [FXGL Background Thread 3 ] DEBUG Engine               - isExperimentalNative: false
03:15:30.108 [FXGL Background Thread 3 ] DEBUG Engine               - isExperimentalTiledLargeMap: false
03:15:30.108 [FXGL Background Thread 3 ] DEBUG Engine               - isFileSystemWriteAllowed: true
03:15:30.108 [FXGL Background Thread 3 ] DEBUG Engine               - isFullScreenAllowed: false
03:15:30.108 [FXGL Background Thread 3 ] DEBUG Engine               - isFullScreenFromStart: false
03:15:30.108 [FXGL Background Thread 3 ] DEBUG Engine               - isGameMenuEnabled: true
03:15:30.108 [FXGL Background Thread 3 ] DEBUG Engine               - isIOS: false
03:15:30.109 [FXGL Background Thread 3 ] DEBUG Engine               - isIntroEnabled: false
03:15:30.109 [FXGL Background Thread 3 ] DEBUG Engine               - isLinux: false
03:15:30.109 [FXGL Background Thread 3 ] DEBUG Engine               - isMac: false
03:15:30.109 [FXGL Background Thread 3 ] DEBUG Engine               - isMainMenuEnabled: true
03:15:30.109 [FXGL Background Thread 3 ] DEBUG Engine               - isManualResizeEnabled: true
03:15:30.110 [FXGL Background Thread 3 ] DEBUG Engine               - isMobile: false
03:15:30.110 [FXGL Background Thread 3 ] DEBUG Engine               - isPreserveResizeRatio: true
03:15:30.110 [FXGL Background Thread 3 ] DEBUG Engine               - isProfilingEnabled: false
03:15:30.110 [FXGL Background Thread 3 ] DEBUG Engine               - isSingleStep: false
03:15:30.110 [FXGL Background Thread 3 ] DEBUG Engine               - isUserProfileEnabled: false
03:15:30.110 [FXGL Background Thread 3 ] DEBUG Engine               - isWindows: true
03:15:30.110 [FXGL Background Thread 3 ] DEBUG Engine               - language: ObjectProperty [value: ENGLISH]
03:15:30.110 [FXGL Background Thread 3 ] DEBUG Engine               - menuKey: ESCAPE
03:15:30.110 [FXGL Background Thread 3 ] DEBUG Engine               - notificationViewClass: class com.almasb.fxgl.notification.view.XboxNotificationView
03:15:30.110 [FXGL Background Thread 3 ] DEBUG Engine               - pixelsPerMeter: 50.0
03:15:30.110 [FXGL Background Thread 3 ] DEBUG Engine               - platform: WINDOWS
03:15:30.110 [FXGL Background Thread 3 ] DEBUG Engine               - profileDir: profiles/
03:15:30.110 [FXGL Background Thread 3 ] DEBUG Engine               - profileName: StringProperty [value: DEFAULT]
03:15:30.111 [FXGL Background Thread 3 ] DEBUG Engine               - randomSeed: -1
03:15:30.112 [FXGL Background Thread 3 ] DEBUG Engine               - runtimeInfo: RuntimeInfo(platform=WINDOWS, version=dev-SNAPSHOT, build=08.09.2020 17.31)
03:15:30.112 [FXGL Background Thread 3 ] DEBUG Engine               - saveFileExt: sav
03:15:30.112 [FXGL Background Thread 3 ] DEBUG Engine               - sceneFactory: it.uniroma1.metodologie.trafficGame.TrafficApp$1@43e2cf8
03:15:30.113 [FXGL Background Thread 3 ] DEBUG Engine               - secondsIn24h: 60
03:15:30.113 [FXGL Background Thread 3 ] DEBUG Engine               - soundMenuBack: menu/back.wav
03:15:30.113 [FXGL Background Thread 3 ] DEBUG Engine               - soundMenuPress: menu/press.wav
03:15:30.113 [FXGL Background Thread 3 ] DEBUG Engine               - soundMenuSelect: menu/select.wav
03:15:30.113 [FXGL Background Thread 3 ] DEBUG Engine               - soundNotification: core/notification.wav
03:15:30.113 [FXGL Background Thread 3 ] DEBUG Engine               - stageStyle: DECORATED
03:15:30.113 [FXGL Background Thread 3 ] DEBUG Engine               - supportedLanguages: [ENGLISH, FRENCH, GERMAN, HUNGARIAN, RUSSIAN]
03:15:30.113 [FXGL Background Thread 3 ] DEBUG Engine               - title: Traffic
03:15:30.113 [FXGL Background Thread 3 ] DEBUG Engine               - urlGithub: https://github.com/AlmasB/FXGL
03:15:30.113 [FXGL Background Thread 3 ] DEBUG Engine               - urlLeaderboard: http://fxgl-top.herokuapp.com/
03:15:30.113 [FXGL Background Thread 3 ] DEBUG Engine               - urlPOM: https://raw.githubusercontent.com/AlmasB/FXGL/master/pom.xml
03:15:30.113 [FXGL Background Thread 3 ] DEBUG Engine               - version: Alpha 1.0
03:15:30.113 [FXGL Background Thread 3 ] DEBUG Engine               - versionCheckDays: 7
03:15:30.113 [FXGL Background Thread 3 ] DEBUG Engine               - width: 2000
03:15:30.113 [FXGL Background Thread 3 ] DEBUG Engine               - Logging services
03:15:30.113 [FXGL Background Thread 3 ] DEBUG Engine               - class com.almasb.fxgl.app.FXGLApplication$GameApplicationService
03:15:30.113 [FXGL Background Thread 3 ] DEBUG Engine               - class com.almasb.fxgl.app.services.FXGLDialogService
03:15:30.113 [FXGL Background Thread 3 ] DEBUG Engine               - class com.almasb.fxgl.app.services.IOTaskExecutorService
03:15:30.113 [FXGL Background Thread 3 ] DEBUG Engine               - class com.almasb.fxgl.event.EventBusService
03:15:30.114 [FXGL Background Thread 3 ] DEBUG Engine               - class com.almasb.fxgl.io.FileSystemService
03:15:30.114 [FXGL Background Thread 3 ] DEBUG Engine               - class com.almasb.fxgl.localization.LocalizationService
03:15:30.114 [FXGL Background Thread 3 ] DEBUG Engine               - class com.almasb.fxgl.app.services.FXGLAssetLoaderService
03:15:30.114 [FXGL Background Thread 3 ] DEBUG Engine               - class com.almasb.fxgl.app.services.SystemBundleService
03:15:30.114 [FXGL Background Thread 3 ] DEBUG Engine               - class com.almasb.fxgl.profile.SaveLoadService
03:15:30.114 [FXGL Background Thread 3 ] DEBUG Engine               - class com.almasb.fxgl.ui.FXGLUIFactoryServiceProvider
03:15:30.114 [FXGL Background Thread 3 ] DEBUG Engine               - class com.almasb.fxgl.ui.FXGLDialogFactoryServiceProvider
03:15:30.114 [FXGL Background Thread 3 ] DEBUG Engine               - class com.almasb.fxgl.audio.AudioPlayer
03:15:30.114 [FXGL Background Thread 3 ] DEBUG Engine               - class com.almasb.fxgl.notification.impl.NotificationServiceProvider
03:15:30.114 [FXGL Background Thread 3 ] DEBUG Engine               - class com.almasb.fxgl.achievement.AchievementService
03:15:30.114 [FXGL Background Thread 3 ] DEBUG Engine               - class com.almasb.fxgl.cutscene.CutsceneService
03:15:30.114 [FXGL Background Thread 3 ] DEBUG Engine               - class com.almasb.fxgl.minigames.MiniGameService
03:15:30.114 [FXGL Background Thread 3 ] DEBUG Engine               - class com.almasb.fxgl.net.NetService
03:15:30.114 [FXGL Background Thread 3 ] DEBUG Engine               - class com.almasb.fxgl.app.services.UpdaterService
03:15:30.114 [FXGL Background Thread 3 ] DEBUG Engine               - class com.almasb.fxgl.dev.DevService
03:15:33.835 [JavaFX Application Thread] DEBUG FXGLApplication      - Exiting FXGL
03:15:33.836 [JavaFX Application Thread] DEBUG LoopRunner           - Stopping loop
03:15:33.836 [JavaFX Application Thread] DEBUG SystemBundleService  - Saving FXGL system data
03:15:33.837 [JavaFX Application Thread] DEBUG FileSystemAccess     - Writing to: C:\Users\Andrea\Desktop\Homework\traffic-mobile\system\fxgl.bundle
03:15:33.838 [JavaFX Application Thread] DEBUG Async                - Shutting down background threads
03:15:33.839 [JavaFX Application Thread] DEBUG MainWindow           - Closing main window
03:15:33.845 [JavaFX Application Thread] DEBUG Logger               - Closing Logger
