15:16:53.030 [main                     ] DEBUG Logger               - Configured Logger
15:16:53.049 [main                     ] DEBUG GameApplication      - Logging settings
Title: Traffic
Version: Alpha 1.0
Width: 2500
Height: 1750
Fullscreen: false
Intro: false
Profiling: true
Single step:false
App Mode: DEVELOPER
Menu Key: ESCAPE
Stage Style: DECORATED
Scene Factory: class it.uniroma1.metodologie.trafficGame.TrafficApp$1

15:16:53.368 [JavaFX Application Thread] DEBUG FXGLApplication      - Initializing FXGL
15:16:53.376 [JavaFX Application Thread] INFO  Engine               - FXGL-dev-SNAPSHOT (03.09.2020 12.08) on MAC (J:14.0.1 FX:14)
15:16:53.377 [JavaFX Application Thread] DEBUG Engine               - JRE Vendor Name: Oracle Corporation
15:16:53.377 [JavaFX Application Thread] DEBUG Engine               - Running on OS: Mac OS X version 10.15.6
15:16:53.378 [JavaFX Application Thread] DEBUG Engine               - Architecture: x86_64
15:16:53.378 [JavaFX Application Thread] INFO  Engine               - Source code and latest versions at: https://github.com/AlmasB/FXGL
15:16:53.378 [JavaFX Application Thread] INFO  Engine               -              Join the FXGL chat at: https://gitter.im/AlmasB/FXGL
15:16:53.486 [JavaFX Application Thread] DEBUG MainWindow           - Creating a JavaFX scene
15:16:53.486 [JavaFX Application Thread] DEBUG MainWindow           - Target size > screen size
15:16:53.550 [JavaFX Application Thread] DEBUG MainWindow           - Target settings size: 2500.0 x 1750.0
15:16:53.550 [JavaFX Application Thread] DEBUG MainWindow           - Scaled scene size:    1422.0 x 1012.0
15:16:53.551 [JavaFX Application Thread] DEBUG MainWindow           - Scaled ratio: (0.5688, 0.5782857142857143)
15:16:53.552 [JavaFX Application Thread] DEBUG MainWindow           - Set initial scene to StartupScene
15:16:53.559 [JavaFX Application Thread] DEBUG MainWindow           - Opening main window
15:16:53.663 [JavaFX Application Thread] DEBUG MainWindow           - Window border size: (0.0, 1.0)
15:16:53.663 [JavaFX Application Thread] DEBUG MainWindow           - Scaled size: 1422.0 x 1012.0
15:16:53.664 [JavaFX Application Thread] DEBUG MainWindow           - Scaled ratio: (0.5688, 0.5688)
15:16:53.664 [JavaFX Application Thread] DEBUG MainWindow           - Scene size: 1422.0 x 1012.0
15:16:53.664 [JavaFX Application Thread] DEBUG MainWindow           - Stage size: 1422.0 x 1013.0
15:16:53.671 [FXGL Background Thread 1 ] DEBUG Engine               - Initializing environment variables
15:16:53.700 [FXGL Background Thread 1 ] DEBUG GameApplicationServi - Applying CSS: fxgl_dark.css
15:16:53.701 [FXGL Background Thread 1 ] DEBUG FXGLAssetLoaderServi - Loading from file system: /assets/ui/css/fxgl_dark.css
15:16:53.773 [FXGL Background Thread 1 ] DEBUG GameApplicationServi - Initializing application scenes
15:16:54.091 [FXGL Background Thread 1 ] DEBUG GameWorld            - Game world initialized
15:16:54.151 [FXGL Background Thread 1 ] DEBUG PhysicsWorld         - Physics world initialized: appHeight=1750, physics.ppm=50,0
15:16:54.152 [FXGL Background Thread 1 ] DEBUG GameScene            - Game scene initialized: 2500x1750
15:16:54.163 [FXGL Background Thread 1 ] DEBUG FXGLAssetLoaderServi - Loading from file system: /assets/textures/bg.jpg
15:16:54.589 [FXGL Background Thread 1 ] DEBUG FXGLAssetLoaderServi - Loading from file system: /assets/textures/logo.png
15:16:54.723 [FXGL Background Thread 1 ] DEBUG FXGLAssetLoaderServi - Loading from file system: /assets/textures/particles/trace_horizontal.png
15:16:54.763 [FXGL Background Thread 1 ] DEBUG FXGL.DefaultMenu     - createMenuBodyGameMenu()
15:16:54.775 [FXGL Background Thread 1 ] DEBUG FXGL.DefaultMenu     - createOptionsMenu()
15:16:54.779 [FXGL Background Thread 1 ] DEBUG FXGLAssetLoaderServi - Loading from file system: /assets/textures/particles/smoke.png
15:16:54.855 [FXGL Background Thread 1 ] DEBUG GameApplicationServi - Application scenes initialized
15:16:54.867 [FXGL Background Thread 1 ] DEBUG SystemBundleService  - Loading FXGL system data
15:16:54.873 [FXGL Background Thread 1 ] DEBUG FileSystemAccess     - Reading from: /Users/universita/Desktop/ProgettoJava/Drop/system/fxgl.bundle
15:16:54.886 [FXGL Background Thread 1 ] DEBUG SystemBundleService  - Bundle FXGL: {}
15:16:54.886 [FXGL Background Thread 1 ] DEBUG UpdaterService       - Checking for updates
15:16:54.922 [FXGL Background Thread 4 ] DEBUG FXGLApplication      - Loading fonts
15:16:54.922 [FXGL Background Thread 4 ] DEBUG FXGLAssetLoaderServi - Loading from file system: /assets/ui/fonts/VarelaRound-Regular.ttf
15:16:54.922 [FXGL Background Thread 1 ] DEBUG FXGLApplication      - Loading default localization
15:16:54.923 [FXGL Background Thread 1 ] DEBUG FXGLAssetLoaderServi - Loading from file system: /assets/languages/english.lang
15:16:54.948 [FXGL Background Thread 1 ] INFO  FXGLApplication      - FXGL initialization took: 1,277 sec
15:16:54.949 [FXGL Background Thread 4 ] DEBUG FXGLAssetLoaderServi - Loading from file system: /assets/ui/fonts/Abel-Regular.ttf
15:16:54.954 [FXGL Background Thread 4 ] DEBUG FXGLAssetLoaderServi - Loading from file system: /assets/ui/fonts/lucida_console.ttf
15:16:54.958 [FXGL Background Thread 4 ] DEBUG FXGLAssetLoaderServi - Loading from file system: /assets/ui/fonts/Courier-Prime.ttf
15:16:54.960 [JavaFX Application Thread] DEBUG Input                - Registered new binding: Change trafficlight status - F
15:16:54.961 [JavaFX Application Thread] DEBUG Input                - Registered new binding: Select and change traffic light - LMB
15:16:54.961 [JavaFX Application Thread] DEBUG Input                - Registered new binding: Move Right - D
15:16:54.961 [JavaFX Application Thread] DEBUG Input                - Registered new binding: Move Left - A
15:16:54.962 [JavaFX Application Thread] DEBUG Input                - Registered new binding: Move Up - W
15:16:54.962 [JavaFX Application Thread] DEBUG Input                - Registered new binding: Move Down - S
15:16:54.962 [JavaFX Application Thread] DEBUG Input                - Registered new binding: Spawn Car - Space
15:16:54.962 [JavaFX Application Thread] DEBUG FXGLAssetLoaderServi - Loading from file system: /assets/textures/fxgl_icon.png
15:16:54.994 [JavaFX Application Thread] DEBUG FXGLAssetLoaderServi - Loading from file system: /assets/ui/cursors/fxgl_default.png
15:16:54.996 [JavaFX Application Thread] DEBUG Input                - Registered new binding: Screenshot - P
15:16:54.996 [JavaFX Application Thread] DEBUG Input                - Registered new binding: Dev Options - 1
15:16:54.997 [JavaFX Application Thread] DEBUG Input                - Registered new binding: Dev Console - 2
15:16:54.997 [JavaFX Application Thread] DEBUG Input                - Registered new binding: System info dump - CTRL+9
15:16:54.998 [JavaFX Application Thread] DEBUG Input                - Registered new binding: Restart - CTRL+R
15:16:54.998 [JavaFX Application Thread] DEBUG Input                - Registered new binding: Toggle Debug Camera - CTRL+C
15:16:55.001 [JavaFX Application Thread] DEBUG LoopRunner           - Starting loop
15:16:55.015 [JavaFX Application Thread] DEBUG Input                - Clearing active input actions
15:16:55.027 [JavaFX Application Thread] DEBUG GameApplicationServi - Removing overlay from StartupScene and adding to FXGLMainMenuDummyScene
15:16:55.033 [JavaFX Application Thread] DEBUG MainWindow           - StartupScene -> FXGLMainMenuDummyScene
15:16:55.034 [JavaFX Application Thread] DEBUG MainWindow           - Push state: TrafficAppMenu
15:16:55.034 [JavaFX Application Thread] DEBUG Input                - Clearing active input actions
15:16:55.038 [JavaFX Application Thread] DEBUG GameApplicationServi - Removing overlay from FXGLMainMenuDummyScene and adding to TrafficAppMenu
15:16:55.039 [JavaFX Application Thread] DEBUG MainWindow           - FXGLMainMenuDummyScene -> TrafficAppMenu
15:16:55.057 [JavaFX Application Thread] DEBUG FXGLApplication      - Registering font factories with UI factory
15:16:55.892 [FXGL Background Thread 2 ] INFO  UpdaterService       - Your current version:  dev-SNAPSHOT
15:16:55.894 [FXGL Background Thread 2 ] INFO  UpdaterService       - Latest stable version: 11.10
15:16:56.709 [JavaFX Application Thread] DEBUG Menu                 - fireNewGame()
15:16:56.709 [JavaFX Application Thread] DEBUG GameApplicationServi - Starting new game
15:16:56.709 [JavaFX Application Thread] DEBUG MainWindow           - Pop state: TrafficAppMenu
15:16:56.710 [JavaFX Application Thread] DEBUG Input                - Clearing active input actions
15:16:56.711 [JavaFX Application Thread] DEBUG GameApplicationServi - Removing overlay from TrafficAppMenu and adding to FXGLMainMenuDummyScene
15:16:56.714 [JavaFX Application Thread] DEBUG MainWindow           - FXGLMainMenuDummyScene <- TrafficAppMenu
15:16:56.714 [JavaFX Application Thread] DEBUG Input                - Clearing active input actions
15:16:56.728 [JavaFX Application Thread] DEBUG GameApplicationServi - Removing overlay from FXGLMainMenuDummyScene and adding to FXGLLoadingScene
15:16:56.729 [JavaFX Application Thread] DEBUG MainWindow           - FXGLMainMenuDummyScene -> FXGLLoadingScene
15:16:56.729 [JavaFX Application Thread] DEBUG GameApplicationServi - Clearing previous game
15:16:56.729 [JavaFX Application Thread] DEBUG GameScene            - Clearing game scene
15:16:56.729 [JavaFX Application Thread] DEBUG GameWorld            - Clearing game world
15:16:56.730 [JavaFX Application Thread] DEBUG PhysicsWorld         - Clearing physics world
15:16:56.731 [FXGL Background Thread 2 ] DEBUG FXGLApplication      - Initializing game
15:16:56.740 [FXGL Background Thread 2 ] DEBUG FXGLAssetLoaderServi - Loading from file system: /assets/levels/level02.tmx
15:16:56.773 [FXGL Background Thread 2 ] WARN  TMXLevelLoader       - TiledMap generated from 1.4.1. Supported version: 1.2.3. Some features may not be parsed fully.
15:16:56.840 [FXGL Background Thread 2 ] DEBUG TMXLevelLoader       - Parsed raw map: TiledMap(width=10, height=7, tilewidth=250, tileheight=250, orientation=orthogonal, layers=[Layer(width=10, height=7, name=bg, type=tilelayer, visible=false, x=0, y=0, data=[84, 67, 84, 67, 30, 47, 34, 83, 80, 83, 48, 48, 48, 45, 48, 43, 48, 48, 45, 48, 69, 69, 75, 47, 77, 69, 69, 75, 47, 82, 67, 67, 74, 47, 76, 67, 67, 74, 47, 82, 48, 48, 48, 49, 48, 48, 48, 48, 46, 40, 77, 69, 75, 47, 77, 69, 69, 75, 47, 24, 70, 81, 68, 47, 81, 81, 81, 79, 47, 82], objects=[], opacity=0.0, draworder=), Layer(width=0, height=0, name=PathWays, type=objectgroup, visible=false, x=0, y=0, data=[], objects=[], opacity=0.0, draworder=), Layer(width=0, height=0, name=Incroci, type=objectgroup, visible=false, x=0, y=0, data=[], objects=[com.almasb.fxgl.entity.level.tiled.TiledObject@635108c9, com.almasb.fxgl.entity.level.tiled.TiledObject@3590b3f8, com.almasb.fxgl.entity.level.tiled.TiledObject@4adfc2d9, com.almasb.fxgl.entity.level.tiled.TiledObject@77c29d12, com.almasb.fxgl.entity.level.tiled.TiledObject@1c3ed463], opacity=0.0, draworder=), Layer(width=0, height=0, name=Semafori, type=objectgroup, visible=false, x=0, y=0, data=[], objects=[com.almasb.fxgl.entity.level.tiled.TiledObject@2c01ab6f, com.almasb.fxgl.entity.level.tiled.TiledObject@18fc6d3c, com.almasb.fxgl.entity.level.tiled.TiledObject@7b35493c, com.almasb.fxgl.entity.level.tiled.TiledObject@114207f5, com.almasb.fxgl.entity.level.tiled.TiledObject@30398c61, com.almasb.fxgl.entity.level.tiled.TiledObject@4b5792d7, com.almasb.fxgl.entity.level.tiled.TiledObject@1a7a5e28, com.almasb.fxgl.entity.level.tiled.TiledObject@1b069f3d, com.almasb.fxgl.entity.level.tiled.TiledObject@67a052b8, com.almasb.fxgl.entity.level.tiled.TiledObject@1016b5b1, com.almasb.fxgl.entity.level.tiled.TiledObject@58d52285, com.almasb.fxgl.entity.level.tiled.TiledObject@7785a1d5, com.almasb.fxgl.entity.level.tiled.TiledObject@12d5180f, com.almasb.fxgl.entity.level.tiled.TiledObject@37cb8cd9, com.almasb.fxgl.entity.level.tiled.TiledObject@46fb41af, com.almasb.fxgl.entity.level.tiled.TiledObject@1caadbac], opacity=0.0, draworder=), Layer(width=0, height=0, name=SpawnPoint, type=objectgroup, visible=false, x=0, y=0, data=[], objects=[com.almasb.fxgl.entity.level.tiled.TiledObject@2685ad56, com.almasb.fxgl.entity.level.tiled.TiledObject@4d43401b, com.almasb.fxgl.entity.level.tiled.TiledObject@51a98625, com.almasb.fxgl.entity.level.tiled.TiledObject@1b944007, com.almasb.fxgl.entity.level.tiled.TiledObject@1070b13e, com.almasb.fxgl.entity.level.tiled.TiledObject@476468b3, com.almasb.fxgl.entity.level.tiled.TiledObject@5ae156d4, com.almasb.fxgl.entity.level.tiled.TiledObject@63ccb1f7, com.almasb.fxgl.entity.level.tiled.TiledObject@76a015f1, com.almasb.fxgl.entity.level.tiled.TiledObject@12e5ca66, com.almasb.fxgl.entity.level.tiled.TiledObject@42e26918, com.almasb.fxgl.entity.level.tiled.TiledObject@44272bba, com.almasb.fxgl.entity.level.tiled.TiledObject@325ea152, com.almasb.fxgl.entity.level.tiled.TiledObject@ed4fb85, com.almasb.fxgl.entity.level.tiled.TiledObject@5f2fe9ee, com.almasb.fxgl.entity.level.tiled.TiledObject@22a8734a, com.almasb.fxgl.entity.level.tiled.TiledObject@65bb127c, com.almasb.fxgl.entity.level.tiled.TiledObject@4c9ac59d, com.almasb.fxgl.entity.level.tiled.TiledObject@6c5a3579, com.almasb.fxgl.entity.level.tiled.TiledObject@d09399b, com.almasb.fxgl.entity.level.tiled.TiledObject@309cf2b4, com.almasb.fxgl.entity.level.tiled.TiledObject@2ab06f17, com.almasb.fxgl.entity.level.tiled.TiledObject@177c76c5, com.almasb.fxgl.entity.level.tiled.TiledObject@537d4050, com.almasb.fxgl.entity.level.tiled.TiledObject@4a311d9, com.almasb.fxgl.entity.level.tiled.TiledObject@2d421e8d, com.almasb.fxgl.entity.level.tiled.TiledObject@59fc9fbe, com.almasb.fxgl.entity.level.tiled.TiledObject@603a3b11], opacity=0.0, draworder=)], tilesets=[Tileset(firstgid=1, image=../textures/tiles_sheet.png, name=tiles_sheet, tilewidth=250, tileheight=250, imagewidth=1750, imageheight=1500, margin=0, spacing=0, columns=7, tilecount=42, transparentcolor=ff00ff, tiles=[]), Tileset(firstgid=43, image=../textures/tiles_sheet.png, name=tiles_sheet, tilewidth=250, tileheight=250, imagewidth=1750, imageheight=1500, margin=0, spacing=0, columns=7, tilecount=42, transparentcolor=, tiles=[])], backgroundcolor=, renderorder=right-down, nextobjectid=58, version=1, tiledversion=1.4.1, type=map, infinite=false, properties={}, propertytypes={})
15:16:56.842 [FXGL Background Thread 2 ] DEBUG TMXLevelLoader       - Creating tile layer entities
15:16:56.845 [FXGL Background Thread 2 ] DEBUG TilesetLoader        - Loading view for layer bg
15:16:56.863 [FXGL Background Thread 2 ] DEBUG TilesetLoader        - Created buffer with size 2500.0x1750.0
15:16:56.947 [FXGL Background Thread 2 ] DEBUG TilesetLoader        - Writing to buffer: dst=0,0, w=250,h=250, src=1500,1250
15:16:56.947 [FXGL Background Thread 2 ] DEBUG TilesetLoader        - Writing to buffer: dst=250,0, w=250,h=250, src=750,750
15:16:56.948 [FXGL Background Thread 2 ] DEBUG TilesetLoader        - Writing to buffer: dst=500,0, w=250,h=250, src=1500,1250
15:16:56.948 [FXGL Background Thread 2 ] DEBUG TilesetLoader        - Writing to buffer: dst=750,0, w=250,h=250, src=750,750
15:16:56.948 [FXGL Background Thread 2 ] DEBUG TilesetLoader        - Writing to buffer: dst=1000,0, w=250,h=250, src=250,1000
15:16:56.949 [FXGL Background Thread 2 ] DEBUG TilesetLoader        - Writing to buffer: dst=1250,0, w=250,h=250, src=1000,0
15:16:56.949 [FXGL Background Thread 2 ] DEBUG TilesetLoader        - Writing to buffer: dst=1500,0, w=250,h=250, src=1250,1000
15:16:56.949 [FXGL Background Thread 2 ] DEBUG TilesetLoader        - Writing to buffer: dst=1750,0, w=250,h=250, src=1250,1250
15:16:56.949 [FXGL Background Thread 2 ] DEBUG TilesetLoader        - Writing to buffer: dst=2000,0, w=250,h=250, src=500,1250
15:16:56.950 [FXGL Background Thread 2 ] DEBUG TilesetLoader        - Writing to buffer: dst=2250,0, w=250,h=250, src=1250,1250
15:16:56.950 [FXGL Background Thread 2 ] DEBUG TilesetLoader        - Writing to buffer: dst=0,250, w=250,h=250, src=1250,0
15:16:56.950 [FXGL Background Thread 2 ] DEBUG TilesetLoader        - Writing to buffer: dst=250,250, w=250,h=250, src=1250,0
15:16:56.950 [FXGL Background Thread 2 ] DEBUG TilesetLoader        - Writing to buffer: dst=500,250, w=250,h=250, src=1250,0
15:16:56.955 [FXGL Background Thread 2 ] DEBUG TilesetLoader        - Writing to buffer: dst=750,250, w=250,h=250, src=500,0
15:16:56.956 [FXGL Background Thread 2 ] DEBUG TilesetLoader        - Writing to buffer: dst=1000,250, w=250,h=250, src=1250,0
15:16:56.956 [FXGL Background Thread 2 ] DEBUG TilesetLoader        - Writing to buffer: dst=1250,250, w=250,h=250, src=0,0
15:16:56.956 [FXGL Background Thread 2 ] DEBUG TilesetLoader        - Writing to buffer: dst=1500,250, w=250,h=250, src=1250,0
15:16:56.957 [FXGL Background Thread 2 ] DEBUG TilesetLoader        - Writing to buffer: dst=1750,250, w=250,h=250, src=1250,0
15:16:56.957 [FXGL Background Thread 2 ] DEBUG TilesetLoader        - Writing to buffer: dst=2000,250, w=250,h=250, src=500,0
15:16:56.960 [FXGL Background Thread 2 ] DEBUG TilesetLoader        - Writing to buffer: dst=2250,250, w=250,h=250, src=1250,0
15:16:56.961 [FXGL Background Thread 2 ] DEBUG TilesetLoader        - Writing to buffer: dst=0,500, w=250,h=250, src=1250,750
15:16:56.961 [FXGL Background Thread 2 ] DEBUG TilesetLoader        - Writing to buffer: dst=250,500, w=250,h=250, src=1250,750
15:16:56.961 [FXGL Background Thread 2 ] DEBUG TilesetLoader        - Writing to buffer: dst=500,500, w=250,h=250, src=1000,1000
15:16:56.962 [FXGL Background Thread 2 ] DEBUG TilesetLoader        - Writing to buffer: dst=750,500, w=250,h=250, src=1000,0
15:16:56.963 [FXGL Background Thread 2 ] DEBUG TilesetLoader        - Writing to buffer: dst=1000,500, w=250,h=250, src=1500,1000
15:16:56.963 [FXGL Background Thread 2 ] DEBUG TilesetLoader        - Writing to buffer: dst=1250,500, w=250,h=250, src=1250,750
15:16:56.964 [FXGL Background Thread 2 ] DEBUG TilesetLoader        - Writing to buffer: dst=1500,500, w=250,h=250, src=1250,750
15:16:56.964 [FXGL Background Thread 2 ] DEBUG TilesetLoader        - Writing to buffer: dst=1750,500, w=250,h=250, src=1000,1000
15:16:56.964 [FXGL Background Thread 2 ] DEBUG TilesetLoader        - Writing to buffer: dst=2000,500, w=250,h=250, src=1000,0
15:16:56.965 [FXGL Background Thread 2 ] DEBUG TilesetLoader        - Writing to buffer: dst=2250,500, w=250,h=250, src=1000,1250
15:16:56.965 [FXGL Background Thread 2 ] DEBUG TilesetLoader        - Writing to buffer: dst=0,750, w=250,h=250, src=750,750
15:16:56.966 [FXGL Background Thread 2 ] DEBUG TilesetLoader        - Writing to buffer: dst=250,750, w=250,h=250, src=750,750
15:16:56.966 [FXGL Background Thread 2 ] DEBUG TilesetLoader        - Writing to buffer: dst=500,750, w=250,h=250, src=750,1000
15:16:56.966 [FXGL Background Thread 2 ] DEBUG TilesetLoader        - Writing to buffer: dst=750,750, w=250,h=250, src=1000,0
15:16:56.966 [FXGL Background Thread 2 ] DEBUG TilesetLoader        - Writing to buffer: dst=1000,750, w=250,h=250, src=1250,1000
15:16:56.967 [FXGL Background Thread 2 ] DEBUG TilesetLoader        - Writing to buffer: dst=1250,750, w=250,h=250, src=750,750
15:16:56.967 [FXGL Background Thread 2 ] DEBUG TilesetLoader        - Writing to buffer: dst=1500,750, w=250,h=250, src=750,750
15:16:56.968 [FXGL Background Thread 2 ] DEBUG TilesetLoader        - Writing to buffer: dst=1750,750, w=250,h=250, src=750,1000
15:16:56.968 [FXGL Background Thread 2 ] DEBUG TilesetLoader        - Writing to buffer: dst=2000,750, w=250,h=250, src=1000,0
15:16:56.968 [FXGL Background Thread 2 ] DEBUG TilesetLoader        - Writing to buffer: dst=2250,750, w=250,h=250, src=1000,1250
15:16:56.968 [FXGL Background Thread 2 ] DEBUG TilesetLoader        - Writing to buffer: dst=0,1000, w=250,h=250, src=1250,0
15:16:56.969 [FXGL Background Thread 2 ] DEBUG TilesetLoader        - Writing to buffer: dst=250,1000, w=250,h=250, src=1250,0
15:16:56.969 [FXGL Background Thread 2 ] DEBUG TilesetLoader        - Writing to buffer: dst=500,1000, w=250,h=250, src=1250,0
15:16:56.969 [FXGL Background Thread 2 ] DEBUG TilesetLoader        - Writing to buffer: dst=750,1000, w=250,h=250, src=1500,0
15:16:56.969 [FXGL Background Thread 2 ] DEBUG TilesetLoader        - Writing to buffer: dst=1000,1000, w=250,h=250, src=1250,0
15:16:56.969 [FXGL Background Thread 2 ] DEBUG TilesetLoader        - Writing to buffer: dst=1250,1000, w=250,h=250, src=1250,0
15:16:56.970 [FXGL Background Thread 2 ] DEBUG TilesetLoader        - Writing to buffer: dst=1500,1000, w=250,h=250, src=1250,0
15:16:56.970 [FXGL Background Thread 2 ] DEBUG TilesetLoader        - Writing to buffer: dst=1750,1000, w=250,h=250, src=1250,0
15:16:56.970 [FXGL Background Thread 2 ] DEBUG TilesetLoader        - Writing to buffer: dst=2000,1000, w=250,h=250, src=750,0
15:16:56.970 [FXGL Background Thread 2 ] DEBUG TilesetLoader        - Writing to buffer: dst=2250,1000, w=250,h=250, src=1000,1250
15:16:56.971 [FXGL Background Thread 2 ] DEBUG TilesetLoader        - Writing to buffer: dst=0,1250, w=250,h=250, src=1500,1000
15:16:56.971 [FXGL Background Thread 2 ] DEBUG TilesetLoader        - Writing to buffer: dst=250,1250, w=250,h=250, src=1250,750
15:16:56.971 [FXGL Background Thread 2 ] DEBUG TilesetLoader        - Writing to buffer: dst=500,1250, w=250,h=250, src=1000,1000
15:16:56.971 [FXGL Background Thread 2 ] DEBUG TilesetLoader        - Writing to buffer: dst=750,1250, w=250,h=250, src=1000,0
15:16:56.971 [FXGL Background Thread 2 ] DEBUG TilesetLoader        - Writing to buffer: dst=1000,1250, w=250,h=250, src=1500,1000
15:16:56.972 [FXGL Background Thread 2 ] DEBUG TilesetLoader        - Writing to buffer: dst=1250,1250, w=250,h=250, src=1250,750
15:16:56.972 [FXGL Background Thread 2 ] DEBUG TilesetLoader        - Writing to buffer: dst=1500,1250, w=250,h=250, src=1250,750
15:16:56.972 [FXGL Background Thread 2 ] DEBUG TilesetLoader        - Writing to buffer: dst=1750,1250, w=250,h=250, src=1000,1000
15:16:56.972 [FXGL Background Thread 2 ] DEBUG TilesetLoader        - Writing to buffer: dst=2000,1250, w=250,h=250, src=1000,0
15:16:56.974 [FXGL Background Thread 2 ] DEBUG TilesetLoader        - Writing to buffer: dst=2250,1250, w=250,h=250, src=500,750
15:16:56.974 [FXGL Background Thread 2 ] DEBUG TilesetLoader        - Writing to buffer: dst=0,1500, w=250,h=250, src=1500,750
15:16:56.975 [FXGL Background Thread 2 ] DEBUG TilesetLoader        - Writing to buffer: dst=250,1500, w=250,h=250, src=750,1250
15:16:56.975 [FXGL Background Thread 2 ] DEBUG TilesetLoader        - Writing to buffer: dst=500,1500, w=250,h=250, src=1000,750
15:16:56.975 [FXGL Background Thread 2 ] DEBUG TilesetLoader        - Writing to buffer: dst=750,1500, w=250,h=250, src=1000,0
15:16:56.975 [FXGL Background Thread 2 ] DEBUG TilesetLoader        - Writing to buffer: dst=1000,1500, w=250,h=250, src=750,1250
15:16:56.976 [FXGL Background Thread 2 ] DEBUG TilesetLoader        - Writing to buffer: dst=1250,1500, w=250,h=250, src=750,1250
15:16:56.976 [FXGL Background Thread 2 ] DEBUG TilesetLoader        - Writing to buffer: dst=1500,1500, w=250,h=250, src=750,1250
15:16:56.976 [FXGL Background Thread 2 ] DEBUG TilesetLoader        - Writing to buffer: dst=1750,1500, w=250,h=250, src=250,1250
15:16:56.977 [FXGL Background Thread 2 ] DEBUG TilesetLoader        - Writing to buffer: dst=2000,1500, w=250,h=250, src=1000,0
15:16:56.977 [FXGL Background Thread 2 ] DEBUG TilesetLoader        - Writing to buffer: dst=2250,1500, w=250,h=250, src=1000,1250
15:16:56.977 [FXGL Background Thread 2 ] DEBUG TMXLevelLoader       - Creating object layer entities
15:16:57.011 [FXGL Background Thread 2 ] DEBUG FXGLAssetLoaderServi - Loading from file system: /assets/textures/semaforoRosso-01.png
15:16:57.017 [FXGL Background Thread 2 ] DEBUG FXGLAssetLoaderServi - Loading from file system: /assets/textures/semaforoVerde-01.png
15:16:57.024 [FXGL Background Thread 2 ] DEBUG FXGLAssetLoaderServi - Loading from file system: /assets/textures/semaforoRosso-02.png
15:16:57.028 [FXGL Background Thread 2 ] DEBUG FXGLAssetLoaderServi - Loading from file system: /assets/textures/semaforoVerde-02.png
15:16:57.032 [FXGL Background Thread 2 ] DEBUG FXGLAssetLoaderServi - Loading from file system: /assets/textures/semaforoRosso-04.png
15:16:57.035 [FXGL Background Thread 2 ] DEBUG FXGLAssetLoaderServi - Loading from file system: /assets/textures/semaforoVerde-04.png
15:16:57.042 [FXGL Background Thread 2 ] DEBUG FXGLAssetLoaderServi - Loading from file system: /assets/textures/semaforoRosso-03.png
15:16:57.045 [FXGL Background Thread 2 ] DEBUG FXGLAssetLoaderServi - Loading from file system: /assets/textures/semaforoVerde-03.png
15:16:57.051 [FXGL Background Thread 2 ] DEBUG FXGLAssetLoaderServi - Loading from cache: /assets/textures/semaforoRosso-04.png
15:16:57.051 [FXGL Background Thread 2 ] DEBUG FXGLAssetLoaderServi - Loading from cache: /assets/textures/semaforoVerde-04.png
15:16:57.056 [FXGL Background Thread 2 ] DEBUG FXGLAssetLoaderServi - Loading from cache: /assets/textures/semaforoRosso-01.png
15:16:57.056 [FXGL Background Thread 2 ] DEBUG FXGLAssetLoaderServi - Loading from cache: /assets/textures/semaforoVerde-01.png
15:16:57.059 [FXGL Background Thread 2 ] DEBUG FXGLAssetLoaderServi - Loading from cache: /assets/textures/semaforoRosso-03.png
15:16:57.059 [FXGL Background Thread 2 ] DEBUG FXGLAssetLoaderServi - Loading from cache: /assets/textures/semaforoVerde-03.png
15:16:57.060 [FXGL Background Thread 2 ] DEBUG FXGLAssetLoaderServi - Loading from cache: /assets/textures/semaforoRosso-04.png
15:16:57.061 [FXGL Background Thread 2 ] DEBUG FXGLAssetLoaderServi - Loading from cache: /assets/textures/semaforoVerde-04.png
15:16:57.062 [FXGL Background Thread 2 ] DEBUG FXGLAssetLoaderServi - Loading from cache: /assets/textures/semaforoRosso-04.png
15:16:57.062 [FXGL Background Thread 2 ] DEBUG FXGLAssetLoaderServi - Loading from cache: /assets/textures/semaforoVerde-04.png
15:16:57.064 [FXGL Background Thread 2 ] DEBUG FXGLAssetLoaderServi - Loading from cache: /assets/textures/semaforoRosso-04.png
15:16:57.064 [FXGL Background Thread 2 ] DEBUG FXGLAssetLoaderServi - Loading from cache: /assets/textures/semaforoVerde-04.png
15:16:57.069 [FXGL Background Thread 2 ] DEBUG FXGLAssetLoaderServi - Loading from cache: /assets/textures/semaforoRosso-01.png
15:16:57.069 [FXGL Background Thread 2 ] DEBUG FXGLAssetLoaderServi - Loading from cache: /assets/textures/semaforoVerde-01.png
15:16:57.071 [FXGL Background Thread 2 ] DEBUG FXGLAssetLoaderServi - Loading from cache: /assets/textures/semaforoRosso-02.png
15:16:57.071 [FXGL Background Thread 2 ] DEBUG FXGLAssetLoaderServi - Loading from cache: /assets/textures/semaforoVerde-02.png
15:16:57.072 [FXGL Background Thread 2 ] DEBUG FXGLAssetLoaderServi - Loading from cache: /assets/textures/semaforoRosso-02.png
15:16:57.072 [FXGL Background Thread 2 ] DEBUG FXGLAssetLoaderServi - Loading from cache: /assets/textures/semaforoVerde-02.png
15:16:57.073 [FXGL Background Thread 2 ] DEBUG FXGLAssetLoaderServi - Loading from cache: /assets/textures/semaforoRosso-02.png
15:16:57.073 [FXGL Background Thread 2 ] DEBUG FXGLAssetLoaderServi - Loading from cache: /assets/textures/semaforoVerde-02.png
15:16:57.075 [FXGL Background Thread 2 ] DEBUG FXGLAssetLoaderServi - Loading from cache: /assets/textures/semaforoRosso-03.png
15:16:57.075 [FXGL Background Thread 2 ] DEBUG FXGLAssetLoaderServi - Loading from cache: /assets/textures/semaforoVerde-03.png
15:16:57.077 [FXGL Background Thread 2 ] DEBUG FXGLAssetLoaderServi - Loading from cache: /assets/textures/semaforoRosso-03.png
15:16:57.077 [FXGL Background Thread 2 ] DEBUG FXGLAssetLoaderServi - Loading from cache: /assets/textures/semaforoVerde-03.png
15:16:57.110 [FXGL Background Thread 2 ] DEBUG GameWorld            - Clearing removable entities
15:16:57.111 [FXGL Background Thread 2 ] DEBUG GameWorld            - Setting level: com.almasb.fxgl.entity.level.Level@49150d45
15:16:57.140 [FXGL Background Thread 2 ] DEBUG FXGLAssetLoaderServi - Loading from file system: /assets/textures/pointer-sprite.png
15:16:57.236 [FXGL Background Thread 2 ] INFO  FXGLApplication      - Game initialization took: 0,504 sec
15:16:57.238 [JavaFX Application Thread] DEBUG Input                - Clearing active input actions
15:16:57.252 [JavaFX Application Thread] DEBUG GameApplicationServi - Removing overlay from FXGLLoadingScene and adding to GameScene
15:16:57.258 [JavaFX Application Thread] DEBUG MainWindow           - FXGLLoadingScene -> GameScene
15:16:57.920 [FXGL Background Thread 3 ] DEBUG Engine               - Logging environment variables
15:16:57.921 [FXGL Background Thread 3 ] DEBUG Engine               - achievements: []
15:16:57.921 [FXGL Background Thread 3 ] DEBUG Engine               - appIcon: fxgl_icon.png
15:16:57.921 [FXGL Background Thread 3 ] DEBUG Engine               - applicationMode: DEVELOPER
15:16:57.921 [FXGL Background Thread 3 ] DEBUG Engine               - cSSList: [fxgl_dark.css]
15:16:57.921 [FXGL Background Thread 3 ] DEBUG Engine               - configClass: Optional.empty
15:16:57.921 [FXGL Background Thread 3 ] DEBUG Engine               - credits: []
15:16:57.922 [FXGL Background Thread 3 ] DEBUG Engine               - devBBoxColorProperty: ObjectProperty [value: 0xff0000ff]
15:16:57.922 [FXGL Background Thread 3 ] DEBUG Engine               - devEnableDebugCameraProperty: BooleanProperty [value: false]
15:16:57.922 [FXGL Background Thread 3 ] DEBUG Engine               - devSensorColorProperty: ObjectProperty [value: 0xffff00ff]
15:16:57.922 [FXGL Background Thread 3 ] DEBUG Engine               - devShowBBoxProperty: BooleanProperty [value: false]
15:16:57.922 [FXGL Background Thread 3 ] DEBUG Engine               - devShowPositionProperty: BooleanProperty [value: false]
15:16:57.922 [FXGL Background Thread 3 ] DEBUG Engine               - enabledMenuItems: []
15:16:57.923 [FXGL Background Thread 3 ] DEBUG Engine               - engineServices: [class com.almasb.fxgl.app.FXGLApplication$GameApplicationService, class com.almasb.fxgl.app.services.FXGLDialogService, class com.almasb.fxgl.app.services.IOTaskExecutorService, class com.almasb.fxgl.event.EventBusService, class com.almasb.fxgl.io.FileSystemService, class com.almasb.fxgl.localization.LocalizationService, class com.almasb.fxgl.app.services.FXGLAssetLoaderService, class com.almasb.fxgl.app.services.SystemBundleService, class com.almasb.fxgl.profile.SaveLoadService, class com.almasb.fxgl.ui.FXGLUIFactoryServiceProvider, class com.almasb.fxgl.ui.FXGLDialogFactoryServiceProvider, class com.almasb.fxgl.audio.AudioPlayer, class com.almasb.fxgl.notification.impl.NotificationServiceProvider, class com.almasb.fxgl.achievement.AchievementService, class com.almasb.fxgl.cutscene.CutsceneService, class com.almasb.fxgl.minigames.MiniGameService, class com.almasb.fxgl.net.NetService, class com.almasb.fxgl.app.services.UpdaterService, class com.almasb.fxgl.dev.DevService, class com.almasb.fxgl.dev.profiling.ProfilerService]
15:16:57.923 [FXGL Background Thread 3 ] DEBUG Engine               - fontGame: Abel-Regular.ttf
15:16:57.923 [FXGL Background Thread 3 ] DEBUG Engine               - fontMono: lucida_console.ttf
15:16:57.923 [FXGL Background Thread 3 ] DEBUG Engine               - fontText: Courier-Prime.ttf
15:16:57.923 [FXGL Background Thread 3 ] DEBUG Engine               - fontUI: VarelaRound-Regular.ttf
15:16:57.923 [FXGL Background Thread 3 ] DEBUG Engine               - fullScreen: BooleanProperty [value: false]
15:16:57.923 [FXGL Background Thread 3 ] DEBUG Engine               - gameDifficulty: MEDIUM
15:16:57.923 [FXGL Background Thread 3 ] DEBUG Engine               - gameDifficultyProperty: ObjectProperty [value: MEDIUM]
15:16:57.923 [FXGL Background Thread 3 ] DEBUG Engine               - globalMusicVolume: 0.5
15:16:57.924 [FXGL Background Thread 3 ] DEBUG Engine               - globalMusicVolumeProperty: DoubleProperty [value: 0.5]
15:16:57.924 [FXGL Background Thread 3 ] DEBUG Engine               - globalSoundVolume: 0.5
15:16:57.924 [FXGL Background Thread 3 ] DEBUG Engine               - globalSoundVolumeProperty: DoubleProperty [value: 0.5]
15:16:57.925 [FXGL Background Thread 3 ] DEBUG Engine               - height: 1750
15:16:57.925 [FXGL Background Thread 3 ] DEBUG Engine               - isAndroid: false
15:16:57.925 [FXGL Background Thread 3 ] DEBUG Engine               - isBrowser: false
15:16:57.925 [FXGL Background Thread 3 ] DEBUG Engine               - isClickFeedbackEnabled: false
15:16:57.925 [FXGL Background Thread 3 ] DEBUG Engine               - isCloseConfirmation: false
15:16:57.925 [FXGL Background Thread 3 ] DEBUG Engine               - isDesktop: true
15:16:57.925 [FXGL Background Thread 3 ] DEBUG Engine               - isDeveloperMenuEnabled: true
15:16:57.925 [FXGL Background Thread 3 ] DEBUG Engine               - isEntityPreloadEnabled: true
15:16:57.926 [FXGL Background Thread 3 ] DEBUG Engine               - isExperimentalNative: false
15:16:57.926 [FXGL Background Thread 3 ] DEBUG Engine               - isExperimentalTiledLargeMap: false
15:16:57.926 [FXGL Background Thread 3 ] DEBUG Engine               - isFileSystemWriteAllowed: true
15:16:57.926 [FXGL Background Thread 3 ] DEBUG Engine               - isFullScreenAllowed: false
15:16:57.927 [FXGL Background Thread 3 ] DEBUG Engine               - isFullScreenFromStart: false
15:16:57.927 [FXGL Background Thread 3 ] DEBUG Engine               - isGameMenuEnabled: true
15:16:57.927 [FXGL Background Thread 3 ] DEBUG Engine               - isIOS: false
15:16:57.927 [FXGL Background Thread 3 ] DEBUG Engine               - isIntroEnabled: false
15:16:57.927 [FXGL Background Thread 3 ] DEBUG Engine               - isLinux: false
15:16:57.927 [FXGL Background Thread 3 ] DEBUG Engine               - isMac: true
15:16:57.927 [FXGL Background Thread 3 ] DEBUG Engine               - isMainMenuEnabled: true
15:16:57.927 [FXGL Background Thread 3 ] DEBUG Engine               - isManualResizeEnabled: true
15:16:57.927 [FXGL Background Thread 3 ] DEBUG Engine               - isMobile: false
15:16:57.927 [FXGL Background Thread 3 ] DEBUG Engine               - isPreserveResizeRatio: true
15:16:57.928 [FXGL Background Thread 3 ] DEBUG Engine               - isProfilingEnabled: true
15:16:57.928 [FXGL Background Thread 3 ] DEBUG Engine               - isSingleStep: false
15:16:57.928 [FXGL Background Thread 3 ] DEBUG Engine               - isUserProfileEnabled: false
15:16:57.928 [FXGL Background Thread 3 ] DEBUG Engine               - isWindows: false
15:16:57.928 [FXGL Background Thread 3 ] DEBUG Engine               - language: ObjectProperty [value: ENGLISH]
15:16:57.928 [FXGL Background Thread 3 ] DEBUG Engine               - menuKey: ESCAPE
15:16:57.928 [FXGL Background Thread 3 ] DEBUG Engine               - notificationViewClass: class com.almasb.fxgl.notification.view.XboxNotificationView
15:16:57.928 [FXGL Background Thread 3 ] DEBUG Engine               - pixelsPerMeter: 50.0
15:16:57.928 [FXGL Background Thread 3 ] DEBUG Engine               - platform: MAC
15:16:57.928 [FXGL Background Thread 3 ] DEBUG Engine               - profileDir: profiles/
15:16:57.929 [FXGL Background Thread 3 ] DEBUG Engine               - profileName: StringProperty [value: DEFAULT]
15:16:57.929 [FXGL Background Thread 3 ] DEBUG Engine               - randomSeed: -1
15:16:57.929 [FXGL Background Thread 3 ] DEBUG Engine               - runtimeInfo: RuntimeInfo(platform=MAC, version=dev-SNAPSHOT, build=03.09.2020 12.08)
15:16:57.929 [FXGL Background Thread 3 ] DEBUG Engine               - saveFileExt: sav
15:16:57.929 [FXGL Background Thread 3 ] DEBUG Engine               - sceneFactory: it.uniroma1.metodologie.trafficGame.TrafficApp$1@1ba7fdf4
15:16:57.929 [FXGL Background Thread 3 ] DEBUG Engine               - secondsIn24h: 60
15:16:57.929 [FXGL Background Thread 3 ] DEBUG Engine               - soundMenuBack: menu/back.wav
15:16:57.929 [FXGL Background Thread 3 ] DEBUG Engine               - soundMenuPress: menu/press.wav
15:16:57.929 [FXGL Background Thread 3 ] DEBUG Engine               - soundMenuSelect: menu/select.wav
15:16:57.930 [FXGL Background Thread 3 ] DEBUG Engine               - soundNotification: core/notification.wav
15:16:57.930 [FXGL Background Thread 3 ] DEBUG Engine               - stageStyle: DECORATED
15:16:57.930 [FXGL Background Thread 3 ] DEBUG Engine               - supportedLanguages: [ENGLISH, FRENCH, GERMAN, HUNGARIAN, RUSSIAN]
15:16:57.930 [FXGL Background Thread 3 ] DEBUG Engine               - title: Traffic
15:16:57.930 [FXGL Background Thread 3 ] DEBUG Engine               - urlGithub: https://github.com/AlmasB/FXGL
15:16:57.930 [FXGL Background Thread 3 ] DEBUG Engine               - urlLeaderboard: http://fxgl-top.herokuapp.com/
15:16:57.930 [FXGL Background Thread 3 ] DEBUG Engine               - urlPOM: https://raw.githubusercontent.com/AlmasB/FXGL/master/pom.xml
15:16:57.930 [FXGL Background Thread 3 ] DEBUG Engine               - version: Alpha 1.0
15:16:57.930 [FXGL Background Thread 3 ] DEBUG Engine               - versionCheckDays: 7
15:16:57.930 [FXGL Background Thread 3 ] DEBUG Engine               - width: 2500
15:16:57.931 [FXGL Background Thread 3 ] DEBUG Engine               - Logging services
15:16:57.931 [FXGL Background Thread 3 ] DEBUG Engine               - class com.almasb.fxgl.app.FXGLApplication$GameApplicationService
15:16:57.931 [FXGL Background Thread 3 ] DEBUG Engine               - class com.almasb.fxgl.app.services.FXGLDialogService
15:16:57.931 [FXGL Background Thread 3 ] DEBUG Engine               - class com.almasb.fxgl.app.services.IOTaskExecutorService
15:16:57.931 [FXGL Background Thread 3 ] DEBUG Engine               - class com.almasb.fxgl.event.EventBusService
15:16:57.931 [FXGL Background Thread 3 ] DEBUG Engine               - class com.almasb.fxgl.io.FileSystemService
15:16:57.931 [FXGL Background Thread 3 ] DEBUG Engine               - class com.almasb.fxgl.localization.LocalizationService
15:16:57.931 [FXGL Background Thread 3 ] DEBUG Engine               - class com.almasb.fxgl.app.services.FXGLAssetLoaderService
15:16:57.931 [FXGL Background Thread 3 ] DEBUG Engine               - class com.almasb.fxgl.app.services.SystemBundleService
15:16:57.931 [FXGL Background Thread 3 ] DEBUG Engine               - class com.almasb.fxgl.profile.SaveLoadService
15:16:57.932 [FXGL Background Thread 3 ] DEBUG Engine               - class com.almasb.fxgl.ui.FXGLUIFactoryServiceProvider
15:16:57.932 [FXGL Background Thread 3 ] DEBUG Engine               - class com.almasb.fxgl.ui.FXGLDialogFactoryServiceProvider
15:16:57.932 [FXGL Background Thread 3 ] DEBUG Engine               - class com.almasb.fxgl.audio.AudioPlayer
15:16:57.932 [FXGL Background Thread 3 ] DEBUG Engine               - class com.almasb.fxgl.notification.impl.NotificationServiceProvider
15:16:57.932 [FXGL Background Thread 3 ] DEBUG Engine               - class com.almasb.fxgl.achievement.AchievementService
15:16:57.932 [FXGL Background Thread 3 ] DEBUG Engine               - class com.almasb.fxgl.cutscene.CutsceneService
15:16:57.932 [FXGL Background Thread 3 ] DEBUG Engine               - class com.almasb.fxgl.minigames.MiniGameService
15:16:57.932 [FXGL Background Thread 3 ] DEBUG Engine               - class com.almasb.fxgl.net.NetService
15:16:57.933 [FXGL Background Thread 3 ] DEBUG Engine               - class com.almasb.fxgl.app.services.UpdaterService
15:16:57.933 [FXGL Background Thread 3 ] DEBUG Engine               - class com.almasb.fxgl.dev.DevService
15:16:57.933 [FXGL Background Thread 3 ] DEBUG Engine               - class com.almasb.fxgl.dev.profiling.ProfilerService
15:16:58.191 [JavaFX Application Thread] DEBUG LoopRunner           - Stopping loop
15:16:58.192 [JavaFX Application Thread] FATAL FXGLApplication      - Uncaught Exception:
java.lang.IndexOutOfBoundsException: Index 0 out of bounds for length 0
	at java.base/jdk.internal.util.Preconditions.outOfBounds(Preconditions.java:64)
	at java.base/jdk.internal.util.Preconditions.outOfBoundsCheckIndex(Preconditions.java:70)
	at java.base/jdk.internal.util.Preconditions.checkIndex(Preconditions.java:248)
	at java.base/java.util.Objects.checkIndex(Objects.java:373)
	at java.base/java.util.ArrayList.get(ArrayList.java:426)
	at trafficGame.main/it.uniroma1.metodologie.trafficGame.TrafficApp.touchMove(TrafficApp.java:263)
	at trafficGame.main/it.uniroma1.metodologie.trafficGame.TrafficApp$3.onActionBegin(TrafficApp.java:190)
	at com.almasb.fxgl.input/com.almasb.fxgl.input.UserAction.begin$fxgl_input(UserAction.kt:37)
	at com.almasb.fxgl.input/com.almasb.fxgl.input.Input.handlePressed(Input.kt:261)
	at com.almasb.fxgl.input/com.almasb.fxgl.input.Input.onMouseEvent(Input.kt:223)
	at com.almasb.fxgl.input/com.almasb.fxgl.input.Input.onMouseEvent(Input.kt:212)
	at com.almasb.fxgl.all/com.almasb.fxgl.app.MainWindow$2$1.invoke(MainWindow.kt:98)
	at com.almasb.fxgl.all/com.almasb.fxgl.app.MainWindow$2$1.invoke(MainWindow.kt:40)
	at com.almasb.fxgl.core/com.almasb.fxgl.core.fsm.StateMachine.runOnActiveStates(StateMachine.kt:60)
	at com.almasb.fxgl.all/com.almasb.fxgl.app.MainWindow$2.invoke(MainWindow.kt:98)
	at com.almasb.fxgl.all/com.almasb.fxgl.app.MainWindow$2.invoke(MainWindow.kt:40)
	at com.almasb.fxgl.all/com.almasb.fxgl.app.MainWindow$addMouseHandler$1.handle(MainWindow.kt:383)
	at com.almasb.fxgl.all/com.almasb.fxgl.app.MainWindow$addMouseHandler$1.handle(MainWindow.kt:40)
	at javafx.base/com.sun.javafx.event.CompositeEventHandler$NormalEventHandlerRecord.handleBubblingEvent(CompositeEventHandler.java:247)
	at javafx.base/com.sun.javafx.event.CompositeEventHandler.dispatchBubblingEvent(CompositeEventHandler.java:80)
	at javafx.base/com.sun.javafx.event.EventHandlerManager.dispatchBubblingEvent(EventHandlerManager.java:234)
	at javafx.base/com.sun.javafx.event.EventHandlerManager.dispatchBubblingEvent(EventHandlerManager.java:191)
	at javafx.base/com.sun.javafx.event.CompositeEventDispatcher.dispatchBubblingEvent(CompositeEventDispatcher.java:59)
	at javafx.base/com.sun.javafx.event.BasicEventDispatcher.dispatchEvent(BasicEventDispatcher.java:58)
	at javafx.base/com.sun.javafx.event.EventDispatchChainImpl.dispatchEvent(EventDispatchChainImpl.java:114)
	at javafx.base/com.sun.javafx.event.BasicEventDispatcher.dispatchEvent(BasicEventDispatcher.java:56)
	at javafx.base/com.sun.javafx.event.EventDispatchChainImpl.dispatchEvent(EventDispatchChainImpl.java:114)
	at javafx.base/com.sun.javafx.event.EventUtil.fireEventImpl(EventUtil.java:74)
	at javafx.base/com.sun.javafx.event.EventUtil.fireEvent(EventUtil.java:54)
	at javafx.base/javafx.event.Event.fireEvent(Event.java:198)
	at javafx.graphics/javafx.scene.Scene$MouseHandler.process(Scene.java:3890)
	at javafx.graphics/javafx.scene.Scene.processMouseEvent(Scene.java:1885)
	at javafx.graphics/javafx.scene.Scene$ScenePeerListener.mouseEvent(Scene.java:2618)
	at javafx.graphics/com.sun.javafx.tk.quantum.GlassViewEventHandler$MouseEventNotification.run(GlassViewEventHandler.java:409)
	at javafx.graphics/com.sun.javafx.tk.quantum.GlassViewEventHandler$MouseEventNotification.run(GlassViewEventHandler.java:299)
	at java.base/java.security.AccessController.doPrivileged(AccessController.java:391)
	at javafx.graphics/com.sun.javafx.tk.quantum.GlassViewEventHandler.lambda$handleMouseEvent$2(GlassViewEventHandler.java:447)
	at javafx.graphics/com.sun.javafx.tk.quantum.QuantumToolkit.runWithoutRenderLock(QuantumToolkit.java:412)
	at javafx.graphics/com.sun.javafx.tk.quantum.GlassViewEventHandler.handleMouseEvent(GlassViewEventHandler.java:446)
	at javafx.graphics/com.sun.glass.ui.View.handleMouseEvent(View.java:556)
	at javafx.graphics/com.sun.glass.ui.View.notifyMouse(View.java:942)
	at javafx.graphics/com.sun.glass.ui.mac.MacView.notifyMouse(MacView.java:127)

15:16:58.193 [JavaFX Application Thread] FATAL FXGLApplication      - Application will now exit
15:16:58.197 [JavaFX Application Thread] DEBUG MainWindow           - Push state: ErrorSubScene
15:16:58.198 [JavaFX Application Thread] DEBUG Input                - Clearing active input actions
15:16:58.200 [JavaFX Application Thread] DEBUG GameApplicationServi - Removing overlay from GameScene and adding to ErrorSubScene
15:16:58.203 [JavaFX Application Thread] DEBUG MainWindow           - GameScene -> ErrorSubScene
15:17:01.619 [JavaFX Application Thread] DEBUG FXGLApplication      - Exiting FXGL
15:17:01.619 [JavaFX Application Thread] DEBUG Async                - Shutting down background threads
15:17:01.620 [JavaFX Application Thread] DEBUG MainWindow           - Closing main window
15:17:01.630 [JavaFX Application Thread] DEBUG Logger               - Closing Logger
