01:23:45.616 [main                     ] DEBUG Logger               - Configured Logger
01:23:45.629 [main                     ] DEBUG GameApplication      - Logging settings
Title: Traffic
Version: Alpha 1.0
Width: 2000
Height: 1125
Fullscreen: false
Intro: false
Profiling: false
Single step:false
App Mode: DEVELOPER
Menu Key: ESCAPE
Stage Style: DECORATED
Scene Factory: class it.uniroma1.metodologie.trafficGame.TrafficApp$1

01:23:45.968 [JavaFX Application Thread] DEBUG FXGLApplication      - Initializing FXGL
01:23:45.974 [JavaFX Application Thread] INFO  Engine               - FXGL-dev-SNAPSHOT (08.09.2020 17.31) on WINDOWS (J:13.0.2 FX:14)
01:23:45.975 [JavaFX Application Thread] DEBUG Engine               - JRE Vendor Name: Oracle Corporation
01:23:45.975 [JavaFX Application Thread] DEBUG Engine               - Running on OS: Windows 10 version 10.0
01:23:45.975 [JavaFX Application Thread] DEBUG Engine               - Architecture: amd64
01:23:45.976 [JavaFX Application Thread] INFO  Engine               - Source code and latest versions at: https://github.com/AlmasB/FXGL
01:23:45.976 [JavaFX Application Thread] INFO  Engine               -              Join the FXGL chat at: https://gitter.im/AlmasB/FXGL
01:23:46.060 [JavaFX Application Thread] DEBUG MainWindow           - Creating a JavaFX scene
01:23:46.097 [JavaFX Application Thread] DEBUG MainWindow           - Target settings size: 2000.0 x 1125.0
01:23:46.097 [JavaFX Application Thread] DEBUG MainWindow           - Scaled scene size:    2000.0 x 1125.0
01:23:46.097 [JavaFX Application Thread] DEBUG MainWindow           - Scaled ratio: (1.0, 1.0)
01:23:46.098 [JavaFX Application Thread] DEBUG MainWindow           - Set initial scene to StartupScene
01:23:46.102 [JavaFX Application Thread] DEBUG MainWindow           - Opening main window
01:23:46.171 [JavaFX Application Thread] DEBUG MainWindow           - Window border size: (16.0, 39.0)
01:23:46.172 [JavaFX Application Thread] DEBUG MainWindow           - Scaled size: 2000.0 x 1125.0
01:23:46.172 [JavaFX Application Thread] DEBUG MainWindow           - Scaled ratio: (1.0, 1.0)
01:23:46.172 [JavaFX Application Thread] DEBUG MainWindow           - Scene size: 2000.0 x 1125.0
01:23:46.172 [JavaFX Application Thread] DEBUG MainWindow           - Stage size: 2016.0 x 1164.0
01:23:46.183 [FXGL Background Thread 1 ] DEBUG Engine               - Initializing environment variables
01:23:46.213 [FXGL Background Thread 1 ] DEBUG GameApplicationServi - Applying CSS: fxgl_dark.css
01:23:46.218 [FXGL Background Thread 1 ] DEBUG FXGLAssetLoaderServi - Loading from file system: /assets/ui/css/fxgl_dark.css
01:23:46.263 [FXGL Background Thread 1 ] DEBUG GameApplicationServi - Initializing application scenes
01:23:46.327 [FXGL Background Thread 1 ] DEBUG GameWorld            - Game world initialized
01:23:46.364 [FXGL Background Thread 1 ] DEBUG PhysicsWorld         - Physics world initialized: appHeight=1125, physics.ppm=50,0
01:23:46.365 [FXGL Background Thread 1 ] DEBUG GameScene            - Game scene initialized: 2000x1125
01:23:46.375 [FXGL Background Thread 1 ] DEBUG FXGLAssetLoaderServi - Loading from file system: /assets/textures/bg.jpg
01:23:46.666 [FXGL Background Thread 1 ] DEBUG FXGLAssetLoaderServi - Loading from file system: /assets/textures/logo.png
01:23:46.757 [FXGL Background Thread 1 ] DEBUG FXGLAssetLoaderServi - Loading from file system: /assets/textures/particles/trace_horizontal.png
01:23:46.776 [FXGL Background Thread 1 ] DEBUG FXGL.DefaultMenu     - createMenuBodyGameMenu()
01:23:46.787 [FXGL Background Thread 1 ] DEBUG FXGL.DefaultMenu     - createOptionsMenu()
01:23:46.790 [FXGL Background Thread 1 ] DEBUG FXGL.DefaultMenu     - createExtraMenu()
01:23:46.792 [FXGL Background Thread 1 ] DEBUG FXGLAssetLoaderServi - Loading from file system: /assets/textures/particles/smoke.png
01:23:46.830 [FXGL Background Thread 1 ] DEBUG GameApplicationServi - Application scenes initialized
01:23:46.838 [FXGL Background Thread 1 ] DEBUG SystemBundleService  - Loading FXGL system data
01:23:46.842 [FXGL Background Thread 1 ] DEBUG FileSystemAccess     - Reading from: C:\Users\Andrea\Desktop\Homework\traffic-mobile\system\fxgl.bundle
01:23:46.849 [FXGL Background Thread 1 ] DEBUG SystemBundleService  - Bundle FXGL: {}
01:23:46.849 [FXGL Background Thread 1 ] DEBUG UpdaterService       - Checking for updates
01:23:46.879 [FXGL Background Thread 1 ] DEBUG FXGLApplication      - Loading default localization
01:23:46.880 [FXGL Background Thread 1 ] DEBUG FXGLAssetLoaderServi - Loading from file system: /assets/languages/english.lang
01:23:46.889 [FXGL Background Thread 1 ] INFO  FXGLApplication      - FXGL initialization took: 0,706 sec
01:23:46.895 [JavaFX Application Thread] DEBUG Input                - Registered new binding: Change trafficlight status - F
01:23:46.895 [JavaFX Application Thread] DEBUG Input                - Registered new binding: Move Right - D
01:23:46.895 [JavaFX Application Thread] DEBUG Input                - Registered new binding: Move Left - A
01:23:46.896 [JavaFX Application Thread] DEBUG Input                - Registered new binding: Move Up - W
01:23:46.896 [JavaFX Application Thread] DEBUG Input                - Registered new binding: Move Down - S
01:23:46.896 [JavaFX Application Thread] DEBUG Input                - Registered new binding: Spawn Car - Space
01:23:46.897 [JavaFX Application Thread] DEBUG Input                - Registered new binding: Select and change traffic light - LMB
01:23:46.897 [JavaFX Application Thread] DEBUG FXGLAssetLoaderServi - Loading from file system: /assets/textures/fxgl_icon.png
01:23:46.894 [FXGL Background Thread 4 ] DEBUG FXGLApplication      - Loading fonts
01:23:46.897 [FXGL Background Thread 4 ] DEBUG FXGLAssetLoaderServi - Loading from file system: /assets/ui/fonts/VarelaRound-Regular.ttf
01:23:46.906 [JavaFX Application Thread] DEBUG FXGLAssetLoaderServi - Loading from file system: /assets/ui/cursors/fxgl_default.png
01:23:46.908 [JavaFX Application Thread] DEBUG Input                - Registered new binding: Screenshot - P
01:23:46.909 [JavaFX Application Thread] DEBUG Input                - Registered new binding: Dev Options - 1
01:23:46.909 [JavaFX Application Thread] DEBUG Input                - Registered new binding: Dev Console - 2
01:23:46.909 [JavaFX Application Thread] DEBUG Input                - Registered new binding: System info dump - CTRL+9
01:23:46.910 [JavaFX Application Thread] DEBUG Input                - Registered new binding: Restart - CTRL+R
01:23:46.911 [JavaFX Application Thread] DEBUG Input                - Registered new binding: Toggle Debug Camera - CTRL+C
01:23:46.913 [JavaFX Application Thread] DEBUG LoopRunner           - Starting loop
01:23:46.925 [JavaFX Application Thread] DEBUG Input                - Clearing active input actions
01:23:46.931 [JavaFX Application Thread] DEBUG GameApplicationServi - Removing overlay from StartupScene and adding to FXGLMainMenuDummyScene
01:23:46.933 [JavaFX Application Thread] DEBUG MainWindow           - StartupScene -> FXGLMainMenuDummyScene
01:23:46.934 [JavaFX Application Thread] DEBUG MainWindow           - Push state: TrafficAppMenu
01:23:46.934 [JavaFX Application Thread] DEBUG Input                - Clearing active input actions
01:23:46.939 [JavaFX Application Thread] DEBUG GameApplicationServi - Removing overlay from FXGLMainMenuDummyScene and adding to TrafficAppMenu
01:23:46.939 [JavaFX Application Thread] DEBUG MainWindow           - FXGLMainMenuDummyScene -> TrafficAppMenu
01:23:47.442 [FXGL Background Thread 4 ] DEBUG FXGLAssetLoaderServi - Loading from file system: /assets/ui/fonts/Abel-Regular.ttf
01:23:47.445 [FXGL Background Thread 4 ] DEBUG FXGLAssetLoaderServi - Loading from file system: /assets/ui/fonts/lucida_console.ttf
01:23:47.450 [FXGL Background Thread 4 ] DEBUG FXGLAssetLoaderServi - Loading from file system: /assets/ui/fonts/Courier-Prime.ttf
01:23:47.454 [JavaFX Application Thread] DEBUG FXGLApplication      - Registering font factories with UI factory
01:23:47.811 [JavaFX Application Thread] DEBUG Menu                 - fireNewGame()
01:23:47.811 [JavaFX Application Thread] DEBUG GameApplicationServi - Starting new game
01:23:47.811 [JavaFX Application Thread] DEBUG MainWindow           - Pop state: TrafficAppMenu
01:23:47.812 [JavaFX Application Thread] DEBUG Input                - Clearing active input actions
01:23:47.813 [JavaFX Application Thread] DEBUG GameApplicationServi - Removing overlay from TrafficAppMenu and adding to FXGLMainMenuDummyScene
01:23:47.815 [JavaFX Application Thread] DEBUG MainWindow           - FXGLMainMenuDummyScene <- TrafficAppMenu
01:23:47.815 [JavaFX Application Thread] DEBUG Input                - Clearing active input actions
01:23:47.821 [JavaFX Application Thread] DEBUG GameApplicationServi - Removing overlay from FXGLMainMenuDummyScene and adding to FXGLLoadingScene
01:23:47.822 [JavaFX Application Thread] DEBUG MainWindow           - FXGLMainMenuDummyScene -> FXGLLoadingScene
01:23:47.822 [JavaFX Application Thread] DEBUG GameApplicationServi - Clearing previous game
01:23:47.822 [JavaFX Application Thread] DEBUG GameScene            - Clearing game scene
01:23:47.822 [JavaFX Application Thread] DEBUG GameWorld            - Clearing game world
01:23:47.822 [JavaFX Application Thread] DEBUG PhysicsWorld         - Clearing physics world
01:23:47.823 [FXGL Background Thread 4 ] DEBUG FXGLApplication      - Initializing game
01:23:47.836 [FXGL Background Thread 4 ] DEBUG FXGLAssetLoaderServi - Loading from file system: /assets/levels/Mappa-testing.tmx
01:23:47.885 [FXGL Background Thread 4 ] WARN  TMXLevelLoader       - TiledMap generated from 1.4.1. Supported version: 1.2.3. Some features may not be parsed fully.
01:23:47.919 [FXGL Background Thread 4 ] DEBUG TMXLevelLoader       - Parsed raw map: TiledMap(width=16, height=9, tilewidth=125, tileheight=125, orientation=orthogonal, layers=[Layer(width=16, height=9, name=Tile Layer 1, type=tilelayer, visible=false, x=0, y=0, data=[24, 24, 24, 26, 5, 28, 24, 24, 24, 24, 24, 26, 5, 28, 24, 24, 25, 25, 25, 32, 5, 34, 25, 25, 25, 25, 25, 32, 5, 34, 25, 25, 6, 6, 6, 6, 7, 6, 6, 6, 6, 6, 6, 6, 7, 6, 6, 6, 27, 27, 27, 33, 5, 21, 13, 13, 13, 13, 13, 19, 5, 35, 27, 27, 24, 24, 24, 26, 5, 14, 10, 10, 10, 10, 10, 12, 5, 28, 24, 24, 25, 25, 25, 32, 5, 20, 11, 11, 11, 11, 11, 18, 5, 34, 25, 25, 6, 6, 6, 6, 7, 6, 6, 6, 6, 6, 6, 6, 7, 6, 6, 6, 27, 27, 27, 33, 5, 35, 27, 27, 27, 27, 27, 33, 5, 35, 27, 27, 24, 24, 24, 26, 5, 28, 24, 24, 24, 24, 24, 26, 5, 28, 24, 24], objects=[], opacity=0.0, draworder=), Layer(width=0, height=0, name=spawnpoints, type=objectgroup, visible=false, x=0, y=0, data=[], objects=[com.almasb.fxgl.entity.level.tiled.TiledObject@43a23ddb, com.almasb.fxgl.entity.level.tiled.TiledObject@5c620f2c, com.almasb.fxgl.entity.level.tiled.TiledObject@5abb6485, com.almasb.fxgl.entity.level.tiled.TiledObject@13215efd, com.almasb.fxgl.entity.level.tiled.TiledObject@41bfe5a7, com.almasb.fxgl.entity.level.tiled.TiledObject@d6899d3, com.almasb.fxgl.entity.level.tiled.TiledObject@cf65bb7, com.almasb.fxgl.entity.level.tiled.TiledObject@15b92a62], opacity=0.0, draworder=), Layer(width=0, height=0, name=paths, type=objectgroup, visible=false, x=0, y=0, data=[], objects=[com.almasb.fxgl.entity.level.tiled.TiledObject@2b9567af, com.almasb.fxgl.entity.level.tiled.TiledObject@62fad50f, com.almasb.fxgl.entity.level.tiled.TiledObject@5cef1104, com.almasb.fxgl.entity.level.tiled.TiledObject@d9cac1, com.almasb.fxgl.entity.level.tiled.TiledObject@716d6a, com.almasb.fxgl.entity.level.tiled.TiledObject@349782c6, com.almasb.fxgl.entity.level.tiled.TiledObject@10d4d261, com.almasb.fxgl.entity.level.tiled.TiledObject@5e159d78, com.almasb.fxgl.entity.level.tiled.TiledObject@5504b1ed, com.almasb.fxgl.entity.level.tiled.TiledObject@5d0d8839, com.almasb.fxgl.entity.level.tiled.TiledObject@6bfc0e23, com.almasb.fxgl.entity.level.tiled.TiledObject@19f0a079, com.almasb.fxgl.entity.level.tiled.TiledObject@690be173, com.almasb.fxgl.entity.level.tiled.TiledObject@58f6f02b, com.almasb.fxgl.entity.level.tiled.TiledObject@53f06000, com.almasb.fxgl.entity.level.tiled.TiledObject@4f1fe16f, com.almasb.fxgl.entity.level.tiled.TiledObject@79a98186, com.almasb.fxgl.entity.level.tiled.TiledObject@16315130, com.almasb.fxgl.entity.level.tiled.TiledObject@4691d396, com.almasb.fxgl.entity.level.tiled.TiledObject@76b546b2, com.almasb.fxgl.entity.level.tiled.TiledObject@43254c53, com.almasb.fxgl.entity.level.tiled.TiledObject@5f813dd6, com.almasb.fxgl.entity.level.tiled.TiledObject@17c448d3, com.almasb.fxgl.entity.level.tiled.TiledObject@4b180c4f], opacity=0.0, draworder=), Layer(width=0, height=0, name=Incroci, type=objectgroup, visible=false, x=0, y=0, data=[], objects=[com.almasb.fxgl.entity.level.tiled.TiledObject@22b686ab, com.almasb.fxgl.entity.level.tiled.TiledObject@740f60a6, com.almasb.fxgl.entity.level.tiled.TiledObject@41382c24, com.almasb.fxgl.entity.level.tiled.TiledObject@4a492a38], opacity=0.0, draworder=), Layer(width=0, height=0, name=trafficLight, type=objectgroup, visible=false, x=0, y=0, data=[], objects=[com.almasb.fxgl.entity.level.tiled.TiledObject@5c5c7e04, com.almasb.fxgl.entity.level.tiled.TiledObject@53d93f79, com.almasb.fxgl.entity.level.tiled.TiledObject@5300602a, com.almasb.fxgl.entity.level.tiled.TiledObject@501b8898, com.almasb.fxgl.entity.level.tiled.TiledObject@6f8860c1, com.almasb.fxgl.entity.level.tiled.TiledObject@7530a8be, com.almasb.fxgl.entity.level.tiled.TiledObject@25e19702, com.almasb.fxgl.entity.level.tiled.TiledObject@29b2946e, com.almasb.fxgl.entity.level.tiled.TiledObject@59067f1, com.almasb.fxgl.entity.level.tiled.TiledObject@75154aa5, com.almasb.fxgl.entity.level.tiled.TiledObject@5ce58a82, com.almasb.fxgl.entity.level.tiled.TiledObject@61c97494, com.almasb.fxgl.entity.level.tiled.TiledObject@67e038b3, com.almasb.fxgl.entity.level.tiled.TiledObject@38ff0688, com.almasb.fxgl.entity.level.tiled.TiledObject@483e3a8f, com.almasb.fxgl.entity.level.tiled.TiledObject@62799ac8], opacity=0.0, draworder=)], tilesets=[Tileset(firstgid=1, image=../textures/rsz_tiles_sheet.png, name=rsz_tiles_sheet, tilewidth=125, tileheight=125, imagewidth=875, imageheight=750, margin=0, spacing=0, columns=7, tilecount=42, transparentcolor=41ffef, tiles=[])], backgroundcolor=, renderorder=left-up, nextobjectid=66, version=1, tiledversion=1.4.1, type=map, infinite=false, hexsidelength=0, staggeraxis=, staggerindex=, properties={}, propertytypes={})
01:23:47.920 [FXGL Background Thread 4 ] DEBUG TMXLevelLoader       - Creating tile layer entities
01:23:47.921 [FXGL Background Thread 4 ] DEBUG TilesetLoader        - Loading view for layer Tile Layer 1
01:23:47.925 [FXGL Background Thread 4 ] DEBUG TilesetLoader        - Created buffer with size 2000.0x1125.0
01:23:48.080 [FXGL Background Thread 4 ] DEBUG TilesetLoader        - Writing to buffer: dst=0,0, w=125,h=125, src=250,375
01:23:48.081 [FXGL Background Thread 4 ] DEBUG TilesetLoader        - Writing to buffer: dst=125,0, w=125,h=125, src=250,375
01:23:48.081 [FXGL Background Thread 4 ] DEBUG TilesetLoader        - Writing to buffer: dst=250,0, w=125,h=125, src=250,375
01:23:48.081 [FXGL Background Thread 4 ] DEBUG TilesetLoader        - Writing to buffer: dst=375,0, w=125,h=125, src=500,375
01:23:48.081 [FXGL Background Thread 4 ] DEBUG TilesetLoader        - Writing to buffer: dst=500,0, w=125,h=125, src=500,0
01:23:48.081 [FXGL Background Thread 4 ] DEBUG TilesetLoader        - Writing to buffer: dst=625,0, w=125,h=125, src=750,375
01:23:48.082 [FXGL Background Thread 4 ] DEBUG TilesetLoader        - Writing to buffer: dst=750,0, w=125,h=125, src=250,375
01:23:48.082 [FXGL Background Thread 4 ] DEBUG TilesetLoader        - Writing to buffer: dst=875,0, w=125,h=125, src=250,375
01:23:48.082 [FXGL Background Thread 4 ] DEBUG TilesetLoader        - Writing to buffer: dst=1000,0, w=125,h=125, src=250,375
01:23:48.082 [FXGL Background Thread 4 ] DEBUG TilesetLoader        - Writing to buffer: dst=1125,0, w=125,h=125, src=250,375
01:23:48.082 [FXGL Background Thread 4 ] DEBUG TilesetLoader        - Writing to buffer: dst=1250,0, w=125,h=125, src=250,375
01:23:48.082 [FXGL Background Thread 4 ] DEBUG TilesetLoader        - Writing to buffer: dst=1375,0, w=125,h=125, src=500,375
01:23:48.082 [FXGL Background Thread 4 ] DEBUG TilesetLoader        - Writing to buffer: dst=1500,0, w=125,h=125, src=500,0
01:23:48.083 [FXGL Background Thread 4 ] DEBUG TilesetLoader        - Writing to buffer: dst=1625,0, w=125,h=125, src=750,375
01:23:48.083 [FXGL Background Thread 4 ] DEBUG TilesetLoader        - Writing to buffer: dst=1750,0, w=125,h=125, src=250,375
01:23:48.083 [FXGL Background Thread 4 ] DEBUG TilesetLoader        - Writing to buffer: dst=1875,0, w=125,h=125, src=250,375
01:23:48.086 [FXGL Background Thread 4 ] DEBUG TilesetLoader        - Writing to buffer: dst=0,125, w=125,h=125, src=375,375
01:23:48.086 [FXGL Background Thread 4 ] DEBUG TilesetLoader        - Writing to buffer: dst=125,125, w=125,h=125, src=375,375
01:23:48.087 [FXGL Background Thread 4 ] DEBUG TilesetLoader        - Writing to buffer: dst=250,125, w=125,h=125, src=375,375
01:23:48.087 [FXGL Background Thread 4 ] DEBUG TilesetLoader        - Writing to buffer: dst=375,125, w=125,h=125, src=375,500
01:23:48.087 [FXGL Background Thread 4 ] DEBUG TilesetLoader        - Writing to buffer: dst=500,125, w=125,h=125, src=500,0
01:23:48.087 [FXGL Background Thread 4 ] DEBUG TilesetLoader        - Writing to buffer: dst=625,125, w=125,h=125, src=625,500
01:23:48.087 [FXGL Background Thread 4 ] DEBUG TilesetLoader        - Writing to buffer: dst=750,125, w=125,h=125, src=375,375
01:23:48.088 [FXGL Background Thread 4 ] DEBUG TilesetLoader        - Writing to buffer: dst=875,125, w=125,h=125, src=375,375
01:23:48.088 [FXGL Background Thread 4 ] DEBUG TilesetLoader        - Writing to buffer: dst=1000,125, w=125,h=125, src=375,375
01:23:48.088 [FXGL Background Thread 4 ] DEBUG TilesetLoader        - Writing to buffer: dst=1125,125, w=125,h=125, src=375,375
01:23:48.088 [FXGL Background Thread 4 ] DEBUG TilesetLoader        - Writing to buffer: dst=1250,125, w=125,h=125, src=375,375
01:23:48.088 [FXGL Background Thread 4 ] DEBUG TilesetLoader        - Writing to buffer: dst=1375,125, w=125,h=125, src=375,500
01:23:48.088 [FXGL Background Thread 4 ] DEBUG TilesetLoader        - Writing to buffer: dst=1500,125, w=125,h=125, src=500,0
01:23:48.088 [FXGL Background Thread 4 ] DEBUG TilesetLoader        - Writing to buffer: dst=1625,125, w=125,h=125, src=625,500
01:23:48.089 [FXGL Background Thread 4 ] DEBUG TilesetLoader        - Writing to buffer: dst=1750,125, w=125,h=125, src=375,375
01:23:48.090 [FXGL Background Thread 4 ] DEBUG TilesetLoader        - Writing to buffer: dst=1875,125, w=125,h=125, src=375,375
01:23:48.090 [FXGL Background Thread 4 ] DEBUG TilesetLoader        - Writing to buffer: dst=0,250, w=125,h=125, src=625,0
01:23:48.091 [FXGL Background Thread 4 ] DEBUG TilesetLoader        - Writing to buffer: dst=125,250, w=125,h=125, src=625,0
01:23:48.092 [FXGL Background Thread 4 ] DEBUG TilesetLoader        - Writing to buffer: dst=250,250, w=125,h=125, src=625,0
01:23:48.092 [FXGL Background Thread 4 ] DEBUG TilesetLoader        - Writing to buffer: dst=375,250, w=125,h=125, src=625,0
01:23:48.092 [FXGL Background Thread 4 ] DEBUG TilesetLoader        - Writing to buffer: dst=500,250, w=125,h=125, src=750,0
01:23:48.093 [FXGL Background Thread 4 ] DEBUG TilesetLoader        - Writing to buffer: dst=625,250, w=125,h=125, src=625,0
01:23:48.093 [FXGL Background Thread 4 ] DEBUG TilesetLoader        - Writing to buffer: dst=750,250, w=125,h=125, src=625,0
01:23:48.094 [FXGL Background Thread 4 ] DEBUG TilesetLoader        - Writing to buffer: dst=875,250, w=125,h=125, src=625,0
01:23:48.094 [FXGL Background Thread 4 ] DEBUG TilesetLoader        - Writing to buffer: dst=1000,250, w=125,h=125, src=625,0
01:23:48.094 [FXGL Background Thread 4 ] DEBUG TilesetLoader        - Writing to buffer: dst=1125,250, w=125,h=125, src=625,0
01:23:48.094 [FXGL Background Thread 4 ] DEBUG TilesetLoader        - Writing to buffer: dst=1250,250, w=125,h=125, src=625,0
01:23:48.094 [FXGL Background Thread 4 ] DEBUG TilesetLoader        - Writing to buffer: dst=1375,250, w=125,h=125, src=625,0
01:23:48.094 [FXGL Background Thread 4 ] DEBUG TilesetLoader        - Writing to buffer: dst=1500,250, w=125,h=125, src=750,0
01:23:48.094 [FXGL Background Thread 4 ] DEBUG TilesetLoader        - Writing to buffer: dst=1625,250, w=125,h=125, src=625,0
01:23:48.094 [FXGL Background Thread 4 ] DEBUG TilesetLoader        - Writing to buffer: dst=1750,250, w=125,h=125, src=625,0
01:23:48.095 [FXGL Background Thread 4 ] DEBUG TilesetLoader        - Writing to buffer: dst=1875,250, w=125,h=125, src=625,0
01:23:48.095 [FXGL Background Thread 4 ] DEBUG TilesetLoader        - Writing to buffer: dst=0,375, w=125,h=125, src=625,375
01:23:48.095 [FXGL Background Thread 4 ] DEBUG TilesetLoader        - Writing to buffer: dst=125,375, w=125,h=125, src=625,375
01:23:48.095 [FXGL Background Thread 4 ] DEBUG TilesetLoader        - Writing to buffer: dst=250,375, w=125,h=125, src=625,375
01:23:48.095 [FXGL Background Thread 4 ] DEBUG TilesetLoader        - Writing to buffer: dst=375,375, w=125,h=125, src=500,500
01:23:48.095 [FXGL Background Thread 4 ] DEBUG TilesetLoader        - Writing to buffer: dst=500,375, w=125,h=125, src=500,0
01:23:48.095 [FXGL Background Thread 4 ] DEBUG TilesetLoader        - Writing to buffer: dst=625,375, w=125,h=125, src=750,250
01:23:48.096 [FXGL Background Thread 4 ] DEBUG TilesetLoader        - Writing to buffer: dst=750,375, w=125,h=125, src=625,125
01:23:48.096 [FXGL Background Thread 4 ] DEBUG TilesetLoader        - Writing to buffer: dst=875,375, w=125,h=125, src=625,125
01:23:48.096 [FXGL Background Thread 4 ] DEBUG TilesetLoader        - Writing to buffer: dst=1000,375, w=125,h=125, src=625,125
01:23:48.096 [FXGL Background Thread 4 ] DEBUG TilesetLoader        - Writing to buffer: dst=1125,375, w=125,h=125, src=625,125
01:23:48.096 [FXGL Background Thread 4 ] DEBUG TilesetLoader        - Writing to buffer: dst=1250,375, w=125,h=125, src=625,125
01:23:48.096 [FXGL Background Thread 4 ] DEBUG TilesetLoader        - Writing to buffer: dst=1375,375, w=125,h=125, src=500,250
01:23:48.097 [FXGL Background Thread 4 ] DEBUG TilesetLoader        - Writing to buffer: dst=1500,375, w=125,h=125, src=500,0
01:23:48.097 [FXGL Background Thread 4 ] DEBUG TilesetLoader        - Writing to buffer: dst=1625,375, w=125,h=125, src=750,500
01:23:48.097 [FXGL Background Thread 4 ] DEBUG TilesetLoader        - Writing to buffer: dst=1750,375, w=125,h=125, src=625,375
01:23:48.097 [FXGL Background Thread 4 ] DEBUG TilesetLoader        - Writing to buffer: dst=1875,375, w=125,h=125, src=625,375
01:23:48.097 [FXGL Background Thread 4 ] DEBUG TilesetLoader        - Writing to buffer: dst=0,500, w=125,h=125, src=250,375
01:23:48.097 [FXGL Background Thread 4 ] DEBUG TilesetLoader        - Writing to buffer: dst=125,500, w=125,h=125, src=250,375
01:23:48.097 [FXGL Background Thread 4 ] DEBUG TilesetLoader        - Writing to buffer: dst=250,500, w=125,h=125, src=250,375
01:23:48.098 [FXGL Background Thread 4 ] DEBUG TilesetLoader        - Writing to buffer: dst=375,500, w=125,h=125, src=500,375
01:23:48.098 [FXGL Background Thread 4 ] DEBUG TilesetLoader        - Writing to buffer: dst=500,500, w=125,h=125, src=500,0
01:23:48.098 [FXGL Background Thread 4 ] DEBUG TilesetLoader        - Writing to buffer: dst=625,500, w=125,h=125, src=750,125
01:23:48.098 [FXGL Background Thread 4 ] DEBUG TilesetLoader        - Writing to buffer: dst=750,500, w=125,h=125, src=250,125
01:23:48.098 [FXGL Background Thread 4 ] DEBUG TilesetLoader        - Writing to buffer: dst=875,500, w=125,h=125, src=250,125
01:23:48.098 [FXGL Background Thread 4 ] DEBUG TilesetLoader        - Writing to buffer: dst=1000,500, w=125,h=125, src=250,125
01:23:48.098 [FXGL Background Thread 4 ] DEBUG TilesetLoader        - Writing to buffer: dst=1125,500, w=125,h=125, src=250,125
01:23:48.099 [FXGL Background Thread 4 ] DEBUG TilesetLoader        - Writing to buffer: dst=1250,500, w=125,h=125, src=250,125
01:23:48.099 [FXGL Background Thread 4 ] DEBUG TilesetLoader        - Writing to buffer: dst=1375,500, w=125,h=125, src=500,125
01:23:48.099 [FXGL Background Thread 4 ] DEBUG TilesetLoader        - Writing to buffer: dst=1500,500, w=125,h=125, src=500,0
01:23:48.099 [FXGL Background Thread 4 ] DEBUG TilesetLoader        - Writing to buffer: dst=1625,500, w=125,h=125, src=750,375
01:23:48.099 [FXGL Background Thread 4 ] DEBUG TilesetLoader        - Writing to buffer: dst=1750,500, w=125,h=125, src=250,375
01:23:48.100 [FXGL Background Thread 4 ] DEBUG TilesetLoader        - Writing to buffer: dst=1875,500, w=125,h=125, src=250,375
01:23:48.100 [FXGL Background Thread 4 ] DEBUG TilesetLoader        - Writing to buffer: dst=0,625, w=125,h=125, src=375,375
01:23:48.100 [FXGL Background Thread 4 ] DEBUG TilesetLoader        - Writing to buffer: dst=125,625, w=125,h=125, src=375,375
01:23:48.100 [FXGL Background Thread 4 ] DEBUG TilesetLoader        - Writing to buffer: dst=250,625, w=125,h=125, src=375,375
01:23:48.100 [FXGL Background Thread 4 ] DEBUG TilesetLoader        - Writing to buffer: dst=375,625, w=125,h=125, src=375,500
01:23:48.100 [FXGL Background Thread 4 ] DEBUG TilesetLoader        - Writing to buffer: dst=500,625, w=125,h=125, src=500,0
01:23:48.100 [FXGL Background Thread 4 ] DEBUG TilesetLoader        - Writing to buffer: dst=625,625, w=125,h=125, src=625,250
01:23:48.100 [FXGL Background Thread 4 ] DEBUG TilesetLoader        - Writing to buffer: dst=750,625, w=125,h=125, src=375,125
01:23:48.100 [FXGL Background Thread 4 ] DEBUG TilesetLoader        - Writing to buffer: dst=875,625, w=125,h=125, src=375,125
01:23:48.101 [FXGL Background Thread 4 ] DEBUG TilesetLoader        - Writing to buffer: dst=1000,625, w=125,h=125, src=375,125
01:23:48.102 [FXGL Background Thread 4 ] DEBUG TilesetLoader        - Writing to buffer: dst=1125,625, w=125,h=125, src=375,125
01:23:48.102 [FXGL Background Thread 4 ] DEBUG TilesetLoader        - Writing to buffer: dst=1250,625, w=125,h=125, src=375,125
01:23:48.102 [FXGL Background Thread 4 ] DEBUG TilesetLoader        - Writing to buffer: dst=1375,625, w=125,h=125, src=375,250
01:23:48.102 [FXGL Background Thread 4 ] DEBUG TilesetLoader        - Writing to buffer: dst=1500,625, w=125,h=125, src=500,0
01:23:48.102 [FXGL Background Thread 4 ] DEBUG TilesetLoader        - Writing to buffer: dst=1625,625, w=125,h=125, src=625,500
01:23:48.103 [FXGL Background Thread 4 ] DEBUG TilesetLoader        - Writing to buffer: dst=1750,625, w=125,h=125, src=375,375
01:23:48.103 [FXGL Background Thread 4 ] DEBUG TilesetLoader        - Writing to buffer: dst=1875,625, w=125,h=125, src=375,375
01:23:48.103 [FXGL Background Thread 4 ] DEBUG TilesetLoader        - Writing to buffer: dst=0,750, w=125,h=125, src=625,0
01:23:48.103 [FXGL Background Thread 4 ] DEBUG TilesetLoader        - Writing to buffer: dst=125,750, w=125,h=125, src=625,0
01:23:48.103 [FXGL Background Thread 4 ] DEBUG TilesetLoader        - Writing to buffer: dst=250,750, w=125,h=125, src=625,0
01:23:48.103 [FXGL Background Thread 4 ] DEBUG TilesetLoader        - Writing to buffer: dst=375,750, w=125,h=125, src=625,0
01:23:48.103 [FXGL Background Thread 4 ] DEBUG TilesetLoader        - Writing to buffer: dst=500,750, w=125,h=125, src=750,0
01:23:48.104 [FXGL Background Thread 4 ] DEBUG TilesetLoader        - Writing to buffer: dst=625,750, w=125,h=125, src=625,0
01:23:48.104 [FXGL Background Thread 4 ] DEBUG TilesetLoader        - Writing to buffer: dst=750,750, w=125,h=125, src=625,0
01:23:48.104 [FXGL Background Thread 4 ] DEBUG TilesetLoader        - Writing to buffer: dst=875,750, w=125,h=125, src=625,0
01:23:48.104 [FXGL Background Thread 4 ] DEBUG TilesetLoader        - Writing to buffer: dst=1000,750, w=125,h=125, src=625,0
01:23:48.104 [FXGL Background Thread 4 ] DEBUG TilesetLoader        - Writing to buffer: dst=1125,750, w=125,h=125, src=625,0
01:23:48.104 [FXGL Background Thread 4 ] DEBUG TilesetLoader        - Writing to buffer: dst=1250,750, w=125,h=125, src=625,0
01:23:48.104 [FXGL Background Thread 4 ] DEBUG TilesetLoader        - Writing to buffer: dst=1375,750, w=125,h=125, src=625,0
01:23:48.105 [FXGL Background Thread 4 ] DEBUG TilesetLoader        - Writing to buffer: dst=1500,750, w=125,h=125, src=750,0
01:23:48.105 [FXGL Background Thread 4 ] DEBUG TilesetLoader        - Writing to buffer: dst=1625,750, w=125,h=125, src=625,0
01:23:48.105 [FXGL Background Thread 4 ] DEBUG TilesetLoader        - Writing to buffer: dst=1750,750, w=125,h=125, src=625,0
01:23:48.106 [FXGL Background Thread 4 ] DEBUG TilesetLoader        - Writing to buffer: dst=1875,750, w=125,h=125, src=625,0
01:23:48.106 [FXGL Background Thread 4 ] DEBUG TilesetLoader        - Writing to buffer: dst=0,875, w=125,h=125, src=625,375
01:23:48.106 [FXGL Background Thread 4 ] DEBUG TilesetLoader        - Writing to buffer: dst=125,875, w=125,h=125, src=625,375
01:23:48.106 [FXGL Background Thread 4 ] DEBUG TilesetLoader        - Writing to buffer: dst=250,875, w=125,h=125, src=625,375
01:23:48.107 [FXGL Background Thread 4 ] DEBUG TilesetLoader        - Writing to buffer: dst=375,875, w=125,h=125, src=500,500
01:23:48.107 [FXGL Background Thread 4 ] DEBUG TilesetLoader        - Writing to buffer: dst=500,875, w=125,h=125, src=500,0
01:23:48.107 [FXGL Background Thread 4 ] DEBUG TilesetLoader        - Writing to buffer: dst=625,875, w=125,h=125, src=750,500
01:23:48.107 [FXGL Background Thread 4 ] DEBUG TilesetLoader        - Writing to buffer: dst=750,875, w=125,h=125, src=625,375
01:23:48.108 [FXGL Background Thread 4 ] DEBUG TilesetLoader        - Writing to buffer: dst=875,875, w=125,h=125, src=625,375
01:23:48.108 [FXGL Background Thread 4 ] DEBUG TilesetLoader        - Writing to buffer: dst=1000,875, w=125,h=125, src=625,375
01:23:48.108 [FXGL Background Thread 4 ] DEBUG TilesetLoader        - Writing to buffer: dst=1125,875, w=125,h=125, src=625,375
01:23:48.108 [FXGL Background Thread 4 ] DEBUG TilesetLoader        - Writing to buffer: dst=1250,875, w=125,h=125, src=625,375
01:23:48.108 [FXGL Background Thread 4 ] DEBUG TilesetLoader        - Writing to buffer: dst=1375,875, w=125,h=125, src=500,500
01:23:48.108 [FXGL Background Thread 4 ] DEBUG TilesetLoader        - Writing to buffer: dst=1500,875, w=125,h=125, src=500,0
01:23:48.109 [FXGL Background Thread 4 ] DEBUG TilesetLoader        - Writing to buffer: dst=1625,875, w=125,h=125, src=750,500
01:23:48.109 [FXGL Background Thread 4 ] DEBUG TilesetLoader        - Writing to buffer: dst=1750,875, w=125,h=125, src=625,375
01:23:48.109 [FXGL Background Thread 4 ] DEBUG TilesetLoader        - Writing to buffer: dst=1875,875, w=125,h=125, src=625,375
01:23:48.109 [FXGL Background Thread 4 ] DEBUG TilesetLoader        - Writing to buffer: dst=0,1000, w=125,h=125, src=250,375
01:23:48.109 [FXGL Background Thread 4 ] DEBUG TilesetLoader        - Writing to buffer: dst=125,1000, w=125,h=125, src=250,375
01:23:48.110 [FXGL Background Thread 4 ] DEBUG TilesetLoader        - Writing to buffer: dst=250,1000, w=125,h=125, src=250,375
01:23:48.110 [FXGL Background Thread 4 ] DEBUG TilesetLoader        - Writing to buffer: dst=375,1000, w=125,h=125, src=500,375
01:23:48.110 [FXGL Background Thread 4 ] DEBUG TilesetLoader        - Writing to buffer: dst=500,1000, w=125,h=125, src=500,0
01:23:48.110 [FXGL Background Thread 4 ] DEBUG TilesetLoader        - Writing to buffer: dst=625,1000, w=125,h=125, src=750,375
01:23:48.110 [FXGL Background Thread 4 ] DEBUG TilesetLoader        - Writing to buffer: dst=750,1000, w=125,h=125, src=250,375
01:23:48.110 [FXGL Background Thread 4 ] DEBUG TilesetLoader        - Writing to buffer: dst=875,1000, w=125,h=125, src=250,375
01:23:48.111 [FXGL Background Thread 4 ] DEBUG TilesetLoader        - Writing to buffer: dst=1000,1000, w=125,h=125, src=250,375
01:23:48.111 [FXGL Background Thread 4 ] DEBUG TilesetLoader        - Writing to buffer: dst=1125,1000, w=125,h=125, src=250,375
01:23:48.111 [FXGL Background Thread 4 ] DEBUG TilesetLoader        - Writing to buffer: dst=1250,1000, w=125,h=125, src=250,375
01:23:48.111 [FXGL Background Thread 4 ] DEBUG TilesetLoader        - Writing to buffer: dst=1375,1000, w=125,h=125, src=500,375
01:23:48.112 [FXGL Background Thread 4 ] DEBUG TilesetLoader        - Writing to buffer: dst=1500,1000, w=125,h=125, src=500,0
01:23:48.112 [FXGL Background Thread 4 ] DEBUG TilesetLoader        - Writing to buffer: dst=1625,1000, w=125,h=125, src=750,375
01:23:48.112 [FXGL Background Thread 4 ] DEBUG TilesetLoader        - Writing to buffer: dst=1750,1000, w=125,h=125, src=250,375
01:23:48.112 [FXGL Background Thread 4 ] DEBUG TilesetLoader        - Writing to buffer: dst=1875,1000, w=125,h=125, src=250,375
01:23:48.112 [FXGL Background Thread 4 ] DEBUG TMXLevelLoader       - Creating object layer entities
01:23:48.163 [FXGL Background Thread 4 ] DEBUG FXGLAssetLoaderServi - Loading from file system: /assets/textures/semaforoRosso-01.png
01:23:48.165 [FXGL Background Thread 4 ] DEBUG FXGLAssetLoaderServi - Loading from file system: /assets/textures/semaforoVerde-01.png
01:23:48.168 [FXGL Background Thread 4 ] DEBUG FXGLAssetLoaderServi - Loading from cache: /assets/textures/semaforoRosso-01.png
01:23:48.168 [FXGL Background Thread 4 ] DEBUG FXGLAssetLoaderServi - Loading from cache: /assets/textures/semaforoVerde-01.png
01:23:48.168 [FXGL Background Thread 4 ] DEBUG FXGLAssetLoaderServi - Loading from cache: /assets/textures/semaforoRosso-01.png
01:23:48.169 [FXGL Background Thread 4 ] DEBUG FXGLAssetLoaderServi - Loading from cache: /assets/textures/semaforoVerde-01.png
01:23:48.169 [FXGL Background Thread 4 ] DEBUG FXGLAssetLoaderServi - Loading from cache: /assets/textures/semaforoRosso-01.png
01:23:48.169 [FXGL Background Thread 4 ] DEBUG FXGLAssetLoaderServi - Loading from cache: /assets/textures/semaforoVerde-01.png
01:23:48.170 [FXGL Background Thread 4 ] DEBUG FXGLAssetLoaderServi - Loading from file system: /assets/textures/semaforoRosso-04.png
01:23:48.172 [FXGL Background Thread 4 ] DEBUG FXGLAssetLoaderServi - Loading from file system: /assets/textures/semaforoVerde-04.png
01:23:48.175 [FXGL Background Thread 4 ] DEBUG FXGLAssetLoaderServi - Loading from cache: /assets/textures/semaforoRosso-04.png
01:23:48.175 [FXGL Background Thread 4 ] DEBUG FXGLAssetLoaderServi - Loading from cache: /assets/textures/semaforoVerde-04.png
01:23:48.175 [FXGL Background Thread 4 ] DEBUG FXGLAssetLoaderServi - Loading from cache: /assets/textures/semaforoRosso-04.png
01:23:48.175 [FXGL Background Thread 4 ] DEBUG FXGLAssetLoaderServi - Loading from cache: /assets/textures/semaforoVerde-04.png
01:23:48.176 [FXGL Background Thread 4 ] DEBUG FXGLAssetLoaderServi - Loading from cache: /assets/textures/semaforoRosso-04.png
01:23:48.177 [FXGL Background Thread 4 ] DEBUG FXGLAssetLoaderServi - Loading from cache: /assets/textures/semaforoVerde-04.png
01:23:48.177 [FXGL Background Thread 4 ] DEBUG FXGLAssetLoaderServi - Loading from file system: /assets/textures/semaforoRosso-03.png
01:23:48.178 [FXGL Background Thread 4 ] DEBUG FXGLAssetLoaderServi - Loading from file system: /assets/textures/semaforoVerde-03.png
01:23:48.180 [FXGL Background Thread 4 ] DEBUG FXGLAssetLoaderServi - Loading from cache: /assets/textures/semaforoRosso-03.png
01:23:48.180 [FXGL Background Thread 4 ] DEBUG FXGLAssetLoaderServi - Loading from cache: /assets/textures/semaforoVerde-03.png
01:23:48.182 [FXGL Background Thread 4 ] DEBUG FXGLAssetLoaderServi - Loading from cache: /assets/textures/semaforoRosso-03.png
01:23:48.182 [FXGL Background Thread 4 ] DEBUG FXGLAssetLoaderServi - Loading from cache: /assets/textures/semaforoVerde-03.png
01:23:48.183 [FXGL Background Thread 4 ] DEBUG FXGLAssetLoaderServi - Loading from cache: /assets/textures/semaforoRosso-03.png
01:23:48.183 [FXGL Background Thread 4 ] DEBUG FXGLAssetLoaderServi - Loading from cache: /assets/textures/semaforoVerde-03.png
01:23:48.183 [FXGL Background Thread 4 ] DEBUG FXGLAssetLoaderServi - Loading from file system: /assets/textures/semaforoRosso-02.png
01:23:48.184 [FXGL Background Thread 4 ] DEBUG FXGLAssetLoaderServi - Loading from file system: /assets/textures/semaforoVerde-02.png
01:23:48.186 [FXGL Background Thread 4 ] DEBUG FXGLAssetLoaderServi - Loading from cache: /assets/textures/semaforoRosso-02.png
01:23:48.186 [FXGL Background Thread 4 ] DEBUG FXGLAssetLoaderServi - Loading from cache: /assets/textures/semaforoVerde-02.png
01:23:48.188 [FXGL Background Thread 4 ] DEBUG FXGLAssetLoaderServi - Loading from cache: /assets/textures/semaforoRosso-02.png
01:23:48.188 [FXGL Background Thread 4 ] DEBUG FXGLAssetLoaderServi - Loading from cache: /assets/textures/semaforoVerde-02.png
01:23:48.189 [FXGL Background Thread 4 ] DEBUG FXGLAssetLoaderServi - Loading from cache: /assets/textures/semaforoRosso-02.png
01:23:48.190 [FXGL Background Thread 4 ] DEBUG FXGLAssetLoaderServi - Loading from cache: /assets/textures/semaforoVerde-02.png
01:23:48.191 [FXGL Background Thread 4 ] DEBUG GameWorld            - Clearing removable entities
01:23:48.212 [FXGL Background Thread 4 ] DEBUG GameWorld            - Setting level: com.almasb.fxgl.entity.level.Level@545bee17
01:23:48.237 [FXGL Background Thread 4 ] DEBUG FXGLAssetLoaderServi - Loading from file system: /assets/textures/pointer-sprite.png
01:23:48.262 [FXGL Background Thread 4 ] INFO  FXGLApplication      - Game initialization took: 0,439 sec
01:23:48.266 [JavaFX Application Thread] DEBUG Input                - Clearing active input actions
01:23:48.271 [JavaFX Application Thread] DEBUG GameApplicationServi - Removing overlay from FXGLLoadingScene and adding to GameScene
01:23:48.273 [JavaFX Application Thread] DEBUG MainWindow           - FXGLLoadingScene -> GameScene
01:23:49.885 [FXGL Background Thread 3 ] DEBUG Engine               - Logging environment variables
01:23:49.887 [FXGL Background Thread 3 ] DEBUG Engine               - achievements: []
01:23:49.887 [FXGL Background Thread 3 ] DEBUG Engine               - appIcon: fxgl_icon.png
01:23:49.887 [FXGL Background Thread 3 ] DEBUG Engine               - applicationMode: DEVELOPER
01:23:49.887 [FXGL Background Thread 3 ] DEBUG Engine               - cSSList: [fxgl_dark.css]
01:23:49.888 [FXGL Background Thread 3 ] DEBUG Engine               - configClass: Optional.empty
01:23:49.888 [FXGL Background Thread 3 ] DEBUG Engine               - credits: []
01:23:49.888 [FXGL Background Thread 3 ] DEBUG Engine               - devBBoxColorProperty: ObjectProperty [value: 0xff0000ff]
01:23:49.888 [FXGL Background Thread 3 ] DEBUG Engine               - devEnableDebugCameraProperty: BooleanProperty [value: false]
01:23:49.888 [FXGL Background Thread 3 ] DEBUG Engine               - devSensorColorProperty: ObjectProperty [value: 0xffff00ff]
01:23:49.888 [FXGL Background Thread 3 ] DEBUG Engine               - devShowBBoxProperty: BooleanProperty [value: false]
01:23:49.888 [FXGL Background Thread 3 ] DEBUG Engine               - devShowPositionProperty: BooleanProperty [value: false]
01:23:49.888 [FXGL Background Thread 3 ] DEBUG Engine               - enabledMenuItems: [SAVE_LOAD, EXTRA, ONLINE]
01:23:49.889 [FXGL Background Thread 3 ] DEBUG Engine               - engineServices: [class com.almasb.fxgl.app.FXGLApplication$GameApplicationService, class com.almasb.fxgl.app.services.FXGLDialogService, class com.almasb.fxgl.app.services.IOTaskExecutorService, class com.almasb.fxgl.event.EventBusService, class com.almasb.fxgl.io.FileSystemService, class com.almasb.fxgl.localization.LocalizationService, class com.almasb.fxgl.app.services.FXGLAssetLoaderService, class com.almasb.fxgl.app.services.SystemBundleService, class com.almasb.fxgl.profile.SaveLoadService, class com.almasb.fxgl.ui.FXGLUIFactoryServiceProvider, class com.almasb.fxgl.ui.FXGLDialogFactoryServiceProvider, class com.almasb.fxgl.audio.AudioPlayer, class com.almasb.fxgl.notification.impl.NotificationServiceProvider, class com.almasb.fxgl.achievement.AchievementService, class com.almasb.fxgl.cutscene.CutsceneService, class com.almasb.fxgl.minigames.MiniGameService, class com.almasb.fxgl.net.NetService, class com.almasb.fxgl.app.services.UpdaterService, class com.almasb.fxgl.dev.DevService]
01:23:49.889 [FXGL Background Thread 3 ] DEBUG Engine               - fontGame: Abel-Regular.ttf
01:23:49.889 [FXGL Background Thread 3 ] DEBUG Engine               - fontMono: lucida_console.ttf
01:23:49.889 [FXGL Background Thread 3 ] DEBUG Engine               - fontText: Courier-Prime.ttf
01:23:49.889 [FXGL Background Thread 3 ] DEBUG Engine               - fontUI: VarelaRound-Regular.ttf
01:23:49.891 [FXGL Background Thread 3 ] DEBUG Engine               - fullScreen: BooleanProperty [value: false]
01:23:49.892 [FXGL Background Thread 3 ] DEBUG Engine               - gameDifficulty: MEDIUM
01:23:49.892 [FXGL Background Thread 3 ] DEBUG Engine               - gameDifficultyProperty: ObjectProperty [value: MEDIUM]
01:23:49.892 [FXGL Background Thread 3 ] DEBUG Engine               - globalMusicVolume: 0.5
01:23:49.892 [FXGL Background Thread 3 ] DEBUG Engine               - globalMusicVolumeProperty: DoubleProperty [value: 0.5]
01:23:49.892 [FXGL Background Thread 3 ] DEBUG Engine               - globalSoundVolume: 0.5
01:23:49.892 [FXGL Background Thread 3 ] DEBUG Engine               - globalSoundVolumeProperty: DoubleProperty [value: 0.5]
01:23:49.893 [FXGL Background Thread 3 ] DEBUG Engine               - height: 1125
01:23:49.893 [FXGL Background Thread 3 ] DEBUG Engine               - isAndroid: false
01:23:49.893 [FXGL Background Thread 3 ] DEBUG Engine               - isBrowser: false
01:23:49.893 [FXGL Background Thread 3 ] DEBUG Engine               - isClickFeedbackEnabled: false
01:23:49.893 [FXGL Background Thread 3 ] DEBUG Engine               - isCloseConfirmation: false
01:23:49.894 [FXGL Background Thread 3 ] DEBUG Engine               - isDesktop: true
01:23:49.894 [FXGL Background Thread 3 ] DEBUG Engine               - isDeveloperMenuEnabled: true
01:23:49.894 [FXGL Background Thread 3 ] DEBUG Engine               - isEntityPreloadEnabled: true
01:23:49.899 [FXGL Background Thread 3 ] DEBUG Engine               - isExperimentalNative: false
01:23:49.899 [FXGL Background Thread 3 ] DEBUG Engine               - isExperimentalTiledLargeMap: false
01:23:49.899 [FXGL Background Thread 3 ] DEBUG Engine               - isFileSystemWriteAllowed: true
01:23:49.899 [FXGL Background Thread 3 ] DEBUG Engine               - isFullScreenAllowed: false
01:23:49.899 [FXGL Background Thread 3 ] DEBUG Engine               - isFullScreenFromStart: false
01:23:49.900 [FXGL Background Thread 3 ] DEBUG Engine               - isGameMenuEnabled: true
01:23:49.902 [FXGL Background Thread 3 ] DEBUG Engine               - isIOS: false
01:23:49.902 [FXGL Background Thread 3 ] DEBUG Engine               - isIntroEnabled: false
01:23:49.902 [FXGL Background Thread 3 ] DEBUG Engine               - isLinux: false
01:23:49.902 [FXGL Background Thread 3 ] DEBUG Engine               - isMac: false
01:23:49.902 [FXGL Background Thread 3 ] DEBUG Engine               - isMainMenuEnabled: true
01:23:49.902 [FXGL Background Thread 3 ] DEBUG Engine               - isManualResizeEnabled: true
01:23:49.902 [FXGL Background Thread 3 ] DEBUG Engine               - isMobile: false
01:23:49.902 [FXGL Background Thread 3 ] DEBUG Engine               - isPreserveResizeRatio: true
01:23:49.902 [FXGL Background Thread 3 ] DEBUG Engine               - isProfilingEnabled: false
01:23:49.902 [FXGL Background Thread 3 ] DEBUG Engine               - isSingleStep: false
01:23:49.902 [FXGL Background Thread 3 ] DEBUG Engine               - isUserProfileEnabled: false
01:23:49.902 [FXGL Background Thread 3 ] DEBUG Engine               - isWindows: true
01:23:49.902 [FXGL Background Thread 3 ] DEBUG Engine               - language: ObjectProperty [value: ENGLISH]
01:23:49.902 [FXGL Background Thread 3 ] DEBUG Engine               - menuKey: ESCAPE
01:23:49.904 [FXGL Background Thread 3 ] DEBUG Engine               - notificationViewClass: class com.almasb.fxgl.notification.view.XboxNotificationView
01:23:49.904 [FXGL Background Thread 3 ] DEBUG Engine               - pixelsPerMeter: 50.0
01:23:49.905 [FXGL Background Thread 3 ] DEBUG Engine               - platform: WINDOWS
01:23:49.905 [FXGL Background Thread 3 ] DEBUG Engine               - profileDir: profiles/
01:23:49.905 [FXGL Background Thread 3 ] DEBUG Engine               - profileName: StringProperty [value: DEFAULT]
01:23:49.905 [FXGL Background Thread 3 ] DEBUG Engine               - randomSeed: -1
01:23:49.905 [FXGL Background Thread 3 ] DEBUG Engine               - runtimeInfo: RuntimeInfo(platform=WINDOWS, version=dev-SNAPSHOT, build=08.09.2020 17.31)
01:23:49.905 [FXGL Background Thread 3 ] DEBUG Engine               - saveFileExt: sav
01:23:49.905 [FXGL Background Thread 3 ] DEBUG Engine               - sceneFactory: it.uniroma1.metodologie.trafficGame.TrafficApp$1@3d0387ac
01:23:49.905 [FXGL Background Thread 3 ] DEBUG Engine               - secondsIn24h: 60
01:23:49.905 [FXGL Background Thread 3 ] DEBUG Engine               - soundMenuBack: menu/back.wav
01:23:49.906 [FXGL Background Thread 3 ] DEBUG Engine               - soundMenuPress: menu/press.wav
01:23:49.906 [FXGL Background Thread 3 ] DEBUG Engine               - soundMenuSelect: menu/select.wav
01:23:49.906 [FXGL Background Thread 3 ] DEBUG Engine               - soundNotification: core/notification.wav
01:23:49.906 [FXGL Background Thread 3 ] DEBUG Engine               - stageStyle: DECORATED
01:23:49.906 [FXGL Background Thread 3 ] DEBUG Engine               - supportedLanguages: [ENGLISH, FRENCH, GERMAN, HUNGARIAN, RUSSIAN]
01:23:49.906 [FXGL Background Thread 3 ] DEBUG Engine               - title: Traffic
01:23:49.906 [FXGL Background Thread 3 ] DEBUG Engine               - urlGithub: https://github.com/AlmasB/FXGL
01:23:49.906 [FXGL Background Thread 3 ] DEBUG Engine               - urlLeaderboard: http://fxgl-top.herokuapp.com/
01:23:49.906 [FXGL Background Thread 3 ] DEBUG Engine               - urlPOM: https://raw.githubusercontent.com/AlmasB/FXGL/master/pom.xml
01:23:49.906 [FXGL Background Thread 3 ] DEBUG Engine               - version: Alpha 1.0
01:23:49.906 [FXGL Background Thread 3 ] DEBUG Engine               - versionCheckDays: 7
01:23:49.906 [FXGL Background Thread 3 ] DEBUG Engine               - width: 2000
01:23:49.906 [FXGL Background Thread 3 ] DEBUG Engine               - Logging services
01:23:49.906 [FXGL Background Thread 3 ] DEBUG Engine               - class com.almasb.fxgl.app.FXGLApplication$GameApplicationService
01:23:49.906 [FXGL Background Thread 3 ] DEBUG Engine               - class com.almasb.fxgl.app.services.FXGLDialogService
01:23:49.906 [FXGL Background Thread 3 ] DEBUG Engine               - class com.almasb.fxgl.app.services.IOTaskExecutorService
01:23:49.906 [FXGL Background Thread 3 ] DEBUG Engine               - class com.almasb.fxgl.event.EventBusService
01:23:49.906 [FXGL Background Thread 3 ] DEBUG Engine               - class com.almasb.fxgl.io.FileSystemService
01:23:49.908 [FXGL Background Thread 3 ] DEBUG Engine               - class com.almasb.fxgl.localization.LocalizationService
01:23:49.908 [FXGL Background Thread 3 ] DEBUG Engine               - class com.almasb.fxgl.app.services.FXGLAssetLoaderService
01:23:49.908 [FXGL Background Thread 3 ] DEBUG Engine               - class com.almasb.fxgl.app.services.SystemBundleService
01:23:49.908 [FXGL Background Thread 3 ] DEBUG Engine               - class com.almasb.fxgl.profile.SaveLoadService
01:23:49.908 [FXGL Background Thread 3 ] DEBUG Engine               - class com.almasb.fxgl.ui.FXGLUIFactoryServiceProvider
01:23:49.908 [FXGL Background Thread 3 ] DEBUG Engine               - class com.almasb.fxgl.ui.FXGLDialogFactoryServiceProvider
01:23:49.908 [FXGL Background Thread 3 ] DEBUG Engine               - class com.almasb.fxgl.audio.AudioPlayer
01:23:49.908 [FXGL Background Thread 3 ] DEBUG Engine               - class com.almasb.fxgl.notification.impl.NotificationServiceProvider
01:23:49.908 [FXGL Background Thread 3 ] DEBUG Engine               - class com.almasb.fxgl.achievement.AchievementService
01:23:49.908 [FXGL Background Thread 3 ] DEBUG Engine               - class com.almasb.fxgl.cutscene.CutsceneService
01:23:49.908 [FXGL Background Thread 3 ] DEBUG Engine               - class com.almasb.fxgl.minigames.MiniGameService
01:23:49.908 [FXGL Background Thread 3 ] DEBUG Engine               - class com.almasb.fxgl.net.NetService
01:23:49.908 [FXGL Background Thread 3 ] DEBUG Engine               - class com.almasb.fxgl.app.services.UpdaterService
01:23:49.909 [FXGL Background Thread 3 ] DEBUG Engine               - class com.almasb.fxgl.dev.DevService
01:24:03.014 [JavaFX Application Thread] DEBUG FXGLApplication      - Exiting FXGL
01:24:03.014 [JavaFX Application Thread] DEBUG LoopRunner           - Stopping loop
01:24:03.014 [JavaFX Application Thread] DEBUG SystemBundleService  - Saving FXGL system data
01:24:03.016 [JavaFX Application Thread] DEBUG FileSystemAccess     - Writing to: C:\Users\Andrea\Desktop\Homework\traffic-mobile\system\fxgl.bundle
01:24:03.017 [JavaFX Application Thread] DEBUG Async                - Shutting down background threads
01:24:03.018 [JavaFX Application Thread] DEBUG MainWindow           - Closing main window
01:24:03.027 [JavaFX Application Thread] DEBUG Logger               - Closing Logger
