02:51:10.570 [main                     ] DEBUG Logger               - Configured Logger
02:51:10.584 [main                     ] DEBUG GameApplication      - Logging settings
Title: Traffic
Version: Alpha 1.0
Width: 2000
Height: 1125
Fullscreen: false
Intro: false
Profiling: false
Single step:false
App Mode: DEVELOPER
Menu Key: ESCAPE
Stage Style: DECORATED
Scene Factory: class it.uniroma1.metodologie.trafficGame.TrafficApp$1

02:51:10.904 [JavaFX Application Thread] DEBUG FXGLApplication      - Initializing FXGL
02:51:10.910 [JavaFX Application Thread] INFO  Engine               - FXGL-dev-SNAPSHOT (08.09.2020 17.31) on WINDOWS (J:13.0.2 FX:14)
02:51:10.910 [JavaFX Application Thread] DEBUG Engine               - JRE Vendor Name: Oracle Corporation
02:51:10.910 [JavaFX Application Thread] DEBUG Engine               - Running on OS: Windows 10 version 10.0
02:51:10.910 [JavaFX Application Thread] DEBUG Engine               - Architecture: amd64
02:51:10.911 [JavaFX Application Thread] INFO  Engine               - Source code and latest versions at: https://github.com/AlmasB/FXGL
02:51:10.911 [JavaFX Application Thread] INFO  Engine               -              Join the FXGL chat at: https://gitter.im/AlmasB/FXGL
02:51:10.984 [JavaFX Application Thread] DEBUG MainWindow           - Creating a JavaFX scene
02:51:11.020 [JavaFX Application Thread] DEBUG MainWindow           - Target settings size: 2000.0 x 1125.0
02:51:11.020 [JavaFX Application Thread] DEBUG MainWindow           - Scaled scene size:    2000.0 x 1125.0
02:51:11.021 [JavaFX Application Thread] DEBUG MainWindow           - Scaled ratio: (1.0, 1.0)
02:51:11.021 [JavaFX Application Thread] DEBUG MainWindow           - Set initial scene to StartupScene
02:51:11.026 [JavaFX Application Thread] DEBUG MainWindow           - Opening main window
02:51:11.091 [JavaFX Application Thread] DEBUG MainWindow           - Window border size: (16.0, 39.0)
02:51:11.092 [JavaFX Application Thread] DEBUG MainWindow           - Scaled size: 2000.0 x 1125.0
02:51:11.092 [JavaFX Application Thread] DEBUG MainWindow           - Scaled ratio: (1.0, 1.0)
02:51:11.092 [JavaFX Application Thread] DEBUG MainWindow           - Scene size: 2000.0 x 1125.0
02:51:11.092 [JavaFX Application Thread] DEBUG MainWindow           - Stage size: 2016.0 x 1164.0
02:51:11.117 [FXGL Background Thread 1 ] DEBUG Engine               - Initializing environment variables
02:51:11.139 [FXGL Background Thread 1 ] DEBUG GameApplicationServi - Applying CSS: fxgl_dark.css
02:51:11.140 [FXGL Background Thread 1 ] DEBUG FXGLAssetLoaderServi - Loading from file system: /assets/ui/css/fxgl_dark.css
02:51:11.181 [FXGL Background Thread 1 ] DEBUG GameApplicationServi - Initializing application scenes
02:51:11.241 [FXGL Background Thread 1 ] DEBUG GameWorld            - Game world initialized
02:51:11.278 [FXGL Background Thread 1 ] DEBUG PhysicsWorld         - Physics world initialized: appHeight=1125, physics.ppm=50,0
02:51:11.280 [FXGL Background Thread 1 ] DEBUG GameScene            - Game scene initialized: 2000x1125
02:51:11.290 [FXGL Background Thread 1 ] DEBUG FXGLAssetLoaderServi - Loading from file system: /assets/textures/bg.jpg
02:51:11.572 [FXGL Background Thread 1 ] DEBUG FXGLAssetLoaderServi - Loading from file system: /assets/textures/logo.png
02:51:11.658 [FXGL Background Thread 1 ] DEBUG FXGLAssetLoaderServi - Loading from file system: /assets/textures/particles/trace_horizontal.png
02:51:11.677 [FXGL Background Thread 1 ] DEBUG FXGL.DefaultMenu     - createMenuBodyGameMenu()
02:51:11.686 [FXGL Background Thread 1 ] DEBUG FXGL.DefaultMenu     - createOptionsMenu()
02:51:11.689 [FXGL Background Thread 1 ] DEBUG FXGL.DefaultMenu     - createExtraMenu()
02:51:11.692 [FXGL Background Thread 1 ] DEBUG FXGLAssetLoaderServi - Loading from file system: /assets/textures/particles/smoke.png
02:51:11.728 [FXGL Background Thread 1 ] DEBUG GameApplicationServi - Application scenes initialized
02:51:11.735 [FXGL Background Thread 1 ] DEBUG SystemBundleService  - Loading FXGL system data
02:51:11.739 [FXGL Background Thread 1 ] DEBUG FileSystemAccess     - Reading from: C:\Users\Andrea\Desktop\Homework\traffic-mobile\system\fxgl.bundle
02:51:11.745 [FXGL Background Thread 1 ] DEBUG SystemBundleService  - Bundle FXGL: {}
02:51:11.745 [FXGL Background Thread 1 ] DEBUG UpdaterService       - Checking for updates
02:51:11.776 [FXGL Background Thread 1 ] DEBUG FXGLApplication      - Loading default localization
02:51:11.776 [FXGL Background Thread 1 ] DEBUG FXGLAssetLoaderServi - Loading from file system: /assets/languages/english.lang
02:51:11.776 [FXGL Background Thread 4 ] DEBUG FXGLApplication      - Loading fonts
02:51:11.776 [FXGL Background Thread 4 ] DEBUG FXGLAssetLoaderServi - Loading from file system: /assets/ui/fonts/VarelaRound-Regular.ttf
02:51:11.788 [FXGL Background Thread 1 ] INFO  FXGLApplication      - FXGL initialization took: 0,670 sec
02:51:11.796 [JavaFX Application Thread] DEBUG Input                - Registered new binding: Change trafficlight status - F
02:51:11.796 [JavaFX Application Thread] DEBUG Input                - Registered new binding: Move Right - D
02:51:11.796 [JavaFX Application Thread] DEBUG Input                - Registered new binding: Move Left - A
02:51:11.796 [JavaFX Application Thread] DEBUG Input                - Registered new binding: Move Up - W
02:51:11.796 [JavaFX Application Thread] DEBUG Input                - Registered new binding: Move Down - S
02:51:11.797 [JavaFX Application Thread] DEBUG Input                - Registered new binding: Spawn Car - Space
02:51:11.798 [JavaFX Application Thread] DEBUG Input                - Registered new binding: Select and change traffic light - LMB
02:51:11.798 [JavaFX Application Thread] DEBUG FXGLAssetLoaderServi - Loading from file system: /assets/textures/fxgl_icon.png
02:51:11.808 [JavaFX Application Thread] DEBUG FXGLAssetLoaderServi - Loading from file system: /assets/ui/cursors/fxgl_default.png
02:51:11.810 [JavaFX Application Thread] DEBUG Input                - Registered new binding: Screenshot - P
02:51:11.810 [JavaFX Application Thread] DEBUG Input                - Registered new binding: Dev Options - 1
02:51:11.810 [JavaFX Application Thread] DEBUG Input                - Registered new binding: Dev Console - 2
02:51:11.811 [JavaFX Application Thread] DEBUG Input                - Registered new binding: System info dump - CTRL+9
02:51:11.811 [JavaFX Application Thread] DEBUG Input                - Registered new binding: Restart - CTRL+R
02:51:11.811 [JavaFX Application Thread] DEBUG Input                - Registered new binding: Toggle Debug Camera - CTRL+C
02:51:11.813 [JavaFX Application Thread] DEBUG LoopRunner           - Starting loop
02:51:11.824 [JavaFX Application Thread] DEBUG Input                - Clearing active input actions
02:51:11.830 [JavaFX Application Thread] DEBUG GameApplicationServi - Removing overlay from StartupScene and adding to FXGLMainMenuDummyScene
02:51:11.850 [JavaFX Application Thread] DEBUG MainWindow           - StartupScene -> FXGLMainMenuDummyScene
02:51:11.850 [JavaFX Application Thread] DEBUG MainWindow           - Push state: TrafficAppMenu
02:51:11.850 [JavaFX Application Thread] DEBUG Input                - Clearing active input actions
02:51:11.858 [JavaFX Application Thread] DEBUG GameApplicationServi - Removing overlay from FXGLMainMenuDummyScene and adding to TrafficAppMenu
02:51:11.858 [JavaFX Application Thread] DEBUG MainWindow           - FXGLMainMenuDummyScene -> TrafficAppMenu
02:51:12.366 [FXGL Background Thread 4 ] DEBUG FXGLAssetLoaderServi - Loading from file system: /assets/ui/fonts/Abel-Regular.ttf
02:51:12.369 [FXGL Background Thread 4 ] DEBUG FXGLAssetLoaderServi - Loading from file system: /assets/ui/fonts/lucida_console.ttf
02:51:12.373 [FXGL Background Thread 4 ] DEBUG FXGLAssetLoaderServi - Loading from file system: /assets/ui/fonts/Courier-Prime.ttf
02:51:12.378 [JavaFX Application Thread] DEBUG FXGLApplication      - Registering font factories with UI factory
02:51:12.487 [JavaFX Application Thread] DEBUG Menu                 - fireNewGame()
02:51:12.487 [JavaFX Application Thread] DEBUG GameApplicationServi - Starting new game
02:51:12.487 [JavaFX Application Thread] DEBUG MainWindow           - Pop state: TrafficAppMenu
02:51:12.487 [JavaFX Application Thread] DEBUG Input                - Clearing active input actions
02:51:12.488 [JavaFX Application Thread] DEBUG GameApplicationServi - Removing overlay from TrafficAppMenu and adding to FXGLMainMenuDummyScene
02:51:12.491 [JavaFX Application Thread] DEBUG MainWindow           - FXGLMainMenuDummyScene <- TrafficAppMenu
02:51:12.491 [JavaFX Application Thread] DEBUG Input                - Clearing active input actions
02:51:12.503 [JavaFX Application Thread] DEBUG GameApplicationServi - Removing overlay from FXGLMainMenuDummyScene and adding to FXGLLoadingScene
02:51:12.504 [JavaFX Application Thread] DEBUG MainWindow           - FXGLMainMenuDummyScene -> FXGLLoadingScene
02:51:12.504 [JavaFX Application Thread] DEBUG GameApplicationServi - Clearing previous game
02:51:12.504 [JavaFX Application Thread] DEBUG GameScene            - Clearing game scene
02:51:12.504 [JavaFX Application Thread] DEBUG GameWorld            - Clearing game world
02:51:12.504 [JavaFX Application Thread] DEBUG PhysicsWorld         - Clearing physics world
02:51:12.507 [FXGL Background Thread 4 ] DEBUG FXGLApplication      - Initializing game
02:51:12.528 [FXGL Background Thread 4 ] DEBUG FXGLAssetLoaderServi - Loading from file system: /assets/levels/Mappa_01.tmx
02:51:12.568 [FXGL Background Thread 4 ] WARN  TMXLevelLoader       - TiledMap generated from 1.4.1. Supported version: 1.2.3. Some features may not be parsed fully.
02:51:12.594 [FXGL Background Thread 4 ] DEBUG TMXLevelLoader       - Parsed raw map: TiledMap(width=16, height=9, tilewidth=125, tileheight=125, orientation=orthogonal, layers=[Layer(width=16, height=9, name=Tile Layer 1, type=tilelayer, visible=false, x=0, y=0, data=[24, 24, 24, 26, 5, 28, 24, 24, 24, 24, 24, 26, 5, 28, 24, 24, 25, 25, 25, 32, 5, 34, 25, 25, 25, 25, 25, 32, 5, 34, 25, 25, 6, 6, 6, 6, 7, 6, 6, 6, 6, 6, 6, 6, 7, 6, 6, 6, 27, 27, 27, 33, 5, 21, 13, 13, 13, 13, 13, 19, 5, 35, 27, 27, 24, 24, 24, 26, 5, 14, 10, 10, 10, 10, 10, 12, 5, 28, 24, 24, 25, 25, 25, 32, 5, 20, 11, 11, 11, 11, 11, 18, 5, 34, 25, 25, 6, 6, 6, 6, 7, 6, 6, 6, 6, 6, 6, 6, 7, 6, 6, 6, 27, 27, 27, 33, 5, 35, 27, 27, 27, 27, 27, 33, 5, 35, 27, 27, 24, 24, 24, 26, 5, 28, 24, 24, 24, 24, 24, 26, 5, 28, 24, 24], objects=[], opacity=0.0, draworder=), Layer(width=0, height=0, name=spawnpoints, type=objectgroup, visible=false, x=0, y=0, data=[], objects=[com.almasb.fxgl.entity.level.tiled.TiledObject@5f3ff148, com.almasb.fxgl.entity.level.tiled.TiledObject@3b4b4776, com.almasb.fxgl.entity.level.tiled.TiledObject@454211, com.almasb.fxgl.entity.level.tiled.TiledObject@6bb2b1cd, com.almasb.fxgl.entity.level.tiled.TiledObject@4ba7b842, com.almasb.fxgl.entity.level.tiled.TiledObject@2a3626b7, com.almasb.fxgl.entity.level.tiled.TiledObject@49bc2a, com.almasb.fxgl.entity.level.tiled.TiledObject@7e8b5937], opacity=0.0, draworder=), Layer(width=0, height=0, name=paths, type=objectgroup, visible=false, x=0, y=0, data=[], objects=[com.almasb.fxgl.entity.level.tiled.TiledObject@8188b0c, com.almasb.fxgl.entity.level.tiled.TiledObject@13801726, com.almasb.fxgl.entity.level.tiled.TiledObject@5e654190, com.almasb.fxgl.entity.level.tiled.TiledObject@7a83f98a, com.almasb.fxgl.entity.level.tiled.TiledObject@360f5d3d, com.almasb.fxgl.entity.level.tiled.TiledObject@25a555fd, com.almasb.fxgl.entity.level.tiled.TiledObject@5138f918, com.almasb.fxgl.entity.level.tiled.TiledObject@3412051c, com.almasb.fxgl.entity.level.tiled.TiledObject@78384016, com.almasb.fxgl.entity.level.tiled.TiledObject@773df851, com.almasb.fxgl.entity.level.tiled.TiledObject@61db3f97, com.almasb.fxgl.entity.level.tiled.TiledObject@45c5ec55, com.almasb.fxgl.entity.level.tiled.TiledObject@7f472c0b, com.almasb.fxgl.entity.level.tiled.TiledObject@6720bcc2, com.almasb.fxgl.entity.level.tiled.TiledObject@5fbf1036, com.almasb.fxgl.entity.level.tiled.TiledObject@3572e8d0, com.almasb.fxgl.entity.level.tiled.TiledObject@7393ad01, com.almasb.fxgl.entity.level.tiled.TiledObject@1137c91d, com.almasb.fxgl.entity.level.tiled.TiledObject@362e55ad, com.almasb.fxgl.entity.level.tiled.TiledObject@14380fd0, com.almasb.fxgl.entity.level.tiled.TiledObject@7a2d53f3, com.almasb.fxgl.entity.level.tiled.TiledObject@55fd128a, com.almasb.fxgl.entity.level.tiled.TiledObject@113aa6a5, com.almasb.fxgl.entity.level.tiled.TiledObject@45a86ddd], opacity=0.0, draworder=), Layer(width=0, height=0, name=Incroci, type=objectgroup, visible=false, x=0, y=0, data=[], objects=[com.almasb.fxgl.entity.level.tiled.TiledObject@558a0c50, com.almasb.fxgl.entity.level.tiled.TiledObject@685e2d29, com.almasb.fxgl.entity.level.tiled.TiledObject@2c95b109, com.almasb.fxgl.entity.level.tiled.TiledObject@2ad5f7c3], opacity=0.0, draworder=), Layer(width=0, height=0, name=trafficLight, type=objectgroup, visible=false, x=0, y=0, data=[], objects=[com.almasb.fxgl.entity.level.tiled.TiledObject@2f388645, com.almasb.fxgl.entity.level.tiled.TiledObject@3616c1ee, com.almasb.fxgl.entity.level.tiled.TiledObject@378a33dc, com.almasb.fxgl.entity.level.tiled.TiledObject@32e4b101, com.almasb.fxgl.entity.level.tiled.TiledObject@598513b6, com.almasb.fxgl.entity.level.tiled.TiledObject@599cb0d9, com.almasb.fxgl.entity.level.tiled.TiledObject@3fee7ce5, com.almasb.fxgl.entity.level.tiled.TiledObject@2895aea0, com.almasb.fxgl.entity.level.tiled.TiledObject@59fc10a7, com.almasb.fxgl.entity.level.tiled.TiledObject@655a7939, com.almasb.fxgl.entity.level.tiled.TiledObject@291f3823, com.almasb.fxgl.entity.level.tiled.TiledObject@2c7a630e, com.almasb.fxgl.entity.level.tiled.TiledObject@15ba370e, com.almasb.fxgl.entity.level.tiled.TiledObject@231f0731, com.almasb.fxgl.entity.level.tiled.TiledObject@7391ed51, com.almasb.fxgl.entity.level.tiled.TiledObject@c0c823e], opacity=0.0, draworder=)], tilesets=[Tileset(firstgid=1, image=../textures/rsz_tiles_sheet.png, name=rsz_tiles_sheet, tilewidth=125, tileheight=125, imagewidth=875, imageheight=750, margin=0, spacing=0, columns=7, tilecount=42, transparentcolor=41ffef, tiles=[])], backgroundcolor=, renderorder=left-up, nextobjectid=66, version=1, tiledversion=1.4.1, type=map, infinite=false, hexsidelength=0, staggeraxis=, staggerindex=, properties={}, propertytypes={})
02:51:12.595 [FXGL Background Thread 4 ] DEBUG TMXLevelLoader       - Creating tile layer entities
02:51:12.595 [FXGL Background Thread 4 ] DEBUG TilesetLoader        - Loading view for layer Tile Layer 1
02:51:12.599 [FXGL Background Thread 4 ] DEBUG TilesetLoader        - Created buffer with size 2000.0x1125.0
02:51:12.696 [FXGL Background Thread 4 ] DEBUG TilesetLoader        - Writing to buffer: dst=0,0, w=125,h=125, src=250,375
02:51:12.696 [FXGL Background Thread 4 ] DEBUG TilesetLoader        - Writing to buffer: dst=125,0, w=125,h=125, src=250,375
02:51:12.697 [FXGL Background Thread 4 ] DEBUG TilesetLoader        - Writing to buffer: dst=250,0, w=125,h=125, src=250,375
02:51:12.697 [FXGL Background Thread 4 ] DEBUG TilesetLoader        - Writing to buffer: dst=375,0, w=125,h=125, src=500,375
02:51:12.697 [FXGL Background Thread 4 ] DEBUG TilesetLoader        - Writing to buffer: dst=500,0, w=125,h=125, src=500,0
02:51:12.698 [FXGL Background Thread 4 ] DEBUG TilesetLoader        - Writing to buffer: dst=625,0, w=125,h=125, src=750,375
02:51:12.698 [FXGL Background Thread 4 ] DEBUG TilesetLoader        - Writing to buffer: dst=750,0, w=125,h=125, src=250,375
02:51:12.698 [FXGL Background Thread 4 ] DEBUG TilesetLoader        - Writing to buffer: dst=875,0, w=125,h=125, src=250,375
02:51:12.699 [FXGL Background Thread 4 ] DEBUG TilesetLoader        - Writing to buffer: dst=1000,0, w=125,h=125, src=250,375
02:51:12.699 [FXGL Background Thread 4 ] DEBUG TilesetLoader        - Writing to buffer: dst=1125,0, w=125,h=125, src=250,375
02:51:12.699 [FXGL Background Thread 4 ] DEBUG TilesetLoader        - Writing to buffer: dst=1250,0, w=125,h=125, src=250,375
02:51:12.700 [FXGL Background Thread 4 ] DEBUG TilesetLoader        - Writing to buffer: dst=1375,0, w=125,h=125, src=500,375
02:51:12.701 [FXGL Background Thread 4 ] DEBUG TilesetLoader        - Writing to buffer: dst=1500,0, w=125,h=125, src=500,0
02:51:12.701 [FXGL Background Thread 4 ] DEBUG TilesetLoader        - Writing to buffer: dst=1625,0, w=125,h=125, src=750,375
02:51:12.701 [FXGL Background Thread 4 ] DEBUG TilesetLoader        - Writing to buffer: dst=1750,0, w=125,h=125, src=250,375
02:51:12.702 [FXGL Background Thread 4 ] DEBUG TilesetLoader        - Writing to buffer: dst=1875,0, w=125,h=125, src=250,375
02:51:12.702 [FXGL Background Thread 4 ] DEBUG TilesetLoader        - Writing to buffer: dst=0,125, w=125,h=125, src=375,375
02:51:12.702 [FXGL Background Thread 4 ] DEBUG TilesetLoader        - Writing to buffer: dst=125,125, w=125,h=125, src=375,375
02:51:12.702 [FXGL Background Thread 4 ] DEBUG TilesetLoader        - Writing to buffer: dst=250,125, w=125,h=125, src=375,375
02:51:12.702 [FXGL Background Thread 4 ] DEBUG TilesetLoader        - Writing to buffer: dst=375,125, w=125,h=125, src=375,500
02:51:12.702 [FXGL Background Thread 4 ] DEBUG TilesetLoader        - Writing to buffer: dst=500,125, w=125,h=125, src=500,0
02:51:12.702 [FXGL Background Thread 4 ] DEBUG TilesetLoader        - Writing to buffer: dst=625,125, w=125,h=125, src=625,500
02:51:12.702 [FXGL Background Thread 4 ] DEBUG TilesetLoader        - Writing to buffer: dst=750,125, w=125,h=125, src=375,375
02:51:12.703 [FXGL Background Thread 4 ] DEBUG TilesetLoader        - Writing to buffer: dst=875,125, w=125,h=125, src=375,375
02:51:12.703 [FXGL Background Thread 4 ] DEBUG TilesetLoader        - Writing to buffer: dst=1000,125, w=125,h=125, src=375,375
02:51:12.703 [FXGL Background Thread 4 ] DEBUG TilesetLoader        - Writing to buffer: dst=1125,125, w=125,h=125, src=375,375
02:51:12.703 [FXGL Background Thread 4 ] DEBUG TilesetLoader        - Writing to buffer: dst=1250,125, w=125,h=125, src=375,375
02:51:12.704 [FXGL Background Thread 4 ] DEBUG TilesetLoader        - Writing to buffer: dst=1375,125, w=125,h=125, src=375,500
02:51:12.704 [FXGL Background Thread 4 ] DEBUG TilesetLoader        - Writing to buffer: dst=1500,125, w=125,h=125, src=500,0
02:51:12.704 [FXGL Background Thread 4 ] DEBUG TilesetLoader        - Writing to buffer: dst=1625,125, w=125,h=125, src=625,500
02:51:12.705 [FXGL Background Thread 4 ] DEBUG TilesetLoader        - Writing to buffer: dst=1750,125, w=125,h=125, src=375,375
02:51:12.705 [FXGL Background Thread 4 ] DEBUG TilesetLoader        - Writing to buffer: dst=1875,125, w=125,h=125, src=375,375
02:51:12.705 [FXGL Background Thread 4 ] DEBUG TilesetLoader        - Writing to buffer: dst=0,250, w=125,h=125, src=625,0
02:51:12.705 [FXGL Background Thread 4 ] DEBUG TilesetLoader        - Writing to buffer: dst=125,250, w=125,h=125, src=625,0
02:51:12.705 [FXGL Background Thread 4 ] DEBUG TilesetLoader        - Writing to buffer: dst=250,250, w=125,h=125, src=625,0
02:51:12.705 [FXGL Background Thread 4 ] DEBUG TilesetLoader        - Writing to buffer: dst=375,250, w=125,h=125, src=625,0
02:51:12.707 [FXGL Background Thread 4 ] DEBUG TilesetLoader        - Writing to buffer: dst=500,250, w=125,h=125, src=750,0
02:51:12.707 [FXGL Background Thread 4 ] DEBUG TilesetLoader        - Writing to buffer: dst=625,250, w=125,h=125, src=625,0
02:51:12.707 [FXGL Background Thread 4 ] DEBUG TilesetLoader        - Writing to buffer: dst=750,250, w=125,h=125, src=625,0
02:51:12.708 [FXGL Background Thread 4 ] DEBUG TilesetLoader        - Writing to buffer: dst=875,250, w=125,h=125, src=625,0
02:51:12.708 [FXGL Background Thread 4 ] DEBUG TilesetLoader        - Writing to buffer: dst=1000,250, w=125,h=125, src=625,0
02:51:12.708 [FXGL Background Thread 4 ] DEBUG TilesetLoader        - Writing to buffer: dst=1125,250, w=125,h=125, src=625,0
02:51:12.708 [FXGL Background Thread 4 ] DEBUG TilesetLoader        - Writing to buffer: dst=1250,250, w=125,h=125, src=625,0
02:51:12.708 [FXGL Background Thread 4 ] DEBUG TilesetLoader        - Writing to buffer: dst=1375,250, w=125,h=125, src=625,0
02:51:12.708 [FXGL Background Thread 4 ] DEBUG TilesetLoader        - Writing to buffer: dst=1500,250, w=125,h=125, src=750,0
02:51:12.708 [FXGL Background Thread 4 ] DEBUG TilesetLoader        - Writing to buffer: dst=1625,250, w=125,h=125, src=625,0
02:51:12.708 [FXGL Background Thread 4 ] DEBUG TilesetLoader        - Writing to buffer: dst=1750,250, w=125,h=125, src=625,0
02:51:12.709 [FXGL Background Thread 4 ] DEBUG TilesetLoader        - Writing to buffer: dst=1875,250, w=125,h=125, src=625,0
02:51:12.709 [FXGL Background Thread 4 ] DEBUG TilesetLoader        - Writing to buffer: dst=0,375, w=125,h=125, src=625,375
02:51:12.709 [FXGL Background Thread 4 ] DEBUG TilesetLoader        - Writing to buffer: dst=125,375, w=125,h=125, src=625,375
02:51:12.709 [FXGL Background Thread 4 ] DEBUG TilesetLoader        - Writing to buffer: dst=250,375, w=125,h=125, src=625,375
02:51:12.709 [FXGL Background Thread 4 ] DEBUG TilesetLoader        - Writing to buffer: dst=375,375, w=125,h=125, src=500,500
02:51:12.710 [FXGL Background Thread 4 ] DEBUG TilesetLoader        - Writing to buffer: dst=500,375, w=125,h=125, src=500,0
02:51:12.710 [FXGL Background Thread 4 ] DEBUG TilesetLoader        - Writing to buffer: dst=625,375, w=125,h=125, src=750,250
02:51:12.710 [FXGL Background Thread 4 ] DEBUG TilesetLoader        - Writing to buffer: dst=750,375, w=125,h=125, src=625,125
02:51:12.711 [FXGL Background Thread 4 ] DEBUG TilesetLoader        - Writing to buffer: dst=875,375, w=125,h=125, src=625,125
02:51:12.711 [FXGL Background Thread 4 ] DEBUG TilesetLoader        - Writing to buffer: dst=1000,375, w=125,h=125, src=625,125
02:51:12.711 [FXGL Background Thread 4 ] DEBUG TilesetLoader        - Writing to buffer: dst=1125,375, w=125,h=125, src=625,125
02:51:12.711 [FXGL Background Thread 4 ] DEBUG TilesetLoader        - Writing to buffer: dst=1250,375, w=125,h=125, src=625,125
02:51:12.712 [FXGL Background Thread 4 ] DEBUG TilesetLoader        - Writing to buffer: dst=1375,375, w=125,h=125, src=500,250
02:51:12.712 [FXGL Background Thread 4 ] DEBUG TilesetLoader        - Writing to buffer: dst=1500,375, w=125,h=125, src=500,0
02:51:12.712 [FXGL Background Thread 4 ] DEBUG TilesetLoader        - Writing to buffer: dst=1625,375, w=125,h=125, src=750,500
02:51:12.712 [FXGL Background Thread 4 ] DEBUG TilesetLoader        - Writing to buffer: dst=1750,375, w=125,h=125, src=625,375
02:51:12.712 [FXGL Background Thread 4 ] DEBUG TilesetLoader        - Writing to buffer: dst=1875,375, w=125,h=125, src=625,375
02:51:12.712 [FXGL Background Thread 4 ] DEBUG TilesetLoader        - Writing to buffer: dst=0,500, w=125,h=125, src=250,375
02:51:12.713 [FXGL Background Thread 4 ] DEBUG TilesetLoader        - Writing to buffer: dst=125,500, w=125,h=125, src=250,375
02:51:12.713 [FXGL Background Thread 4 ] DEBUG TilesetLoader        - Writing to buffer: dst=250,500, w=125,h=125, src=250,375
02:51:12.713 [FXGL Background Thread 4 ] DEBUG TilesetLoader        - Writing to buffer: dst=375,500, w=125,h=125, src=500,375
02:51:12.713 [FXGL Background Thread 4 ] DEBUG TilesetLoader        - Writing to buffer: dst=500,500, w=125,h=125, src=500,0
02:51:12.713 [FXGL Background Thread 4 ] DEBUG TilesetLoader        - Writing to buffer: dst=625,500, w=125,h=125, src=750,125
02:51:12.713 [FXGL Background Thread 4 ] DEBUG TilesetLoader        - Writing to buffer: dst=750,500, w=125,h=125, src=250,125
02:51:12.713 [FXGL Background Thread 4 ] DEBUG TilesetLoader        - Writing to buffer: dst=875,500, w=125,h=125, src=250,125
02:51:12.713 [FXGL Background Thread 4 ] DEBUG TilesetLoader        - Writing to buffer: dst=1000,500, w=125,h=125, src=250,125
02:51:12.714 [FXGL Background Thread 4 ] DEBUG TilesetLoader        - Writing to buffer: dst=1125,500, w=125,h=125, src=250,125
02:51:12.714 [FXGL Background Thread 4 ] DEBUG TilesetLoader        - Writing to buffer: dst=1250,500, w=125,h=125, src=250,125
02:51:12.714 [FXGL Background Thread 4 ] DEBUG TilesetLoader        - Writing to buffer: dst=1375,500, w=125,h=125, src=500,125
02:51:12.715 [FXGL Background Thread 4 ] DEBUG TilesetLoader        - Writing to buffer: dst=1500,500, w=125,h=125, src=500,0
02:51:12.715 [FXGL Background Thread 4 ] DEBUG TilesetLoader        - Writing to buffer: dst=1625,500, w=125,h=125, src=750,375
02:51:12.715 [FXGL Background Thread 4 ] DEBUG TilesetLoader        - Writing to buffer: dst=1750,500, w=125,h=125, src=250,375
02:51:12.715 [FXGL Background Thread 4 ] DEBUG TilesetLoader        - Writing to buffer: dst=1875,500, w=125,h=125, src=250,375
02:51:12.715 [FXGL Background Thread 4 ] DEBUG TilesetLoader        - Writing to buffer: dst=0,625, w=125,h=125, src=375,375
02:51:12.716 [FXGL Background Thread 4 ] DEBUG TilesetLoader        - Writing to buffer: dst=125,625, w=125,h=125, src=375,375
02:51:12.716 [FXGL Background Thread 4 ] DEBUG TilesetLoader        - Writing to buffer: dst=250,625, w=125,h=125, src=375,375
02:51:12.716 [FXGL Background Thread 4 ] DEBUG TilesetLoader        - Writing to buffer: dst=375,625, w=125,h=125, src=375,500
02:51:12.716 [FXGL Background Thread 4 ] DEBUG TilesetLoader        - Writing to buffer: dst=500,625, w=125,h=125, src=500,0
02:51:12.716 [FXGL Background Thread 4 ] DEBUG TilesetLoader        - Writing to buffer: dst=625,625, w=125,h=125, src=625,250
02:51:12.716 [FXGL Background Thread 4 ] DEBUG TilesetLoader        - Writing to buffer: dst=750,625, w=125,h=125, src=375,125
02:51:12.716 [FXGL Background Thread 4 ] DEBUG TilesetLoader        - Writing to buffer: dst=875,625, w=125,h=125, src=375,125
02:51:12.717 [FXGL Background Thread 4 ] DEBUG TilesetLoader        - Writing to buffer: dst=1000,625, w=125,h=125, src=375,125
02:51:12.717 [FXGL Background Thread 4 ] DEBUG TilesetLoader        - Writing to buffer: dst=1125,625, w=125,h=125, src=375,125
02:51:12.717 [FXGL Background Thread 4 ] DEBUG TilesetLoader        - Writing to buffer: dst=1250,625, w=125,h=125, src=375,125
02:51:12.718 [FXGL Background Thread 4 ] DEBUG TilesetLoader        - Writing to buffer: dst=1375,625, w=125,h=125, src=375,250
02:51:12.718 [FXGL Background Thread 4 ] DEBUG TilesetLoader        - Writing to buffer: dst=1500,625, w=125,h=125, src=500,0
02:51:12.718 [FXGL Background Thread 4 ] DEBUG TilesetLoader        - Writing to buffer: dst=1625,625, w=125,h=125, src=625,500
02:51:12.718 [FXGL Background Thread 4 ] DEBUG TilesetLoader        - Writing to buffer: dst=1750,625, w=125,h=125, src=375,375
02:51:12.718 [FXGL Background Thread 4 ] DEBUG TilesetLoader        - Writing to buffer: dst=1875,625, w=125,h=125, src=375,375
02:51:12.718 [FXGL Background Thread 4 ] DEBUG TilesetLoader        - Writing to buffer: dst=0,750, w=125,h=125, src=625,0
02:51:12.718 [FXGL Background Thread 4 ] DEBUG TilesetLoader        - Writing to buffer: dst=125,750, w=125,h=125, src=625,0
02:51:12.718 [FXGL Background Thread 4 ] DEBUG TilesetLoader        - Writing to buffer: dst=250,750, w=125,h=125, src=625,0
02:51:12.718 [FXGL Background Thread 4 ] DEBUG TilesetLoader        - Writing to buffer: dst=375,750, w=125,h=125, src=625,0
02:51:12.719 [FXGL Background Thread 4 ] DEBUG TilesetLoader        - Writing to buffer: dst=500,750, w=125,h=125, src=750,0
02:51:12.719 [FXGL Background Thread 4 ] DEBUG TilesetLoader        - Writing to buffer: dst=625,750, w=125,h=125, src=625,0
02:51:12.719 [FXGL Background Thread 4 ] DEBUG TilesetLoader        - Writing to buffer: dst=750,750, w=125,h=125, src=625,0
02:51:12.719 [FXGL Background Thread 4 ] DEBUG TilesetLoader        - Writing to buffer: dst=875,750, w=125,h=125, src=625,0
02:51:12.719 [FXGL Background Thread 4 ] DEBUG TilesetLoader        - Writing to buffer: dst=1000,750, w=125,h=125, src=625,0
02:51:12.719 [FXGL Background Thread 4 ] DEBUG TilesetLoader        - Writing to buffer: dst=1125,750, w=125,h=125, src=625,0
02:51:12.719 [FXGL Background Thread 4 ] DEBUG TilesetLoader        - Writing to buffer: dst=1250,750, w=125,h=125, src=625,0
02:51:12.719 [FXGL Background Thread 4 ] DEBUG TilesetLoader        - Writing to buffer: dst=1375,750, w=125,h=125, src=625,0
02:51:12.719 [FXGL Background Thread 4 ] DEBUG TilesetLoader        - Writing to buffer: dst=1500,750, w=125,h=125, src=750,0
02:51:12.719 [FXGL Background Thread 4 ] DEBUG TilesetLoader        - Writing to buffer: dst=1625,750, w=125,h=125, src=625,0
02:51:12.720 [FXGL Background Thread 4 ] DEBUG TilesetLoader        - Writing to buffer: dst=1750,750, w=125,h=125, src=625,0
02:51:12.720 [FXGL Background Thread 4 ] DEBUG TilesetLoader        - Writing to buffer: dst=1875,750, w=125,h=125, src=625,0
02:51:12.720 [FXGL Background Thread 4 ] DEBUG TilesetLoader        - Writing to buffer: dst=0,875, w=125,h=125, src=625,375
02:51:12.720 [FXGL Background Thread 4 ] DEBUG TilesetLoader        - Writing to buffer: dst=125,875, w=125,h=125, src=625,375
02:51:12.720 [FXGL Background Thread 4 ] DEBUG TilesetLoader        - Writing to buffer: dst=250,875, w=125,h=125, src=625,375
02:51:12.720 [FXGL Background Thread 4 ] DEBUG TilesetLoader        - Writing to buffer: dst=375,875, w=125,h=125, src=500,500
02:51:12.720 [FXGL Background Thread 4 ] DEBUG TilesetLoader        - Writing to buffer: dst=500,875, w=125,h=125, src=500,0
02:51:12.720 [FXGL Background Thread 4 ] DEBUG TilesetLoader        - Writing to buffer: dst=625,875, w=125,h=125, src=750,500
02:51:12.720 [FXGL Background Thread 4 ] DEBUG TilesetLoader        - Writing to buffer: dst=750,875, w=125,h=125, src=625,375
02:51:12.721 [FXGL Background Thread 4 ] DEBUG TilesetLoader        - Writing to buffer: dst=875,875, w=125,h=125, src=625,375
02:51:12.721 [FXGL Background Thread 4 ] DEBUG TilesetLoader        - Writing to buffer: dst=1000,875, w=125,h=125, src=625,375
02:51:12.721 [FXGL Background Thread 4 ] DEBUG TilesetLoader        - Writing to buffer: dst=1125,875, w=125,h=125, src=625,375
02:51:12.721 [FXGL Background Thread 4 ] DEBUG TilesetLoader        - Writing to buffer: dst=1250,875, w=125,h=125, src=625,375
02:51:12.721 [FXGL Background Thread 4 ] DEBUG TilesetLoader        - Writing to buffer: dst=1375,875, w=125,h=125, src=500,500
02:51:12.721 [FXGL Background Thread 4 ] DEBUG TilesetLoader        - Writing to buffer: dst=1500,875, w=125,h=125, src=500,0
02:51:12.722 [FXGL Background Thread 4 ] DEBUG TilesetLoader        - Writing to buffer: dst=1625,875, w=125,h=125, src=750,500
02:51:12.722 [FXGL Background Thread 4 ] DEBUG TilesetLoader        - Writing to buffer: dst=1750,875, w=125,h=125, src=625,375
02:51:12.722 [FXGL Background Thread 4 ] DEBUG TilesetLoader        - Writing to buffer: dst=1875,875, w=125,h=125, src=625,375
02:51:12.722 [FXGL Background Thread 4 ] DEBUG TilesetLoader        - Writing to buffer: dst=0,1000, w=125,h=125, src=250,375
02:51:12.722 [FXGL Background Thread 4 ] DEBUG TilesetLoader        - Writing to buffer: dst=125,1000, w=125,h=125, src=250,375
02:51:12.722 [FXGL Background Thread 4 ] DEBUG TilesetLoader        - Writing to buffer: dst=250,1000, w=125,h=125, src=250,375
02:51:12.722 [FXGL Background Thread 4 ] DEBUG TilesetLoader        - Writing to buffer: dst=375,1000, w=125,h=125, src=500,375
02:51:12.722 [FXGL Background Thread 4 ] DEBUG TilesetLoader        - Writing to buffer: dst=500,1000, w=125,h=125, src=500,0
02:51:12.722 [FXGL Background Thread 4 ] DEBUG TilesetLoader        - Writing to buffer: dst=625,1000, w=125,h=125, src=750,375
02:51:12.722 [FXGL Background Thread 4 ] DEBUG TilesetLoader        - Writing to buffer: dst=750,1000, w=125,h=125, src=250,375
02:51:12.722 [FXGL Background Thread 4 ] DEBUG TilesetLoader        - Writing to buffer: dst=875,1000, w=125,h=125, src=250,375
02:51:12.723 [FXGL Background Thread 4 ] DEBUG TilesetLoader        - Writing to buffer: dst=1000,1000, w=125,h=125, src=250,375
02:51:12.723 [FXGL Background Thread 4 ] DEBUG TilesetLoader        - Writing to buffer: dst=1125,1000, w=125,h=125, src=250,375
02:51:12.723 [FXGL Background Thread 4 ] DEBUG TilesetLoader        - Writing to buffer: dst=1250,1000, w=125,h=125, src=250,375
02:51:12.723 [FXGL Background Thread 4 ] DEBUG TilesetLoader        - Writing to buffer: dst=1375,1000, w=125,h=125, src=500,375
02:51:12.723 [FXGL Background Thread 4 ] DEBUG TilesetLoader        - Writing to buffer: dst=1500,1000, w=125,h=125, src=500,0
02:51:12.723 [FXGL Background Thread 4 ] DEBUG TilesetLoader        - Writing to buffer: dst=1625,1000, w=125,h=125, src=750,375
02:51:12.723 [FXGL Background Thread 4 ] DEBUG TilesetLoader        - Writing to buffer: dst=1750,1000, w=125,h=125, src=250,375
02:51:12.724 [FXGL Background Thread 4 ] DEBUG TilesetLoader        - Writing to buffer: dst=1875,1000, w=125,h=125, src=250,375
02:51:12.724 [FXGL Background Thread 4 ] DEBUG TMXLevelLoader       - Creating object layer entities
02:51:12.764 [FXGL Background Thread 4 ] DEBUG FXGLAssetLoaderServi - Loading from file system: /assets/textures/semaforoRosso-01.png
02:51:12.766 [FXGL Background Thread 4 ] DEBUG FXGLAssetLoaderServi - Loading from file system: /assets/textures/semaforoVerde-01.png
02:51:12.769 [FXGL Background Thread 4 ] DEBUG FXGLAssetLoaderServi - Loading from cache: /assets/textures/semaforoRosso-01.png
02:51:12.769 [FXGL Background Thread 4 ] DEBUG FXGLAssetLoaderServi - Loading from cache: /assets/textures/semaforoVerde-01.png
02:51:12.770 [FXGL Background Thread 4 ] DEBUG FXGLAssetLoaderServi - Loading from cache: /assets/textures/semaforoRosso-01.png
02:51:12.770 [FXGL Background Thread 4 ] DEBUG FXGLAssetLoaderServi - Loading from cache: /assets/textures/semaforoVerde-01.png
02:51:12.770 [FXGL Background Thread 4 ] DEBUG FXGLAssetLoaderServi - Loading from cache: /assets/textures/semaforoRosso-01.png
02:51:12.770 [FXGL Background Thread 4 ] DEBUG FXGLAssetLoaderServi - Loading from cache: /assets/textures/semaforoVerde-01.png
02:51:12.771 [FXGL Background Thread 4 ] DEBUG FXGLAssetLoaderServi - Loading from file system: /assets/textures/semaforoRosso-04.png
02:51:12.773 [FXGL Background Thread 4 ] DEBUG FXGLAssetLoaderServi - Loading from file system: /assets/textures/semaforoVerde-04.png
02:51:12.775 [FXGL Background Thread 4 ] DEBUG FXGLAssetLoaderServi - Loading from cache: /assets/textures/semaforoRosso-04.png
02:51:12.776 [FXGL Background Thread 4 ] DEBUG FXGLAssetLoaderServi - Loading from cache: /assets/textures/semaforoVerde-04.png
02:51:12.776 [FXGL Background Thread 4 ] DEBUG FXGLAssetLoaderServi - Loading from cache: /assets/textures/semaforoRosso-04.png
02:51:12.776 [FXGL Background Thread 4 ] DEBUG FXGLAssetLoaderServi - Loading from cache: /assets/textures/semaforoVerde-04.png
02:51:12.777 [FXGL Background Thread 4 ] DEBUG FXGLAssetLoaderServi - Loading from cache: /assets/textures/semaforoRosso-04.png
02:51:12.777 [FXGL Background Thread 4 ] DEBUG FXGLAssetLoaderServi - Loading from cache: /assets/textures/semaforoVerde-04.png
02:51:12.778 [FXGL Background Thread 4 ] DEBUG FXGLAssetLoaderServi - Loading from file system: /assets/textures/semaforoRosso-03.png
02:51:12.779 [FXGL Background Thread 4 ] DEBUG FXGLAssetLoaderServi - Loading from file system: /assets/textures/semaforoVerde-03.png
02:51:12.782 [FXGL Background Thread 4 ] DEBUG FXGLAssetLoaderServi - Loading from cache: /assets/textures/semaforoRosso-03.png
02:51:12.782 [FXGL Background Thread 4 ] DEBUG FXGLAssetLoaderServi - Loading from cache: /assets/textures/semaforoVerde-03.png
02:51:12.782 [FXGL Background Thread 4 ] DEBUG FXGLAssetLoaderServi - Loading from cache: /assets/textures/semaforoRosso-03.png
02:51:12.782 [FXGL Background Thread 4 ] DEBUG FXGLAssetLoaderServi - Loading from cache: /assets/textures/semaforoVerde-03.png
02:51:12.783 [FXGL Background Thread 4 ] DEBUG FXGLAssetLoaderServi - Loading from cache: /assets/textures/semaforoRosso-03.png
02:51:12.784 [FXGL Background Thread 4 ] DEBUG FXGLAssetLoaderServi - Loading from cache: /assets/textures/semaforoVerde-03.png
02:51:12.784 [FXGL Background Thread 4 ] DEBUG FXGLAssetLoaderServi - Loading from file system: /assets/textures/semaforoRosso-02.png
02:51:12.785 [FXGL Background Thread 4 ] DEBUG FXGLAssetLoaderServi - Loading from file system: /assets/textures/semaforoVerde-02.png
02:51:12.788 [FXGL Background Thread 4 ] DEBUG FXGLAssetLoaderServi - Loading from cache: /assets/textures/semaforoRosso-02.png
02:51:12.788 [FXGL Background Thread 4 ] DEBUG FXGLAssetLoaderServi - Loading from cache: /assets/textures/semaforoVerde-02.png
02:51:12.789 [FXGL Background Thread 4 ] DEBUG FXGLAssetLoaderServi - Loading from cache: /assets/textures/semaforoRosso-02.png
02:51:12.789 [FXGL Background Thread 4 ] DEBUG FXGLAssetLoaderServi - Loading from cache: /assets/textures/semaforoVerde-02.png
02:51:12.790 [FXGL Background Thread 4 ] DEBUG FXGLAssetLoaderServi - Loading from cache: /assets/textures/semaforoRosso-02.png
02:51:12.791 [FXGL Background Thread 4 ] DEBUG FXGLAssetLoaderServi - Loading from cache: /assets/textures/semaforoVerde-02.png
02:51:12.792 [FXGL Background Thread 4 ] DEBUG GameWorld            - Clearing removable entities
02:51:12.792 [FXGL Background Thread 4 ] DEBUG GameWorld            - Setting level: com.almasb.fxgl.entity.level.Level@17c537a0
02:51:12.818 [FXGL Background Thread 4 ] DEBUG FXGLAssetLoaderServi - Loading from file system: /assets/textures/pointer-sprite.png
02:51:12.874 [FXGL Background Thread 4 ] INFO  FXGLApplication      - Game initialization took: 0,367 sec
02:51:12.875 [JavaFX Application Thread] DEBUG Input                - Clearing active input actions
02:51:12.882 [JavaFX Application Thread] DEBUG GameApplicationServi - Removing overlay from FXGLLoadingScene and adding to GameScene
02:51:12.885 [JavaFX Application Thread] DEBUG MainWindow           - FXGLLoadingScene -> GameScene
02:51:14.768 [FXGL Background Thread 3 ] DEBUG Engine               - Logging environment variables
02:51:14.769 [FXGL Background Thread 3 ] DEBUG Engine               - achievements: []
02:51:14.769 [FXGL Background Thread 3 ] DEBUG Engine               - appIcon: fxgl_icon.png
02:51:14.769 [FXGL Background Thread 3 ] DEBUG Engine               - applicationMode: DEVELOPER
02:51:14.769 [FXGL Background Thread 3 ] DEBUG Engine               - cSSList: [fxgl_dark.css]
02:51:14.770 [FXGL Background Thread 3 ] DEBUG Engine               - configClass: Optional.empty
02:51:14.770 [FXGL Background Thread 3 ] DEBUG Engine               - credits: []
02:51:14.770 [FXGL Background Thread 3 ] DEBUG Engine               - devBBoxColorProperty: ObjectProperty [value: 0xff0000ff]
02:51:14.770 [FXGL Background Thread 3 ] DEBUG Engine               - devEnableDebugCameraProperty: BooleanProperty [value: false]
02:51:14.770 [FXGL Background Thread 3 ] DEBUG Engine               - devSensorColorProperty: ObjectProperty [value: 0xffff00ff]
02:51:14.770 [FXGL Background Thread 3 ] DEBUG Engine               - devShowBBoxProperty: BooleanProperty [value: false]
02:51:14.770 [FXGL Background Thread 3 ] DEBUG Engine               - devShowPositionProperty: BooleanProperty [value: false]
02:51:14.770 [FXGL Background Thread 3 ] DEBUG Engine               - enabledMenuItems: [SAVE_LOAD, EXTRA, ONLINE]
02:51:14.770 [FXGL Background Thread 3 ] DEBUG Engine               - engineServices: [class com.almasb.fxgl.app.FXGLApplication$GameApplicationService, class com.almasb.fxgl.app.services.FXGLDialogService, class com.almasb.fxgl.app.services.IOTaskExecutorService, class com.almasb.fxgl.event.EventBusService, class com.almasb.fxgl.io.FileSystemService, class com.almasb.fxgl.localization.LocalizationService, class com.almasb.fxgl.app.services.FXGLAssetLoaderService, class com.almasb.fxgl.app.services.SystemBundleService, class com.almasb.fxgl.profile.SaveLoadService, class com.almasb.fxgl.ui.FXGLUIFactoryServiceProvider, class com.almasb.fxgl.ui.FXGLDialogFactoryServiceProvider, class com.almasb.fxgl.audio.AudioPlayer, class com.almasb.fxgl.notification.impl.NotificationServiceProvider, class com.almasb.fxgl.achievement.AchievementService, class com.almasb.fxgl.cutscene.CutsceneService, class com.almasb.fxgl.minigames.MiniGameService, class com.almasb.fxgl.net.NetService, class com.almasb.fxgl.app.services.UpdaterService, class com.almasb.fxgl.dev.DevService]
02:51:14.771 [FXGL Background Thread 3 ] DEBUG Engine               - fontGame: Abel-Regular.ttf
02:51:14.771 [FXGL Background Thread 3 ] DEBUG Engine               - fontMono: lucida_console.ttf
02:51:14.771 [FXGL Background Thread 3 ] DEBUG Engine               - fontText: Courier-Prime.ttf
02:51:14.771 [FXGL Background Thread 3 ] DEBUG Engine               - fontUI: VarelaRound-Regular.ttf
02:51:14.771 [FXGL Background Thread 3 ] DEBUG Engine               - fullScreen: BooleanProperty [value: false]
02:51:14.774 [FXGL Background Thread 3 ] DEBUG Engine               - gameDifficulty: MEDIUM
02:51:14.775 [FXGL Background Thread 3 ] DEBUG Engine               - gameDifficultyProperty: ObjectProperty [value: MEDIUM]
02:51:14.775 [FXGL Background Thread 3 ] DEBUG Engine               - globalMusicVolume: 0.5
02:51:14.775 [FXGL Background Thread 3 ] DEBUG Engine               - globalMusicVolumeProperty: DoubleProperty [value: 0.5]
02:51:14.775 [FXGL Background Thread 3 ] DEBUG Engine               - globalSoundVolume: 0.5
02:51:14.775 [FXGL Background Thread 3 ] DEBUG Engine               - globalSoundVolumeProperty: DoubleProperty [value: 0.5]
02:51:14.775 [FXGL Background Thread 3 ] DEBUG Engine               - height: 1125
02:51:14.775 [FXGL Background Thread 3 ] DEBUG Engine               - isAndroid: false
02:51:14.775 [FXGL Background Thread 3 ] DEBUG Engine               - isBrowser: false
02:51:14.775 [FXGL Background Thread 3 ] DEBUG Engine               - isClickFeedbackEnabled: false
02:51:14.775 [FXGL Background Thread 3 ] DEBUG Engine               - isCloseConfirmation: false
02:51:14.781 [FXGL Background Thread 3 ] DEBUG Engine               - isDesktop: true
02:51:14.781 [FXGL Background Thread 3 ] DEBUG Engine               - isDeveloperMenuEnabled: true
02:51:14.781 [FXGL Background Thread 3 ] DEBUG Engine               - isEntityPreloadEnabled: true
02:51:14.781 [FXGL Background Thread 3 ] DEBUG Engine               - isExperimentalNative: false
02:51:14.781 [FXGL Background Thread 3 ] DEBUG Engine               - isExperimentalTiledLargeMap: false
02:51:14.781 [FXGL Background Thread 3 ] DEBUG Engine               - isFileSystemWriteAllowed: true
02:51:14.781 [FXGL Background Thread 3 ] DEBUG Engine               - isFullScreenAllowed: false
02:51:14.781 [FXGL Background Thread 3 ] DEBUG Engine               - isFullScreenFromStart: false
02:51:14.781 [FXGL Background Thread 3 ] DEBUG Engine               - isGameMenuEnabled: true
02:51:14.781 [FXGL Background Thread 3 ] DEBUG Engine               - isIOS: false
02:51:14.782 [FXGL Background Thread 3 ] DEBUG Engine               - isIntroEnabled: false
02:51:14.782 [FXGL Background Thread 3 ] DEBUG Engine               - isLinux: false
02:51:14.782 [FXGL Background Thread 3 ] DEBUG Engine               - isMac: false
02:51:14.782 [FXGL Background Thread 3 ] DEBUG Engine               - isMainMenuEnabled: true
02:51:14.782 [FXGL Background Thread 3 ] DEBUG Engine               - isManualResizeEnabled: true
02:51:14.790 [FXGL Background Thread 3 ] DEBUG Engine               - isMobile: false
02:51:14.790 [FXGL Background Thread 3 ] DEBUG Engine               - isPreserveResizeRatio: true
02:51:14.791 [FXGL Background Thread 3 ] DEBUG Engine               - isProfilingEnabled: false
02:51:14.791 [FXGL Background Thread 3 ] DEBUG Engine               - isSingleStep: false
02:51:14.791 [FXGL Background Thread 3 ] DEBUG Engine               - isUserProfileEnabled: false
02:51:14.791 [FXGL Background Thread 3 ] DEBUG Engine               - isWindows: true
02:51:14.791 [FXGL Background Thread 3 ] DEBUG Engine               - language: ObjectProperty [value: ENGLISH]
02:51:14.791 [FXGL Background Thread 3 ] DEBUG Engine               - menuKey: ESCAPE
02:51:14.791 [FXGL Background Thread 3 ] DEBUG Engine               - notificationViewClass: class com.almasb.fxgl.notification.view.XboxNotificationView
02:51:14.791 [FXGL Background Thread 3 ] DEBUG Engine               - pixelsPerMeter: 50.0
02:51:14.791 [FXGL Background Thread 3 ] DEBUG Engine               - platform: WINDOWS
02:51:14.791 [FXGL Background Thread 3 ] DEBUG Engine               - profileDir: profiles/
02:51:14.791 [FXGL Background Thread 3 ] DEBUG Engine               - profileName: StringProperty [value: DEFAULT]
02:51:14.791 [FXGL Background Thread 3 ] DEBUG Engine               - randomSeed: -1
02:51:14.791 [FXGL Background Thread 3 ] DEBUG Engine               - runtimeInfo: RuntimeInfo(platform=WINDOWS, version=dev-SNAPSHOT, build=08.09.2020 17.31)
02:51:14.791 [FXGL Background Thread 3 ] DEBUG Engine               - saveFileExt: sav
02:51:14.791 [FXGL Background Thread 3 ] DEBUG Engine               - sceneFactory: it.uniroma1.metodologie.trafficGame.TrafficApp$1@2356500a
02:51:14.791 [FXGL Background Thread 3 ] DEBUG Engine               - secondsIn24h: 60
02:51:14.791 [FXGL Background Thread 3 ] DEBUG Engine               - soundMenuBack: menu/back.wav
02:51:14.792 [FXGL Background Thread 3 ] DEBUG Engine               - soundMenuPress: menu/press.wav
02:51:14.792 [FXGL Background Thread 3 ] DEBUG Engine               - soundMenuSelect: menu/select.wav
02:51:14.792 [FXGL Background Thread 3 ] DEBUG Engine               - soundNotification: core/notification.wav
02:51:14.792 [FXGL Background Thread 3 ] DEBUG Engine               - stageStyle: DECORATED
02:51:14.792 [FXGL Background Thread 3 ] DEBUG Engine               - supportedLanguages: [ENGLISH, FRENCH, GERMAN, HUNGARIAN, RUSSIAN]
02:51:14.792 [FXGL Background Thread 3 ] DEBUG Engine               - title: Traffic
02:51:14.792 [FXGL Background Thread 3 ] DEBUG Engine               - urlGithub: https://github.com/AlmasB/FXGL
02:51:14.792 [FXGL Background Thread 3 ] DEBUG Engine               - urlLeaderboard: http://fxgl-top.herokuapp.com/
02:51:14.792 [FXGL Background Thread 3 ] DEBUG Engine               - urlPOM: https://raw.githubusercontent.com/AlmasB/FXGL/master/pom.xml
02:51:14.792 [FXGL Background Thread 3 ] DEBUG Engine               - version: Alpha 1.0
02:51:14.792 [FXGL Background Thread 3 ] DEBUG Engine               - versionCheckDays: 7
02:51:14.792 [FXGL Background Thread 3 ] DEBUG Engine               - width: 2000
02:51:14.792 [FXGL Background Thread 3 ] DEBUG Engine               - Logging services
02:51:14.792 [FXGL Background Thread 3 ] DEBUG Engine               - class com.almasb.fxgl.app.FXGLApplication$GameApplicationService
02:51:14.792 [FXGL Background Thread 3 ] DEBUG Engine               - class com.almasb.fxgl.app.services.FXGLDialogService
02:51:14.792 [FXGL Background Thread 3 ] DEBUG Engine               - class com.almasb.fxgl.app.services.IOTaskExecutorService
02:51:14.792 [FXGL Background Thread 3 ] DEBUG Engine               - class com.almasb.fxgl.event.EventBusService
02:51:14.793 [FXGL Background Thread 3 ] DEBUG Engine               - class com.almasb.fxgl.io.FileSystemService
02:51:14.793 [FXGL Background Thread 3 ] DEBUG Engine               - class com.almasb.fxgl.localization.LocalizationService
02:51:14.793 [FXGL Background Thread 3 ] DEBUG Engine               - class com.almasb.fxgl.app.services.FXGLAssetLoaderService
02:51:14.793 [FXGL Background Thread 3 ] DEBUG Engine               - class com.almasb.fxgl.app.services.SystemBundleService
02:51:14.793 [FXGL Background Thread 3 ] DEBUG Engine               - class com.almasb.fxgl.profile.SaveLoadService
02:51:14.793 [FXGL Background Thread 3 ] DEBUG Engine               - class com.almasb.fxgl.ui.FXGLUIFactoryServiceProvider
02:51:14.793 [FXGL Background Thread 3 ] DEBUG Engine               - class com.almasb.fxgl.ui.FXGLDialogFactoryServiceProvider
02:51:14.793 [FXGL Background Thread 3 ] DEBUG Engine               - class com.almasb.fxgl.audio.AudioPlayer
02:51:14.793 [FXGL Background Thread 3 ] DEBUG Engine               - class com.almasb.fxgl.notification.impl.NotificationServiceProvider
02:51:14.793 [FXGL Background Thread 3 ] DEBUG Engine               - class com.almasb.fxgl.achievement.AchievementService
02:51:14.793 [FXGL Background Thread 3 ] DEBUG Engine               - class com.almasb.fxgl.cutscene.CutsceneService
02:51:14.793 [FXGL Background Thread 3 ] DEBUG Engine               - class com.almasb.fxgl.minigames.MiniGameService
02:51:14.793 [FXGL Background Thread 3 ] DEBUG Engine               - class com.almasb.fxgl.net.NetService
02:51:14.793 [FXGL Background Thread 3 ] DEBUG Engine               - class com.almasb.fxgl.app.services.UpdaterService
02:51:14.793 [FXGL Background Thread 3 ] DEBUG Engine               - class com.almasb.fxgl.dev.DevService
02:51:52.949 [JavaFX Application Thread] DEBUG FXGLApplication      - Exiting FXGL
02:51:52.949 [JavaFX Application Thread] DEBUG LoopRunner           - Stopping loop
02:51:52.949 [JavaFX Application Thread] DEBUG SystemBundleService  - Saving FXGL system data
02:51:52.951 [JavaFX Application Thread] DEBUG FileSystemAccess     - Writing to: C:\Users\Andrea\Desktop\Homework\traffic-mobile\system\fxgl.bundle
02:51:52.952 [JavaFX Application Thread] DEBUG Async                - Shutting down background threads
02:51:52.952 [JavaFX Application Thread] DEBUG MainWindow           - Closing main window
02:51:52.961 [JavaFX Application Thread] DEBUG Logger               - Closing Logger
