03:14:42.766 [main                     ] DEBUG Logger               - Configured Logger
03:14:42.784 [main                     ] DEBUG GameApplication      - Logging settings
Title: Traffic
Version: Alpha 1.0
Width: 2000
Height: 1125
Fullscreen: false
Intro: false
Profiling: false
Single step:false
App Mode: DEVELOPER
Menu Key: ESCAPE
Stage Style: DECORATED
Scene Factory: class it.uniroma1.metodologie.trafficGame.TrafficApp$1

03:14:43.247 [JavaFX Application Thread] DEBUG FXGLApplication      - Initializing FXGL
03:14:43.252 [JavaFX Application Thread] INFO  Engine               - FXGL-dev-SNAPSHOT (08.09.2020 17.31) on WINDOWS (J:13.0.2 FX:14)
03:14:43.253 [JavaFX Application Thread] DEBUG Engine               - JRE Vendor Name: Oracle Corporation
03:14:43.253 [JavaFX Application Thread] DEBUG Engine               - Running on OS: Windows 10 version 10.0
03:14:43.253 [JavaFX Application Thread] DEBUG Engine               - Architecture: amd64
03:14:43.253 [JavaFX Application Thread] INFO  Engine               - Source code and latest versions at: https://github.com/AlmasB/FXGL
03:14:43.253 [JavaFX Application Thread] INFO  Engine               -              Join the FXGL chat at: https://gitter.im/AlmasB/FXGL
03:14:43.334 [JavaFX Application Thread] DEBUG MainWindow           - Creating a JavaFX scene
03:14:43.384 [JavaFX Application Thread] DEBUG MainWindow           - Target settings size: 2000.0 x 1125.0
03:14:43.385 [JavaFX Application Thread] DEBUG MainWindow           - Scaled scene size:    2000.0 x 1125.0
03:14:43.385 [JavaFX Application Thread] DEBUG MainWindow           - Scaled ratio: (1.0, 1.0)
03:14:43.386 [JavaFX Application Thread] DEBUG MainWindow           - Set initial scene to StartupScene
03:14:43.391 [JavaFX Application Thread] DEBUG MainWindow           - Opening main window
03:14:43.463 [JavaFX Application Thread] DEBUG MainWindow           - Window border size: (16.0, 39.0)
03:14:43.464 [JavaFX Application Thread] DEBUG MainWindow           - Scaled size: 2000.0 x 1125.0
03:14:43.464 [JavaFX Application Thread] DEBUG MainWindow           - Scaled ratio: (1.0, 1.0)
03:14:43.464 [JavaFX Application Thread] DEBUG MainWindow           - Scene size: 2000.0 x 1125.0
03:14:43.464 [JavaFX Application Thread] DEBUG MainWindow           - Stage size: 2016.0 x 1164.0
03:14:43.490 [FXGL Background Thread 1 ] DEBUG Engine               - Initializing environment variables
03:14:43.515 [FXGL Background Thread 1 ] DEBUG GameApplicationServi - Applying CSS: fxgl_dark.css
03:14:43.516 [FXGL Background Thread 1 ] DEBUG FXGLAssetLoaderServi - Loading from file system: /assets/ui/css/fxgl_dark.css
03:14:43.566 [FXGL Background Thread 1 ] DEBUG GameApplicationServi - Initializing application scenes
03:14:43.632 [FXGL Background Thread 1 ] DEBUG GameWorld            - Game world initialized
03:14:43.674 [FXGL Background Thread 1 ] DEBUG PhysicsWorld         - Physics world initialized: appHeight=1125, physics.ppm=50,0
03:14:43.676 [FXGL Background Thread 1 ] DEBUG GameScene            - Game scene initialized: 2000x1125
03:14:43.685 [FXGL Background Thread 1 ] DEBUG FXGLAssetLoaderServi - Loading from file system: /assets/textures/bg.jpg
03:14:43.975 [FXGL Background Thread 1 ] DEBUG FXGLAssetLoaderServi - Loading from file system: /assets/textures/logo.png
03:14:44.079 [FXGL Background Thread 1 ] DEBUG FXGLAssetLoaderServi - Loading from file system: /assets/textures/particles/trace_horizontal.png
03:14:44.099 [FXGL Background Thread 1 ] DEBUG FXGL.DefaultMenu     - createMenuBodyGameMenu()
03:14:44.108 [FXGL Background Thread 1 ] DEBUG FXGL.DefaultMenu     - createOptionsMenu()
03:14:44.111 [FXGL Background Thread 1 ] DEBUG FXGL.DefaultMenu     - createExtraMenu()
03:14:44.113 [FXGL Background Thread 1 ] DEBUG FXGLAssetLoaderServi - Loading from file system: /assets/textures/particles/smoke.png
03:14:44.153 [FXGL Background Thread 1 ] DEBUG GameApplicationServi - Application scenes initialized
03:14:44.160 [FXGL Background Thread 1 ] DEBUG SystemBundleService  - Loading FXGL system data
03:14:44.164 [FXGL Background Thread 1 ] DEBUG FileSystemAccess     - Reading from: C:\Users\Andrea\Desktop\Homework\traffic-mobile\system\fxgl.bundle
03:14:44.169 [FXGL Background Thread 1 ] DEBUG SystemBundleService  - Bundle FXGL: {}
03:14:44.169 [FXGL Background Thread 1 ] DEBUG UpdaterService       - Checking for updates
03:14:44.193 [FXGL Background Thread 1 ] DEBUG FXGLApplication      - Loading default localization
03:14:44.193 [FXGL Background Thread 1 ] DEBUG FXGLAssetLoaderServi - Loading from file system: /assets/languages/english.lang
03:14:44.193 [FXGL Background Thread 4 ] DEBUG FXGLApplication      - Loading fonts
03:14:44.193 [FXGL Background Thread 4 ] DEBUG FXGLAssetLoaderServi - Loading from file system: /assets/ui/fonts/VarelaRound-Regular.ttf
03:14:44.205 [FXGL Background Thread 1 ] INFO  FXGLApplication      - FXGL initialization took: 0,715 sec
03:14:44.211 [JavaFX Application Thread] DEBUG Input                - Registered new binding: Change trafficlight status - F
03:14:44.211 [JavaFX Application Thread] DEBUG Input                - Registered new binding: Move Right - D
03:14:44.211 [JavaFX Application Thread] DEBUG Input                - Registered new binding: Move Left - A
03:14:44.211 [JavaFX Application Thread] DEBUG Input                - Registered new binding: Move Up - W
03:14:44.211 [JavaFX Application Thread] DEBUG Input                - Registered new binding: Move Down - S
03:14:44.212 [JavaFX Application Thread] DEBUG Input                - Registered new binding: Spawn Car - Space
03:14:44.212 [JavaFX Application Thread] DEBUG Input                - Registered new binding: Select and change traffic light - LMB
03:14:44.212 [JavaFX Application Thread] DEBUG FXGLAssetLoaderServi - Loading from file system: /assets/textures/fxgl_icon.png
03:14:44.222 [JavaFX Application Thread] DEBUG FXGLAssetLoaderServi - Loading from file system: /assets/ui/cursors/fxgl_default.png
03:14:44.223 [JavaFX Application Thread] DEBUG Input                - Registered new binding: Screenshot - P
03:14:44.224 [JavaFX Application Thread] DEBUG Input                - Registered new binding: Dev Options - 1
03:14:44.224 [JavaFX Application Thread] DEBUG Input                - Registered new binding: Dev Console - 2
03:14:44.224 [JavaFX Application Thread] DEBUG Input                - Registered new binding: System info dump - CTRL+9
03:14:44.225 [JavaFX Application Thread] DEBUG Input                - Registered new binding: Restart - CTRL+R
03:14:44.225 [JavaFX Application Thread] DEBUG Input                - Registered new binding: Toggle Debug Camera - CTRL+C
03:14:44.227 [JavaFX Application Thread] DEBUG LoopRunner           - Starting loop
03:14:44.236 [JavaFX Application Thread] DEBUG Input                - Clearing active input actions
03:14:44.242 [JavaFX Application Thread] DEBUG GameApplicationServi - Removing overlay from StartupScene and adding to FXGLMainMenuDummyScene
03:14:44.260 [JavaFX Application Thread] DEBUG MainWindow           - StartupScene -> FXGLMainMenuDummyScene
03:14:44.260 [JavaFX Application Thread] DEBUG MainWindow           - Push state: TrafficAppMenu
03:14:44.260 [JavaFX Application Thread] DEBUG Input                - Clearing active input actions
03:14:44.268 [JavaFX Application Thread] DEBUG GameApplicationServi - Removing overlay from FXGLMainMenuDummyScene and adding to TrafficAppMenu
03:14:44.268 [JavaFX Application Thread] DEBUG MainWindow           - FXGLMainMenuDummyScene -> TrafficAppMenu
03:14:44.693 [JavaFX Application Thread] DEBUG Menu                 - fireNewGame()
03:14:44.693 [JavaFX Application Thread] DEBUG GameApplicationServi - Starting new game
03:14:44.694 [JavaFX Application Thread] DEBUG MainWindow           - Pop state: TrafficAppMenu
03:14:44.694 [JavaFX Application Thread] DEBUG Input                - Clearing active input actions
03:14:44.695 [JavaFX Application Thread] DEBUG GameApplicationServi - Removing overlay from TrafficAppMenu and adding to FXGLMainMenuDummyScene
03:14:44.696 [JavaFX Application Thread] DEBUG MainWindow           - FXGLMainMenuDummyScene <- TrafficAppMenu
03:14:44.697 [JavaFX Application Thread] DEBUG Input                - Clearing active input actions
03:14:44.703 [JavaFX Application Thread] DEBUG GameApplicationServi - Removing overlay from FXGLMainMenuDummyScene and adding to FXGLLoadingScene
03:14:44.704 [JavaFX Application Thread] DEBUG MainWindow           - FXGLMainMenuDummyScene -> FXGLLoadingScene
03:14:44.704 [JavaFX Application Thread] DEBUG GameApplicationServi - Clearing previous game
03:14:44.704 [JavaFX Application Thread] DEBUG GameScene            - Clearing game scene
03:14:44.704 [JavaFX Application Thread] DEBUG GameWorld            - Clearing game world
03:14:44.705 [JavaFX Application Thread] DEBUG PhysicsWorld         - Clearing physics world
03:14:44.715 [FXGL Background Thread 1 ] DEBUG FXGLApplication      - Initializing game
03:14:44.738 [FXGL Background Thread 1 ] DEBUG FXGLAssetLoaderServi - Loading from file system: /assets/levels/Mappa_01.tmx
03:14:44.758 [FXGL Background Thread 1 ] WARN  TMXLevelLoader       - TiledMap generated from 1.4.1. Supported version: 1.2.3. Some features may not be parsed fully.
03:14:44.775 [FXGL Background Thread 1 ] DEBUG TMXLevelLoader       - Parsed raw map: TiledMap(width=16, height=9, tilewidth=125, tileheight=125, orientation=orthogonal, layers=[Layer(width=16, height=9, name=Tile Layer 1, type=tilelayer, visible=false, x=0, y=0, data=[24, 24, 24, 26, 5, 28, 24, 24, 24, 24, 24, 26, 5, 28, 24, 24, 25, 25, 25, 32, 5, 34, 25, 25, 25, 25, 25, 32, 5, 34, 25, 25, 6, 6, 6, 6, 7, 6, 6, 6, 6, 6, 6, 6, 7, 6, 6, 6, 27, 27, 27, 33, 5, 21, 13, 13, 13, 13, 13, 19, 5, 35, 27, 27, 24, 24, 24, 26, 5, 14, 10, 10, 10, 10, 10, 12, 5, 28, 24, 24, 25, 25, 25, 32, 5, 20, 11, 11, 11, 11, 11, 18, 5, 34, 25, 25, 6, 6, 6, 6, 7, 6, 6, 6, 6, 6, 6, 6, 7, 6, 6, 6, 27, 27, 27, 33, 5, 35, 27, 27, 27, 27, 27, 33, 5, 35, 27, 27, 24, 24, 24, 26, 5, 28, 24, 24, 24, 24, 24, 26, 5, 28, 24, 24], objects=[], opacity=0.0, draworder=), Layer(width=0, height=0, name=spawnpoints, type=objectgroup, visible=false, x=0, y=0, data=[], objects=[com.almasb.fxgl.entity.level.tiled.TiledObject@1a0dc42e, com.almasb.fxgl.entity.level.tiled.TiledObject@422221c7, com.almasb.fxgl.entity.level.tiled.TiledObject@13c268e9, com.almasb.fxgl.entity.level.tiled.TiledObject@7d958ef4, com.almasb.fxgl.entity.level.tiled.TiledObject@94d19dc, com.almasb.fxgl.entity.level.tiled.TiledObject@5ab23d2b, com.almasb.fxgl.entity.level.tiled.TiledObject@5ab793b4, com.almasb.fxgl.entity.level.tiled.TiledObject@b844438], opacity=0.0, draworder=), Layer(width=0, height=0, name=paths, type=objectgroup, visible=false, x=0, y=0, data=[], objects=[com.almasb.fxgl.entity.level.tiled.TiledObject@6ae63f6d, com.almasb.fxgl.entity.level.tiled.TiledObject@21761c7f, com.almasb.fxgl.entity.level.tiled.TiledObject@473a01d6, com.almasb.fxgl.entity.level.tiled.TiledObject@6eb6288d, com.almasb.fxgl.entity.level.tiled.TiledObject@35706f61, com.almasb.fxgl.entity.level.tiled.TiledObject@24740854, com.almasb.fxgl.entity.level.tiled.TiledObject@33d789bd, com.almasb.fxgl.entity.level.tiled.TiledObject@6cfa2d0a, com.almasb.fxgl.entity.level.tiled.TiledObject@5ac74c93, com.almasb.fxgl.entity.level.tiled.TiledObject@5e75d937, com.almasb.fxgl.entity.level.tiled.TiledObject@51e03925, com.almasb.fxgl.entity.level.tiled.TiledObject@6ccfcc6e, com.almasb.fxgl.entity.level.tiled.TiledObject@c0cb6b0, com.almasb.fxgl.entity.level.tiled.TiledObject@7cc06a67, com.almasb.fxgl.entity.level.tiled.TiledObject@2c395dcb, com.almasb.fxgl.entity.level.tiled.TiledObject@3e87589e, com.almasb.fxgl.entity.level.tiled.TiledObject@5757c0c8, com.almasb.fxgl.entity.level.tiled.TiledObject@28bb1b17, com.almasb.fxgl.entity.level.tiled.TiledObject@4e0adcce, com.almasb.fxgl.entity.level.tiled.TiledObject@4acd2e39, com.almasb.fxgl.entity.level.tiled.TiledObject@23f5f628, com.almasb.fxgl.entity.level.tiled.TiledObject@53e632e2, com.almasb.fxgl.entity.level.tiled.TiledObject@4b9278fc, com.almasb.fxgl.entity.level.tiled.TiledObject@680d3b51], opacity=0.0, draworder=), Layer(width=0, height=0, name=Incroci, type=objectgroup, visible=false, x=0, y=0, data=[], objects=[com.almasb.fxgl.entity.level.tiled.TiledObject@64c5d4ce, com.almasb.fxgl.entity.level.tiled.TiledObject@6d68b96, com.almasb.fxgl.entity.level.tiled.TiledObject@5edb4628, com.almasb.fxgl.entity.level.tiled.TiledObject@5f8d2911], opacity=0.0, draworder=), Layer(width=0, height=0, name=trafficLight, type=objectgroup, visible=false, x=0, y=0, data=[], objects=[com.almasb.fxgl.entity.level.tiled.TiledObject@15a4f58a, com.almasb.fxgl.entity.level.tiled.TiledObject@279c5693, com.almasb.fxgl.entity.level.tiled.TiledObject@23f2be4e, com.almasb.fxgl.entity.level.tiled.TiledObject@1581ce80, com.almasb.fxgl.entity.level.tiled.TiledObject@273b611f, com.almasb.fxgl.entity.level.tiled.TiledObject@62d693a5, com.almasb.fxgl.entity.level.tiled.TiledObject@54e0517f, com.almasb.fxgl.entity.level.tiled.TiledObject@4f0e60ad, com.almasb.fxgl.entity.level.tiled.TiledObject@3341c3ca, com.almasb.fxgl.entity.level.tiled.TiledObject@65dc35bc, com.almasb.fxgl.entity.level.tiled.TiledObject@33e1ebd1, com.almasb.fxgl.entity.level.tiled.TiledObject@fd6fe08, com.almasb.fxgl.entity.level.tiled.TiledObject@32b423ab, com.almasb.fxgl.entity.level.tiled.TiledObject@36c19194, com.almasb.fxgl.entity.level.tiled.TiledObject@ac25bfe, com.almasb.fxgl.entity.level.tiled.TiledObject@32dcc210], opacity=0.0, draworder=)], tilesets=[Tileset(firstgid=1, image=../textures/rsz_tiles_sheet.png, name=rsz_tiles_sheet, tilewidth=125, tileheight=125, imagewidth=875, imageheight=750, margin=0, spacing=0, columns=7, tilecount=42, transparentcolor=41ffef, tiles=[])], backgroundcolor=, renderorder=left-up, nextobjectid=66, version=1, tiledversion=1.4.1, type=map, infinite=false, hexsidelength=0, staggeraxis=, staggerindex=, properties={}, propertytypes={})
03:14:44.776 [FXGL Background Thread 1 ] DEBUG TMXLevelLoader       - Creating tile layer entities
03:14:44.776 [FXGL Background Thread 1 ] DEBUG TilesetLoader        - Loading view for layer Tile Layer 1
03:14:44.794 [FXGL Background Thread 1 ] DEBUG TilesetLoader        - Created buffer with size 2000.0x1125.0
03:14:44.905 [FXGL Background Thread 1 ] DEBUG TilesetLoader        - Writing to buffer: dst=0,0, w=125,h=125, src=250,375
03:14:44.905 [FXGL Background Thread 1 ] DEBUG TilesetLoader        - Writing to buffer: dst=125,0, w=125,h=125, src=250,375
03:14:44.906 [FXGL Background Thread 1 ] DEBUG TilesetLoader        - Writing to buffer: dst=250,0, w=125,h=125, src=250,375
03:14:44.906 [FXGL Background Thread 1 ] DEBUG TilesetLoader        - Writing to buffer: dst=375,0, w=125,h=125, src=500,375
03:14:44.906 [FXGL Background Thread 1 ] DEBUG TilesetLoader        - Writing to buffer: dst=500,0, w=125,h=125, src=500,0
03:14:44.906 [FXGL Background Thread 1 ] DEBUG TilesetLoader        - Writing to buffer: dst=625,0, w=125,h=125, src=750,375
03:14:44.906 [FXGL Background Thread 1 ] DEBUG TilesetLoader        - Writing to buffer: dst=750,0, w=125,h=125, src=250,375
03:14:44.908 [FXGL Background Thread 1 ] DEBUG TilesetLoader        - Writing to buffer: dst=875,0, w=125,h=125, src=250,375
03:14:44.908 [FXGL Background Thread 1 ] DEBUG TilesetLoader        - Writing to buffer: dst=1000,0, w=125,h=125, src=250,375
03:14:44.908 [FXGL Background Thread 1 ] DEBUG TilesetLoader        - Writing to buffer: dst=1125,0, w=125,h=125, src=250,375
03:14:44.908 [FXGL Background Thread 1 ] DEBUG TilesetLoader        - Writing to buffer: dst=1250,0, w=125,h=125, src=250,375
03:14:44.908 [FXGL Background Thread 1 ] DEBUG TilesetLoader        - Writing to buffer: dst=1375,0, w=125,h=125, src=500,375
03:14:44.909 [FXGL Background Thread 1 ] DEBUG TilesetLoader        - Writing to buffer: dst=1500,0, w=125,h=125, src=500,0
03:14:44.909 [FXGL Background Thread 1 ] DEBUG TilesetLoader        - Writing to buffer: dst=1625,0, w=125,h=125, src=750,375
03:14:44.909 [FXGL Background Thread 1 ] DEBUG TilesetLoader        - Writing to buffer: dst=1750,0, w=125,h=125, src=250,375
03:14:44.909 [FXGL Background Thread 1 ] DEBUG TilesetLoader        - Writing to buffer: dst=1875,0, w=125,h=125, src=250,375
03:14:44.910 [FXGL Background Thread 1 ] DEBUG TilesetLoader        - Writing to buffer: dst=0,125, w=125,h=125, src=375,375
03:14:44.910 [FXGL Background Thread 1 ] DEBUG TilesetLoader        - Writing to buffer: dst=125,125, w=125,h=125, src=375,375
03:14:44.910 [FXGL Background Thread 1 ] DEBUG TilesetLoader        - Writing to buffer: dst=250,125, w=125,h=125, src=375,375
03:14:44.910 [FXGL Background Thread 1 ] DEBUG TilesetLoader        - Writing to buffer: dst=375,125, w=125,h=125, src=375,500
03:14:44.910 [FXGL Background Thread 1 ] DEBUG TilesetLoader        - Writing to buffer: dst=500,125, w=125,h=125, src=500,0
03:14:44.910 [FXGL Background Thread 1 ] DEBUG TilesetLoader        - Writing to buffer: dst=625,125, w=125,h=125, src=625,500
03:14:44.910 [FXGL Background Thread 1 ] DEBUG TilesetLoader        - Writing to buffer: dst=750,125, w=125,h=125, src=375,375
03:14:44.919 [FXGL Background Thread 1 ] DEBUG TilesetLoader        - Writing to buffer: dst=875,125, w=125,h=125, src=375,375
03:14:44.919 [FXGL Background Thread 1 ] DEBUG TilesetLoader        - Writing to buffer: dst=1000,125, w=125,h=125, src=375,375
03:14:44.919 [FXGL Background Thread 1 ] DEBUG TilesetLoader        - Writing to buffer: dst=1125,125, w=125,h=125, src=375,375
03:14:44.920 [FXGL Background Thread 1 ] DEBUG TilesetLoader        - Writing to buffer: dst=1250,125, w=125,h=125, src=375,375
03:14:44.920 [FXGL Background Thread 1 ] DEBUG TilesetLoader        - Writing to buffer: dst=1375,125, w=125,h=125, src=375,500
03:14:44.920 [FXGL Background Thread 1 ] DEBUG TilesetLoader        - Writing to buffer: dst=1500,125, w=125,h=125, src=500,0
03:14:44.920 [FXGL Background Thread 1 ] DEBUG TilesetLoader        - Writing to buffer: dst=1625,125, w=125,h=125, src=625,500
03:14:44.923 [FXGL Background Thread 1 ] DEBUG TilesetLoader        - Writing to buffer: dst=1750,125, w=125,h=125, src=375,375
03:14:44.923 [FXGL Background Thread 1 ] DEBUG TilesetLoader        - Writing to buffer: dst=1875,125, w=125,h=125, src=375,375
03:14:44.923 [FXGL Background Thread 1 ] DEBUG TilesetLoader        - Writing to buffer: dst=0,250, w=125,h=125, src=625,0
03:14:44.923 [FXGL Background Thread 1 ] DEBUG TilesetLoader        - Writing to buffer: dst=125,250, w=125,h=125, src=625,0
03:14:44.924 [FXGL Background Thread 1 ] DEBUG TilesetLoader        - Writing to buffer: dst=250,250, w=125,h=125, src=625,0
03:14:44.925 [FXGL Background Thread 1 ] DEBUG TilesetLoader        - Writing to buffer: dst=375,250, w=125,h=125, src=625,0
03:14:44.925 [FXGL Background Thread 1 ] DEBUG TilesetLoader        - Writing to buffer: dst=500,250, w=125,h=125, src=750,0
03:14:44.926 [FXGL Background Thread 1 ] DEBUG TilesetLoader        - Writing to buffer: dst=625,250, w=125,h=125, src=625,0
03:14:44.926 [FXGL Background Thread 1 ] DEBUG TilesetLoader        - Writing to buffer: dst=750,250, w=125,h=125, src=625,0
03:14:44.926 [FXGL Background Thread 1 ] DEBUG TilesetLoader        - Writing to buffer: dst=875,250, w=125,h=125, src=625,0
03:14:44.928 [FXGL Background Thread 1 ] DEBUG TilesetLoader        - Writing to buffer: dst=1000,250, w=125,h=125, src=625,0
03:14:44.929 [FXGL Background Thread 1 ] DEBUG TilesetLoader        - Writing to buffer: dst=1125,250, w=125,h=125, src=625,0
03:14:44.929 [FXGL Background Thread 1 ] DEBUG TilesetLoader        - Writing to buffer: dst=1250,250, w=125,h=125, src=625,0
03:14:44.929 [FXGL Background Thread 1 ] DEBUG TilesetLoader        - Writing to buffer: dst=1375,250, w=125,h=125, src=625,0
03:14:44.929 [FXGL Background Thread 1 ] DEBUG TilesetLoader        - Writing to buffer: dst=1500,250, w=125,h=125, src=750,0
03:14:44.929 [FXGL Background Thread 1 ] DEBUG TilesetLoader        - Writing to buffer: dst=1625,250, w=125,h=125, src=625,0
03:14:44.929 [FXGL Background Thread 1 ] DEBUG TilesetLoader        - Writing to buffer: dst=1750,250, w=125,h=125, src=625,0
03:14:44.930 [FXGL Background Thread 1 ] DEBUG TilesetLoader        - Writing to buffer: dst=1875,250, w=125,h=125, src=625,0
03:14:44.930 [FXGL Background Thread 1 ] DEBUG TilesetLoader        - Writing to buffer: dst=0,375, w=125,h=125, src=625,375
03:14:44.930 [FXGL Background Thread 1 ] DEBUG TilesetLoader        - Writing to buffer: dst=125,375, w=125,h=125, src=625,375
03:14:44.930 [FXGL Background Thread 1 ] DEBUG TilesetLoader        - Writing to buffer: dst=250,375, w=125,h=125, src=625,375
03:14:44.930 [FXGL Background Thread 1 ] DEBUG TilesetLoader        - Writing to buffer: dst=375,375, w=125,h=125, src=500,500
03:14:44.930 [FXGL Background Thread 1 ] DEBUG TilesetLoader        - Writing to buffer: dst=500,375, w=125,h=125, src=500,0
03:14:44.930 [FXGL Background Thread 1 ] DEBUG TilesetLoader        - Writing to buffer: dst=625,375, w=125,h=125, src=750,250
03:14:44.930 [FXGL Background Thread 1 ] DEBUG TilesetLoader        - Writing to buffer: dst=750,375, w=125,h=125, src=625,125
03:14:44.930 [FXGL Background Thread 1 ] DEBUG TilesetLoader        - Writing to buffer: dst=875,375, w=125,h=125, src=625,125
03:14:44.931 [FXGL Background Thread 1 ] DEBUG TilesetLoader        - Writing to buffer: dst=1000,375, w=125,h=125, src=625,125
03:14:44.931 [FXGL Background Thread 1 ] DEBUG TilesetLoader        - Writing to buffer: dst=1125,375, w=125,h=125, src=625,125
03:14:44.931 [FXGL Background Thread 1 ] DEBUG TilesetLoader        - Writing to buffer: dst=1250,375, w=125,h=125, src=625,125
03:14:44.931 [FXGL Background Thread 1 ] DEBUG TilesetLoader        - Writing to buffer: dst=1375,375, w=125,h=125, src=500,250
03:14:44.931 [FXGL Background Thread 1 ] DEBUG TilesetLoader        - Writing to buffer: dst=1500,375, w=125,h=125, src=500,0
03:14:44.931 [FXGL Background Thread 1 ] DEBUG TilesetLoader        - Writing to buffer: dst=1625,375, w=125,h=125, src=750,500
03:14:44.931 [FXGL Background Thread 1 ] DEBUG TilesetLoader        - Writing to buffer: dst=1750,375, w=125,h=125, src=625,375
03:14:44.932 [FXGL Background Thread 1 ] DEBUG TilesetLoader        - Writing to buffer: dst=1875,375, w=125,h=125, src=625,375
03:14:44.932 [FXGL Background Thread 1 ] DEBUG TilesetLoader        - Writing to buffer: dst=0,500, w=125,h=125, src=250,375
03:14:44.932 [FXGL Background Thread 1 ] DEBUG TilesetLoader        - Writing to buffer: dst=125,500, w=125,h=125, src=250,375
03:14:44.932 [FXGL Background Thread 1 ] DEBUG TilesetLoader        - Writing to buffer: dst=250,500, w=125,h=125, src=250,375
03:14:44.932 [FXGL Background Thread 1 ] DEBUG TilesetLoader        - Writing to buffer: dst=375,500, w=125,h=125, src=500,375
03:14:44.932 [FXGL Background Thread 1 ] DEBUG TilesetLoader        - Writing to buffer: dst=500,500, w=125,h=125, src=500,0
03:14:44.932 [FXGL Background Thread 1 ] DEBUG TilesetLoader        - Writing to buffer: dst=625,500, w=125,h=125, src=750,125
03:14:44.933 [FXGL Background Thread 1 ] DEBUG TilesetLoader        - Writing to buffer: dst=750,500, w=125,h=125, src=250,125
03:14:44.933 [FXGL Background Thread 1 ] DEBUG TilesetLoader        - Writing to buffer: dst=875,500, w=125,h=125, src=250,125
03:14:44.933 [FXGL Background Thread 1 ] DEBUG TilesetLoader        - Writing to buffer: dst=1000,500, w=125,h=125, src=250,125
03:14:44.933 [FXGL Background Thread 1 ] DEBUG TilesetLoader        - Writing to buffer: dst=1125,500, w=125,h=125, src=250,125
03:14:44.933 [FXGL Background Thread 1 ] DEBUG TilesetLoader        - Writing to buffer: dst=1250,500, w=125,h=125, src=250,125
03:14:44.933 [FXGL Background Thread 1 ] DEBUG TilesetLoader        - Writing to buffer: dst=1375,500, w=125,h=125, src=500,125
03:14:44.933 [FXGL Background Thread 1 ] DEBUG TilesetLoader        - Writing to buffer: dst=1500,500, w=125,h=125, src=500,0
03:14:44.934 [FXGL Background Thread 1 ] DEBUG TilesetLoader        - Writing to buffer: dst=1625,500, w=125,h=125, src=750,375
03:14:44.934 [FXGL Background Thread 1 ] DEBUG TilesetLoader        - Writing to buffer: dst=1750,500, w=125,h=125, src=250,375
03:14:44.934 [FXGL Background Thread 1 ] DEBUG TilesetLoader        - Writing to buffer: dst=1875,500, w=125,h=125, src=250,375
03:14:44.936 [FXGL Background Thread 1 ] DEBUG TilesetLoader        - Writing to buffer: dst=0,625, w=125,h=125, src=375,375
03:14:44.936 [FXGL Background Thread 1 ] DEBUG TilesetLoader        - Writing to buffer: dst=125,625, w=125,h=125, src=375,375
03:14:44.936 [FXGL Background Thread 1 ] DEBUG TilesetLoader        - Writing to buffer: dst=250,625, w=125,h=125, src=375,375
03:14:44.937 [FXGL Background Thread 1 ] DEBUG TilesetLoader        - Writing to buffer: dst=375,625, w=125,h=125, src=375,500
03:14:44.937 [FXGL Background Thread 1 ] DEBUG TilesetLoader        - Writing to buffer: dst=500,625, w=125,h=125, src=500,0
03:14:44.937 [FXGL Background Thread 1 ] DEBUG TilesetLoader        - Writing to buffer: dst=625,625, w=125,h=125, src=625,250
03:14:44.937 [FXGL Background Thread 1 ] DEBUG TilesetLoader        - Writing to buffer: dst=750,625, w=125,h=125, src=375,125
03:14:44.937 [FXGL Background Thread 1 ] DEBUG TilesetLoader        - Writing to buffer: dst=875,625, w=125,h=125, src=375,125
03:14:44.937 [FXGL Background Thread 1 ] DEBUG TilesetLoader        - Writing to buffer: dst=1000,625, w=125,h=125, src=375,125
03:14:44.938 [FXGL Background Thread 1 ] DEBUG TilesetLoader        - Writing to buffer: dst=1125,625, w=125,h=125, src=375,125
03:14:44.938 [FXGL Background Thread 1 ] DEBUG TilesetLoader        - Writing to buffer: dst=1250,625, w=125,h=125, src=375,125
03:14:44.938 [FXGL Background Thread 1 ] DEBUG TilesetLoader        - Writing to buffer: dst=1375,625, w=125,h=125, src=375,250
03:14:44.938 [FXGL Background Thread 1 ] DEBUG TilesetLoader        - Writing to buffer: dst=1500,625, w=125,h=125, src=500,0
03:14:44.938 [FXGL Background Thread 1 ] DEBUG TilesetLoader        - Writing to buffer: dst=1625,625, w=125,h=125, src=625,500
03:14:44.938 [FXGL Background Thread 1 ] DEBUG TilesetLoader        - Writing to buffer: dst=1750,625, w=125,h=125, src=375,375
03:14:44.938 [FXGL Background Thread 1 ] DEBUG TilesetLoader        - Writing to buffer: dst=1875,625, w=125,h=125, src=375,375
03:14:44.938 [FXGL Background Thread 1 ] DEBUG TilesetLoader        - Writing to buffer: dst=0,750, w=125,h=125, src=625,0
03:14:44.938 [FXGL Background Thread 1 ] DEBUG TilesetLoader        - Writing to buffer: dst=125,750, w=125,h=125, src=625,0
03:14:44.938 [FXGL Background Thread 1 ] DEBUG TilesetLoader        - Writing to buffer: dst=250,750, w=125,h=125, src=625,0
03:14:44.939 [FXGL Background Thread 1 ] DEBUG TilesetLoader        - Writing to buffer: dst=375,750, w=125,h=125, src=625,0
03:14:44.939 [FXGL Background Thread 1 ] DEBUG TilesetLoader        - Writing to buffer: dst=500,750, w=125,h=125, src=750,0
03:14:44.939 [FXGL Background Thread 1 ] DEBUG TilesetLoader        - Writing to buffer: dst=625,750, w=125,h=125, src=625,0
03:14:44.939 [FXGL Background Thread 1 ] DEBUG TilesetLoader        - Writing to buffer: dst=750,750, w=125,h=125, src=625,0
03:14:44.939 [FXGL Background Thread 1 ] DEBUG TilesetLoader        - Writing to buffer: dst=875,750, w=125,h=125, src=625,0
03:14:44.939 [FXGL Background Thread 1 ] DEBUG TilesetLoader        - Writing to buffer: dst=1000,750, w=125,h=125, src=625,0
03:14:44.939 [FXGL Background Thread 1 ] DEBUG TilesetLoader        - Writing to buffer: dst=1125,750, w=125,h=125, src=625,0
03:14:44.939 [FXGL Background Thread 1 ] DEBUG TilesetLoader        - Writing to buffer: dst=1250,750, w=125,h=125, src=625,0
03:14:44.939 [FXGL Background Thread 1 ] DEBUG TilesetLoader        - Writing to buffer: dst=1375,750, w=125,h=125, src=625,0
03:14:44.940 [FXGL Background Thread 1 ] DEBUG TilesetLoader        - Writing to buffer: dst=1500,750, w=125,h=125, src=750,0
03:14:44.940 [FXGL Background Thread 1 ] DEBUG TilesetLoader        - Writing to buffer: dst=1625,750, w=125,h=125, src=625,0
03:14:44.940 [FXGL Background Thread 1 ] DEBUG TilesetLoader        - Writing to buffer: dst=1750,750, w=125,h=125, src=625,0
03:14:44.940 [FXGL Background Thread 1 ] DEBUG TilesetLoader        - Writing to buffer: dst=1875,750, w=125,h=125, src=625,0
03:14:44.940 [FXGL Background Thread 1 ] DEBUG TilesetLoader        - Writing to buffer: dst=0,875, w=125,h=125, src=625,375
03:14:44.940 [FXGL Background Thread 1 ] DEBUG TilesetLoader        - Writing to buffer: dst=125,875, w=125,h=125, src=625,375
03:14:44.940 [FXGL Background Thread 1 ] DEBUG TilesetLoader        - Writing to buffer: dst=250,875, w=125,h=125, src=625,375
03:14:44.940 [FXGL Background Thread 1 ] DEBUG TilesetLoader        - Writing to buffer: dst=375,875, w=125,h=125, src=500,500
03:14:44.940 [FXGL Background Thread 1 ] DEBUG TilesetLoader        - Writing to buffer: dst=500,875, w=125,h=125, src=500,0
03:14:44.942 [FXGL Background Thread 1 ] DEBUG TilesetLoader        - Writing to buffer: dst=625,875, w=125,h=125, src=750,500
03:14:44.942 [FXGL Background Thread 1 ] DEBUG TilesetLoader        - Writing to buffer: dst=750,875, w=125,h=125, src=625,375
03:14:44.942 [FXGL Background Thread 1 ] DEBUG TilesetLoader        - Writing to buffer: dst=875,875, w=125,h=125, src=625,375
03:14:44.942 [FXGL Background Thread 1 ] DEBUG TilesetLoader        - Writing to buffer: dst=1000,875, w=125,h=125, src=625,375
03:14:44.942 [FXGL Background Thread 1 ] DEBUG TilesetLoader        - Writing to buffer: dst=1125,875, w=125,h=125, src=625,375
03:14:44.942 [FXGL Background Thread 1 ] DEBUG TilesetLoader        - Writing to buffer: dst=1250,875, w=125,h=125, src=625,375
03:14:44.942 [FXGL Background Thread 1 ] DEBUG TilesetLoader        - Writing to buffer: dst=1375,875, w=125,h=125, src=500,500
03:14:44.942 [FXGL Background Thread 1 ] DEBUG TilesetLoader        - Writing to buffer: dst=1500,875, w=125,h=125, src=500,0
03:14:44.942 [FXGL Background Thread 1 ] DEBUG TilesetLoader        - Writing to buffer: dst=1625,875, w=125,h=125, src=750,500
03:14:44.943 [FXGL Background Thread 1 ] DEBUG TilesetLoader        - Writing to buffer: dst=1750,875, w=125,h=125, src=625,375
03:14:44.943 [FXGL Background Thread 1 ] DEBUG TilesetLoader        - Writing to buffer: dst=1875,875, w=125,h=125, src=625,375
03:14:44.943 [FXGL Background Thread 1 ] DEBUG TilesetLoader        - Writing to buffer: dst=0,1000, w=125,h=125, src=250,375
03:14:44.943 [FXGL Background Thread 1 ] DEBUG TilesetLoader        - Writing to buffer: dst=125,1000, w=125,h=125, src=250,375
03:14:44.944 [FXGL Background Thread 1 ] DEBUG TilesetLoader        - Writing to buffer: dst=250,1000, w=125,h=125, src=250,375
03:14:44.944 [FXGL Background Thread 1 ] DEBUG TilesetLoader        - Writing to buffer: dst=375,1000, w=125,h=125, src=500,375
03:14:44.944 [FXGL Background Thread 1 ] DEBUG TilesetLoader        - Writing to buffer: dst=500,1000, w=125,h=125, src=500,0
03:14:44.945 [FXGL Background Thread 1 ] DEBUG TilesetLoader        - Writing to buffer: dst=625,1000, w=125,h=125, src=750,375
03:14:44.945 [FXGL Background Thread 1 ] DEBUG TilesetLoader        - Writing to buffer: dst=750,1000, w=125,h=125, src=250,375
03:14:44.945 [FXGL Background Thread 1 ] DEBUG TilesetLoader        - Writing to buffer: dst=875,1000, w=125,h=125, src=250,375
03:14:44.945 [FXGL Background Thread 1 ] DEBUG TilesetLoader        - Writing to buffer: dst=1000,1000, w=125,h=125, src=250,375
03:14:44.945 [FXGL Background Thread 1 ] DEBUG TilesetLoader        - Writing to buffer: dst=1125,1000, w=125,h=125, src=250,375
03:14:44.945 [FXGL Background Thread 1 ] DEBUG TilesetLoader        - Writing to buffer: dst=1250,1000, w=125,h=125, src=250,375
03:14:44.945 [FXGL Background Thread 1 ] DEBUG TilesetLoader        - Writing to buffer: dst=1375,1000, w=125,h=125, src=500,375
03:14:44.945 [FXGL Background Thread 1 ] DEBUG TilesetLoader        - Writing to buffer: dst=1500,1000, w=125,h=125, src=500,0
03:14:44.945 [FXGL Background Thread 1 ] DEBUG TilesetLoader        - Writing to buffer: dst=1625,1000, w=125,h=125, src=750,375
03:14:44.945 [FXGL Background Thread 1 ] DEBUG TilesetLoader        - Writing to buffer: dst=1750,1000, w=125,h=125, src=250,375
03:14:44.945 [FXGL Background Thread 1 ] DEBUG TilesetLoader        - Writing to buffer: dst=1875,1000, w=125,h=125, src=250,375
03:14:44.946 [FXGL Background Thread 1 ] DEBUG TMXLevelLoader       - Creating object layer entities
03:14:44.976 [FXGL Background Thread 1 ] DEBUG FXGLAssetLoaderServi - Loading from file system: /assets/textures/semaforoRosso-01.png
03:14:44.978 [FXGL Background Thread 1 ] DEBUG FXGLAssetLoaderServi - Loading from file system: /assets/textures/semaforoVerde-01.png
03:14:44.981 [FXGL Background Thread 1 ] DEBUG FXGLAssetLoaderServi - Loading from cache: /assets/textures/semaforoRosso-01.png
03:14:44.981 [FXGL Background Thread 1 ] DEBUG FXGLAssetLoaderServi - Loading from cache: /assets/textures/semaforoVerde-01.png
03:14:44.983 [FXGL Background Thread 1 ] DEBUG FXGLAssetLoaderServi - Loading from cache: /assets/textures/semaforoRosso-01.png
03:14:44.983 [FXGL Background Thread 1 ] DEBUG FXGLAssetLoaderServi - Loading from cache: /assets/textures/semaforoVerde-01.png
03:14:44.984 [FXGL Background Thread 1 ] DEBUG FXGLAssetLoaderServi - Loading from cache: /assets/textures/semaforoRosso-01.png
03:14:44.984 [FXGL Background Thread 1 ] DEBUG FXGLAssetLoaderServi - Loading from cache: /assets/textures/semaforoVerde-01.png
03:14:44.985 [FXGL Background Thread 1 ] DEBUG FXGLAssetLoaderServi - Loading from file system: /assets/textures/semaforoRosso-04.png
03:14:44.987 [FXGL Background Thread 1 ] DEBUG FXGLAssetLoaderServi - Loading from file system: /assets/textures/semaforoVerde-04.png
03:14:44.991 [FXGL Background Thread 1 ] DEBUG FXGLAssetLoaderServi - Loading from cache: /assets/textures/semaforoRosso-04.png
03:14:44.991 [FXGL Background Thread 1 ] DEBUG FXGLAssetLoaderServi - Loading from cache: /assets/textures/semaforoVerde-04.png
03:14:44.991 [FXGL Background Thread 1 ] DEBUG FXGLAssetLoaderServi - Loading from cache: /assets/textures/semaforoRosso-04.png
03:14:44.991 [FXGL Background Thread 1 ] DEBUG FXGLAssetLoaderServi - Loading from cache: /assets/textures/semaforoVerde-04.png
03:14:44.993 [FXGL Background Thread 1 ] DEBUG FXGLAssetLoaderServi - Loading from cache: /assets/textures/semaforoRosso-04.png
03:14:44.993 [FXGL Background Thread 1 ] DEBUG FXGLAssetLoaderServi - Loading from cache: /assets/textures/semaforoVerde-04.png
03:14:44.994 [FXGL Background Thread 1 ] DEBUG FXGLAssetLoaderServi - Loading from file system: /assets/textures/semaforoRosso-03.png
03:14:44.995 [FXGL Background Thread 1 ] DEBUG FXGLAssetLoaderServi - Loading from file system: /assets/textures/semaforoVerde-03.png
03:14:44.998 [FXGL Background Thread 1 ] DEBUG FXGLAssetLoaderServi - Loading from cache: /assets/textures/semaforoRosso-03.png
03:14:44.998 [FXGL Background Thread 1 ] DEBUG FXGLAssetLoaderServi - Loading from cache: /assets/textures/semaforoVerde-03.png
03:14:44.998 [FXGL Background Thread 1 ] DEBUG FXGLAssetLoaderServi - Loading from cache: /assets/textures/semaforoRosso-03.png
03:14:44.998 [FXGL Background Thread 1 ] DEBUG FXGLAssetLoaderServi - Loading from cache: /assets/textures/semaforoVerde-03.png
03:14:45.004 [FXGL Background Thread 1 ] DEBUG FXGLAssetLoaderServi - Loading from cache: /assets/textures/semaforoRosso-03.png
03:14:45.005 [FXGL Background Thread 1 ] DEBUG FXGLAssetLoaderServi - Loading from cache: /assets/textures/semaforoVerde-03.png
03:14:45.006 [FXGL Background Thread 1 ] DEBUG FXGLAssetLoaderServi - Loading from file system: /assets/textures/semaforoRosso-02.png
03:14:45.007 [FXGL Background Thread 1 ] DEBUG FXGLAssetLoaderServi - Loading from file system: /assets/textures/semaforoVerde-02.png
03:14:45.009 [FXGL Background Thread 1 ] DEBUG FXGLAssetLoaderServi - Loading from cache: /assets/textures/semaforoRosso-02.png
03:14:45.009 [FXGL Background Thread 1 ] DEBUG FXGLAssetLoaderServi - Loading from cache: /assets/textures/semaforoVerde-02.png
03:14:45.011 [FXGL Background Thread 1 ] DEBUG FXGLAssetLoaderServi - Loading from cache: /assets/textures/semaforoRosso-02.png
03:14:45.011 [FXGL Background Thread 1 ] DEBUG FXGLAssetLoaderServi - Loading from cache: /assets/textures/semaforoVerde-02.png
03:14:45.013 [FXGL Background Thread 1 ] DEBUG FXGLAssetLoaderServi - Loading from cache: /assets/textures/semaforoRosso-02.png
03:14:45.014 [FXGL Background Thread 1 ] DEBUG FXGLAssetLoaderServi - Loading from cache: /assets/textures/semaforoVerde-02.png
03:14:45.015 [FXGL Background Thread 1 ] DEBUG GameWorld            - Clearing removable entities
03:14:45.015 [FXGL Background Thread 1 ] DEBUG GameWorld            - Setting level: com.almasb.fxgl.entity.level.Level@20559f59
03:14:45.021 [FXGL Background Thread 1 ] DEBUG FXGLAssetLoaderServi - Loading from file system: /assets/textures/pointer-sprite.png
03:14:45.062 [FXGL Background Thread 1 ] INFO  FXGLApplication      - Game initialization took: 0,348 sec
03:14:45.063 [JavaFX Application Thread] DEBUG Input                - Clearing active input actions
03:14:45.069 [JavaFX Application Thread] DEBUG GameApplicationServi - Removing overlay from FXGLLoadingScene and adding to GameScene
03:14:45.071 [JavaFX Application Thread] DEBUG MainWindow           - FXGLLoadingScene -> GameScene
03:14:45.120 [FXGL Background Thread 4 ] DEBUG FXGLAssetLoaderServi - Loading from file system: /assets/ui/fonts/Abel-Regular.ttf
03:14:45.123 [FXGL Background Thread 4 ] DEBUG FXGLAssetLoaderServi - Loading from file system: /assets/ui/fonts/lucida_console.ttf
03:14:45.126 [FXGL Background Thread 4 ] DEBUG FXGLAssetLoaderServi - Loading from file system: /assets/ui/fonts/Courier-Prime.ttf
03:14:45.130 [JavaFX Application Thread] DEBUG FXGLApplication      - Registering font factories with UI factory
03:14:47.190 [FXGL Background Thread 3 ] DEBUG Engine               - Logging environment variables
03:14:47.190 [FXGL Background Thread 3 ] DEBUG Engine               - achievements: []
03:14:47.190 [FXGL Background Thread 3 ] DEBUG Engine               - appIcon: fxgl_icon.png
03:14:47.190 [FXGL Background Thread 3 ] DEBUG Engine               - applicationMode: DEVELOPER
03:14:47.190 [FXGL Background Thread 3 ] DEBUG Engine               - cSSList: [fxgl_dark.css]
03:14:47.193 [FXGL Background Thread 3 ] DEBUG Engine               - configClass: Optional.empty
03:14:47.193 [FXGL Background Thread 3 ] DEBUG Engine               - credits: []
03:14:47.194 [FXGL Background Thread 3 ] DEBUG Engine               - devBBoxColorProperty: ObjectProperty [value: 0xff0000ff]
03:14:47.194 [FXGL Background Thread 3 ] DEBUG Engine               - devEnableDebugCameraProperty: BooleanProperty [value: false]
03:14:47.194 [FXGL Background Thread 3 ] DEBUG Engine               - devSensorColorProperty: ObjectProperty [value: 0xffff00ff]
03:14:47.194 [FXGL Background Thread 3 ] DEBUG Engine               - devShowBBoxProperty: BooleanProperty [value: false]
03:14:47.195 [FXGL Background Thread 3 ] DEBUG Engine               - devShowPositionProperty: BooleanProperty [value: false]
03:14:47.195 [FXGL Background Thread 3 ] DEBUG Engine               - enabledMenuItems: [SAVE_LOAD, EXTRA, ONLINE]
03:14:47.195 [FXGL Background Thread 3 ] DEBUG Engine               - engineServices: [class com.almasb.fxgl.app.FXGLApplication$GameApplicationService, class com.almasb.fxgl.app.services.FXGLDialogService, class com.almasb.fxgl.app.services.IOTaskExecutorService, class com.almasb.fxgl.event.EventBusService, class com.almasb.fxgl.io.FileSystemService, class com.almasb.fxgl.localization.LocalizationService, class com.almasb.fxgl.app.services.FXGLAssetLoaderService, class com.almasb.fxgl.app.services.SystemBundleService, class com.almasb.fxgl.profile.SaveLoadService, class com.almasb.fxgl.ui.FXGLUIFactoryServiceProvider, class com.almasb.fxgl.ui.FXGLDialogFactoryServiceProvider, class com.almasb.fxgl.audio.AudioPlayer, class com.almasb.fxgl.notification.impl.NotificationServiceProvider, class com.almasb.fxgl.achievement.AchievementService, class com.almasb.fxgl.cutscene.CutsceneService, class com.almasb.fxgl.minigames.MiniGameService, class com.almasb.fxgl.net.NetService, class com.almasb.fxgl.app.services.UpdaterService, class com.almasb.fxgl.dev.DevService]
03:14:47.196 [FXGL Background Thread 3 ] DEBUG Engine               - fontGame: Abel-Regular.ttf
03:14:47.196 [FXGL Background Thread 3 ] DEBUG Engine               - fontMono: lucida_console.ttf
03:14:47.196 [FXGL Background Thread 3 ] DEBUG Engine               - fontText: Courier-Prime.ttf
03:14:47.196 [FXGL Background Thread 3 ] DEBUG Engine               - fontUI: VarelaRound-Regular.ttf
03:14:47.197 [FXGL Background Thread 3 ] DEBUG Engine               - fullScreen: BooleanProperty [value: false]
03:14:47.197 [FXGL Background Thread 3 ] DEBUG Engine               - gameDifficulty: MEDIUM
03:14:47.199 [FXGL Background Thread 3 ] DEBUG Engine               - gameDifficultyProperty: ObjectProperty [value: MEDIUM]
03:14:47.199 [FXGL Background Thread 3 ] DEBUG Engine               - globalMusicVolume: 0.5
03:14:47.199 [FXGL Background Thread 3 ] DEBUG Engine               - globalMusicVolumeProperty: DoubleProperty [value: 0.5]
03:14:47.200 [FXGL Background Thread 3 ] DEBUG Engine               - globalSoundVolume: 0.5
03:14:47.200 [FXGL Background Thread 3 ] DEBUG Engine               - globalSoundVolumeProperty: DoubleProperty [value: 0.5]
03:14:47.200 [FXGL Background Thread 3 ] DEBUG Engine               - height: 1125
03:14:47.200 [FXGL Background Thread 3 ] DEBUG Engine               - isAndroid: false
03:14:47.200 [FXGL Background Thread 3 ] DEBUG Engine               - isBrowser: false
03:14:47.200 [FXGL Background Thread 3 ] DEBUG Engine               - isClickFeedbackEnabled: false
03:14:47.200 [FXGL Background Thread 3 ] DEBUG Engine               - isCloseConfirmation: false
03:14:47.200 [FXGL Background Thread 3 ] DEBUG Engine               - isDesktop: true
03:14:47.204 [FXGL Background Thread 3 ] DEBUG Engine               - isDeveloperMenuEnabled: true
03:14:47.207 [FXGL Background Thread 3 ] DEBUG Engine               - isEntityPreloadEnabled: true
03:14:47.207 [FXGL Background Thread 3 ] DEBUG Engine               - isExperimentalNative: false
03:14:47.207 [FXGL Background Thread 3 ] DEBUG Engine               - isExperimentalTiledLargeMap: false
03:14:47.207 [FXGL Background Thread 3 ] DEBUG Engine               - isFileSystemWriteAllowed: true
03:14:47.207 [FXGL Background Thread 3 ] DEBUG Engine               - isFullScreenAllowed: false
03:14:47.207 [FXGL Background Thread 3 ] DEBUG Engine               - isFullScreenFromStart: false
03:14:47.207 [FXGL Background Thread 3 ] DEBUG Engine               - isGameMenuEnabled: true
03:14:47.207 [FXGL Background Thread 3 ] DEBUG Engine               - isIOS: false
03:14:47.208 [FXGL Background Thread 3 ] DEBUG Engine               - isIntroEnabled: false
03:14:47.210 [FXGL Background Thread 3 ] DEBUG Engine               - isLinux: false
03:14:47.210 [FXGL Background Thread 3 ] DEBUG Engine               - isMac: false
03:14:47.210 [FXGL Background Thread 3 ] DEBUG Engine               - isMainMenuEnabled: true
03:14:47.210 [FXGL Background Thread 3 ] DEBUG Engine               - isManualResizeEnabled: true
03:14:47.210 [FXGL Background Thread 3 ] DEBUG Engine               - isMobile: false
03:14:47.210 [FXGL Background Thread 3 ] DEBUG Engine               - isPreserveResizeRatio: true
03:14:47.210 [FXGL Background Thread 3 ] DEBUG Engine               - isProfilingEnabled: false
03:14:47.210 [FXGL Background Thread 3 ] DEBUG Engine               - isSingleStep: false
03:14:47.210 [FXGL Background Thread 3 ] DEBUG Engine               - isUserProfileEnabled: false
03:14:47.210 [FXGL Background Thread 3 ] DEBUG Engine               - isWindows: true
03:14:47.210 [FXGL Background Thread 3 ] DEBUG Engine               - language: ObjectProperty [value: ENGLISH]
03:14:47.210 [FXGL Background Thread 3 ] DEBUG Engine               - menuKey: ESCAPE
03:14:47.211 [FXGL Background Thread 3 ] DEBUG Engine               - notificationViewClass: class com.almasb.fxgl.notification.view.XboxNotificationView
03:14:47.211 [FXGL Background Thread 3 ] DEBUG Engine               - pixelsPerMeter: 50.0
03:14:47.212 [FXGL Background Thread 3 ] DEBUG Engine               - platform: WINDOWS
03:14:47.212 [FXGL Background Thread 3 ] DEBUG Engine               - profileDir: profiles/
03:14:47.212 [FXGL Background Thread 3 ] DEBUG Engine               - profileName: StringProperty [value: DEFAULT]
03:14:47.212 [FXGL Background Thread 3 ] DEBUG Engine               - randomSeed: -1
03:14:47.212 [FXGL Background Thread 3 ] DEBUG Engine               - runtimeInfo: RuntimeInfo(platform=WINDOWS, version=dev-SNAPSHOT, build=08.09.2020 17.31)
03:14:47.213 [FXGL Background Thread 3 ] DEBUG Engine               - saveFileExt: sav
03:14:47.214 [FXGL Background Thread 3 ] DEBUG Engine               - sceneFactory: it.uniroma1.metodologie.trafficGame.TrafficApp$1@695f63ea
03:14:47.214 [FXGL Background Thread 3 ] DEBUG Engine               - secondsIn24h: 60
03:14:47.214 [FXGL Background Thread 3 ] DEBUG Engine               - soundMenuBack: menu/back.wav
03:14:47.214 [FXGL Background Thread 3 ] DEBUG Engine               - soundMenuPress: menu/press.wav
03:14:47.214 [FXGL Background Thread 3 ] DEBUG Engine               - soundMenuSelect: menu/select.wav
03:14:47.214 [FXGL Background Thread 3 ] DEBUG Engine               - soundNotification: core/notification.wav
03:14:47.214 [FXGL Background Thread 3 ] DEBUG Engine               - stageStyle: DECORATED
03:14:47.214 [FXGL Background Thread 3 ] DEBUG Engine               - supportedLanguages: [ENGLISH, FRENCH, GERMAN, HUNGARIAN, RUSSIAN]
03:14:47.214 [FXGL Background Thread 3 ] DEBUG Engine               - title: Traffic
03:14:47.214 [FXGL Background Thread 3 ] DEBUG Engine               - urlGithub: https://github.com/AlmasB/FXGL
03:14:47.214 [FXGL Background Thread 3 ] DEBUG Engine               - urlLeaderboard: http://fxgl-top.herokuapp.com/
03:14:47.214 [FXGL Background Thread 3 ] DEBUG Engine               - urlPOM: https://raw.githubusercontent.com/AlmasB/FXGL/master/pom.xml
03:14:47.214 [FXGL Background Thread 3 ] DEBUG Engine               - version: Alpha 1.0
03:14:47.214 [FXGL Background Thread 3 ] DEBUG Engine               - versionCheckDays: 7
03:14:47.214 [FXGL Background Thread 3 ] DEBUG Engine               - width: 2000
03:14:47.215 [FXGL Background Thread 3 ] DEBUG Engine               - Logging services
03:14:47.215 [FXGL Background Thread 3 ] DEBUG Engine               - class com.almasb.fxgl.app.FXGLApplication$GameApplicationService
03:14:47.215 [FXGL Background Thread 3 ] DEBUG Engine               - class com.almasb.fxgl.app.services.FXGLDialogService
03:14:47.215 [FXGL Background Thread 3 ] DEBUG Engine               - class com.almasb.fxgl.app.services.IOTaskExecutorService
03:14:47.215 [FXGL Background Thread 3 ] DEBUG Engine               - class com.almasb.fxgl.event.EventBusService
03:14:47.215 [FXGL Background Thread 3 ] DEBUG Engine               - class com.almasb.fxgl.io.FileSystemService
03:14:47.215 [FXGL Background Thread 3 ] DEBUG Engine               - class com.almasb.fxgl.localization.LocalizationService
03:14:47.215 [FXGL Background Thread 3 ] DEBUG Engine               - class com.almasb.fxgl.app.services.FXGLAssetLoaderService
03:14:47.215 [FXGL Background Thread 3 ] DEBUG Engine               - class com.almasb.fxgl.app.services.SystemBundleService
03:14:47.215 [FXGL Background Thread 3 ] DEBUG Engine               - class com.almasb.fxgl.profile.SaveLoadService
03:14:47.215 [FXGL Background Thread 3 ] DEBUG Engine               - class com.almasb.fxgl.ui.FXGLUIFactoryServiceProvider
03:14:47.215 [FXGL Background Thread 3 ] DEBUG Engine               - class com.almasb.fxgl.ui.FXGLDialogFactoryServiceProvider
03:14:47.215 [FXGL Background Thread 3 ] DEBUG Engine               - class com.almasb.fxgl.audio.AudioPlayer
03:14:47.215 [FXGL Background Thread 3 ] DEBUG Engine               - class com.almasb.fxgl.notification.impl.NotificationServiceProvider
03:14:47.215 [FXGL Background Thread 3 ] DEBUG Engine               - class com.almasb.fxgl.achievement.AchievementService
03:14:47.215 [FXGL Background Thread 3 ] DEBUG Engine               - class com.almasb.fxgl.cutscene.CutsceneService
03:14:47.215 [FXGL Background Thread 3 ] DEBUG Engine               - class com.almasb.fxgl.minigames.MiniGameService
03:14:47.216 [FXGL Background Thread 3 ] DEBUG Engine               - class com.almasb.fxgl.net.NetService
03:14:47.216 [FXGL Background Thread 3 ] DEBUG Engine               - class com.almasb.fxgl.app.services.UpdaterService
03:14:47.216 [FXGL Background Thread 3 ] DEBUG Engine               - class com.almasb.fxgl.dev.DevService
03:14:53.466 [JavaFX Application Thread] DEBUG FXGLApplication      - Exiting FXGL
03:14:53.466 [JavaFX Application Thread] DEBUG LoopRunner           - Stopping loop
03:14:53.467 [JavaFX Application Thread] DEBUG SystemBundleService  - Saving FXGL system data
03:14:53.468 [JavaFX Application Thread] DEBUG FileSystemAccess     - Writing to: C:\Users\Andrea\Desktop\Homework\traffic-mobile\system\fxgl.bundle
03:14:53.470 [JavaFX Application Thread] DEBUG Async                - Shutting down background threads
03:14:53.470 [JavaFX Application Thread] DEBUG MainWindow           - Closing main window
03:14:53.480 [JavaFX Application Thread] DEBUG Logger               - Closing Logger
