23:30:06.204 [main                     ] DEBUG Logger               - Configured Logger
23:30:06.217 [main                     ] DEBUG GameApplication      - Logging settings
Title: Traffic
Version: Alpha 1.0
Width: 2000
Height: 1125
Fullscreen: false
Intro: false
Profiling: false
Single step:false
App Mode: DEVELOPER
Menu Key: ESCAPE
Stage Style: DECORATED
Scene Factory: class it.uniroma1.metodologie.trafficGame.TrafficApp$1

23:30:06.559 [JavaFX Application Thread] DEBUG FXGLApplication      - Initializing FXGL
23:30:06.565 [JavaFX Application Thread] INFO  Engine               - FXGL-dev-SNAPSHOT (08.09.2020 17.31) on WINDOWS (J:13.0.2 FX:14)
23:30:06.565 [JavaFX Application Thread] DEBUG Engine               - JRE Vendor Name: Oracle Corporation
23:30:06.566 [JavaFX Application Thread] DEBUG Engine               - Running on OS: Windows 10 version 10.0
23:30:06.566 [JavaFX Application Thread] DEBUG Engine               - Architecture: amd64
23:30:06.566 [JavaFX Application Thread] INFO  Engine               - Source code and latest versions at: https://github.com/AlmasB/FXGL
23:30:06.566 [JavaFX Application Thread] INFO  Engine               -              Join the FXGL chat at: https://gitter.im/AlmasB/FXGL
23:30:06.641 [JavaFX Application Thread] DEBUG MainWindow           - Creating a JavaFX scene
23:30:06.678 [JavaFX Application Thread] DEBUG MainWindow           - Target settings size: 2000.0 x 1125.0
23:30:06.678 [JavaFX Application Thread] DEBUG MainWindow           - Scaled scene size:    2000.0 x 1125.0
23:30:06.678 [JavaFX Application Thread] DEBUG MainWindow           - Scaled ratio: (1.0, 1.0)
23:30:06.679 [JavaFX Application Thread] DEBUG MainWindow           - Set initial scene to StartupScene
23:30:06.683 [JavaFX Application Thread] DEBUG MainWindow           - Opening main window
23:30:06.753 [JavaFX Application Thread] DEBUG MainWindow           - Window border size: (16.0, 39.0)
23:30:06.753 [JavaFX Application Thread] DEBUG MainWindow           - Scaled size: 2000.0 x 1125.0
23:30:06.753 [JavaFX Application Thread] DEBUG MainWindow           - Scaled ratio: (1.0, 1.0)
23:30:06.753 [JavaFX Application Thread] DEBUG MainWindow           - Scene size: 2000.0 x 1125.0
23:30:06.754 [JavaFX Application Thread] DEBUG MainWindow           - Stage size: 2016.0 x 1164.0
23:30:06.761 [FXGL Background Thread 1 ] DEBUG Engine               - Initializing environment variables
23:30:06.792 [FXGL Background Thread 1 ] DEBUG GameApplicationServi - Applying CSS: fxgl_dark.css
23:30:06.793 [FXGL Background Thread 1 ] DEBUG FXGLAssetLoaderServi - Loading from file system: /assets/ui/css/fxgl_dark.css
23:30:06.835 [FXGL Background Thread 1 ] DEBUG GameApplicationServi - Initializing application scenes
23:30:06.887 [FXGL Background Thread 1 ] DEBUG GameWorld            - Game world initialized
23:30:06.922 [FXGL Background Thread 1 ] DEBUG PhysicsWorld         - Physics world initialized: appHeight=1125, physics.ppm=50,0
23:30:06.923 [FXGL Background Thread 1 ] DEBUG GameScene            - Game scene initialized: 2000x1125
23:30:06.932 [FXGL Background Thread 1 ] DEBUG FXGLAssetLoaderServi - Loading from file system: /assets/textures/bg.jpg
23:30:07.210 [FXGL Background Thread 1 ] DEBUG FXGLAssetLoaderServi - Loading from file system: /assets/textures/logo.png
23:30:07.294 [FXGL Background Thread 1 ] DEBUG FXGLAssetLoaderServi - Loading from file system: /assets/textures/particles/trace_horizontal.png
23:30:07.317 [FXGL Background Thread 1 ] DEBUG FXGL.DefaultMenu     - createMenuBodyGameMenu()
23:30:07.328 [FXGL Background Thread 1 ] DEBUG FXGL.DefaultMenu     - createOptionsMenu()
23:30:07.331 [FXGL Background Thread 1 ] DEBUG FXGL.DefaultMenu     - createExtraMenu()
23:30:07.333 [FXGL Background Thread 1 ] DEBUG FXGLAssetLoaderServi - Loading from file system: /assets/textures/particles/smoke.png
23:30:07.372 [FXGL Background Thread 1 ] DEBUG GameApplicationServi - Application scenes initialized
23:30:07.380 [FXGL Background Thread 1 ] DEBUG SystemBundleService  - Loading FXGL system data
23:30:07.383 [FXGL Background Thread 1 ] DEBUG FileSystemAccess     - Reading from: C:\Users\Andrea\Desktop\Homework\traffic-mobile\system\fxgl.bundle
23:30:07.388 [FXGL Background Thread 1 ] DEBUG SystemBundleService  - Bundle FXGL: {}
23:30:07.389 [FXGL Background Thread 1 ] DEBUG UpdaterService       - Checking for updates
23:30:07.415 [FXGL Background Thread 4 ] DEBUG FXGLApplication      - Loading fonts
23:30:07.415 [FXGL Background Thread 1 ] DEBUG FXGLApplication      - Loading default localization
23:30:07.415 [FXGL Background Thread 4 ] DEBUG FXGLAssetLoaderServi - Loading from file system: /assets/ui/fonts/VarelaRound-Regular.ttf
23:30:07.415 [FXGL Background Thread 1 ] DEBUG FXGLAssetLoaderServi - Loading from file system: /assets/languages/english.lang
23:30:07.431 [FXGL Background Thread 1 ] INFO  FXGLApplication      - FXGL initialization took: 0,670 sec
23:30:07.436 [JavaFX Application Thread] DEBUG Input                - Registered new binding: Change trafficlight status - F
23:30:07.437 [JavaFX Application Thread] DEBUG Input                - Registered new binding: Move Right - D
23:30:07.437 [JavaFX Application Thread] DEBUG Input                - Registered new binding: Move Left - A
23:30:07.437 [JavaFX Application Thread] DEBUG Input                - Registered new binding: Move Up - W
23:30:07.437 [JavaFX Application Thread] DEBUG Input                - Registered new binding: Move Down - S
23:30:07.437 [JavaFX Application Thread] DEBUG Input                - Registered new binding: Spawn Car - Space
23:30:07.438 [JavaFX Application Thread] DEBUG Input                - Registered new binding: Select and change traffic light - LMB
23:30:07.438 [JavaFX Application Thread] DEBUG FXGLAssetLoaderServi - Loading from file system: /assets/textures/fxgl_icon.png
23:30:07.445 [JavaFX Application Thread] DEBUG FXGLAssetLoaderServi - Loading from file system: /assets/ui/cursors/fxgl_default.png
23:30:07.446 [JavaFX Application Thread] DEBUG Input                - Registered new binding: Screenshot - P
23:30:07.447 [JavaFX Application Thread] DEBUG Input                - Registered new binding: Dev Options - 1
23:30:07.447 [JavaFX Application Thread] DEBUG Input                - Registered new binding: Dev Console - 2
23:30:07.447 [JavaFX Application Thread] DEBUG Input                - Registered new binding: System info dump - CTRL+9
23:30:07.448 [JavaFX Application Thread] DEBUG Input                - Registered new binding: Restart - CTRL+R
23:30:07.448 [JavaFX Application Thread] DEBUG Input                - Registered new binding: Toggle Debug Camera - CTRL+C
23:30:07.451 [JavaFX Application Thread] DEBUG LoopRunner           - Starting loop
23:30:07.460 [JavaFX Application Thread] DEBUG Input                - Clearing active input actions
23:30:07.466 [JavaFX Application Thread] DEBUG GameApplicationServi - Removing overlay from StartupScene and adding to FXGLMainMenuDummyScene
23:30:07.469 [JavaFX Application Thread] DEBUG MainWindow           - StartupScene -> FXGLMainMenuDummyScene
23:30:07.469 [JavaFX Application Thread] DEBUG MainWindow           - Push state: TrafficAppMenu
23:30:07.469 [JavaFX Application Thread] DEBUG Input                - Clearing active input actions
23:30:07.475 [JavaFX Application Thread] DEBUG GameApplicationServi - Removing overlay from FXGLMainMenuDummyScene and adding to TrafficAppMenu
23:30:07.476 [JavaFX Application Thread] DEBUG MainWindow           - FXGLMainMenuDummyScene -> TrafficAppMenu
23:30:07.934 [FXGL Background Thread 4 ] DEBUG FXGLAssetLoaderServi - Loading from file system: /assets/ui/fonts/Abel-Regular.ttf
23:30:07.938 [FXGL Background Thread 4 ] DEBUG FXGLAssetLoaderServi - Loading from file system: /assets/ui/fonts/lucida_console.ttf
23:30:07.941 [FXGL Background Thread 4 ] DEBUG FXGLAssetLoaderServi - Loading from file system: /assets/ui/fonts/Courier-Prime.ttf
23:30:07.945 [JavaFX Application Thread] DEBUG FXGLApplication      - Registering font factories with UI factory
23:30:10.366 [JavaFX Application Thread] DEBUG Menu                 - fireNewGame()
23:30:10.366 [JavaFX Application Thread] DEBUG GameApplicationServi - Starting new game
23:30:10.367 [JavaFX Application Thread] DEBUG MainWindow           - Pop state: TrafficAppMenu
23:30:10.367 [JavaFX Application Thread] DEBUG Input                - Clearing active input actions
23:30:10.368 [JavaFX Application Thread] DEBUG GameApplicationServi - Removing overlay from TrafficAppMenu and adding to FXGLMainMenuDummyScene
23:30:10.369 [JavaFX Application Thread] DEBUG MainWindow           - FXGLMainMenuDummyScene <- TrafficAppMenu
23:30:10.370 [JavaFX Application Thread] DEBUG Input                - Clearing active input actions
23:30:10.377 [JavaFX Application Thread] DEBUG GameApplicationServi - Removing overlay from FXGLMainMenuDummyScene and adding to FXGLLoadingScene
23:30:10.378 [JavaFX Application Thread] DEBUG MainWindow           - FXGLMainMenuDummyScene -> FXGLLoadingScene
23:30:10.378 [JavaFX Application Thread] DEBUG GameApplicationServi - Clearing previous game
23:30:10.378 [JavaFX Application Thread] DEBUG GameScene            - Clearing game scene
23:30:10.378 [JavaFX Application Thread] DEBUG GameWorld            - Clearing game world
23:30:10.378 [JavaFX Application Thread] DEBUG PhysicsWorld         - Clearing physics world
23:30:10.379 [FXGL Background Thread 2 ] DEBUG FXGLApplication      - Initializing game
23:30:10.386 [FXGL Background Thread 2 ] DEBUG FXGLAssetLoaderServi - Loading from file system: /assets/levels/Mappa_Testing.tmx
23:30:10.408 [JavaFX Application Thread] DEBUG LoopRunner           - Stopping loop
23:30:10.409 [JavaFX Application Thread] FATAL FXGLApplication      - Uncaught Exception:
java.lang.RuntimeException: Initialization failed
	at com.almasb.fxgl.all/com.almasb.fxgl.app.FXGLApplication$InitAppTask.failed(FXGLApplication.kt:324)
	at javafx.graphics/javafx.concurrent.Task.setState(Task.java:710)
	at javafx.graphics/javafx.concurrent.Task$TaskCallable.lambda$call$2(Task.java:1455)
	at javafx.graphics/com.sun.javafx.application.PlatformImpl.lambda$runLater$10(PlatformImpl.java:428)
	at java.base/java.security.AccessController.doPrivileged(AccessController.java:391)
	at javafx.graphics/com.sun.javafx.application.PlatformImpl.lambda$runLater$11(PlatformImpl.java:427)
	at javafx.graphics/com.sun.glass.ui.InvokeLaterDispatcher$Future.run(InvokeLaterDispatcher.java:96)
	at javafx.graphics/com.sun.glass.ui.win.WinApplication._runLoop(Native Method)
	at javafx.graphics/com.sun.glass.ui.win.WinApplication.lambda$runLoop$3(WinApplication.java:174)
	at java.base/java.lang.Thread.run(Thread.java:830)
Caused by: java.lang.IllegalArgumentException: Asset "/assets/levels/Mappa_Testing.tmx" was not found!
	at com.almasb.fxgl.all/com.almasb.fxgl.app.services.FXGLAssetLoaderService.getURL(FXGLAssetLoaderService.kt:488)
	at com.almasb.fxgl.all/com.almasb.fxgl.app.services.FXGLAssetLoaderService.loadLevel(FXGLAssetLoaderService.kt:276)
	at com.almasb.fxgl.all/com.almasb.fxgl.dsl.FXGL$Companion.setLevelFromMap(FXGL.kt:502)
	at com.almasb.fxgl.all/com.almasb.fxgl.dsl.FXGL.setLevelFromMap(FXGL.kt)
	at trafficGame.main/it.uniroma1.metodologie.trafficGame.TrafficApp.initGame(TrafficApp.java:125)
	at com.almasb.fxgl.all/com.almasb.fxgl.app.FXGLApplication$InitAppTask.initGame(FXGLApplication.kt:320)
	at com.almasb.fxgl.all/com.almasb.fxgl.app.FXGLApplication$InitAppTask.call(FXGLApplication.kt:300)
	at com.almasb.fxgl.all/com.almasb.fxgl.app.FXGLApplication$InitAppTask.call(FXGLApplication.kt:292)
	at javafx.graphics/javafx.concurrent.Task$TaskCallable.call(Task.java:1425)
	at java.base/java.util.concurrent.FutureTask.run(FutureTask.java:264)
	at java.base/java.util.concurrent.Executors$RunnableAdapter.call(Executors.java:515)
	at java.base/java.util.concurrent.FutureTask.run(FutureTask.java:264)
	at java.base/java.util.concurrent.ThreadPoolExecutor.runWorker(ThreadPoolExecutor.java:1128)
	at java.base/java.util.concurrent.ThreadPoolExecutor$Worker.run(ThreadPoolExecutor.java:628)
	... 1 more

23:30:10.410 [JavaFX Application Thread] FATAL FXGLApplication      - Application will now exit
23:30:10.410 [FXGL Background Thread 3 ] DEBUG Engine               - Logging environment variables
23:30:10.412 [JavaFX Application Thread] DEBUG MainWindow           - Push state: ErrorSubScene
23:30:10.412 [JavaFX Application Thread] DEBUG Input                - Clearing active input actions
23:30:10.413 [JavaFX Application Thread] DEBUG GameApplicationServi - Removing overlay from FXGLLoadingScene and adding to ErrorSubScene
23:30:10.414 [JavaFX Application Thread] DEBUG MainWindow           - FXGLLoadingScene -> ErrorSubScene
23:30:10.419 [FXGL Background Thread 3 ] DEBUG Engine               - achievements: []
23:30:10.421 [FXGL Background Thread 3 ] DEBUG Engine               - appIcon: fxgl_icon.png
23:30:10.421 [FXGL Background Thread 3 ] DEBUG Engine               - applicationMode: DEVELOPER
23:30:10.421 [FXGL Background Thread 3 ] DEBUG Engine               - cSSList: [fxgl_dark.css]
23:30:10.421 [FXGL Background Thread 3 ] DEBUG Engine               - configClass: Optional.empty
23:30:10.421 [FXGL Background Thread 3 ] DEBUG Engine               - credits: []
23:30:10.421 [FXGL Background Thread 3 ] DEBUG Engine               - devBBoxColorProperty: ObjectProperty [value: 0xff0000ff]
23:30:10.421 [FXGL Background Thread 3 ] DEBUG Engine               - devEnableDebugCameraProperty: BooleanProperty [value: false]
23:30:10.422 [FXGL Background Thread 3 ] DEBUG Engine               - devSensorColorProperty: ObjectProperty [value: 0xffff00ff]
23:30:10.422 [FXGL Background Thread 3 ] DEBUG Engine               - devShowBBoxProperty: BooleanProperty [value: false]
23:30:10.422 [FXGL Background Thread 3 ] DEBUG Engine               - devShowPositionProperty: BooleanProperty [value: false]
23:30:10.422 [FXGL Background Thread 3 ] DEBUG Engine               - enabledMenuItems: [SAVE_LOAD, EXTRA, ONLINE]
23:30:10.422 [FXGL Background Thread 3 ] DEBUG Engine               - engineServices: [class com.almasb.fxgl.app.FXGLApplication$GameApplicationService, class com.almasb.fxgl.app.services.FXGLDialogService, class com.almasb.fxgl.app.services.IOTaskExecutorService, class com.almasb.fxgl.event.EventBusService, class com.almasb.fxgl.io.FileSystemService, class com.almasb.fxgl.localization.LocalizationService, class com.almasb.fxgl.app.services.FXGLAssetLoaderService, class com.almasb.fxgl.app.services.SystemBundleService, class com.almasb.fxgl.profile.SaveLoadService, class com.almasb.fxgl.ui.FXGLUIFactoryServiceProvider, class com.almasb.fxgl.ui.FXGLDialogFactoryServiceProvider, class com.almasb.fxgl.audio.AudioPlayer, class com.almasb.fxgl.notification.impl.NotificationServiceProvider, class com.almasb.fxgl.achievement.AchievementService, class com.almasb.fxgl.cutscene.CutsceneService, class com.almasb.fxgl.minigames.MiniGameService, class com.almasb.fxgl.net.NetService, class com.almasb.fxgl.app.services.UpdaterService, class com.almasb.fxgl.dev.DevService]
23:30:10.422 [FXGL Background Thread 3 ] DEBUG Engine               - fontGame: Abel-Regular.ttf
23:30:10.422 [FXGL Background Thread 3 ] DEBUG Engine               - fontMono: lucida_console.ttf
23:30:10.422 [FXGL Background Thread 3 ] DEBUG Engine               - fontText: Courier-Prime.ttf
23:30:10.422 [FXGL Background Thread 3 ] DEBUG Engine               - fontUI: VarelaRound-Regular.ttf
23:30:10.422 [FXGL Background Thread 3 ] DEBUG Engine               - fullScreen: BooleanProperty [value: false]
23:30:10.423 [FXGL Background Thread 3 ] DEBUG Engine               - gameDifficulty: MEDIUM
23:30:10.423 [FXGL Background Thread 3 ] DEBUG Engine               - gameDifficultyProperty: ObjectProperty [value: MEDIUM]
23:30:10.423 [FXGL Background Thread 3 ] DEBUG Engine               - globalMusicVolume: 0.5
23:30:10.423 [FXGL Background Thread 3 ] DEBUG Engine               - globalMusicVolumeProperty: DoubleProperty [value: 0.5]
23:30:10.423 [FXGL Background Thread 3 ] DEBUG Engine               - globalSoundVolume: 0.5
23:30:10.423 [FXGL Background Thread 3 ] DEBUG Engine               - globalSoundVolumeProperty: DoubleProperty [value: 0.5]
23:30:10.423 [FXGL Background Thread 3 ] DEBUG Engine               - height: 1125
23:30:10.423 [FXGL Background Thread 3 ] DEBUG Engine               - isAndroid: false
23:30:10.423 [FXGL Background Thread 3 ] DEBUG Engine               - isBrowser: false
23:30:10.423 [FXGL Background Thread 3 ] DEBUG Engine               - isClickFeedbackEnabled: false
23:30:10.424 [FXGL Background Thread 3 ] DEBUG Engine               - isCloseConfirmation: false
23:30:10.424 [FXGL Background Thread 3 ] DEBUG Engine               - isDesktop: true
23:30:10.424 [FXGL Background Thread 3 ] DEBUG Engine               - isDeveloperMenuEnabled: true
23:30:10.424 [FXGL Background Thread 3 ] DEBUG Engine               - isEntityPreloadEnabled: true
23:30:10.424 [FXGL Background Thread 3 ] DEBUG Engine               - isExperimentalNative: false
23:30:10.424 [FXGL Background Thread 3 ] DEBUG Engine               - isExperimentalTiledLargeMap: false
23:30:10.424 [FXGL Background Thread 3 ] DEBUG Engine               - isFileSystemWriteAllowed: true
23:30:10.424 [FXGL Background Thread 3 ] DEBUG Engine               - isFullScreenAllowed: false
23:30:10.424 [FXGL Background Thread 3 ] DEBUG Engine               - isFullScreenFromStart: false
23:30:10.424 [FXGL Background Thread 3 ] DEBUG Engine               - isGameMenuEnabled: true
23:30:10.425 [FXGL Background Thread 3 ] DEBUG Engine               - isIOS: false
23:30:10.425 [FXGL Background Thread 3 ] DEBUG Engine               - isIntroEnabled: false
23:30:10.425 [FXGL Background Thread 3 ] DEBUG Engine               - isLinux: false
23:30:10.425 [FXGL Background Thread 3 ] DEBUG Engine               - isMac: false
23:30:10.425 [FXGL Background Thread 3 ] DEBUG Engine               - isMainMenuEnabled: true
23:30:10.425 [FXGL Background Thread 3 ] DEBUG Engine               - isManualResizeEnabled: true
23:30:10.425 [FXGL Background Thread 3 ] DEBUG Engine               - isMobile: false
23:30:10.425 [FXGL Background Thread 3 ] DEBUG Engine               - isPreserveResizeRatio: true
23:30:10.425 [FXGL Background Thread 3 ] DEBUG Engine               - isProfilingEnabled: false
23:30:10.425 [FXGL Background Thread 3 ] DEBUG Engine               - isSingleStep: false
23:30:10.425 [FXGL Background Thread 3 ] DEBUG Engine               - isUserProfileEnabled: false
23:30:10.426 [FXGL Background Thread 3 ] DEBUG Engine               - isWindows: true
23:30:10.426 [FXGL Background Thread 3 ] DEBUG Engine               - language: ObjectProperty [value: ENGLISH]
23:30:10.426 [FXGL Background Thread 3 ] DEBUG Engine               - menuKey: ESCAPE
23:30:10.426 [FXGL Background Thread 3 ] DEBUG Engine               - notificationViewClass: class com.almasb.fxgl.notification.view.XboxNotificationView
23:30:10.426 [FXGL Background Thread 3 ] DEBUG Engine               - pixelsPerMeter: 50.0
23:30:10.426 [FXGL Background Thread 3 ] DEBUG Engine               - platform: WINDOWS
23:30:10.427 [FXGL Background Thread 3 ] DEBUG Engine               - profileDir: profiles/
23:30:10.427 [FXGL Background Thread 3 ] DEBUG Engine               - profileName: StringProperty [value: DEFAULT]
23:30:10.427 [FXGL Background Thread 3 ] DEBUG Engine               - randomSeed: -1
23:30:10.427 [FXGL Background Thread 3 ] DEBUG Engine               - runtimeInfo: RuntimeInfo(platform=WINDOWS, version=dev-SNAPSHOT, build=08.09.2020 17.31)
23:30:10.427 [FXGL Background Thread 3 ] DEBUG Engine               - saveFileExt: sav
23:30:10.427 [FXGL Background Thread 3 ] DEBUG Engine               - sceneFactory: it.uniroma1.metodologie.trafficGame.TrafficApp$1@77fd1d2
23:30:10.427 [FXGL Background Thread 3 ] DEBUG Engine               - secondsIn24h: 60
23:30:10.428 [FXGL Background Thread 3 ] DEBUG Engine               - soundMenuBack: menu/back.wav
23:30:10.428 [FXGL Background Thread 3 ] DEBUG Engine               - soundMenuPress: menu/press.wav
23:30:10.428 [FXGL Background Thread 3 ] DEBUG Engine               - soundMenuSelect: menu/select.wav
23:30:10.428 [FXGL Background Thread 3 ] DEBUG Engine               - soundNotification: core/notification.wav
23:30:10.428 [FXGL Background Thread 3 ] DEBUG Engine               - stageStyle: DECORATED
23:30:10.428 [FXGL Background Thread 3 ] DEBUG Engine               - supportedLanguages: [ENGLISH, FRENCH, GERMAN, HUNGARIAN, RUSSIAN]
23:30:10.428 [FXGL Background Thread 3 ] DEBUG Engine               - title: Traffic
23:30:10.428 [FXGL Background Thread 3 ] DEBUG Engine               - urlGithub: https://github.com/AlmasB/FXGL
23:30:10.428 [FXGL Background Thread 3 ] DEBUG Engine               - urlLeaderboard: http://fxgl-top.herokuapp.com/
23:30:10.430 [FXGL Background Thread 3 ] DEBUG Engine               - urlPOM: https://raw.githubusercontent.com/AlmasB/FXGL/master/pom.xml
23:30:10.430 [FXGL Background Thread 3 ] DEBUG Engine               - version: Alpha 1.0
23:30:10.430 [FXGL Background Thread 3 ] DEBUG Engine               - versionCheckDays: 7
23:30:10.430 [FXGL Background Thread 3 ] DEBUG Engine               - width: 2000
23:30:10.430 [FXGL Background Thread 3 ] DEBUG Engine               - Logging services
23:30:10.430 [FXGL Background Thread 3 ] DEBUG Engine               - class com.almasb.fxgl.app.FXGLApplication$GameApplicationService
23:30:10.430 [FXGL Background Thread 3 ] DEBUG Engine               - class com.almasb.fxgl.app.services.FXGLDialogService
23:30:10.430 [FXGL Background Thread 3 ] DEBUG Engine               - class com.almasb.fxgl.app.services.IOTaskExecutorService
23:30:10.431 [FXGL Background Thread 3 ] DEBUG Engine               - class com.almasb.fxgl.event.EventBusService
23:30:10.431 [FXGL Background Thread 3 ] DEBUG Engine               - class com.almasb.fxgl.io.FileSystemService
23:30:10.431 [FXGL Background Thread 3 ] DEBUG Engine               - class com.almasb.fxgl.localization.LocalizationService
23:30:10.431 [FXGL Background Thread 3 ] DEBUG Engine               - class com.almasb.fxgl.app.services.FXGLAssetLoaderService
23:30:10.431 [FXGL Background Thread 3 ] DEBUG Engine               - class com.almasb.fxgl.app.services.SystemBundleService
23:30:10.431 [FXGL Background Thread 3 ] DEBUG Engine               - class com.almasb.fxgl.profile.SaveLoadService
23:30:10.431 [FXGL Background Thread 3 ] DEBUG Engine               - class com.almasb.fxgl.ui.FXGLUIFactoryServiceProvider
23:30:10.431 [FXGL Background Thread 3 ] DEBUG Engine               - class com.almasb.fxgl.ui.FXGLDialogFactoryServiceProvider
23:30:10.431 [FXGL Background Thread 3 ] DEBUG Engine               - class com.almasb.fxgl.audio.AudioPlayer
23:30:10.431 [FXGL Background Thread 3 ] DEBUG Engine               - class com.almasb.fxgl.notification.impl.NotificationServiceProvider
23:30:10.431 [FXGL Background Thread 3 ] DEBUG Engine               - class com.almasb.fxgl.achievement.AchievementService
23:30:10.431 [FXGL Background Thread 3 ] DEBUG Engine               - class com.almasb.fxgl.cutscene.CutsceneService
23:30:10.432 [FXGL Background Thread 3 ] DEBUG Engine               - class com.almasb.fxgl.minigames.MiniGameService
23:30:10.432 [FXGL Background Thread 3 ] DEBUG Engine               - class com.almasb.fxgl.net.NetService
23:30:10.432 [FXGL Background Thread 3 ] DEBUG Engine               - class com.almasb.fxgl.app.services.UpdaterService
23:30:10.432 [FXGL Background Thread 3 ] DEBUG Engine               - class com.almasb.fxgl.dev.DevService
23:30:12.542 [JavaFX Application Thread] DEBUG FXGLApplication      - Exiting FXGL
23:30:12.542 [JavaFX Application Thread] DEBUG Async                - Shutting down background threads
23:30:12.542 [JavaFX Application Thread] DEBUG MainWindow           - Closing main window
23:30:12.550 [JavaFX Application Thread] DEBUG Logger               - Closing Logger
