15:08:10.253 [main                     ] DEBUG Logger               - Configured Logger
15:08:10.274 [main                     ] DEBUG GameApplication      - Logging settings
Title: Traffic
Version: Alpha 1.0
Width: 2500
Height: 1750
Fullscreen: false
Intro: false
Profiling: true
Single step:false
App Mode: DEVELOPER
Menu Key: ESCAPE
Stage Style: DECORATED
Scene Factory: class it.uniroma1.metodologie.trafficGame.TrafficApp$1

15:08:10.655 [JavaFX Application Thread] DEBUG FXGLApplication      - Initializing FXGL
15:08:10.663 [JavaFX Application Thread] INFO  Engine               - FXGL-dev-SNAPSHOT (03.09.2020 12.08) on MAC (J:14.0.1 FX:14)
15:08:10.663 [JavaFX Application Thread] DEBUG Engine               - JRE Vendor Name: Oracle Corporation
15:08:10.664 [JavaFX Application Thread] DEBUG Engine               - Running on OS: Mac OS X version 10.15.6
15:08:10.664 [JavaFX Application Thread] DEBUG Engine               - Architecture: x86_64
15:08:10.664 [JavaFX Application Thread] INFO  Engine               - Source code and latest versions at: https://github.com/AlmasB/FXGL
15:08:10.665 [JavaFX Application Thread] INFO  Engine               -              Join the FXGL chat at: https://gitter.im/AlmasB/FXGL
15:08:10.789 [JavaFX Application Thread] DEBUG MainWindow           - Creating a JavaFX scene
15:08:10.790 [JavaFX Application Thread] DEBUG MainWindow           - Target size > screen size
15:08:10.849 [JavaFX Application Thread] DEBUG MainWindow           - Target settings size: 2500.0 x 1750.0
15:08:10.849 [JavaFX Application Thread] DEBUG MainWindow           - Scaled scene size:    1422.0 x 1012.0
15:08:10.850 [JavaFX Application Thread] DEBUG MainWindow           - Scaled ratio: (0.5688, 0.5782857142857143)
15:08:10.851 [JavaFX Application Thread] DEBUG MainWindow           - Set initial scene to StartupScene
15:08:10.858 [JavaFX Application Thread] DEBUG MainWindow           - Opening main window
15:08:10.946 [JavaFX Application Thread] DEBUG MainWindow           - Window border size: (0.0, 1.0)
15:08:10.946 [JavaFX Application Thread] DEBUG MainWindow           - Scaled size: 1422.0 x 1012.0
15:08:10.947 [JavaFX Application Thread] DEBUG MainWindow           - Scaled ratio: (0.5688, 0.5688)
15:08:10.947 [JavaFX Application Thread] DEBUG MainWindow           - Scene size: 1422.0 x 1012.0
15:08:10.947 [JavaFX Application Thread] DEBUG MainWindow           - Stage size: 1422.0 x 1013.0
15:08:10.953 [FXGL Background Thread 1 ] DEBUG Engine               - Initializing environment variables
15:08:10.981 [FXGL Background Thread 1 ] DEBUG GameApplicationServi - Applying CSS: fxgl_dark.css
15:08:10.982 [FXGL Background Thread 1 ] DEBUG FXGLAssetLoaderServi - Loading from file system: /assets/ui/css/fxgl_dark.css
15:08:11.073 [FXGL Background Thread 1 ] DEBUG GameApplicationServi - Initializing application scenes
15:08:11.372 [FXGL Background Thread 1 ] DEBUG GameWorld            - Game world initialized
15:08:11.434 [FXGL Background Thread 1 ] DEBUG PhysicsWorld         - Physics world initialized: appHeight=1750, physics.ppm=50,0
15:08:11.436 [FXGL Background Thread 1 ] DEBUG GameScene            - Game scene initialized: 2500x1750
15:08:11.446 [FXGL Background Thread 1 ] DEBUG FXGLAssetLoaderServi - Loading from file system: /assets/textures/bg.jpg
15:08:11.849 [FXGL Background Thread 1 ] DEBUG FXGLAssetLoaderServi - Loading from file system: /assets/textures/logo.png
15:08:11.984 [FXGL Background Thread 1 ] DEBUG FXGLAssetLoaderServi - Loading from file system: /assets/textures/particles/trace_horizontal.png
15:08:12.078 [FXGL Background Thread 1 ] DEBUG FXGL.DefaultMenu     - createMenuBodyGameMenu()
15:08:12.148 [FXGL Background Thread 1 ] DEBUG FXGL.DefaultMenu     - createOptionsMenu()
15:08:12.164 [FXGL Background Thread 1 ] DEBUG FXGLAssetLoaderServi - Loading from file system: /assets/textures/particles/smoke.png
15:08:12.281 [FXGL Background Thread 1 ] DEBUG GameApplicationServi - Application scenes initialized
15:08:12.295 [FXGL Background Thread 1 ] DEBUG SystemBundleService  - Loading FXGL system data
15:08:12.300 [FXGL Background Thread 1 ] DEBUG FileSystemAccess     - Reading from: /Users/universita/Desktop/ProgettoJava/Drop/system/fxgl.bundle
15:08:12.315 [FXGL Background Thread 1 ] DEBUG SystemBundleService  - Bundle FXGL: {}
15:08:12.316 [FXGL Background Thread 1 ] DEBUG UpdaterService       - Checking for updates
15:08:12.374 [FXGL Background Thread 4 ] DEBUG FXGLApplication      - Loading fonts
15:08:12.375 [FXGL Background Thread 4 ] DEBUG FXGLAssetLoaderServi - Loading from file system: /assets/ui/fonts/VarelaRound-Regular.ttf
15:08:12.375 [FXGL Background Thread 1 ] DEBUG FXGLApplication      - Loading default localization
15:08:12.375 [FXGL Background Thread 1 ] DEBUG FXGLAssetLoaderServi - Loading from file system: /assets/languages/english.lang
15:08:12.391 [FXGL Background Thread 4 ] DEBUG FXGLAssetLoaderServi - Loading from file system: /assets/ui/fonts/Abel-Regular.ttf
15:08:12.394 [FXGL Background Thread 4 ] DEBUG FXGLAssetLoaderServi - Loading from file system: /assets/ui/fonts/lucida_console.ttf
15:08:12.401 [FXGL Background Thread 4 ] DEBUG FXGLAssetLoaderServi - Loading from file system: /assets/ui/fonts/Courier-Prime.ttf
15:08:12.406 [JavaFX Application Thread] DEBUG FXGLApplication      - Registering font factories with UI factory
15:08:12.429 [FXGL Background Thread 1 ] INFO  FXGLApplication      - FXGL initialization took: 1,476 sec
15:08:12.441 [JavaFX Application Thread] DEBUG Input                - Registered new binding: Change trafficlight status - F
15:08:12.442 [JavaFX Application Thread] DEBUG Input                - Registered new binding: Select and change traffic light - LMB
15:08:12.442 [JavaFX Application Thread] DEBUG Input                - Registered new binding: Move Right - D
15:08:12.443 [JavaFX Application Thread] DEBUG Input                - Registered new binding: Move Left - A
15:08:12.443 [JavaFX Application Thread] DEBUG Input                - Registered new binding: Move Up - W
15:08:12.443 [JavaFX Application Thread] DEBUG Input                - Registered new binding: Move Down - S
15:08:12.443 [JavaFX Application Thread] DEBUG Input                - Registered new binding: Spawn Car - Space
15:08:12.444 [JavaFX Application Thread] DEBUG FXGLAssetLoaderServi - Loading from file system: /assets/textures/fxgl_icon.png
15:08:12.474 [JavaFX Application Thread] DEBUG FXGLAssetLoaderServi - Loading from file system: /assets/ui/cursors/fxgl_default.png
15:08:12.477 [JavaFX Application Thread] DEBUG Input                - Registered new binding: Screenshot - P
15:08:12.478 [JavaFX Application Thread] DEBUG Input                - Registered new binding: Dev Options - 1
15:08:12.478 [JavaFX Application Thread] DEBUG Input                - Registered new binding: Dev Console - 2
15:08:12.479 [JavaFX Application Thread] DEBUG Input                - Registered new binding: System info dump - CTRL+9
15:08:12.479 [JavaFX Application Thread] DEBUG Input                - Registered new binding: Restart - CTRL+R
15:08:12.480 [JavaFX Application Thread] DEBUG Input                - Registered new binding: Toggle Debug Camera - CTRL+C
15:08:12.483 [JavaFX Application Thread] DEBUG LoopRunner           - Starting loop
15:08:12.504 [JavaFX Application Thread] DEBUG Input                - Clearing active input actions
15:08:12.515 [JavaFX Application Thread] DEBUG GameApplicationServi - Removing overlay from StartupScene and adding to FXGLMainMenuDummyScene
15:08:12.524 [JavaFX Application Thread] DEBUG MainWindow           - StartupScene -> FXGLMainMenuDummyScene
15:08:12.525 [JavaFX Application Thread] DEBUG MainWindow           - Push state: TrafficAppMenu
15:08:12.525 [JavaFX Application Thread] DEBUG Input                - Clearing active input actions
15:08:12.529 [JavaFX Application Thread] DEBUG GameApplicationServi - Removing overlay from FXGLMainMenuDummyScene and adding to TrafficAppMenu
15:08:12.530 [JavaFX Application Thread] DEBUG MainWindow           - FXGLMainMenuDummyScene -> TrafficAppMenu
15:08:14.033 [FXGL Background Thread 2 ] INFO  UpdaterService       - Your current version:  dev-SNAPSHOT
15:08:14.034 [FXGL Background Thread 2 ] INFO  UpdaterService       - Latest stable version: 11.10
15:08:15.375 [FXGL Background Thread 3 ] DEBUG Engine               - Logging environment variables
15:08:15.376 [FXGL Background Thread 3 ] DEBUG Engine               - achievements: []
15:08:15.376 [FXGL Background Thread 3 ] DEBUG Engine               - appIcon: fxgl_icon.png
15:08:15.376 [FXGL Background Thread 3 ] DEBUG Engine               - applicationMode: DEVELOPER
15:08:15.377 [FXGL Background Thread 3 ] DEBUG Engine               - cSSList: [fxgl_dark.css]
15:08:15.377 [FXGL Background Thread 3 ] DEBUG Engine               - configClass: Optional.empty
15:08:15.377 [FXGL Background Thread 3 ] DEBUG Engine               - credits: []
15:08:15.377 [FXGL Background Thread 3 ] DEBUG Engine               - devBBoxColorProperty: ObjectProperty [value: 0xff0000ff]
15:08:15.377 [FXGL Background Thread 3 ] DEBUG Engine               - devEnableDebugCameraProperty: BooleanProperty [value: false]
15:08:15.378 [FXGL Background Thread 3 ] DEBUG Engine               - devSensorColorProperty: ObjectProperty [value: 0xffff00ff]
15:08:15.378 [FXGL Background Thread 3 ] DEBUG Engine               - devShowBBoxProperty: BooleanProperty [value: false]
15:08:15.378 [FXGL Background Thread 3 ] DEBUG Engine               - devShowPositionProperty: BooleanProperty [value: false]
15:08:15.378 [FXGL Background Thread 3 ] DEBUG Engine               - enabledMenuItems: []
15:08:15.378 [FXGL Background Thread 3 ] DEBUG Engine               - engineServices: [class com.almasb.fxgl.app.FXGLApplication$GameApplicationService, class com.almasb.fxgl.app.services.FXGLDialogService, class com.almasb.fxgl.app.services.IOTaskExecutorService, class com.almasb.fxgl.event.EventBusService, class com.almasb.fxgl.io.FileSystemService, class com.almasb.fxgl.localization.LocalizationService, class com.almasb.fxgl.app.services.FXGLAssetLoaderService, class com.almasb.fxgl.app.services.SystemBundleService, class com.almasb.fxgl.profile.SaveLoadService, class com.almasb.fxgl.ui.FXGLUIFactoryServiceProvider, class com.almasb.fxgl.ui.FXGLDialogFactoryServiceProvider, class com.almasb.fxgl.audio.AudioPlayer, class com.almasb.fxgl.notification.impl.NotificationServiceProvider, class com.almasb.fxgl.achievement.AchievementService, class com.almasb.fxgl.cutscene.CutsceneService, class com.almasb.fxgl.minigames.MiniGameService, class com.almasb.fxgl.net.NetService, class com.almasb.fxgl.app.services.UpdaterService, class com.almasb.fxgl.dev.DevService, class com.almasb.fxgl.dev.profiling.ProfilerService]
15:08:15.378 [FXGL Background Thread 3 ] DEBUG Engine               - fontGame: Abel-Regular.ttf
15:08:15.378 [FXGL Background Thread 3 ] DEBUG Engine               - fontMono: lucida_console.ttf
15:08:15.379 [FXGL Background Thread 3 ] DEBUG Engine               - fontText: Courier-Prime.ttf
15:08:15.379 [FXGL Background Thread 3 ] DEBUG Engine               - fontUI: VarelaRound-Regular.ttf
15:08:15.379 [FXGL Background Thread 3 ] DEBUG Engine               - fullScreen: BooleanProperty [value: false]
15:08:15.379 [FXGL Background Thread 3 ] DEBUG Engine               - gameDifficulty: MEDIUM
15:08:15.379 [FXGL Background Thread 3 ] DEBUG Engine               - gameDifficultyProperty: ObjectProperty [value: MEDIUM]
15:08:15.379 [FXGL Background Thread 3 ] DEBUG Engine               - globalMusicVolume: 0.5
15:08:15.379 [FXGL Background Thread 3 ] DEBUG Engine               - globalMusicVolumeProperty: DoubleProperty [value: 0.5]
15:08:15.380 [FXGL Background Thread 3 ] DEBUG Engine               - globalSoundVolume: 0.5
15:08:15.380 [FXGL Background Thread 3 ] DEBUG Engine               - globalSoundVolumeProperty: DoubleProperty [value: 0.5]
15:08:15.380 [FXGL Background Thread 3 ] DEBUG Engine               - height: 1750
15:08:15.380 [FXGL Background Thread 3 ] DEBUG Engine               - isAndroid: false
15:08:15.380 [FXGL Background Thread 3 ] DEBUG Engine               - isBrowser: false
15:08:15.380 [FXGL Background Thread 3 ] DEBUG Engine               - isClickFeedbackEnabled: false
15:08:15.382 [FXGL Background Thread 3 ] DEBUG Engine               - isCloseConfirmation: false
15:08:15.382 [FXGL Background Thread 3 ] DEBUG Engine               - isDesktop: true
15:08:15.382 [FXGL Background Thread 3 ] DEBUG Engine               - isDeveloperMenuEnabled: true
15:08:15.382 [FXGL Background Thread 3 ] DEBUG Engine               - isEntityPreloadEnabled: true
15:08:15.382 [FXGL Background Thread 3 ] DEBUG Engine               - isExperimentalNative: false
15:08:15.382 [FXGL Background Thread 3 ] DEBUG Engine               - isExperimentalTiledLargeMap: false
15:08:15.383 [FXGL Background Thread 3 ] DEBUG Engine               - isFileSystemWriteAllowed: true
15:08:15.383 [FXGL Background Thread 3 ] DEBUG Engine               - isFullScreenAllowed: false
15:08:15.383 [FXGL Background Thread 3 ] DEBUG Engine               - isFullScreenFromStart: false
15:08:15.383 [FXGL Background Thread 3 ] DEBUG Engine               - isGameMenuEnabled: true
15:08:15.383 [FXGL Background Thread 3 ] DEBUG Engine               - isIOS: false
15:08:15.383 [FXGL Background Thread 3 ] DEBUG Engine               - isIntroEnabled: false
15:08:15.383 [FXGL Background Thread 3 ] DEBUG Engine               - isLinux: false
15:08:15.383 [FXGL Background Thread 3 ] DEBUG Engine               - isMac: true
15:08:15.384 [FXGL Background Thread 3 ] DEBUG Engine               - isMainMenuEnabled: true
15:08:15.384 [FXGL Background Thread 3 ] DEBUG Engine               - isManualResizeEnabled: true
15:08:15.384 [FXGL Background Thread 3 ] DEBUG Engine               - isMobile: false
15:08:15.384 [FXGL Background Thread 3 ] DEBUG Engine               - isPreserveResizeRatio: true
15:08:15.384 [FXGL Background Thread 3 ] DEBUG Engine               - isProfilingEnabled: true
15:08:15.384 [FXGL Background Thread 3 ] DEBUG Engine               - isSingleStep: false
15:08:15.384 [FXGL Background Thread 3 ] DEBUG Engine               - isUserProfileEnabled: false
15:08:15.384 [FXGL Background Thread 3 ] DEBUG Engine               - isWindows: false
15:08:15.384 [FXGL Background Thread 3 ] DEBUG Engine               - language: ObjectProperty [value: ENGLISH]
15:08:15.385 [FXGL Background Thread 3 ] DEBUG Engine               - menuKey: ESCAPE
15:08:15.385 [FXGL Background Thread 3 ] DEBUG Engine               - notificationViewClass: class com.almasb.fxgl.notification.view.XboxNotificationView
15:08:15.385 [FXGL Background Thread 3 ] DEBUG Engine               - pixelsPerMeter: 50.0
15:08:15.385 [FXGL Background Thread 3 ] DEBUG Engine               - platform: MAC
15:08:15.385 [FXGL Background Thread 3 ] DEBUG Engine               - profileDir: profiles/
15:08:15.386 [FXGL Background Thread 3 ] DEBUG Engine               - profileName: StringProperty [value: DEFAULT]
15:08:15.386 [FXGL Background Thread 3 ] DEBUG Engine               - randomSeed: -1
15:08:15.386 [FXGL Background Thread 3 ] DEBUG Engine               - runtimeInfo: RuntimeInfo(platform=MAC, version=dev-SNAPSHOT, build=03.09.2020 12.08)
15:08:15.386 [FXGL Background Thread 3 ] DEBUG Engine               - saveFileExt: sav
15:08:15.386 [FXGL Background Thread 3 ] DEBUG Engine               - sceneFactory: it.uniroma1.metodologie.trafficGame.TrafficApp$1@1b47ea65
15:08:15.386 [FXGL Background Thread 3 ] DEBUG Engine               - secondsIn24h: 60
15:08:15.387 [FXGL Background Thread 3 ] DEBUG Engine               - soundMenuBack: menu/back.wav
15:08:15.387 [FXGL Background Thread 3 ] DEBUG Engine               - soundMenuPress: menu/press.wav
15:08:15.387 [FXGL Background Thread 3 ] DEBUG Engine               - soundMenuSelect: menu/select.wav
15:08:15.387 [FXGL Background Thread 3 ] DEBUG Engine               - soundNotification: core/notification.wav
15:08:15.387 [FXGL Background Thread 3 ] DEBUG Engine               - stageStyle: DECORATED
15:08:15.387 [FXGL Background Thread 3 ] DEBUG Engine               - supportedLanguages: [ENGLISH, FRENCH, GERMAN, HUNGARIAN, RUSSIAN]
15:08:15.387 [FXGL Background Thread 3 ] DEBUG Engine               - title: Traffic
15:08:15.388 [FXGL Background Thread 3 ] DEBUG Engine               - urlGithub: https://github.com/AlmasB/FXGL
15:08:15.388 [FXGL Background Thread 3 ] DEBUG Engine               - urlLeaderboard: http://fxgl-top.herokuapp.com/
15:08:15.388 [FXGL Background Thread 3 ] DEBUG Engine               - urlPOM: https://raw.githubusercontent.com/AlmasB/FXGL/master/pom.xml
15:08:15.388 [FXGL Background Thread 3 ] DEBUG Engine               - version: Alpha 1.0
15:08:15.388 [FXGL Background Thread 3 ] DEBUG Engine               - versionCheckDays: 7
15:08:15.388 [FXGL Background Thread 3 ] DEBUG Engine               - width: 2500
15:08:15.388 [FXGL Background Thread 3 ] DEBUG Engine               - Logging services
15:08:15.388 [FXGL Background Thread 3 ] DEBUG Engine               - class com.almasb.fxgl.app.FXGLApplication$GameApplicationService
15:08:15.389 [FXGL Background Thread 3 ] DEBUG Engine               - class com.almasb.fxgl.app.services.FXGLDialogService
15:08:15.389 [FXGL Background Thread 3 ] DEBUG Engine               - class com.almasb.fxgl.app.services.IOTaskExecutorService
15:08:15.389 [FXGL Background Thread 3 ] DEBUG Engine               - class com.almasb.fxgl.event.EventBusService
15:08:15.389 [FXGL Background Thread 3 ] DEBUG Engine               - class com.almasb.fxgl.io.FileSystemService
15:08:15.389 [FXGL Background Thread 3 ] DEBUG Engine               - class com.almasb.fxgl.localization.LocalizationService
15:08:15.389 [FXGL Background Thread 3 ] DEBUG Engine               - class com.almasb.fxgl.app.services.FXGLAssetLoaderService
15:08:15.389 [FXGL Background Thread 3 ] DEBUG Engine               - class com.almasb.fxgl.app.services.SystemBundleService
15:08:15.390 [FXGL Background Thread 3 ] DEBUG Engine               - class com.almasb.fxgl.profile.SaveLoadService
15:08:15.390 [FXGL Background Thread 3 ] DEBUG Engine               - class com.almasb.fxgl.ui.FXGLUIFactoryServiceProvider
15:08:15.390 [FXGL Background Thread 3 ] DEBUG Engine               - class com.almasb.fxgl.ui.FXGLDialogFactoryServiceProvider
15:08:15.390 [FXGL Background Thread 3 ] DEBUG Engine               - class com.almasb.fxgl.audio.AudioPlayer
15:08:15.390 [FXGL Background Thread 3 ] DEBUG Engine               - class com.almasb.fxgl.notification.impl.NotificationServiceProvider
15:08:15.390 [FXGL Background Thread 3 ] DEBUG Engine               - class com.almasb.fxgl.achievement.AchievementService
15:08:15.391 [FXGL Background Thread 3 ] DEBUG Engine               - class com.almasb.fxgl.cutscene.CutsceneService
15:08:15.391 [FXGL Background Thread 3 ] DEBUG Engine               - class com.almasb.fxgl.minigames.MiniGameService
15:08:15.391 [FXGL Background Thread 3 ] DEBUG Engine               - class com.almasb.fxgl.net.NetService
15:08:15.391 [FXGL Background Thread 3 ] DEBUG Engine               - class com.almasb.fxgl.app.services.UpdaterService
15:08:15.391 [FXGL Background Thread 3 ] DEBUG Engine               - class com.almasb.fxgl.dev.DevService
15:08:15.391 [FXGL Background Thread 3 ] DEBUG Engine               - class com.almasb.fxgl.dev.profiling.ProfilerService
15:08:19.543 [JavaFX Application Thread] DEBUG Menu                 - fireNewGame()
15:08:19.544 [JavaFX Application Thread] DEBUG GameApplicationServi - Starting new game
15:08:19.544 [JavaFX Application Thread] DEBUG MainWindow           - Pop state: TrafficAppMenu
15:08:19.544 [JavaFX Application Thread] DEBUG Input                - Clearing active input actions
15:08:19.545 [JavaFX Application Thread] DEBUG GameApplicationServi - Removing overlay from TrafficAppMenu and adding to FXGLMainMenuDummyScene
15:08:19.548 [JavaFX Application Thread] DEBUG MainWindow           - FXGLMainMenuDummyScene <- TrafficAppMenu
15:08:19.549 [JavaFX Application Thread] DEBUG Input                - Clearing active input actions
15:08:19.561 [JavaFX Application Thread] DEBUG GameApplicationServi - Removing overlay from FXGLMainMenuDummyScene and adding to FXGLLoadingScene
15:08:19.562 [JavaFX Application Thread] DEBUG MainWindow           - FXGLMainMenuDummyScene -> FXGLLoadingScene
15:08:19.562 [JavaFX Application Thread] DEBUG GameApplicationServi - Clearing previous game
15:08:19.562 [JavaFX Application Thread] DEBUG GameScene            - Clearing game scene
15:08:19.562 [JavaFX Application Thread] DEBUG GameWorld            - Clearing game world
15:08:19.562 [JavaFX Application Thread] DEBUG PhysicsWorld         - Clearing physics world
15:08:19.566 [FXGL Background Thread 2 ] DEBUG FXGLApplication      - Initializing game
15:08:19.577 [FXGL Background Thread 2 ] DEBUG FXGLAssetLoaderServi - Loading from file system: /assets/levels/level02.tmx
15:08:19.635 [FXGL Background Thread 2 ] WARN  TMXLevelLoader       - TiledMap generated from 1.4.1. Supported version: 1.2.3. Some features may not be parsed fully.
15:08:19.692 [FXGL Background Thread 2 ] DEBUG TMXLevelLoader       - Parsed raw map: TiledMap(width=10, height=7, tilewidth=250, tileheight=250, orientation=orthogonal, layers=[Layer(width=10, height=7, name=bg, type=tilelayer, visible=false, x=0, y=0, data=[84, 67, 84, 67, 30, 47, 34, 83, 80, 83, 48, 48, 48, 45, 48, 43, 48, 48, 45, 48, 69, 69, 75, 47, 77, 69, 69, 75, 47, 82, 67, 67, 74, 47, 76, 67, 67, 74, 47, 82, 48, 48, 48, 49, 48, 48, 48, 48, 46, 40, 77, 69, 75, 47, 77, 69, 69, 75, 47, 24, 70, 81, 68, 47, 81, 81, 81, 79, 47, 82], objects=[], opacity=0.0, draworder=), Layer(width=0, height=0, name=PathWays, type=objectgroup, visible=false, x=0, y=0, data=[], objects=[], opacity=0.0, draworder=), Layer(width=0, height=0, name=Incroci, type=objectgroup, visible=false, x=0, y=0, data=[], objects=[com.almasb.fxgl.entity.level.tiled.TiledObject@d8d7580, com.almasb.fxgl.entity.level.tiled.TiledObject@6779e992, com.almasb.fxgl.entity.level.tiled.TiledObject@3f4c5197, com.almasb.fxgl.entity.level.tiled.TiledObject@245e5b43, com.almasb.fxgl.entity.level.tiled.TiledObject@42191b3d], opacity=0.0, draworder=), Layer(width=0, height=0, name=Semafori, type=objectgroup, visible=false, x=0, y=0, data=[], objects=[com.almasb.fxgl.entity.level.tiled.TiledObject@6a844f95, com.almasb.fxgl.entity.level.tiled.TiledObject@37996bbb, com.almasb.fxgl.entity.level.tiled.TiledObject@614bba48, com.almasb.fxgl.entity.level.tiled.TiledObject@6b8195af, com.almasb.fxgl.entity.level.tiled.TiledObject@233197ad, com.almasb.fxgl.entity.level.tiled.TiledObject@5f89f4c3, com.almasb.fxgl.entity.level.tiled.TiledObject@63ac8c80, com.almasb.fxgl.entity.level.tiled.TiledObject@46741b7, com.almasb.fxgl.entity.level.tiled.TiledObject@2bc42269, com.almasb.fxgl.entity.level.tiled.TiledObject@3b7bf43e, com.almasb.fxgl.entity.level.tiled.TiledObject@3cb4b75d, com.almasb.fxgl.entity.level.tiled.TiledObject@2602385, com.almasb.fxgl.entity.level.tiled.TiledObject@83d8eca, com.almasb.fxgl.entity.level.tiled.TiledObject@6c0351f7, com.almasb.fxgl.entity.level.tiled.TiledObject@75941d75, com.almasb.fxgl.entity.level.tiled.TiledObject@766b6449], opacity=0.0, draworder=), Layer(width=0, height=0, name=SpawnPoint, type=objectgroup, visible=false, x=0, y=0, data=[], objects=[com.almasb.fxgl.entity.level.tiled.TiledObject@12c4ef90, com.almasb.fxgl.entity.level.tiled.TiledObject@64be88d6, com.almasb.fxgl.entity.level.tiled.TiledObject@31145e81, com.almasb.fxgl.entity.level.tiled.TiledObject@1cf03dc6, com.almasb.fxgl.entity.level.tiled.TiledObject@297df9a7, com.almasb.fxgl.entity.level.tiled.TiledObject@39952c66, com.almasb.fxgl.entity.level.tiled.TiledObject@2ae68d83, com.almasb.fxgl.entity.level.tiled.TiledObject@37e59b14, com.almasb.fxgl.entity.level.tiled.TiledObject@7113ec8e, com.almasb.fxgl.entity.level.tiled.TiledObject@61f508d6, com.almasb.fxgl.entity.level.tiled.TiledObject@7f611bfe, com.almasb.fxgl.entity.level.tiled.TiledObject@6447123d, com.almasb.fxgl.entity.level.tiled.TiledObject@adef5a7, com.almasb.fxgl.entity.level.tiled.TiledObject@43a4ef92, com.almasb.fxgl.entity.level.tiled.TiledObject@346db2f3, com.almasb.fxgl.entity.level.tiled.TiledObject@68e798b9, com.almasb.fxgl.entity.level.tiled.TiledObject@15e92bcf, com.almasb.fxgl.entity.level.tiled.TiledObject@71558e9f, com.almasb.fxgl.entity.level.tiled.TiledObject@28f6506c, com.almasb.fxgl.entity.level.tiled.TiledObject@7c80279b, com.almasb.fxgl.entity.level.tiled.TiledObject@206bcc97, com.almasb.fxgl.entity.level.tiled.TiledObject@7d979f73, com.almasb.fxgl.entity.level.tiled.TiledObject@6778c59d, com.almasb.fxgl.entity.level.tiled.TiledObject@1ab98a16, com.almasb.fxgl.entity.level.tiled.TiledObject@64c8f2a2, com.almasb.fxgl.entity.level.tiled.TiledObject@25e5954f, com.almasb.fxgl.entity.level.tiled.TiledObject@410e843, com.almasb.fxgl.entity.level.tiled.TiledObject@522f2bed], opacity=0.0, draworder=)], tilesets=[Tileset(firstgid=1, image=../textures/tiles_sheet.png, name=tiles_sheet, tilewidth=250, tileheight=250, imagewidth=1750, imageheight=1500, margin=0, spacing=0, columns=7, tilecount=42, transparentcolor=ff00ff, tiles=[]), Tileset(firstgid=43, image=../textures/tiles_sheet.png, name=tiles_sheet, tilewidth=250, tileheight=250, imagewidth=1750, imageheight=1500, margin=0, spacing=0, columns=7, tilecount=42, transparentcolor=, tiles=[])], backgroundcolor=, renderorder=right-down, nextobjectid=58, version=1, tiledversion=1.4.1, type=map, infinite=false, properties={}, propertytypes={})
15:08:19.693 [FXGL Background Thread 2 ] DEBUG TMXLevelLoader       - Creating tile layer entities
15:08:19.706 [FXGL Background Thread 2 ] DEBUG TilesetLoader        - Loading view for layer bg
15:08:19.743 [FXGL Background Thread 2 ] DEBUG TilesetLoader        - Created buffer with size 2500.0x1750.0
15:08:19.826 [FXGL Background Thread 2 ] DEBUG TilesetLoader        - Writing to buffer: dst=0,0, w=250,h=250, src=1500,1250
15:08:19.827 [FXGL Background Thread 2 ] DEBUG TilesetLoader        - Writing to buffer: dst=250,0, w=250,h=250, src=750,750
15:08:19.827 [FXGL Background Thread 2 ] DEBUG TilesetLoader        - Writing to buffer: dst=500,0, w=250,h=250, src=1500,1250
15:08:19.828 [FXGL Background Thread 2 ] DEBUG TilesetLoader        - Writing to buffer: dst=750,0, w=250,h=250, src=750,750
15:08:19.828 [FXGL Background Thread 2 ] DEBUG TilesetLoader        - Writing to buffer: dst=1000,0, w=250,h=250, src=250,1000
15:08:19.829 [FXGL Background Thread 2 ] DEBUG TilesetLoader        - Writing to buffer: dst=1250,0, w=250,h=250, src=1000,0
15:08:19.830 [FXGL Background Thread 2 ] DEBUG TilesetLoader        - Writing to buffer: dst=1500,0, w=250,h=250, src=1250,1000
15:08:19.831 [FXGL Background Thread 2 ] DEBUG TilesetLoader        - Writing to buffer: dst=1750,0, w=250,h=250, src=1250,1250
15:08:19.831 [FXGL Background Thread 2 ] DEBUG TilesetLoader        - Writing to buffer: dst=2000,0, w=250,h=250, src=500,1250
15:08:19.832 [FXGL Background Thread 2 ] DEBUG TilesetLoader        - Writing to buffer: dst=2250,0, w=250,h=250, src=1250,1250
15:08:19.832 [FXGL Background Thread 2 ] DEBUG TilesetLoader        - Writing to buffer: dst=0,250, w=250,h=250, src=1250,0
15:08:19.832 [FXGL Background Thread 2 ] DEBUG TilesetLoader        - Writing to buffer: dst=250,250, w=250,h=250, src=1250,0
15:08:19.833 [FXGL Background Thread 2 ] DEBUG TilesetLoader        - Writing to buffer: dst=500,250, w=250,h=250, src=1250,0
15:08:19.833 [FXGL Background Thread 2 ] DEBUG TilesetLoader        - Writing to buffer: dst=750,250, w=250,h=250, src=500,0
15:08:19.833 [FXGL Background Thread 2 ] DEBUG TilesetLoader        - Writing to buffer: dst=1000,250, w=250,h=250, src=1250,0
15:08:19.833 [FXGL Background Thread 2 ] DEBUG TilesetLoader        - Writing to buffer: dst=1250,250, w=250,h=250, src=0,0
15:08:19.834 [FXGL Background Thread 2 ] DEBUG TilesetLoader        - Writing to buffer: dst=1500,250, w=250,h=250, src=1250,0
15:08:19.834 [FXGL Background Thread 2 ] DEBUG TilesetLoader        - Writing to buffer: dst=1750,250, w=250,h=250, src=1250,0
15:08:19.834 [FXGL Background Thread 2 ] DEBUG TilesetLoader        - Writing to buffer: dst=2000,250, w=250,h=250, src=500,0
15:08:19.834 [FXGL Background Thread 2 ] DEBUG TilesetLoader        - Writing to buffer: dst=2250,250, w=250,h=250, src=1250,0
15:08:19.834 [FXGL Background Thread 2 ] DEBUG TilesetLoader        - Writing to buffer: dst=0,500, w=250,h=250, src=1250,750
15:08:19.836 [FXGL Background Thread 2 ] DEBUG TilesetLoader        - Writing to buffer: dst=250,500, w=250,h=250, src=1250,750
15:08:19.836 [FXGL Background Thread 2 ] DEBUG TilesetLoader        - Writing to buffer: dst=500,500, w=250,h=250, src=1000,1000
15:08:19.837 [FXGL Background Thread 2 ] DEBUG TilesetLoader        - Writing to buffer: dst=750,500, w=250,h=250, src=1000,0
15:08:19.837 [FXGL Background Thread 2 ] DEBUG TilesetLoader        - Writing to buffer: dst=1000,500, w=250,h=250, src=1500,1000
15:08:19.837 [FXGL Background Thread 2 ] DEBUG TilesetLoader        - Writing to buffer: dst=1250,500, w=250,h=250, src=1250,750
15:08:19.837 [FXGL Background Thread 2 ] DEBUG TilesetLoader        - Writing to buffer: dst=1500,500, w=250,h=250, src=1250,750
15:08:19.837 [FXGL Background Thread 2 ] DEBUG TilesetLoader        - Writing to buffer: dst=1750,500, w=250,h=250, src=1000,1000
15:08:19.837 [FXGL Background Thread 2 ] DEBUG TilesetLoader        - Writing to buffer: dst=2000,500, w=250,h=250, src=1000,0
15:08:19.838 [FXGL Background Thread 2 ] DEBUG TilesetLoader        - Writing to buffer: dst=2250,500, w=250,h=250, src=1000,1250
15:08:19.838 [FXGL Background Thread 2 ] DEBUG TilesetLoader        - Writing to buffer: dst=0,750, w=250,h=250, src=750,750
15:08:19.838 [FXGL Background Thread 2 ] DEBUG TilesetLoader        - Writing to buffer: dst=250,750, w=250,h=250, src=750,750
15:08:19.838 [FXGL Background Thread 2 ] DEBUG TilesetLoader        - Writing to buffer: dst=500,750, w=250,h=250, src=750,1000
15:08:19.838 [FXGL Background Thread 2 ] DEBUG TilesetLoader        - Writing to buffer: dst=750,750, w=250,h=250, src=1000,0
15:08:19.838 [FXGL Background Thread 2 ] DEBUG TilesetLoader        - Writing to buffer: dst=1000,750, w=250,h=250, src=1250,1000
15:08:19.838 [FXGL Background Thread 2 ] DEBUG TilesetLoader        - Writing to buffer: dst=1250,750, w=250,h=250, src=750,750
15:08:19.839 [FXGL Background Thread 2 ] DEBUG TilesetLoader        - Writing to buffer: dst=1500,750, w=250,h=250, src=750,750
15:08:19.839 [FXGL Background Thread 2 ] DEBUG TilesetLoader        - Writing to buffer: dst=1750,750, w=250,h=250, src=750,1000
15:08:19.839 [FXGL Background Thread 2 ] DEBUG TilesetLoader        - Writing to buffer: dst=2000,750, w=250,h=250, src=1000,0
15:08:19.840 [FXGL Background Thread 2 ] DEBUG TilesetLoader        - Writing to buffer: dst=2250,750, w=250,h=250, src=1000,1250
15:08:19.840 [FXGL Background Thread 2 ] DEBUG TilesetLoader        - Writing to buffer: dst=0,1000, w=250,h=250, src=1250,0
15:08:19.840 [FXGL Background Thread 2 ] DEBUG TilesetLoader        - Writing to buffer: dst=250,1000, w=250,h=250, src=1250,0
15:08:19.840 [FXGL Background Thread 2 ] DEBUG TilesetLoader        - Writing to buffer: dst=500,1000, w=250,h=250, src=1250,0
15:08:19.840 [FXGL Background Thread 2 ] DEBUG TilesetLoader        - Writing to buffer: dst=750,1000, w=250,h=250, src=1500,0
15:08:19.841 [FXGL Background Thread 2 ] DEBUG TilesetLoader        - Writing to buffer: dst=1000,1000, w=250,h=250, src=1250,0
15:08:19.841 [FXGL Background Thread 2 ] DEBUG TilesetLoader        - Writing to buffer: dst=1250,1000, w=250,h=250, src=1250,0
15:08:19.841 [FXGL Background Thread 2 ] DEBUG TilesetLoader        - Writing to buffer: dst=1500,1000, w=250,h=250, src=1250,0
15:08:19.841 [FXGL Background Thread 2 ] DEBUG TilesetLoader        - Writing to buffer: dst=1750,1000, w=250,h=250, src=1250,0
15:08:19.841 [FXGL Background Thread 2 ] DEBUG TilesetLoader        - Writing to buffer: dst=2000,1000, w=250,h=250, src=750,0
15:08:19.841 [FXGL Background Thread 2 ] DEBUG TilesetLoader        - Writing to buffer: dst=2250,1000, w=250,h=250, src=1000,1250
15:08:19.842 [FXGL Background Thread 2 ] DEBUG TilesetLoader        - Writing to buffer: dst=0,1250, w=250,h=250, src=1500,1000
15:08:19.842 [FXGL Background Thread 2 ] DEBUG TilesetLoader        - Writing to buffer: dst=250,1250, w=250,h=250, src=1250,750
15:08:19.842 [FXGL Background Thread 2 ] DEBUG TilesetLoader        - Writing to buffer: dst=500,1250, w=250,h=250, src=1000,1000
15:08:19.842 [FXGL Background Thread 2 ] DEBUG TilesetLoader        - Writing to buffer: dst=750,1250, w=250,h=250, src=1000,0
15:08:19.842 [FXGL Background Thread 2 ] DEBUG TilesetLoader        - Writing to buffer: dst=1000,1250, w=250,h=250, src=1500,1000
15:08:19.842 [FXGL Background Thread 2 ] DEBUG TilesetLoader        - Writing to buffer: dst=1250,1250, w=250,h=250, src=1250,750
15:08:19.843 [FXGL Background Thread 2 ] DEBUG TilesetLoader        - Writing to buffer: dst=1500,1250, w=250,h=250, src=1250,750
15:08:19.843 [FXGL Background Thread 2 ] DEBUG TilesetLoader        - Writing to buffer: dst=1750,1250, w=250,h=250, src=1000,1000
15:08:19.843 [FXGL Background Thread 2 ] DEBUG TilesetLoader        - Writing to buffer: dst=2000,1250, w=250,h=250, src=1000,0
15:08:19.843 [FXGL Background Thread 2 ] DEBUG TilesetLoader        - Writing to buffer: dst=2250,1250, w=250,h=250, src=500,750
15:08:19.843 [FXGL Background Thread 2 ] DEBUG TilesetLoader        - Writing to buffer: dst=0,1500, w=250,h=250, src=1500,750
15:08:19.844 [FXGL Background Thread 2 ] DEBUG TilesetLoader        - Writing to buffer: dst=250,1500, w=250,h=250, src=750,1250
15:08:19.844 [FXGL Background Thread 2 ] DEBUG TilesetLoader        - Writing to buffer: dst=500,1500, w=250,h=250, src=1000,750
15:08:19.844 [FXGL Background Thread 2 ] DEBUG TilesetLoader        - Writing to buffer: dst=750,1500, w=250,h=250, src=1000,0
15:08:19.844 [FXGL Background Thread 2 ] DEBUG TilesetLoader        - Writing to buffer: dst=1000,1500, w=250,h=250, src=750,1250
15:08:19.852 [FXGL Background Thread 2 ] DEBUG TilesetLoader        - Writing to buffer: dst=1250,1500, w=250,h=250, src=750,1250
15:08:19.855 [FXGL Background Thread 2 ] DEBUG TilesetLoader        - Writing to buffer: dst=1500,1500, w=250,h=250, src=750,1250
15:08:19.856 [FXGL Background Thread 2 ] DEBUG TilesetLoader        - Writing to buffer: dst=1750,1500, w=250,h=250, src=250,1250
15:08:19.856 [FXGL Background Thread 2 ] DEBUG TilesetLoader        - Writing to buffer: dst=2000,1500, w=250,h=250, src=1000,0
15:08:19.856 [FXGL Background Thread 2 ] DEBUG TilesetLoader        - Writing to buffer: dst=2250,1500, w=250,h=250, src=1000,1250
15:08:19.857 [FXGL Background Thread 2 ] DEBUG TMXLevelLoader       - Creating object layer entities
15:08:19.887 [FXGL Background Thread 2 ] DEBUG FXGLAssetLoaderServi - Loading from file system: /assets/textures/semaforoRosso-01.png
15:08:19.892 [FXGL Background Thread 2 ] DEBUG FXGLAssetLoaderServi - Loading from file system: /assets/textures/semaforoVerde-01.png
15:08:19.898 [FXGL Background Thread 2 ] DEBUG FXGLAssetLoaderServi - Loading from file system: /assets/textures/semaforoRosso-02.png
15:08:19.903 [FXGL Background Thread 2 ] DEBUG FXGLAssetLoaderServi - Loading from file system: /assets/textures/semaforoVerde-02.png
15:08:19.907 [FXGL Background Thread 2 ] DEBUG FXGLAssetLoaderServi - Loading from file system: /assets/textures/semaforoRosso-04.png
15:08:19.910 [FXGL Background Thread 2 ] DEBUG FXGLAssetLoaderServi - Loading from file system: /assets/textures/semaforoVerde-04.png
15:08:19.916 [FXGL Background Thread 2 ] DEBUG FXGLAssetLoaderServi - Loading from file system: /assets/textures/semaforoRosso-03.png
15:08:19.920 [FXGL Background Thread 2 ] DEBUG FXGLAssetLoaderServi - Loading from file system: /assets/textures/semaforoVerde-03.png
15:08:19.926 [FXGL Background Thread 2 ] DEBUG FXGLAssetLoaderServi - Loading from cache: /assets/textures/semaforoRosso-04.png
15:08:19.927 [FXGL Background Thread 2 ] DEBUG FXGLAssetLoaderServi - Loading from cache: /assets/textures/semaforoVerde-04.png
15:08:19.930 [FXGL Background Thread 2 ] DEBUG FXGLAssetLoaderServi - Loading from cache: /assets/textures/semaforoRosso-01.png
15:08:19.930 [FXGL Background Thread 2 ] DEBUG FXGLAssetLoaderServi - Loading from cache: /assets/textures/semaforoVerde-01.png
15:08:19.932 [FXGL Background Thread 2 ] DEBUG FXGLAssetLoaderServi - Loading from cache: /assets/textures/semaforoRosso-03.png
15:08:19.932 [FXGL Background Thread 2 ] DEBUG FXGLAssetLoaderServi - Loading from cache: /assets/textures/semaforoVerde-03.png
15:08:19.933 [FXGL Background Thread 2 ] DEBUG FXGLAssetLoaderServi - Loading from cache: /assets/textures/semaforoRosso-04.png
15:08:19.933 [FXGL Background Thread 2 ] DEBUG FXGLAssetLoaderServi - Loading from cache: /assets/textures/semaforoVerde-04.png
15:08:19.935 [FXGL Background Thread 2 ] DEBUG FXGLAssetLoaderServi - Loading from cache: /assets/textures/semaforoRosso-04.png
15:08:19.936 [FXGL Background Thread 2 ] DEBUG FXGLAssetLoaderServi - Loading from cache: /assets/textures/semaforoVerde-04.png
15:08:19.939 [FXGL Background Thread 2 ] DEBUG FXGLAssetLoaderServi - Loading from cache: /assets/textures/semaforoRosso-04.png
15:08:19.940 [FXGL Background Thread 2 ] DEBUG FXGLAssetLoaderServi - Loading from cache: /assets/textures/semaforoVerde-04.png
15:08:19.943 [FXGL Background Thread 2 ] DEBUG FXGLAssetLoaderServi - Loading from cache: /assets/textures/semaforoRosso-01.png
15:08:19.943 [FXGL Background Thread 2 ] DEBUG FXGLAssetLoaderServi - Loading from cache: /assets/textures/semaforoVerde-01.png
15:08:19.945 [FXGL Background Thread 2 ] DEBUG FXGLAssetLoaderServi - Loading from cache: /assets/textures/semaforoRosso-02.png
15:08:19.946 [FXGL Background Thread 2 ] DEBUG FXGLAssetLoaderServi - Loading from cache: /assets/textures/semaforoVerde-02.png
15:08:19.947 [FXGL Background Thread 2 ] DEBUG FXGLAssetLoaderServi - Loading from cache: /assets/textures/semaforoRosso-02.png
15:08:19.948 [FXGL Background Thread 2 ] DEBUG FXGLAssetLoaderServi - Loading from cache: /assets/textures/semaforoVerde-02.png
15:08:19.949 [FXGL Background Thread 2 ] DEBUG FXGLAssetLoaderServi - Loading from cache: /assets/textures/semaforoRosso-02.png
15:08:19.949 [FXGL Background Thread 2 ] DEBUG FXGLAssetLoaderServi - Loading from cache: /assets/textures/semaforoVerde-02.png
15:08:19.950 [FXGL Background Thread 2 ] DEBUG FXGLAssetLoaderServi - Loading from cache: /assets/textures/semaforoRosso-03.png
15:08:19.950 [FXGL Background Thread 2 ] DEBUG FXGLAssetLoaderServi - Loading from cache: /assets/textures/semaforoVerde-03.png
15:08:19.953 [FXGL Background Thread 2 ] DEBUG FXGLAssetLoaderServi - Loading from cache: /assets/textures/semaforoRosso-03.png
15:08:19.954 [FXGL Background Thread 2 ] DEBUG FXGLAssetLoaderServi - Loading from cache: /assets/textures/semaforoVerde-03.png
15:08:19.981 [FXGL Background Thread 2 ] DEBUG GameWorld            - Clearing removable entities
15:08:19.983 [FXGL Background Thread 2 ] DEBUG GameWorld            - Setting level: com.almasb.fxgl.entity.level.Level@4c01ae3
15:08:20.006 [FXGL Background Thread 2 ] DEBUG FXGLAssetLoaderServi - Loading from file system: /assets/textures/pointer-sprite.png
15:08:20.098 [FXGL Background Thread 2 ] INFO  FXGLApplication      - Game initialization took: 0,532 sec
15:08:20.099 [JavaFX Application Thread] DEBUG Input                - Clearing active input actions
15:08:20.112 [JavaFX Application Thread] DEBUG GameApplicationServi - Removing overlay from FXGLLoadingScene and adding to GameScene
15:08:20.116 [JavaFX Application Thread] DEBUG MainWindow           - FXGLLoadingScene -> GameScene
15:09:11.843 [JavaFX Application Thread] DEBUG FXGLApplication      - Exiting FXGL
15:09:11.843 [JavaFX Application Thread] DEBUG LoopRunner           - Stopping loop
15:09:11.843 [JavaFX Application Thread] DEBUG SystemBundleService  - Saving FXGL system data
15:09:11.845 [JavaFX Application Thread] DEBUG FileSystemAccess     - Writing to: /Users/universita/Desktop/ProgettoJava/Drop/system/fxgl.bundle
15:09:11.851 [JavaFX Application Thread] INFO  ProfilerService      - Processed Frames: 4286
15:09:11.855 [JavaFX Application Thread] INFO  ProfilerService      - Average FPS: 59
15:09:11.855 [JavaFX Application Thread] INFO  ProfilerService      - Avg Frame Took: 14,36 ms
15:09:11.857 [JavaFX Application Thread] INFO  ProfilerService      - Avg Memory Usage: 111 MB
15:09:11.858 [JavaFX Application Thread] INFO  ProfilerService      - Min Memory Usage: 66 MB
15:09:11.858 [JavaFX Application Thread] INFO  ProfilerService      - Max Memory Usage: 142 MB
15:09:11.860 [JavaFX Application Thread] INFO  ProfilerService      - Estimated GC runs: 35
15:09:11.860 [JavaFX Application Thread] DEBUG Async                - Shutting down background threads
15:09:11.862 [JavaFX Application Thread] DEBUG MainWindow           - Closing main window
15:09:11.883 [JavaFX Application Thread] DEBUG Logger               - Closing Logger
