00:26:37.193 [main                     ] DEBUG Logger               - Configured Logger
00:26:37.222 [main                     ] DEBUG GameApplication      - Logging settings
Title: Traffic
Version: Alpha 1.0
Width: 2000
Height: 1125
Fullscreen: false
Intro: false
Profiling: false
Single step:false
App Mode: DEVELOPER
Menu Key: ESCAPE
Stage Style: DECORATED
Scene Factory: class it.uniroma1.metodologie.trafficGame.TrafficApp$1

00:26:37.901 [JavaFX Application Thread] DEBUG FXGLApplication      - Initializing FXGL
00:26:37.923 [JavaFX Application Thread] INFO  Engine               - FXGL-dev-SNAPSHOT (06.09.2020 16.28) on MAC (J:14.0.1 FX:14)
00:26:37.923 [JavaFX Application Thread] DEBUG Engine               - JRE Vendor Name: Oracle Corporation
00:26:37.924 [JavaFX Application Thread] DEBUG Engine               - Running on OS: Mac OS X version 10.15.6
00:26:37.924 [JavaFX Application Thread] DEBUG Engine               - Architecture: x86_64
00:26:37.925 [JavaFX Application Thread] INFO  Engine               - Source code and latest versions at: https://github.com/AlmasB/FXGL
00:26:37.925 [JavaFX Application Thread] INFO  Engine               -              Join the FXGL chat at: https://gitter.im/AlmasB/FXGL
00:26:38.066 [JavaFX Application Thread] DEBUG MainWindow           - Creating a JavaFX scene
00:26:38.066 [JavaFX Application Thread] DEBUG MainWindow           - Target size > screen size
00:26:38.132 [JavaFX Application Thread] DEBUG MainWindow           - Target settings size: 2000.0 x 1125.0
00:26:38.132 [JavaFX Application Thread] DEBUG MainWindow           - Scaled scene size:    1775.0 x 1012.0
00:26:38.133 [JavaFX Application Thread] DEBUG MainWindow           - Scaled ratio: (0.8875, 0.8995555555555556)
00:26:38.134 [JavaFX Application Thread] DEBUG MainWindow           - Set initial scene to StartupScene
00:26:38.144 [JavaFX Application Thread] DEBUG MainWindow           - Opening main window
00:26:38.290 [JavaFX Application Thread] DEBUG MainWindow           - Window border size: (0.0, 1.0)
00:26:38.291 [JavaFX Application Thread] DEBUG MainWindow           - Scaled size: 1775.0 x 1012.0
00:26:38.291 [JavaFX Application Thread] DEBUG MainWindow           - Scaled ratio: (0.8875, 0.8875)
00:26:38.292 [JavaFX Application Thread] DEBUG MainWindow           - Scene size: 1775.0 x 1012.0
00:26:38.292 [JavaFX Application Thread] DEBUG MainWindow           - Stage size: 1775.0 x 1013.0
00:26:38.302 [FXGL Background Thread 1 ] DEBUG Engine               - Initializing environment variables
00:26:38.335 [FXGL Background Thread 1 ] DEBUG GameApplicationServi - Applying CSS: fxgl_dark.css
00:26:38.337 [FXGL Background Thread 1 ] DEBUG FXGLAssetLoaderServi - Loading from file system: /assets/ui/css/fxgl_dark.css
00:26:38.431 [FXGL Background Thread 1 ] DEBUG GameApplicationServi - Initializing application scenes
00:26:38.985 [FXGL Background Thread 1 ] DEBUG GameWorld            - Game world initialized
00:26:39.086 [FXGL Background Thread 1 ] DEBUG PhysicsWorld         - Physics world initialized: appHeight=1125, physics.ppm=50,0
00:26:39.088 [FXGL Background Thread 1 ] DEBUG GameScene            - Game scene initialized: 2000x1125
00:26:39.101 [FXGL Background Thread 1 ] DEBUG FXGLAssetLoaderServi - Loading from file system: /assets/textures/bg.jpg
00:26:39.550 [FXGL Background Thread 1 ] DEBUG FXGLAssetLoaderServi - Loading from file system: /assets/textures/logo.png
00:26:39.714 [FXGL Background Thread 1 ] DEBUG FXGLAssetLoaderServi - Loading from file system: /assets/textures/particles/trace_horizontal.png
00:26:39.764 [FXGL Background Thread 1 ] DEBUG FXGL.DefaultMenu     - createMenuBodyGameMenu()
00:26:39.785 [FXGL Background Thread 1 ] DEBUG FXGL.DefaultMenu     - createOptionsMenu()
00:26:39.790 [FXGL Background Thread 1 ] DEBUG FXGL.DefaultMenu     - createExtraMenu()
00:26:39.794 [FXGL Background Thread 1 ] DEBUG FXGLAssetLoaderServi - Loading from file system: /assets/textures/particles/smoke.png
00:26:39.870 [FXGL Background Thread 1 ] DEBUG GameApplicationServi - Application scenes initialized
00:26:39.884 [FXGL Background Thread 1 ] DEBUG SystemBundleService  - Loading FXGL system data
00:26:39.888 [FXGL Background Thread 1 ] DEBUG FileSystemAccess     - Reading from: /Users/universita/Desktop/ProgettoJava/traffic-mobile/system/fxgl.bundle
00:26:39.898 [FXGL Background Thread 1 ] DEBUG SystemBundleService  - Bundle FXGL: {}
00:26:39.898 [FXGL Background Thread 1 ] DEBUG UpdaterService       - Checking for updates
00:26:39.950 [FXGL Background Thread 4 ] DEBUG FXGLApplication      - Loading fonts
00:26:39.950 [FXGL Background Thread 4 ] DEBUG FXGLAssetLoaderServi - Loading from file system: /assets/ui/fonts/VarelaRound-Regular.ttf
00:26:39.953 [FXGL Background Thread 1 ] DEBUG FXGLApplication      - Loading default localization
00:26:39.965 [FXGL Background Thread 1 ] DEBUG FXGLAssetLoaderServi - Loading from file system: /assets/languages/english.lang
00:26:39.970 [FXGL Background Thread 4 ] DEBUG FXGLAssetLoaderServi - Loading from file system: /assets/ui/fonts/Abel-Regular.ttf
00:26:39.973 [FXGL Background Thread 4 ] DEBUG FXGLAssetLoaderServi - Loading from file system: /assets/ui/fonts/lucida_console.ttf
00:26:39.978 [FXGL Background Thread 4 ] DEBUG FXGLAssetLoaderServi - Loading from file system: /assets/ui/fonts/Courier-Prime.ttf
00:26:39.982 [JavaFX Application Thread] DEBUG FXGLApplication      - Registering font factories with UI factory
00:26:40.020 [FXGL Background Thread 1 ] INFO  FXGLApplication      - FXGL initialization took: 1,718 sec
00:26:40.031 [JavaFX Application Thread] DEBUG Input                - Registered new binding: Change trafficlight status - F
00:26:40.032 [JavaFX Application Thread] DEBUG Input                - Registered new binding: Move Right - D
00:26:40.032 [JavaFX Application Thread] DEBUG Input                - Registered new binding: Move Left - A
00:26:40.032 [JavaFX Application Thread] DEBUG Input                - Registered new binding: Move Up - W
00:26:40.033 [JavaFX Application Thread] DEBUG Input                - Registered new binding: Move Down - S
00:26:40.033 [JavaFX Application Thread] DEBUG Input                - Registered new binding: Spawn Car - Space
00:26:40.034 [JavaFX Application Thread] DEBUG Input                - Registered new binding: Select and change traffic light - LMB
00:26:40.035 [JavaFX Application Thread] DEBUG FXGLAssetLoaderServi - Loading from file system: /assets/textures/fxgl_icon.png
00:26:40.064 [JavaFX Application Thread] DEBUG FXGLAssetLoaderServi - Loading from file system: /assets/ui/cursors/fxgl_default.png
00:26:40.066 [JavaFX Application Thread] DEBUG Input                - Registered new binding: Screenshot - P
00:26:40.067 [JavaFX Application Thread] DEBUG Input                - Registered new binding: Dev Options - 1
00:26:40.067 [JavaFX Application Thread] DEBUG Input                - Registered new binding: Dev Console - 2
00:26:40.068 [JavaFX Application Thread] DEBUG Input                - Registered new binding: System info dump - CTRL+9
00:26:40.068 [JavaFX Application Thread] DEBUG Input                - Registered new binding: Restart - CTRL+R
00:26:40.069 [JavaFX Application Thread] DEBUG Input                - Registered new binding: Toggle Debug Camera - CTRL+C
00:26:40.071 [JavaFX Application Thread] DEBUG LoopRunner           - Starting loop
00:26:40.099 [JavaFX Application Thread] DEBUG Input                - Clearing active input actions
00:26:40.110 [JavaFX Application Thread] DEBUG GameApplicationServi - Removing overlay from StartupScene and adding to FXGLMainMenuDummyScene
00:26:40.121 [JavaFX Application Thread] DEBUG MainWindow           - StartupScene -> FXGLMainMenuDummyScene
00:26:40.122 [JavaFX Application Thread] DEBUG MainWindow           - Push state: TrafficAppMenu
00:26:40.122 [JavaFX Application Thread] DEBUG Input                - Clearing active input actions
00:26:40.130 [JavaFX Application Thread] DEBUG GameApplicationServi - Removing overlay from FXGLMainMenuDummyScene and adding to TrafficAppMenu
00:26:40.131 [JavaFX Application Thread] DEBUG MainWindow           - FXGLMainMenuDummyScene -> TrafficAppMenu
00:26:42.951 [FXGL Background Thread 3 ] DEBUG Engine               - Logging environment variables
00:26:42.952 [FXGL Background Thread 3 ] DEBUG Engine               - achievements: []
00:26:42.953 [FXGL Background Thread 3 ] DEBUG Engine               - appIcon: fxgl_icon.png
00:26:42.953 [FXGL Background Thread 3 ] DEBUG Engine               - applicationMode: DEVELOPER
00:26:42.954 [FXGL Background Thread 3 ] DEBUG Engine               - cSSList: [fxgl_dark.css]
00:26:42.955 [FXGL Background Thread 3 ] DEBUG Engine               - configClass: Optional.empty
00:26:42.955 [FXGL Background Thread 3 ] DEBUG Engine               - credits: []
00:26:42.956 [FXGL Background Thread 3 ] DEBUG Engine               - devBBoxColorProperty: ObjectProperty [value: 0xff0000ff]
00:26:42.956 [FXGL Background Thread 3 ] DEBUG Engine               - devEnableDebugCameraProperty: BooleanProperty [value: false]
00:26:42.957 [FXGL Background Thread 3 ] DEBUG Engine               - devSensorColorProperty: ObjectProperty [value: 0xffff00ff]
00:26:42.957 [FXGL Background Thread 3 ] DEBUG Engine               - devShowBBoxProperty: BooleanProperty [value: false]
00:26:42.957 [FXGL Background Thread 3 ] DEBUG Engine               - devShowPositionProperty: BooleanProperty [value: false]
00:26:42.958 [FXGL Background Thread 3 ] DEBUG Engine               - enabledMenuItems: [SAVE_LOAD, EXTRA, ONLINE]
00:26:42.958 [FXGL Background Thread 3 ] DEBUG Engine               - engineServices: [class com.almasb.fxgl.app.FXGLApplication$GameApplicationService, class com.almasb.fxgl.app.services.FXGLDialogService, class com.almasb.fxgl.app.services.IOTaskExecutorService, class com.almasb.fxgl.event.EventBusService, class com.almasb.fxgl.io.FileSystemService, class com.almasb.fxgl.localization.LocalizationService, class com.almasb.fxgl.app.services.FXGLAssetLoaderService, class com.almasb.fxgl.app.services.SystemBundleService, class com.almasb.fxgl.profile.SaveLoadService, class com.almasb.fxgl.ui.FXGLUIFactoryServiceProvider, class com.almasb.fxgl.ui.FXGLDialogFactoryServiceProvider, class com.almasb.fxgl.audio.AudioPlayer, class com.almasb.fxgl.notification.impl.NotificationServiceProvider, class com.almasb.fxgl.achievement.AchievementService, class com.almasb.fxgl.cutscene.CutsceneService, class com.almasb.fxgl.minigames.MiniGameService, class com.almasb.fxgl.net.NetService, class com.almasb.fxgl.app.services.UpdaterService, class com.almasb.fxgl.dev.DevService]
00:26:42.958 [FXGL Background Thread 3 ] DEBUG Engine               - fontGame: Abel-Regular.ttf
00:26:42.959 [FXGL Background Thread 3 ] DEBUG Engine               - fontMono: lucida_console.ttf
00:26:42.959 [FXGL Background Thread 3 ] DEBUG Engine               - fontText: Courier-Prime.ttf
00:26:42.961 [FXGL Background Thread 3 ] DEBUG Engine               - fontUI: VarelaRound-Regular.ttf
00:26:42.961 [FXGL Background Thread 3 ] DEBUG Engine               - fullScreen: BooleanProperty [value: false]
00:26:42.961 [FXGL Background Thread 3 ] DEBUG Engine               - gameDifficulty: MEDIUM
00:26:42.962 [FXGL Background Thread 3 ] DEBUG Engine               - gameDifficultyProperty: ObjectProperty [value: MEDIUM]
00:26:42.962 [FXGL Background Thread 3 ] DEBUG Engine               - globalMusicVolume: 0.5
00:26:42.962 [FXGL Background Thread 3 ] DEBUG Engine               - globalMusicVolumeProperty: DoubleProperty [value: 0.5]
00:26:42.962 [FXGL Background Thread 3 ] DEBUG Engine               - globalSoundVolume: 0.5
00:26:42.963 [FXGL Background Thread 3 ] DEBUG Engine               - globalSoundVolumeProperty: DoubleProperty [value: 0.5]
00:26:42.963 [FXGL Background Thread 3 ] DEBUG Engine               - height: 1125
00:26:42.963 [FXGL Background Thread 3 ] DEBUG Engine               - isAndroid: false
00:26:42.964 [FXGL Background Thread 3 ] DEBUG Engine               - isBrowser: false
00:26:42.964 [FXGL Background Thread 3 ] DEBUG Engine               - isClickFeedbackEnabled: false
00:26:42.964 [FXGL Background Thread 3 ] DEBUG Engine               - isCloseConfirmation: false
00:26:42.964 [FXGL Background Thread 3 ] DEBUG Engine               - isDesktop: true
00:26:42.965 [FXGL Background Thread 3 ] DEBUG Engine               - isDeveloperMenuEnabled: true
00:26:42.965 [FXGL Background Thread 3 ] DEBUG Engine               - isEntityPreloadEnabled: true
00:26:42.965 [FXGL Background Thread 3 ] DEBUG Engine               - isExperimentalNative: false
00:26:42.966 [FXGL Background Thread 3 ] DEBUG Engine               - isExperimentalTiledLargeMap: false
00:26:42.966 [FXGL Background Thread 3 ] DEBUG Engine               - isFileSystemWriteAllowed: true
00:26:42.966 [FXGL Background Thread 3 ] DEBUG Engine               - isFullScreenAllowed: false
00:26:42.966 [FXGL Background Thread 3 ] DEBUG Engine               - isFullScreenFromStart: false
00:26:42.966 [FXGL Background Thread 3 ] DEBUG Engine               - isGameMenuEnabled: true
00:26:42.967 [FXGL Background Thread 3 ] DEBUG Engine               - isIOS: false
00:26:42.967 [FXGL Background Thread 3 ] DEBUG Engine               - isIntroEnabled: false
00:26:42.967 [FXGL Background Thread 3 ] DEBUG Engine               - isLinux: false
00:26:42.967 [FXGL Background Thread 3 ] DEBUG Engine               - isMac: true
00:26:42.967 [FXGL Background Thread 3 ] DEBUG Engine               - isMainMenuEnabled: true
00:26:42.968 [FXGL Background Thread 3 ] DEBUG Engine               - isManualResizeEnabled: true
00:26:42.968 [FXGL Background Thread 3 ] DEBUG Engine               - isMobile: false
00:26:42.969 [FXGL Background Thread 3 ] DEBUG Engine               - isPreserveResizeRatio: true
00:26:42.969 [FXGL Background Thread 3 ] DEBUG Engine               - isProfilingEnabled: false
00:26:42.969 [FXGL Background Thread 3 ] DEBUG Engine               - isSingleStep: false
00:26:42.970 [FXGL Background Thread 3 ] DEBUG Engine               - isUserProfileEnabled: false
00:26:42.970 [FXGL Background Thread 3 ] DEBUG Engine               - isWindows: false
00:26:42.970 [FXGL Background Thread 3 ] DEBUG Engine               - language: ObjectProperty [value: ENGLISH]
00:26:42.971 [FXGL Background Thread 3 ] DEBUG Engine               - menuKey: ESCAPE
00:26:42.971 [FXGL Background Thread 3 ] DEBUG Engine               - notificationViewClass: class com.almasb.fxgl.notification.view.XboxNotificationView
00:26:42.971 [FXGL Background Thread 3 ] DEBUG Engine               - pixelsPerMeter: 50.0
00:26:42.972 [FXGL Background Thread 3 ] DEBUG Engine               - platform: MAC
00:26:42.972 [FXGL Background Thread 3 ] DEBUG Engine               - profileDir: profiles/
00:26:42.972 [FXGL Background Thread 3 ] DEBUG Engine               - profileName: StringProperty [value: DEFAULT]
00:26:42.972 [FXGL Background Thread 3 ] DEBUG Engine               - randomSeed: -1
00:26:42.973 [FXGL Background Thread 3 ] DEBUG Engine               - runtimeInfo: RuntimeInfo(platform=MAC, version=dev-SNAPSHOT, build=06.09.2020 16.28)
00:26:42.973 [FXGL Background Thread 3 ] DEBUG Engine               - saveFileExt: sav
00:26:42.973 [FXGL Background Thread 3 ] DEBUG Engine               - sceneFactory: it.uniroma1.metodologie.trafficGame.TrafficApp$1@46097943
00:26:42.973 [FXGL Background Thread 3 ] DEBUG Engine               - secondsIn24h: 60
00:26:42.973 [FXGL Background Thread 3 ] DEBUG Engine               - soundMenuBack: menu/back.wav
00:26:42.974 [FXGL Background Thread 3 ] DEBUG Engine               - soundMenuPress: menu/press.wav
00:26:42.974 [FXGL Background Thread 3 ] DEBUG Engine               - soundMenuSelect: menu/select.wav
00:26:42.974 [FXGL Background Thread 3 ] DEBUG Engine               - soundNotification: core/notification.wav
00:26:42.975 [FXGL Background Thread 3 ] DEBUG Engine               - stageStyle: DECORATED
00:26:42.975 [FXGL Background Thread 3 ] DEBUG Engine               - supportedLanguages: [ENGLISH, FRENCH, GERMAN, HUNGARIAN, RUSSIAN]
00:26:42.975 [FXGL Background Thread 3 ] DEBUG Engine               - title: Traffic
00:26:42.975 [FXGL Background Thread 3 ] DEBUG Engine               - urlGithub: https://github.com/AlmasB/FXGL
00:26:42.976 [FXGL Background Thread 3 ] DEBUG Engine               - urlLeaderboard: http://fxgl-top.herokuapp.com/
00:26:42.976 [FXGL Background Thread 3 ] DEBUG Engine               - urlPOM: https://raw.githubusercontent.com/AlmasB/FXGL/master/pom.xml
00:26:42.976 [FXGL Background Thread 3 ] DEBUG Engine               - version: Alpha 1.0
00:26:42.976 [FXGL Background Thread 3 ] DEBUG Engine               - versionCheckDays: 7
00:26:42.976 [FXGL Background Thread 3 ] DEBUG Engine               - width: 2000
00:26:42.977 [FXGL Background Thread 3 ] DEBUG Engine               - Logging services
00:26:42.977 [FXGL Background Thread 3 ] DEBUG Engine               - class com.almasb.fxgl.app.FXGLApplication$GameApplicationService
00:26:42.977 [FXGL Background Thread 3 ] DEBUG Engine               - class com.almasb.fxgl.app.services.FXGLDialogService
00:26:42.977 [FXGL Background Thread 3 ] DEBUG Engine               - class com.almasb.fxgl.app.services.IOTaskExecutorService
00:26:42.977 [FXGL Background Thread 3 ] DEBUG Engine               - class com.almasb.fxgl.event.EventBusService
00:26:42.978 [FXGL Background Thread 3 ] DEBUG Engine               - class com.almasb.fxgl.io.FileSystemService
00:26:42.978 [FXGL Background Thread 3 ] DEBUG Engine               - class com.almasb.fxgl.localization.LocalizationService
00:26:42.978 [FXGL Background Thread 3 ] DEBUG Engine               - class com.almasb.fxgl.app.services.FXGLAssetLoaderService
00:26:42.978 [FXGL Background Thread 3 ] DEBUG Engine               - class com.almasb.fxgl.app.services.SystemBundleService
00:26:42.978 [FXGL Background Thread 3 ] DEBUG Engine               - class com.almasb.fxgl.profile.SaveLoadService
00:26:42.979 [FXGL Background Thread 3 ] DEBUG Engine               - class com.almasb.fxgl.ui.FXGLUIFactoryServiceProvider
00:26:42.979 [FXGL Background Thread 3 ] DEBUG Engine               - class com.almasb.fxgl.ui.FXGLDialogFactoryServiceProvider
00:26:42.979 [FXGL Background Thread 3 ] DEBUG Engine               - class com.almasb.fxgl.audio.AudioPlayer
00:26:42.979 [FXGL Background Thread 3 ] DEBUG Engine               - class com.almasb.fxgl.notification.impl.NotificationServiceProvider
00:26:42.979 [FXGL Background Thread 3 ] DEBUG Engine               - class com.almasb.fxgl.achievement.AchievementService
00:26:42.979 [FXGL Background Thread 3 ] DEBUG Engine               - class com.almasb.fxgl.cutscene.CutsceneService
00:26:42.980 [FXGL Background Thread 3 ] DEBUG Engine               - class com.almasb.fxgl.minigames.MiniGameService
00:26:42.980 [FXGL Background Thread 3 ] DEBUG Engine               - class com.almasb.fxgl.net.NetService
00:26:42.980 [FXGL Background Thread 3 ] DEBUG Engine               - class com.almasb.fxgl.app.services.UpdaterService
00:26:42.980 [FXGL Background Thread 3 ] DEBUG Engine               - class com.almasb.fxgl.dev.DevService
00:26:44.325 [JavaFX Application Thread] DEBUG Menu                 - fireNewGame()
00:26:44.326 [JavaFX Application Thread] DEBUG GameApplicationServi - Starting new game
00:26:44.326 [JavaFX Application Thread] DEBUG MainWindow           - Pop state: TrafficAppMenu
00:26:44.326 [JavaFX Application Thread] DEBUG Input                - Clearing active input actions
00:26:44.329 [JavaFX Application Thread] DEBUG GameApplicationServi - Removing overlay from TrafficAppMenu and adding to FXGLMainMenuDummyScene
00:26:44.333 [JavaFX Application Thread] DEBUG MainWindow           - FXGLMainMenuDummyScene <- TrafficAppMenu
00:26:44.333 [JavaFX Application Thread] DEBUG Input                - Clearing active input actions
00:26:44.345 [JavaFX Application Thread] DEBUG GameApplicationServi - Removing overlay from FXGLMainMenuDummyScene and adding to FXGLLoadingScene
00:26:44.347 [JavaFX Application Thread] DEBUG MainWindow           - FXGLMainMenuDummyScene -> FXGLLoadingScene
00:26:44.347 [JavaFX Application Thread] DEBUG GameApplicationServi - Clearing previous game
00:26:44.347 [JavaFX Application Thread] DEBUG GameScene            - Clearing game scene
00:26:44.348 [JavaFX Application Thread] DEBUG GameWorld            - Clearing game world
00:26:44.348 [JavaFX Application Thread] DEBUG PhysicsWorld         - Clearing physics world
00:26:44.353 [FXGL Background Thread 2 ] DEBUG FXGLApplication      - Initializing game
00:26:44.383 [FXGL Background Thread 2 ] DEBUG FXGLAssetLoaderServi - Loading from file system: /assets/levels/Mappa-testing.tmx
00:26:44.427 [FXGL Background Thread 2 ] WARN  TMXLevelLoader       - TiledMap generated from 1.4.1. Supported version: 1.2.3. Some features may not be parsed fully.
00:26:44.533 [FXGL Background Thread 2 ] DEBUG TMXLevelLoader       - Parsed raw map: TiledMap(width=16, height=9, tilewidth=125, tileheight=125, orientation=orthogonal, layers=[Layer(width=16, height=9, name=Tile Layer 1, type=tilelayer, visible=false, x=0, y=0, data=[24, 24, 24, 26, 5, 28, 24, 24, 24, 24, 24, 26, 5, 28, 24, 24, 25, 25, 25, 32, 5, 34, 25, 25, 25, 25, 25, 32, 5, 34, 25, 25, 6, 6, 6, 6, 7, 6, 6, 6, 6, 6, 6, 6, 7, 6, 6, 6, 27, 27, 27, 33, 5, 21, 13, 13, 13, 13, 13, 19, 5, 35, 27, 27, 24, 24, 24, 26, 5, 14, 10, 10, 10, 10, 10, 12, 5, 28, 24, 24, 25, 25, 25, 32, 5, 20, 11, 11, 11, 11, 11, 18, 5, 34, 25, 25, 6, 6, 6, 6, 7, 6, 6, 6, 6, 6, 6, 6, 7, 6, 6, 6, 27, 27, 27, 33, 5, 35, 27, 27, 27, 27, 27, 33, 5, 35, 27, 27, 24, 24, 24, 26, 5, 28, 24, 24, 24, 24, 24, 26, 5, 28, 24, 24], objects=[], opacity=0.0, draworder=), Layer(width=0, height=0, name=spawnpoints, type=objectgroup, visible=false, x=0, y=0, data=[], objects=[com.almasb.fxgl.entity.level.tiled.TiledObject@5bee1b11, com.almasb.fxgl.entity.level.tiled.TiledObject@7b2f2b2, com.almasb.fxgl.entity.level.tiled.TiledObject@61c87f54, com.almasb.fxgl.entity.level.tiled.TiledObject@1ee2a477, com.almasb.fxgl.entity.level.tiled.TiledObject@35ff0229, com.almasb.fxgl.entity.level.tiled.TiledObject@25c84146, com.almasb.fxgl.entity.level.tiled.TiledObject@7d8a874, com.almasb.fxgl.entity.level.tiled.TiledObject@c1275e4], opacity=0.0, draworder=), Layer(width=0, height=0, name=paths, type=objectgroup, visible=false, x=0, y=0, data=[], objects=[com.almasb.fxgl.entity.level.tiled.TiledObject@4131d005, com.almasb.fxgl.entity.level.tiled.TiledObject@26947b14, com.almasb.fxgl.entity.level.tiled.TiledObject@64cdfcba, com.almasb.fxgl.entity.level.tiled.TiledObject@7bef1892, com.almasb.fxgl.entity.level.tiled.TiledObject@34114e12, com.almasb.fxgl.entity.level.tiled.TiledObject@3158cf5f, com.almasb.fxgl.entity.level.tiled.TiledObject@3a7bdde2, com.almasb.fxgl.entity.level.tiled.TiledObject@39d369b7, com.almasb.fxgl.entity.level.tiled.TiledObject@78cd141, com.almasb.fxgl.entity.level.tiled.TiledObject@70d9c4d8, com.almasb.fxgl.entity.level.tiled.TiledObject@142993ec, com.almasb.fxgl.entity.level.tiled.TiledObject@3615de0f, com.almasb.fxgl.entity.level.tiled.TiledObject@57721755, com.almasb.fxgl.entity.level.tiled.TiledObject@6933f667, com.almasb.fxgl.entity.level.tiled.TiledObject@31ddbe5e, com.almasb.fxgl.entity.level.tiled.TiledObject@2920fbcc, com.almasb.fxgl.entity.level.tiled.TiledObject@6eaf8902, com.almasb.fxgl.entity.level.tiled.TiledObject@18d9ca7e, com.almasb.fxgl.entity.level.tiled.TiledObject@442ab875, com.almasb.fxgl.entity.level.tiled.TiledObject@6afad5a7, com.almasb.fxgl.entity.level.tiled.TiledObject@780fa663, com.almasb.fxgl.entity.level.tiled.TiledObject@2ed31926, com.almasb.fxgl.entity.level.tiled.TiledObject@3f2be599, com.almasb.fxgl.entity.level.tiled.TiledObject@3c05836], opacity=0.0, draworder=), Layer(width=0, height=0, name=Incroci, type=objectgroup, visible=false, x=0, y=0, data=[], objects=[com.almasb.fxgl.entity.level.tiled.TiledObject@6f9ca93, com.almasb.fxgl.entity.level.tiled.TiledObject@3055e943, com.almasb.fxgl.entity.level.tiled.TiledObject@5032c5fd, com.almasb.fxgl.entity.level.tiled.TiledObject@51b22625], opacity=0.0, draworder=), Layer(width=0, height=0, name=trafficLight, type=objectgroup, visible=false, x=0, y=0, data=[], objects=[com.almasb.fxgl.entity.level.tiled.TiledObject@1957c3d2, com.almasb.fxgl.entity.level.tiled.TiledObject@6d73e4a, com.almasb.fxgl.entity.level.tiled.TiledObject@400c0e40, com.almasb.fxgl.entity.level.tiled.TiledObject@cf9b6a, com.almasb.fxgl.entity.level.tiled.TiledObject@27a191f2, com.almasb.fxgl.entity.level.tiled.TiledObject@183bce22, com.almasb.fxgl.entity.level.tiled.TiledObject@38e5bd6b, com.almasb.fxgl.entity.level.tiled.TiledObject@440d75d6, com.almasb.fxgl.entity.level.tiled.TiledObject@6f8852a4, com.almasb.fxgl.entity.level.tiled.TiledObject@2904dba9, com.almasb.fxgl.entity.level.tiled.TiledObject@3c9f3507, com.almasb.fxgl.entity.level.tiled.TiledObject@13134487, com.almasb.fxgl.entity.level.tiled.TiledObject@3ea33933, com.almasb.fxgl.entity.level.tiled.TiledObject@317574dd, com.almasb.fxgl.entity.level.tiled.TiledObject@740748f9, com.almasb.fxgl.entity.level.tiled.TiledObject@7d390d82], opacity=0.0, draworder=)], tilesets=[Tileset(firstgid=1, image=../textures/rsz_tiles_sheet.png, name=rsz_tiles_sheet, tilewidth=125, tileheight=125, imagewidth=875, imageheight=750, margin=0, spacing=0, columns=7, tilecount=42, transparentcolor=41ffef, tiles=[])], backgroundcolor=, renderorder=left-up, nextobjectid=66, version=1, tiledversion=1.4.1, type=map, infinite=false, hexsidelength=0, staggeraxis=, staggerindex=, properties={}, propertytypes={})
00:26:44.538 [FXGL Background Thread 2 ] DEBUG TMXLevelLoader       - Creating tile layer entities
00:26:44.539 [FXGL Background Thread 2 ] DEBUG TilesetLoader        - Loading view for layer Tile Layer 1
00:26:44.636 [FXGL Background Thread 2 ] DEBUG TilesetLoader        - Created buffer with size 2000.0x1125.0
00:26:45.134 [FXGL Background Thread 2 ] DEBUG TilesetLoader        - Writing to buffer: dst=0,0, w=125,h=125, src=250,375
00:26:45.135 [FXGL Background Thread 2 ] DEBUG TilesetLoader        - Writing to buffer: dst=125,0, w=125,h=125, src=250,375
00:26:45.136 [FXGL Background Thread 2 ] DEBUG TilesetLoader        - Writing to buffer: dst=250,0, w=125,h=125, src=250,375
00:26:45.141 [FXGL Background Thread 2 ] DEBUG TilesetLoader        - Writing to buffer: dst=375,0, w=125,h=125, src=500,375
00:26:45.142 [FXGL Background Thread 2 ] DEBUG TilesetLoader        - Writing to buffer: dst=500,0, w=125,h=125, src=500,0
00:26:45.142 [FXGL Background Thread 2 ] DEBUG TilesetLoader        - Writing to buffer: dst=625,0, w=125,h=125, src=750,375
00:26:45.142 [FXGL Background Thread 2 ] DEBUG TilesetLoader        - Writing to buffer: dst=750,0, w=125,h=125, src=250,375
00:26:45.142 [FXGL Background Thread 2 ] DEBUG TilesetLoader        - Writing to buffer: dst=875,0, w=125,h=125, src=250,375
00:26:45.143 [FXGL Background Thread 2 ] DEBUG TilesetLoader        - Writing to buffer: dst=1000,0, w=125,h=125, src=250,375
00:26:45.143 [FXGL Background Thread 2 ] DEBUG TilesetLoader        - Writing to buffer: dst=1125,0, w=125,h=125, src=250,375
00:26:45.143 [FXGL Background Thread 2 ] DEBUG TilesetLoader        - Writing to buffer: dst=1250,0, w=125,h=125, src=250,375
00:26:45.143 [FXGL Background Thread 2 ] DEBUG TilesetLoader        - Writing to buffer: dst=1375,0, w=125,h=125, src=500,375
00:26:45.144 [FXGL Background Thread 2 ] DEBUG TilesetLoader        - Writing to buffer: dst=1500,0, w=125,h=125, src=500,0
00:26:45.144 [FXGL Background Thread 2 ] DEBUG TilesetLoader        - Writing to buffer: dst=1625,0, w=125,h=125, src=750,375
00:26:45.144 [FXGL Background Thread 2 ] DEBUG TilesetLoader        - Writing to buffer: dst=1750,0, w=125,h=125, src=250,375
00:26:45.144 [FXGL Background Thread 2 ] DEBUG TilesetLoader        - Writing to buffer: dst=1875,0, w=125,h=125, src=250,375
00:26:45.145 [FXGL Background Thread 2 ] DEBUG TilesetLoader        - Writing to buffer: dst=0,125, w=125,h=125, src=375,375
00:26:45.145 [FXGL Background Thread 2 ] DEBUG TilesetLoader        - Writing to buffer: dst=125,125, w=125,h=125, src=375,375
00:26:45.145 [FXGL Background Thread 2 ] DEBUG TilesetLoader        - Writing to buffer: dst=250,125, w=125,h=125, src=375,375
00:26:45.145 [FXGL Background Thread 2 ] DEBUG TilesetLoader        - Writing to buffer: dst=375,125, w=125,h=125, src=375,500
00:26:45.146 [FXGL Background Thread 2 ] DEBUG TilesetLoader        - Writing to buffer: dst=500,125, w=125,h=125, src=500,0
00:26:45.146 [FXGL Background Thread 2 ] DEBUG TilesetLoader        - Writing to buffer: dst=625,125, w=125,h=125, src=625,500
00:26:45.146 [FXGL Background Thread 2 ] DEBUG TilesetLoader        - Writing to buffer: dst=750,125, w=125,h=125, src=375,375
00:26:45.146 [FXGL Background Thread 2 ] DEBUG TilesetLoader        - Writing to buffer: dst=875,125, w=125,h=125, src=375,375
00:26:45.147 [FXGL Background Thread 2 ] DEBUG TilesetLoader        - Writing to buffer: dst=1000,125, w=125,h=125, src=375,375
00:26:45.147 [FXGL Background Thread 2 ] DEBUG TilesetLoader        - Writing to buffer: dst=1125,125, w=125,h=125, src=375,375
00:26:45.148 [FXGL Background Thread 2 ] DEBUG TilesetLoader        - Writing to buffer: dst=1250,125, w=125,h=125, src=375,375
00:26:45.148 [FXGL Background Thread 2 ] DEBUG TilesetLoader        - Writing to buffer: dst=1375,125, w=125,h=125, src=375,500
00:26:45.152 [FXGL Background Thread 2 ] DEBUG TilesetLoader        - Writing to buffer: dst=1500,125, w=125,h=125, src=500,0
00:26:45.152 [FXGL Background Thread 2 ] DEBUG TilesetLoader        - Writing to buffer: dst=1625,125, w=125,h=125, src=625,500
00:26:45.152 [FXGL Background Thread 2 ] DEBUG TilesetLoader        - Writing to buffer: dst=1750,125, w=125,h=125, src=375,375
00:26:45.153 [FXGL Background Thread 2 ] DEBUG TilesetLoader        - Writing to buffer: dst=1875,125, w=125,h=125, src=375,375
00:26:45.153 [FXGL Background Thread 2 ] DEBUG TilesetLoader        - Writing to buffer: dst=0,250, w=125,h=125, src=625,0
00:26:45.153 [FXGL Background Thread 2 ] DEBUG TilesetLoader        - Writing to buffer: dst=125,250, w=125,h=125, src=625,0
00:26:45.153 [FXGL Background Thread 2 ] DEBUG TilesetLoader        - Writing to buffer: dst=250,250, w=125,h=125, src=625,0
00:26:45.154 [FXGL Background Thread 2 ] DEBUG TilesetLoader        - Writing to buffer: dst=375,250, w=125,h=125, src=625,0
00:26:45.154 [FXGL Background Thread 2 ] DEBUG TilesetLoader        - Writing to buffer: dst=500,250, w=125,h=125, src=750,0
00:26:45.154 [FXGL Background Thread 2 ] DEBUG TilesetLoader        - Writing to buffer: dst=625,250, w=125,h=125, src=625,0
00:26:45.154 [FXGL Background Thread 2 ] DEBUG TilesetLoader        - Writing to buffer: dst=750,250, w=125,h=125, src=625,0
00:26:45.155 [FXGL Background Thread 2 ] DEBUG TilesetLoader        - Writing to buffer: dst=875,250, w=125,h=125, src=625,0
00:26:45.155 [FXGL Background Thread 2 ] DEBUG TilesetLoader        - Writing to buffer: dst=1000,250, w=125,h=125, src=625,0
00:26:45.155 [FXGL Background Thread 2 ] DEBUG TilesetLoader        - Writing to buffer: dst=1125,250, w=125,h=125, src=625,0
00:26:45.155 [FXGL Background Thread 2 ] DEBUG TilesetLoader        - Writing to buffer: dst=1250,250, w=125,h=125, src=625,0
00:26:45.155 [FXGL Background Thread 2 ] DEBUG TilesetLoader        - Writing to buffer: dst=1375,250, w=125,h=125, src=625,0
00:26:45.156 [FXGL Background Thread 2 ] DEBUG TilesetLoader        - Writing to buffer: dst=1500,250, w=125,h=125, src=750,0
00:26:45.157 [FXGL Background Thread 2 ] DEBUG TilesetLoader        - Writing to buffer: dst=1625,250, w=125,h=125, src=625,0
00:26:45.157 [FXGL Background Thread 2 ] DEBUG TilesetLoader        - Writing to buffer: dst=1750,250, w=125,h=125, src=625,0
00:26:45.157 [FXGL Background Thread 2 ] DEBUG TilesetLoader        - Writing to buffer: dst=1875,250, w=125,h=125, src=625,0
00:26:45.157 [FXGL Background Thread 2 ] DEBUG TilesetLoader        - Writing to buffer: dst=0,375, w=125,h=125, src=625,375
00:26:45.157 [FXGL Background Thread 2 ] DEBUG TilesetLoader        - Writing to buffer: dst=125,375, w=125,h=125, src=625,375
00:26:45.158 [FXGL Background Thread 2 ] DEBUG TilesetLoader        - Writing to buffer: dst=250,375, w=125,h=125, src=625,375
00:26:45.158 [FXGL Background Thread 2 ] DEBUG TilesetLoader        - Writing to buffer: dst=375,375, w=125,h=125, src=500,500
00:26:45.158 [FXGL Background Thread 2 ] DEBUG TilesetLoader        - Writing to buffer: dst=500,375, w=125,h=125, src=500,0
00:26:45.159 [FXGL Background Thread 2 ] DEBUG TilesetLoader        - Writing to buffer: dst=625,375, w=125,h=125, src=750,250
00:26:45.161 [FXGL Background Thread 2 ] DEBUG TilesetLoader        - Writing to buffer: dst=750,375, w=125,h=125, src=625,125
00:26:45.161 [FXGL Background Thread 2 ] DEBUG TilesetLoader        - Writing to buffer: dst=875,375, w=125,h=125, src=625,125
00:26:45.161 [FXGL Background Thread 2 ] DEBUG TilesetLoader        - Writing to buffer: dst=1000,375, w=125,h=125, src=625,125
00:26:45.161 [FXGL Background Thread 2 ] DEBUG TilesetLoader        - Writing to buffer: dst=1125,375, w=125,h=125, src=625,125
00:26:45.162 [FXGL Background Thread 2 ] DEBUG TilesetLoader        - Writing to buffer: dst=1250,375, w=125,h=125, src=625,125
00:26:45.162 [FXGL Background Thread 2 ] DEBUG TilesetLoader        - Writing to buffer: dst=1375,375, w=125,h=125, src=500,250
00:26:45.162 [FXGL Background Thread 2 ] DEBUG TilesetLoader        - Writing to buffer: dst=1500,375, w=125,h=125, src=500,0
00:26:45.162 [FXGL Background Thread 2 ] DEBUG TilesetLoader        - Writing to buffer: dst=1625,375, w=125,h=125, src=750,500
00:26:45.162 [FXGL Background Thread 2 ] DEBUG TilesetLoader        - Writing to buffer: dst=1750,375, w=125,h=125, src=625,375
00:26:45.192 [FXGL Background Thread 2 ] DEBUG TilesetLoader        - Writing to buffer: dst=1875,375, w=125,h=125, src=625,375
00:26:45.193 [FXGL Background Thread 2 ] DEBUG TilesetLoader        - Writing to buffer: dst=0,500, w=125,h=125, src=250,375
00:26:45.196 [FXGL Background Thread 2 ] DEBUG TilesetLoader        - Writing to buffer: dst=125,500, w=125,h=125, src=250,375
00:26:45.204 [FXGL Background Thread 2 ] DEBUG TilesetLoader        - Writing to buffer: dst=250,500, w=125,h=125, src=250,375
00:26:45.213 [FXGL Background Thread 2 ] DEBUG TilesetLoader        - Writing to buffer: dst=375,500, w=125,h=125, src=500,375
00:26:45.214 [FXGL Background Thread 2 ] DEBUG TilesetLoader        - Writing to buffer: dst=500,500, w=125,h=125, src=500,0
00:26:45.216 [FXGL Background Thread 2 ] DEBUG TilesetLoader        - Writing to buffer: dst=625,500, w=125,h=125, src=750,125
00:26:45.216 [FXGL Background Thread 2 ] DEBUG TilesetLoader        - Writing to buffer: dst=750,500, w=125,h=125, src=250,125
00:26:45.216 [FXGL Background Thread 2 ] DEBUG TilesetLoader        - Writing to buffer: dst=875,500, w=125,h=125, src=250,125
00:26:45.216 [FXGL Background Thread 2 ] DEBUG TilesetLoader        - Writing to buffer: dst=1000,500, w=125,h=125, src=250,125
00:26:45.217 [FXGL Background Thread 2 ] DEBUG TilesetLoader        - Writing to buffer: dst=1125,500, w=125,h=125, src=250,125
00:26:45.217 [FXGL Background Thread 2 ] DEBUG TilesetLoader        - Writing to buffer: dst=1250,500, w=125,h=125, src=250,125
00:26:45.217 [FXGL Background Thread 2 ] DEBUG TilesetLoader        - Writing to buffer: dst=1375,500, w=125,h=125, src=500,125
00:26:45.217 [FXGL Background Thread 2 ] DEBUG TilesetLoader        - Writing to buffer: dst=1500,500, w=125,h=125, src=500,0
00:26:45.218 [FXGL Background Thread 2 ] DEBUG TilesetLoader        - Writing to buffer: dst=1625,500, w=125,h=125, src=750,375
00:26:45.218 [FXGL Background Thread 2 ] DEBUG TilesetLoader        - Writing to buffer: dst=1750,500, w=125,h=125, src=250,375
00:26:45.219 [FXGL Background Thread 2 ] DEBUG TilesetLoader        - Writing to buffer: dst=1875,500, w=125,h=125, src=250,375
00:26:45.238 [FXGL Background Thread 2 ] DEBUG TilesetLoader        - Writing to buffer: dst=0,625, w=125,h=125, src=375,375
00:26:45.239 [FXGL Background Thread 2 ] DEBUG TilesetLoader        - Writing to buffer: dst=125,625, w=125,h=125, src=375,375
00:26:45.239 [FXGL Background Thread 2 ] DEBUG TilesetLoader        - Writing to buffer: dst=250,625, w=125,h=125, src=375,375
00:26:45.239 [FXGL Background Thread 2 ] DEBUG TilesetLoader        - Writing to buffer: dst=375,625, w=125,h=125, src=375,500
00:26:45.239 [FXGL Background Thread 2 ] DEBUG TilesetLoader        - Writing to buffer: dst=500,625, w=125,h=125, src=500,0
00:26:45.239 [FXGL Background Thread 2 ] DEBUG TilesetLoader        - Writing to buffer: dst=625,625, w=125,h=125, src=625,250
00:26:45.240 [FXGL Background Thread 2 ] DEBUG TilesetLoader        - Writing to buffer: dst=750,625, w=125,h=125, src=375,125
00:26:45.240 [FXGL Background Thread 2 ] DEBUG TilesetLoader        - Writing to buffer: dst=875,625, w=125,h=125, src=375,125
00:26:45.242 [FXGL Background Thread 2 ] DEBUG TilesetLoader        - Writing to buffer: dst=1000,625, w=125,h=125, src=375,125
00:26:45.242 [FXGL Background Thread 2 ] DEBUG TilesetLoader        - Writing to buffer: dst=1125,625, w=125,h=125, src=375,125
00:26:45.242 [FXGL Background Thread 2 ] DEBUG TilesetLoader        - Writing to buffer: dst=1250,625, w=125,h=125, src=375,125
00:26:45.243 [FXGL Background Thread 2 ] DEBUG TilesetLoader        - Writing to buffer: dst=1375,625, w=125,h=125, src=375,250
00:26:45.243 [FXGL Background Thread 2 ] DEBUG TilesetLoader        - Writing to buffer: dst=1500,625, w=125,h=125, src=500,0
00:26:45.250 [FXGL Background Thread 2 ] DEBUG TilesetLoader        - Writing to buffer: dst=1625,625, w=125,h=125, src=625,500
00:26:45.251 [FXGL Background Thread 2 ] DEBUG TilesetLoader        - Writing to buffer: dst=1750,625, w=125,h=125, src=375,375
00:26:45.252 [FXGL Background Thread 2 ] DEBUG TilesetLoader        - Writing to buffer: dst=1875,625, w=125,h=125, src=375,375
00:26:45.253 [FXGL Background Thread 2 ] DEBUG TilesetLoader        - Writing to buffer: dst=0,750, w=125,h=125, src=625,0
00:26:45.253 [FXGL Background Thread 2 ] DEBUG TilesetLoader        - Writing to buffer: dst=125,750, w=125,h=125, src=625,0
00:26:45.253 [FXGL Background Thread 2 ] DEBUG TilesetLoader        - Writing to buffer: dst=250,750, w=125,h=125, src=625,0
00:26:45.253 [FXGL Background Thread 2 ] DEBUG TilesetLoader        - Writing to buffer: dst=375,750, w=125,h=125, src=625,0
00:26:45.254 [FXGL Background Thread 2 ] DEBUG TilesetLoader        - Writing to buffer: dst=500,750, w=125,h=125, src=750,0
00:26:45.254 [FXGL Background Thread 2 ] DEBUG TilesetLoader        - Writing to buffer: dst=625,750, w=125,h=125, src=625,0
00:26:45.254 [FXGL Background Thread 2 ] DEBUG TilesetLoader        - Writing to buffer: dst=750,750, w=125,h=125, src=625,0
00:26:45.255 [FXGL Background Thread 2 ] DEBUG TilesetLoader        - Writing to buffer: dst=875,750, w=125,h=125, src=625,0
00:26:45.255 [FXGL Background Thread 2 ] DEBUG TilesetLoader        - Writing to buffer: dst=1000,750, w=125,h=125, src=625,0
00:26:45.255 [FXGL Background Thread 2 ] DEBUG TilesetLoader        - Writing to buffer: dst=1125,750, w=125,h=125, src=625,0
00:26:45.255 [FXGL Background Thread 2 ] DEBUG TilesetLoader        - Writing to buffer: dst=1250,750, w=125,h=125, src=625,0
00:26:45.255 [FXGL Background Thread 2 ] DEBUG TilesetLoader        - Writing to buffer: dst=1375,750, w=125,h=125, src=625,0
00:26:45.255 [FXGL Background Thread 2 ] DEBUG TilesetLoader        - Writing to buffer: dst=1500,750, w=125,h=125, src=750,0
00:26:45.261 [FXGL Background Thread 2 ] DEBUG TilesetLoader        - Writing to buffer: dst=1625,750, w=125,h=125, src=625,0
00:26:45.261 [FXGL Background Thread 2 ] DEBUG TilesetLoader        - Writing to buffer: dst=1750,750, w=125,h=125, src=625,0
00:26:45.266 [FXGL Background Thread 2 ] DEBUG TilesetLoader        - Writing to buffer: dst=1875,750, w=125,h=125, src=625,0
00:26:45.266 [FXGL Background Thread 2 ] DEBUG TilesetLoader        - Writing to buffer: dst=0,875, w=125,h=125, src=625,375
00:26:45.267 [FXGL Background Thread 2 ] DEBUG TilesetLoader        - Writing to buffer: dst=125,875, w=125,h=125, src=625,375
00:26:45.268 [FXGL Background Thread 2 ] DEBUG TilesetLoader        - Writing to buffer: dst=250,875, w=125,h=125, src=625,375
00:26:45.268 [FXGL Background Thread 2 ] DEBUG TilesetLoader        - Writing to buffer: dst=375,875, w=125,h=125, src=500,500
00:26:45.278 [FXGL Background Thread 2 ] DEBUG TilesetLoader        - Writing to buffer: dst=500,875, w=125,h=125, src=500,0
00:26:45.279 [FXGL Background Thread 2 ] DEBUG TilesetLoader        - Writing to buffer: dst=625,875, w=125,h=125, src=750,500
00:26:45.279 [FXGL Background Thread 2 ] DEBUG TilesetLoader        - Writing to buffer: dst=750,875, w=125,h=125, src=625,375
00:26:45.279 [FXGL Background Thread 2 ] DEBUG TilesetLoader        - Writing to buffer: dst=875,875, w=125,h=125, src=625,375
00:26:45.280 [FXGL Background Thread 2 ] DEBUG TilesetLoader        - Writing to buffer: dst=1000,875, w=125,h=125, src=625,375
00:26:45.280 [FXGL Background Thread 2 ] DEBUG TilesetLoader        - Writing to buffer: dst=1125,875, w=125,h=125, src=625,375
00:26:45.280 [FXGL Background Thread 2 ] DEBUG TilesetLoader        - Writing to buffer: dst=1250,875, w=125,h=125, src=625,375
00:26:45.281 [FXGL Background Thread 2 ] DEBUG TilesetLoader        - Writing to buffer: dst=1375,875, w=125,h=125, src=500,500
00:26:45.282 [FXGL Background Thread 2 ] DEBUG TilesetLoader        - Writing to buffer: dst=1500,875, w=125,h=125, src=500,0
00:26:45.282 [FXGL Background Thread 2 ] DEBUG TilesetLoader        - Writing to buffer: dst=1625,875, w=125,h=125, src=750,500
00:26:45.282 [FXGL Background Thread 2 ] DEBUG TilesetLoader        - Writing to buffer: dst=1750,875, w=125,h=125, src=625,375
00:26:45.282 [FXGL Background Thread 2 ] DEBUG TilesetLoader        - Writing to buffer: dst=1875,875, w=125,h=125, src=625,375
00:26:45.282 [FXGL Background Thread 2 ] DEBUG TilesetLoader        - Writing to buffer: dst=0,1000, w=125,h=125, src=250,375
00:26:45.282 [FXGL Background Thread 2 ] DEBUG TilesetLoader        - Writing to buffer: dst=125,1000, w=125,h=125, src=250,375
00:26:45.283 [FXGL Background Thread 2 ] DEBUG TilesetLoader        - Writing to buffer: dst=250,1000, w=125,h=125, src=250,375
00:26:45.283 [FXGL Background Thread 2 ] DEBUG TilesetLoader        - Writing to buffer: dst=375,1000, w=125,h=125, src=500,375
00:26:45.283 [FXGL Background Thread 2 ] DEBUG TilesetLoader        - Writing to buffer: dst=500,1000, w=125,h=125, src=500,0
00:26:45.285 [FXGL Background Thread 2 ] DEBUG TilesetLoader        - Writing to buffer: dst=625,1000, w=125,h=125, src=750,375
00:26:45.286 [FXGL Background Thread 2 ] DEBUG TilesetLoader        - Writing to buffer: dst=750,1000, w=125,h=125, src=250,375
00:26:45.288 [FXGL Background Thread 2 ] DEBUG TilesetLoader        - Writing to buffer: dst=875,1000, w=125,h=125, src=250,375
00:26:45.288 [FXGL Background Thread 2 ] DEBUG TilesetLoader        - Writing to buffer: dst=1000,1000, w=125,h=125, src=250,375
00:26:45.289 [FXGL Background Thread 2 ] DEBUG TilesetLoader        - Writing to buffer: dst=1125,1000, w=125,h=125, src=250,375
00:26:45.289 [FXGL Background Thread 2 ] DEBUG TilesetLoader        - Writing to buffer: dst=1250,1000, w=125,h=125, src=250,375
00:26:45.289 [FXGL Background Thread 2 ] DEBUG TilesetLoader        - Writing to buffer: dst=1375,1000, w=125,h=125, src=500,375
00:26:45.290 [FXGL Background Thread 2 ] DEBUG TilesetLoader        - Writing to buffer: dst=1500,1000, w=125,h=125, src=500,0
00:26:45.290 [FXGL Background Thread 2 ] DEBUG TilesetLoader        - Writing to buffer: dst=1625,1000, w=125,h=125, src=750,375
00:26:45.290 [FXGL Background Thread 2 ] DEBUG TilesetLoader        - Writing to buffer: dst=1750,1000, w=125,h=125, src=250,375
00:26:45.290 [FXGL Background Thread 2 ] DEBUG TilesetLoader        - Writing to buffer: dst=1875,1000, w=125,h=125, src=250,375
00:26:45.291 [FXGL Background Thread 2 ] DEBUG TMXLevelLoader       - Creating object layer entities
00:26:45.385 [FXGL Background Thread 2 ] DEBUG FXGLAssetLoaderServi - Loading from file system: /assets/textures/semaforoRosso-01.png
00:26:45.413 [FXGL Background Thread 2 ] DEBUG FXGLAssetLoaderServi - Loading from file system: /assets/textures/semaforoVerde-01.png
00:26:45.426 [FXGL Background Thread 2 ] DEBUG FXGLAssetLoaderServi - Loading from cache: /assets/textures/semaforoRosso-01.png
00:26:45.427 [FXGL Background Thread 2 ] DEBUG FXGLAssetLoaderServi - Loading from cache: /assets/textures/semaforoVerde-01.png
00:26:45.428 [FXGL Background Thread 2 ] DEBUG FXGLAssetLoaderServi - Loading from cache: /assets/textures/semaforoRosso-01.png
00:26:45.428 [FXGL Background Thread 2 ] DEBUG FXGLAssetLoaderServi - Loading from cache: /assets/textures/semaforoVerde-01.png
00:26:45.432 [FXGL Background Thread 2 ] DEBUG FXGLAssetLoaderServi - Loading from cache: /assets/textures/semaforoRosso-01.png
00:26:45.432 [FXGL Background Thread 2 ] DEBUG FXGLAssetLoaderServi - Loading from cache: /assets/textures/semaforoVerde-01.png
00:26:45.435 [FXGL Background Thread 2 ] DEBUG FXGLAssetLoaderServi - Loading from file system: /assets/textures/semaforoRosso-04.png
00:26:45.439 [FXGL Background Thread 2 ] DEBUG FXGLAssetLoaderServi - Loading from file system: /assets/textures/semaforoVerde-04.png
00:26:45.454 [FXGL Background Thread 2 ] DEBUG FXGLAssetLoaderServi - Loading from cache: /assets/textures/semaforoRosso-04.png
00:26:45.463 [FXGL Background Thread 2 ] DEBUG FXGLAssetLoaderServi - Loading from cache: /assets/textures/semaforoVerde-04.png
00:26:45.465 [FXGL Background Thread 2 ] DEBUG FXGLAssetLoaderServi - Loading from cache: /assets/textures/semaforoRosso-04.png
00:26:45.466 [FXGL Background Thread 2 ] DEBUG FXGLAssetLoaderServi - Loading from cache: /assets/textures/semaforoVerde-04.png
00:26:45.469 [FXGL Background Thread 2 ] DEBUG FXGLAssetLoaderServi - Loading from cache: /assets/textures/semaforoRosso-04.png
00:26:45.474 [FXGL Background Thread 2 ] DEBUG FXGLAssetLoaderServi - Loading from cache: /assets/textures/semaforoVerde-04.png
00:26:45.475 [FXGL Background Thread 2 ] DEBUG FXGLAssetLoaderServi - Loading from file system: /assets/textures/semaforoRosso-03.png
00:26:45.478 [FXGL Background Thread 2 ] DEBUG FXGLAssetLoaderServi - Loading from file system: /assets/textures/semaforoVerde-03.png
00:26:45.482 [FXGL Background Thread 2 ] DEBUG FXGLAssetLoaderServi - Loading from cache: /assets/textures/semaforoRosso-03.png
00:26:45.482 [FXGL Background Thread 2 ] DEBUG FXGLAssetLoaderServi - Loading from cache: /assets/textures/semaforoVerde-03.png
00:26:45.484 [FXGL Background Thread 2 ] DEBUG FXGLAssetLoaderServi - Loading from cache: /assets/textures/semaforoRosso-03.png
00:26:45.486 [FXGL Background Thread 2 ] DEBUG FXGLAssetLoaderServi - Loading from cache: /assets/textures/semaforoVerde-03.png
00:26:45.488 [FXGL Background Thread 2 ] DEBUG FXGLAssetLoaderServi - Loading from cache: /assets/textures/semaforoRosso-03.png
00:26:45.493 [FXGL Background Thread 2 ] DEBUG FXGLAssetLoaderServi - Loading from cache: /assets/textures/semaforoVerde-03.png
00:26:45.494 [FXGL Background Thread 2 ] DEBUG FXGLAssetLoaderServi - Loading from file system: /assets/textures/semaforoRosso-02.png
00:26:45.497 [FXGL Background Thread 2 ] DEBUG FXGLAssetLoaderServi - Loading from file system: /assets/textures/semaforoVerde-02.png
00:26:45.515 [FXGL Background Thread 2 ] DEBUG FXGLAssetLoaderServi - Loading from cache: /assets/textures/semaforoRosso-02.png
00:26:45.515 [FXGL Background Thread 2 ] DEBUG FXGLAssetLoaderServi - Loading from cache: /assets/textures/semaforoVerde-02.png
00:26:45.517 [FXGL Background Thread 2 ] DEBUG FXGLAssetLoaderServi - Loading from cache: /assets/textures/semaforoRosso-02.png
00:26:45.517 [FXGL Background Thread 2 ] DEBUG FXGLAssetLoaderServi - Loading from cache: /assets/textures/semaforoVerde-02.png
00:26:45.518 [FXGL Background Thread 2 ] DEBUG FXGLAssetLoaderServi - Loading from cache: /assets/textures/semaforoRosso-02.png
00:26:45.519 [FXGL Background Thread 2 ] DEBUG FXGLAssetLoaderServi - Loading from cache: /assets/textures/semaforoVerde-02.png
00:26:45.522 [FXGL Background Thread 2 ] DEBUG GameWorld            - Clearing removable entities
00:26:45.523 [FXGL Background Thread 2 ] DEBUG GameWorld            - Setting level: com.almasb.fxgl.entity.level.Level@4963eb5a
00:26:45.531 [FXGL Background Thread 2 ] DEBUG FXGLAssetLoaderServi - Loading from file system: /assets/textures/pointer-sprite.png
00:26:45.625 [FXGL Background Thread 2 ] INFO  FXGLApplication      - Game initialization took: 1,272 sec
00:26:45.627 [JavaFX Application Thread] DEBUG Input                - Clearing active input actions
00:26:45.640 [JavaFX Application Thread] DEBUG GameApplicationServi - Removing overlay from FXGLLoadingScene and adding to GameScene
00:26:45.648 [JavaFX Application Thread] DEBUG MainWindow           - FXGLLoadingScene -> GameScene
00:27:32.364 [JavaFX Application Thread] DEBUG FXGLApplication      - Exiting FXGL
00:27:32.365 [JavaFX Application Thread] DEBUG LoopRunner           - Stopping loop
00:27:32.365 [JavaFX Application Thread] DEBUG SystemBundleService  - Saving FXGL system data
00:27:32.368 [JavaFX Application Thread] DEBUG FileSystemAccess     - Writing to: /Users/universita/Desktop/ProgettoJava/traffic-mobile/system/fxgl.bundle
00:27:32.371 [JavaFX Application Thread] DEBUG Async                - Shutting down background threads
00:27:32.372 [JavaFX Application Thread] DEBUG MainWindow           - Closing main window
00:27:32.391 [JavaFX Application Thread] DEBUG Logger               - Closing Logger
