15:07:14.524 [main                     ] DEBUG Logger               - Configured Logger
15:07:14.546 [main                     ] DEBUG GameApplication      - Logging settings
Title: Traffic
Version: Alpha 1.0
Width: 2500
Height: 1750
Fullscreen: false
Intro: false
Profiling: true
Single step:false
App Mode: DEVELOPER
Menu Key: ESCAPE
Stage Style: DECORATED
Scene Factory: class it.uniroma1.metodologie.trafficGame.TrafficApp$1

15:07:14.910 [JavaFX Application Thread] DEBUG FXGLApplication      - Initializing FXGL
15:07:14.917 [JavaFX Application Thread] INFO  Engine               - FXGL-dev-SNAPSHOT (03.09.2020 12.08) on MAC (J:14.0.1 FX:14)
15:07:14.918 [JavaFX Application Thread] DEBUG Engine               - JRE Vendor Name: Oracle Corporation
15:07:14.918 [JavaFX Application Thread] DEBUG Engine               - Running on OS: Mac OS X version 10.15.6
15:07:14.918 [JavaFX Application Thread] DEBUG Engine               - Architecture: x86_64
15:07:14.919 [JavaFX Application Thread] INFO  Engine               - Source code and latest versions at: https://github.com/AlmasB/FXGL
15:07:14.919 [JavaFX Application Thread] INFO  Engine               -              Join the FXGL chat at: https://gitter.im/AlmasB/FXGL
15:07:15.026 [JavaFX Application Thread] DEBUG MainWindow           - Creating a JavaFX scene
15:07:15.026 [JavaFX Application Thread] DEBUG MainWindow           - Target size > screen size
15:07:15.080 [JavaFX Application Thread] DEBUG MainWindow           - Target settings size: 2500.0 x 1750.0
15:07:15.081 [JavaFX Application Thread] DEBUG MainWindow           - Scaled scene size:    1422.0 x 1012.0
15:07:15.081 [JavaFX Application Thread] DEBUG MainWindow           - Scaled ratio: (0.5688, 0.5782857142857143)
15:07:15.082 [JavaFX Application Thread] DEBUG MainWindow           - Set initial scene to StartupScene
15:07:15.089 [JavaFX Application Thread] DEBUG MainWindow           - Opening main window
15:07:15.179 [JavaFX Application Thread] DEBUG MainWindow           - Window border size: (0.0, 1.0)
15:07:15.179 [JavaFX Application Thread] DEBUG MainWindow           - Scaled size: 1422.0 x 1012.0
15:07:15.180 [JavaFX Application Thread] DEBUG MainWindow           - Scaled ratio: (0.5688, 0.5688)
15:07:15.180 [JavaFX Application Thread] DEBUG MainWindow           - Scene size: 1422.0 x 1012.0
15:07:15.180 [JavaFX Application Thread] DEBUG MainWindow           - Stage size: 1422.0 x 1013.0
15:07:15.185 [FXGL Background Thread 1 ] DEBUG Engine               - Initializing environment variables
15:07:15.213 [FXGL Background Thread 1 ] DEBUG GameApplicationServi - Applying CSS: fxgl_dark.css
15:07:15.215 [FXGL Background Thread 1 ] DEBUG FXGLAssetLoaderServi - Loading from file system: /assets/ui/css/fxgl_dark.css
15:07:15.310 [FXGL Background Thread 1 ] DEBUG GameApplicationServi - Initializing application scenes
15:07:15.650 [FXGL Background Thread 1 ] DEBUG GameWorld            - Game world initialized
15:07:15.710 [FXGL Background Thread 1 ] DEBUG PhysicsWorld         - Physics world initialized: appHeight=1750, physics.ppm=50,0
15:07:15.712 [FXGL Background Thread 1 ] DEBUG GameScene            - Game scene initialized: 2500x1750
15:07:15.722 [FXGL Background Thread 1 ] DEBUG FXGLAssetLoaderServi - Loading from file system: /assets/textures/bg.jpg
15:07:16.107 [FXGL Background Thread 1 ] DEBUG FXGLAssetLoaderServi - Loading from file system: /assets/textures/logo.png
15:07:16.245 [FXGL Background Thread 1 ] DEBUG FXGLAssetLoaderServi - Loading from file system: /assets/textures/particles/trace_horizontal.png
15:07:16.289 [FXGL Background Thread 1 ] DEBUG FXGL.DefaultMenu     - createMenuBodyGameMenu()
15:07:16.302 [FXGL Background Thread 1 ] DEBUG FXGL.DefaultMenu     - createOptionsMenu()
15:07:16.308 [FXGL Background Thread 1 ] DEBUG FXGLAssetLoaderServi - Loading from file system: /assets/textures/particles/smoke.png
15:07:16.401 [FXGL Background Thread 1 ] DEBUG GameApplicationServi - Application scenes initialized
15:07:16.415 [FXGL Background Thread 1 ] DEBUG SystemBundleService  - Loading FXGL system data
15:07:16.420 [FXGL Background Thread 1 ] DEBUG FileSystemAccess     - Reading from: /Users/universita/Desktop/ProgettoJava/Drop/system/fxgl.bundle
15:07:16.429 [FXGL Background Thread 1 ] DEBUG SystemBundleService  - Bundle FXGL: {}
15:07:16.430 [FXGL Background Thread 1 ] DEBUG UpdaterService       - Checking for updates
15:07:16.500 [FXGL Background Thread 4 ] DEBUG FXGLApplication      - Loading fonts
15:07:16.501 [FXGL Background Thread 4 ] DEBUG FXGLAssetLoaderServi - Loading from file system: /assets/ui/fonts/VarelaRound-Regular.ttf
15:07:16.519 [FXGL Background Thread 4 ] DEBUG FXGLAssetLoaderServi - Loading from file system: /assets/ui/fonts/Abel-Regular.ttf
15:07:16.519 [FXGL Background Thread 1 ] DEBUG FXGLApplication      - Loading default localization
15:07:16.519 [FXGL Background Thread 1 ] DEBUG FXGLAssetLoaderServi - Loading from file system: /assets/languages/english.lang
15:07:16.523 [FXGL Background Thread 4 ] DEBUG FXGLAssetLoaderServi - Loading from file system: /assets/ui/fonts/lucida_console.ttf
15:07:16.528 [FXGL Background Thread 4 ] DEBUG FXGLAssetLoaderServi - Loading from file system: /assets/ui/fonts/Courier-Prime.ttf
15:07:16.533 [JavaFX Application Thread] DEBUG FXGLApplication      - Registering font factories with UI factory
15:07:16.556 [FXGL Background Thread 1 ] INFO  FXGLApplication      - FXGL initialization took: 1,371 sec
15:07:16.568 [JavaFX Application Thread] DEBUG Input                - Registered new binding: Change trafficlight status - F
15:07:16.569 [JavaFX Application Thread] DEBUG Input                - Registered new binding: Select and change traffic light - LMB
15:07:16.570 [JavaFX Application Thread] DEBUG Input                - Registered new binding: Move Right - D
15:07:16.570 [JavaFX Application Thread] DEBUG Input                - Registered new binding: Move Left - A
15:07:16.570 [JavaFX Application Thread] DEBUG Input                - Registered new binding: Move Up - W
15:07:16.571 [JavaFX Application Thread] DEBUG Input                - Registered new binding: Move Down - S
15:07:16.571 [JavaFX Application Thread] DEBUG Input                - Registered new binding: Spawn Car - Space
15:07:16.571 [JavaFX Application Thread] DEBUG FXGLAssetLoaderServi - Loading from file system: /assets/textures/fxgl_icon.png
15:07:16.604 [JavaFX Application Thread] DEBUG FXGLAssetLoaderServi - Loading from file system: /assets/ui/cursors/fxgl_default.png
15:07:16.606 [JavaFX Application Thread] DEBUG Input                - Registered new binding: Screenshot - P
15:07:16.606 [JavaFX Application Thread] DEBUG Input                - Registered new binding: Dev Options - 1
15:07:16.607 [JavaFX Application Thread] DEBUG Input                - Registered new binding: Dev Console - 2
15:07:16.608 [JavaFX Application Thread] DEBUG Input                - Registered new binding: System info dump - CTRL+9
15:07:16.608 [JavaFX Application Thread] DEBUG Input                - Registered new binding: Restart - CTRL+R
15:07:16.609 [JavaFX Application Thread] DEBUG Input                - Registered new binding: Toggle Debug Camera - CTRL+C
15:07:16.611 [JavaFX Application Thread] DEBUG LoopRunner           - Starting loop
15:07:16.629 [JavaFX Application Thread] DEBUG Input                - Clearing active input actions
15:07:16.643 [JavaFX Application Thread] DEBUG GameApplicationServi - Removing overlay from StartupScene and adding to FXGLMainMenuDummyScene
15:07:16.650 [JavaFX Application Thread] DEBUG MainWindow           - StartupScene -> FXGLMainMenuDummyScene
15:07:16.651 [JavaFX Application Thread] DEBUG MainWindow           - Push state: TrafficAppMenu
15:07:16.651 [JavaFX Application Thread] DEBUG Input                - Clearing active input actions
15:07:16.656 [JavaFX Application Thread] DEBUG GameApplicationServi - Removing overlay from FXGLMainMenuDummyScene and adding to TrafficAppMenu
15:07:16.657 [JavaFX Application Thread] DEBUG MainWindow           - FXGLMainMenuDummyScene -> TrafficAppMenu
15:07:17.982 [FXGL Background Thread 2 ] INFO  UpdaterService       - Your current version:  dev-SNAPSHOT
15:07:17.982 [FXGL Background Thread 2 ] INFO  UpdaterService       - Latest stable version: 11.10
15:07:18.602 [JavaFX Application Thread] DEBUG Menu                 - fireNewGame()
15:07:18.602 [JavaFX Application Thread] DEBUG GameApplicationServi - Starting new game
15:07:18.603 [JavaFX Application Thread] DEBUG MainWindow           - Pop state: TrafficAppMenu
15:07:18.603 [JavaFX Application Thread] DEBUG Input                - Clearing active input actions
15:07:18.604 [JavaFX Application Thread] DEBUG GameApplicationServi - Removing overlay from TrafficAppMenu and adding to FXGLMainMenuDummyScene
15:07:18.607 [JavaFX Application Thread] DEBUG MainWindow           - FXGLMainMenuDummyScene <- TrafficAppMenu
15:07:18.607 [JavaFX Application Thread] DEBUG Input                - Clearing active input actions
15:07:18.618 [JavaFX Application Thread] DEBUG GameApplicationServi - Removing overlay from FXGLMainMenuDummyScene and adding to FXGLLoadingScene
15:07:18.619 [JavaFX Application Thread] DEBUG MainWindow           - FXGLMainMenuDummyScene -> FXGLLoadingScene
15:07:18.619 [JavaFX Application Thread] DEBUG GameApplicationServi - Clearing previous game
15:07:18.620 [JavaFX Application Thread] DEBUG GameScene            - Clearing game scene
15:07:18.620 [JavaFX Application Thread] DEBUG GameWorld            - Clearing game world
15:07:18.620 [JavaFX Application Thread] DEBUG PhysicsWorld         - Clearing physics world
15:07:18.623 [FXGL Background Thread 2 ] DEBUG FXGLApplication      - Initializing game
15:07:18.632 [FXGL Background Thread 2 ] DEBUG FXGLAssetLoaderServi - Loading from file system: /assets/levels/level02.tmx
15:07:18.676 [FXGL Background Thread 2 ] WARN  TMXLevelLoader       - TiledMap generated from 1.4.1. Supported version: 1.2.3. Some features may not be parsed fully.
15:07:18.714 [FXGL Background Thread 2 ] DEBUG TMXLevelLoader       - Parsed raw map: TiledMap(width=10, height=7, tilewidth=250, tileheight=250, orientation=orthogonal, layers=[Layer(width=10, height=7, name=bg, type=tilelayer, visible=false, x=0, y=0, data=[84, 67, 84, 67, 30, 47, 34, 83, 80, 83, 48, 48, 48, 45, 48, 43, 48, 48, 45, 48, 69, 69, 75, 47, 77, 69, 69, 75, 47, 82, 67, 67, 74, 47, 76, 67, 67, 74, 47, 82, 48, 48, 48, 49, 48, 48, 48, 48, 46, 40, 77, 69, 75, 47, 77, 69, 69, 75, 47, 24, 70, 81, 68, 47, 81, 81, 81, 79, 47, 82], objects=[], opacity=0.0, draworder=), Layer(width=0, height=0, name=PathWays, type=objectgroup, visible=false, x=0, y=0, data=[], objects=[], opacity=0.0, draworder=), Layer(width=0, height=0, name=Incroci, type=objectgroup, visible=false, x=0, y=0, data=[], objects=[com.almasb.fxgl.entity.level.tiled.TiledObject@307be8df, com.almasb.fxgl.entity.level.tiled.TiledObject@446cbd1c, com.almasb.fxgl.entity.level.tiled.TiledObject@3aa8c964, com.almasb.fxgl.entity.level.tiled.TiledObject@43232664, com.almasb.fxgl.entity.level.tiled.TiledObject@2c7113cf], opacity=0.0, draworder=), Layer(width=0, height=0, name=Semafori, type=objectgroup, visible=false, x=0, y=0, data=[], objects=[com.almasb.fxgl.entity.level.tiled.TiledObject@dd4df00, com.almasb.fxgl.entity.level.tiled.TiledObject@71cbc437, com.almasb.fxgl.entity.level.tiled.TiledObject@2b01dc6c, com.almasb.fxgl.entity.level.tiled.TiledObject@fca4da8, com.almasb.fxgl.entity.level.tiled.TiledObject@24cdaf8e, com.almasb.fxgl.entity.level.tiled.TiledObject@b082d5c, com.almasb.fxgl.entity.level.tiled.TiledObject@2e4f62ed, com.almasb.fxgl.entity.level.tiled.TiledObject@7335cd81, com.almasb.fxgl.entity.level.tiled.TiledObject@3a4dbdb6, com.almasb.fxgl.entity.level.tiled.TiledObject@70e5156e, com.almasb.fxgl.entity.level.tiled.TiledObject@25e85995, com.almasb.fxgl.entity.level.tiled.TiledObject@78ecd16c, com.almasb.fxgl.entity.level.tiled.TiledObject@2f1b63ca, com.almasb.fxgl.entity.level.tiled.TiledObject@778d5d22, com.almasb.fxgl.entity.level.tiled.TiledObject@104e86b7, com.almasb.fxgl.entity.level.tiled.TiledObject@eb74263], opacity=0.0, draworder=), Layer(width=0, height=0, name=SpawnPoint, type=objectgroup, visible=false, x=0, y=0, data=[], objects=[com.almasb.fxgl.entity.level.tiled.TiledObject@7ac6754c, com.almasb.fxgl.entity.level.tiled.TiledObject@67bf537b, com.almasb.fxgl.entity.level.tiled.TiledObject@3201a05, com.almasb.fxgl.entity.level.tiled.TiledObject@3730f458, com.almasb.fxgl.entity.level.tiled.TiledObject@7e158be7, com.almasb.fxgl.entity.level.tiled.TiledObject@63ac2bd5, com.almasb.fxgl.entity.level.tiled.TiledObject@60dff597, com.almasb.fxgl.entity.level.tiled.TiledObject@50fd5fe0, com.almasb.fxgl.entity.level.tiled.TiledObject@265bcab, com.almasb.fxgl.entity.level.tiled.TiledObject@15cdb1, com.almasb.fxgl.entity.level.tiled.TiledObject@1ff9e369, com.almasb.fxgl.entity.level.tiled.TiledObject@25c1bd29, com.almasb.fxgl.entity.level.tiled.TiledObject@a6eddde, com.almasb.fxgl.entity.level.tiled.TiledObject@2438e167, com.almasb.fxgl.entity.level.tiled.TiledObject@740aac22, com.almasb.fxgl.entity.level.tiled.TiledObject@5c0a6f7f, com.almasb.fxgl.entity.level.tiled.TiledObject@20f6d90d, com.almasb.fxgl.entity.level.tiled.TiledObject@432627ad, com.almasb.fxgl.entity.level.tiled.TiledObject@62ecf857, com.almasb.fxgl.entity.level.tiled.TiledObject@6d1202e2, com.almasb.fxgl.entity.level.tiled.TiledObject@7b3a80fc, com.almasb.fxgl.entity.level.tiled.TiledObject@953db79, com.almasb.fxgl.entity.level.tiled.TiledObject@cf8b444, com.almasb.fxgl.entity.level.tiled.TiledObject@7100b22b, com.almasb.fxgl.entity.level.tiled.TiledObject@5e92e197, com.almasb.fxgl.entity.level.tiled.TiledObject@498d612f, com.almasb.fxgl.entity.level.tiled.TiledObject@9ea6ce, com.almasb.fxgl.entity.level.tiled.TiledObject@747bdd1c], opacity=0.0, draworder=)], tilesets=[Tileset(firstgid=1, image=../textures/tiles_sheet.png, name=tiles_sheet, tilewidth=250, tileheight=250, imagewidth=1750, imageheight=1500, margin=0, spacing=0, columns=7, tilecount=42, transparentcolor=ff00ff, tiles=[]), Tileset(firstgid=43, image=../textures/tiles_sheet.png, name=tiles_sheet, tilewidth=250, tileheight=250, imagewidth=1750, imageheight=1500, margin=0, spacing=0, columns=7, tilecount=42, transparentcolor=, tiles=[])], backgroundcolor=, renderorder=right-down, nextobjectid=58, version=1, tiledversion=1.4.1, type=map, infinite=false, properties={}, propertytypes={})
15:07:18.715 [FXGL Background Thread 2 ] DEBUG TMXLevelLoader       - Creating tile layer entities
15:07:18.717 [FXGL Background Thread 2 ] DEBUG TilesetLoader        - Loading view for layer bg
15:07:18.759 [FXGL Background Thread 2 ] DEBUG TilesetLoader        - Created buffer with size 2500.0x1750.0
15:07:18.846 [FXGL Background Thread 2 ] DEBUG TilesetLoader        - Writing to buffer: dst=0,0, w=250,h=250, src=1500,1250
15:07:18.847 [FXGL Background Thread 2 ] DEBUG TilesetLoader        - Writing to buffer: dst=250,0, w=250,h=250, src=750,750
15:07:18.847 [FXGL Background Thread 2 ] DEBUG TilesetLoader        - Writing to buffer: dst=500,0, w=250,h=250, src=1500,1250
15:07:18.848 [FXGL Background Thread 2 ] DEBUG TilesetLoader        - Writing to buffer: dst=750,0, w=250,h=250, src=750,750
15:07:18.848 [FXGL Background Thread 2 ] DEBUG TilesetLoader        - Writing to buffer: dst=1000,0, w=250,h=250, src=250,1000
15:07:18.848 [FXGL Background Thread 2 ] DEBUG TilesetLoader        - Writing to buffer: dst=1250,0, w=250,h=250, src=1000,0
15:07:18.849 [FXGL Background Thread 2 ] DEBUG TilesetLoader        - Writing to buffer: dst=1500,0, w=250,h=250, src=1250,1000
15:07:18.849 [FXGL Background Thread 2 ] DEBUG TilesetLoader        - Writing to buffer: dst=1750,0, w=250,h=250, src=1250,1250
15:07:18.849 [FXGL Background Thread 2 ] DEBUG TilesetLoader        - Writing to buffer: dst=2000,0, w=250,h=250, src=500,1250
15:07:18.849 [FXGL Background Thread 2 ] DEBUG TilesetLoader        - Writing to buffer: dst=2250,0, w=250,h=250, src=1250,1250
15:07:18.850 [FXGL Background Thread 2 ] DEBUG TilesetLoader        - Writing to buffer: dst=0,250, w=250,h=250, src=1250,0
15:07:18.850 [FXGL Background Thread 2 ] DEBUG TilesetLoader        - Writing to buffer: dst=250,250, w=250,h=250, src=1250,0
15:07:18.850 [FXGL Background Thread 2 ] DEBUG TilesetLoader        - Writing to buffer: dst=500,250, w=250,h=250, src=1250,0
15:07:18.850 [FXGL Background Thread 2 ] DEBUG TilesetLoader        - Writing to buffer: dst=750,250, w=250,h=250, src=500,0
15:07:18.851 [FXGL Background Thread 2 ] DEBUG TilesetLoader        - Writing to buffer: dst=1000,250, w=250,h=250, src=1250,0
15:07:18.851 [FXGL Background Thread 2 ] DEBUG TilesetLoader        - Writing to buffer: dst=1250,250, w=250,h=250, src=0,0
15:07:18.851 [FXGL Background Thread 2 ] DEBUG TilesetLoader        - Writing to buffer: dst=1500,250, w=250,h=250, src=1250,0
15:07:18.851 [FXGL Background Thread 2 ] DEBUG TilesetLoader        - Writing to buffer: dst=1750,250, w=250,h=250, src=1250,0
15:07:18.852 [FXGL Background Thread 2 ] DEBUG TilesetLoader        - Writing to buffer: dst=2000,250, w=250,h=250, src=500,0
15:07:18.852 [FXGL Background Thread 2 ] DEBUG TilesetLoader        - Writing to buffer: dst=2250,250, w=250,h=250, src=1250,0
15:07:18.852 [FXGL Background Thread 2 ] DEBUG TilesetLoader        - Writing to buffer: dst=0,500, w=250,h=250, src=1250,750
15:07:18.852 [FXGL Background Thread 2 ] DEBUG TilesetLoader        - Writing to buffer: dst=250,500, w=250,h=250, src=1250,750
15:07:18.853 [FXGL Background Thread 2 ] DEBUG TilesetLoader        - Writing to buffer: dst=500,500, w=250,h=250, src=1000,1000
15:07:18.853 [FXGL Background Thread 2 ] DEBUG TilesetLoader        - Writing to buffer: dst=750,500, w=250,h=250, src=1000,0
15:07:18.853 [FXGL Background Thread 2 ] DEBUG TilesetLoader        - Writing to buffer: dst=1000,500, w=250,h=250, src=1500,1000
15:07:18.853 [FXGL Background Thread 2 ] DEBUG TilesetLoader        - Writing to buffer: dst=1250,500, w=250,h=250, src=1250,750
15:07:18.854 [FXGL Background Thread 2 ] DEBUG TilesetLoader        - Writing to buffer: dst=1500,500, w=250,h=250, src=1250,750
15:07:18.854 [FXGL Background Thread 2 ] DEBUG TilesetLoader        - Writing to buffer: dst=1750,500, w=250,h=250, src=1000,1000
15:07:18.854 [FXGL Background Thread 2 ] DEBUG TilesetLoader        - Writing to buffer: dst=2000,500, w=250,h=250, src=1000,0
15:07:18.855 [FXGL Background Thread 2 ] DEBUG TilesetLoader        - Writing to buffer: dst=2250,500, w=250,h=250, src=1000,1250
15:07:18.855 [FXGL Background Thread 2 ] DEBUG TilesetLoader        - Writing to buffer: dst=0,750, w=250,h=250, src=750,750
15:07:18.855 [FXGL Background Thread 2 ] DEBUG TilesetLoader        - Writing to buffer: dst=250,750, w=250,h=250, src=750,750
15:07:18.855 [FXGL Background Thread 2 ] DEBUG TilesetLoader        - Writing to buffer: dst=500,750, w=250,h=250, src=750,1000
15:07:18.856 [FXGL Background Thread 2 ] DEBUG TilesetLoader        - Writing to buffer: dst=750,750, w=250,h=250, src=1000,0
15:07:18.856 [FXGL Background Thread 2 ] DEBUG TilesetLoader        - Writing to buffer: dst=1000,750, w=250,h=250, src=1250,1000
15:07:18.856 [FXGL Background Thread 2 ] DEBUG TilesetLoader        - Writing to buffer: dst=1250,750, w=250,h=250, src=750,750
15:07:18.857 [FXGL Background Thread 2 ] DEBUG TilesetLoader        - Writing to buffer: dst=1500,750, w=250,h=250, src=750,750
15:07:18.857 [FXGL Background Thread 2 ] DEBUG TilesetLoader        - Writing to buffer: dst=1750,750, w=250,h=250, src=750,1000
15:07:18.857 [FXGL Background Thread 2 ] DEBUG TilesetLoader        - Writing to buffer: dst=2000,750, w=250,h=250, src=1000,0
15:07:18.857 [FXGL Background Thread 2 ] DEBUG TilesetLoader        - Writing to buffer: dst=2250,750, w=250,h=250, src=1000,1250
15:07:18.858 [FXGL Background Thread 2 ] DEBUG TilesetLoader        - Writing to buffer: dst=0,1000, w=250,h=250, src=1250,0
15:07:18.859 [FXGL Background Thread 2 ] DEBUG TilesetLoader        - Writing to buffer: dst=250,1000, w=250,h=250, src=1250,0
15:07:18.859 [FXGL Background Thread 2 ] DEBUG TilesetLoader        - Writing to buffer: dst=500,1000, w=250,h=250, src=1250,0
15:07:18.861 [FXGL Background Thread 2 ] DEBUG TilesetLoader        - Writing to buffer: dst=750,1000, w=250,h=250, src=1500,0
15:07:18.861 [FXGL Background Thread 2 ] DEBUG TilesetLoader        - Writing to buffer: dst=1000,1000, w=250,h=250, src=1250,0
15:07:18.861 [FXGL Background Thread 2 ] DEBUG TilesetLoader        - Writing to buffer: dst=1250,1000, w=250,h=250, src=1250,0
15:07:18.862 [FXGL Background Thread 2 ] DEBUG TilesetLoader        - Writing to buffer: dst=1500,1000, w=250,h=250, src=1250,0
15:07:18.862 [FXGL Background Thread 2 ] DEBUG TilesetLoader        - Writing to buffer: dst=1750,1000, w=250,h=250, src=1250,0
15:07:18.862 [FXGL Background Thread 2 ] DEBUG TilesetLoader        - Writing to buffer: dst=2000,1000, w=250,h=250, src=750,0
15:07:18.862 [FXGL Background Thread 2 ] DEBUG TilesetLoader        - Writing to buffer: dst=2250,1000, w=250,h=250, src=1000,1250
15:07:18.863 [FXGL Background Thread 2 ] DEBUG TilesetLoader        - Writing to buffer: dst=0,1250, w=250,h=250, src=1500,1000
15:07:18.863 [FXGL Background Thread 2 ] DEBUG TilesetLoader        - Writing to buffer: dst=250,1250, w=250,h=250, src=1250,750
15:07:18.864 [FXGL Background Thread 2 ] DEBUG TilesetLoader        - Writing to buffer: dst=500,1250, w=250,h=250, src=1000,1000
15:07:18.864 [FXGL Background Thread 2 ] DEBUG TilesetLoader        - Writing to buffer: dst=750,1250, w=250,h=250, src=1000,0
15:07:18.865 [FXGL Background Thread 2 ] DEBUG TilesetLoader        - Writing to buffer: dst=1000,1250, w=250,h=250, src=1500,1000
15:07:18.865 [FXGL Background Thread 2 ] DEBUG TilesetLoader        - Writing to buffer: dst=1250,1250, w=250,h=250, src=1250,750
15:07:18.865 [FXGL Background Thread 2 ] DEBUG TilesetLoader        - Writing to buffer: dst=1500,1250, w=250,h=250, src=1250,750
15:07:18.866 [FXGL Background Thread 2 ] DEBUG TilesetLoader        - Writing to buffer: dst=1750,1250, w=250,h=250, src=1000,1000
15:07:18.866 [FXGL Background Thread 2 ] DEBUG TilesetLoader        - Writing to buffer: dst=2000,1250, w=250,h=250, src=1000,0
15:07:18.866 [FXGL Background Thread 2 ] DEBUG TilesetLoader        - Writing to buffer: dst=2250,1250, w=250,h=250, src=500,750
15:07:18.866 [FXGL Background Thread 2 ] DEBUG TilesetLoader        - Writing to buffer: dst=0,1500, w=250,h=250, src=1500,750
15:07:18.866 [FXGL Background Thread 2 ] DEBUG TilesetLoader        - Writing to buffer: dst=250,1500, w=250,h=250, src=750,1250
15:07:18.867 [FXGL Background Thread 2 ] DEBUG TilesetLoader        - Writing to buffer: dst=500,1500, w=250,h=250, src=1000,750
15:07:18.867 [FXGL Background Thread 2 ] DEBUG TilesetLoader        - Writing to buffer: dst=750,1500, w=250,h=250, src=1000,0
15:07:18.867 [FXGL Background Thread 2 ] DEBUG TilesetLoader        - Writing to buffer: dst=1000,1500, w=250,h=250, src=750,1250
15:07:18.867 [FXGL Background Thread 2 ] DEBUG TilesetLoader        - Writing to buffer: dst=1250,1500, w=250,h=250, src=750,1250
15:07:18.867 [FXGL Background Thread 2 ] DEBUG TilesetLoader        - Writing to buffer: dst=1500,1500, w=250,h=250, src=750,1250
15:07:18.868 [FXGL Background Thread 2 ] DEBUG TilesetLoader        - Writing to buffer: dst=1750,1500, w=250,h=250, src=250,1250
15:07:18.868 [FXGL Background Thread 2 ] DEBUG TilesetLoader        - Writing to buffer: dst=2000,1500, w=250,h=250, src=1000,0
15:07:18.868 [FXGL Background Thread 2 ] DEBUG TilesetLoader        - Writing to buffer: dst=2250,1500, w=250,h=250, src=1000,1250
15:07:18.869 [FXGL Background Thread 2 ] DEBUG TMXLevelLoader       - Creating object layer entities
15:07:18.893 [FXGL Background Thread 2 ] DEBUG FXGLAssetLoaderServi - Loading from file system: /assets/textures/semaforoRosso-01.png
15:07:18.901 [FXGL Background Thread 2 ] DEBUG FXGLAssetLoaderServi - Loading from file system: /assets/textures/semaforoVerde-01.png
15:07:18.906 [FXGL Background Thread 2 ] DEBUG FXGLAssetLoaderServi - Loading from file system: /assets/textures/semaforoRosso-02.png
15:07:18.910 [FXGL Background Thread 2 ] DEBUG FXGLAssetLoaderServi - Loading from file system: /assets/textures/semaforoVerde-02.png
15:07:18.924 [FXGL Background Thread 2 ] DEBUG FXGLAssetLoaderServi - Loading from file system: /assets/textures/semaforoRosso-04.png
15:07:18.929 [FXGL Background Thread 2 ] DEBUG FXGLAssetLoaderServi - Loading from file system: /assets/textures/semaforoVerde-04.png
15:07:18.940 [FXGL Background Thread 2 ] DEBUG FXGLAssetLoaderServi - Loading from file system: /assets/textures/semaforoRosso-03.png
15:07:18.943 [FXGL Background Thread 2 ] DEBUG FXGLAssetLoaderServi - Loading from file system: /assets/textures/semaforoVerde-03.png
15:07:18.950 [FXGL Background Thread 2 ] DEBUG FXGLAssetLoaderServi - Loading from cache: /assets/textures/semaforoRosso-04.png
15:07:18.950 [FXGL Background Thread 2 ] DEBUG FXGLAssetLoaderServi - Loading from cache: /assets/textures/semaforoVerde-04.png
15:07:18.951 [FXGL Background Thread 2 ] DEBUG FXGLAssetLoaderServi - Loading from cache: /assets/textures/semaforoRosso-01.png
15:07:18.952 [FXGL Background Thread 2 ] DEBUG FXGLAssetLoaderServi - Loading from cache: /assets/textures/semaforoVerde-01.png
15:07:18.954 [FXGL Background Thread 2 ] DEBUG FXGLAssetLoaderServi - Loading from cache: /assets/textures/semaforoRosso-03.png
15:07:18.954 [FXGL Background Thread 2 ] DEBUG FXGLAssetLoaderServi - Loading from cache: /assets/textures/semaforoVerde-03.png
15:07:18.959 [FXGL Background Thread 2 ] DEBUG FXGLAssetLoaderServi - Loading from cache: /assets/textures/semaforoRosso-04.png
15:07:18.959 [FXGL Background Thread 2 ] DEBUG FXGLAssetLoaderServi - Loading from cache: /assets/textures/semaforoVerde-04.png
15:07:18.960 [FXGL Background Thread 2 ] DEBUG FXGLAssetLoaderServi - Loading from cache: /assets/textures/semaforoRosso-04.png
15:07:18.960 [FXGL Background Thread 2 ] DEBUG FXGLAssetLoaderServi - Loading from cache: /assets/textures/semaforoVerde-04.png
15:07:18.961 [FXGL Background Thread 2 ] DEBUG FXGLAssetLoaderServi - Loading from cache: /assets/textures/semaforoRosso-04.png
15:07:18.961 [FXGL Background Thread 2 ] DEBUG FXGLAssetLoaderServi - Loading from cache: /assets/textures/semaforoVerde-04.png
15:07:18.962 [FXGL Background Thread 2 ] DEBUG FXGLAssetLoaderServi - Loading from cache: /assets/textures/semaforoRosso-01.png
15:07:18.962 [FXGL Background Thread 2 ] DEBUG FXGLAssetLoaderServi - Loading from cache: /assets/textures/semaforoVerde-01.png
15:07:18.963 [FXGL Background Thread 2 ] DEBUG FXGLAssetLoaderServi - Loading from cache: /assets/textures/semaforoRosso-02.png
15:07:18.963 [FXGL Background Thread 2 ] DEBUG FXGLAssetLoaderServi - Loading from cache: /assets/textures/semaforoVerde-02.png
15:07:18.971 [FXGL Background Thread 2 ] DEBUG FXGLAssetLoaderServi - Loading from cache: /assets/textures/semaforoRosso-02.png
15:07:18.971 [FXGL Background Thread 2 ] DEBUG FXGLAssetLoaderServi - Loading from cache: /assets/textures/semaforoVerde-02.png
15:07:18.972 [FXGL Background Thread 2 ] DEBUG FXGLAssetLoaderServi - Loading from cache: /assets/textures/semaforoRosso-02.png
15:07:18.973 [FXGL Background Thread 2 ] DEBUG FXGLAssetLoaderServi - Loading from cache: /assets/textures/semaforoVerde-02.png
15:07:18.974 [FXGL Background Thread 2 ] DEBUG FXGLAssetLoaderServi - Loading from cache: /assets/textures/semaforoRosso-03.png
15:07:18.974 [FXGL Background Thread 2 ] DEBUG FXGLAssetLoaderServi - Loading from cache: /assets/textures/semaforoVerde-03.png
15:07:18.984 [FXGL Background Thread 2 ] DEBUG FXGLAssetLoaderServi - Loading from cache: /assets/textures/semaforoRosso-03.png
15:07:18.985 [FXGL Background Thread 2 ] DEBUG FXGLAssetLoaderServi - Loading from cache: /assets/textures/semaforoVerde-03.png
15:07:19.010 [FXGL Background Thread 2 ] DEBUG GameWorld            - Clearing removable entities
15:07:19.011 [FXGL Background Thread 2 ] DEBUG GameWorld            - Setting level: com.almasb.fxgl.entity.level.Level@2c78d465
15:07:19.031 [FXGL Background Thread 2 ] DEBUG FXGLAssetLoaderServi - Loading from file system: /assets/textures/pointer-sprite.png
15:07:19.101 [FXGL Background Thread 2 ] INFO  FXGLApplication      - Game initialization took: 0,478 sec
15:07:19.103 [JavaFX Application Thread] DEBUG Input                - Clearing active input actions
15:07:19.114 [JavaFX Application Thread] DEBUG GameApplicationServi - Removing overlay from FXGLLoadingScene and adding to GameScene
15:07:19.118 [JavaFX Application Thread] DEBUG MainWindow           - FXGLLoadingScene -> GameScene
15:07:19.500 [FXGL Background Thread 3 ] DEBUG Engine               - Logging environment variables
15:07:19.502 [FXGL Background Thread 3 ] DEBUG Engine               - achievements: []
15:07:19.502 [FXGL Background Thread 3 ] DEBUG Engine               - appIcon: fxgl_icon.png
15:07:19.502 [FXGL Background Thread 3 ] DEBUG Engine               - applicationMode: DEVELOPER
15:07:19.502 [FXGL Background Thread 3 ] DEBUG Engine               - cSSList: [fxgl_dark.css]
15:07:19.502 [FXGL Background Thread 3 ] DEBUG Engine               - configClass: Optional.empty
15:07:19.503 [FXGL Background Thread 3 ] DEBUG Engine               - credits: []
15:07:19.503 [FXGL Background Thread 3 ] DEBUG Engine               - devBBoxColorProperty: ObjectProperty [value: 0xff0000ff]
15:07:19.503 [FXGL Background Thread 3 ] DEBUG Engine               - devEnableDebugCameraProperty: BooleanProperty [value: false]
15:07:19.503 [FXGL Background Thread 3 ] DEBUG Engine               - devSensorColorProperty: ObjectProperty [value: 0xffff00ff]
15:07:19.503 [FXGL Background Thread 3 ] DEBUG Engine               - devShowBBoxProperty: BooleanProperty [value: false]
15:07:19.504 [FXGL Background Thread 3 ] DEBUG Engine               - devShowPositionProperty: BooleanProperty [value: false]
15:07:19.504 [FXGL Background Thread 3 ] DEBUG Engine               - enabledMenuItems: []
15:07:19.504 [FXGL Background Thread 3 ] DEBUG Engine               - engineServices: [class com.almasb.fxgl.app.FXGLApplication$GameApplicationService, class com.almasb.fxgl.app.services.FXGLDialogService, class com.almasb.fxgl.app.services.IOTaskExecutorService, class com.almasb.fxgl.event.EventBusService, class com.almasb.fxgl.io.FileSystemService, class com.almasb.fxgl.localization.LocalizationService, class com.almasb.fxgl.app.services.FXGLAssetLoaderService, class com.almasb.fxgl.app.services.SystemBundleService, class com.almasb.fxgl.profile.SaveLoadService, class com.almasb.fxgl.ui.FXGLUIFactoryServiceProvider, class com.almasb.fxgl.ui.FXGLDialogFactoryServiceProvider, class com.almasb.fxgl.audio.AudioPlayer, class com.almasb.fxgl.notification.impl.NotificationServiceProvider, class com.almasb.fxgl.achievement.AchievementService, class com.almasb.fxgl.cutscene.CutsceneService, class com.almasb.fxgl.minigames.MiniGameService, class com.almasb.fxgl.net.NetService, class com.almasb.fxgl.app.services.UpdaterService, class com.almasb.fxgl.dev.DevService, class com.almasb.fxgl.dev.profiling.ProfilerService]
15:07:19.504 [FXGL Background Thread 3 ] DEBUG Engine               - fontGame: Abel-Regular.ttf
15:07:19.504 [FXGL Background Thread 3 ] DEBUG Engine               - fontMono: lucida_console.ttf
15:07:19.504 [FXGL Background Thread 3 ] DEBUG Engine               - fontText: Courier-Prime.ttf
15:07:19.504 [FXGL Background Thread 3 ] DEBUG Engine               - fontUI: VarelaRound-Regular.ttf
15:07:19.505 [FXGL Background Thread 3 ] DEBUG Engine               - fullScreen: BooleanProperty [value: false]
15:07:19.505 [FXGL Background Thread 3 ] DEBUG Engine               - gameDifficulty: MEDIUM
15:07:19.505 [FXGL Background Thread 3 ] DEBUG Engine               - gameDifficultyProperty: ObjectProperty [value: MEDIUM]
15:07:19.505 [FXGL Background Thread 3 ] DEBUG Engine               - globalMusicVolume: 0.5
15:07:19.505 [FXGL Background Thread 3 ] DEBUG Engine               - globalMusicVolumeProperty: DoubleProperty [value: 0.5]
15:07:19.506 [FXGL Background Thread 3 ] DEBUG Engine               - globalSoundVolume: 0.5
15:07:19.506 [FXGL Background Thread 3 ] DEBUG Engine               - globalSoundVolumeProperty: DoubleProperty [value: 0.5]
15:07:19.506 [FXGL Background Thread 3 ] DEBUG Engine               - height: 1750
15:07:19.506 [FXGL Background Thread 3 ] DEBUG Engine               - isAndroid: false
15:07:19.506 [FXGL Background Thread 3 ] DEBUG Engine               - isBrowser: false
15:07:19.506 [FXGL Background Thread 3 ] DEBUG Engine               - isClickFeedbackEnabled: false
15:07:19.506 [FXGL Background Thread 3 ] DEBUG Engine               - isCloseConfirmation: false
15:07:19.506 [FXGL Background Thread 3 ] DEBUG Engine               - isDesktop: true
15:07:19.506 [FXGL Background Thread 3 ] DEBUG Engine               - isDeveloperMenuEnabled: true
15:07:19.507 [FXGL Background Thread 3 ] DEBUG Engine               - isEntityPreloadEnabled: true
15:07:19.507 [FXGL Background Thread 3 ] DEBUG Engine               - isExperimentalNative: false
15:07:19.507 [FXGL Background Thread 3 ] DEBUG Engine               - isExperimentalTiledLargeMap: false
15:07:19.507 [FXGL Background Thread 3 ] DEBUG Engine               - isFileSystemWriteAllowed: true
15:07:19.507 [FXGL Background Thread 3 ] DEBUG Engine               - isFullScreenAllowed: false
15:07:19.507 [FXGL Background Thread 3 ] DEBUG Engine               - isFullScreenFromStart: false
15:07:19.507 [FXGL Background Thread 3 ] DEBUG Engine               - isGameMenuEnabled: true
15:07:19.507 [FXGL Background Thread 3 ] DEBUG Engine               - isIOS: false
15:07:19.507 [FXGL Background Thread 3 ] DEBUG Engine               - isIntroEnabled: false
15:07:19.507 [FXGL Background Thread 3 ] DEBUG Engine               - isLinux: false
15:07:19.507 [FXGL Background Thread 3 ] DEBUG Engine               - isMac: true
15:07:19.507 [FXGL Background Thread 3 ] DEBUG Engine               - isMainMenuEnabled: true
15:07:19.508 [FXGL Background Thread 3 ] DEBUG Engine               - isManualResizeEnabled: true
15:07:19.508 [FXGL Background Thread 3 ] DEBUG Engine               - isMobile: false
15:07:19.508 [FXGL Background Thread 3 ] DEBUG Engine               - isPreserveResizeRatio: true
15:07:19.508 [FXGL Background Thread 3 ] DEBUG Engine               - isProfilingEnabled: true
15:07:19.508 [FXGL Background Thread 3 ] DEBUG Engine               - isSingleStep: false
15:07:19.508 [FXGL Background Thread 3 ] DEBUG Engine               - isUserProfileEnabled: false
15:07:19.508 [FXGL Background Thread 3 ] DEBUG Engine               - isWindows: false
15:07:19.508 [FXGL Background Thread 3 ] DEBUG Engine               - language: ObjectProperty [value: ENGLISH]
15:07:19.508 [FXGL Background Thread 3 ] DEBUG Engine               - menuKey: ESCAPE
15:07:19.508 [FXGL Background Thread 3 ] DEBUG Engine               - notificationViewClass: class com.almasb.fxgl.notification.view.XboxNotificationView
15:07:19.508 [FXGL Background Thread 3 ] DEBUG Engine               - pixelsPerMeter: 50.0
15:07:19.509 [FXGL Background Thread 3 ] DEBUG Engine               - platform: MAC
15:07:19.509 [FXGL Background Thread 3 ] DEBUG Engine               - profileDir: profiles/
15:07:19.509 [FXGL Background Thread 3 ] DEBUG Engine               - profileName: StringProperty [value: DEFAULT]
15:07:19.509 [FXGL Background Thread 3 ] DEBUG Engine               - randomSeed: -1
15:07:19.509 [FXGL Background Thread 3 ] DEBUG Engine               - runtimeInfo: RuntimeInfo(platform=MAC, version=dev-SNAPSHOT, build=03.09.2020 12.08)
15:07:19.509 [FXGL Background Thread 3 ] DEBUG Engine               - saveFileExt: sav
15:07:19.509 [FXGL Background Thread 3 ] DEBUG Engine               - sceneFactory: it.uniroma1.metodologie.trafficGame.TrafficApp$1@2f48f4d2
15:07:19.509 [FXGL Background Thread 3 ] DEBUG Engine               - secondsIn24h: 60
15:07:19.509 [FXGL Background Thread 3 ] DEBUG Engine               - soundMenuBack: menu/back.wav
15:07:19.509 [FXGL Background Thread 3 ] DEBUG Engine               - soundMenuPress: menu/press.wav
15:07:19.509 [FXGL Background Thread 3 ] DEBUG Engine               - soundMenuSelect: menu/select.wav
15:07:19.509 [FXGL Background Thread 3 ] DEBUG Engine               - soundNotification: core/notification.wav
15:07:19.510 [FXGL Background Thread 3 ] DEBUG Engine               - stageStyle: DECORATED
15:07:19.510 [FXGL Background Thread 3 ] DEBUG Engine               - supportedLanguages: [ENGLISH, FRENCH, GERMAN, HUNGARIAN, RUSSIAN]
15:07:19.510 [FXGL Background Thread 3 ] DEBUG Engine               - title: Traffic
15:07:19.510 [FXGL Background Thread 3 ] DEBUG Engine               - urlGithub: https://github.com/AlmasB/FXGL
15:07:19.510 [FXGL Background Thread 3 ] DEBUG Engine               - urlLeaderboard: http://fxgl-top.herokuapp.com/
15:07:19.510 [FXGL Background Thread 3 ] DEBUG Engine               - urlPOM: https://raw.githubusercontent.com/AlmasB/FXGL/master/pom.xml
15:07:19.510 [FXGL Background Thread 3 ] DEBUG Engine               - version: Alpha 1.0
15:07:19.510 [FXGL Background Thread 3 ] DEBUG Engine               - versionCheckDays: 7
15:07:19.510 [FXGL Background Thread 3 ] DEBUG Engine               - width: 2500
15:07:19.510 [FXGL Background Thread 3 ] DEBUG Engine               - Logging services
15:07:19.510 [FXGL Background Thread 3 ] DEBUG Engine               - class com.almasb.fxgl.app.FXGLApplication$GameApplicationService
15:07:19.510 [FXGL Background Thread 3 ] DEBUG Engine               - class com.almasb.fxgl.app.services.FXGLDialogService
15:07:19.510 [FXGL Background Thread 3 ] DEBUG Engine               - class com.almasb.fxgl.app.services.IOTaskExecutorService
15:07:19.511 [FXGL Background Thread 3 ] DEBUG Engine               - class com.almasb.fxgl.event.EventBusService
15:07:19.511 [FXGL Background Thread 3 ] DEBUG Engine               - class com.almasb.fxgl.io.FileSystemService
15:07:19.511 [FXGL Background Thread 3 ] DEBUG Engine               - class com.almasb.fxgl.localization.LocalizationService
15:07:19.511 [FXGL Background Thread 3 ] DEBUG Engine               - class com.almasb.fxgl.app.services.FXGLAssetLoaderService
15:07:19.511 [FXGL Background Thread 3 ] DEBUG Engine               - class com.almasb.fxgl.app.services.SystemBundleService
15:07:19.511 [FXGL Background Thread 3 ] DEBUG Engine               - class com.almasb.fxgl.profile.SaveLoadService
15:07:19.511 [FXGL Background Thread 3 ] DEBUG Engine               - class com.almasb.fxgl.ui.FXGLUIFactoryServiceProvider
15:07:19.511 [FXGL Background Thread 3 ] DEBUG Engine               - class com.almasb.fxgl.ui.FXGLDialogFactoryServiceProvider
15:07:19.511 [FXGL Background Thread 3 ] DEBUG Engine               - class com.almasb.fxgl.audio.AudioPlayer
15:07:19.511 [FXGL Background Thread 3 ] DEBUG Engine               - class com.almasb.fxgl.notification.impl.NotificationServiceProvider
15:07:19.511 [FXGL Background Thread 3 ] DEBUG Engine               - class com.almasb.fxgl.achievement.AchievementService
15:07:19.512 [FXGL Background Thread 3 ] DEBUG Engine               - class com.almasb.fxgl.cutscene.CutsceneService
15:07:19.512 [FXGL Background Thread 3 ] DEBUG Engine               - class com.almasb.fxgl.minigames.MiniGameService
15:07:19.512 [FXGL Background Thread 3 ] DEBUG Engine               - class com.almasb.fxgl.net.NetService
15:07:19.512 [FXGL Background Thread 3 ] DEBUG Engine               - class com.almasb.fxgl.app.services.UpdaterService
15:07:19.512 [FXGL Background Thread 3 ] DEBUG Engine               - class com.almasb.fxgl.dev.DevService
15:07:19.512 [FXGL Background Thread 3 ] DEBUG Engine               - class com.almasb.fxgl.dev.profiling.ProfilerService
15:07:31.079 [JavaFX Application Thread] DEBUG FXGLApplication      - Exiting FXGL
15:07:31.079 [JavaFX Application Thread] DEBUG LoopRunner           - Stopping loop
15:07:31.080 [JavaFX Application Thread] DEBUG SystemBundleService  - Saving FXGL system data
15:07:31.083 [JavaFX Application Thread] DEBUG FileSystemAccess     - Writing to: /Users/universita/Desktop/ProgettoJava/Drop/system/fxgl.bundle
15:07:31.084 [JavaFX Application Thread] INFO  ProfilerService      - Processed Frames: 1020
15:07:31.084 [JavaFX Application Thread] INFO  ProfilerService      - Average FPS: 59
15:07:31.085 [JavaFX Application Thread] INFO  ProfilerService      - Avg Frame Took: 15,96 ms
15:07:31.085 [JavaFX Application Thread] INFO  ProfilerService      - Avg Memory Usage: 107 MB
15:07:31.085 [JavaFX Application Thread] INFO  ProfilerService      - Min Memory Usage: 67 MB
15:07:31.085 [JavaFX Application Thread] INFO  ProfilerService      - Max Memory Usage: 136 MB
15:07:31.085 [JavaFX Application Thread] INFO  ProfilerService      - Estimated GC runs: 7
15:07:31.085 [JavaFX Application Thread] DEBUG Async                - Shutting down background threads
15:07:31.085 [JavaFX Application Thread] DEBUG MainWindow           - Closing main window
15:07:31.096 [JavaFX Application Thread] DEBUG Logger               - Closing Logger
