02:07:24.676 [main                     ] DEBUG Logger               - Configured Logger
02:07:24.717 [main                     ] DEBUG GameApplication      - Logging settings
Title: Traffic
Version: Alpha 1.0
Width: 2000
Height: 1125
Fullscreen: false
Intro: false
Profiling: false
Single step:false
App Mode: DEVELOPER
Menu Key: ESCAPE
Stage Style: DECORATED
Scene Factory: class it.uniroma1.metodologie.trafficGame.TrafficApp$1

02:07:25.433 [JavaFX Application Thread] DEBUG FXGLApplication      - Initializing FXGL
02:07:25.450 [JavaFX Application Thread] INFO  Engine               - FXGL-dev-SNAPSHOT (08.09.2020 17.31) on MAC (J:14.0.1 FX:14)
02:07:25.450 [JavaFX Application Thread] DEBUG Engine               - JRE Vendor Name: Oracle Corporation
02:07:25.451 [JavaFX Application Thread] DEBUG Engine               - Running on OS: Mac OS X version 10.15.6
02:07:25.451 [JavaFX Application Thread] DEBUG Engine               - Architecture: x86_64
02:07:25.452 [JavaFX Application Thread] INFO  Engine               - Source code and latest versions at: https://github.com/AlmasB/FXGL
02:07:25.452 [JavaFX Application Thread] INFO  Engine               -              Join the FXGL chat at: https://gitter.im/AlmasB/FXGL
02:07:25.582 [JavaFX Application Thread] DEBUG MainWindow           - Creating a JavaFX scene
02:07:25.582 [JavaFX Application Thread] DEBUG MainWindow           - Target size > screen size
02:07:25.636 [JavaFX Application Thread] DEBUG MainWindow           - Target settings size: 2000.0 x 1125.0
02:07:25.637 [JavaFX Application Thread] DEBUG MainWindow           - Scaled scene size:    1775.0 x 1012.0
02:07:25.637 [JavaFX Application Thread] DEBUG MainWindow           - Scaled ratio: (0.8875, 0.8995555555555556)
02:07:25.639 [JavaFX Application Thread] DEBUG MainWindow           - Set initial scene to StartupScene
02:07:25.645 [JavaFX Application Thread] DEBUG MainWindow           - Opening main window
02:07:25.757 [JavaFX Application Thread] DEBUG MainWindow           - Window border size: (0.0, 1.0)
02:07:25.757 [JavaFX Application Thread] DEBUG MainWindow           - Scaled size: 1775.0 x 1012.0
02:07:25.758 [JavaFX Application Thread] DEBUG MainWindow           - Scaled ratio: (0.8875, 0.8875)
02:07:25.758 [JavaFX Application Thread] DEBUG MainWindow           - Scene size: 1775.0 x 1012.0
02:07:25.758 [JavaFX Application Thread] DEBUG MainWindow           - Stage size: 1775.0 x 1013.0
02:07:25.765 [FXGL Background Thread 1 ] DEBUG Engine               - Initializing environment variables
02:07:25.801 [FXGL Background Thread 1 ] DEBUG GameApplicationServi - Applying CSS: fxgl_dark.css
02:07:25.803 [FXGL Background Thread 1 ] DEBUG FXGLAssetLoaderServi - Loading from file system: /assets/ui/css/fxgl_dark.css
02:07:25.926 [FXGL Background Thread 1 ] DEBUG GameApplicationServi - Initializing application scenes
02:07:26.272 [FXGL Background Thread 1 ] DEBUG GameWorld            - Game world initialized
02:07:26.344 [FXGL Background Thread 1 ] DEBUG PhysicsWorld         - Physics world initialized: appHeight=1125, physics.ppm=50,0
02:07:26.346 [FXGL Background Thread 1 ] DEBUG GameScene            - Game scene initialized: 2000x1125
02:07:26.359 [FXGL Background Thread 1 ] DEBUG FXGLAssetLoaderServi - Loading from file system: /assets/textures/bg.jpg
02:07:26.789 [FXGL Background Thread 1 ] DEBUG FXGLAssetLoaderServi - Loading from file system: /assets/textures/logo.png
02:07:26.945 [FXGL Background Thread 1 ] DEBUG FXGLAssetLoaderServi - Loading from file system: /assets/textures/particles/trace_horizontal.png
02:07:26.976 [FXGL Background Thread 1 ] DEBUG FXGL.DefaultMenu     - createMenuBodyGameMenu()
02:07:26.994 [FXGL Background Thread 1 ] DEBUG FXGL.DefaultMenu     - createOptionsMenu()
02:07:26.998 [FXGL Background Thread 1 ] DEBUG FXGL.DefaultMenu     - createExtraMenu()
02:07:27.001 [FXGL Background Thread 1 ] DEBUG FXGLAssetLoaderServi - Loading from file system: /assets/textures/particles/smoke.png
02:07:27.076 [FXGL Background Thread 1 ] DEBUG GameApplicationServi - Application scenes initialized
02:07:27.088 [FXGL Background Thread 1 ] DEBUG SystemBundleService  - Loading FXGL system data
02:07:27.094 [FXGL Background Thread 1 ] DEBUG FileSystemAccess     - Reading from: /Users/universita/Desktop/ProgettoJava/traffic-mobile/system/fxgl.bundle
02:07:27.107 [FXGL Background Thread 1 ] DEBUG SystemBundleService  - Bundle FXGL: {}
02:07:27.107 [FXGL Background Thread 1 ] DEBUG UpdaterService       - Checking for updates
02:07:27.142 [FXGL Background Thread 4 ] DEBUG FXGLApplication      - Loading fonts
02:07:27.142 [FXGL Background Thread 4 ] DEBUG FXGLAssetLoaderServi - Loading from file system: /assets/ui/fonts/VarelaRound-Regular.ttf
02:07:27.142 [FXGL Background Thread 1 ] DEBUG FXGLApplication      - Loading default localization
02:07:27.142 [FXGL Background Thread 1 ] DEBUG FXGLAssetLoaderServi - Loading from file system: /assets/languages/english.lang
02:07:27.163 [FXGL Background Thread 4 ] DEBUG FXGLAssetLoaderServi - Loading from file system: /assets/ui/fonts/Abel-Regular.ttf
02:07:27.167 [FXGL Background Thread 4 ] DEBUG FXGLAssetLoaderServi - Loading from file system: /assets/ui/fonts/lucida_console.ttf
02:07:27.172 [FXGL Background Thread 4 ] DEBUG FXGLAssetLoaderServi - Loading from file system: /assets/ui/fonts/Courier-Prime.ttf
02:07:27.177 [JavaFX Application Thread] DEBUG FXGLApplication      - Registering font factories with UI factory
02:07:27.184 [FXGL Background Thread 1 ] INFO  FXGLApplication      - FXGL initialization took: 1,419 sec
02:07:27.194 [JavaFX Application Thread] DEBUG Input                - Registered new binding: Change trafficlight status - F
02:07:27.194 [JavaFX Application Thread] DEBUG Input                - Registered new binding: Move Right - D
02:07:27.195 [JavaFX Application Thread] DEBUG Input                - Registered new binding: Move Left - A
02:07:27.195 [JavaFX Application Thread] DEBUG Input                - Registered new binding: Move Up - W
02:07:27.195 [JavaFX Application Thread] DEBUG Input                - Registered new binding: Move Down - S
02:07:27.196 [JavaFX Application Thread] DEBUG Input                - Registered new binding: Spawn Car - Space
02:07:27.197 [JavaFX Application Thread] DEBUG Input                - Registered new binding: Select and change traffic light - LMB
02:07:27.197 [JavaFX Application Thread] DEBUG FXGLAssetLoaderServi - Loading from file system: /assets/textures/fxgl_icon.png
02:07:27.235 [JavaFX Application Thread] DEBUG FXGLAssetLoaderServi - Loading from file system: /assets/ui/cursors/fxgl_default.png
02:07:27.238 [JavaFX Application Thread] DEBUG Input                - Registered new binding: Screenshot - P
02:07:27.238 [JavaFX Application Thread] DEBUG Input                - Registered new binding: Dev Options - 1
02:07:27.239 [JavaFX Application Thread] DEBUG Input                - Registered new binding: Dev Console - 2
02:07:27.239 [JavaFX Application Thread] DEBUG Input                - Registered new binding: System info dump - CTRL+9
02:07:27.239 [JavaFX Application Thread] DEBUG Input                - Registered new binding: Restart - CTRL+R
02:07:27.240 [JavaFX Application Thread] DEBUG Input                - Registered new binding: Toggle Debug Camera - CTRL+C
02:07:27.243 [JavaFX Application Thread] DEBUG LoopRunner           - Starting loop
02:07:27.274 [JavaFX Application Thread] DEBUG Input                - Clearing active input actions
02:07:27.287 [JavaFX Application Thread] DEBUG GameApplicationServi - Removing overlay from StartupScene and adding to FXGLMainMenuDummyScene
02:07:27.303 [JavaFX Application Thread] DEBUG MainWindow           - StartupScene -> FXGLMainMenuDummyScene
02:07:27.304 [JavaFX Application Thread] DEBUG MainWindow           - Push state: TrafficAppMenu
02:07:27.304 [JavaFX Application Thread] DEBUG Input                - Clearing active input actions
02:07:27.318 [JavaFX Application Thread] DEBUG GameApplicationServi - Removing overlay from FXGLMainMenuDummyScene and adding to TrafficAppMenu
02:07:27.319 [JavaFX Application Thread] DEBUG MainWindow           - FXGLMainMenuDummyScene -> TrafficAppMenu
02:07:30.144 [FXGL Background Thread 3 ] DEBUG Engine               - Logging environment variables
02:07:30.146 [FXGL Background Thread 3 ] DEBUG Engine               - achievements: []
02:07:30.147 [FXGL Background Thread 3 ] DEBUG Engine               - appIcon: fxgl_icon.png
02:07:30.148 [FXGL Background Thread 3 ] DEBUG Engine               - applicationMode: DEVELOPER
02:07:30.148 [FXGL Background Thread 3 ] DEBUG Engine               - cSSList: [fxgl_dark.css]
02:07:30.148 [FXGL Background Thread 3 ] DEBUG Engine               - configClass: Optional.empty
02:07:30.149 [FXGL Background Thread 3 ] DEBUG Engine               - credits: []
02:07:30.149 [FXGL Background Thread 3 ] DEBUG Engine               - devBBoxColorProperty: ObjectProperty [value: 0xff0000ff]
02:07:30.150 [FXGL Background Thread 3 ] DEBUG Engine               - devEnableDebugCameraProperty: BooleanProperty [value: false]
02:07:30.150 [FXGL Background Thread 3 ] DEBUG Engine               - devSensorColorProperty: ObjectProperty [value: 0xffff00ff]
02:07:30.151 [FXGL Background Thread 3 ] DEBUG Engine               - devShowBBoxProperty: BooleanProperty [value: false]
02:07:30.151 [FXGL Background Thread 3 ] DEBUG Engine               - devShowPositionProperty: BooleanProperty [value: false]
02:07:30.151 [FXGL Background Thread 3 ] DEBUG Engine               - enabledMenuItems: [SAVE_LOAD, EXTRA, ONLINE]
02:07:30.151 [FXGL Background Thread 3 ] DEBUG Engine               - engineServices: [class com.almasb.fxgl.app.FXGLApplication$GameApplicationService, class com.almasb.fxgl.app.services.FXGLDialogService, class com.almasb.fxgl.app.services.IOTaskExecutorService, class com.almasb.fxgl.event.EventBusService, class com.almasb.fxgl.io.FileSystemService, class com.almasb.fxgl.localization.LocalizationService, class com.almasb.fxgl.app.services.FXGLAssetLoaderService, class com.almasb.fxgl.app.services.SystemBundleService, class com.almasb.fxgl.profile.SaveLoadService, class com.almasb.fxgl.ui.FXGLUIFactoryServiceProvider, class com.almasb.fxgl.ui.FXGLDialogFactoryServiceProvider, class com.almasb.fxgl.audio.AudioPlayer, class com.almasb.fxgl.notification.impl.NotificationServiceProvider, class com.almasb.fxgl.achievement.AchievementService, class com.almasb.fxgl.cutscene.CutsceneService, class com.almasb.fxgl.minigames.MiniGameService, class com.almasb.fxgl.net.NetService, class com.almasb.fxgl.app.services.UpdaterService, class com.almasb.fxgl.dev.DevService]
02:07:30.152 [FXGL Background Thread 3 ] DEBUG Engine               - fontGame: Abel-Regular.ttf
02:07:30.152 [FXGL Background Thread 3 ] DEBUG Engine               - fontMono: lucida_console.ttf
02:07:30.152 [FXGL Background Thread 3 ] DEBUG Engine               - fontText: Courier-Prime.ttf
02:07:30.152 [FXGL Background Thread 3 ] DEBUG Engine               - fontUI: VarelaRound-Regular.ttf
02:07:30.152 [FXGL Background Thread 3 ] DEBUG Engine               - fullScreen: BooleanProperty [value: false]
02:07:30.153 [FXGL Background Thread 3 ] DEBUG Engine               - gameDifficulty: MEDIUM
02:07:30.153 [FXGL Background Thread 3 ] DEBUG Engine               - gameDifficultyProperty: ObjectProperty [value: MEDIUM]
02:07:30.153 [FXGL Background Thread 3 ] DEBUG Engine               - globalMusicVolume: 0.5
02:07:30.153 [FXGL Background Thread 3 ] DEBUG Engine               - globalMusicVolumeProperty: DoubleProperty [value: 0.5]
02:07:30.154 [FXGL Background Thread 3 ] DEBUG Engine               - globalSoundVolume: 0.5
02:07:30.154 [FXGL Background Thread 3 ] DEBUG Engine               - globalSoundVolumeProperty: DoubleProperty [value: 0.5]
02:07:30.154 [FXGL Background Thread 3 ] DEBUG Engine               - height: 1125
02:07:30.155 [FXGL Background Thread 3 ] DEBUG Engine               - isAndroid: false
02:07:30.155 [FXGL Background Thread 3 ] DEBUG Engine               - isBrowser: false
02:07:30.155 [FXGL Background Thread 3 ] DEBUG Engine               - isClickFeedbackEnabled: false
02:07:30.156 [FXGL Background Thread 3 ] DEBUG Engine               - isCloseConfirmation: false
02:07:30.156 [FXGL Background Thread 3 ] DEBUG Engine               - isDesktop: true
02:07:30.156 [FXGL Background Thread 3 ] DEBUG Engine               - isDeveloperMenuEnabled: true
02:07:30.156 [FXGL Background Thread 3 ] DEBUG Engine               - isEntityPreloadEnabled: true
02:07:30.156 [FXGL Background Thread 3 ] DEBUG Engine               - isExperimentalNative: false
02:07:30.157 [FXGL Background Thread 3 ] DEBUG Engine               - isExperimentalTiledLargeMap: false
02:07:30.157 [FXGL Background Thread 3 ] DEBUG Engine               - isFileSystemWriteAllowed: true
02:07:30.157 [FXGL Background Thread 3 ] DEBUG Engine               - isFullScreenAllowed: false
02:07:30.157 [FXGL Background Thread 3 ] DEBUG Engine               - isFullScreenFromStart: false
02:07:30.158 [FXGL Background Thread 3 ] DEBUG Engine               - isGameMenuEnabled: true
02:07:30.158 [FXGL Background Thread 3 ] DEBUG Engine               - isIOS: false
02:07:30.158 [FXGL Background Thread 3 ] DEBUG Engine               - isIntroEnabled: false
02:07:30.158 [FXGL Background Thread 3 ] DEBUG Engine               - isLinux: false
02:07:30.159 [FXGL Background Thread 3 ] DEBUG Engine               - isMac: true
02:07:30.159 [FXGL Background Thread 3 ] DEBUG Engine               - isMainMenuEnabled: true
02:07:30.159 [FXGL Background Thread 3 ] DEBUG Engine               - isManualResizeEnabled: true
02:07:30.159 [FXGL Background Thread 3 ] DEBUG Engine               - isMobile: false
02:07:30.159 [FXGL Background Thread 3 ] DEBUG Engine               - isPreserveResizeRatio: true
02:07:30.160 [FXGL Background Thread 3 ] DEBUG Engine               - isProfilingEnabled: false
02:07:30.160 [FXGL Background Thread 3 ] DEBUG Engine               - isSingleStep: false
02:07:30.160 [FXGL Background Thread 3 ] DEBUG Engine               - isUserProfileEnabled: false
02:07:30.160 [FXGL Background Thread 3 ] DEBUG Engine               - isWindows: false
02:07:30.160 [FXGL Background Thread 3 ] DEBUG Engine               - language: ObjectProperty [value: ENGLISH]
02:07:30.161 [FXGL Background Thread 3 ] DEBUG Engine               - menuKey: ESCAPE
02:07:30.161 [FXGL Background Thread 3 ] DEBUG Engine               - notificationViewClass: class com.almasb.fxgl.notification.view.XboxNotificationView
02:07:30.161 [FXGL Background Thread 3 ] DEBUG Engine               - pixelsPerMeter: 50.0
02:07:30.161 [FXGL Background Thread 3 ] DEBUG Engine               - platform: MAC
02:07:30.162 [FXGL Background Thread 3 ] DEBUG Engine               - profileDir: profiles/
02:07:30.162 [FXGL Background Thread 3 ] DEBUG Engine               - profileName: StringProperty [value: DEFAULT]
02:07:30.162 [FXGL Background Thread 3 ] DEBUG Engine               - randomSeed: -1
02:07:30.164 [FXGL Background Thread 3 ] DEBUG Engine               - runtimeInfo: RuntimeInfo(platform=MAC, version=dev-SNAPSHOT, build=08.09.2020 17.31)
02:07:30.164 [FXGL Background Thread 3 ] DEBUG Engine               - saveFileExt: sav
02:07:30.164 [FXGL Background Thread 3 ] DEBUG Engine               - sceneFactory: it.uniroma1.metodologie.trafficGame.TrafficApp$1@4cbc15a1
02:07:30.164 [FXGL Background Thread 3 ] DEBUG Engine               - secondsIn24h: 60
02:07:30.165 [FXGL Background Thread 3 ] DEBUG Engine               - soundMenuBack: menu/back.wav
02:07:30.165 [FXGL Background Thread 3 ] DEBUG Engine               - soundMenuPress: menu/press.wav
02:07:30.165 [FXGL Background Thread 3 ] DEBUG Engine               - soundMenuSelect: menu/select.wav
02:07:30.166 [FXGL Background Thread 3 ] DEBUG Engine               - soundNotification: core/notification.wav
02:07:30.166 [FXGL Background Thread 3 ] DEBUG Engine               - stageStyle: DECORATED
02:07:30.166 [FXGL Background Thread 3 ] DEBUG Engine               - supportedLanguages: [ENGLISH, FRENCH, GERMAN, HUNGARIAN, RUSSIAN]
02:07:30.166 [FXGL Background Thread 3 ] DEBUG Engine               - title: Traffic
02:07:30.167 [FXGL Background Thread 3 ] DEBUG Engine               - urlGithub: https://github.com/AlmasB/FXGL
02:07:30.167 [FXGL Background Thread 3 ] DEBUG Engine               - urlLeaderboard: http://fxgl-top.herokuapp.com/
02:07:30.167 [FXGL Background Thread 3 ] DEBUG Engine               - urlPOM: https://raw.githubusercontent.com/AlmasB/FXGL/master/pom.xml
02:07:30.168 [FXGL Background Thread 3 ] DEBUG Engine               - version: Alpha 1.0
02:07:30.168 [FXGL Background Thread 3 ] DEBUG Engine               - versionCheckDays: 7
02:07:30.168 [FXGL Background Thread 3 ] DEBUG Engine               - width: 2000
02:07:30.168 [FXGL Background Thread 3 ] DEBUG Engine               - Logging services
02:07:30.169 [FXGL Background Thread 3 ] DEBUG Engine               - class com.almasb.fxgl.app.FXGLApplication$GameApplicationService
02:07:30.169 [FXGL Background Thread 3 ] DEBUG Engine               - class com.almasb.fxgl.app.services.FXGLDialogService
02:07:30.169 [FXGL Background Thread 3 ] DEBUG Engine               - class com.almasb.fxgl.app.services.IOTaskExecutorService
02:07:30.169 [FXGL Background Thread 3 ] DEBUG Engine               - class com.almasb.fxgl.event.EventBusService
02:07:30.169 [FXGL Background Thread 3 ] DEBUG Engine               - class com.almasb.fxgl.io.FileSystemService
02:07:30.170 [FXGL Background Thread 3 ] DEBUG Engine               - class com.almasb.fxgl.localization.LocalizationService
02:07:30.170 [FXGL Background Thread 3 ] DEBUG Engine               - class com.almasb.fxgl.app.services.FXGLAssetLoaderService
02:07:30.170 [FXGL Background Thread 3 ] DEBUG Engine               - class com.almasb.fxgl.app.services.SystemBundleService
02:07:30.170 [FXGL Background Thread 3 ] DEBUG Engine               - class com.almasb.fxgl.profile.SaveLoadService
02:07:30.170 [FXGL Background Thread 3 ] DEBUG Engine               - class com.almasb.fxgl.ui.FXGLUIFactoryServiceProvider
02:07:30.171 [FXGL Background Thread 3 ] DEBUG Engine               - class com.almasb.fxgl.ui.FXGLDialogFactoryServiceProvider
02:07:30.171 [FXGL Background Thread 3 ] DEBUG Engine               - class com.almasb.fxgl.audio.AudioPlayer
02:07:30.171 [FXGL Background Thread 3 ] DEBUG Engine               - class com.almasb.fxgl.notification.impl.NotificationServiceProvider
02:07:30.171 [FXGL Background Thread 3 ] DEBUG Engine               - class com.almasb.fxgl.achievement.AchievementService
02:07:30.171 [FXGL Background Thread 3 ] DEBUG Engine               - class com.almasb.fxgl.cutscene.CutsceneService
02:07:30.172 [FXGL Background Thread 3 ] DEBUG Engine               - class com.almasb.fxgl.minigames.MiniGameService
02:07:30.172 [FXGL Background Thread 3 ] DEBUG Engine               - class com.almasb.fxgl.net.NetService
02:07:30.172 [FXGL Background Thread 3 ] DEBUG Engine               - class com.almasb.fxgl.app.services.UpdaterService
02:07:30.172 [FXGL Background Thread 3 ] DEBUG Engine               - class com.almasb.fxgl.dev.DevService
02:07:36.072 [JavaFX Application Thread] DEBUG LoopRunner           - Stopping loop
02:07:36.073 [JavaFX Application Thread] FATAL FXGLApplication      - Uncaught Exception:
java.lang.IllegalArgumentException: Unexpected value: HARD
	at trafficGame.main/it.uniroma1.metodologie.trafficGame.TrafficApp.setMinSpawnRate(TrafficApp.java:75)
	at trafficGame.main/it.uniroma1.metodologie.trafficGame.ui.TrafficAppMenu.setDifficulty(TrafficAppMenu.java:184)
	at trafficGame.main/it.uniroma1.metodologie.trafficGame.ui.TrafficAppMenu.lambda$16(TrafficAppMenu.java:117)
	at trafficGame.main/it.uniroma1.metodologie.trafficGame.ui.TrafficAppMenu$TrafficButton.lambda$0(TrafficAppMenu.java:279)
	at javafx.base/com.sun.javafx.event.CompositeEventHandler.dispatchBubblingEvent(CompositeEventHandler.java:86)
	at javafx.base/com.sun.javafx.event.EventHandlerManager.dispatchBubblingEvent(EventHandlerManager.java:234)
	at javafx.base/com.sun.javafx.event.EventHandlerManager.dispatchBubblingEvent(EventHandlerManager.java:191)
	at javafx.base/com.sun.javafx.event.CompositeEventDispatcher.dispatchBubblingEvent(CompositeEventDispatcher.java:59)
	at javafx.base/com.sun.javafx.event.BasicEventDispatcher.dispatchEvent(BasicEventDispatcher.java:58)
	at javafx.base/com.sun.javafx.event.EventDispatchChainImpl.dispatchEvent(EventDispatchChainImpl.java:114)
	at javafx.base/com.sun.javafx.event.BasicEventDispatcher.dispatchEvent(BasicEventDispatcher.java:56)
	at javafx.base/com.sun.javafx.event.EventDispatchChainImpl.dispatchEvent(EventDispatchChainImpl.java:114)
	at javafx.base/com.sun.javafx.event.BasicEventDispatcher.dispatchEvent(BasicEventDispatcher.java:56)
	at javafx.base/com.sun.javafx.event.EventDispatchChainImpl.dispatchEvent(EventDispatchChainImpl.java:114)
	at javafx.base/com.sun.javafx.event.EventUtil.fireEventImpl(EventUtil.java:74)
	at javafx.base/com.sun.javafx.event.EventUtil.fireEvent(EventUtil.java:54)
	at javafx.base/javafx.event.Event.fireEvent(Event.java:198)
	at javafx.graphics/javafx.scene.Scene$KeyHandler.process(Scene.java:4098)
	at javafx.graphics/javafx.scene.Scene.processKeyEvent(Scene.java:2157)
	at javafx.graphics/javafx.scene.Scene$ScenePeerListener.keyEvent(Scene.java:2625)
	at javafx.graphics/com.sun.javafx.tk.quantum.GlassViewEventHandler$KeyEventNotification.run(GlassViewEventHandler.java:217)
	at javafx.graphics/com.sun.javafx.tk.quantum.GlassViewEventHandler$KeyEventNotification.run(GlassViewEventHandler.java:149)
	at java.base/java.security.AccessController.doPrivileged(AccessController.java:391)
	at javafx.graphics/com.sun.javafx.tk.quantum.GlassViewEventHandler.lambda$handleKeyEvent$1(GlassViewEventHandler.java:248)
	at javafx.graphics/com.sun.javafx.tk.quantum.QuantumToolkit.runWithoutRenderLock(QuantumToolkit.java:412)
	at javafx.graphics/com.sun.javafx.tk.quantum.GlassViewEventHandler.handleKeyEvent(GlassViewEventHandler.java:247)
	at javafx.graphics/com.sun.glass.ui.View.handleKeyEvent(View.java:547)
	at javafx.graphics/com.sun.glass.ui.View.notifyKey(View.java:971)

02:07:36.074 [JavaFX Application Thread] FATAL FXGLApplication      - Application will now exit
02:07:36.079 [JavaFX Application Thread] DEBUG MainWindow           - Push state: ErrorSubScene
02:07:36.079 [JavaFX Application Thread] DEBUG Input                - Clearing active input actions
02:07:36.080 [JavaFX Application Thread] DEBUG GameApplicationServi - Removing overlay from TrafficAppMenu and adding to ErrorSubScene
02:07:36.084 [JavaFX Application Thread] DEBUG MainWindow           - TrafficAppMenu -> ErrorSubScene
02:08:35.061 [JavaFX Application Thread] DEBUG LoopRunner           - Pausing loop
02:13:20.672 [JavaFX Application Thread] DEBUG FXGLApplication      - Exiting FXGL
02:13:20.672 [JavaFX Application Thread] DEBUG Async                - Shutting down background threads
02:13:20.673 [JavaFX Application Thread] DEBUG MainWindow           - Closing main window
02:13:20.681 [JavaFX Application Thread] DEBUG Logger               - Closing Logger
