00:21:06.650 [main                     ] DEBUG Logger               - Configured Logger
00:21:06.673 [main                     ] DEBUG GameApplication      - Logging settings
Title: Traffic
Version: Alpha 1.0
Width: 2000
Height: 1125
Fullscreen: false
Intro: false
Profiling: false
Single step:false
App Mode: DEVELOPER
Menu Key: ESCAPE
Stage Style: DECORATED
Scene Factory: class it.uniroma1.metodologie.trafficGame.TrafficApp$1

00:21:07.187 [JavaFX Application Thread] DEBUG FXGLApplication      - Initializing FXGL
00:21:07.207 [JavaFX Application Thread] INFO  Engine               - FXGL-dev-SNAPSHOT (06.09.2020 16.28) on MAC (J:14.0.1 FX:14)
00:21:07.207 [JavaFX Application Thread] DEBUG Engine               - JRE Vendor Name: Oracle Corporation
00:21:07.208 [JavaFX Application Thread] DEBUG Engine               - Running on OS: Mac OS X version 10.15.6
00:21:07.209 [JavaFX Application Thread] DEBUG Engine               - Architecture: x86_64
00:21:07.209 [JavaFX Application Thread] INFO  Engine               - Source code and latest versions at: https://github.com/AlmasB/FXGL
00:21:07.210 [JavaFX Application Thread] INFO  Engine               -              Join the FXGL chat at: https://gitter.im/AlmasB/FXGL
00:21:07.370 [JavaFX Application Thread] DEBUG MainWindow           - Creating a JavaFX scene
00:21:07.370 [JavaFX Application Thread] DEBUG MainWindow           - Target size > screen size
00:21:07.437 [JavaFX Application Thread] DEBUG MainWindow           - Target settings size: 2000.0 x 1125.0
00:21:07.438 [JavaFX Application Thread] DEBUG MainWindow           - Scaled scene size:    1775.0 x 1012.0
00:21:07.438 [JavaFX Application Thread] DEBUG MainWindow           - Scaled ratio: (0.8875, 0.8995555555555556)
00:21:07.439 [JavaFX Application Thread] DEBUG MainWindow           - Set initial scene to StartupScene
00:21:07.447 [JavaFX Application Thread] DEBUG MainWindow           - Opening main window
00:21:07.546 [JavaFX Application Thread] DEBUG MainWindow           - Window border size: (0.0, 1.0)
00:21:07.547 [JavaFX Application Thread] DEBUG MainWindow           - Scaled size: 1775.0 x 1012.0
00:21:07.547 [JavaFX Application Thread] DEBUG MainWindow           - Scaled ratio: (0.8875, 0.8875)
00:21:07.547 [JavaFX Application Thread] DEBUG MainWindow           - Scene size: 1775.0 x 1012.0
00:21:07.548 [JavaFX Application Thread] DEBUG MainWindow           - Stage size: 1775.0 x 1013.0
00:21:07.555 [FXGL Background Thread 1 ] DEBUG Engine               - Initializing environment variables
00:21:07.587 [FXGL Background Thread 1 ] DEBUG GameApplicationServi - Applying CSS: fxgl_dark.css
00:21:07.588 [FXGL Background Thread 1 ] DEBUG FXGLAssetLoaderServi - Loading from file system: /assets/ui/css/fxgl_dark.css
00:21:07.676 [FXGL Background Thread 1 ] DEBUG GameApplicationServi - Initializing application scenes
00:21:08.115 [FXGL Background Thread 1 ] DEBUG GameWorld            - Game world initialized
00:21:08.177 [FXGL Background Thread 1 ] DEBUG PhysicsWorld         - Physics world initialized: appHeight=1125, physics.ppm=50,0
00:21:08.180 [FXGL Background Thread 1 ] DEBUG GameScene            - Game scene initialized: 2000x1125
00:21:08.192 [FXGL Background Thread 1 ] DEBUG FXGLAssetLoaderServi - Loading from file system: /assets/textures/bg.jpg
00:21:08.652 [FXGL Background Thread 1 ] DEBUG FXGLAssetLoaderServi - Loading from file system: /assets/textures/logo.png
00:21:08.816 [FXGL Background Thread 1 ] DEBUG FXGLAssetLoaderServi - Loading from file system: /assets/textures/particles/trace_horizontal.png
00:21:08.850 [FXGL Background Thread 1 ] DEBUG FXGL.DefaultMenu     - createMenuBodyGameMenu()
00:21:08.867 [FXGL Background Thread 1 ] DEBUG FXGL.DefaultMenu     - createOptionsMenu()
00:21:08.873 [FXGL Background Thread 1 ] DEBUG FXGL.DefaultMenu     - createExtraMenu()
00:21:08.880 [FXGL Background Thread 1 ] DEBUG FXGLAssetLoaderServi - Loading from file system: /assets/textures/particles/smoke.png
00:21:08.978 [FXGL Background Thread 1 ] DEBUG GameApplicationServi - Application scenes initialized
00:21:08.992 [FXGL Background Thread 1 ] DEBUG SystemBundleService  - Loading FXGL system data
00:21:08.999 [FXGL Background Thread 1 ] DEBUG FileSystemAccess     - Reading from: /Users/universita/Desktop/ProgettoJava/traffic-mobile/system/fxgl.bundle
00:21:09.009 [FXGL Background Thread 1 ] DEBUG SystemBundleService  - Bundle FXGL: {}
00:21:09.010 [FXGL Background Thread 1 ] DEBUG UpdaterService       - Checking for updates
00:21:09.043 [FXGL Background Thread 4 ] DEBUG FXGLApplication      - Loading fonts
00:21:09.043 [FXGL Background Thread 4 ] DEBUG FXGLAssetLoaderServi - Loading from file system: /assets/ui/fonts/VarelaRound-Regular.ttf
00:21:09.043 [FXGL Background Thread 1 ] DEBUG FXGLApplication      - Loading default localization
00:21:09.045 [FXGL Background Thread 1 ] DEBUG FXGLAssetLoaderServi - Loading from file system: /assets/languages/english.lang
00:21:09.053 [FXGL Background Thread 4 ] DEBUG FXGLAssetLoaderServi - Loading from file system: /assets/ui/fonts/Abel-Regular.ttf
00:21:09.057 [FXGL Background Thread 4 ] DEBUG FXGLAssetLoaderServi - Loading from file system: /assets/ui/fonts/lucida_console.ttf
00:21:09.061 [FXGL Background Thread 4 ] DEBUG FXGLAssetLoaderServi - Loading from file system: /assets/ui/fonts/Courier-Prime.ttf
00:21:09.066 [JavaFX Application Thread] DEBUG FXGLApplication      - Registering font factories with UI factory
00:21:09.105 [FXGL Background Thread 1 ] INFO  FXGLApplication      - FXGL initialization took: 1,549 sec
00:21:09.117 [JavaFX Application Thread] DEBUG Input                - Registered new binding: Change trafficlight status - F
00:21:09.117 [JavaFX Application Thread] DEBUG Input                - Registered new binding: Move Right - D
00:21:09.117 [JavaFX Application Thread] DEBUG Input                - Registered new binding: Move Left - A
00:21:09.117 [JavaFX Application Thread] DEBUG Input                - Registered new binding: Move Up - W
00:21:09.118 [JavaFX Application Thread] DEBUG Input                - Registered new binding: Move Down - S
00:21:09.118 [JavaFX Application Thread] DEBUG Input                - Registered new binding: Spawn Car - Space
00:21:09.119 [JavaFX Application Thread] DEBUG Input                - Registered new binding: Select and change traffic light - LMB
00:21:09.119 [JavaFX Application Thread] DEBUG FXGLAssetLoaderServi - Loading from file system: /assets/textures/fxgl_icon.png
00:21:09.143 [JavaFX Application Thread] DEBUG FXGLAssetLoaderServi - Loading from file system: /assets/ui/cursors/fxgl_default.png
00:21:09.145 [JavaFX Application Thread] DEBUG Input                - Registered new binding: Screenshot - P
00:21:09.146 [JavaFX Application Thread] DEBUG Input                - Registered new binding: Dev Options - 1
00:21:09.146 [JavaFX Application Thread] DEBUG Input                - Registered new binding: Dev Console - 2
00:21:09.147 [JavaFX Application Thread] DEBUG Input                - Registered new binding: System info dump - CTRL+9
00:21:09.148 [JavaFX Application Thread] DEBUG Input                - Registered new binding: Restart - CTRL+R
00:21:09.148 [JavaFX Application Thread] DEBUG Input                - Registered new binding: Toggle Debug Camera - CTRL+C
00:21:09.151 [JavaFX Application Thread] DEBUG LoopRunner           - Starting loop
00:21:09.178 [JavaFX Application Thread] DEBUG Input                - Clearing active input actions
00:21:09.190 [JavaFX Application Thread] DEBUG GameApplicationServi - Removing overlay from StartupScene and adding to FXGLMainMenuDummyScene
00:21:09.209 [JavaFX Application Thread] DEBUG MainWindow           - StartupScene -> FXGLMainMenuDummyScene
00:21:09.209 [JavaFX Application Thread] DEBUG MainWindow           - Push state: TrafficAppMenu
00:21:09.210 [JavaFX Application Thread] DEBUG Input                - Clearing active input actions
00:21:09.220 [JavaFX Application Thread] DEBUG GameApplicationServi - Removing overlay from FXGLMainMenuDummyScene and adding to TrafficAppMenu
00:21:09.221 [JavaFX Application Thread] DEBUG MainWindow           - FXGLMainMenuDummyScene -> TrafficAppMenu
00:21:10.962 [JavaFX Application Thread] DEBUG Menu                 - fireNewGame()
00:21:10.962 [JavaFX Application Thread] DEBUG GameApplicationServi - Starting new game
00:21:10.962 [JavaFX Application Thread] DEBUG MainWindow           - Pop state: TrafficAppMenu
00:21:10.963 [JavaFX Application Thread] DEBUG Input                - Clearing active input actions
00:21:10.966 [JavaFX Application Thread] DEBUG GameApplicationServi - Removing overlay from TrafficAppMenu and adding to FXGLMainMenuDummyScene
00:21:10.970 [JavaFX Application Thread] DEBUG MainWindow           - FXGLMainMenuDummyScene <- TrafficAppMenu
00:21:10.970 [JavaFX Application Thread] DEBUG Input                - Clearing active input actions
00:21:10.980 [JavaFX Application Thread] DEBUG GameApplicationServi - Removing overlay from FXGLMainMenuDummyScene and adding to FXGLLoadingScene
00:21:10.981 [JavaFX Application Thread] DEBUG MainWindow           - FXGLMainMenuDummyScene -> FXGLLoadingScene
00:21:10.981 [JavaFX Application Thread] DEBUG GameApplicationServi - Clearing previous game
00:21:10.982 [JavaFX Application Thread] DEBUG GameScene            - Clearing game scene
00:21:10.982 [JavaFX Application Thread] DEBUG GameWorld            - Clearing game world
00:21:10.982 [JavaFX Application Thread] DEBUG PhysicsWorld         - Clearing physics world
00:21:10.985 [FXGL Background Thread 1 ] DEBUG FXGLApplication      - Initializing game
00:21:11.010 [FXGL Background Thread 1 ] DEBUG FXGLAssetLoaderServi - Loading from file system: /assets/levels/Mappa-testing.tmx
00:21:11.092 [FXGL Background Thread 1 ] WARN  TMXLevelLoader       - TiledMap generated from 1.4.1. Supported version: 1.2.3. Some features may not be parsed fully.
00:21:11.230 [FXGL Background Thread 1 ] DEBUG TMXLevelLoader       - Parsed raw map: TiledMap(width=16, height=9, tilewidth=125, tileheight=125, orientation=orthogonal, layers=[Layer(width=16, height=9, name=Tile Layer 1, type=tilelayer, visible=false, x=0, y=0, data=[24, 24, 24, 26, 5, 28, 24, 24, 24, 24, 24, 26, 5, 28, 24, 24, 25, 25, 25, 32, 5, 34, 25, 25, 25, 25, 25, 32, 5, 34, 25, 25, 6, 6, 6, 6, 7, 6, 6, 6, 6, 6, 6, 6, 7, 6, 6, 6, 27, 27, 27, 33, 5, 21, 13, 13, 13, 13, 13, 19, 5, 35, 27, 27, 24, 24, 24, 26, 5, 14, 10, 10, 10, 10, 10, 12, 5, 28, 24, 24, 25, 25, 25, 32, 5, 20, 11, 11, 11, 11, 11, 18, 5, 34, 25, 25, 6, 6, 6, 6, 7, 6, 6, 6, 6, 6, 6, 6, 7, 6, 6, 6, 27, 27, 27, 33, 5, 35, 27, 27, 27, 27, 27, 33, 5, 35, 27, 27, 24, 24, 24, 26, 5, 28, 24, 24, 24, 24, 24, 26, 5, 28, 24, 24], objects=[], opacity=0.0, draworder=), Layer(width=0, height=0, name=spawnpoints, type=objectgroup, visible=false, x=0, y=0, data=[], objects=[com.almasb.fxgl.entity.level.tiled.TiledObject@44226629, com.almasb.fxgl.entity.level.tiled.TiledObject@e563216, com.almasb.fxgl.entity.level.tiled.TiledObject@2c0954bc, com.almasb.fxgl.entity.level.tiled.TiledObject@25007855, com.almasb.fxgl.entity.level.tiled.TiledObject@724451f2, com.almasb.fxgl.entity.level.tiled.TiledObject@4d3d0b2e, com.almasb.fxgl.entity.level.tiled.TiledObject@2b771a81, com.almasb.fxgl.entity.level.tiled.TiledObject@d131d6a], opacity=0.0, draworder=), Layer(width=0, height=0, name=paths, type=objectgroup, visible=false, x=0, y=0, data=[], objects=[com.almasb.fxgl.entity.level.tiled.TiledObject@5d0816fb, com.almasb.fxgl.entity.level.tiled.TiledObject@78c9120f, com.almasb.fxgl.entity.level.tiled.TiledObject@6b79ac85, com.almasb.fxgl.entity.level.tiled.TiledObject@7e1414cd, com.almasb.fxgl.entity.level.tiled.TiledObject@63367a3a, com.almasb.fxgl.entity.level.tiled.TiledObject@535f4539, com.almasb.fxgl.entity.level.tiled.TiledObject@75e4d653, com.almasb.fxgl.entity.level.tiled.TiledObject@2b08065e, com.almasb.fxgl.entity.level.tiled.TiledObject@7b3f5eaf, com.almasb.fxgl.entity.level.tiled.TiledObject@52e0aa7c, com.almasb.fxgl.entity.level.tiled.TiledObject@165a83d, com.almasb.fxgl.entity.level.tiled.TiledObject@6ab464b9, com.almasb.fxgl.entity.level.tiled.TiledObject@6bff9566, com.almasb.fxgl.entity.level.tiled.TiledObject@3c9b612f, com.almasb.fxgl.entity.level.tiled.TiledObject@109312c1, com.almasb.fxgl.entity.level.tiled.TiledObject@594b3dc6, com.almasb.fxgl.entity.level.tiled.TiledObject@4e88d72c, com.almasb.fxgl.entity.level.tiled.TiledObject@297d55cb, com.almasb.fxgl.entity.level.tiled.TiledObject@21704f3f, com.almasb.fxgl.entity.level.tiled.TiledObject@2155e3da, com.almasb.fxgl.entity.level.tiled.TiledObject@296c716b, com.almasb.fxgl.entity.level.tiled.TiledObject@6a7cba80, com.almasb.fxgl.entity.level.tiled.TiledObject@49d60947, com.almasb.fxgl.entity.level.tiled.TiledObject@47936894], opacity=0.0, draworder=), Layer(width=0, height=0, name=Incroci, type=objectgroup, visible=false, x=0, y=0, data=[], objects=[com.almasb.fxgl.entity.level.tiled.TiledObject@dbebe24, com.almasb.fxgl.entity.level.tiled.TiledObject@299ada9, com.almasb.fxgl.entity.level.tiled.TiledObject@7b7c108c, com.almasb.fxgl.entity.level.tiled.TiledObject@27f710bf], opacity=0.0, draworder=), Layer(width=0, height=0, name=trafficLight, type=objectgroup, visible=false, x=0, y=0, data=[], objects=[com.almasb.fxgl.entity.level.tiled.TiledObject@5f40d5fb, com.almasb.fxgl.entity.level.tiled.TiledObject@10fbcf5f, com.almasb.fxgl.entity.level.tiled.TiledObject@b1845bc, com.almasb.fxgl.entity.level.tiled.TiledObject@1475de88, com.almasb.fxgl.entity.level.tiled.TiledObject@4dc33ef0, com.almasb.fxgl.entity.level.tiled.TiledObject@38c8120, com.almasb.fxgl.entity.level.tiled.TiledObject@4a700148, com.almasb.fxgl.entity.level.tiled.TiledObject@704b1710, com.almasb.fxgl.entity.level.tiled.TiledObject@242b8357, com.almasb.fxgl.entity.level.tiled.TiledObject@43499373, com.almasb.fxgl.entity.level.tiled.TiledObject@9f9a013, com.almasb.fxgl.entity.level.tiled.TiledObject@21a2d5ab, com.almasb.fxgl.entity.level.tiled.TiledObject@596bdbf3, com.almasb.fxgl.entity.level.tiled.TiledObject@56b619a6, com.almasb.fxgl.entity.level.tiled.TiledObject@120bc25b, com.almasb.fxgl.entity.level.tiled.TiledObject@2533523c], opacity=0.0, draworder=)], tilesets=[Tileset(firstgid=1, image=../textures/rsz_tiles_sheet.png, name=rsz_tiles_sheet, tilewidth=125, tileheight=125, imagewidth=875, imageheight=750, margin=0, spacing=0, columns=7, tilecount=42, transparentcolor=41ffef, tiles=[])], backgroundcolor=, renderorder=left-up, nextobjectid=66, version=1, tiledversion=1.4.1, type=map, infinite=false, hexsidelength=0, staggeraxis=, staggerindex=, properties={}, propertytypes={})
00:21:11.232 [FXGL Background Thread 1 ] DEBUG TMXLevelLoader       - Creating tile layer entities
00:21:11.233 [FXGL Background Thread 1 ] DEBUG TilesetLoader        - Loading view for layer Tile Layer 1
00:21:11.287 [FXGL Background Thread 1 ] DEBUG TilesetLoader        - Created buffer with size 2000.0x1125.0
00:21:11.880 [FXGL Background Thread 1 ] DEBUG TilesetLoader        - Writing to buffer: dst=0,0, w=125,h=125, src=250,375
00:21:11.880 [FXGL Background Thread 1 ] DEBUG TilesetLoader        - Writing to buffer: dst=125,0, w=125,h=125, src=250,375
00:21:11.881 [FXGL Background Thread 1 ] DEBUG TilesetLoader        - Writing to buffer: dst=250,0, w=125,h=125, src=250,375
00:21:11.881 [FXGL Background Thread 1 ] DEBUG TilesetLoader        - Writing to buffer: dst=375,0, w=125,h=125, src=500,375
00:21:11.881 [FXGL Background Thread 1 ] DEBUG TilesetLoader        - Writing to buffer: dst=500,0, w=125,h=125, src=500,0
00:21:11.882 [FXGL Background Thread 1 ] DEBUG TilesetLoader        - Writing to buffer: dst=625,0, w=125,h=125, src=750,375
00:21:11.882 [FXGL Background Thread 1 ] DEBUG TilesetLoader        - Writing to buffer: dst=750,0, w=125,h=125, src=250,375
00:21:11.882 [FXGL Background Thread 1 ] DEBUG TilesetLoader        - Writing to buffer: dst=875,0, w=125,h=125, src=250,375
00:21:11.882 [FXGL Background Thread 1 ] DEBUG TilesetLoader        - Writing to buffer: dst=1000,0, w=125,h=125, src=250,375
00:21:11.882 [FXGL Background Thread 1 ] DEBUG TilesetLoader        - Writing to buffer: dst=1125,0, w=125,h=125, src=250,375
00:21:11.883 [FXGL Background Thread 1 ] DEBUG TilesetLoader        - Writing to buffer: dst=1250,0, w=125,h=125, src=250,375
00:21:11.883 [FXGL Background Thread 1 ] DEBUG TilesetLoader        - Writing to buffer: dst=1375,0, w=125,h=125, src=500,375
00:21:11.883 [FXGL Background Thread 1 ] DEBUG TilesetLoader        - Writing to buffer: dst=1500,0, w=125,h=125, src=500,0
00:21:11.883 [FXGL Background Thread 1 ] DEBUG TilesetLoader        - Writing to buffer: dst=1625,0, w=125,h=125, src=750,375
00:21:11.884 [FXGL Background Thread 1 ] DEBUG TilesetLoader        - Writing to buffer: dst=1750,0, w=125,h=125, src=250,375
00:21:11.884 [FXGL Background Thread 1 ] DEBUG TilesetLoader        - Writing to buffer: dst=1875,0, w=125,h=125, src=250,375
00:21:11.884 [FXGL Background Thread 1 ] DEBUG TilesetLoader        - Writing to buffer: dst=0,125, w=125,h=125, src=375,375
00:21:11.885 [FXGL Background Thread 1 ] DEBUG TilesetLoader        - Writing to buffer: dst=125,125, w=125,h=125, src=375,375
00:21:11.885 [FXGL Background Thread 1 ] DEBUG TilesetLoader        - Writing to buffer: dst=250,125, w=125,h=125, src=375,375
00:21:11.886 [FXGL Background Thread 1 ] DEBUG TilesetLoader        - Writing to buffer: dst=375,125, w=125,h=125, src=375,500
00:21:11.886 [FXGL Background Thread 1 ] DEBUG TilesetLoader        - Writing to buffer: dst=500,125, w=125,h=125, src=500,0
00:21:11.886 [FXGL Background Thread 1 ] DEBUG TilesetLoader        - Writing to buffer: dst=625,125, w=125,h=125, src=625,500
00:21:11.887 [FXGL Background Thread 1 ] DEBUG TilesetLoader        - Writing to buffer: dst=750,125, w=125,h=125, src=375,375
00:21:11.887 [FXGL Background Thread 1 ] DEBUG TilesetLoader        - Writing to buffer: dst=875,125, w=125,h=125, src=375,375
00:21:11.887 [FXGL Background Thread 1 ] DEBUG TilesetLoader        - Writing to buffer: dst=1000,125, w=125,h=125, src=375,375
00:21:11.887 [FXGL Background Thread 1 ] DEBUG TilesetLoader        - Writing to buffer: dst=1125,125, w=125,h=125, src=375,375
00:21:11.887 [FXGL Background Thread 1 ] DEBUG TilesetLoader        - Writing to buffer: dst=1250,125, w=125,h=125, src=375,375
00:21:11.888 [FXGL Background Thread 1 ] DEBUG TilesetLoader        - Writing to buffer: dst=1375,125, w=125,h=125, src=375,500
00:21:11.888 [FXGL Background Thread 1 ] DEBUG TilesetLoader        - Writing to buffer: dst=1500,125, w=125,h=125, src=500,0
00:21:11.888 [FXGL Background Thread 1 ] DEBUG TilesetLoader        - Writing to buffer: dst=1625,125, w=125,h=125, src=625,500
00:21:11.890 [FXGL Background Thread 1 ] DEBUG TilesetLoader        - Writing to buffer: dst=1750,125, w=125,h=125, src=375,375
00:21:11.890 [FXGL Background Thread 1 ] DEBUG TilesetLoader        - Writing to buffer: dst=1875,125, w=125,h=125, src=375,375
00:21:11.890 [FXGL Background Thread 1 ] DEBUG TilesetLoader        - Writing to buffer: dst=0,250, w=125,h=125, src=625,0
00:21:11.890 [FXGL Background Thread 1 ] DEBUG TilesetLoader        - Writing to buffer: dst=125,250, w=125,h=125, src=625,0
00:21:11.891 [FXGL Background Thread 1 ] DEBUG TilesetLoader        - Writing to buffer: dst=250,250, w=125,h=125, src=625,0
00:21:11.891 [FXGL Background Thread 1 ] DEBUG TilesetLoader        - Writing to buffer: dst=375,250, w=125,h=125, src=625,0
00:21:11.891 [FXGL Background Thread 1 ] DEBUG TilesetLoader        - Writing to buffer: dst=500,250, w=125,h=125, src=750,0
00:21:11.891 [FXGL Background Thread 1 ] DEBUG TilesetLoader        - Writing to buffer: dst=625,250, w=125,h=125, src=625,0
00:21:11.892 [FXGL Background Thread 1 ] DEBUG TilesetLoader        - Writing to buffer: dst=750,250, w=125,h=125, src=625,0
00:21:11.894 [FXGL Background Thread 1 ] DEBUG TilesetLoader        - Writing to buffer: dst=875,250, w=125,h=125, src=625,0
00:21:11.894 [FXGL Background Thread 1 ] DEBUG TilesetLoader        - Writing to buffer: dst=1000,250, w=125,h=125, src=625,0
00:21:11.894 [FXGL Background Thread 1 ] DEBUG TilesetLoader        - Writing to buffer: dst=1125,250, w=125,h=125, src=625,0
00:21:11.894 [FXGL Background Thread 1 ] DEBUG TilesetLoader        - Writing to buffer: dst=1250,250, w=125,h=125, src=625,0
00:21:11.895 [FXGL Background Thread 1 ] DEBUG TilesetLoader        - Writing to buffer: dst=1375,250, w=125,h=125, src=625,0
00:21:11.895 [FXGL Background Thread 1 ] DEBUG TilesetLoader        - Writing to buffer: dst=1500,250, w=125,h=125, src=750,0
00:21:11.895 [FXGL Background Thread 1 ] DEBUG TilesetLoader        - Writing to buffer: dst=1625,250, w=125,h=125, src=625,0
00:21:11.896 [FXGL Background Thread 1 ] DEBUG TilesetLoader        - Writing to buffer: dst=1750,250, w=125,h=125, src=625,0
00:21:11.897 [FXGL Background Thread 1 ] DEBUG TilesetLoader        - Writing to buffer: dst=1875,250, w=125,h=125, src=625,0
00:21:11.897 [FXGL Background Thread 1 ] DEBUG TilesetLoader        - Writing to buffer: dst=0,375, w=125,h=125, src=625,375
00:21:11.897 [FXGL Background Thread 1 ] DEBUG TilesetLoader        - Writing to buffer: dst=125,375, w=125,h=125, src=625,375
00:21:11.898 [FXGL Background Thread 1 ] DEBUG TilesetLoader        - Writing to buffer: dst=250,375, w=125,h=125, src=625,375
00:21:11.898 [FXGL Background Thread 1 ] DEBUG TilesetLoader        - Writing to buffer: dst=375,375, w=125,h=125, src=500,500
00:21:11.898 [FXGL Background Thread 1 ] DEBUG TilesetLoader        - Writing to buffer: dst=500,375, w=125,h=125, src=500,0
00:21:11.898 [FXGL Background Thread 1 ] DEBUG TilesetLoader        - Writing to buffer: dst=625,375, w=125,h=125, src=750,250
00:21:11.899 [FXGL Background Thread 1 ] DEBUG TilesetLoader        - Writing to buffer: dst=750,375, w=125,h=125, src=625,125
00:21:11.901 [FXGL Background Thread 1 ] DEBUG TilesetLoader        - Writing to buffer: dst=875,375, w=125,h=125, src=625,125
00:21:11.902 [FXGL Background Thread 1 ] DEBUG TilesetLoader        - Writing to buffer: dst=1000,375, w=125,h=125, src=625,125
00:21:11.902 [FXGL Background Thread 1 ] DEBUG TilesetLoader        - Writing to buffer: dst=1125,375, w=125,h=125, src=625,125
00:21:11.902 [FXGL Background Thread 1 ] DEBUG TilesetLoader        - Writing to buffer: dst=1250,375, w=125,h=125, src=625,125
00:21:11.903 [FXGL Background Thread 1 ] DEBUG TilesetLoader        - Writing to buffer: dst=1375,375, w=125,h=125, src=500,250
00:21:11.904 [FXGL Background Thread 1 ] DEBUG TilesetLoader        - Writing to buffer: dst=1500,375, w=125,h=125, src=500,0
00:21:11.904 [FXGL Background Thread 1 ] DEBUG TilesetLoader        - Writing to buffer: dst=1625,375, w=125,h=125, src=750,500
00:21:11.904 [FXGL Background Thread 1 ] DEBUG TilesetLoader        - Writing to buffer: dst=1750,375, w=125,h=125, src=625,375
00:21:11.904 [FXGL Background Thread 1 ] DEBUG TilesetLoader        - Writing to buffer: dst=1875,375, w=125,h=125, src=625,375
00:21:11.905 [FXGL Background Thread 1 ] DEBUG TilesetLoader        - Writing to buffer: dst=0,500, w=125,h=125, src=250,375
00:21:11.905 [FXGL Background Thread 1 ] DEBUG TilesetLoader        - Writing to buffer: dst=125,500, w=125,h=125, src=250,375
00:21:11.905 [FXGL Background Thread 1 ] DEBUG TilesetLoader        - Writing to buffer: dst=250,500, w=125,h=125, src=250,375
00:21:11.906 [FXGL Background Thread 1 ] DEBUG TilesetLoader        - Writing to buffer: dst=375,500, w=125,h=125, src=500,375
00:21:11.906 [FXGL Background Thread 1 ] DEBUG TilesetLoader        - Writing to buffer: dst=500,500, w=125,h=125, src=500,0
00:21:11.906 [FXGL Background Thread 1 ] DEBUG TilesetLoader        - Writing to buffer: dst=625,500, w=125,h=125, src=750,125
00:21:11.906 [FXGL Background Thread 1 ] DEBUG TilesetLoader        - Writing to buffer: dst=750,500, w=125,h=125, src=250,125
00:21:11.906 [FXGL Background Thread 1 ] DEBUG TilesetLoader        - Writing to buffer: dst=875,500, w=125,h=125, src=250,125
00:21:11.907 [FXGL Background Thread 1 ] DEBUG TilesetLoader        - Writing to buffer: dst=1000,500, w=125,h=125, src=250,125
00:21:11.908 [FXGL Background Thread 1 ] DEBUG TilesetLoader        - Writing to buffer: dst=1125,500, w=125,h=125, src=250,125
00:21:11.908 [FXGL Background Thread 1 ] DEBUG TilesetLoader        - Writing to buffer: dst=1250,500, w=125,h=125, src=250,125
00:21:11.909 [FXGL Background Thread 1 ] DEBUG TilesetLoader        - Writing to buffer: dst=1375,500, w=125,h=125, src=500,125
00:21:11.910 [FXGL Background Thread 1 ] DEBUG TilesetLoader        - Writing to buffer: dst=1500,500, w=125,h=125, src=500,0
00:21:11.910 [FXGL Background Thread 1 ] DEBUG TilesetLoader        - Writing to buffer: dst=1625,500, w=125,h=125, src=750,375
00:21:11.910 [FXGL Background Thread 1 ] DEBUG TilesetLoader        - Writing to buffer: dst=1750,500, w=125,h=125, src=250,375
00:21:11.910 [FXGL Background Thread 1 ] DEBUG TilesetLoader        - Writing to buffer: dst=1875,500, w=125,h=125, src=250,375
00:21:11.910 [FXGL Background Thread 1 ] DEBUG TilesetLoader        - Writing to buffer: dst=0,625, w=125,h=125, src=375,375
00:21:11.911 [FXGL Background Thread 1 ] DEBUG TilesetLoader        - Writing to buffer: dst=125,625, w=125,h=125, src=375,375
00:21:11.911 [FXGL Background Thread 1 ] DEBUG TilesetLoader        - Writing to buffer: dst=250,625, w=125,h=125, src=375,375
00:21:11.911 [FXGL Background Thread 1 ] DEBUG TilesetLoader        - Writing to buffer: dst=375,625, w=125,h=125, src=375,500
00:21:11.913 [FXGL Background Thread 1 ] DEBUG TilesetLoader        - Writing to buffer: dst=500,625, w=125,h=125, src=500,0
00:21:11.913 [FXGL Background Thread 1 ] DEBUG TilesetLoader        - Writing to buffer: dst=625,625, w=125,h=125, src=625,250
00:21:11.914 [FXGL Background Thread 1 ] DEBUG TilesetLoader        - Writing to buffer: dst=750,625, w=125,h=125, src=375,125
00:21:11.914 [FXGL Background Thread 1 ] DEBUG TilesetLoader        - Writing to buffer: dst=875,625, w=125,h=125, src=375,125
00:21:11.915 [FXGL Background Thread 1 ] DEBUG TilesetLoader        - Writing to buffer: dst=1000,625, w=125,h=125, src=375,125
00:21:11.915 [FXGL Background Thread 1 ] DEBUG TilesetLoader        - Writing to buffer: dst=1125,625, w=125,h=125, src=375,125
00:21:11.917 [FXGL Background Thread 1 ] DEBUG TilesetLoader        - Writing to buffer: dst=1250,625, w=125,h=125, src=375,125
00:21:11.918 [FXGL Background Thread 1 ] DEBUG TilesetLoader        - Writing to buffer: dst=1375,625, w=125,h=125, src=375,250
00:21:11.918 [FXGL Background Thread 1 ] DEBUG TilesetLoader        - Writing to buffer: dst=1500,625, w=125,h=125, src=500,0
00:21:11.918 [FXGL Background Thread 1 ] DEBUG TilesetLoader        - Writing to buffer: dst=1625,625, w=125,h=125, src=625,500
00:21:11.919 [FXGL Background Thread 1 ] DEBUG TilesetLoader        - Writing to buffer: dst=1750,625, w=125,h=125, src=375,375
00:21:11.920 [FXGL Background Thread 1 ] DEBUG TilesetLoader        - Writing to buffer: dst=1875,625, w=125,h=125, src=375,375
00:21:11.920 [FXGL Background Thread 1 ] DEBUG TilesetLoader        - Writing to buffer: dst=0,750, w=125,h=125, src=625,0
00:21:11.921 [FXGL Background Thread 1 ] DEBUG TilesetLoader        - Writing to buffer: dst=125,750, w=125,h=125, src=625,0
00:21:11.921 [FXGL Background Thread 1 ] DEBUG TilesetLoader        - Writing to buffer: dst=250,750, w=125,h=125, src=625,0
00:21:11.921 [FXGL Background Thread 1 ] DEBUG TilesetLoader        - Writing to buffer: dst=375,750, w=125,h=125, src=625,0
00:21:11.922 [FXGL Background Thread 1 ] DEBUG TilesetLoader        - Writing to buffer: dst=500,750, w=125,h=125, src=750,0
00:21:11.924 [FXGL Background Thread 1 ] DEBUG TilesetLoader        - Writing to buffer: dst=625,750, w=125,h=125, src=625,0
00:21:11.924 [FXGL Background Thread 1 ] DEBUG TilesetLoader        - Writing to buffer: dst=750,750, w=125,h=125, src=625,0
00:21:11.925 [FXGL Background Thread 1 ] DEBUG TilesetLoader        - Writing to buffer: dst=875,750, w=125,h=125, src=625,0
00:21:11.925 [FXGL Background Thread 1 ] DEBUG TilesetLoader        - Writing to buffer: dst=1000,750, w=125,h=125, src=625,0
00:21:11.928 [FXGL Background Thread 1 ] DEBUG TilesetLoader        - Writing to buffer: dst=1125,750, w=125,h=125, src=625,0
00:21:11.984 [FXGL Background Thread 1 ] DEBUG TilesetLoader        - Writing to buffer: dst=1250,750, w=125,h=125, src=625,0
00:21:11.991 [FXGL Background Thread 1 ] DEBUG TilesetLoader        - Writing to buffer: dst=1375,750, w=125,h=125, src=625,0
00:21:11.994 [FXGL Background Thread 1 ] DEBUG TilesetLoader        - Writing to buffer: dst=1500,750, w=125,h=125, src=750,0
00:21:11.995 [FXGL Background Thread 1 ] DEBUG TilesetLoader        - Writing to buffer: dst=1625,750, w=125,h=125, src=625,0
00:21:11.995 [FXGL Background Thread 1 ] DEBUG TilesetLoader        - Writing to buffer: dst=1750,750, w=125,h=125, src=625,0
00:21:11.995 [FXGL Background Thread 1 ] DEBUG TilesetLoader        - Writing to buffer: dst=1875,750, w=125,h=125, src=625,0
00:21:11.995 [FXGL Background Thread 1 ] DEBUG TilesetLoader        - Writing to buffer: dst=0,875, w=125,h=125, src=625,375
00:21:11.998 [FXGL Background Thread 1 ] DEBUG TilesetLoader        - Writing to buffer: dst=125,875, w=125,h=125, src=625,375
00:21:12.003 [FXGL Background Thread 1 ] DEBUG TilesetLoader        - Writing to buffer: dst=250,875, w=125,h=125, src=625,375
00:21:12.004 [FXGL Background Thread 1 ] DEBUG TilesetLoader        - Writing to buffer: dst=375,875, w=125,h=125, src=500,500
00:21:12.004 [FXGL Background Thread 1 ] DEBUG TilesetLoader        - Writing to buffer: dst=500,875, w=125,h=125, src=500,0
00:21:12.005 [FXGL Background Thread 1 ] DEBUG TilesetLoader        - Writing to buffer: dst=625,875, w=125,h=125, src=750,500
00:21:12.005 [FXGL Background Thread 1 ] DEBUG TilesetLoader        - Writing to buffer: dst=750,875, w=125,h=125, src=625,375
00:21:12.005 [FXGL Background Thread 1 ] DEBUG TilesetLoader        - Writing to buffer: dst=875,875, w=125,h=125, src=625,375
00:21:12.006 [FXGL Background Thread 1 ] DEBUG TilesetLoader        - Writing to buffer: dst=1000,875, w=125,h=125, src=625,375
00:21:12.006 [FXGL Background Thread 1 ] DEBUG TilesetLoader        - Writing to buffer: dst=1125,875, w=125,h=125, src=625,375
00:21:12.017 [FXGL Background Thread 1 ] DEBUG TilesetLoader        - Writing to buffer: dst=1250,875, w=125,h=125, src=625,375
00:21:12.020 [FXGL Background Thread 1 ] DEBUG TilesetLoader        - Writing to buffer: dst=1375,875, w=125,h=125, src=500,500
00:21:12.020 [FXGL Background Thread 1 ] DEBUG TilesetLoader        - Writing to buffer: dst=1500,875, w=125,h=125, src=500,0
00:21:12.025 [FXGL Background Thread 1 ] DEBUG TilesetLoader        - Writing to buffer: dst=1625,875, w=125,h=125, src=750,500
00:21:12.027 [FXGL Background Thread 1 ] DEBUG TilesetLoader        - Writing to buffer: dst=1750,875, w=125,h=125, src=625,375
00:21:12.029 [FXGL Background Thread 1 ] DEBUG TilesetLoader        - Writing to buffer: dst=1875,875, w=125,h=125, src=625,375
00:21:12.030 [FXGL Background Thread 1 ] DEBUG TilesetLoader        - Writing to buffer: dst=0,1000, w=125,h=125, src=250,375
00:21:12.030 [FXGL Background Thread 1 ] DEBUG TilesetLoader        - Writing to buffer: dst=125,1000, w=125,h=125, src=250,375
00:21:12.030 [FXGL Background Thread 1 ] DEBUG TilesetLoader        - Writing to buffer: dst=250,1000, w=125,h=125, src=250,375
00:21:12.030 [FXGL Background Thread 1 ] DEBUG TilesetLoader        - Writing to buffer: dst=375,1000, w=125,h=125, src=500,375
00:21:12.035 [FXGL Background Thread 1 ] DEBUG TilesetLoader        - Writing to buffer: dst=500,1000, w=125,h=125, src=500,0
00:21:12.043 [FXGL Background Thread 1 ] DEBUG TilesetLoader        - Writing to buffer: dst=625,1000, w=125,h=125, src=750,375
00:21:12.043 [FXGL Background Thread 1 ] DEBUG TilesetLoader        - Writing to buffer: dst=750,1000, w=125,h=125, src=250,375
00:21:12.044 [FXGL Background Thread 1 ] DEBUG TilesetLoader        - Writing to buffer: dst=875,1000, w=125,h=125, src=250,375
00:21:12.044 [FXGL Background Thread 1 ] DEBUG TilesetLoader        - Writing to buffer: dst=1000,1000, w=125,h=125, src=250,375
00:21:12.044 [FXGL Background Thread 1 ] DEBUG TilesetLoader        - Writing to buffer: dst=1125,1000, w=125,h=125, src=250,375
00:21:12.044 [FXGL Background Thread 1 ] DEBUG TilesetLoader        - Writing to buffer: dst=1250,1000, w=125,h=125, src=250,375
00:21:12.044 [FXGL Background Thread 1 ] DEBUG TilesetLoader        - Writing to buffer: dst=1375,1000, w=125,h=125, src=500,375
00:21:12.044 [FXGL Background Thread 1 ] DEBUG TilesetLoader        - Writing to buffer: dst=1500,1000, w=125,h=125, src=500,0
00:21:12.045 [FXGL Background Thread 3 ] DEBUG Engine               - Logging environment variables
00:21:12.046 [FXGL Background Thread 3 ] DEBUG Engine               - achievements: []
00:21:12.046 [FXGL Background Thread 3 ] DEBUG Engine               - appIcon: fxgl_icon.png
00:21:12.046 [FXGL Background Thread 3 ] DEBUG Engine               - applicationMode: DEVELOPER
00:21:12.047 [FXGL Background Thread 3 ] DEBUG Engine               - cSSList: [fxgl_dark.css]
00:21:12.047 [FXGL Background Thread 3 ] DEBUG Engine               - configClass: Optional.empty
00:21:12.047 [FXGL Background Thread 3 ] DEBUG Engine               - credits: []
00:21:12.047 [FXGL Background Thread 3 ] DEBUG Engine               - devBBoxColorProperty: ObjectProperty [value: 0xff0000ff]
00:21:12.048 [FXGL Background Thread 3 ] DEBUG Engine               - devEnableDebugCameraProperty: BooleanProperty [value: false]
00:21:12.048 [FXGL Background Thread 3 ] DEBUG Engine               - devSensorColorProperty: ObjectProperty [value: 0xffff00ff]
00:21:12.048 [FXGL Background Thread 3 ] DEBUG Engine               - devShowBBoxProperty: BooleanProperty [value: false]
00:21:12.048 [FXGL Background Thread 3 ] DEBUG Engine               - devShowPositionProperty: BooleanProperty [value: false]
00:21:12.048 [FXGL Background Thread 3 ] DEBUG Engine               - enabledMenuItems: [SAVE_LOAD, EXTRA, ONLINE]
00:21:12.048 [FXGL Background Thread 3 ] DEBUG Engine               - engineServices: [class com.almasb.fxgl.app.FXGLApplication$GameApplicationService, class com.almasb.fxgl.app.services.FXGLDialogService, class com.almasb.fxgl.app.services.IOTaskExecutorService, class com.almasb.fxgl.event.EventBusService, class com.almasb.fxgl.io.FileSystemService, class com.almasb.fxgl.localization.LocalizationService, class com.almasb.fxgl.app.services.FXGLAssetLoaderService, class com.almasb.fxgl.app.services.SystemBundleService, class com.almasb.fxgl.profile.SaveLoadService, class com.almasb.fxgl.ui.FXGLUIFactoryServiceProvider, class com.almasb.fxgl.ui.FXGLDialogFactoryServiceProvider, class com.almasb.fxgl.audio.AudioPlayer, class com.almasb.fxgl.notification.impl.NotificationServiceProvider, class com.almasb.fxgl.achievement.AchievementService, class com.almasb.fxgl.cutscene.CutsceneService, class com.almasb.fxgl.minigames.MiniGameService, class com.almasb.fxgl.net.NetService, class com.almasb.fxgl.app.services.UpdaterService, class com.almasb.fxgl.dev.DevService]
00:21:12.048 [FXGL Background Thread 3 ] DEBUG Engine               - fontGame: Abel-Regular.ttf
00:21:12.048 [FXGL Background Thread 3 ] DEBUG Engine               - fontMono: lucida_console.ttf
00:21:12.049 [FXGL Background Thread 3 ] DEBUG Engine               - fontText: Courier-Prime.ttf
00:21:12.049 [FXGL Background Thread 3 ] DEBUG Engine               - fontUI: VarelaRound-Regular.ttf
00:21:12.049 [FXGL Background Thread 3 ] DEBUG Engine               - fullScreen: BooleanProperty [value: false]
00:21:12.049 [FXGL Background Thread 3 ] DEBUG Engine               - gameDifficulty: MEDIUM
00:21:12.049 [FXGL Background Thread 3 ] DEBUG Engine               - gameDifficultyProperty: ObjectProperty [value: MEDIUM]
00:21:12.049 [FXGL Background Thread 3 ] DEBUG Engine               - globalMusicVolume: 0.5
00:21:12.049 [FXGL Background Thread 3 ] DEBUG Engine               - globalMusicVolumeProperty: DoubleProperty [value: 0.5]
00:21:12.050 [FXGL Background Thread 3 ] DEBUG Engine               - globalSoundVolume: 0.5
00:21:12.050 [FXGL Background Thread 3 ] DEBUG Engine               - globalSoundVolumeProperty: DoubleProperty [value: 0.5]
00:21:12.050 [FXGL Background Thread 3 ] DEBUG Engine               - height: 1125
00:21:12.051 [FXGL Background Thread 3 ] DEBUG Engine               - isAndroid: false
00:21:12.051 [FXGL Background Thread 3 ] DEBUG Engine               - isBrowser: false
00:21:12.051 [FXGL Background Thread 3 ] DEBUG Engine               - isClickFeedbackEnabled: false
00:21:12.051 [FXGL Background Thread 3 ] DEBUG Engine               - isCloseConfirmation: false
00:21:12.051 [FXGL Background Thread 3 ] DEBUG Engine               - isDesktop: true
00:21:12.052 [FXGL Background Thread 3 ] DEBUG Engine               - isDeveloperMenuEnabled: true
00:21:12.052 [FXGL Background Thread 3 ] DEBUG Engine               - isEntityPreloadEnabled: true
00:21:12.052 [FXGL Background Thread 3 ] DEBUG Engine               - isExperimentalNative: false
00:21:12.052 [FXGL Background Thread 3 ] DEBUG Engine               - isExperimentalTiledLargeMap: false
00:21:12.052 [FXGL Background Thread 3 ] DEBUG Engine               - isFileSystemWriteAllowed: true
00:21:12.053 [FXGL Background Thread 3 ] DEBUG Engine               - isFullScreenAllowed: false
00:21:12.053 [FXGL Background Thread 3 ] DEBUG Engine               - isFullScreenFromStart: false
00:21:12.053 [FXGL Background Thread 3 ] DEBUG Engine               - isGameMenuEnabled: true
00:21:12.053 [FXGL Background Thread 3 ] DEBUG Engine               - isIOS: false
00:21:12.054 [FXGL Background Thread 3 ] DEBUG Engine               - isIntroEnabled: false
00:21:12.054 [FXGL Background Thread 3 ] DEBUG Engine               - isLinux: false
00:21:12.054 [FXGL Background Thread 3 ] DEBUG Engine               - isMac: true
00:21:12.055 [FXGL Background Thread 3 ] DEBUG Engine               - isMainMenuEnabled: true
00:21:12.055 [FXGL Background Thread 3 ] DEBUG Engine               - isManualResizeEnabled: true
00:21:12.055 [FXGL Background Thread 3 ] DEBUG Engine               - isMobile: false
00:21:12.055 [FXGL Background Thread 3 ] DEBUG Engine               - isPreserveResizeRatio: true
00:21:12.055 [FXGL Background Thread 3 ] DEBUG Engine               - isProfilingEnabled: false
00:21:12.055 [FXGL Background Thread 3 ] DEBUG Engine               - isSingleStep: false
00:21:12.055 [FXGL Background Thread 3 ] DEBUG Engine               - isUserProfileEnabled: false
00:21:12.056 [FXGL Background Thread 3 ] DEBUG Engine               - isWindows: false
00:21:12.056 [FXGL Background Thread 3 ] DEBUG Engine               - language: ObjectProperty [value: ENGLISH]
00:21:12.056 [FXGL Background Thread 3 ] DEBUG Engine               - menuKey: ESCAPE
00:21:12.056 [FXGL Background Thread 3 ] DEBUG Engine               - notificationViewClass: class com.almasb.fxgl.notification.view.XboxNotificationView
00:21:12.056 [FXGL Background Thread 3 ] DEBUG Engine               - pixelsPerMeter: 50.0
00:21:12.056 [FXGL Background Thread 3 ] DEBUG Engine               - platform: MAC
00:21:12.056 [FXGL Background Thread 3 ] DEBUG Engine               - profileDir: profiles/
00:21:12.056 [FXGL Background Thread 3 ] DEBUG Engine               - profileName: StringProperty [value: DEFAULT]
00:21:12.057 [FXGL Background Thread 3 ] DEBUG Engine               - randomSeed: -1
00:21:12.057 [FXGL Background Thread 3 ] DEBUG Engine               - runtimeInfo: RuntimeInfo(platform=MAC, version=dev-SNAPSHOT, build=06.09.2020 16.28)
00:21:12.057 [FXGL Background Thread 3 ] DEBUG Engine               - saveFileExt: sav
00:21:12.057 [FXGL Background Thread 3 ] DEBUG Engine               - sceneFactory: it.uniroma1.metodologie.trafficGame.TrafficApp$1@112177b5
00:21:12.057 [FXGL Background Thread 3 ] DEBUG Engine               - secondsIn24h: 60
00:21:12.057 [FXGL Background Thread 3 ] DEBUG Engine               - soundMenuBack: menu/back.wav
00:21:12.057 [FXGL Background Thread 3 ] DEBUG Engine               - soundMenuPress: menu/press.wav
00:21:12.057 [FXGL Background Thread 3 ] DEBUG Engine               - soundMenuSelect: menu/select.wav
00:21:12.058 [FXGL Background Thread 3 ] DEBUG Engine               - soundNotification: core/notification.wav
00:21:12.058 [FXGL Background Thread 3 ] DEBUG Engine               - stageStyle: DECORATED
00:21:12.058 [FXGL Background Thread 3 ] DEBUG Engine               - supportedLanguages: [ENGLISH, FRENCH, GERMAN, HUNGARIAN, RUSSIAN]
00:21:12.058 [FXGL Background Thread 3 ] DEBUG Engine               - title: Traffic
00:21:12.058 [FXGL Background Thread 3 ] DEBUG Engine               - urlGithub: https://github.com/AlmasB/FXGL
00:21:12.058 [FXGL Background Thread 3 ] DEBUG Engine               - urlLeaderboard: http://fxgl-top.herokuapp.com/
00:21:12.058 [FXGL Background Thread 3 ] DEBUG Engine               - urlPOM: https://raw.githubusercontent.com/AlmasB/FXGL/master/pom.xml
00:21:12.058 [FXGL Background Thread 3 ] DEBUG Engine               - version: Alpha 1.0
00:21:12.059 [FXGL Background Thread 3 ] DEBUG Engine               - versionCheckDays: 7
00:21:12.059 [FXGL Background Thread 3 ] DEBUG Engine               - width: 2000
00:21:12.059 [FXGL Background Thread 3 ] DEBUG Engine               - Logging services
00:21:12.059 [FXGL Background Thread 3 ] DEBUG Engine               - class com.almasb.fxgl.app.FXGLApplication$GameApplicationService
00:21:12.059 [FXGL Background Thread 3 ] DEBUG Engine               - class com.almasb.fxgl.app.services.FXGLDialogService
00:21:12.059 [FXGL Background Thread 3 ] DEBUG Engine               - class com.almasb.fxgl.app.services.IOTaskExecutorService
00:21:12.059 [FXGL Background Thread 3 ] DEBUG Engine               - class com.almasb.fxgl.event.EventBusService
00:21:12.059 [FXGL Background Thread 3 ] DEBUG Engine               - class com.almasb.fxgl.io.FileSystemService
00:21:12.060 [FXGL Background Thread 3 ] DEBUG Engine               - class com.almasb.fxgl.localization.LocalizationService
00:21:12.060 [FXGL Background Thread 3 ] DEBUG Engine               - class com.almasb.fxgl.app.services.FXGLAssetLoaderService
00:21:12.060 [FXGL Background Thread 3 ] DEBUG Engine               - class com.almasb.fxgl.app.services.SystemBundleService
00:21:12.060 [FXGL Background Thread 3 ] DEBUG Engine               - class com.almasb.fxgl.profile.SaveLoadService
00:21:12.060 [FXGL Background Thread 3 ] DEBUG Engine               - class com.almasb.fxgl.ui.FXGLUIFactoryServiceProvider
00:21:12.060 [FXGL Background Thread 3 ] DEBUG Engine               - class com.almasb.fxgl.ui.FXGLDialogFactoryServiceProvider
00:21:12.060 [FXGL Background Thread 3 ] DEBUG Engine               - class com.almasb.fxgl.audio.AudioPlayer
00:21:12.060 [FXGL Background Thread 3 ] DEBUG Engine               - class com.almasb.fxgl.notification.impl.NotificationServiceProvider
00:21:12.061 [FXGL Background Thread 3 ] DEBUG Engine               - class com.almasb.fxgl.achievement.AchievementService
00:21:12.061 [FXGL Background Thread 3 ] DEBUG Engine               - class com.almasb.fxgl.cutscene.CutsceneService
00:21:12.061 [FXGL Background Thread 3 ] DEBUG Engine               - class com.almasb.fxgl.minigames.MiniGameService
00:21:12.061 [FXGL Background Thread 3 ] DEBUG Engine               - class com.almasb.fxgl.net.NetService
00:21:12.061 [FXGL Background Thread 3 ] DEBUG Engine               - class com.almasb.fxgl.app.services.UpdaterService
00:21:12.061 [FXGL Background Thread 3 ] DEBUG Engine               - class com.almasb.fxgl.dev.DevService
00:21:12.062 [FXGL Background Thread 1 ] DEBUG TilesetLoader        - Writing to buffer: dst=1625,1000, w=125,h=125, src=750,375
00:21:12.063 [FXGL Background Thread 1 ] DEBUG TilesetLoader        - Writing to buffer: dst=1750,1000, w=125,h=125, src=250,375
00:21:12.063 [FXGL Background Thread 1 ] DEBUG TilesetLoader        - Writing to buffer: dst=1875,1000, w=125,h=125, src=250,375
00:21:12.063 [FXGL Background Thread 1 ] DEBUG TMXLevelLoader       - Creating object layer entities
00:21:12.154 [FXGL Background Thread 1 ] DEBUG FXGLAssetLoaderServi - Loading from file system: /assets/textures/semaforoRosso-01.png
00:21:12.164 [FXGL Background Thread 1 ] DEBUG FXGLAssetLoaderServi - Loading from file system: /assets/textures/semaforoVerde-01.png
00:21:12.176 [FXGL Background Thread 1 ] DEBUG FXGLAssetLoaderServi - Loading from cache: /assets/textures/semaforoRosso-01.png
00:21:12.177 [FXGL Background Thread 1 ] DEBUG FXGLAssetLoaderServi - Loading from cache: /assets/textures/semaforoVerde-01.png
00:21:12.179 [FXGL Background Thread 1 ] DEBUG FXGLAssetLoaderServi - Loading from cache: /assets/textures/semaforoRosso-01.png
00:21:12.179 [FXGL Background Thread 1 ] DEBUG FXGLAssetLoaderServi - Loading from cache: /assets/textures/semaforoVerde-01.png
00:21:12.180 [FXGL Background Thread 1 ] DEBUG FXGLAssetLoaderServi - Loading from cache: /assets/textures/semaforoRosso-01.png
00:21:12.180 [FXGL Background Thread 1 ] DEBUG FXGLAssetLoaderServi - Loading from cache: /assets/textures/semaforoVerde-01.png
00:21:12.185 [FXGL Background Thread 1 ] DEBUG FXGLAssetLoaderServi - Loading from file system: /assets/textures/semaforoRosso-04.png
00:21:12.191 [FXGL Background Thread 1 ] DEBUG FXGLAssetLoaderServi - Loading from file system: /assets/textures/semaforoVerde-04.png
00:21:12.199 [FXGL Background Thread 1 ] DEBUG FXGLAssetLoaderServi - Loading from cache: /assets/textures/semaforoRosso-04.png
00:21:12.200 [FXGL Background Thread 1 ] DEBUG FXGLAssetLoaderServi - Loading from cache: /assets/textures/semaforoVerde-04.png
00:21:12.201 [FXGL Background Thread 1 ] DEBUG FXGLAssetLoaderServi - Loading from cache: /assets/textures/semaforoRosso-04.png
00:21:12.201 [FXGL Background Thread 1 ] DEBUG FXGLAssetLoaderServi - Loading from cache: /assets/textures/semaforoVerde-04.png
00:21:12.202 [FXGL Background Thread 1 ] DEBUG FXGLAssetLoaderServi - Loading from cache: /assets/textures/semaforoRosso-04.png
00:21:12.202 [FXGL Background Thread 1 ] DEBUG FXGLAssetLoaderServi - Loading from cache: /assets/textures/semaforoVerde-04.png
00:21:12.204 [FXGL Background Thread 1 ] DEBUG FXGLAssetLoaderServi - Loading from file system: /assets/textures/semaforoRosso-03.png
00:21:12.211 [FXGL Background Thread 1 ] DEBUG FXGLAssetLoaderServi - Loading from file system: /assets/textures/semaforoVerde-03.png
00:21:12.215 [FXGL Background Thread 1 ] DEBUG FXGLAssetLoaderServi - Loading from cache: /assets/textures/semaforoRosso-03.png
00:21:12.215 [FXGL Background Thread 1 ] DEBUG FXGLAssetLoaderServi - Loading from cache: /assets/textures/semaforoVerde-03.png
00:21:12.217 [FXGL Background Thread 1 ] DEBUG FXGLAssetLoaderServi - Loading from cache: /assets/textures/semaforoRosso-03.png
00:21:12.217 [FXGL Background Thread 1 ] DEBUG FXGLAssetLoaderServi - Loading from cache: /assets/textures/semaforoVerde-03.png
00:21:12.218 [FXGL Background Thread 1 ] DEBUG FXGLAssetLoaderServi - Loading from cache: /assets/textures/semaforoRosso-03.png
00:21:12.219 [FXGL Background Thread 1 ] DEBUG FXGLAssetLoaderServi - Loading from cache: /assets/textures/semaforoVerde-03.png
00:21:12.220 [FXGL Background Thread 1 ] DEBUG FXGLAssetLoaderServi - Loading from file system: /assets/textures/semaforoRosso-02.png
00:21:12.224 [FXGL Background Thread 1 ] DEBUG FXGLAssetLoaderServi - Loading from file system: /assets/textures/semaforoVerde-02.png
00:21:12.232 [FXGL Background Thread 1 ] DEBUG FXGLAssetLoaderServi - Loading from cache: /assets/textures/semaforoRosso-02.png
00:21:12.232 [FXGL Background Thread 1 ] DEBUG FXGLAssetLoaderServi - Loading from cache: /assets/textures/semaforoVerde-02.png
00:21:12.235 [FXGL Background Thread 1 ] DEBUG FXGLAssetLoaderServi - Loading from cache: /assets/textures/semaforoRosso-02.png
00:21:12.235 [FXGL Background Thread 1 ] DEBUG FXGLAssetLoaderServi - Loading from cache: /assets/textures/semaforoVerde-02.png
00:21:12.241 [FXGL Background Thread 1 ] DEBUG FXGLAssetLoaderServi - Loading from cache: /assets/textures/semaforoRosso-02.png
00:21:12.241 [FXGL Background Thread 1 ] DEBUG FXGLAssetLoaderServi - Loading from cache: /assets/textures/semaforoVerde-02.png
00:21:12.243 [FXGL Background Thread 1 ] DEBUG GameWorld            - Clearing removable entities
00:21:12.243 [FXGL Background Thread 1 ] DEBUG GameWorld            - Setting level: com.almasb.fxgl.entity.level.Level@3c4e4c92
00:21:12.269 [FXGL Background Thread 1 ] DEBUG FXGLAssetLoaderServi - Loading from file system: /assets/textures/pointer-sprite.png
00:21:12.347 [FXGL Background Thread 1 ] INFO  FXGLApplication      - Game initialization took: 1,361 sec
00:21:12.348 [JavaFX Application Thread] DEBUG Input                - Clearing active input actions
00:21:12.360 [JavaFX Application Thread] DEBUG GameApplicationServi - Removing overlay from FXGLLoadingScene and adding to GameScene
00:21:12.365 [JavaFX Application Thread] DEBUG MainWindow           - FXGLLoadingScene -> GameScene
00:21:31.813 [JavaFX Application Thread] DEBUG FXGLApplication      - Exiting FXGL
00:21:31.814 [JavaFX Application Thread] DEBUG LoopRunner           - Stopping loop
00:21:31.814 [JavaFX Application Thread] DEBUG SystemBundleService  - Saving FXGL system data
00:21:31.820 [JavaFX Application Thread] DEBUG FileSystemAccess     - Writing to: /Users/universita/Desktop/ProgettoJava/traffic-mobile/system/fxgl.bundle
00:21:31.823 [JavaFX Application Thread] DEBUG Async                - Shutting down background threads
00:21:31.824 [JavaFX Application Thread] DEBUG MainWindow           - Closing main window
00:21:31.860 [JavaFX Application Thread] DEBUG Logger               - Closing Logger
