23:33:56.708 [main                     ] DEBUG Logger               - Configured Logger
23:33:56.731 [main                     ] DEBUG GameApplication      - Logging settings
Title: Traffic
Version: Alpha 1.0
Width: 2000
Height: 1125
Fullscreen: false
Intro: false
Profiling: false
Single step:false
App Mode: DEVELOPER
Menu Key: ESCAPE
Stage Style: DECORATED
Scene Factory: class it.uniroma1.metodologie.trafficGame.TrafficApp$1

23:33:57.087 [JavaFX Application Thread] DEBUG FXGLApplication      - Initializing FXGL
23:33:57.094 [JavaFX Application Thread] INFO  Engine               - FXGL-dev-SNAPSHOT (06.09.2020 16.28) on MAC (J:14.0.1 FX:14)
23:33:57.095 [JavaFX Application Thread] DEBUG Engine               - JRE Vendor Name: Oracle Corporation
23:33:57.095 [JavaFX Application Thread] DEBUG Engine               - Running on OS: Mac OS X version 10.15.6
23:33:57.095 [JavaFX Application Thread] DEBUG Engine               - Architecture: x86_64
23:33:57.096 [JavaFX Application Thread] INFO  Engine               - Source code and latest versions at: https://github.com/AlmasB/FXGL
23:33:57.096 [JavaFX Application Thread] INFO  Engine               -              Join the FXGL chat at: https://gitter.im/AlmasB/FXGL
23:33:57.212 [JavaFX Application Thread] DEBUG MainWindow           - Creating a JavaFX scene
23:33:57.212 [JavaFX Application Thread] DEBUG MainWindow           - Target size > screen size
23:33:57.260 [JavaFX Application Thread] DEBUG MainWindow           - Target settings size: 2000.0 x 1125.0
23:33:57.261 [JavaFX Application Thread] DEBUG MainWindow           - Scaled scene size:    1775.0 x 1012.0
23:33:57.261 [JavaFX Application Thread] DEBUG MainWindow           - Scaled ratio: (0.8875, 0.8995555555555556)
23:33:57.263 [JavaFX Application Thread] DEBUG MainWindow           - Set initial scene to StartupScene
23:33:57.269 [JavaFX Application Thread] DEBUG MainWindow           - Opening main window
23:33:57.374 [JavaFX Application Thread] DEBUG MainWindow           - Window border size: (0.0, 1.0)
23:33:57.374 [JavaFX Application Thread] DEBUG MainWindow           - Scaled size: 1775.0 x 1012.0
23:33:57.374 [JavaFX Application Thread] DEBUG MainWindow           - Scaled ratio: (0.8875, 0.8875)
23:33:57.374 [JavaFX Application Thread] DEBUG MainWindow           - Scene size: 1775.0 x 1012.0
23:33:57.375 [JavaFX Application Thread] DEBUG MainWindow           - Stage size: 1775.0 x 1013.0
23:33:57.382 [FXGL Background Thread 1 ] DEBUG Engine               - Initializing environment variables
23:33:57.411 [FXGL Background Thread 1 ] DEBUG GameApplicationServi - Applying CSS: fxgl_dark.css
23:33:57.412 [FXGL Background Thread 1 ] DEBUG FXGLAssetLoaderServi - Loading from file system: /assets/ui/css/fxgl_dark.css
23:33:57.488 [FXGL Background Thread 1 ] DEBUG GameApplicationServi - Initializing application scenes
23:33:57.831 [FXGL Background Thread 1 ] DEBUG GameWorld            - Game world initialized
23:33:57.890 [FXGL Background Thread 1 ] DEBUG PhysicsWorld         - Physics world initialized: appHeight=1125, physics.ppm=50,0
23:33:57.893 [FXGL Background Thread 1 ] DEBUG GameScene            - Game scene initialized: 2000x1125
23:33:57.903 [FXGL Background Thread 1 ] DEBUG FXGLAssetLoaderServi - Loading from file system: /assets/textures/bg.jpg
23:33:58.312 [FXGL Background Thread 1 ] DEBUG FXGLAssetLoaderServi - Loading from file system: /assets/textures/logo.png
23:33:58.465 [FXGL Background Thread 1 ] DEBUG FXGLAssetLoaderServi - Loading from file system: /assets/textures/particles/trace_horizontal.png
23:33:58.505 [FXGL Background Thread 1 ] DEBUG FXGL.DefaultMenu     - createMenuBodyGameMenu()
23:33:58.517 [FXGL Background Thread 1 ] DEBUG FXGL.DefaultMenu     - createOptionsMenu()
23:33:58.521 [FXGL Background Thread 1 ] DEBUG FXGL.DefaultMenu     - createExtraMenu()
23:33:58.524 [FXGL Background Thread 1 ] DEBUG FXGLAssetLoaderServi - Loading from file system: /assets/textures/particles/smoke.png
23:33:58.600 [FXGL Background Thread 1 ] DEBUG GameApplicationServi - Application scenes initialized
23:33:58.614 [FXGL Background Thread 1 ] DEBUG SystemBundleService  - Loading FXGL system data
23:33:58.619 [FXGL Background Thread 1 ] DEBUG FileSystemAccess     - Reading from: /Users/universita/Desktop/ProgettoJava/traffic-mobile/system/fxgl.bundle
23:33:58.631 [FXGL Background Thread 1 ] DEBUG SystemBundleService  - Bundle FXGL: {}
23:33:58.632 [FXGL Background Thread 1 ] DEBUG UpdaterService       - Checking for updates
23:33:58.660 [FXGL Background Thread 4 ] DEBUG FXGLApplication      - Loading fonts
23:33:58.660 [FXGL Background Thread 4 ] DEBUG FXGLAssetLoaderServi - Loading from file system: /assets/ui/fonts/VarelaRound-Regular.ttf
23:33:58.661 [FXGL Background Thread 1 ] DEBUG FXGLApplication      - Loading default localization
23:33:58.661 [FXGL Background Thread 1 ] DEBUG FXGLAssetLoaderServi - Loading from file system: /assets/languages/english.lang
23:33:58.670 [FXGL Background Thread 4 ] DEBUG FXGLAssetLoaderServi - Loading from file system: /assets/ui/fonts/Abel-Regular.ttf
23:33:58.673 [FXGL Background Thread 4 ] DEBUG FXGLAssetLoaderServi - Loading from file system: /assets/ui/fonts/lucida_console.ttf
23:33:58.676 [FXGL Background Thread 1 ] INFO  FXGLApplication      - FXGL initialization took: 1,294 sec
23:33:58.678 [FXGL Background Thread 4 ] DEBUG FXGLAssetLoaderServi - Loading from file system: /assets/ui/fonts/Courier-Prime.ttf
23:33:58.686 [JavaFX Application Thread] DEBUG Input                - Registered new binding: Change trafficlight status - F
23:33:58.686 [JavaFX Application Thread] DEBUG Input                - Registered new binding: Move Right - D
23:33:58.687 [JavaFX Application Thread] DEBUG Input                - Registered new binding: Move Left - A
23:33:58.687 [JavaFX Application Thread] DEBUG Input                - Registered new binding: Move Up - W
23:33:58.687 [JavaFX Application Thread] DEBUG Input                - Registered new binding: Move Down - S
23:33:58.688 [JavaFX Application Thread] DEBUG Input                - Registered new binding: Spawn Car - Space
23:33:58.689 [JavaFX Application Thread] DEBUG Input                - Registered new binding: Select and change traffic light - LMB
23:33:58.689 [JavaFX Application Thread] DEBUG FXGLAssetLoaderServi - Loading from file system: /assets/textures/fxgl_icon.png
23:33:58.732 [JavaFX Application Thread] DEBUG FXGLAssetLoaderServi - Loading from file system: /assets/ui/cursors/fxgl_default.png
23:33:58.734 [JavaFX Application Thread] DEBUG Input                - Registered new binding: Screenshot - P
23:33:58.735 [JavaFX Application Thread] DEBUG Input                - Registered new binding: Dev Options - 1
23:33:58.735 [JavaFX Application Thread] DEBUG Input                - Registered new binding: Dev Console - 2
23:33:58.736 [JavaFX Application Thread] DEBUG Input                - Registered new binding: System info dump - CTRL+9
23:33:58.736 [JavaFX Application Thread] DEBUG Input                - Registered new binding: Restart - CTRL+R
23:33:58.737 [JavaFX Application Thread] DEBUG Input                - Registered new binding: Toggle Debug Camera - CTRL+C
23:33:58.740 [JavaFX Application Thread] DEBUG LoopRunner           - Starting loop
23:33:58.757 [JavaFX Application Thread] DEBUG Input                - Clearing active input actions
23:33:58.769 [JavaFX Application Thread] DEBUG GameApplicationServi - Removing overlay from StartupScene and adding to FXGLMainMenuDummyScene
23:33:58.773 [JavaFX Application Thread] DEBUG MainWindow           - StartupScene -> FXGLMainMenuDummyScene
23:33:58.774 [JavaFX Application Thread] DEBUG MainWindow           - Push state: TrafficAppMenu
23:33:58.774 [JavaFX Application Thread] DEBUG Input                - Clearing active input actions
23:33:58.782 [JavaFX Application Thread] DEBUG GameApplicationServi - Removing overlay from FXGLMainMenuDummyScene and adding to TrafficAppMenu
23:33:58.783 [JavaFX Application Thread] DEBUG MainWindow           - FXGLMainMenuDummyScene -> TrafficAppMenu
23:33:58.794 [JavaFX Application Thread] DEBUG FXGLApplication      - Registering font factories with UI factory
23:34:00.572 [JavaFX Application Thread] DEBUG Menu                 - fireNewGame()
23:34:00.573 [JavaFX Application Thread] DEBUG GameApplicationServi - Starting new game
23:34:00.573 [JavaFX Application Thread] DEBUG MainWindow           - Pop state: TrafficAppMenu
23:34:00.574 [JavaFX Application Thread] DEBUG Input                - Clearing active input actions
23:34:00.578 [JavaFX Application Thread] DEBUG GameApplicationServi - Removing overlay from TrafficAppMenu and adding to FXGLMainMenuDummyScene
23:34:00.584 [JavaFX Application Thread] DEBUG MainWindow           - FXGLMainMenuDummyScene <- TrafficAppMenu
23:34:00.584 [JavaFX Application Thread] DEBUG Input                - Clearing active input actions
23:34:00.597 [JavaFX Application Thread] DEBUG GameApplicationServi - Removing overlay from FXGLMainMenuDummyScene and adding to FXGLLoadingScene
23:34:00.598 [JavaFX Application Thread] DEBUG MainWindow           - FXGLMainMenuDummyScene -> FXGLLoadingScene
23:34:00.598 [JavaFX Application Thread] DEBUG GameApplicationServi - Clearing previous game
23:34:00.599 [JavaFX Application Thread] DEBUG GameScene            - Clearing game scene
23:34:00.599 [JavaFX Application Thread] DEBUG GameWorld            - Clearing game world
23:34:00.599 [JavaFX Application Thread] DEBUG PhysicsWorld         - Clearing physics world
23:34:00.602 [FXGL Background Thread 2 ] DEBUG FXGLApplication      - Initializing game
23:34:00.614 [FXGL Background Thread 2 ] DEBUG FXGLAssetLoaderServi - Loading from file system: /assets/levels/Mappa_Testing.tmx
23:34:00.662 [JavaFX Application Thread] DEBUG LoopRunner           - Stopping loop
23:34:00.664 [JavaFX Application Thread] FATAL FXGLApplication      - Uncaught Exception:
java.lang.RuntimeException: Initialization failed
	at com.almasb.fxgl.all/com.almasb.fxgl.app.FXGLApplication$InitAppTask.failed(FXGLApplication.kt:324)
	at javafx.graphics/javafx.concurrent.Task.setState(Task.java:710)
	at javafx.graphics/javafx.concurrent.Task$TaskCallable.lambda$call$2(Task.java:1455)
	at javafx.graphics/com.sun.javafx.application.PlatformImpl.lambda$runLater$10(PlatformImpl.java:428)
	at java.base/java.security.AccessController.doPrivileged(AccessController.java:391)
	at javafx.graphics/com.sun.javafx.application.PlatformImpl.lambda$runLater$11(PlatformImpl.java:427)
	at javafx.graphics/com.sun.glass.ui.InvokeLaterDispatcher$Future.run(InvokeLaterDispatcher.java:96)
Caused by: java.lang.IllegalArgumentException: Asset "/assets/levels/Mappa_Testing.tmx" was not found!
	at com.almasb.fxgl.all/com.almasb.fxgl.app.services.FXGLAssetLoaderService.getURL(FXGLAssetLoaderService.kt:488)
	at com.almasb.fxgl.all/com.almasb.fxgl.app.services.FXGLAssetLoaderService.loadLevel(FXGLAssetLoaderService.kt:276)
	at com.almasb.fxgl.all/com.almasb.fxgl.dsl.FXGL$Companion.setLevelFromMap(FXGL.kt:502)
	at com.almasb.fxgl.all/com.almasb.fxgl.dsl.FXGL.setLevelFromMap(FXGL.kt)
	at trafficGame.main/it.uniroma1.metodologie.trafficGame.TrafficApp.initGame(TrafficApp.java:125)
	at com.almasb.fxgl.all/com.almasb.fxgl.app.FXGLApplication$InitAppTask.initGame(FXGLApplication.kt:320)
	at com.almasb.fxgl.all/com.almasb.fxgl.app.FXGLApplication$InitAppTask.call(FXGLApplication.kt:300)
	at com.almasb.fxgl.all/com.almasb.fxgl.app.FXGLApplication$InitAppTask.call(FXGLApplication.kt:292)
	at javafx.graphics/javafx.concurrent.Task$TaskCallable.call(Task.java:1425)
	at java.base/java.util.concurrent.FutureTask.run(FutureTask.java:264)
	at java.base/java.util.concurrent.Executors$RunnableAdapter.call(Executors.java:515)
	at java.base/java.util.concurrent.FutureTask.run(FutureTask.java:264)
	at java.base/java.util.concurrent.ThreadPoolExecutor.runWorker(ThreadPoolExecutor.java:1130)
	at java.base/java.util.concurrent.ThreadPoolExecutor$Worker.run(ThreadPoolExecutor.java:630)
	at java.base/java.lang.Thread.run(Thread.java:832)

23:34:00.665 [JavaFX Application Thread] FATAL FXGLApplication      - Application will now exit
23:34:00.669 [JavaFX Application Thread] DEBUG MainWindow           - Push state: ErrorSubScene
23:34:00.670 [JavaFX Application Thread] DEBUG Input                - Clearing active input actions
23:34:00.671 [JavaFX Application Thread] DEBUG GameApplicationServi - Removing overlay from FXGLLoadingScene and adding to ErrorSubScene
23:34:00.674 [JavaFX Application Thread] DEBUG MainWindow           - FXGLLoadingScene -> ErrorSubScene
23:34:01.662 [FXGL Background Thread 3 ] DEBUG Engine               - Logging environment variables
23:34:01.663 [FXGL Background Thread 3 ] DEBUG Engine               - achievements: []
23:34:01.663 [FXGL Background Thread 3 ] DEBUG Engine               - appIcon: fxgl_icon.png
23:34:01.663 [FXGL Background Thread 3 ] DEBUG Engine               - applicationMode: DEVELOPER
23:34:01.664 [FXGL Background Thread 3 ] DEBUG Engine               - cSSList: [fxgl_dark.css]
23:34:01.664 [FXGL Background Thread 3 ] DEBUG Engine               - configClass: Optional.empty
23:34:01.664 [FXGL Background Thread 3 ] DEBUG Engine               - credits: []
23:34:01.665 [FXGL Background Thread 3 ] DEBUG Engine               - devBBoxColorProperty: ObjectProperty [value: 0xff0000ff]
23:34:01.665 [FXGL Background Thread 3 ] DEBUG Engine               - devEnableDebugCameraProperty: BooleanProperty [value: false]
23:34:01.666 [FXGL Background Thread 3 ] DEBUG Engine               - devSensorColorProperty: ObjectProperty [value: 0xffff00ff]
23:34:01.666 [FXGL Background Thread 3 ] DEBUG Engine               - devShowBBoxProperty: BooleanProperty [value: false]
23:34:01.666 [FXGL Background Thread 3 ] DEBUG Engine               - devShowPositionProperty: BooleanProperty [value: false]
23:34:01.666 [FXGL Background Thread 3 ] DEBUG Engine               - enabledMenuItems: [SAVE_LOAD, EXTRA, ONLINE]
23:34:01.667 [FXGL Background Thread 3 ] DEBUG Engine               - engineServices: [class com.almasb.fxgl.app.FXGLApplication$GameApplicationService, class com.almasb.fxgl.app.services.FXGLDialogService, class com.almasb.fxgl.app.services.IOTaskExecutorService, class com.almasb.fxgl.event.EventBusService, class com.almasb.fxgl.io.FileSystemService, class com.almasb.fxgl.localization.LocalizationService, class com.almasb.fxgl.app.services.FXGLAssetLoaderService, class com.almasb.fxgl.app.services.SystemBundleService, class com.almasb.fxgl.profile.SaveLoadService, class com.almasb.fxgl.ui.FXGLUIFactoryServiceProvider, class com.almasb.fxgl.ui.FXGLDialogFactoryServiceProvider, class com.almasb.fxgl.audio.AudioPlayer, class com.almasb.fxgl.notification.impl.NotificationServiceProvider, class com.almasb.fxgl.achievement.AchievementService, class com.almasb.fxgl.cutscene.CutsceneService, class com.almasb.fxgl.minigames.MiniGameService, class com.almasb.fxgl.net.NetService, class com.almasb.fxgl.app.services.UpdaterService, class com.almasb.fxgl.dev.DevService]
23:34:01.667 [FXGL Background Thread 3 ] DEBUG Engine               - fontGame: Abel-Regular.ttf
23:34:01.668 [FXGL Background Thread 3 ] DEBUG Engine               - fontMono: lucida_console.ttf
23:34:01.668 [FXGL Background Thread 3 ] DEBUG Engine               - fontText: Courier-Prime.ttf
23:34:01.668 [FXGL Background Thread 3 ] DEBUG Engine               - fontUI: VarelaRound-Regular.ttf
23:34:01.668 [FXGL Background Thread 3 ] DEBUG Engine               - fullScreen: BooleanProperty [value: false]
23:34:01.668 [FXGL Background Thread 3 ] DEBUG Engine               - gameDifficulty: MEDIUM
23:34:01.669 [FXGL Background Thread 3 ] DEBUG Engine               - gameDifficultyProperty: ObjectProperty [value: MEDIUM]
23:34:01.669 [FXGL Background Thread 3 ] DEBUG Engine               - globalMusicVolume: 0.5
23:34:01.669 [FXGL Background Thread 3 ] DEBUG Engine               - globalMusicVolumeProperty: DoubleProperty [value: 0.5]
23:34:01.669 [FXGL Background Thread 3 ] DEBUG Engine               - globalSoundVolume: 0.5
23:34:01.670 [FXGL Background Thread 3 ] DEBUG Engine               - globalSoundVolumeProperty: DoubleProperty [value: 0.5]
23:34:01.670 [FXGL Background Thread 3 ] DEBUG Engine               - height: 1125
23:34:01.670 [FXGL Background Thread 3 ] DEBUG Engine               - isAndroid: false
23:34:01.670 [FXGL Background Thread 3 ] DEBUG Engine               - isBrowser: false
23:34:01.671 [FXGL Background Thread 3 ] DEBUG Engine               - isClickFeedbackEnabled: false
23:34:01.671 [FXGL Background Thread 3 ] DEBUG Engine               - isCloseConfirmation: false
23:34:01.671 [FXGL Background Thread 3 ] DEBUG Engine               - isDesktop: true
23:34:01.671 [FXGL Background Thread 3 ] DEBUG Engine               - isDeveloperMenuEnabled: true
23:34:01.672 [FXGL Background Thread 3 ] DEBUG Engine               - isEntityPreloadEnabled: true
23:34:01.672 [FXGL Background Thread 3 ] DEBUG Engine               - isExperimentalNative: false
23:34:01.672 [FXGL Background Thread 3 ] DEBUG Engine               - isExperimentalTiledLargeMap: false
23:34:01.672 [FXGL Background Thread 3 ] DEBUG Engine               - isFileSystemWriteAllowed: true
23:34:01.673 [FXGL Background Thread 3 ] DEBUG Engine               - isFullScreenAllowed: false
23:34:01.673 [FXGL Background Thread 3 ] DEBUG Engine               - isFullScreenFromStart: false
23:34:01.673 [FXGL Background Thread 3 ] DEBUG Engine               - isGameMenuEnabled: true
23:34:01.673 [FXGL Background Thread 3 ] DEBUG Engine               - isIOS: false
23:34:01.673 [FXGL Background Thread 3 ] DEBUG Engine               - isIntroEnabled: false
23:34:01.674 [FXGL Background Thread 3 ] DEBUG Engine               - isLinux: false
23:34:01.674 [FXGL Background Thread 3 ] DEBUG Engine               - isMac: true
23:34:01.674 [FXGL Background Thread 3 ] DEBUG Engine               - isMainMenuEnabled: true
23:34:01.674 [FXGL Background Thread 3 ] DEBUG Engine               - isManualResizeEnabled: true
23:34:01.675 [FXGL Background Thread 3 ] DEBUG Engine               - isMobile: false
23:34:01.675 [FXGL Background Thread 3 ] DEBUG Engine               - isPreserveResizeRatio: true
23:34:01.676 [FXGL Background Thread 3 ] DEBUG Engine               - isProfilingEnabled: false
23:34:01.676 [FXGL Background Thread 3 ] DEBUG Engine               - isSingleStep: false
23:34:01.676 [FXGL Background Thread 3 ] DEBUG Engine               - isUserProfileEnabled: false
23:34:01.676 [FXGL Background Thread 3 ] DEBUG Engine               - isWindows: false
23:34:01.676 [FXGL Background Thread 3 ] DEBUG Engine               - language: ObjectProperty [value: ENGLISH]
23:34:01.676 [FXGL Background Thread 3 ] DEBUG Engine               - menuKey: ESCAPE
23:34:01.677 [FXGL Background Thread 3 ] DEBUG Engine               - notificationViewClass: class com.almasb.fxgl.notification.view.XboxNotificationView
23:34:01.677 [FXGL Background Thread 3 ] DEBUG Engine               - pixelsPerMeter: 50.0
23:34:01.677 [FXGL Background Thread 3 ] DEBUG Engine               - platform: MAC
23:34:01.677 [FXGL Background Thread 3 ] DEBUG Engine               - profileDir: profiles/
23:34:01.678 [FXGL Background Thread 3 ] DEBUG Engine               - profileName: StringProperty [value: DEFAULT]
23:34:01.678 [FXGL Background Thread 3 ] DEBUG Engine               - randomSeed: -1
23:34:01.678 [FXGL Background Thread 3 ] DEBUG Engine               - runtimeInfo: RuntimeInfo(platform=MAC, version=dev-SNAPSHOT, build=06.09.2020 16.28)
23:34:01.679 [FXGL Background Thread 3 ] DEBUG Engine               - saveFileExt: sav
23:34:01.679 [FXGL Background Thread 3 ] DEBUG Engine               - sceneFactory: it.uniroma1.metodologie.trafficGame.TrafficApp$1@769fd096
23:34:01.679 [FXGL Background Thread 3 ] DEBUG Engine               - secondsIn24h: 60
23:34:01.680 [FXGL Background Thread 3 ] DEBUG Engine               - soundMenuBack: menu/back.wav
23:34:01.680 [FXGL Background Thread 3 ] DEBUG Engine               - soundMenuPress: menu/press.wav
23:34:01.680 [FXGL Background Thread 3 ] DEBUG Engine               - soundMenuSelect: menu/select.wav
23:34:01.680 [FXGL Background Thread 3 ] DEBUG Engine               - soundNotification: core/notification.wav
23:34:01.680 [FXGL Background Thread 3 ] DEBUG Engine               - stageStyle: DECORATED
23:34:01.680 [FXGL Background Thread 3 ] DEBUG Engine               - supportedLanguages: [ENGLISH, FRENCH, GERMAN, HUNGARIAN, RUSSIAN]
23:34:01.681 [FXGL Background Thread 3 ] DEBUG Engine               - title: Traffic
23:34:01.681 [FXGL Background Thread 3 ] DEBUG Engine               - urlGithub: https://github.com/AlmasB/FXGL
23:34:01.682 [FXGL Background Thread 3 ] DEBUG Engine               - urlLeaderboard: http://fxgl-top.herokuapp.com/
23:34:01.682 [FXGL Background Thread 3 ] DEBUG Engine               - urlPOM: https://raw.githubusercontent.com/AlmasB/FXGL/master/pom.xml
23:34:01.683 [FXGL Background Thread 3 ] DEBUG Engine               - version: Alpha 1.0
23:34:01.684 [FXGL Background Thread 3 ] DEBUG Engine               - versionCheckDays: 7
23:34:01.684 [FXGL Background Thread 3 ] DEBUG Engine               - width: 2000
23:34:01.684 [FXGL Background Thread 3 ] DEBUG Engine               - Logging services
23:34:01.685 [FXGL Background Thread 3 ] DEBUG Engine               - class com.almasb.fxgl.app.FXGLApplication$GameApplicationService
23:34:01.685 [FXGL Background Thread 3 ] DEBUG Engine               - class com.almasb.fxgl.app.services.FXGLDialogService
23:34:01.685 [FXGL Background Thread 3 ] DEBUG Engine               - class com.almasb.fxgl.app.services.IOTaskExecutorService
23:34:01.685 [FXGL Background Thread 3 ] DEBUG Engine               - class com.almasb.fxgl.event.EventBusService
23:34:01.685 [FXGL Background Thread 3 ] DEBUG Engine               - class com.almasb.fxgl.io.FileSystemService
23:34:01.686 [FXGL Background Thread 3 ] DEBUG Engine               - class com.almasb.fxgl.localization.LocalizationService
23:34:01.686 [FXGL Background Thread 3 ] DEBUG Engine               - class com.almasb.fxgl.app.services.FXGLAssetLoaderService
23:34:01.686 [FXGL Background Thread 3 ] DEBUG Engine               - class com.almasb.fxgl.app.services.SystemBundleService
23:34:01.686 [FXGL Background Thread 3 ] DEBUG Engine               - class com.almasb.fxgl.profile.SaveLoadService
23:34:01.686 [FXGL Background Thread 3 ] DEBUG Engine               - class com.almasb.fxgl.ui.FXGLUIFactoryServiceProvider
23:34:01.686 [FXGL Background Thread 3 ] DEBUG Engine               - class com.almasb.fxgl.ui.FXGLDialogFactoryServiceProvider
23:34:01.687 [FXGL Background Thread 3 ] DEBUG Engine               - class com.almasb.fxgl.audio.AudioPlayer
23:34:01.687 [FXGL Background Thread 3 ] DEBUG Engine               - class com.almasb.fxgl.notification.impl.NotificationServiceProvider
23:34:01.687 [FXGL Background Thread 3 ] DEBUG Engine               - class com.almasb.fxgl.achievement.AchievementService
23:34:01.687 [FXGL Background Thread 3 ] DEBUG Engine               - class com.almasb.fxgl.cutscene.CutsceneService
23:34:01.687 [FXGL Background Thread 3 ] DEBUG Engine               - class com.almasb.fxgl.minigames.MiniGameService
23:34:01.688 [FXGL Background Thread 3 ] DEBUG Engine               - class com.almasb.fxgl.net.NetService
23:34:01.688 [FXGL Background Thread 3 ] DEBUG Engine               - class com.almasb.fxgl.app.services.UpdaterService
23:34:01.688 [FXGL Background Thread 3 ] DEBUG Engine               - class com.almasb.fxgl.dev.DevService
23:34:02.409 [JavaFX Application Thread] DEBUG FXGLApplication      - Exiting FXGL
23:34:02.409 [JavaFX Application Thread] DEBUG Async                - Shutting down background threads
23:34:02.409 [JavaFX Application Thread] DEBUG MainWindow           - Closing main window
23:34:02.426 [JavaFX Application Thread] DEBUG Logger               - Closing Logger
