02:35:04.792 [main                     ] DEBUG Logger               - Configured Logger
02:35:04.804 [main                     ] DEBUG GameApplication      - Logging settings
Title: Traffic
Version: Alpha 1.0
Width: 2000
Height: 1125
Fullscreen: false
Intro: false
Profiling: false
Single step:false
App Mode: DEVELOPER
Menu Key: ESCAPE
Stage Style: DECORATED
Scene Factory: class it.uniroma1.metodologie.trafficGame.TrafficApp$1

02:35:05.184 [JavaFX Application Thread] DEBUG FXGLApplication      - Initializing FXGL
02:35:05.189 [JavaFX Application Thread] INFO  Engine               - FXGL-dev-SNAPSHOT (08.09.2020 17.31) on WINDOWS (J:13.0.2 FX:14)
02:35:05.190 [JavaFX Application Thread] DEBUG Engine               - JRE Vendor Name: Oracle Corporation
02:35:05.190 [JavaFX Application Thread] DEBUG Engine               - Running on OS: Windows 10 version 10.0
02:35:05.190 [JavaFX Application Thread] DEBUG Engine               - Architecture: amd64
02:35:05.190 [JavaFX Application Thread] INFO  Engine               - Source code and latest versions at: https://github.com/AlmasB/FXGL
02:35:05.190 [JavaFX Application Thread] INFO  Engine               -              Join the FXGL chat at: https://gitter.im/AlmasB/FXGL
02:35:05.267 [JavaFX Application Thread] DEBUG MainWindow           - Creating a JavaFX scene
02:35:05.306 [JavaFX Application Thread] DEBUG MainWindow           - Target settings size: 2000.0 x 1125.0
02:35:05.306 [JavaFX Application Thread] DEBUG MainWindow           - Scaled scene size:    2000.0 x 1125.0
02:35:05.306 [JavaFX Application Thread] DEBUG MainWindow           - Scaled ratio: (1.0, 1.0)
02:35:05.307 [JavaFX Application Thread] DEBUG MainWindow           - Set initial scene to StartupScene
02:35:05.312 [JavaFX Application Thread] DEBUG MainWindow           - Opening main window
02:35:05.381 [JavaFX Application Thread] DEBUG MainWindow           - Window border size: (16.0, 39.0)
02:35:05.381 [JavaFX Application Thread] DEBUG MainWindow           - Scaled size: 2000.0 x 1125.0
02:35:05.381 [JavaFX Application Thread] DEBUG MainWindow           - Scaled ratio: (1.0, 1.0)
02:35:05.381 [JavaFX Application Thread] DEBUG MainWindow           - Scene size: 2000.0 x 1125.0
02:35:05.381 [JavaFX Application Thread] DEBUG MainWindow           - Stage size: 2016.0 x 1164.0
02:35:05.392 [FXGL Background Thread 1 ] DEBUG Engine               - Initializing environment variables
02:35:05.417 [FXGL Background Thread 1 ] DEBUG GameApplicationServi - Applying CSS: fxgl_dark.css
02:35:05.420 [FXGL Background Thread 1 ] DEBUG FXGLAssetLoaderServi - Loading from file system: /assets/ui/css/fxgl_dark.css
02:35:05.463 [FXGL Background Thread 1 ] DEBUG GameApplicationServi - Initializing application scenes
02:35:05.521 [FXGL Background Thread 1 ] DEBUG GameWorld            - Game world initialized
02:35:05.561 [FXGL Background Thread 1 ] DEBUG PhysicsWorld         - Physics world initialized: appHeight=1125, physics.ppm=50,0
02:35:05.562 [FXGL Background Thread 1 ] DEBUG GameScene            - Game scene initialized: 2000x1125
02:35:05.570 [FXGL Background Thread 1 ] DEBUG FXGLAssetLoaderServi - Loading from file system: /assets/textures/bg.jpg
02:35:05.855 [FXGL Background Thread 1 ] DEBUG FXGLAssetLoaderServi - Loading from file system: /assets/textures/logo.png
02:35:05.943 [FXGL Background Thread 1 ] DEBUG FXGLAssetLoaderServi - Loading from file system: /assets/textures/particles/trace_horizontal.png
02:35:05.968 [FXGL Background Thread 1 ] DEBUG FXGL.DefaultMenu     - createMenuBodyGameMenu()
02:35:05.978 [FXGL Background Thread 1 ] DEBUG FXGL.DefaultMenu     - createOptionsMenu()
02:35:05.982 [FXGL Background Thread 1 ] DEBUG FXGL.DefaultMenu     - createExtraMenu()
02:35:05.984 [FXGL Background Thread 1 ] DEBUG FXGLAssetLoaderServi - Loading from file system: /assets/textures/particles/smoke.png
02:35:06.022 [FXGL Background Thread 1 ] DEBUG GameApplicationServi - Application scenes initialized
02:35:06.030 [FXGL Background Thread 1 ] DEBUG SystemBundleService  - Loading FXGL system data
02:35:06.033 [FXGL Background Thread 1 ] DEBUG FileSystemAccess     - Reading from: C:\Users\Andrea\Desktop\Homework\traffic-mobile\system\fxgl.bundle
02:35:06.039 [FXGL Background Thread 1 ] DEBUG SystemBundleService  - Bundle FXGL: {}
02:35:06.039 [FXGL Background Thread 1 ] DEBUG UpdaterService       - Checking for updates
02:35:06.065 [FXGL Background Thread 4 ] DEBUG FXGLApplication      - Loading fonts
02:35:06.065 [FXGL Background Thread 1 ] DEBUG FXGLApplication      - Loading default localization
02:35:06.065 [FXGL Background Thread 1 ] DEBUG FXGLAssetLoaderServi - Loading from file system: /assets/languages/english.lang
02:35:06.065 [FXGL Background Thread 4 ] DEBUG FXGLAssetLoaderServi - Loading from file system: /assets/ui/fonts/VarelaRound-Regular.ttf
02:35:06.078 [FXGL Background Thread 1 ] INFO  FXGLApplication      - FXGL initialization took: 0,686 sec
02:35:06.084 [JavaFX Application Thread] DEBUG Input                - Registered new binding: Change trafficlight status - F
02:35:06.084 [JavaFX Application Thread] DEBUG Input                - Registered new binding: Move Right - D
02:35:06.084 [JavaFX Application Thread] DEBUG Input                - Registered new binding: Move Left - A
02:35:06.084 [JavaFX Application Thread] DEBUG Input                - Registered new binding: Move Up - W
02:35:06.085 [JavaFX Application Thread] DEBUG Input                - Registered new binding: Move Down - S
02:35:06.085 [JavaFX Application Thread] DEBUG Input                - Registered new binding: Spawn Car - Space
02:35:06.085 [JavaFX Application Thread] DEBUG Input                - Registered new binding: Select and change traffic light - LMB
02:35:06.086 [JavaFX Application Thread] DEBUG FXGLAssetLoaderServi - Loading from file system: /assets/textures/fxgl_icon.png
02:35:06.099 [JavaFX Application Thread] DEBUG FXGLAssetLoaderServi - Loading from file system: /assets/ui/cursors/fxgl_default.png
02:35:06.101 [JavaFX Application Thread] DEBUG Input                - Registered new binding: Screenshot - P
02:35:06.101 [JavaFX Application Thread] DEBUG Input                - Registered new binding: Dev Options - 1
02:35:06.101 [JavaFX Application Thread] DEBUG Input                - Registered new binding: Dev Console - 2
02:35:06.102 [JavaFX Application Thread] DEBUG Input                - Registered new binding: System info dump - CTRL+9
02:35:06.102 [JavaFX Application Thread] DEBUG Input                - Registered new binding: Restart - CTRL+R
02:35:06.103 [JavaFX Application Thread] DEBUG Input                - Registered new binding: Toggle Debug Camera - CTRL+C
02:35:06.104 [JavaFX Application Thread] DEBUG LoopRunner           - Starting loop
02:35:06.116 [JavaFX Application Thread] DEBUG Input                - Clearing active input actions
02:35:06.122 [JavaFX Application Thread] DEBUG GameApplicationServi - Removing overlay from StartupScene and adding to FXGLMainMenuDummyScene
02:35:06.139 [JavaFX Application Thread] DEBUG MainWindow           - StartupScene -> FXGLMainMenuDummyScene
02:35:06.139 [JavaFX Application Thread] DEBUG MainWindow           - Push state: TrafficAppMenu
02:35:06.140 [JavaFX Application Thread] DEBUG Input                - Clearing active input actions
02:35:06.151 [JavaFX Application Thread] DEBUG GameApplicationServi - Removing overlay from FXGLMainMenuDummyScene and adding to TrafficAppMenu
02:35:06.152 [JavaFX Application Thread] DEBUG MainWindow           - FXGLMainMenuDummyScene -> TrafficAppMenu
02:35:06.610 [FXGL Background Thread 4 ] DEBUG FXGLAssetLoaderServi - Loading from file system: /assets/ui/fonts/Abel-Regular.ttf
02:35:06.615 [FXGL Background Thread 4 ] DEBUG FXGLAssetLoaderServi - Loading from file system: /assets/ui/fonts/lucida_console.ttf
02:35:06.618 [FXGL Background Thread 4 ] DEBUG FXGLAssetLoaderServi - Loading from file system: /assets/ui/fonts/Courier-Prime.ttf
02:35:06.625 [JavaFX Application Thread] DEBUG FXGLApplication      - Registering font factories with UI factory
02:35:07.402 [JavaFX Application Thread] DEBUG Menu                 - fireNewGame()
02:35:07.403 [JavaFX Application Thread] DEBUG GameApplicationServi - Starting new game
02:35:07.403 [JavaFX Application Thread] DEBUG MainWindow           - Pop state: TrafficAppMenu
02:35:07.403 [JavaFX Application Thread] DEBUG Input                - Clearing active input actions
02:35:07.404 [JavaFX Application Thread] DEBUG GameApplicationServi - Removing overlay from TrafficAppMenu and adding to FXGLMainMenuDummyScene
02:35:07.405 [JavaFX Application Thread] DEBUG MainWindow           - FXGLMainMenuDummyScene <- TrafficAppMenu
02:35:07.406 [JavaFX Application Thread] DEBUG Input                - Clearing active input actions
02:35:07.411 [JavaFX Application Thread] DEBUG GameApplicationServi - Removing overlay from FXGLMainMenuDummyScene and adding to FXGLLoadingScene
02:35:07.412 [JavaFX Application Thread] DEBUG MainWindow           - FXGLMainMenuDummyScene -> FXGLLoadingScene
02:35:07.412 [JavaFX Application Thread] DEBUG GameApplicationServi - Clearing previous game
02:35:07.412 [JavaFX Application Thread] DEBUG GameScene            - Clearing game scene
02:35:07.412 [JavaFX Application Thread] DEBUG GameWorld            - Clearing game world
02:35:07.412 [JavaFX Application Thread] DEBUG PhysicsWorld         - Clearing physics world
02:35:07.413 [FXGL Background Thread 2 ] DEBUG FXGLApplication      - Initializing game
02:35:07.418 [FXGL Background Thread 2 ] DEBUG FXGLAssetLoaderServi - Loading from file system: /assets/levels/Mappa_01.tmx
02:35:07.437 [FXGL Background Thread 2 ] WARN  TMXLevelLoader       - TiledMap generated from 1.4.1. Supported version: 1.2.3. Some features may not be parsed fully.
02:35:07.467 [FXGL Background Thread 2 ] DEBUG TMXLevelLoader       - Parsed raw map: TiledMap(width=16, height=9, tilewidth=125, tileheight=125, orientation=orthogonal, layers=[Layer(width=16, height=9, name=Tile Layer 1, type=tilelayer, visible=false, x=0, y=0, data=[24, 24, 24, 26, 5, 28, 24, 24, 24, 24, 24, 26, 5, 28, 24, 24, 25, 25, 25, 32, 5, 34, 25, 25, 25, 25, 25, 32, 5, 34, 25, 25, 6, 6, 6, 6, 7, 6, 6, 6, 6, 6, 6, 6, 7, 6, 6, 6, 27, 27, 27, 33, 5, 21, 13, 13, 13, 13, 13, 19, 5, 35, 27, 27, 24, 24, 24, 26, 5, 14, 10, 10, 10, 10, 10, 12, 5, 28, 24, 24, 25, 25, 25, 32, 5, 20, 11, 11, 11, 11, 11, 18, 5, 34, 25, 25, 6, 6, 6, 6, 7, 6, 6, 6, 6, 6, 6, 6, 7, 6, 6, 6, 27, 27, 27, 33, 5, 35, 27, 27, 27, 27, 27, 33, 5, 35, 27, 27, 24, 24, 24, 26, 5, 28, 24, 24, 24, 24, 24, 26, 5, 28, 24, 24], objects=[], opacity=0.0, draworder=), Layer(width=0, height=0, name=spawnpoints, type=objectgroup, visible=false, x=0, y=0, data=[], objects=[com.almasb.fxgl.entity.level.tiled.TiledObject@2877ce8, com.almasb.fxgl.entity.level.tiled.TiledObject@454fb615, com.almasb.fxgl.entity.level.tiled.TiledObject@199f41aa, com.almasb.fxgl.entity.level.tiled.TiledObject@414b26a8, com.almasb.fxgl.entity.level.tiled.TiledObject@78126255, com.almasb.fxgl.entity.level.tiled.TiledObject@40559c5c, com.almasb.fxgl.entity.level.tiled.TiledObject@23a417ed, com.almasb.fxgl.entity.level.tiled.TiledObject@3b420b57], opacity=0.0, draworder=), Layer(width=0, height=0, name=paths, type=objectgroup, visible=false, x=0, y=0, data=[], objects=[com.almasb.fxgl.entity.level.tiled.TiledObject@5029d6a0, com.almasb.fxgl.entity.level.tiled.TiledObject@3c720785, com.almasb.fxgl.entity.level.tiled.TiledObject@3f6a6499, com.almasb.fxgl.entity.level.tiled.TiledObject@14d9c890, com.almasb.fxgl.entity.level.tiled.TiledObject@adb907d, com.almasb.fxgl.entity.level.tiled.TiledObject@2639f08c, com.almasb.fxgl.entity.level.tiled.TiledObject@4a1b067e, com.almasb.fxgl.entity.level.tiled.TiledObject@10dccae5, com.almasb.fxgl.entity.level.tiled.TiledObject@4652f8fb, com.almasb.fxgl.entity.level.tiled.TiledObject@2f86dd2d, com.almasb.fxgl.entity.level.tiled.TiledObject@3dbc0655, com.almasb.fxgl.entity.level.tiled.TiledObject@4b4168e5, com.almasb.fxgl.entity.level.tiled.TiledObject@1a05d456, com.almasb.fxgl.entity.level.tiled.TiledObject@3731d8e, com.almasb.fxgl.entity.level.tiled.TiledObject@5e202d1b, com.almasb.fxgl.entity.level.tiled.TiledObject@1e66607a, com.almasb.fxgl.entity.level.tiled.TiledObject@2a75a084, com.almasb.fxgl.entity.level.tiled.TiledObject@31f14729, com.almasb.fxgl.entity.level.tiled.TiledObject@6ee6ecf9, com.almasb.fxgl.entity.level.tiled.TiledObject@43ae24ef, com.almasb.fxgl.entity.level.tiled.TiledObject@44d8cd9e, com.almasb.fxgl.entity.level.tiled.TiledObject@7f2b1223, com.almasb.fxgl.entity.level.tiled.TiledObject@2673a81b, com.almasb.fxgl.entity.level.tiled.TiledObject@14487966], opacity=0.0, draworder=), Layer(width=0, height=0, name=Incroci, type=objectgroup, visible=false, x=0, y=0, data=[], objects=[com.almasb.fxgl.entity.level.tiled.TiledObject@16fee24c, com.almasb.fxgl.entity.level.tiled.TiledObject@31e340ba, com.almasb.fxgl.entity.level.tiled.TiledObject@a6b05ed, com.almasb.fxgl.entity.level.tiled.TiledObject@5d3fde8f], opacity=0.0, draworder=), Layer(width=0, height=0, name=trafficLight, type=objectgroup, visible=false, x=0, y=0, data=[], objects=[com.almasb.fxgl.entity.level.tiled.TiledObject@3cb2bbe6, com.almasb.fxgl.entity.level.tiled.TiledObject@177fca5a, com.almasb.fxgl.entity.level.tiled.TiledObject@45e9e135, com.almasb.fxgl.entity.level.tiled.TiledObject@668194a1, com.almasb.fxgl.entity.level.tiled.TiledObject@4f457e1c, com.almasb.fxgl.entity.level.tiled.TiledObject@268150b4, com.almasb.fxgl.entity.level.tiled.TiledObject@2cebfd18, com.almasb.fxgl.entity.level.tiled.TiledObject@46a550b8, com.almasb.fxgl.entity.level.tiled.TiledObject@22f463ee, com.almasb.fxgl.entity.level.tiled.TiledObject@edc93f4, com.almasb.fxgl.entity.level.tiled.TiledObject@7d2cac0a, com.almasb.fxgl.entity.level.tiled.TiledObject@11e00387, com.almasb.fxgl.entity.level.tiled.TiledObject@108af946, com.almasb.fxgl.entity.level.tiled.TiledObject@7a239b90, com.almasb.fxgl.entity.level.tiled.TiledObject@62f72422, com.almasb.fxgl.entity.level.tiled.TiledObject@731affc0], opacity=0.0, draworder=)], tilesets=[Tileset(firstgid=1, image=../textures/rsz_tiles_sheet.png, name=rsz_tiles_sheet, tilewidth=125, tileheight=125, imagewidth=875, imageheight=750, margin=0, spacing=0, columns=7, tilecount=42, transparentcolor=41ffef, tiles=[])], backgroundcolor=, renderorder=left-up, nextobjectid=66, version=1, tiledversion=1.4.1, type=map, infinite=false, hexsidelength=0, staggeraxis=, staggerindex=, properties={}, propertytypes={})
02:35:07.467 [FXGL Background Thread 2 ] DEBUG TMXLevelLoader       - Creating tile layer entities
02:35:07.468 [FXGL Background Thread 2 ] DEBUG TilesetLoader        - Loading view for layer Tile Layer 1
02:35:07.474 [FXGL Background Thread 2 ] DEBUG TilesetLoader        - Created buffer with size 2000.0x1125.0
02:35:07.598 [FXGL Background Thread 2 ] DEBUG TilesetLoader        - Writing to buffer: dst=0,0, w=125,h=125, src=250,375
02:35:07.598 [FXGL Background Thread 2 ] DEBUG TilesetLoader        - Writing to buffer: dst=125,0, w=125,h=125, src=250,375
02:35:07.598 [FXGL Background Thread 2 ] DEBUG TilesetLoader        - Writing to buffer: dst=250,0, w=125,h=125, src=250,375
02:35:07.598 [FXGL Background Thread 2 ] DEBUG TilesetLoader        - Writing to buffer: dst=375,0, w=125,h=125, src=500,375
02:35:07.599 [FXGL Background Thread 2 ] DEBUG TilesetLoader        - Writing to buffer: dst=500,0, w=125,h=125, src=500,0
02:35:07.599 [FXGL Background Thread 2 ] DEBUG TilesetLoader        - Writing to buffer: dst=625,0, w=125,h=125, src=750,375
02:35:07.599 [FXGL Background Thread 2 ] DEBUG TilesetLoader        - Writing to buffer: dst=750,0, w=125,h=125, src=250,375
02:35:07.600 [FXGL Background Thread 2 ] DEBUG TilesetLoader        - Writing to buffer: dst=875,0, w=125,h=125, src=250,375
02:35:07.600 [FXGL Background Thread 2 ] DEBUG TilesetLoader        - Writing to buffer: dst=1000,0, w=125,h=125, src=250,375
02:35:07.600 [FXGL Background Thread 2 ] DEBUG TilesetLoader        - Writing to buffer: dst=1125,0, w=125,h=125, src=250,375
02:35:07.600 [FXGL Background Thread 2 ] DEBUG TilesetLoader        - Writing to buffer: dst=1250,0, w=125,h=125, src=250,375
02:35:07.601 [FXGL Background Thread 2 ] DEBUG TilesetLoader        - Writing to buffer: dst=1375,0, w=125,h=125, src=500,375
02:35:07.601 [FXGL Background Thread 2 ] DEBUG TilesetLoader        - Writing to buffer: dst=1500,0, w=125,h=125, src=500,0
02:35:07.601 [FXGL Background Thread 2 ] DEBUG TilesetLoader        - Writing to buffer: dst=1625,0, w=125,h=125, src=750,375
02:35:07.601 [FXGL Background Thread 2 ] DEBUG TilesetLoader        - Writing to buffer: dst=1750,0, w=125,h=125, src=250,375
02:35:07.601 [FXGL Background Thread 2 ] DEBUG TilesetLoader        - Writing to buffer: dst=1875,0, w=125,h=125, src=250,375
02:35:07.601 [FXGL Background Thread 2 ] DEBUG TilesetLoader        - Writing to buffer: dst=0,125, w=125,h=125, src=375,375
02:35:07.601 [FXGL Background Thread 2 ] DEBUG TilesetLoader        - Writing to buffer: dst=125,125, w=125,h=125, src=375,375
02:35:07.602 [FXGL Background Thread 2 ] DEBUG TilesetLoader        - Writing to buffer: dst=250,125, w=125,h=125, src=375,375
02:35:07.602 [FXGL Background Thread 2 ] DEBUG TilesetLoader        - Writing to buffer: dst=375,125, w=125,h=125, src=375,500
02:35:07.602 [FXGL Background Thread 2 ] DEBUG TilesetLoader        - Writing to buffer: dst=500,125, w=125,h=125, src=500,0
02:35:07.602 [FXGL Background Thread 2 ] DEBUG TilesetLoader        - Writing to buffer: dst=625,125, w=125,h=125, src=625,500
02:35:07.602 [FXGL Background Thread 2 ] DEBUG TilesetLoader        - Writing to buffer: dst=750,125, w=125,h=125, src=375,375
02:35:07.604 [FXGL Background Thread 2 ] DEBUG TilesetLoader        - Writing to buffer: dst=875,125, w=125,h=125, src=375,375
02:35:07.605 [FXGL Background Thread 2 ] DEBUG TilesetLoader        - Writing to buffer: dst=1000,125, w=125,h=125, src=375,375
02:35:07.606 [FXGL Background Thread 2 ] DEBUG TilesetLoader        - Writing to buffer: dst=1125,125, w=125,h=125, src=375,375
02:35:07.606 [FXGL Background Thread 2 ] DEBUG TilesetLoader        - Writing to buffer: dst=1250,125, w=125,h=125, src=375,375
02:35:07.606 [FXGL Background Thread 2 ] DEBUG TilesetLoader        - Writing to buffer: dst=1375,125, w=125,h=125, src=375,500
02:35:07.606 [FXGL Background Thread 2 ] DEBUG TilesetLoader        - Writing to buffer: dst=1500,125, w=125,h=125, src=500,0
02:35:07.607 [FXGL Background Thread 2 ] DEBUG TilesetLoader        - Writing to buffer: dst=1625,125, w=125,h=125, src=625,500
02:35:07.607 [FXGL Background Thread 2 ] DEBUG TilesetLoader        - Writing to buffer: dst=1750,125, w=125,h=125, src=375,375
02:35:07.607 [FXGL Background Thread 2 ] DEBUG TilesetLoader        - Writing to buffer: dst=1875,125, w=125,h=125, src=375,375
02:35:07.607 [FXGL Background Thread 2 ] DEBUG TilesetLoader        - Writing to buffer: dst=0,250, w=125,h=125, src=625,0
02:35:07.607 [FXGL Background Thread 2 ] DEBUG TilesetLoader        - Writing to buffer: dst=125,250, w=125,h=125, src=625,0
02:35:07.608 [FXGL Background Thread 2 ] DEBUG TilesetLoader        - Writing to buffer: dst=250,250, w=125,h=125, src=625,0
02:35:07.608 [FXGL Background Thread 2 ] DEBUG TilesetLoader        - Writing to buffer: dst=375,250, w=125,h=125, src=625,0
02:35:07.608 [FXGL Background Thread 2 ] DEBUG TilesetLoader        - Writing to buffer: dst=500,250, w=125,h=125, src=750,0
02:35:07.608 [FXGL Background Thread 2 ] DEBUG TilesetLoader        - Writing to buffer: dst=625,250, w=125,h=125, src=625,0
02:35:07.609 [FXGL Background Thread 2 ] DEBUG TilesetLoader        - Writing to buffer: dst=750,250, w=125,h=125, src=625,0
02:35:07.609 [FXGL Background Thread 2 ] DEBUG TilesetLoader        - Writing to buffer: dst=875,250, w=125,h=125, src=625,0
02:35:07.609 [FXGL Background Thread 2 ] DEBUG TilesetLoader        - Writing to buffer: dst=1000,250, w=125,h=125, src=625,0
02:35:07.609 [FXGL Background Thread 2 ] DEBUG TilesetLoader        - Writing to buffer: dst=1125,250, w=125,h=125, src=625,0
02:35:07.609 [FXGL Background Thread 2 ] DEBUG TilesetLoader        - Writing to buffer: dst=1250,250, w=125,h=125, src=625,0
02:35:07.610 [FXGL Background Thread 2 ] DEBUG TilesetLoader        - Writing to buffer: dst=1375,250, w=125,h=125, src=625,0
02:35:07.610 [FXGL Background Thread 2 ] DEBUG TilesetLoader        - Writing to buffer: dst=1500,250, w=125,h=125, src=750,0
02:35:07.610 [FXGL Background Thread 2 ] DEBUG TilesetLoader        - Writing to buffer: dst=1625,250, w=125,h=125, src=625,0
02:35:07.610 [FXGL Background Thread 2 ] DEBUG TilesetLoader        - Writing to buffer: dst=1750,250, w=125,h=125, src=625,0
02:35:07.610 [FXGL Background Thread 2 ] DEBUG TilesetLoader        - Writing to buffer: dst=1875,250, w=125,h=125, src=625,0
02:35:07.610 [FXGL Background Thread 2 ] DEBUG TilesetLoader        - Writing to buffer: dst=0,375, w=125,h=125, src=625,375
02:35:07.611 [FXGL Background Thread 2 ] DEBUG TilesetLoader        - Writing to buffer: dst=125,375, w=125,h=125, src=625,375
02:35:07.611 [FXGL Background Thread 2 ] DEBUG TilesetLoader        - Writing to buffer: dst=250,375, w=125,h=125, src=625,375
02:35:07.611 [FXGL Background Thread 2 ] DEBUG TilesetLoader        - Writing to buffer: dst=375,375, w=125,h=125, src=500,500
02:35:07.611 [FXGL Background Thread 2 ] DEBUG TilesetLoader        - Writing to buffer: dst=500,375, w=125,h=125, src=500,0
02:35:07.611 [FXGL Background Thread 2 ] DEBUG TilesetLoader        - Writing to buffer: dst=625,375, w=125,h=125, src=750,250
02:35:07.612 [FXGL Background Thread 2 ] DEBUG TilesetLoader        - Writing to buffer: dst=750,375, w=125,h=125, src=625,125
02:35:07.612 [FXGL Background Thread 2 ] DEBUG TilesetLoader        - Writing to buffer: dst=875,375, w=125,h=125, src=625,125
02:35:07.612 [FXGL Background Thread 2 ] DEBUG TilesetLoader        - Writing to buffer: dst=1000,375, w=125,h=125, src=625,125
02:35:07.613 [FXGL Background Thread 2 ] DEBUG TilesetLoader        - Writing to buffer: dst=1125,375, w=125,h=125, src=625,125
02:35:07.613 [FXGL Background Thread 2 ] DEBUG TilesetLoader        - Writing to buffer: dst=1250,375, w=125,h=125, src=625,125
02:35:07.613 [FXGL Background Thread 2 ] DEBUG TilesetLoader        - Writing to buffer: dst=1375,375, w=125,h=125, src=500,250
02:35:07.613 [FXGL Background Thread 2 ] DEBUG TilesetLoader        - Writing to buffer: dst=1500,375, w=125,h=125, src=500,0
02:35:07.614 [FXGL Background Thread 2 ] DEBUG TilesetLoader        - Writing to buffer: dst=1625,375, w=125,h=125, src=750,500
02:35:07.614 [FXGL Background Thread 2 ] DEBUG TilesetLoader        - Writing to buffer: dst=1750,375, w=125,h=125, src=625,375
02:35:07.614 [FXGL Background Thread 2 ] DEBUG TilesetLoader        - Writing to buffer: dst=1875,375, w=125,h=125, src=625,375
02:35:07.615 [FXGL Background Thread 2 ] DEBUG TilesetLoader        - Writing to buffer: dst=0,500, w=125,h=125, src=250,375
02:35:07.615 [FXGL Background Thread 2 ] DEBUG TilesetLoader        - Writing to buffer: dst=125,500, w=125,h=125, src=250,375
02:35:07.615 [FXGL Background Thread 2 ] DEBUG TilesetLoader        - Writing to buffer: dst=250,500, w=125,h=125, src=250,375
02:35:07.615 [FXGL Background Thread 2 ] DEBUG TilesetLoader        - Writing to buffer: dst=375,500, w=125,h=125, src=500,375
02:35:07.615 [FXGL Background Thread 2 ] DEBUG TilesetLoader        - Writing to buffer: dst=500,500, w=125,h=125, src=500,0
02:35:07.615 [FXGL Background Thread 2 ] DEBUG TilesetLoader        - Writing to buffer: dst=625,500, w=125,h=125, src=750,125
02:35:07.615 [FXGL Background Thread 2 ] DEBUG TilesetLoader        - Writing to buffer: dst=750,500, w=125,h=125, src=250,125
02:35:07.616 [FXGL Background Thread 2 ] DEBUG TilesetLoader        - Writing to buffer: dst=875,500, w=125,h=125, src=250,125
02:35:07.616 [FXGL Background Thread 2 ] DEBUG TilesetLoader        - Writing to buffer: dst=1000,500, w=125,h=125, src=250,125
02:35:07.616 [FXGL Background Thread 2 ] DEBUG TilesetLoader        - Writing to buffer: dst=1125,500, w=125,h=125, src=250,125
02:35:07.616 [FXGL Background Thread 2 ] DEBUG TilesetLoader        - Writing to buffer: dst=1250,500, w=125,h=125, src=250,125
02:35:07.616 [FXGL Background Thread 2 ] DEBUG TilesetLoader        - Writing to buffer: dst=1375,500, w=125,h=125, src=500,125
02:35:07.616 [FXGL Background Thread 2 ] DEBUG TilesetLoader        - Writing to buffer: dst=1500,500, w=125,h=125, src=500,0
02:35:07.616 [FXGL Background Thread 2 ] DEBUG TilesetLoader        - Writing to buffer: dst=1625,500, w=125,h=125, src=750,375
02:35:07.616 [FXGL Background Thread 2 ] DEBUG TilesetLoader        - Writing to buffer: dst=1750,500, w=125,h=125, src=250,375
02:35:07.616 [FXGL Background Thread 2 ] DEBUG TilesetLoader        - Writing to buffer: dst=1875,500, w=125,h=125, src=250,375
02:35:07.617 [FXGL Background Thread 2 ] DEBUG TilesetLoader        - Writing to buffer: dst=0,625, w=125,h=125, src=375,375
02:35:07.617 [FXGL Background Thread 2 ] DEBUG TilesetLoader        - Writing to buffer: dst=125,625, w=125,h=125, src=375,375
02:35:07.617 [FXGL Background Thread 2 ] DEBUG TilesetLoader        - Writing to buffer: dst=250,625, w=125,h=125, src=375,375
02:35:07.617 [FXGL Background Thread 2 ] DEBUG TilesetLoader        - Writing to buffer: dst=375,625, w=125,h=125, src=375,500
02:35:07.617 [FXGL Background Thread 2 ] DEBUG TilesetLoader        - Writing to buffer: dst=500,625, w=125,h=125, src=500,0
02:35:07.617 [FXGL Background Thread 2 ] DEBUG TilesetLoader        - Writing to buffer: dst=625,625, w=125,h=125, src=625,250
02:35:07.617 [FXGL Background Thread 2 ] DEBUG TilesetLoader        - Writing to buffer: dst=750,625, w=125,h=125, src=375,125
02:35:07.617 [FXGL Background Thread 2 ] DEBUG TilesetLoader        - Writing to buffer: dst=875,625, w=125,h=125, src=375,125
02:35:07.617 [FXGL Background Thread 2 ] DEBUG TilesetLoader        - Writing to buffer: dst=1000,625, w=125,h=125, src=375,125
02:35:07.618 [FXGL Background Thread 2 ] DEBUG TilesetLoader        - Writing to buffer: dst=1125,625, w=125,h=125, src=375,125
02:35:07.618 [FXGL Background Thread 2 ] DEBUG TilesetLoader        - Writing to buffer: dst=1250,625, w=125,h=125, src=375,125
02:35:07.618 [FXGL Background Thread 2 ] DEBUG TilesetLoader        - Writing to buffer: dst=1375,625, w=125,h=125, src=375,250
02:35:07.618 [FXGL Background Thread 2 ] DEBUG TilesetLoader        - Writing to buffer: dst=1500,625, w=125,h=125, src=500,0
02:35:07.618 [FXGL Background Thread 2 ] DEBUG TilesetLoader        - Writing to buffer: dst=1625,625, w=125,h=125, src=625,500
02:35:07.618 [FXGL Background Thread 2 ] DEBUG TilesetLoader        - Writing to buffer: dst=1750,625, w=125,h=125, src=375,375
02:35:07.618 [FXGL Background Thread 2 ] DEBUG TilesetLoader        - Writing to buffer: dst=1875,625, w=125,h=125, src=375,375
02:35:07.619 [FXGL Background Thread 2 ] DEBUG TilesetLoader        - Writing to buffer: dst=0,750, w=125,h=125, src=625,0
02:35:07.619 [FXGL Background Thread 2 ] DEBUG TilesetLoader        - Writing to buffer: dst=125,750, w=125,h=125, src=625,0
02:35:07.620 [FXGL Background Thread 2 ] DEBUG TilesetLoader        - Writing to buffer: dst=250,750, w=125,h=125, src=625,0
02:35:07.620 [FXGL Background Thread 2 ] DEBUG TilesetLoader        - Writing to buffer: dst=375,750, w=125,h=125, src=625,0
02:35:07.620 [FXGL Background Thread 2 ] DEBUG TilesetLoader        - Writing to buffer: dst=500,750, w=125,h=125, src=750,0
02:35:07.620 [FXGL Background Thread 2 ] DEBUG TilesetLoader        - Writing to buffer: dst=625,750, w=125,h=125, src=625,0
02:35:07.620 [FXGL Background Thread 2 ] DEBUG TilesetLoader        - Writing to buffer: dst=750,750, w=125,h=125, src=625,0
02:35:07.620 [FXGL Background Thread 2 ] DEBUG TilesetLoader        - Writing to buffer: dst=875,750, w=125,h=125, src=625,0
02:35:07.620 [FXGL Background Thread 2 ] DEBUG TilesetLoader        - Writing to buffer: dst=1000,750, w=125,h=125, src=625,0
02:35:07.620 [FXGL Background Thread 2 ] DEBUG TilesetLoader        - Writing to buffer: dst=1125,750, w=125,h=125, src=625,0
02:35:07.621 [FXGL Background Thread 2 ] DEBUG TilesetLoader        - Writing to buffer: dst=1250,750, w=125,h=125, src=625,0
02:35:07.621 [FXGL Background Thread 2 ] DEBUG TilesetLoader        - Writing to buffer: dst=1375,750, w=125,h=125, src=625,0
02:35:07.621 [FXGL Background Thread 2 ] DEBUG TilesetLoader        - Writing to buffer: dst=1500,750, w=125,h=125, src=750,0
02:35:07.621 [FXGL Background Thread 2 ] DEBUG TilesetLoader        - Writing to buffer: dst=1625,750, w=125,h=125, src=625,0
02:35:07.621 [FXGL Background Thread 2 ] DEBUG TilesetLoader        - Writing to buffer: dst=1750,750, w=125,h=125, src=625,0
02:35:07.621 [FXGL Background Thread 2 ] DEBUG TilesetLoader        - Writing to buffer: dst=1875,750, w=125,h=125, src=625,0
02:35:07.621 [FXGL Background Thread 2 ] DEBUG TilesetLoader        - Writing to buffer: dst=0,875, w=125,h=125, src=625,375
02:35:07.622 [FXGL Background Thread 2 ] DEBUG TilesetLoader        - Writing to buffer: dst=125,875, w=125,h=125, src=625,375
02:35:07.622 [FXGL Background Thread 2 ] DEBUG TilesetLoader        - Writing to buffer: dst=250,875, w=125,h=125, src=625,375
02:35:07.622 [FXGL Background Thread 2 ] DEBUG TilesetLoader        - Writing to buffer: dst=375,875, w=125,h=125, src=500,500
02:35:07.622 [FXGL Background Thread 2 ] DEBUG TilesetLoader        - Writing to buffer: dst=500,875, w=125,h=125, src=500,0
02:35:07.622 [FXGL Background Thread 2 ] DEBUG TilesetLoader        - Writing to buffer: dst=625,875, w=125,h=125, src=750,500
02:35:07.622 [FXGL Background Thread 2 ] DEBUG TilesetLoader        - Writing to buffer: dst=750,875, w=125,h=125, src=625,375
02:35:07.622 [FXGL Background Thread 2 ] DEBUG TilesetLoader        - Writing to buffer: dst=875,875, w=125,h=125, src=625,375
02:35:07.622 [FXGL Background Thread 2 ] DEBUG TilesetLoader        - Writing to buffer: dst=1000,875, w=125,h=125, src=625,375
02:35:07.622 [FXGL Background Thread 2 ] DEBUG TilesetLoader        - Writing to buffer: dst=1125,875, w=125,h=125, src=625,375
02:35:07.622 [FXGL Background Thread 2 ] DEBUG TilesetLoader        - Writing to buffer: dst=1250,875, w=125,h=125, src=625,375
02:35:07.623 [FXGL Background Thread 2 ] DEBUG TilesetLoader        - Writing to buffer: dst=1375,875, w=125,h=125, src=500,500
02:35:07.623 [FXGL Background Thread 2 ] DEBUG TilesetLoader        - Writing to buffer: dst=1500,875, w=125,h=125, src=500,0
02:35:07.623 [FXGL Background Thread 2 ] DEBUG TilesetLoader        - Writing to buffer: dst=1625,875, w=125,h=125, src=750,500
02:35:07.623 [FXGL Background Thread 2 ] DEBUG TilesetLoader        - Writing to buffer: dst=1750,875, w=125,h=125, src=625,375
02:35:07.623 [FXGL Background Thread 2 ] DEBUG TilesetLoader        - Writing to buffer: dst=1875,875, w=125,h=125, src=625,375
02:35:07.623 [FXGL Background Thread 2 ] DEBUG TilesetLoader        - Writing to buffer: dst=0,1000, w=125,h=125, src=250,375
02:35:07.624 [FXGL Background Thread 2 ] DEBUG TilesetLoader        - Writing to buffer: dst=125,1000, w=125,h=125, src=250,375
02:35:07.624 [FXGL Background Thread 2 ] DEBUG TilesetLoader        - Writing to buffer: dst=250,1000, w=125,h=125, src=250,375
02:35:07.624 [FXGL Background Thread 2 ] DEBUG TilesetLoader        - Writing to buffer: dst=375,1000, w=125,h=125, src=500,375
02:35:07.624 [FXGL Background Thread 2 ] DEBUG TilesetLoader        - Writing to buffer: dst=500,1000, w=125,h=125, src=500,0
02:35:07.624 [FXGL Background Thread 2 ] DEBUG TilesetLoader        - Writing to buffer: dst=625,1000, w=125,h=125, src=750,375
02:35:07.624 [FXGL Background Thread 2 ] DEBUG TilesetLoader        - Writing to buffer: dst=750,1000, w=125,h=125, src=250,375
02:35:07.625 [FXGL Background Thread 2 ] DEBUG TilesetLoader        - Writing to buffer: dst=875,1000, w=125,h=125, src=250,375
02:35:07.625 [FXGL Background Thread 2 ] DEBUG TilesetLoader        - Writing to buffer: dst=1000,1000, w=125,h=125, src=250,375
02:35:07.625 [FXGL Background Thread 2 ] DEBUG TilesetLoader        - Writing to buffer: dst=1125,1000, w=125,h=125, src=250,375
02:35:07.625 [FXGL Background Thread 2 ] DEBUG TilesetLoader        - Writing to buffer: dst=1250,1000, w=125,h=125, src=250,375
02:35:07.625 [FXGL Background Thread 2 ] DEBUG TilesetLoader        - Writing to buffer: dst=1375,1000, w=125,h=125, src=500,375
02:35:07.625 [FXGL Background Thread 2 ] DEBUG TilesetLoader        - Writing to buffer: dst=1500,1000, w=125,h=125, src=500,0
02:35:07.625 [FXGL Background Thread 2 ] DEBUG TilesetLoader        - Writing to buffer: dst=1625,1000, w=125,h=125, src=750,375
02:35:07.625 [FXGL Background Thread 2 ] DEBUG TilesetLoader        - Writing to buffer: dst=1750,1000, w=125,h=125, src=250,375
02:35:07.625 [FXGL Background Thread 2 ] DEBUG TilesetLoader        - Writing to buffer: dst=1875,1000, w=125,h=125, src=250,375
02:35:07.626 [FXGL Background Thread 2 ] DEBUG TMXLevelLoader       - Creating object layer entities
02:35:07.667 [FXGL Background Thread 2 ] DEBUG FXGLAssetLoaderServi - Loading from file system: /assets/textures/semaforoRosso-01.png
02:35:07.669 [FXGL Background Thread 2 ] DEBUG FXGLAssetLoaderServi - Loading from file system: /assets/textures/semaforoVerde-01.png
02:35:07.672 [FXGL Background Thread 2 ] DEBUG FXGLAssetLoaderServi - Loading from cache: /assets/textures/semaforoRosso-01.png
02:35:07.672 [FXGL Background Thread 2 ] DEBUG FXGLAssetLoaderServi - Loading from cache: /assets/textures/semaforoVerde-01.png
02:35:07.673 [FXGL Background Thread 2 ] DEBUG FXGLAssetLoaderServi - Loading from cache: /assets/textures/semaforoRosso-01.png
02:35:07.673 [FXGL Background Thread 2 ] DEBUG FXGLAssetLoaderServi - Loading from cache: /assets/textures/semaforoVerde-01.png
02:35:07.673 [FXGL Background Thread 2 ] DEBUG FXGLAssetLoaderServi - Loading from cache: /assets/textures/semaforoRosso-01.png
02:35:07.673 [FXGL Background Thread 2 ] DEBUG FXGLAssetLoaderServi - Loading from cache: /assets/textures/semaforoVerde-01.png
02:35:07.674 [FXGL Background Thread 2 ] DEBUG FXGLAssetLoaderServi - Loading from file system: /assets/textures/semaforoRosso-04.png
02:35:07.676 [FXGL Background Thread 2 ] DEBUG FXGLAssetLoaderServi - Loading from file system: /assets/textures/semaforoVerde-04.png
02:35:07.679 [FXGL Background Thread 2 ] DEBUG FXGLAssetLoaderServi - Loading from cache: /assets/textures/semaforoRosso-04.png
02:35:07.679 [FXGL Background Thread 2 ] DEBUG FXGLAssetLoaderServi - Loading from cache: /assets/textures/semaforoVerde-04.png
02:35:07.679 [FXGL Background Thread 2 ] DEBUG FXGLAssetLoaderServi - Loading from cache: /assets/textures/semaforoRosso-04.png
02:35:07.680 [FXGL Background Thread 2 ] DEBUG FXGLAssetLoaderServi - Loading from cache: /assets/textures/semaforoVerde-04.png
02:35:07.680 [FXGL Background Thread 2 ] DEBUG FXGLAssetLoaderServi - Loading from cache: /assets/textures/semaforoRosso-04.png
02:35:07.680 [FXGL Background Thread 2 ] DEBUG FXGLAssetLoaderServi - Loading from cache: /assets/textures/semaforoVerde-04.png
02:35:07.681 [FXGL Background Thread 2 ] DEBUG FXGLAssetLoaderServi - Loading from file system: /assets/textures/semaforoRosso-03.png
02:35:07.682 [FXGL Background Thread 2 ] DEBUG FXGLAssetLoaderServi - Loading from file system: /assets/textures/semaforoVerde-03.png
02:35:07.684 [FXGL Background Thread 2 ] DEBUG FXGLAssetLoaderServi - Loading from cache: /assets/textures/semaforoRosso-03.png
02:35:07.684 [FXGL Background Thread 2 ] DEBUG FXGLAssetLoaderServi - Loading from cache: /assets/textures/semaforoVerde-03.png
02:35:07.685 [FXGL Background Thread 2 ] DEBUG FXGLAssetLoaderServi - Loading from cache: /assets/textures/semaforoRosso-03.png
02:35:07.685 [FXGL Background Thread 2 ] DEBUG FXGLAssetLoaderServi - Loading from cache: /assets/textures/semaforoVerde-03.png
02:35:07.686 [FXGL Background Thread 2 ] DEBUG FXGLAssetLoaderServi - Loading from cache: /assets/textures/semaforoRosso-03.png
02:35:07.686 [FXGL Background Thread 2 ] DEBUG FXGLAssetLoaderServi - Loading from cache: /assets/textures/semaforoVerde-03.png
02:35:07.686 [FXGL Background Thread 2 ] DEBUG FXGLAssetLoaderServi - Loading from file system: /assets/textures/semaforoRosso-02.png
02:35:07.687 [FXGL Background Thread 2 ] DEBUG FXGLAssetLoaderServi - Loading from file system: /assets/textures/semaforoVerde-02.png
02:35:07.689 [FXGL Background Thread 2 ] DEBUG FXGLAssetLoaderServi - Loading from cache: /assets/textures/semaforoRosso-02.png
02:35:07.689 [FXGL Background Thread 2 ] DEBUG FXGLAssetLoaderServi - Loading from cache: /assets/textures/semaforoVerde-02.png
02:35:07.690 [FXGL Background Thread 2 ] DEBUG FXGLAssetLoaderServi - Loading from cache: /assets/textures/semaforoRosso-02.png
02:35:07.690 [FXGL Background Thread 2 ] DEBUG FXGLAssetLoaderServi - Loading from cache: /assets/textures/semaforoVerde-02.png
02:35:07.704 [FXGL Background Thread 2 ] DEBUG FXGLAssetLoaderServi - Loading from cache: /assets/textures/semaforoRosso-02.png
02:35:07.704 [FXGL Background Thread 2 ] DEBUG FXGLAssetLoaderServi - Loading from cache: /assets/textures/semaforoVerde-02.png
02:35:07.705 [FXGL Background Thread 2 ] DEBUG GameWorld            - Clearing removable entities
02:35:07.705 [FXGL Background Thread 2 ] DEBUG GameWorld            - Setting level: com.almasb.fxgl.entity.level.Level@3ae7fe02
02:35:07.711 [FXGL Background Thread 2 ] DEBUG FXGLAssetLoaderServi - Loading from file system: /assets/textures/pointer-sprite.png
02:35:07.737 [FXGL Background Thread 2 ] INFO  FXGLApplication      - Game initialization took: 0,323 sec
02:35:07.740 [JavaFX Application Thread] DEBUG Input                - Clearing active input actions
02:35:07.746 [JavaFX Application Thread] DEBUG GameApplicationServi - Removing overlay from FXGLLoadingScene and adding to GameScene
02:35:07.750 [JavaFX Application Thread] DEBUG MainWindow           - FXGLLoadingScene -> GameScene
02:35:09.060 [FXGL Background Thread 3 ] DEBUG Engine               - Logging environment variables
02:35:09.067 [FXGL Background Thread 3 ] DEBUG Engine               - achievements: []
02:35:09.067 [FXGL Background Thread 3 ] DEBUG Engine               - appIcon: fxgl_icon.png
02:35:09.067 [FXGL Background Thread 3 ] DEBUG Engine               - applicationMode: DEVELOPER
02:35:09.068 [FXGL Background Thread 3 ] DEBUG Engine               - cSSList: [fxgl_dark.css]
02:35:09.068 [FXGL Background Thread 3 ] DEBUG Engine               - configClass: Optional.empty
02:35:09.068 [FXGL Background Thread 3 ] DEBUG Engine               - credits: []
02:35:09.069 [FXGL Background Thread 3 ] DEBUG Engine               - devBBoxColorProperty: ObjectProperty [value: 0xff0000ff]
02:35:09.069 [FXGL Background Thread 3 ] DEBUG Engine               - devEnableDebugCameraProperty: BooleanProperty [value: false]
02:35:09.070 [FXGL Background Thread 3 ] DEBUG Engine               - devSensorColorProperty: ObjectProperty [value: 0xffff00ff]
02:35:09.070 [FXGL Background Thread 3 ] DEBUG Engine               - devShowBBoxProperty: BooleanProperty [value: false]
02:35:09.070 [FXGL Background Thread 3 ] DEBUG Engine               - devShowPositionProperty: BooleanProperty [value: false]
02:35:09.070 [FXGL Background Thread 3 ] DEBUG Engine               - enabledMenuItems: [SAVE_LOAD, EXTRA, ONLINE]
02:35:09.070 [FXGL Background Thread 3 ] DEBUG Engine               - engineServices: [class com.almasb.fxgl.app.FXGLApplication$GameApplicationService, class com.almasb.fxgl.app.services.FXGLDialogService, class com.almasb.fxgl.app.services.IOTaskExecutorService, class com.almasb.fxgl.event.EventBusService, class com.almasb.fxgl.io.FileSystemService, class com.almasb.fxgl.localization.LocalizationService, class com.almasb.fxgl.app.services.FXGLAssetLoaderService, class com.almasb.fxgl.app.services.SystemBundleService, class com.almasb.fxgl.profile.SaveLoadService, class com.almasb.fxgl.ui.FXGLUIFactoryServiceProvider, class com.almasb.fxgl.ui.FXGLDialogFactoryServiceProvider, class com.almasb.fxgl.audio.AudioPlayer, class com.almasb.fxgl.notification.impl.NotificationServiceProvider, class com.almasb.fxgl.achievement.AchievementService, class com.almasb.fxgl.cutscene.CutsceneService, class com.almasb.fxgl.minigames.MiniGameService, class com.almasb.fxgl.net.NetService, class com.almasb.fxgl.app.services.UpdaterService, class com.almasb.fxgl.dev.DevService]
02:35:09.072 [FXGL Background Thread 3 ] DEBUG Engine               - fontGame: Abel-Regular.ttf
02:35:09.072 [FXGL Background Thread 3 ] DEBUG Engine               - fontMono: lucida_console.ttf
02:35:09.074 [FXGL Background Thread 3 ] DEBUG Engine               - fontText: Courier-Prime.ttf
02:35:09.074 [FXGL Background Thread 3 ] DEBUG Engine               - fontUI: VarelaRound-Regular.ttf
02:35:09.077 [FXGL Background Thread 3 ] DEBUG Engine               - fullScreen: BooleanProperty [value: false]
02:35:09.077 [FXGL Background Thread 3 ] DEBUG Engine               - gameDifficulty: MEDIUM
02:35:09.077 [FXGL Background Thread 3 ] DEBUG Engine               - gameDifficultyProperty: ObjectProperty [value: MEDIUM]
02:35:09.077 [FXGL Background Thread 3 ] DEBUG Engine               - globalMusicVolume: 0.5
02:35:09.078 [FXGL Background Thread 3 ] DEBUG Engine               - globalMusicVolumeProperty: DoubleProperty [value: 0.5]
02:35:09.079 [FXGL Background Thread 3 ] DEBUG Engine               - globalSoundVolume: 0.5
02:35:09.079 [FXGL Background Thread 3 ] DEBUG Engine               - globalSoundVolumeProperty: DoubleProperty [value: 0.5]
02:35:09.079 [FXGL Background Thread 3 ] DEBUG Engine               - height: 1125
02:35:09.079 [FXGL Background Thread 3 ] DEBUG Engine               - isAndroid: false
02:35:09.079 [FXGL Background Thread 3 ] DEBUG Engine               - isBrowser: false
02:35:09.079 [FXGL Background Thread 3 ] DEBUG Engine               - isClickFeedbackEnabled: false
02:35:09.080 [FXGL Background Thread 3 ] DEBUG Engine               - isCloseConfirmation: false
02:35:09.080 [FXGL Background Thread 3 ] DEBUG Engine               - isDesktop: true
02:35:09.080 [FXGL Background Thread 3 ] DEBUG Engine               - isDeveloperMenuEnabled: true
02:35:09.080 [FXGL Background Thread 3 ] DEBUG Engine               - isEntityPreloadEnabled: true
02:35:09.080 [FXGL Background Thread 3 ] DEBUG Engine               - isExperimentalNative: false
02:35:09.080 [FXGL Background Thread 3 ] DEBUG Engine               - isExperimentalTiledLargeMap: false
02:35:09.080 [FXGL Background Thread 3 ] DEBUG Engine               - isFileSystemWriteAllowed: true
02:35:09.080 [FXGL Background Thread 3 ] DEBUG Engine               - isFullScreenAllowed: false
02:35:09.080 [FXGL Background Thread 3 ] DEBUG Engine               - isFullScreenFromStart: false
02:35:09.080 [FXGL Background Thread 3 ] DEBUG Engine               - isGameMenuEnabled: true
02:35:09.080 [FXGL Background Thread 3 ] DEBUG Engine               - isIOS: false
02:35:09.080 [FXGL Background Thread 3 ] DEBUG Engine               - isIntroEnabled: false
02:35:09.080 [FXGL Background Thread 3 ] DEBUG Engine               - isLinux: false
02:35:09.080 [FXGL Background Thread 3 ] DEBUG Engine               - isMac: false
02:35:09.081 [FXGL Background Thread 3 ] DEBUG Engine               - isMainMenuEnabled: true
02:35:09.081 [FXGL Background Thread 3 ] DEBUG Engine               - isManualResizeEnabled: true
02:35:09.081 [FXGL Background Thread 3 ] DEBUG Engine               - isMobile: false
02:35:09.081 [FXGL Background Thread 3 ] DEBUG Engine               - isPreserveResizeRatio: true
02:35:09.081 [FXGL Background Thread 3 ] DEBUG Engine               - isProfilingEnabled: false
02:35:09.081 [FXGL Background Thread 3 ] DEBUG Engine               - isSingleStep: false
02:35:09.081 [FXGL Background Thread 3 ] DEBUG Engine               - isUserProfileEnabled: false
02:35:09.081 [FXGL Background Thread 3 ] DEBUG Engine               - isWindows: true
02:35:09.081 [FXGL Background Thread 3 ] DEBUG Engine               - language: ObjectProperty [value: ENGLISH]
02:35:09.081 [FXGL Background Thread 3 ] DEBUG Engine               - menuKey: ESCAPE
02:35:09.082 [FXGL Background Thread 3 ] DEBUG Engine               - notificationViewClass: class com.almasb.fxgl.notification.view.XboxNotificationView
02:35:09.082 [FXGL Background Thread 3 ] DEBUG Engine               - pixelsPerMeter: 50.0
02:35:09.082 [FXGL Background Thread 3 ] DEBUG Engine               - platform: WINDOWS
02:35:09.082 [FXGL Background Thread 3 ] DEBUG Engine               - profileDir: profiles/
02:35:09.082 [FXGL Background Thread 3 ] DEBUG Engine               - profileName: StringProperty [value: DEFAULT]
02:35:09.082 [FXGL Background Thread 3 ] DEBUG Engine               - randomSeed: -1
02:35:09.082 [FXGL Background Thread 3 ] DEBUG Engine               - runtimeInfo: RuntimeInfo(platform=WINDOWS, version=dev-SNAPSHOT, build=08.09.2020 17.31)
02:35:09.082 [FXGL Background Thread 3 ] DEBUG Engine               - saveFileExt: sav
02:35:09.082 [FXGL Background Thread 3 ] DEBUG Engine               - sceneFactory: it.uniroma1.metodologie.trafficGame.TrafficApp$1@8512d78
02:35:09.082 [FXGL Background Thread 3 ] DEBUG Engine               - secondsIn24h: 60
02:35:09.082 [FXGL Background Thread 3 ] DEBUG Engine               - soundMenuBack: menu/back.wav
02:35:09.082 [FXGL Background Thread 3 ] DEBUG Engine               - soundMenuPress: menu/press.wav
02:35:09.082 [FXGL Background Thread 3 ] DEBUG Engine               - soundMenuSelect: menu/select.wav
02:35:09.082 [FXGL Background Thread 3 ] DEBUG Engine               - soundNotification: core/notification.wav
02:35:09.082 [FXGL Background Thread 3 ] DEBUG Engine               - stageStyle: DECORATED
02:35:09.082 [FXGL Background Thread 3 ] DEBUG Engine               - supportedLanguages: [ENGLISH, FRENCH, GERMAN, HUNGARIAN, RUSSIAN]
02:35:09.083 [FXGL Background Thread 3 ] DEBUG Engine               - title: Traffic
02:35:09.083 [FXGL Background Thread 3 ] DEBUG Engine               - urlGithub: https://github.com/AlmasB/FXGL
02:35:09.083 [FXGL Background Thread 3 ] DEBUG Engine               - urlLeaderboard: http://fxgl-top.herokuapp.com/
02:35:09.083 [FXGL Background Thread 3 ] DEBUG Engine               - urlPOM: https://raw.githubusercontent.com/AlmasB/FXGL/master/pom.xml
02:35:09.083 [FXGL Background Thread 3 ] DEBUG Engine               - version: Alpha 1.0
02:35:09.083 [FXGL Background Thread 3 ] DEBUG Engine               - versionCheckDays: 7
02:35:09.083 [FXGL Background Thread 3 ] DEBUG Engine               - width: 2000
02:35:09.083 [FXGL Background Thread 3 ] DEBUG Engine               - Logging services
02:35:09.083 [FXGL Background Thread 3 ] DEBUG Engine               - class com.almasb.fxgl.app.FXGLApplication$GameApplicationService
02:35:09.084 [FXGL Background Thread 3 ] DEBUG Engine               - class com.almasb.fxgl.app.services.FXGLDialogService
02:35:09.084 [FXGL Background Thread 3 ] DEBUG Engine               - class com.almasb.fxgl.app.services.IOTaskExecutorService
02:35:09.084 [FXGL Background Thread 3 ] DEBUG Engine               - class com.almasb.fxgl.event.EventBusService
02:35:09.084 [FXGL Background Thread 3 ] DEBUG Engine               - class com.almasb.fxgl.io.FileSystemService
02:35:09.084 [FXGL Background Thread 3 ] DEBUG Engine               - class com.almasb.fxgl.localization.LocalizationService
02:35:09.084 [FXGL Background Thread 3 ] DEBUG Engine               - class com.almasb.fxgl.app.services.FXGLAssetLoaderService
02:35:09.084 [FXGL Background Thread 3 ] DEBUG Engine               - class com.almasb.fxgl.app.services.SystemBundleService
02:35:09.084 [FXGL Background Thread 3 ] DEBUG Engine               - class com.almasb.fxgl.profile.SaveLoadService
02:35:09.084 [FXGL Background Thread 3 ] DEBUG Engine               - class com.almasb.fxgl.ui.FXGLUIFactoryServiceProvider
02:35:09.084 [FXGL Background Thread 3 ] DEBUG Engine               - class com.almasb.fxgl.ui.FXGLDialogFactoryServiceProvider
02:35:09.086 [FXGL Background Thread 3 ] DEBUG Engine               - class com.almasb.fxgl.audio.AudioPlayer
02:35:09.086 [FXGL Background Thread 3 ] DEBUG Engine               - class com.almasb.fxgl.notification.impl.NotificationServiceProvider
02:35:09.086 [FXGL Background Thread 3 ] DEBUG Engine               - class com.almasb.fxgl.achievement.AchievementService
02:35:09.086 [FXGL Background Thread 3 ] DEBUG Engine               - class com.almasb.fxgl.cutscene.CutsceneService
02:35:09.086 [FXGL Background Thread 3 ] DEBUG Engine               - class com.almasb.fxgl.minigames.MiniGameService
02:35:09.086 [FXGL Background Thread 3 ] DEBUG Engine               - class com.almasb.fxgl.net.NetService
02:35:09.086 [FXGL Background Thread 3 ] DEBUG Engine               - class com.almasb.fxgl.app.services.UpdaterService
02:35:09.086 [FXGL Background Thread 3 ] DEBUG Engine               - class com.almasb.fxgl.dev.DevService
02:36:02.570 [JavaFX Application Thread] DEBUG FXGLApplication      - Exiting FXGL
02:36:02.570 [JavaFX Application Thread] DEBUG LoopRunner           - Stopping loop
02:36:02.570 [JavaFX Application Thread] DEBUG SystemBundleService  - Saving FXGL system data
02:36:02.571 [JavaFX Application Thread] DEBUG FileSystemAccess     - Writing to: C:\Users\Andrea\Desktop\Homework\traffic-mobile\system\fxgl.bundle
02:36:02.573 [JavaFX Application Thread] DEBUG Async                - Shutting down background threads
02:36:02.573 [JavaFX Application Thread] DEBUG MainWindow           - Closing main window
02:36:02.584 [JavaFX Application Thread] DEBUG Logger               - Closing Logger
