06:11:48.702 [main                     ] DEBUG Logger               - Configured Logger
06:11:48.718 [main                     ] DEBUG GameApplication      - Logging settings
Title: Traffic
Version: Alpha 1.0
Width: 2000
Height: 1125
Fullscreen: false
Intro: false
Profiling: false
Single step:false
App Mode: DEVELOPER
Menu Key: ESCAPE
Stage Style: DECORATED
Scene Factory: class it.uniroma1.metodologie.trafficGame.TrafficApp$1

06:11:49.056 [JavaFX Application Thread] DEBUG FXGLApplication      - Initializing FXGL
06:11:49.063 [JavaFX Application Thread] INFO  Engine               - FXGL-dev-SNAPSHOT (08.09.2020 17.31) on WINDOWS (J:13.0.2 FX:14)
06:11:49.063 [JavaFX Application Thread] DEBUG Engine               - JRE Vendor Name: Oracle Corporation
06:11:49.063 [JavaFX Application Thread] DEBUG Engine               - Running on OS: Windows 10 version 10.0
06:11:49.064 [JavaFX Application Thread] DEBUG Engine               - Architecture: amd64
06:11:49.064 [JavaFX Application Thread] INFO  Engine               - Source code and latest versions at: https://github.com/AlmasB/FXGL
06:11:49.064 [JavaFX Application Thread] INFO  Engine               -              Join the FXGL chat at: https://gitter.im/AlmasB/FXGL
06:11:49.144 [JavaFX Application Thread] DEBUG MainWindow           - Creating a JavaFX scene
06:11:49.184 [JavaFX Application Thread] DEBUG MainWindow           - Target settings size: 2000.0 x 1125.0
06:11:49.185 [JavaFX Application Thread] DEBUG MainWindow           - Scaled scene size:    2000.0 x 1125.0
06:11:49.185 [JavaFX Application Thread] DEBUG MainWindow           - Scaled ratio: (1.0, 1.0)
06:11:49.186 [JavaFX Application Thread] DEBUG MainWindow           - Set initial scene to StartupScene
06:11:49.191 [JavaFX Application Thread] DEBUG MainWindow           - Opening main window
06:11:49.265 [JavaFX Application Thread] DEBUG MainWindow           - Window border size: (16.0, 39.0)
06:11:49.265 [JavaFX Application Thread] DEBUG MainWindow           - Scaled size: 2000.0 x 1125.0
06:11:49.265 [JavaFX Application Thread] DEBUG MainWindow           - Scaled ratio: (1.0, 1.0)
06:11:49.265 [JavaFX Application Thread] DEBUG MainWindow           - Scene size: 2000.0 x 1125.0
06:11:49.266 [JavaFX Application Thread] DEBUG MainWindow           - Stage size: 2016.0 x 1164.0
06:11:49.275 [FXGL Background Thread 1 ] DEBUG Engine               - Initializing environment variables
06:11:49.309 [FXGL Background Thread 1 ] DEBUG GameApplicationServi - Applying CSS: fxgl_dark.css
06:11:49.309 [FXGL Background Thread 1 ] DEBUG FXGLAssetLoaderServi - Loading from file system: /assets/ui/css/fxgl_dark.css
06:11:49.350 [FXGL Background Thread 1 ] DEBUG GameApplicationServi - Initializing application scenes
06:11:49.407 [FXGL Background Thread 1 ] DEBUG GameWorld            - Game world initialized
06:11:49.445 [FXGL Background Thread 1 ] DEBUG PhysicsWorld         - Physics world initialized: appHeight=1125, physics.ppm=50,0
06:11:49.446 [FXGL Background Thread 1 ] DEBUG GameScene            - Game scene initialized: 2000x1125
06:11:49.454 [FXGL Background Thread 1 ] DEBUG FXGLAssetLoaderServi - Loading from file system: /assets/textures/bg.jpg
06:11:49.741 [FXGL Background Thread 1 ] DEBUG FXGLAssetLoaderServi - Loading from file system: /assets/textures/logo.png
06:11:49.845 [FXGL Background Thread 1 ] DEBUG FXGLAssetLoaderServi - Loading from file system: /assets/textures/particles/trace_horizontal.png
06:11:49.872 [FXGL Background Thread 1 ] DEBUG FXGL.DefaultMenu     - createMenuBodyGameMenu()
06:11:49.884 [FXGL Background Thread 1 ] DEBUG FXGL.DefaultMenu     - createOptionsMenu()
06:11:49.887 [FXGL Background Thread 1 ] DEBUG FXGL.DefaultMenu     - createExtraMenu()
06:11:49.889 [FXGL Background Thread 1 ] DEBUG FXGLAssetLoaderServi - Loading from file system: /assets/textures/particles/smoke.png
06:11:49.935 [FXGL Background Thread 1 ] DEBUG GameApplicationServi - Application scenes initialized
06:11:49.945 [FXGL Background Thread 1 ] DEBUG SystemBundleService  - Loading FXGL system data
06:11:49.949 [FXGL Background Thread 1 ] DEBUG FileSystemAccess     - Reading from: C:\Users\Andrea\Desktop\Homework\traffic-mobile\system\fxgl.bundle
06:11:49.955 [FXGL Background Thread 1 ] DEBUG SystemBundleService  - Bundle FXGL: {}
06:11:49.955 [FXGL Background Thread 1 ] DEBUG UpdaterService       - Checking for updates
06:11:49.985 [FXGL Background Thread 1 ] DEBUG FXGLApplication      - Loading default localization
06:11:49.985 [FXGL Background Thread 1 ] DEBUG FXGLAssetLoaderServi - Loading from file system: /assets/languages/english.lang
06:11:49.990 [FXGL Background Thread 4 ] DEBUG FXGLApplication      - Loading fonts
06:11:49.990 [FXGL Background Thread 4 ] DEBUG FXGLAssetLoaderServi - Loading from file system: /assets/ui/fonts/VarelaRound-Regular.ttf
06:11:49.998 [FXGL Background Thread 1 ] INFO  FXGLApplication      - FXGL initialization took: 0,722 sec
06:11:50.005 [JavaFX Application Thread] DEBUG Input                - Registered new binding: Change trafficlight status - F
06:11:50.005 [JavaFX Application Thread] DEBUG Input                - Registered new binding: Move Right - D
06:11:50.006 [JavaFX Application Thread] DEBUG Input                - Registered new binding: Move Left - A
06:11:50.006 [JavaFX Application Thread] DEBUG Input                - Registered new binding: Move Up - W
06:11:50.006 [JavaFX Application Thread] DEBUG Input                - Registered new binding: Move Down - S
06:11:50.006 [JavaFX Application Thread] DEBUG Input                - Registered new binding: Spawn Car - Space
06:11:50.007 [JavaFX Application Thread] DEBUG Input                - Registered new binding: Select and change traffic light - LMB
06:11:50.007 [JavaFX Application Thread] DEBUG FXGLAssetLoaderServi - Loading from file system: /assets/textures/fxgl_icon.png
06:11:50.018 [JavaFX Application Thread] DEBUG FXGLAssetLoaderServi - Loading from file system: /assets/ui/cursors/fxgl_default.png
06:11:50.020 [JavaFX Application Thread] DEBUG Input                - Registered new binding: Screenshot - P
06:11:50.020 [JavaFX Application Thread] DEBUG Input                - Registered new binding: Dev Options - 1
06:11:50.022 [JavaFX Application Thread] DEBUG Input                - Registered new binding: Dev Console - 2
06:11:50.022 [JavaFX Application Thread] DEBUG Input                - Registered new binding: System info dump - CTRL+9
06:11:50.023 [JavaFX Application Thread] DEBUG Input                - Registered new binding: Restart - CTRL+R
06:11:50.023 [JavaFX Application Thread] DEBUG Input                - Registered new binding: Toggle Debug Camera - CTRL+C
06:11:50.025 [JavaFX Application Thread] DEBUG LoopRunner           - Starting loop
06:11:50.036 [JavaFX Application Thread] DEBUG Input                - Clearing active input actions
06:11:50.073 [JavaFX Application Thread] DEBUG GameApplicationServi - Removing overlay from StartupScene and adding to FXGLMainMenuDummyScene
06:11:50.078 [JavaFX Application Thread] DEBUG MainWindow           - StartupScene -> FXGLMainMenuDummyScene
06:11:50.079 [JavaFX Application Thread] DEBUG MainWindow           - Push state: TrafficAppMenu
06:11:50.080 [JavaFX Application Thread] DEBUG Input                - Clearing active input actions
06:11:50.087 [JavaFX Application Thread] DEBUG GameApplicationServi - Removing overlay from FXGLMainMenuDummyScene and adding to TrafficAppMenu
06:11:50.087 [JavaFX Application Thread] DEBUG MainWindow           - FXGLMainMenuDummyScene -> TrafficAppMenu
06:11:50.632 [FXGL Background Thread 4 ] DEBUG FXGLAssetLoaderServi - Loading from file system: /assets/ui/fonts/Abel-Regular.ttf
06:11:50.634 [FXGL Background Thread 4 ] DEBUG FXGLAssetLoaderServi - Loading from file system: /assets/ui/fonts/lucida_console.ttf
06:11:50.638 [FXGL Background Thread 4 ] DEBUG FXGLAssetLoaderServi - Loading from file system: /assets/ui/fonts/Courier-Prime.ttf
06:11:50.641 [JavaFX Application Thread] DEBUG FXGLApplication      - Registering font factories with UI factory
06:11:52.979 [FXGL Background Thread 3 ] DEBUG Engine               - Logging environment variables
06:11:52.979 [FXGL Background Thread 3 ] DEBUG Engine               - achievements: []
06:11:52.979 [FXGL Background Thread 3 ] DEBUG Engine               - appIcon: fxgl_icon.png
06:11:52.980 [FXGL Background Thread 3 ] DEBUG Engine               - applicationMode: DEVELOPER
06:11:52.980 [FXGL Background Thread 3 ] DEBUG Engine               - cSSList: [fxgl_dark.css]
06:11:52.980 [FXGL Background Thread 3 ] DEBUG Engine               - configClass: Optional.empty
06:11:52.980 [FXGL Background Thread 3 ] DEBUG Engine               - credits: []
06:11:52.981 [FXGL Background Thread 3 ] DEBUG Engine               - devBBoxColorProperty: ObjectProperty [value: 0xff0000ff]
06:11:52.981 [FXGL Background Thread 3 ] DEBUG Engine               - devEnableDebugCameraProperty: BooleanProperty [value: false]
06:11:52.981 [FXGL Background Thread 3 ] DEBUG Engine               - devSensorColorProperty: ObjectProperty [value: 0xffff00ff]
06:11:52.981 [FXGL Background Thread 3 ] DEBUG Engine               - devShowBBoxProperty: BooleanProperty [value: false]
06:11:52.981 [FXGL Background Thread 3 ] DEBUG Engine               - devShowPositionProperty: BooleanProperty [value: false]
06:11:52.982 [FXGL Background Thread 3 ] DEBUG Engine               - enabledMenuItems: [SAVE_LOAD, EXTRA, ONLINE]
06:11:52.982 [FXGL Background Thread 3 ] DEBUG Engine               - engineServices: [class com.almasb.fxgl.app.FXGLApplication$GameApplicationService, class com.almasb.fxgl.app.services.FXGLDialogService, class com.almasb.fxgl.app.services.IOTaskExecutorService, class com.almasb.fxgl.event.EventBusService, class com.almasb.fxgl.io.FileSystemService, class com.almasb.fxgl.localization.LocalizationService, class com.almasb.fxgl.app.services.FXGLAssetLoaderService, class com.almasb.fxgl.app.services.SystemBundleService, class com.almasb.fxgl.profile.SaveLoadService, class com.almasb.fxgl.ui.FXGLUIFactoryServiceProvider, class com.almasb.fxgl.ui.FXGLDialogFactoryServiceProvider, class com.almasb.fxgl.audio.AudioPlayer, class com.almasb.fxgl.notification.impl.NotificationServiceProvider, class com.almasb.fxgl.achievement.AchievementService, class com.almasb.fxgl.cutscene.CutsceneService, class com.almasb.fxgl.minigames.MiniGameService, class com.almasb.fxgl.net.NetService, class com.almasb.fxgl.app.services.UpdaterService, class com.almasb.fxgl.dev.DevService]
06:11:52.982 [FXGL Background Thread 3 ] DEBUG Engine               - fontGame: Abel-Regular.ttf
06:11:52.982 [FXGL Background Thread 3 ] DEBUG Engine               - fontMono: lucida_console.ttf
06:11:52.982 [FXGL Background Thread 3 ] DEBUG Engine               - fontText: Courier-Prime.ttf
06:11:52.982 [FXGL Background Thread 3 ] DEBUG Engine               - fontUI: VarelaRound-Regular.ttf
06:11:52.982 [FXGL Background Thread 3 ] DEBUG Engine               - fullScreen: BooleanProperty [value: false]
06:11:52.983 [FXGL Background Thread 3 ] DEBUG Engine               - gameDifficulty: MEDIUM
06:11:52.983 [FXGL Background Thread 3 ] DEBUG Engine               - gameDifficultyProperty: ObjectProperty [value: MEDIUM]
06:11:52.983 [FXGL Background Thread 3 ] DEBUG Engine               - globalMusicVolume: 0.5
06:11:52.983 [FXGL Background Thread 3 ] DEBUG Engine               - globalMusicVolumeProperty: DoubleProperty [value: 0.5]
06:11:52.983 [FXGL Background Thread 3 ] DEBUG Engine               - globalSoundVolume: 0.5
06:11:52.983 [FXGL Background Thread 3 ] DEBUG Engine               - globalSoundVolumeProperty: DoubleProperty [value: 0.5]
06:11:52.983 [FXGL Background Thread 3 ] DEBUG Engine               - height: 1125
06:11:52.983 [FXGL Background Thread 3 ] DEBUG Engine               - isAndroid: false
06:11:52.983 [FXGL Background Thread 3 ] DEBUG Engine               - isBrowser: false
06:11:52.984 [FXGL Background Thread 3 ] DEBUG Engine               - isClickFeedbackEnabled: false
06:11:52.984 [FXGL Background Thread 3 ] DEBUG Engine               - isCloseConfirmation: false
06:11:52.984 [FXGL Background Thread 3 ] DEBUG Engine               - isDesktop: true
06:11:52.984 [FXGL Background Thread 3 ] DEBUG Engine               - isDeveloperMenuEnabled: true
06:11:52.984 [FXGL Background Thread 3 ] DEBUG Engine               - isEntityPreloadEnabled: true
06:11:52.984 [FXGL Background Thread 3 ] DEBUG Engine               - isExperimentalNative: false
06:11:52.984 [FXGL Background Thread 3 ] DEBUG Engine               - isExperimentalTiledLargeMap: false
06:11:52.984 [FXGL Background Thread 3 ] DEBUG Engine               - isFileSystemWriteAllowed: true
06:11:52.984 [FXGL Background Thread 3 ] DEBUG Engine               - isFullScreenAllowed: false
06:11:52.985 [FXGL Background Thread 3 ] DEBUG Engine               - isFullScreenFromStart: false
06:11:52.985 [FXGL Background Thread 3 ] DEBUG Engine               - isGameMenuEnabled: true
06:11:52.985 [FXGL Background Thread 3 ] DEBUG Engine               - isIOS: false
06:11:52.985 [FXGL Background Thread 3 ] DEBUG Engine               - isIntroEnabled: false
06:11:52.985 [FXGL Background Thread 3 ] DEBUG Engine               - isLinux: false
06:11:52.985 [FXGL Background Thread 3 ] DEBUG Engine               - isMac: false
06:11:52.985 [FXGL Background Thread 3 ] DEBUG Engine               - isMainMenuEnabled: true
06:11:52.985 [FXGL Background Thread 3 ] DEBUG Engine               - isManualResizeEnabled: true
06:11:52.985 [FXGL Background Thread 3 ] DEBUG Engine               - isMobile: false
06:11:52.985 [FXGL Background Thread 3 ] DEBUG Engine               - isPreserveResizeRatio: true
06:11:52.985 [FXGL Background Thread 3 ] DEBUG Engine               - isProfilingEnabled: false
06:11:52.986 [FXGL Background Thread 3 ] DEBUG Engine               - isSingleStep: false
06:11:52.986 [FXGL Background Thread 3 ] DEBUG Engine               - isUserProfileEnabled: false
06:11:52.986 [FXGL Background Thread 3 ] DEBUG Engine               - isWindows: true
06:11:52.986 [FXGL Background Thread 3 ] DEBUG Engine               - language: ObjectProperty [value: ENGLISH]
06:11:52.986 [FXGL Background Thread 3 ] DEBUG Engine               - menuKey: ESCAPE
06:11:52.986 [FXGL Background Thread 3 ] DEBUG Engine               - notificationViewClass: class com.almasb.fxgl.notification.view.XboxNotificationView
06:11:52.986 [FXGL Background Thread 3 ] DEBUG Engine               - pixelsPerMeter: 50.0
06:11:52.986 [FXGL Background Thread 3 ] DEBUG Engine               - platform: WINDOWS
06:11:52.988 [FXGL Background Thread 3 ] DEBUG Engine               - profileDir: profiles/
06:11:52.988 [FXGL Background Thread 3 ] DEBUG Engine               - profileName: StringProperty [value: DEFAULT]
06:11:52.988 [FXGL Background Thread 3 ] DEBUG Engine               - randomSeed: -1
06:11:52.988 [FXGL Background Thread 3 ] DEBUG Engine               - runtimeInfo: RuntimeInfo(platform=WINDOWS, version=dev-SNAPSHOT, build=08.09.2020 17.31)
06:11:52.988 [FXGL Background Thread 3 ] DEBUG Engine               - saveFileExt: sav
06:11:52.988 [FXGL Background Thread 3 ] DEBUG Engine               - sceneFactory: it.uniroma1.metodologie.trafficGame.TrafficApp$1@69243c24
06:11:52.988 [FXGL Background Thread 3 ] DEBUG Engine               - secondsIn24h: 60
06:11:52.988 [FXGL Background Thread 3 ] DEBUG Engine               - soundMenuBack: menu/back.wav
06:11:52.989 [FXGL Background Thread 3 ] DEBUG Engine               - soundMenuPress: menu/press.wav
06:11:52.989 [FXGL Background Thread 3 ] DEBUG Engine               - soundMenuSelect: menu/select.wav
06:11:52.989 [FXGL Background Thread 3 ] DEBUG Engine               - soundNotification: core/notification.wav
06:11:52.989 [FXGL Background Thread 3 ] DEBUG Engine               - stageStyle: DECORATED
06:11:52.989 [FXGL Background Thread 3 ] DEBUG Engine               - supportedLanguages: [ENGLISH, FRENCH, GERMAN, HUNGARIAN, RUSSIAN]
06:11:52.989 [FXGL Background Thread 3 ] DEBUG Engine               - title: Traffic
06:11:52.989 [FXGL Background Thread 3 ] DEBUG Engine               - urlGithub: https://github.com/AlmasB/FXGL
06:11:52.989 [FXGL Background Thread 3 ] DEBUG Engine               - urlLeaderboard: http://fxgl-top.herokuapp.com/
06:11:52.989 [FXGL Background Thread 3 ] DEBUG Engine               - urlPOM: https://raw.githubusercontent.com/AlmasB/FXGL/master/pom.xml
06:11:52.989 [FXGL Background Thread 3 ] DEBUG Engine               - version: Alpha 1.0
06:11:52.989 [FXGL Background Thread 3 ] DEBUG Engine               - versionCheckDays: 7
06:11:52.990 [FXGL Background Thread 3 ] DEBUG Engine               - width: 2000
06:11:52.990 [FXGL Background Thread 3 ] DEBUG Engine               - Logging services
06:11:52.990 [FXGL Background Thread 3 ] DEBUG Engine               - class com.almasb.fxgl.app.FXGLApplication$GameApplicationService
06:11:52.990 [FXGL Background Thread 3 ] DEBUG Engine               - class com.almasb.fxgl.app.services.FXGLDialogService
06:11:52.990 [FXGL Background Thread 3 ] DEBUG Engine               - class com.almasb.fxgl.app.services.IOTaskExecutorService
06:11:52.990 [FXGL Background Thread 3 ] DEBUG Engine               - class com.almasb.fxgl.event.EventBusService
06:11:52.990 [FXGL Background Thread 3 ] DEBUG Engine               - class com.almasb.fxgl.io.FileSystemService
06:11:52.990 [FXGL Background Thread 3 ] DEBUG Engine               - class com.almasb.fxgl.localization.LocalizationService
06:11:52.990 [FXGL Background Thread 3 ] DEBUG Engine               - class com.almasb.fxgl.app.services.FXGLAssetLoaderService
06:11:52.990 [FXGL Background Thread 3 ] DEBUG Engine               - class com.almasb.fxgl.app.services.SystemBundleService
06:11:52.990 [FXGL Background Thread 3 ] DEBUG Engine               - class com.almasb.fxgl.profile.SaveLoadService
06:11:52.990 [FXGL Background Thread 3 ] DEBUG Engine               - class com.almasb.fxgl.ui.FXGLUIFactoryServiceProvider
06:11:52.991 [FXGL Background Thread 3 ] DEBUG Engine               - class com.almasb.fxgl.ui.FXGLDialogFactoryServiceProvider
06:11:52.991 [FXGL Background Thread 3 ] DEBUG Engine               - class com.almasb.fxgl.audio.AudioPlayer
06:11:52.991 [FXGL Background Thread 3 ] DEBUG Engine               - class com.almasb.fxgl.notification.impl.NotificationServiceProvider
06:11:52.991 [FXGL Background Thread 3 ] DEBUG Engine               - class com.almasb.fxgl.achievement.AchievementService
06:11:52.991 [FXGL Background Thread 3 ] DEBUG Engine               - class com.almasb.fxgl.cutscene.CutsceneService
06:11:52.991 [FXGL Background Thread 3 ] DEBUG Engine               - class com.almasb.fxgl.minigames.MiniGameService
06:11:52.991 [FXGL Background Thread 3 ] DEBUG Engine               - class com.almasb.fxgl.net.NetService
06:11:52.991 [FXGL Background Thread 3 ] DEBUG Engine               - class com.almasb.fxgl.app.services.UpdaterService
06:11:52.991 [FXGL Background Thread 3 ] DEBUG Engine               - class com.almasb.fxgl.dev.DevService
06:11:53.262 [JavaFX Application Thread] DEBUG Menu                 - fireNewGame()
06:11:53.262 [JavaFX Application Thread] DEBUG GameApplicationServi - Starting new game
06:11:53.262 [JavaFX Application Thread] DEBUG MainWindow           - Pop state: TrafficAppMenu
06:11:53.262 [JavaFX Application Thread] DEBUG Input                - Clearing active input actions
06:11:53.263 [JavaFX Application Thread] DEBUG GameApplicationServi - Removing overlay from TrafficAppMenu and adding to FXGLMainMenuDummyScene
06:11:53.265 [JavaFX Application Thread] DEBUG MainWindow           - FXGLMainMenuDummyScene <- TrafficAppMenu
06:11:53.265 [JavaFX Application Thread] DEBUG Input                - Clearing active input actions
06:11:53.270 [JavaFX Application Thread] DEBUG GameApplicationServi - Removing overlay from FXGLMainMenuDummyScene and adding to FXGLLoadingScene
06:11:53.271 [JavaFX Application Thread] DEBUG MainWindow           - FXGLMainMenuDummyScene -> FXGLLoadingScene
06:11:53.271 [JavaFX Application Thread] DEBUG GameApplicationServi - Clearing previous game
06:11:53.271 [JavaFX Application Thread] DEBUG GameScene            - Clearing game scene
06:11:53.271 [JavaFX Application Thread] DEBUG GameWorld            - Clearing game world
06:11:53.271 [JavaFX Application Thread] DEBUG PhysicsWorld         - Clearing physics world
06:11:53.272 [FXGL Background Thread 2 ] DEBUG FXGLApplication      - Initializing game
06:11:53.279 [FXGL Background Thread 2 ] DEBUG FXGLAssetLoaderServi - Loading from file system: /assets/levels/Mappa_02.tmx
06:11:53.324 [FXGL Background Thread 2 ] WARN  TMXLevelLoader       - TiledMap generated from 1.4.1. Supported version: 1.2.3. Some features may not be parsed fully.
06:11:53.377 [FXGL Background Thread 2 ] DEBUG TMXLevelLoader       - Parsed raw map: TiledMap(width=16, height=9, tilewidth=125, tileheight=125, orientation=orthogonal, layers=[Layer(width=16, height=9, name=Livello tile 1, type=tilelayer, visible=false, x=0, y=0, data=[24, 24, 24, 24, 24, 24, 24, 24, 24, 5, 24, 24, 5, 24, 24, 24, 24, 24, 24, 24, 24, 24, 24, 24, 24, 5, 24, 24, 5, 24, 24, 24, 6, 6, 6, 6, 3, 6, 6, 6, 6, 1, 6, 6, 7, 6, 6, 6, 24, 24, 24, 24, 5, 24, 24, 24, 24, 24, 24, 24, 5, 24, 24, 24, 24, 24, 24, 24, 5, 24, 24, 24, 24, 24, 24, 24, 5, 24, 24, 24, 6, 6, 6, 6, 7, 6, 6, 6, 6, 6, 6, 6, 4, 24, 24, 24, 24, 24, 24, 24, 5, 24, 24, 24, 24, 24, 24, 24, 5, 24, 24, 24, 24, 24, 24, 24, 5, 24, 24, 24, 24, 24, 24, 24, 5, 24, 24, 24, 24, 24, 24, 24, 5, 24, 24, 24, 24, 24, 24, 24, 5, 24, 24, 24], objects=[], opacity=0.0, draworder=), Layer(width=0, height=0, name=Paths, type=objectgroup, visible=false, x=0, y=0, data=[], objects=[com.almasb.fxgl.entity.level.tiled.TiledObject@45b412ad, com.almasb.fxgl.entity.level.tiled.TiledObject@7f5c6716, com.almasb.fxgl.entity.level.tiled.TiledObject@511833fa, com.almasb.fxgl.entity.level.tiled.TiledObject@573fef89, com.almasb.fxgl.entity.level.tiled.TiledObject@327bbeb9, com.almasb.fxgl.entity.level.tiled.TiledObject@2e830b37, com.almasb.fxgl.entity.level.tiled.TiledObject@3e947afe, com.almasb.fxgl.entity.level.tiled.TiledObject@167f9902, com.almasb.fxgl.entity.level.tiled.TiledObject@791e7302, com.almasb.fxgl.entity.level.tiled.TiledObject@4f7215a5, com.almasb.fxgl.entity.level.tiled.TiledObject@52acc53f, com.almasb.fxgl.entity.level.tiled.TiledObject@3871f1e1, com.almasb.fxgl.entity.level.tiled.TiledObject@327d138e, com.almasb.fxgl.entity.level.tiled.TiledObject@6dfde759, com.almasb.fxgl.entity.level.tiled.TiledObject@594c42e4, com.almasb.fxgl.entity.level.tiled.TiledObject@6e055ed5, com.almasb.fxgl.entity.level.tiled.TiledObject@34bed1f8, com.almasb.fxgl.entity.level.tiled.TiledObject@367b3f19, com.almasb.fxgl.entity.level.tiled.TiledObject@d9b0050, com.almasb.fxgl.entity.level.tiled.TiledObject@492c14c0, com.almasb.fxgl.entity.level.tiled.TiledObject@bdf2d0c, com.almasb.fxgl.entity.level.tiled.TiledObject@64b35899, com.almasb.fxgl.entity.level.tiled.TiledObject@317f5ddf, com.almasb.fxgl.entity.level.tiled.TiledObject@185cd524, com.almasb.fxgl.entity.level.tiled.TiledObject@6a192c6e, com.almasb.fxgl.entity.level.tiled.TiledObject@1410d624], opacity=0.0, draworder=), Layer(width=0, height=0, name=TrafficLights, type=objectgroup, visible=false, x=0, y=0, data=[], objects=[com.almasb.fxgl.entity.level.tiled.TiledObject@5fcaf0dc, com.almasb.fxgl.entity.level.tiled.TiledObject@21c1ebf4, com.almasb.fxgl.entity.level.tiled.TiledObject@298c9fe, com.almasb.fxgl.entity.level.tiled.TiledObject@102b9e7f, com.almasb.fxgl.entity.level.tiled.TiledObject@18efc0b6, com.almasb.fxgl.entity.level.tiled.TiledObject@365f0614, com.almasb.fxgl.entity.level.tiled.TiledObject@724cfe18, com.almasb.fxgl.entity.level.tiled.TiledObject@3ed84e48, com.almasb.fxgl.entity.level.tiled.TiledObject@58d4d355, com.almasb.fxgl.entity.level.tiled.TiledObject@16f501fd, com.almasb.fxgl.entity.level.tiled.TiledObject@35c9105, com.almasb.fxgl.entity.level.tiled.TiledObject@7f0a2528, com.almasb.fxgl.entity.level.tiled.TiledObject@13a1fe7, com.almasb.fxgl.entity.level.tiled.TiledObject@3ffe0cd4, com.almasb.fxgl.entity.level.tiled.TiledObject@584d6697, com.almasb.fxgl.entity.level.tiled.TiledObject@76402bd3, com.almasb.fxgl.entity.level.tiled.TiledObject@2754c7db], opacity=0.0, draworder=), Layer(width=0, height=0, name=Incroci, type=objectgroup, visible=false, x=0, y=0, data=[], objects=[com.almasb.fxgl.entity.level.tiled.TiledObject@6803e749, com.almasb.fxgl.entity.level.tiled.TiledObject@5b494d00, com.almasb.fxgl.entity.level.tiled.TiledObject@2c20eb09, com.almasb.fxgl.entity.level.tiled.TiledObject@2d4b9b49, com.almasb.fxgl.entity.level.tiled.TiledObject@5a050806], opacity=0.0, draworder=), Layer(width=0, height=0, name=SpawnPoints, type=objectgroup, visible=false, x=0, y=0, data=[], objects=[com.almasb.fxgl.entity.level.tiled.TiledObject@4b356f0b, com.almasb.fxgl.entity.level.tiled.TiledObject@6066bdc7, com.almasb.fxgl.entity.level.tiled.TiledObject@1186f351, com.almasb.fxgl.entity.level.tiled.TiledObject@63b18c5f, com.almasb.fxgl.entity.level.tiled.TiledObject@31cfa15], opacity=0.0, draworder=)], tilesets=[Tileset(firstgid=1, image=../textures/rsz_tiles_sheet.png, name=rsz_tiles_sheet, tilewidth=125, tileheight=125, imagewidth=875, imageheight=750, margin=0, spacing=0, columns=7, tilecount=42, transparentcolor=, tiles=[])], backgroundcolor=, renderorder=right-down, nextobjectid=58, version=1, tiledversion=1.4.1, type=map, infinite=false, hexsidelength=0, staggeraxis=, staggerindex=, properties={}, propertytypes={})
06:11:53.410 [FXGL Background Thread 2 ] DEBUG TMXLevelLoader       - Creating tile layer entities
06:11:53.442 [FXGL Background Thread 2 ] DEBUG TilesetLoader        - Loading view for layer Livello tile 1
06:11:53.446 [FXGL Background Thread 2 ] DEBUG TilesetLoader        - Created buffer with size 2000.0x1125.0
06:11:53.460 [FXGL Background Thread 2 ] DEBUG TilesetLoader        - Writing to buffer: dst=0,0, w=125,h=125, src=250,375
06:11:53.461 [FXGL Background Thread 2 ] DEBUG TilesetLoader        - Writing to buffer: dst=125,0, w=125,h=125, src=250,375
06:11:53.461 [FXGL Background Thread 2 ] DEBUG TilesetLoader        - Writing to buffer: dst=250,0, w=125,h=125, src=250,375
06:11:53.461 [FXGL Background Thread 2 ] DEBUG TilesetLoader        - Writing to buffer: dst=375,0, w=125,h=125, src=250,375
06:11:53.461 [FXGL Background Thread 2 ] DEBUG TilesetLoader        - Writing to buffer: dst=500,0, w=125,h=125, src=250,375
06:11:53.461 [FXGL Background Thread 2 ] DEBUG TilesetLoader        - Writing to buffer: dst=625,0, w=125,h=125, src=250,375
06:11:53.461 [FXGL Background Thread 2 ] DEBUG TilesetLoader        - Writing to buffer: dst=750,0, w=125,h=125, src=250,375
06:11:53.461 [FXGL Background Thread 2 ] DEBUG TilesetLoader        - Writing to buffer: dst=875,0, w=125,h=125, src=250,375
06:11:53.462 [FXGL Background Thread 2 ] DEBUG TilesetLoader        - Writing to buffer: dst=1000,0, w=125,h=125, src=250,375
06:11:53.462 [FXGL Background Thread 2 ] DEBUG TilesetLoader        - Writing to buffer: dst=1125,0, w=125,h=125, src=500,0
06:11:53.462 [FXGL Background Thread 2 ] DEBUG TilesetLoader        - Writing to buffer: dst=1250,0, w=125,h=125, src=250,375
06:11:53.462 [FXGL Background Thread 2 ] DEBUG TilesetLoader        - Writing to buffer: dst=1375,0, w=125,h=125, src=250,375
06:11:53.462 [FXGL Background Thread 2 ] DEBUG TilesetLoader        - Writing to buffer: dst=1500,0, w=125,h=125, src=500,0
06:11:53.462 [FXGL Background Thread 2 ] DEBUG TilesetLoader        - Writing to buffer: dst=1625,0, w=125,h=125, src=250,375
06:11:53.463 [FXGL Background Thread 2 ] DEBUG TilesetLoader        - Writing to buffer: dst=1750,0, w=125,h=125, src=250,375
06:11:53.463 [FXGL Background Thread 2 ] DEBUG TilesetLoader        - Writing to buffer: dst=1875,0, w=125,h=125, src=250,375
06:11:53.463 [FXGL Background Thread 2 ] DEBUG TilesetLoader        - Writing to buffer: dst=0,125, w=125,h=125, src=250,375
06:11:53.463 [FXGL Background Thread 2 ] DEBUG TilesetLoader        - Writing to buffer: dst=125,125, w=125,h=125, src=250,375
06:11:53.463 [FXGL Background Thread 2 ] DEBUG TilesetLoader        - Writing to buffer: dst=250,125, w=125,h=125, src=250,375
06:11:53.463 [FXGL Background Thread 2 ] DEBUG TilesetLoader        - Writing to buffer: dst=375,125, w=125,h=125, src=250,375
06:11:53.463 [FXGL Background Thread 2 ] DEBUG TilesetLoader        - Writing to buffer: dst=500,125, w=125,h=125, src=250,375
06:11:53.463 [FXGL Background Thread 2 ] DEBUG TilesetLoader        - Writing to buffer: dst=625,125, w=125,h=125, src=250,375
06:11:53.463 [FXGL Background Thread 2 ] DEBUG TilesetLoader        - Writing to buffer: dst=750,125, w=125,h=125, src=250,375
06:11:53.463 [FXGL Background Thread 2 ] DEBUG TilesetLoader        - Writing to buffer: dst=875,125, w=125,h=125, src=250,375
06:11:53.463 [FXGL Background Thread 2 ] DEBUG TilesetLoader        - Writing to buffer: dst=1000,125, w=125,h=125, src=250,375
06:11:53.464 [FXGL Background Thread 2 ] DEBUG TilesetLoader        - Writing to buffer: dst=1125,125, w=125,h=125, src=500,0
06:11:53.464 [FXGL Background Thread 2 ] DEBUG TilesetLoader        - Writing to buffer: dst=1250,125, w=125,h=125, src=250,375
06:11:53.464 [FXGL Background Thread 2 ] DEBUG TilesetLoader        - Writing to buffer: dst=1375,125, w=125,h=125, src=250,375
06:11:53.464 [FXGL Background Thread 2 ] DEBUG TilesetLoader        - Writing to buffer: dst=1500,125, w=125,h=125, src=500,0
06:11:53.464 [FXGL Background Thread 2 ] DEBUG TilesetLoader        - Writing to buffer: dst=1625,125, w=125,h=125, src=250,375
06:11:53.464 [FXGL Background Thread 2 ] DEBUG TilesetLoader        - Writing to buffer: dst=1750,125, w=125,h=125, src=250,375
06:11:53.464 [FXGL Background Thread 2 ] DEBUG TilesetLoader        - Writing to buffer: dst=1875,125, w=125,h=125, src=250,375
06:11:53.464 [FXGL Background Thread 2 ] DEBUG TilesetLoader        - Writing to buffer: dst=0,250, w=125,h=125, src=625,0
06:11:53.464 [FXGL Background Thread 2 ] DEBUG TilesetLoader        - Writing to buffer: dst=125,250, w=125,h=125, src=625,0
06:11:53.465 [FXGL Background Thread 2 ] DEBUG TilesetLoader        - Writing to buffer: dst=250,250, w=125,h=125, src=625,0
06:11:53.465 [FXGL Background Thread 2 ] DEBUG TilesetLoader        - Writing to buffer: dst=375,250, w=125,h=125, src=625,0
06:11:53.465 [FXGL Background Thread 2 ] DEBUG TilesetLoader        - Writing to buffer: dst=500,250, w=125,h=125, src=250,0
06:11:53.465 [FXGL Background Thread 2 ] DEBUG TilesetLoader        - Writing to buffer: dst=625,250, w=125,h=125, src=625,0
06:11:53.465 [FXGL Background Thread 2 ] DEBUG TilesetLoader        - Writing to buffer: dst=750,250, w=125,h=125, src=625,0
06:11:53.465 [FXGL Background Thread 2 ] DEBUG TilesetLoader        - Writing to buffer: dst=875,250, w=125,h=125, src=625,0
06:11:53.465 [FXGL Background Thread 2 ] DEBUG TilesetLoader        - Writing to buffer: dst=1000,250, w=125,h=125, src=625,0
06:11:53.465 [FXGL Background Thread 2 ] DEBUG TilesetLoader        - Writing to buffer: dst=1125,250, w=125,h=125, src=0,0
06:11:53.465 [FXGL Background Thread 2 ] DEBUG TilesetLoader        - Writing to buffer: dst=1250,250, w=125,h=125, src=625,0
06:11:53.465 [FXGL Background Thread 2 ] DEBUG TilesetLoader        - Writing to buffer: dst=1375,250, w=125,h=125, src=625,0
06:11:53.465 [FXGL Background Thread 2 ] DEBUG TilesetLoader        - Writing to buffer: dst=1500,250, w=125,h=125, src=750,0
06:11:53.466 [FXGL Background Thread 2 ] DEBUG TilesetLoader        - Writing to buffer: dst=1625,250, w=125,h=125, src=625,0
06:11:53.466 [FXGL Background Thread 2 ] DEBUG TilesetLoader        - Writing to buffer: dst=1750,250, w=125,h=125, src=625,0
06:11:53.466 [FXGL Background Thread 2 ] DEBUG TilesetLoader        - Writing to buffer: dst=1875,250, w=125,h=125, src=625,0
06:11:53.466 [FXGL Background Thread 2 ] DEBUG TilesetLoader        - Writing to buffer: dst=0,375, w=125,h=125, src=250,375
06:11:53.466 [FXGL Background Thread 2 ] DEBUG TilesetLoader        - Writing to buffer: dst=125,375, w=125,h=125, src=250,375
06:11:53.466 [FXGL Background Thread 2 ] DEBUG TilesetLoader        - Writing to buffer: dst=250,375, w=125,h=125, src=250,375
06:11:53.466 [FXGL Background Thread 2 ] DEBUG TilesetLoader        - Writing to buffer: dst=375,375, w=125,h=125, src=250,375
06:11:53.467 [FXGL Background Thread 2 ] DEBUG TilesetLoader        - Writing to buffer: dst=500,375, w=125,h=125, src=500,0
06:11:53.467 [FXGL Background Thread 2 ] DEBUG TilesetLoader        - Writing to buffer: dst=625,375, w=125,h=125, src=250,375
06:11:53.467 [FXGL Background Thread 2 ] DEBUG TilesetLoader        - Writing to buffer: dst=750,375, w=125,h=125, src=250,375
06:11:53.467 [FXGL Background Thread 2 ] DEBUG TilesetLoader        - Writing to buffer: dst=875,375, w=125,h=125, src=250,375
06:11:53.467 [FXGL Background Thread 2 ] DEBUG TilesetLoader        - Writing to buffer: dst=1000,375, w=125,h=125, src=250,375
06:11:53.467 [FXGL Background Thread 2 ] DEBUG TilesetLoader        - Writing to buffer: dst=1125,375, w=125,h=125, src=250,375
06:11:53.467 [FXGL Background Thread 2 ] DEBUG TilesetLoader        - Writing to buffer: dst=1250,375, w=125,h=125, src=250,375
06:11:53.467 [FXGL Background Thread 2 ] DEBUG TilesetLoader        - Writing to buffer: dst=1375,375, w=125,h=125, src=250,375
06:11:53.467 [FXGL Background Thread 2 ] DEBUG TilesetLoader        - Writing to buffer: dst=1500,375, w=125,h=125, src=500,0
06:11:53.468 [FXGL Background Thread 2 ] DEBUG TilesetLoader        - Writing to buffer: dst=1625,375, w=125,h=125, src=250,375
06:11:53.468 [FXGL Background Thread 2 ] DEBUG TilesetLoader        - Writing to buffer: dst=1750,375, w=125,h=125, src=250,375
06:11:53.468 [FXGL Background Thread 2 ] DEBUG TilesetLoader        - Writing to buffer: dst=1875,375, w=125,h=125, src=250,375
06:11:53.468 [FXGL Background Thread 2 ] DEBUG TilesetLoader        - Writing to buffer: dst=0,500, w=125,h=125, src=250,375
06:11:53.468 [FXGL Background Thread 2 ] DEBUG TilesetLoader        - Writing to buffer: dst=125,500, w=125,h=125, src=250,375
06:11:53.468 [FXGL Background Thread 2 ] DEBUG TilesetLoader        - Writing to buffer: dst=250,500, w=125,h=125, src=250,375
06:11:53.468 [FXGL Background Thread 2 ] DEBUG TilesetLoader        - Writing to buffer: dst=375,500, w=125,h=125, src=250,375
06:11:53.468 [FXGL Background Thread 2 ] DEBUG TilesetLoader        - Writing to buffer: dst=500,500, w=125,h=125, src=500,0
06:11:53.468 [FXGL Background Thread 2 ] DEBUG TilesetLoader        - Writing to buffer: dst=625,500, w=125,h=125, src=250,375
06:11:53.469 [FXGL Background Thread 2 ] DEBUG TilesetLoader        - Writing to buffer: dst=750,500, w=125,h=125, src=250,375
06:11:53.469 [FXGL Background Thread 2 ] DEBUG TilesetLoader        - Writing to buffer: dst=875,500, w=125,h=125, src=250,375
06:11:53.469 [FXGL Background Thread 2 ] DEBUG TilesetLoader        - Writing to buffer: dst=1000,500, w=125,h=125, src=250,375
06:11:53.469 [FXGL Background Thread 2 ] DEBUG TilesetLoader        - Writing to buffer: dst=1125,500, w=125,h=125, src=250,375
06:11:53.469 [FXGL Background Thread 2 ] DEBUG TilesetLoader        - Writing to buffer: dst=1250,500, w=125,h=125, src=250,375
06:11:53.469 [FXGL Background Thread 2 ] DEBUG TilesetLoader        - Writing to buffer: dst=1375,500, w=125,h=125, src=250,375
06:11:53.469 [FXGL Background Thread 2 ] DEBUG TilesetLoader        - Writing to buffer: dst=1500,500, w=125,h=125, src=500,0
06:11:53.469 [FXGL Background Thread 2 ] DEBUG TilesetLoader        - Writing to buffer: dst=1625,500, w=125,h=125, src=250,375
06:11:53.469 [FXGL Background Thread 2 ] DEBUG TilesetLoader        - Writing to buffer: dst=1750,500, w=125,h=125, src=250,375
06:11:53.469 [FXGL Background Thread 2 ] DEBUG TilesetLoader        - Writing to buffer: dst=1875,500, w=125,h=125, src=250,375
06:11:53.469 [FXGL Background Thread 2 ] DEBUG TilesetLoader        - Writing to buffer: dst=0,625, w=125,h=125, src=625,0
06:11:53.469 [FXGL Background Thread 2 ] DEBUG TilesetLoader        - Writing to buffer: dst=125,625, w=125,h=125, src=625,0
06:11:53.470 [FXGL Background Thread 2 ] DEBUG TilesetLoader        - Writing to buffer: dst=250,625, w=125,h=125, src=625,0
06:11:53.470 [FXGL Background Thread 2 ] DEBUG TilesetLoader        - Writing to buffer: dst=375,625, w=125,h=125, src=625,0
06:11:53.471 [FXGL Background Thread 2 ] DEBUG TilesetLoader        - Writing to buffer: dst=500,625, w=125,h=125, src=750,0
06:11:53.471 [FXGL Background Thread 2 ] DEBUG TilesetLoader        - Writing to buffer: dst=625,625, w=125,h=125, src=625,0
06:11:53.471 [FXGL Background Thread 2 ] DEBUG TilesetLoader        - Writing to buffer: dst=750,625, w=125,h=125, src=625,0
06:11:53.471 [FXGL Background Thread 2 ] DEBUG TilesetLoader        - Writing to buffer: dst=875,625, w=125,h=125, src=625,0
06:11:53.471 [FXGL Background Thread 2 ] DEBUG TilesetLoader        - Writing to buffer: dst=1000,625, w=125,h=125, src=625,0
06:11:53.471 [FXGL Background Thread 2 ] DEBUG TilesetLoader        - Writing to buffer: dst=1125,625, w=125,h=125, src=625,0
06:11:53.471 [FXGL Background Thread 2 ] DEBUG TilesetLoader        - Writing to buffer: dst=1250,625, w=125,h=125, src=625,0
06:11:53.471 [FXGL Background Thread 2 ] DEBUG TilesetLoader        - Writing to buffer: dst=1375,625, w=125,h=125, src=625,0
06:11:53.471 [FXGL Background Thread 2 ] DEBUG TilesetLoader        - Writing to buffer: dst=1500,625, w=125,h=125, src=375,0
06:11:53.471 [FXGL Background Thread 2 ] DEBUG TilesetLoader        - Writing to buffer: dst=1625,625, w=125,h=125, src=250,375
06:11:53.471 [FXGL Background Thread 2 ] DEBUG TilesetLoader        - Writing to buffer: dst=1750,625, w=125,h=125, src=250,375
06:11:53.471 [FXGL Background Thread 2 ] DEBUG TilesetLoader        - Writing to buffer: dst=1875,625, w=125,h=125, src=250,375
06:11:53.471 [FXGL Background Thread 2 ] DEBUG TilesetLoader        - Writing to buffer: dst=0,750, w=125,h=125, src=250,375
06:11:53.472 [FXGL Background Thread 2 ] DEBUG TilesetLoader        - Writing to buffer: dst=125,750, w=125,h=125, src=250,375
06:11:53.472 [FXGL Background Thread 2 ] DEBUG TilesetLoader        - Writing to buffer: dst=250,750, w=125,h=125, src=250,375
06:11:53.472 [FXGL Background Thread 2 ] DEBUG TilesetLoader        - Writing to buffer: dst=375,750, w=125,h=125, src=250,375
06:11:53.472 [FXGL Background Thread 2 ] DEBUG TilesetLoader        - Writing to buffer: dst=500,750, w=125,h=125, src=500,0
06:11:53.472 [FXGL Background Thread 2 ] DEBUG TilesetLoader        - Writing to buffer: dst=625,750, w=125,h=125, src=250,375
06:11:53.472 [FXGL Background Thread 2 ] DEBUG TilesetLoader        - Writing to buffer: dst=750,750, w=125,h=125, src=250,375
06:11:53.472 [FXGL Background Thread 2 ] DEBUG TilesetLoader        - Writing to buffer: dst=875,750, w=125,h=125, src=250,375
06:11:53.472 [FXGL Background Thread 2 ] DEBUG TilesetLoader        - Writing to buffer: dst=1000,750, w=125,h=125, src=250,375
06:11:53.472 [FXGL Background Thread 2 ] DEBUG TilesetLoader        - Writing to buffer: dst=1125,750, w=125,h=125, src=250,375
06:11:53.473 [FXGL Background Thread 2 ] DEBUG TilesetLoader        - Writing to buffer: dst=1250,750, w=125,h=125, src=250,375
06:11:53.473 [FXGL Background Thread 2 ] DEBUG TilesetLoader        - Writing to buffer: dst=1375,750, w=125,h=125, src=250,375
06:11:53.473 [FXGL Background Thread 2 ] DEBUG TilesetLoader        - Writing to buffer: dst=1500,750, w=125,h=125, src=500,0
06:11:53.473 [FXGL Background Thread 2 ] DEBUG TilesetLoader        - Writing to buffer: dst=1625,750, w=125,h=125, src=250,375
06:11:53.473 [FXGL Background Thread 2 ] DEBUG TilesetLoader        - Writing to buffer: dst=1750,750, w=125,h=125, src=250,375
06:11:53.473 [FXGL Background Thread 2 ] DEBUG TilesetLoader        - Writing to buffer: dst=1875,750, w=125,h=125, src=250,375
06:11:53.473 [FXGL Background Thread 2 ] DEBUG TilesetLoader        - Writing to buffer: dst=0,875, w=125,h=125, src=250,375
06:11:53.473 [FXGL Background Thread 2 ] DEBUG TilesetLoader        - Writing to buffer: dst=125,875, w=125,h=125, src=250,375
06:11:53.473 [FXGL Background Thread 2 ] DEBUG TilesetLoader        - Writing to buffer: dst=250,875, w=125,h=125, src=250,375
06:11:53.474 [FXGL Background Thread 2 ] DEBUG TilesetLoader        - Writing to buffer: dst=375,875, w=125,h=125, src=250,375
06:11:53.474 [FXGL Background Thread 2 ] DEBUG TilesetLoader        - Writing to buffer: dst=500,875, w=125,h=125, src=500,0
06:11:53.474 [FXGL Background Thread 2 ] DEBUG TilesetLoader        - Writing to buffer: dst=625,875, w=125,h=125, src=250,375
06:11:53.474 [FXGL Background Thread 2 ] DEBUG TilesetLoader        - Writing to buffer: dst=750,875, w=125,h=125, src=250,375
06:11:53.474 [FXGL Background Thread 2 ] DEBUG TilesetLoader        - Writing to buffer: dst=875,875, w=125,h=125, src=250,375
06:11:53.474 [FXGL Background Thread 2 ] DEBUG TilesetLoader        - Writing to buffer: dst=1000,875, w=125,h=125, src=250,375
06:11:53.474 [FXGL Background Thread 2 ] DEBUG TilesetLoader        - Writing to buffer: dst=1125,875, w=125,h=125, src=250,375
06:11:53.474 [FXGL Background Thread 2 ] DEBUG TilesetLoader        - Writing to buffer: dst=1250,875, w=125,h=125, src=250,375
06:11:53.474 [FXGL Background Thread 2 ] DEBUG TilesetLoader        - Writing to buffer: dst=1375,875, w=125,h=125, src=250,375
06:11:53.474 [FXGL Background Thread 2 ] DEBUG TilesetLoader        - Writing to buffer: dst=1500,875, w=125,h=125, src=500,0
06:11:53.475 [FXGL Background Thread 2 ] DEBUG TilesetLoader        - Writing to buffer: dst=1625,875, w=125,h=125, src=250,375
06:11:53.475 [FXGL Background Thread 2 ] DEBUG TilesetLoader        - Writing to buffer: dst=1750,875, w=125,h=125, src=250,375
06:11:53.475 [FXGL Background Thread 2 ] DEBUG TilesetLoader        - Writing to buffer: dst=1875,875, w=125,h=125, src=250,375
06:11:53.475 [FXGL Background Thread 2 ] DEBUG TilesetLoader        - Writing to buffer: dst=0,1000, w=125,h=125, src=250,375
06:11:53.475 [FXGL Background Thread 2 ] DEBUG TilesetLoader        - Writing to buffer: dst=125,1000, w=125,h=125, src=250,375
06:11:53.475 [FXGL Background Thread 2 ] DEBUG TilesetLoader        - Writing to buffer: dst=250,1000, w=125,h=125, src=250,375
06:11:53.475 [FXGL Background Thread 2 ] DEBUG TilesetLoader        - Writing to buffer: dst=375,1000, w=125,h=125, src=250,375
06:11:53.475 [FXGL Background Thread 2 ] DEBUG TilesetLoader        - Writing to buffer: dst=500,1000, w=125,h=125, src=500,0
06:11:53.475 [FXGL Background Thread 2 ] DEBUG TilesetLoader        - Writing to buffer: dst=625,1000, w=125,h=125, src=250,375
06:11:53.475 [FXGL Background Thread 2 ] DEBUG TilesetLoader        - Writing to buffer: dst=750,1000, w=125,h=125, src=250,375
06:11:53.475 [FXGL Background Thread 2 ] DEBUG TilesetLoader        - Writing to buffer: dst=875,1000, w=125,h=125, src=250,375
06:11:53.475 [FXGL Background Thread 2 ] DEBUG TilesetLoader        - Writing to buffer: dst=1000,1000, w=125,h=125, src=250,375
06:11:53.475 [FXGL Background Thread 2 ] DEBUG TilesetLoader        - Writing to buffer: dst=1125,1000, w=125,h=125, src=250,375
06:11:53.476 [FXGL Background Thread 2 ] DEBUG TilesetLoader        - Writing to buffer: dst=1250,1000, w=125,h=125, src=250,375
06:11:53.476 [FXGL Background Thread 2 ] DEBUG TilesetLoader        - Writing to buffer: dst=1375,1000, w=125,h=125, src=250,375
06:11:53.476 [FXGL Background Thread 2 ] DEBUG TilesetLoader        - Writing to buffer: dst=1500,1000, w=125,h=125, src=500,0
06:11:53.476 [FXGL Background Thread 2 ] DEBUG TilesetLoader        - Writing to buffer: dst=1625,1000, w=125,h=125, src=250,375
06:11:53.476 [FXGL Background Thread 2 ] DEBUG TilesetLoader        - Writing to buffer: dst=1750,1000, w=125,h=125, src=250,375
06:11:53.476 [FXGL Background Thread 2 ] DEBUG TilesetLoader        - Writing to buffer: dst=1875,1000, w=125,h=125, src=250,375
06:11:53.476 [FXGL Background Thread 2 ] DEBUG TMXLevelLoader       - Creating object layer entities
06:11:53.506 [FXGL Background Thread 2 ] DEBUG FXGLAssetLoaderServi - Loading from file system: /assets/textures/semaforoRosso-02.png
06:11:53.509 [FXGL Background Thread 2 ] DEBUG FXGLAssetLoaderServi - Loading from file system: /assets/textures/semaforoVerde-02.png
06:11:53.512 [FXGL Background Thread 2 ] DEBUG FXGLAssetLoaderServi - Loading from file system: /assets/textures/semaforoRosso-04.png
06:11:53.513 [FXGL Background Thread 2 ] DEBUG FXGLAssetLoaderServi - Loading from file system: /assets/textures/semaforoVerde-04.png
06:11:53.517 [FXGL Background Thread 2 ] DEBUG FXGLAssetLoaderServi - Loading from file system: /assets/textures/semaforoRosso-03.png
06:11:53.518 [FXGL Background Thread 2 ] DEBUG FXGLAssetLoaderServi - Loading from file system: /assets/textures/semaforoVerde-03.png
06:11:53.522 [FXGL Background Thread 2 ] DEBUG FXGLAssetLoaderServi - Loading from file system: /assets/textures/semaforoRosso-01.png
06:11:53.523 [FXGL Background Thread 2 ] DEBUG FXGLAssetLoaderServi - Loading from file system: /assets/textures/semaforoVerde-01.png
06:11:53.525 [FXGL Background Thread 2 ] DEBUG FXGLAssetLoaderServi - Loading from cache: /assets/textures/semaforoRosso-02.png
06:11:53.525 [FXGL Background Thread 2 ] DEBUG FXGLAssetLoaderServi - Loading from cache: /assets/textures/semaforoVerde-02.png
06:11:53.526 [FXGL Background Thread 2 ] DEBUG FXGLAssetLoaderServi - Loading from cache: /assets/textures/semaforoRosso-04.png
06:11:53.526 [FXGL Background Thread 2 ] DEBUG FXGLAssetLoaderServi - Loading from cache: /assets/textures/semaforoVerde-04.png
06:11:53.526 [FXGL Background Thread 2 ] DEBUG FXGLAssetLoaderServi - Loading from cache: /assets/textures/semaforoRosso-01.png
06:11:53.526 [FXGL Background Thread 2 ] DEBUG FXGLAssetLoaderServi - Loading from cache: /assets/textures/semaforoVerde-01.png
06:11:53.527 [FXGL Background Thread 2 ] DEBUG FXGLAssetLoaderServi - Loading from cache: /assets/textures/semaforoRosso-02.png
06:11:53.527 [FXGL Background Thread 2 ] DEBUG FXGLAssetLoaderServi - Loading from cache: /assets/textures/semaforoVerde-02.png
06:11:53.528 [FXGL Background Thread 2 ] DEBUG FXGLAssetLoaderServi - Loading from cache: /assets/textures/semaforoRosso-03.png
06:11:53.529 [FXGL Background Thread 2 ] DEBUG FXGLAssetLoaderServi - Loading from cache: /assets/textures/semaforoVerde-03.png
06:11:53.529 [FXGL Background Thread 2 ] DEBUG FXGLAssetLoaderServi - Loading from cache: /assets/textures/semaforoRosso-04.png
06:11:53.529 [FXGL Background Thread 2 ] DEBUG FXGLAssetLoaderServi - Loading from cache: /assets/textures/semaforoVerde-04.png
06:11:53.530 [FXGL Background Thread 2 ] DEBUG FXGLAssetLoaderServi - Loading from cache: /assets/textures/semaforoRosso-03.png
06:11:53.530 [FXGL Background Thread 2 ] DEBUG FXGLAssetLoaderServi - Loading from cache: /assets/textures/semaforoVerde-03.png
06:11:53.530 [FXGL Background Thread 2 ] DEBUG FXGLAssetLoaderServi - Loading from cache: /assets/textures/semaforoRosso-04.png
06:11:53.530 [FXGL Background Thread 2 ] DEBUG FXGLAssetLoaderServi - Loading from cache: /assets/textures/semaforoVerde-04.png
06:11:53.531 [FXGL Background Thread 2 ] DEBUG FXGLAssetLoaderServi - Loading from cache: /assets/textures/semaforoRosso-01.png
06:11:53.531 [FXGL Background Thread 2 ] DEBUG FXGLAssetLoaderServi - Loading from cache: /assets/textures/semaforoVerde-01.png
06:11:53.531 [FXGL Background Thread 2 ] DEBUG FXGLAssetLoaderServi - Loading from cache: /assets/textures/semaforoRosso-01.png
06:11:53.532 [FXGL Background Thread 2 ] DEBUG FXGLAssetLoaderServi - Loading from cache: /assets/textures/semaforoVerde-01.png
06:11:53.532 [FXGL Background Thread 2 ] DEBUG FXGLAssetLoaderServi - Loading from cache: /assets/textures/semaforoRosso-02.png
06:11:53.532 [FXGL Background Thread 2 ] DEBUG FXGLAssetLoaderServi - Loading from cache: /assets/textures/semaforoVerde-02.png
06:11:53.544 [FXGL Background Thread 2 ] DEBUG FXGLAssetLoaderServi - Loading from cache: /assets/textures/semaforoRosso-03.png
06:11:53.544 [FXGL Background Thread 2 ] DEBUG FXGLAssetLoaderServi - Loading from cache: /assets/textures/semaforoVerde-03.png
06:11:53.546 [FXGL Background Thread 2 ] DEBUG FXGLAssetLoaderServi - Loading from cache: /assets/textures/semaforoRosso-04.png
06:11:53.546 [FXGL Background Thread 2 ] DEBUG FXGLAssetLoaderServi - Loading from cache: /assets/textures/semaforoVerde-04.png
06:11:53.551 [FXGL Background Thread 2 ] DEBUG GameWorld            - Clearing removable entities
06:11:53.551 [FXGL Background Thread 2 ] DEBUG GameWorld            - Setting level: com.almasb.fxgl.entity.level.Level@41df336c
06:11:53.555 [FXGL Background Thread 2 ] DEBUG FXGLAssetLoaderServi - Loading from file system: /assets/textures/pointer-sprite.png
06:11:53.575 [FXGL Background Thread 2 ] INFO  FXGLApplication      - Game initialization took: 0,303 sec
06:11:53.578 [JavaFX Application Thread] DEBUG Input                - Clearing active input actions
06:11:53.584 [JavaFX Application Thread] DEBUG GameApplicationServi - Removing overlay from FXGLLoadingScene and adding to GameScene
06:11:53.586 [JavaFX Application Thread] DEBUG MainWindow           - FXGLLoadingScene -> GameScene
06:11:55.814 [JavaFX Application Thread] DEBUG LoopRunner           - Stopping loop
06:11:55.815 [JavaFX Application Thread] FATAL FXGLApplication      - Uncaught Exception:
java.lang.IllegalArgumentException: No enum constant it.uniroma1.metodologie.trafficGame.Directions.
	at java.base/java.lang.Enum.valueOf(Enum.java:266)
	at trafficGame.main/it.uniroma1.metodologie.trafficGame.Directions.valueOf(Directions.java:1)
	at trafficGame.main/it.uniroma1.metodologie.trafficGame.TrafficApp.lambda$15(TrafficApp.java:514)
	at java.base/java.util.Comparator.lambda$comparing$77a9974f$1(Comparator.java:469)
	at java.base/java.util.TimSort.countRunAndMakeAscending(TimSort.java:355)
	at java.base/java.util.TimSort.sort(TimSort.java:220)
	at java.base/java.util.Arrays.sort(Arrays.java:1516)
	at java.base/java.util.ArrayList.sort(ArrayList.java:1717)
	at java.base/java.util.stream.SortedOps$RefSortingSink.end(SortedOps.java:392)
	at java.base/java.util.stream.Sink$ChainedReference.end(Sink.java:258)
	at java.base/java.util.stream.Sink$ChainedReference.end(Sink.java:258)
	at java.base/java.util.stream.AbstractPipeline.copyInto(AbstractPipeline.java:485)
	at java.base/java.util.stream.AbstractPipeline.wrapAndCopyInto(AbstractPipeline.java:474)
	at java.base/java.util.stream.ReduceOps$ReduceOp.evaluateSequential(ReduceOps.java:913)
	at java.base/java.util.stream.AbstractPipeline.evaluate(AbstractPipeline.java:234)
	at java.base/java.util.stream.ReferencePipeline.collect(ReferencePipeline.java:578)
	at trafficGame.main/it.uniroma1.metodologie.trafficGame.TrafficApp.nextPathFinder(TrafficApp.java:514)
	at trafficGame.main/it.uniroma1.metodologie.trafficGame.TrafficApp.pathChooser(TrafficApp.java:505)
	at trafficGame.main/it.uniroma1.metodologie.trafficGame.TrafficFactory.build(TrafficFactory.java:70)
	at trafficGame.main/it.uniroma1.metodologie.trafficGame.TrafficFactory.getVehicle(TrafficFactory.java:108)
	at java.base/jdk.internal.reflect.NativeMethodAccessorImpl.invoke0(Native Method)
	at java.base/jdk.internal.reflect.NativeMethodAccessorImpl.invoke(NativeMethodAccessorImpl.java:62)
	at java.base/jdk.internal.reflect.DelegatingMethodAccessorImpl.invoke(DelegatingMethodAccessorImpl.java:43)
	at java.base/java.lang.reflect.Method.invoke(Method.java:567)
	at com.almasb.fxgl.core/com.almasb.fxgl.core.reflect.ReflectionUtils.call(ReflectionUtils.java:104)
	at com.almasb.fxgl.core/com.almasb.fxgl.core.reflect.ReflectionUtils.lambda$mapToFunction$3(ReflectionUtils.java:111)
	at com.almasb.fxgl.entity/com.almasb.fxgl.entity.GameWorld$create$2.invoke(GameWorld.kt:402)
	at com.almasb.fxgl.entity/com.almasb.fxgl.entity.GameWorld$create$2.invoke(GameWorld.kt:35)
	at com.almasb.fxgl.core/com.almasb.fxgl.core.util.DSLKt.tryCatchRoot(DSL.kt:34)
	at com.almasb.fxgl.entity/com.almasb.fxgl.entity.GameWorld.create(GameWorld.kt:402)
	at com.almasb.fxgl.entity/com.almasb.fxgl.entity.GameWorld.spawn(GameWorld.kt:375)
	at trafficGame.main/it.uniroma1.metodologie.trafficGame.components.SpawnPointComponent.spawnCar(SpawnPointComponent.java:78)
	at trafficGame.main/it.uniroma1.metodologie.trafficGame.components.SpawnPointComponent.onUpdate(SpawnPointComponent.java:56)
	at com.almasb.fxgl.entity/com.almasb.fxgl.entity.Entity$ComponentMap.update(Entity.java:56)
	at com.almasb.fxgl.entity/com.almasb.fxgl.entity.Entity.update(Entity.java:204)
	at com.almasb.fxgl.entity/com.almasb.fxgl.entity.GameWorld.onUpdate(GameWorld.kt:156)
	at com.almasb.fxgl.all/com.almasb.fxgl.app.scene.GameScene.step(GameScene.kt:114)
	at com.almasb.fxgl.all/com.almasb.fxgl.app.scene.GameScene.onUpdate(GameScene.kt:110)
	at com.almasb.fxgl.scene/com.almasb.fxgl.scene.Scene.update(Scene.kt:78)
	at com.almasb.fxgl.all/com.almasb.fxgl.app.MainWindow$update$1.invoke(MainWindow.kt:219)
	at com.almasb.fxgl.all/com.almasb.fxgl.app.MainWindow$update$1.invoke(MainWindow.kt:40)
	at com.almasb.fxgl.core/com.almasb.fxgl.core.fsm.StateMachine.runOnActiveStates(StateMachine.kt:60)
	at com.almasb.fxgl.all/com.almasb.fxgl.app.MainWindow.update(MainWindow.kt:219)
	at com.almasb.fxgl.all/com.almasb.fxgl.app.FXGLApplication$GameApplicationService.onUpdate(FXGLApplication.kt:400)
	at com.almasb.fxgl.all/com.almasb.fxgl.app.Engine.loop(Engine.kt:130)
	at com.almasb.fxgl.all/com.almasb.fxgl.app.Engine.access$loop(Engine.kt:24)
	at com.almasb.fxgl.all/com.almasb.fxgl.app.Engine$loop$1.invoke(Engine.kt:28)
	at com.almasb.fxgl.all/com.almasb.fxgl.app.Engine$loop$1.invoke(Engine.kt:24)
	at com.almasb.fxgl.all/com.almasb.fxgl.app.LoopRunner.frame(LoopRunner.kt:86)
	at com.almasb.fxgl.all/com.almasb.fxgl.app.LoopRunner.access$frame(LoopRunner.kt:17)
	at com.almasb.fxgl.all/com.almasb.fxgl.app.LoopRunner$impl$2$1.handle(LoopRunner.kt:37)
	at javafx.graphics/javafx.animation.AnimationTimer$AnimationTimerReceiver.lambda$handle$0(AnimationTimer.java:57)
	at java.base/java.security.AccessController.doPrivileged(AccessController.java:391)
	at javafx.graphics/javafx.animation.AnimationTimer$AnimationTimerReceiver.handle(AnimationTimer.java:56)
	at javafx.graphics/com.sun.scenario.animation.AbstractMasterTimer.timePulseImpl(AbstractMasterTimer.java:357)
	at javafx.graphics/com.sun.scenario.animation.AbstractMasterTimer$MainLoop.run(AbstractMasterTimer.java:267)
	at javafx.graphics/com.sun.javafx.tk.quantum.QuantumToolkit.pulse(QuantumToolkit.java:559)
	at javafx.graphics/com.sun.javafx.tk.quantum.QuantumToolkit.pulse(QuantumToolkit.java:543)
	at javafx.graphics/com.sun.javafx.tk.quantum.QuantumToolkit.pulseFromQueue(QuantumToolkit.java:536)
	at javafx.graphics/com.sun.javafx.tk.quantum.QuantumToolkit.lambda$runToolkit$11(QuantumToolkit.java:342)
	at javafx.graphics/com.sun.glass.ui.InvokeLaterDispatcher$Future.run(InvokeLaterDispatcher.java:96)
	at javafx.graphics/com.sun.glass.ui.win.WinApplication._runLoop(Native Method)
	at javafx.graphics/com.sun.glass.ui.win.WinApplication.lambda$runLoop$3(WinApplication.java:174)
	at java.base/java.lang.Thread.run(Thread.java:830)

06:11:55.816 [JavaFX Application Thread] FATAL FXGLApplication      - Application will now exit
06:11:55.819 [JavaFX Application Thread] DEBUG MainWindow           - Push state: ErrorSubScene
06:11:55.819 [JavaFX Application Thread] DEBUG Input                - Clearing active input actions
06:11:55.820 [JavaFX Application Thread] DEBUG GameApplicationServi - Removing overlay from GameScene and adding to ErrorSubScene
06:11:55.821 [JavaFX Application Thread] DEBUG MainWindow           - GameScene -> ErrorSubScene
06:12:07.844 [JavaFX Application Thread] DEBUG FXGLApplication      - Exiting FXGL
06:12:07.844 [JavaFX Application Thread] DEBUG Async                - Shutting down background threads
06:12:07.844 [JavaFX Application Thread] DEBUG MainWindow           - Closing main window
06:12:07.857 [JavaFX Application Thread] DEBUG Logger               - Closing Logger
