06:05:38.942 [main                     ] DEBUG Logger               - Configured Logger
06:05:38.956 [main                     ] DEBUG GameApplication      - Logging settings
Title: Traffic
Version: Alpha 1.0
Width: 2000
Height: 1125
Fullscreen: false
Intro: false
Profiling: false
Single step:false
App Mode: DEVELOPER
Menu Key: ESCAPE
Stage Style: DECORATED
Scene Factory: class it.uniroma1.metodologie.trafficGame.TrafficApp$1

06:05:39.298 [JavaFX Application Thread] DEBUG FXGLApplication      - Initializing FXGL
06:05:39.303 [JavaFX Application Thread] INFO  Engine               - FXGL-dev-SNAPSHOT (08.09.2020 17.31) on WINDOWS (J:13.0.2 FX:14)
06:05:39.303 [JavaFX Application Thread] DEBUG Engine               - JRE Vendor Name: Oracle Corporation
06:05:39.304 [JavaFX Application Thread] DEBUG Engine               - Running on OS: Windows 10 version 10.0
06:05:39.304 [JavaFX Application Thread] DEBUG Engine               - Architecture: amd64
06:05:39.304 [JavaFX Application Thread] INFO  Engine               - Source code and latest versions at: https://github.com/AlmasB/FXGL
06:05:39.304 [JavaFX Application Thread] INFO  Engine               -              Join the FXGL chat at: https://gitter.im/AlmasB/FXGL
06:05:39.377 [JavaFX Application Thread] DEBUG MainWindow           - Creating a JavaFX scene
06:05:39.411 [JavaFX Application Thread] DEBUG MainWindow           - Target settings size: 2000.0 x 1125.0
06:05:39.412 [JavaFX Application Thread] DEBUG MainWindow           - Scaled scene size:    2000.0 x 1125.0
06:05:39.412 [JavaFX Application Thread] DEBUG MainWindow           - Scaled ratio: (1.0, 1.0)
06:05:39.413 [JavaFX Application Thread] DEBUG MainWindow           - Set initial scene to StartupScene
06:05:39.417 [JavaFX Application Thread] DEBUG MainWindow           - Opening main window
06:05:39.480 [JavaFX Application Thread] DEBUG MainWindow           - Window border size: (16.0, 39.0)
06:05:39.480 [JavaFX Application Thread] DEBUG MainWindow           - Scaled size: 2000.0 x 1125.0
06:05:39.480 [JavaFX Application Thread] DEBUG MainWindow           - Scaled ratio: (1.0, 1.0)
06:05:39.480 [JavaFX Application Thread] DEBUG MainWindow           - Scene size: 2000.0 x 1125.0
06:05:39.481 [JavaFX Application Thread] DEBUG MainWindow           - Stage size: 2016.0 x 1164.0
06:05:39.493 [FXGL Background Thread 1 ] DEBUG Engine               - Initializing environment variables
06:05:39.518 [FXGL Background Thread 1 ] DEBUG GameApplicationServi - Applying CSS: fxgl_dark.css
06:05:39.528 [FXGL Background Thread 1 ] DEBUG FXGLAssetLoaderServi - Loading from file system: /assets/ui/css/fxgl_dark.css
06:05:39.569 [FXGL Background Thread 1 ] DEBUG GameApplicationServi - Initializing application scenes
06:05:39.625 [FXGL Background Thread 1 ] DEBUG GameWorld            - Game world initialized
06:05:39.662 [FXGL Background Thread 1 ] DEBUG PhysicsWorld         - Physics world initialized: appHeight=1125, physics.ppm=50,0
06:05:39.663 [FXGL Background Thread 1 ] DEBUG GameScene            - Game scene initialized: 2000x1125
06:05:39.671 [FXGL Background Thread 1 ] DEBUG FXGLAssetLoaderServi - Loading from file system: /assets/textures/bg.jpg
06:05:39.943 [FXGL Background Thread 1 ] DEBUG FXGLAssetLoaderServi - Loading from file system: /assets/textures/logo.png
06:05:40.041 [FXGL Background Thread 1 ] DEBUG FXGLAssetLoaderServi - Loading from file system: /assets/textures/particles/trace_horizontal.png
06:05:40.065 [FXGL Background Thread 1 ] DEBUG FXGL.DefaultMenu     - createMenuBodyGameMenu()
06:05:40.075 [FXGL Background Thread 1 ] DEBUG FXGL.DefaultMenu     - createOptionsMenu()
06:05:40.078 [FXGL Background Thread 1 ] DEBUG FXGL.DefaultMenu     - createExtraMenu()
06:05:40.081 [FXGL Background Thread 1 ] DEBUG FXGLAssetLoaderServi - Loading from file system: /assets/textures/particles/smoke.png
06:05:40.118 [FXGL Background Thread 1 ] DEBUG GameApplicationServi - Application scenes initialized
06:05:40.125 [FXGL Background Thread 1 ] DEBUG SystemBundleService  - Loading FXGL system data
06:05:40.128 [FXGL Background Thread 1 ] DEBUG FileSystemAccess     - Reading from: C:\Users\Andrea\Desktop\Homework\traffic-mobile\system\fxgl.bundle
06:05:40.134 [FXGL Background Thread 1 ] DEBUG SystemBundleService  - Bundle FXGL: {}
06:05:40.135 [FXGL Background Thread 1 ] DEBUG UpdaterService       - Checking for updates
06:05:40.157 [FXGL Background Thread 4 ] DEBUG FXGLApplication      - Loading fonts
06:05:40.158 [FXGL Background Thread 4 ] DEBUG FXGLAssetLoaderServi - Loading from file system: /assets/ui/fonts/VarelaRound-Regular.ttf
06:05:40.158 [FXGL Background Thread 1 ] DEBUG FXGLApplication      - Loading default localization
06:05:40.158 [FXGL Background Thread 1 ] DEBUG FXGLAssetLoaderServi - Loading from file system: /assets/languages/english.lang
06:05:40.174 [FXGL Background Thread 1 ] INFO  FXGLApplication      - FXGL initialization took: 0,680 sec
06:05:40.181 [JavaFX Application Thread] DEBUG Input                - Registered new binding: Change trafficlight status - F
06:05:40.181 [JavaFX Application Thread] DEBUG Input                - Registered new binding: Move Right - D
06:05:40.181 [JavaFX Application Thread] DEBUG Input                - Registered new binding: Move Left - A
06:05:40.181 [JavaFX Application Thread] DEBUG Input                - Registered new binding: Move Up - W
06:05:40.181 [JavaFX Application Thread] DEBUG Input                - Registered new binding: Move Down - S
06:05:40.181 [JavaFX Application Thread] DEBUG Input                - Registered new binding: Spawn Car - Space
06:05:40.182 [JavaFX Application Thread] DEBUG Input                - Registered new binding: Select and change traffic light - LMB
06:05:40.182 [JavaFX Application Thread] DEBUG FXGLAssetLoaderServi - Loading from file system: /assets/textures/fxgl_icon.png
06:05:40.192 [JavaFX Application Thread] DEBUG FXGLAssetLoaderServi - Loading from file system: /assets/ui/cursors/fxgl_default.png
06:05:40.193 [JavaFX Application Thread] DEBUG Input                - Registered new binding: Screenshot - P
06:05:40.193 [JavaFX Application Thread] DEBUG Input                - Registered new binding: Dev Options - 1
06:05:40.194 [JavaFX Application Thread] DEBUG Input                - Registered new binding: Dev Console - 2
06:05:40.194 [JavaFX Application Thread] DEBUG Input                - Registered new binding: System info dump - CTRL+9
06:05:40.194 [JavaFX Application Thread] DEBUG Input                - Registered new binding: Restart - CTRL+R
06:05:40.195 [JavaFX Application Thread] DEBUG Input                - Registered new binding: Toggle Debug Camera - CTRL+C
06:05:40.196 [JavaFX Application Thread] DEBUG LoopRunner           - Starting loop
06:05:40.206 [JavaFX Application Thread] DEBUG Input                - Clearing active input actions
06:05:40.212 [JavaFX Application Thread] DEBUG GameApplicationServi - Removing overlay from StartupScene and adding to FXGLMainMenuDummyScene
06:05:40.215 [JavaFX Application Thread] DEBUG MainWindow           - StartupScene -> FXGLMainMenuDummyScene
06:05:40.215 [JavaFX Application Thread] DEBUG MainWindow           - Push state: TrafficAppMenu
06:05:40.215 [JavaFX Application Thread] DEBUG Input                - Clearing active input actions
06:05:40.219 [JavaFX Application Thread] DEBUG GameApplicationServi - Removing overlay from FXGLMainMenuDummyScene and adding to TrafficAppMenu
06:05:40.223 [JavaFX Application Thread] DEBUG MainWindow           - FXGLMainMenuDummyScene -> TrafficAppMenu
06:05:40.713 [FXGL Background Thread 4 ] DEBUG FXGLAssetLoaderServi - Loading from file system: /assets/ui/fonts/Abel-Regular.ttf
06:05:40.715 [FXGL Background Thread 4 ] DEBUG FXGLAssetLoaderServi - Loading from file system: /assets/ui/fonts/lucida_console.ttf
06:05:40.719 [FXGL Background Thread 4 ] DEBUG FXGLAssetLoaderServi - Loading from file system: /assets/ui/fonts/Courier-Prime.ttf
06:05:40.722 [JavaFX Application Thread] DEBUG FXGLApplication      - Registering font factories with UI factory
06:05:43.156 [FXGL Background Thread 3 ] DEBUG Engine               - Logging environment variables
06:05:43.156 [FXGL Background Thread 3 ] DEBUG Engine               - achievements: []
06:05:43.157 [FXGL Background Thread 3 ] DEBUG Engine               - appIcon: fxgl_icon.png
06:05:43.157 [FXGL Background Thread 3 ] DEBUG Engine               - applicationMode: DEVELOPER
06:05:43.158 [FXGL Background Thread 3 ] DEBUG Engine               - cSSList: [fxgl_dark.css]
06:05:43.158 [FXGL Background Thread 3 ] DEBUG Engine               - configClass: Optional.empty
06:05:43.158 [FXGL Background Thread 3 ] DEBUG Engine               - credits: []
06:05:43.159 [FXGL Background Thread 3 ] DEBUG Engine               - devBBoxColorProperty: ObjectProperty [value: 0xff0000ff]
06:05:43.159 [FXGL Background Thread 3 ] DEBUG Engine               - devEnableDebugCameraProperty: BooleanProperty [value: false]
06:05:43.159 [FXGL Background Thread 3 ] DEBUG Engine               - devSensorColorProperty: ObjectProperty [value: 0xffff00ff]
06:05:43.160 [FXGL Background Thread 3 ] DEBUG Engine               - devShowBBoxProperty: BooleanProperty [value: false]
06:05:43.160 [FXGL Background Thread 3 ] DEBUG Engine               - devShowPositionProperty: BooleanProperty [value: false]
06:05:43.160 [FXGL Background Thread 3 ] DEBUG Engine               - enabledMenuItems: [SAVE_LOAD, EXTRA, ONLINE]
06:05:43.160 [FXGL Background Thread 3 ] DEBUG Engine               - engineServices: [class com.almasb.fxgl.app.FXGLApplication$GameApplicationService, class com.almasb.fxgl.app.services.FXGLDialogService, class com.almasb.fxgl.app.services.IOTaskExecutorService, class com.almasb.fxgl.event.EventBusService, class com.almasb.fxgl.io.FileSystemService, class com.almasb.fxgl.localization.LocalizationService, class com.almasb.fxgl.app.services.FXGLAssetLoaderService, class com.almasb.fxgl.app.services.SystemBundleService, class com.almasb.fxgl.profile.SaveLoadService, class com.almasb.fxgl.ui.FXGLUIFactoryServiceProvider, class com.almasb.fxgl.ui.FXGLDialogFactoryServiceProvider, class com.almasb.fxgl.audio.AudioPlayer, class com.almasb.fxgl.notification.impl.NotificationServiceProvider, class com.almasb.fxgl.achievement.AchievementService, class com.almasb.fxgl.cutscene.CutsceneService, class com.almasb.fxgl.minigames.MiniGameService, class com.almasb.fxgl.net.NetService, class com.almasb.fxgl.app.services.UpdaterService, class com.almasb.fxgl.dev.DevService]
06:05:43.161 [FXGL Background Thread 3 ] DEBUG Engine               - fontGame: Abel-Regular.ttf
06:05:43.161 [FXGL Background Thread 3 ] DEBUG Engine               - fontMono: lucida_console.ttf
06:05:43.161 [FXGL Background Thread 3 ] DEBUG Engine               - fontText: Courier-Prime.ttf
06:05:43.161 [FXGL Background Thread 3 ] DEBUG Engine               - fontUI: VarelaRound-Regular.ttf
06:05:43.162 [FXGL Background Thread 3 ] DEBUG Engine               - fullScreen: BooleanProperty [value: false]
06:05:43.162 [FXGL Background Thread 3 ] DEBUG Engine               - gameDifficulty: MEDIUM
06:05:43.162 [FXGL Background Thread 3 ] DEBUG Engine               - gameDifficultyProperty: ObjectProperty [value: MEDIUM]
06:05:43.163 [FXGL Background Thread 3 ] DEBUG Engine               - globalMusicVolume: 0.5
06:05:43.163 [FXGL Background Thread 3 ] DEBUG Engine               - globalMusicVolumeProperty: DoubleProperty [value: 0.5]
06:05:43.163 [FXGL Background Thread 3 ] DEBUG Engine               - globalSoundVolume: 0.5
06:05:43.163 [FXGL Background Thread 3 ] DEBUG Engine               - globalSoundVolumeProperty: DoubleProperty [value: 0.5]
06:05:43.164 [FXGL Background Thread 3 ] DEBUG Engine               - height: 1125
06:05:43.164 [FXGL Background Thread 3 ] DEBUG Engine               - isAndroid: false
06:05:43.164 [FXGL Background Thread 3 ] DEBUG Engine               - isBrowser: false
06:05:43.164 [FXGL Background Thread 3 ] DEBUG Engine               - isClickFeedbackEnabled: false
06:05:43.164 [FXGL Background Thread 3 ] DEBUG Engine               - isCloseConfirmation: false
06:05:43.164 [FXGL Background Thread 3 ] DEBUG Engine               - isDesktop: true
06:05:43.165 [FXGL Background Thread 3 ] DEBUG Engine               - isDeveloperMenuEnabled: true
06:05:43.165 [FXGL Background Thread 3 ] DEBUG Engine               - isEntityPreloadEnabled: true
06:05:43.165 [FXGL Background Thread 3 ] DEBUG Engine               - isExperimentalNative: false
06:05:43.165 [FXGL Background Thread 3 ] DEBUG Engine               - isExperimentalTiledLargeMap: false
06:05:43.166 [FXGL Background Thread 3 ] DEBUG Engine               - isFileSystemWriteAllowed: true
06:05:43.166 [FXGL Background Thread 3 ] DEBUG Engine               - isFullScreenAllowed: false
06:05:43.166 [FXGL Background Thread 3 ] DEBUG Engine               - isFullScreenFromStart: false
06:05:43.166 [FXGL Background Thread 3 ] DEBUG Engine               - isGameMenuEnabled: true
06:05:43.166 [FXGL Background Thread 3 ] DEBUG Engine               - isIOS: false
06:05:43.166 [FXGL Background Thread 3 ] DEBUG Engine               - isIntroEnabled: false
06:05:43.166 [FXGL Background Thread 3 ] DEBUG Engine               - isLinux: false
06:05:43.166 [FXGL Background Thread 3 ] DEBUG Engine               - isMac: false
06:05:43.167 [FXGL Background Thread 3 ] DEBUG Engine               - isMainMenuEnabled: true
06:05:43.167 [FXGL Background Thread 3 ] DEBUG Engine               - isManualResizeEnabled: true
06:05:43.167 [FXGL Background Thread 3 ] DEBUG Engine               - isMobile: false
06:05:43.167 [FXGL Background Thread 3 ] DEBUG Engine               - isPreserveResizeRatio: true
06:05:43.167 [FXGL Background Thread 3 ] DEBUG Engine               - isProfilingEnabled: false
06:05:43.167 [FXGL Background Thread 3 ] DEBUG Engine               - isSingleStep: false
06:05:43.168 [FXGL Background Thread 3 ] DEBUG Engine               - isUserProfileEnabled: false
06:05:43.168 [FXGL Background Thread 3 ] DEBUG Engine               - isWindows: true
06:05:43.168 [FXGL Background Thread 3 ] DEBUG Engine               - language: ObjectProperty [value: ENGLISH]
06:05:43.168 [FXGL Background Thread 3 ] DEBUG Engine               - menuKey: ESCAPE
06:05:43.168 [FXGL Background Thread 3 ] DEBUG Engine               - notificationViewClass: class com.almasb.fxgl.notification.view.XboxNotificationView
06:05:43.168 [FXGL Background Thread 3 ] DEBUG Engine               - pixelsPerMeter: 50.0
06:05:43.168 [FXGL Background Thread 3 ] DEBUG Engine               - platform: WINDOWS
06:05:43.168 [FXGL Background Thread 3 ] DEBUG Engine               - profileDir: profiles/
06:05:43.169 [FXGL Background Thread 3 ] DEBUG Engine               - profileName: StringProperty [value: DEFAULT]
06:05:43.169 [FXGL Background Thread 3 ] DEBUG Engine               - randomSeed: -1
06:05:43.169 [FXGL Background Thread 3 ] DEBUG Engine               - runtimeInfo: RuntimeInfo(platform=WINDOWS, version=dev-SNAPSHOT, build=08.09.2020 17.31)
06:05:43.169 [FXGL Background Thread 3 ] DEBUG Engine               - saveFileExt: sav
06:05:43.169 [FXGL Background Thread 3 ] DEBUG Engine               - sceneFactory: it.uniroma1.metodologie.trafficGame.TrafficApp$1@72da1622
06:05:43.169 [FXGL Background Thread 3 ] DEBUG Engine               - secondsIn24h: 60
06:05:43.169 [FXGL Background Thread 3 ] DEBUG Engine               - soundMenuBack: menu/back.wav
06:05:43.169 [FXGL Background Thread 3 ] DEBUG Engine               - soundMenuPress: menu/press.wav
06:05:43.170 [FXGL Background Thread 3 ] DEBUG Engine               - soundMenuSelect: menu/select.wav
06:05:43.170 [FXGL Background Thread 3 ] DEBUG Engine               - soundNotification: core/notification.wav
06:05:43.170 [FXGL Background Thread 3 ] DEBUG Engine               - stageStyle: DECORATED
06:05:43.170 [FXGL Background Thread 3 ] DEBUG Engine               - supportedLanguages: [ENGLISH, FRENCH, GERMAN, HUNGARIAN, RUSSIAN]
06:05:43.170 [FXGL Background Thread 3 ] DEBUG Engine               - title: Traffic
06:05:43.170 [FXGL Background Thread 3 ] DEBUG Engine               - urlGithub: https://github.com/AlmasB/FXGL
06:05:43.170 [FXGL Background Thread 3 ] DEBUG Engine               - urlLeaderboard: http://fxgl-top.herokuapp.com/
06:05:43.170 [FXGL Background Thread 3 ] DEBUG Engine               - urlPOM: https://raw.githubusercontent.com/AlmasB/FXGL/master/pom.xml
06:05:43.171 [FXGL Background Thread 3 ] DEBUG Engine               - version: Alpha 1.0
06:05:43.171 [FXGL Background Thread 3 ] DEBUG Engine               - versionCheckDays: 7
06:05:43.171 [FXGL Background Thread 3 ] DEBUG Engine               - width: 2000
06:05:43.171 [FXGL Background Thread 3 ] DEBUG Engine               - Logging services
06:05:43.171 [FXGL Background Thread 3 ] DEBUG Engine               - class com.almasb.fxgl.app.FXGLApplication$GameApplicationService
06:05:43.171 [FXGL Background Thread 3 ] DEBUG Engine               - class com.almasb.fxgl.app.services.FXGLDialogService
06:05:43.172 [FXGL Background Thread 3 ] DEBUG Engine               - class com.almasb.fxgl.app.services.IOTaskExecutorService
06:05:43.172 [FXGL Background Thread 3 ] DEBUG Engine               - class com.almasb.fxgl.event.EventBusService
06:05:43.172 [FXGL Background Thread 3 ] DEBUG Engine               - class com.almasb.fxgl.io.FileSystemService
06:05:43.172 [FXGL Background Thread 3 ] DEBUG Engine               - class com.almasb.fxgl.localization.LocalizationService
06:05:43.172 [FXGL Background Thread 3 ] DEBUG Engine               - class com.almasb.fxgl.app.services.FXGLAssetLoaderService
06:05:43.172 [FXGL Background Thread 3 ] DEBUG Engine               - class com.almasb.fxgl.app.services.SystemBundleService
06:05:43.172 [FXGL Background Thread 3 ] DEBUG Engine               - class com.almasb.fxgl.profile.SaveLoadService
06:05:43.172 [FXGL Background Thread 3 ] DEBUG Engine               - class com.almasb.fxgl.ui.FXGLUIFactoryServiceProvider
06:05:43.172 [FXGL Background Thread 3 ] DEBUG Engine               - class com.almasb.fxgl.ui.FXGLDialogFactoryServiceProvider
06:05:43.173 [FXGL Background Thread 3 ] DEBUG Engine               - class com.almasb.fxgl.audio.AudioPlayer
06:05:43.173 [FXGL Background Thread 3 ] DEBUG Engine               - class com.almasb.fxgl.notification.impl.NotificationServiceProvider
06:05:43.173 [FXGL Background Thread 3 ] DEBUG Engine               - class com.almasb.fxgl.achievement.AchievementService
06:05:43.173 [FXGL Background Thread 3 ] DEBUG Engine               - class com.almasb.fxgl.cutscene.CutsceneService
06:05:43.173 [FXGL Background Thread 3 ] DEBUG Engine               - class com.almasb.fxgl.minigames.MiniGameService
06:05:43.173 [FXGL Background Thread 3 ] DEBUG Engine               - class com.almasb.fxgl.net.NetService
06:05:43.173 [FXGL Background Thread 3 ] DEBUG Engine               - class com.almasb.fxgl.app.services.UpdaterService
06:05:43.174 [FXGL Background Thread 3 ] DEBUG Engine               - class com.almasb.fxgl.dev.DevService
06:05:45.289 [JavaFX Application Thread] DEBUG Menu                 - fireNewGame()
06:05:45.290 [JavaFX Application Thread] DEBUG GameApplicationServi - Starting new game
06:05:45.290 [JavaFX Application Thread] DEBUG MainWindow           - Pop state: TrafficAppMenu
06:05:45.290 [JavaFX Application Thread] DEBUG Input                - Clearing active input actions
06:05:45.291 [JavaFX Application Thread] DEBUG GameApplicationServi - Removing overlay from TrafficAppMenu and adding to FXGLMainMenuDummyScene
06:05:45.292 [JavaFX Application Thread] DEBUG MainWindow           - FXGLMainMenuDummyScene <- TrafficAppMenu
06:05:45.293 [JavaFX Application Thread] DEBUG Input                - Clearing active input actions
06:05:45.300 [JavaFX Application Thread] DEBUG GameApplicationServi - Removing overlay from FXGLMainMenuDummyScene and adding to FXGLLoadingScene
06:05:45.300 [JavaFX Application Thread] DEBUG MainWindow           - FXGLMainMenuDummyScene -> FXGLLoadingScene
06:05:45.300 [JavaFX Application Thread] DEBUG GameApplicationServi - Clearing previous game
06:05:45.300 [JavaFX Application Thread] DEBUG GameScene            - Clearing game scene
06:05:45.300 [JavaFX Application Thread] DEBUG GameWorld            - Clearing game world
06:05:45.301 [JavaFX Application Thread] DEBUG PhysicsWorld         - Clearing physics world
06:05:45.302 [FXGL Background Thread 2 ] DEBUG FXGLApplication      - Initializing game
06:05:45.307 [FXGL Background Thread 2 ] DEBUG FXGLAssetLoaderServi - Loading from file system: /assets/levels/Mappa_02.tmx
06:05:45.326 [FXGL Background Thread 2 ] WARN  TMXLevelLoader       - TiledMap generated from 1.4.1. Supported version: 1.2.3. Some features may not be parsed fully.
06:05:45.347 [FXGL Background Thread 2 ] DEBUG TMXLevelLoader       - Parsed raw map: TiledMap(width=16, height=9, tilewidth=125, tileheight=125, orientation=orthogonal, layers=[Layer(width=16, height=9, name=Livello tile 1, type=tilelayer, visible=false, x=0, y=0, data=[0, 0, 0, 0, 0, 0, 0, 0, 0, 5, 0, 0, 5, 0, 0, 0, 0, 0, 0, 0, 0, 0, 0, 0, 0, 5, 0, 0, 5, 0, 0, 0, 6, 6, 6, 6, 3, 6, 6, 6, 6, 1, 6, 6, 7, 6, 6, 6, 0, 0, 0, 0, 5, 0, 0, 0, 0, 0, 0, 0, 5, 0, 0, 0, 0, 0, 0, 0, 5, 0, 0, 0, 0, 0, 0, 0, 5, 0, 0, 0, 6, 6, 6, 6, 7, 6, 6, 6, 6, 6, 6, 6, 4, 0, 0, 0, 0, 0, 0, 0, 5, 0, 0, 0, 0, 0, 0, 0, 5, 0, 0, 0, 0, 0, 0, 0, 5, 0, 0, 0, 0, 0, 0, 0, 5, 0, 0, 0, 0, 0, 0, 0, 5, 0, 0, 0, 0, 0, 0, 0, 5, 0, 0, 0], objects=[], opacity=0.0, draworder=), Layer(width=0, height=0, name=Paths, type=objectgroup, visible=false, x=0, y=0, data=[], objects=[com.almasb.fxgl.entity.level.tiled.TiledObject@56abcb3f, com.almasb.fxgl.entity.level.tiled.TiledObject@45163b7c, com.almasb.fxgl.entity.level.tiled.TiledObject@6a533b83, com.almasb.fxgl.entity.level.tiled.TiledObject@3ed16b0a, com.almasb.fxgl.entity.level.tiled.TiledObject@362bbddc, com.almasb.fxgl.entity.level.tiled.TiledObject@4212bdbe, com.almasb.fxgl.entity.level.tiled.TiledObject@31ee195c, com.almasb.fxgl.entity.level.tiled.TiledObject@452ad50, com.almasb.fxgl.entity.level.tiled.TiledObject@6f7c355b, com.almasb.fxgl.entity.level.tiled.TiledObject@38549a47, com.almasb.fxgl.entity.level.tiled.TiledObject@793140e8, com.almasb.fxgl.entity.level.tiled.TiledObject@68985ab3, com.almasb.fxgl.entity.level.tiled.TiledObject@66407c16, com.almasb.fxgl.entity.level.tiled.TiledObject@7a5a443b, com.almasb.fxgl.entity.level.tiled.TiledObject@99f7d98, com.almasb.fxgl.entity.level.tiled.TiledObject@23f8e3da, com.almasb.fxgl.entity.level.tiled.TiledObject@46bd9b7f, com.almasb.fxgl.entity.level.tiled.TiledObject@6e6e740f, com.almasb.fxgl.entity.level.tiled.TiledObject@1c6fa7e7, com.almasb.fxgl.entity.level.tiled.TiledObject@78ed6183, com.almasb.fxgl.entity.level.tiled.TiledObject@52217b82, com.almasb.fxgl.entity.level.tiled.TiledObject@4f72b3c5, com.almasb.fxgl.entity.level.tiled.TiledObject@2ec36553, com.almasb.fxgl.entity.level.tiled.TiledObject@3db1f871, com.almasb.fxgl.entity.level.tiled.TiledObject@6415792e, com.almasb.fxgl.entity.level.tiled.TiledObject@3ea312f2], opacity=0.0, draworder=), Layer(width=0, height=0, name=TrafficLights, type=objectgroup, visible=false, x=0, y=0, data=[], objects=[com.almasb.fxgl.entity.level.tiled.TiledObject@b7f1188, com.almasb.fxgl.entity.level.tiled.TiledObject@393f02e6, com.almasb.fxgl.entity.level.tiled.TiledObject@76acc0e6, com.almasb.fxgl.entity.level.tiled.TiledObject@503e6843, com.almasb.fxgl.entity.level.tiled.TiledObject@23bec09d, com.almasb.fxgl.entity.level.tiled.TiledObject@62d7de3e, com.almasb.fxgl.entity.level.tiled.TiledObject@72ec8972, com.almasb.fxgl.entity.level.tiled.TiledObject@51339b1c, com.almasb.fxgl.entity.level.tiled.TiledObject@45c038f, com.almasb.fxgl.entity.level.tiled.TiledObject@58a61b14, com.almasb.fxgl.entity.level.tiled.TiledObject@4e97ae6b, com.almasb.fxgl.entity.level.tiled.TiledObject@3b127de, com.almasb.fxgl.entity.level.tiled.TiledObject@67951c5c, com.almasb.fxgl.entity.level.tiled.TiledObject@f83d501, com.almasb.fxgl.entity.level.tiled.TiledObject@7c14c66c, com.almasb.fxgl.entity.level.tiled.TiledObject@761191e7, com.almasb.fxgl.entity.level.tiled.TiledObject@39a90485], opacity=0.0, draworder=), Layer(width=0, height=0, name=Incroci, type=objectgroup, visible=false, x=0, y=0, data=[], objects=[com.almasb.fxgl.entity.level.tiled.TiledObject@2893f56c, com.almasb.fxgl.entity.level.tiled.TiledObject@726e71b4, com.almasb.fxgl.entity.level.tiled.TiledObject@88a58b7, com.almasb.fxgl.entity.level.tiled.TiledObject@7976e80f, com.almasb.fxgl.entity.level.tiled.TiledObject@4ef95ad8], opacity=0.0, draworder=), Layer(width=0, height=0, name=SpawnPoints, type=objectgroup, visible=false, x=0, y=0, data=[], objects=[com.almasb.fxgl.entity.level.tiled.TiledObject@4f9b6162, com.almasb.fxgl.entity.level.tiled.TiledObject@150ed7c6, com.almasb.fxgl.entity.level.tiled.TiledObject@5b7673f8, com.almasb.fxgl.entity.level.tiled.TiledObject@5fddcdd4, com.almasb.fxgl.entity.level.tiled.TiledObject@4b59373c], opacity=0.0, draworder=)], tilesets=[Tileset(firstgid=1, image=, name=, tilewidth=0, tileheight=0, imagewidth=0, imageheight=0, margin=0, spacing=0, columns=0, tilecount=0, transparentcolor=, tiles=[])], backgroundcolor=, renderorder=right-down, nextobjectid=58, version=1, tiledversion=1.4.1, type=map, infinite=false, hexsidelength=0, staggeraxis=, staggerindex=, properties={}, propertytypes={})
06:05:45.348 [FXGL Background Thread 2 ] DEBUG TMXLevelLoader       - Creating tile layer entities
06:05:45.349 [FXGL Background Thread 2 ] DEBUG TilesetLoader        - Loading view for layer Livello tile 1
06:05:45.353 [FXGL Background Thread 2 ] DEBUG TilesetLoader        - Created buffer with size 2000.0x1125.0
06:05:45.353 [FXGL Background Thread 2 ] WARN  TMXLevelLoader       - Parse error Error: java.lang.IllegalArgumentException: Tileset for gid=5 not found
06:05:45.368 [JavaFX Application Thread] DEBUG LoopRunner           - Stopping loop
06:05:45.369 [JavaFX Application Thread] FATAL FXGLApplication      - Uncaught Exception:
java.lang.RuntimeException: Initialization failed
	at com.almasb.fxgl.all/com.almasb.fxgl.app.FXGLApplication$InitAppTask.failed(FXGLApplication.kt:324)
	at javafx.graphics/javafx.concurrent.Task.setState(Task.java:710)
	at javafx.graphics/javafx.concurrent.Task$TaskCallable.lambda$call$2(Task.java:1455)
	at javafx.graphics/com.sun.javafx.application.PlatformImpl.lambda$runLater$10(PlatformImpl.java:428)
	at java.base/java.security.AccessController.doPrivileged(AccessController.java:391)
	at javafx.graphics/com.sun.javafx.application.PlatformImpl.lambda$runLater$11(PlatformImpl.java:427)
	at javafx.graphics/com.sun.glass.ui.InvokeLaterDispatcher$Future.run(InvokeLaterDispatcher.java:96)
	at javafx.graphics/com.sun.glass.ui.win.WinApplication._runLoop(Native Method)
	at javafx.graphics/com.sun.glass.ui.win.WinApplication.lambda$runLoop$3(WinApplication.java:174)
	at java.base/java.lang.Thread.run(Thread.java:830)
Caused by: com.almasb.fxgl.entity.level.LevelLoadingException: Tileset for gid=5 not found
	at com.almasb.fxgl.entity/com.almasb.fxgl.entity.level.tiled.TMXLevelLoader.load(TMXLevelLoader.kt:71)
	at com.almasb.fxgl.all/com.almasb.fxgl.app.services.FXGLAssetLoaderService.loadLevel(FXGLAssetLoaderService.kt:276)
	at com.almasb.fxgl.all/com.almasb.fxgl.dsl.FXGL$Companion.setLevelFromMap(FXGL.kt:502)
	at com.almasb.fxgl.all/com.almasb.fxgl.dsl.FXGL.setLevelFromMap(FXGL.kt)
	at trafficGame.main/it.uniroma1.metodologie.trafficGame.TrafficApp.initGame(TrafficApp.java:126)
	at com.almasb.fxgl.all/com.almasb.fxgl.app.FXGLApplication$InitAppTask.initGame(FXGLApplication.kt:320)
	at com.almasb.fxgl.all/com.almasb.fxgl.app.FXGLApplication$InitAppTask.call(FXGLApplication.kt:300)
	at com.almasb.fxgl.all/com.almasb.fxgl.app.FXGLApplication$InitAppTask.call(FXGLApplication.kt:292)
	at javafx.graphics/javafx.concurrent.Task$TaskCallable.call(Task.java:1425)
	at java.base/java.util.concurrent.FutureTask.run(FutureTask.java:264)
	at java.base/java.util.concurrent.Executors$RunnableAdapter.call(Executors.java:515)
	at java.base/java.util.concurrent.FutureTask.run(FutureTask.java:264)
	at java.base/java.util.concurrent.ThreadPoolExecutor.runWorker(ThreadPoolExecutor.java:1128)
	at java.base/java.util.concurrent.ThreadPoolExecutor$Worker.run(ThreadPoolExecutor.java:628)
	... 1 more
Caused by: java.lang.IllegalArgumentException: Tileset for gid=5 not found
	at com.almasb.fxgl.entity/com.almasb.fxgl.entity.level.tiled.TilesetLoader.findTileset(TilesetLoader.kt:288)
	at com.almasb.fxgl.entity/com.almasb.fxgl.entity.level.tiled.TilesetLoader.loadView(TilesetLoader.kt:98)
	at com.almasb.fxgl.entity/com.almasb.fxgl.entity.level.tiled.TMXLevelLoader.createTileLayerEntities(TMXLevelLoader.kt:86)
	at com.almasb.fxgl.entity/com.almasb.fxgl.entity.level.tiled.TMXLevelLoader.load(TMXLevelLoader.kt:51)
	... 14 more

06:05:45.369 [JavaFX Application Thread] FATAL FXGLApplication      - Application will now exit
06:05:45.372 [JavaFX Application Thread] DEBUG MainWindow           - Push state: ErrorSubScene
06:05:45.372 [JavaFX Application Thread] DEBUG Input                - Clearing active input actions
06:05:45.373 [JavaFX Application Thread] DEBUG GameApplicationServi - Removing overlay from FXGLLoadingScene and adding to ErrorSubScene
06:05:45.376 [JavaFX Application Thread] DEBUG MainWindow           - FXGLLoadingScene -> ErrorSubScene
06:05:47.167 [JavaFX Application Thread] DEBUG FXGLApplication      - Exiting FXGL
06:05:47.167 [JavaFX Application Thread] DEBUG Async                - Shutting down background threads
06:05:47.167 [JavaFX Application Thread] DEBUG MainWindow           - Closing main window
06:05:47.180 [JavaFX Application Thread] DEBUG Logger               - Closing Logger
