00:44:04.676 [main                     ] DEBUG Logger               - Configured Logger
00:44:04.692 [main                     ] DEBUG GameApplication      - Logging settings
Title: Traffic
Version: Alpha 1.0
Width: 2000
Height: 1125
Fullscreen: false
Intro: false
Profiling: false
Single step:false
App Mode: DEVELOPER
Menu Key: ESCAPE
Stage Style: DECORATED
Scene Factory: class it.uniroma1.metodologie.trafficGame.TrafficApp$1

00:44:05.027 [JavaFX Application Thread] DEBUG FXGLApplication      - Initializing FXGL
00:44:05.033 [JavaFX Application Thread] INFO  Engine               - FXGL-dev-SNAPSHOT (08.09.2020 17.31) on WINDOWS (J:13.0.2 FX:14)
00:44:05.033 [JavaFX Application Thread] DEBUG Engine               - JRE Vendor Name: Oracle Corporation
00:44:05.033 [JavaFX Application Thread] DEBUG Engine               - Running on OS: Windows 10 version 10.0
00:44:05.034 [JavaFX Application Thread] DEBUG Engine               - Architecture: amd64
00:44:05.034 [JavaFX Application Thread] INFO  Engine               - Source code and latest versions at: https://github.com/AlmasB/FXGL
00:44:05.034 [JavaFX Application Thread] INFO  Engine               -              Join the FXGL chat at: https://gitter.im/AlmasB/FXGL
00:44:05.109 [JavaFX Application Thread] DEBUG MainWindow           - Creating a JavaFX scene
00:44:05.146 [JavaFX Application Thread] DEBUG MainWindow           - Target settings size: 2000.0 x 1125.0
00:44:05.146 [JavaFX Application Thread] DEBUG MainWindow           - Scaled scene size:    2000.0 x 1125.0
00:44:05.146 [JavaFX Application Thread] DEBUG MainWindow           - Scaled ratio: (1.0, 1.0)
00:44:05.147 [JavaFX Application Thread] DEBUG MainWindow           - Set initial scene to StartupScene
00:44:05.151 [JavaFX Application Thread] DEBUG MainWindow           - Opening main window
00:44:05.218 [JavaFX Application Thread] DEBUG MainWindow           - Window border size: (16.0, 39.0)
00:44:05.218 [JavaFX Application Thread] DEBUG MainWindow           - Scaled size: 2000.0 x 1125.0
00:44:05.218 [JavaFX Application Thread] DEBUG MainWindow           - Scaled ratio: (1.0, 1.0)
00:44:05.218 [JavaFX Application Thread] DEBUG MainWindow           - Scene size: 2000.0 x 1125.0
00:44:05.219 [JavaFX Application Thread] DEBUG MainWindow           - Stage size: 2016.0 x 1164.0
00:44:05.247 [FXGL Background Thread 1 ] DEBUG Engine               - Initializing environment variables
00:44:05.276 [FXGL Background Thread 1 ] DEBUG GameApplicationServi - Applying CSS: fxgl_dark.css
00:44:05.277 [FXGL Background Thread 1 ] DEBUG FXGLAssetLoaderServi - Loading from file system: /assets/ui/css/fxgl_dark.css
00:44:05.313 [FXGL Background Thread 1 ] DEBUG GameApplicationServi - Initializing application scenes
00:44:05.374 [FXGL Background Thread 1 ] DEBUG GameWorld            - Game world initialized
00:44:05.410 [FXGL Background Thread 1 ] DEBUG PhysicsWorld         - Physics world initialized: appHeight=1125, physics.ppm=50,0
00:44:05.412 [FXGL Background Thread 1 ] DEBUG GameScene            - Game scene initialized: 2000x1125
00:44:05.421 [FXGL Background Thread 1 ] DEBUG FXGLAssetLoaderServi - Loading from file system: /assets/textures/bg.jpg
00:44:05.704 [FXGL Background Thread 1 ] DEBUG FXGLAssetLoaderServi - Loading from file system: /assets/textures/logo.png
00:44:05.804 [FXGL Background Thread 1 ] DEBUG FXGLAssetLoaderServi - Loading from file system: /assets/textures/particles/trace_horizontal.png
00:44:05.823 [FXGL Background Thread 1 ] DEBUG FXGL.DefaultMenu     - createMenuBodyGameMenu()
00:44:05.833 [FXGL Background Thread 1 ] DEBUG FXGL.DefaultMenu     - createOptionsMenu()
00:44:05.836 [FXGL Background Thread 1 ] DEBUG FXGL.DefaultMenu     - createExtraMenu()
00:44:05.838 [FXGL Background Thread 1 ] DEBUG FXGLAssetLoaderServi - Loading from file system: /assets/textures/particles/smoke.png
00:44:05.879 [FXGL Background Thread 1 ] DEBUG GameApplicationServi - Application scenes initialized
00:44:05.889 [FXGL Background Thread 1 ] DEBUG SystemBundleService  - Loading FXGL system data
00:44:05.893 [FXGL Background Thread 1 ] DEBUG FileSystemAccess     - Reading from: C:\Users\Andrea\Desktop\Homework\traffic-mobile\system\fxgl.bundle
00:44:05.904 [FXGL Background Thread 1 ] DEBUG SystemBundleService  - Bundle FXGL: {}
00:44:05.905 [FXGL Background Thread 1 ] DEBUG UpdaterService       - Checking for updates
00:44:05.929 [FXGL Background Thread 1 ] DEBUG FXGLApplication      - Loading default localization
00:44:05.929 [FXGL Background Thread 1 ] DEBUG FXGLAssetLoaderServi - Loading from file system: /assets/languages/english.lang
00:44:05.929 [FXGL Background Thread 4 ] DEBUG FXGLApplication      - Loading fonts
00:44:05.929 [FXGL Background Thread 4 ] DEBUG FXGLAssetLoaderServi - Loading from file system: /assets/ui/fonts/VarelaRound-Regular.ttf
00:44:05.943 [FXGL Background Thread 1 ] INFO  FXGLApplication      - FXGL initialization took: 0,696 sec
00:44:05.949 [JavaFX Application Thread] DEBUG Input                - Registered new binding: Change trafficlight status - F
00:44:05.949 [JavaFX Application Thread] DEBUG Input                - Registered new binding: Move Right - D
00:44:05.949 [JavaFX Application Thread] DEBUG Input                - Registered new binding: Move Left - A
00:44:05.949 [JavaFX Application Thread] DEBUG Input                - Registered new binding: Move Up - W
00:44:05.949 [JavaFX Application Thread] DEBUG Input                - Registered new binding: Move Down - S
00:44:05.949 [JavaFX Application Thread] DEBUG Input                - Registered new binding: Spawn Car - Space
00:44:05.950 [JavaFX Application Thread] DEBUG Input                - Registered new binding: Select and change traffic light - LMB
00:44:05.950 [JavaFX Application Thread] DEBUG FXGLAssetLoaderServi - Loading from file system: /assets/textures/fxgl_icon.png
00:44:05.957 [JavaFX Application Thread] DEBUG FXGLAssetLoaderServi - Loading from file system: /assets/ui/cursors/fxgl_default.png
00:44:05.959 [JavaFX Application Thread] DEBUG Input                - Registered new binding: Screenshot - P
00:44:05.959 [JavaFX Application Thread] DEBUG Input                - Registered new binding: Dev Options - 1
00:44:05.960 [JavaFX Application Thread] DEBUG Input                - Registered new binding: Dev Console - 2
00:44:05.960 [JavaFX Application Thread] DEBUG Input                - Registered new binding: System info dump - CTRL+9
00:44:05.961 [JavaFX Application Thread] DEBUG Input                - Registered new binding: Restart - CTRL+R
00:44:05.961 [JavaFX Application Thread] DEBUG Input                - Registered new binding: Toggle Debug Camera - CTRL+C
00:44:05.963 [JavaFX Application Thread] DEBUG LoopRunner           - Starting loop
00:44:05.973 [JavaFX Application Thread] DEBUG Input                - Clearing active input actions
00:44:05.979 [JavaFX Application Thread] DEBUG GameApplicationServi - Removing overlay from StartupScene and adding to FXGLMainMenuDummyScene
00:44:05.983 [JavaFX Application Thread] DEBUG MainWindow           - StartupScene -> FXGLMainMenuDummyScene
00:44:05.983 [JavaFX Application Thread] DEBUG MainWindow           - Push state: TrafficAppMenu
00:44:05.984 [JavaFX Application Thread] DEBUG Input                - Clearing active input actions
00:44:05.998 [JavaFX Application Thread] DEBUG GameApplicationServi - Removing overlay from FXGLMainMenuDummyScene and adding to TrafficAppMenu
00:44:05.999 [JavaFX Application Thread] DEBUG MainWindow           - FXGLMainMenuDummyScene -> TrafficAppMenu
00:44:06.529 [FXGL Background Thread 4 ] DEBUG FXGLAssetLoaderServi - Loading from file system: /assets/ui/fonts/Abel-Regular.ttf
00:44:06.533 [FXGL Background Thread 4 ] DEBUG FXGLAssetLoaderServi - Loading from file system: /assets/ui/fonts/lucida_console.ttf
00:44:06.538 [FXGL Background Thread 4 ] DEBUG FXGLAssetLoaderServi - Loading from file system: /assets/ui/fonts/Courier-Prime.ttf
00:44:06.542 [JavaFX Application Thread] DEBUG FXGLApplication      - Registering font factories with UI factory
00:44:06.847 [JavaFX Application Thread] DEBUG Menu                 - fireNewGame()
00:44:06.848 [JavaFX Application Thread] DEBUG GameApplicationServi - Starting new game
00:44:06.848 [JavaFX Application Thread] DEBUG MainWindow           - Pop state: TrafficAppMenu
00:44:06.848 [JavaFX Application Thread] DEBUG Input                - Clearing active input actions
00:44:06.849 [JavaFX Application Thread] DEBUG GameApplicationServi - Removing overlay from TrafficAppMenu and adding to FXGLMainMenuDummyScene
00:44:06.850 [JavaFX Application Thread] DEBUG MainWindow           - FXGLMainMenuDummyScene <- TrafficAppMenu
00:44:06.850 [JavaFX Application Thread] DEBUG Input                - Clearing active input actions
00:44:06.856 [JavaFX Application Thread] DEBUG GameApplicationServi - Removing overlay from FXGLMainMenuDummyScene and adding to FXGLLoadingScene
00:44:06.857 [JavaFX Application Thread] DEBUG MainWindow           - FXGLMainMenuDummyScene -> FXGLLoadingScene
00:44:06.857 [JavaFX Application Thread] DEBUG GameApplicationServi - Clearing previous game
00:44:06.857 [JavaFX Application Thread] DEBUG GameScene            - Clearing game scene
00:44:06.857 [JavaFX Application Thread] DEBUG GameWorld            - Clearing game world
00:44:06.858 [JavaFX Application Thread] DEBUG PhysicsWorld         - Clearing physics world
00:44:06.858 [FXGL Background Thread 4 ] DEBUG FXGLApplication      - Initializing game
00:44:06.864 [FXGL Background Thread 4 ] DEBUG FXGLAssetLoaderServi - Loading from file system: /assets/levels/Mappa-testing.tmx
00:44:06.909 [FXGL Background Thread 4 ] WARN  TMXLevelLoader       - TiledMap generated from 1.4.1. Supported version: 1.2.3. Some features may not be parsed fully.
00:44:06.928 [FXGL Background Thread 4 ] DEBUG TMXLevelLoader       - Parsed raw map: TiledMap(width=16, height=9, tilewidth=125, tileheight=125, orientation=orthogonal, layers=[Layer(width=16, height=9, name=Tile Layer 1, type=tilelayer, visible=false, x=0, y=0, data=[24, 24, 24, 26, 5, 28, 24, 24, 24, 24, 24, 26, 5, 28, 24, 24, 25, 25, 25, 32, 5, 34, 25, 25, 25, 25, 25, 32, 5, 34, 25, 25, 6, 6, 6, 6, 7, 6, 6, 6, 6, 6, 6, 6, 7, 6, 6, 6, 27, 27, 27, 33, 5, 21, 13, 13, 13, 13, 13, 19, 5, 35, 27, 27, 24, 24, 24, 26, 5, 14, 10, 10, 10, 10, 10, 12, 5, 28, 24, 24, 25, 25, 25, 32, 5, 20, 11, 11, 11, 11, 11, 18, 5, 34, 25, 25, 6, 6, 6, 6, 7, 6, 6, 6, 6, 6, 6, 6, 7, 6, 6, 6, 27, 27, 27, 33, 5, 35, 27, 27, 27, 27, 27, 33, 5, 35, 27, 27, 24, 24, 24, 26, 5, 28, 24, 24, 24, 24, 24, 26, 5, 28, 24, 24], objects=[], opacity=0.0, draworder=), Layer(width=0, height=0, name=spawnpoints, type=objectgroup, visible=false, x=0, y=0, data=[], objects=[com.almasb.fxgl.entity.level.tiled.TiledObject@77df8e36, com.almasb.fxgl.entity.level.tiled.TiledObject@1c023407, com.almasb.fxgl.entity.level.tiled.TiledObject@1b29e93a, com.almasb.fxgl.entity.level.tiled.TiledObject@3eae3ce9, com.almasb.fxgl.entity.level.tiled.TiledObject@358bab34, com.almasb.fxgl.entity.level.tiled.TiledObject@3824138e, com.almasb.fxgl.entity.level.tiled.TiledObject@6c105d89, com.almasb.fxgl.entity.level.tiled.TiledObject@23167d96], opacity=0.0, draworder=), Layer(width=0, height=0, name=paths, type=objectgroup, visible=false, x=0, y=0, data=[], objects=[com.almasb.fxgl.entity.level.tiled.TiledObject@4b2cb0cb, com.almasb.fxgl.entity.level.tiled.TiledObject@530c6243, com.almasb.fxgl.entity.level.tiled.TiledObject@3d9e91be, com.almasb.fxgl.entity.level.tiled.TiledObject@2d74b156, com.almasb.fxgl.entity.level.tiled.TiledObject@3f0e6db, com.almasb.fxgl.entity.level.tiled.TiledObject@335e929c, com.almasb.fxgl.entity.level.tiled.TiledObject@7a04e628, com.almasb.fxgl.entity.level.tiled.TiledObject@72f2163f, com.almasb.fxgl.entity.level.tiled.TiledObject@7630e084, com.almasb.fxgl.entity.level.tiled.TiledObject@313d56ac, com.almasb.fxgl.entity.level.tiled.TiledObject@6c55d305, com.almasb.fxgl.entity.level.tiled.TiledObject@ef4635e, com.almasb.fxgl.entity.level.tiled.TiledObject@7f3196c4, com.almasb.fxgl.entity.level.tiled.TiledObject@24e237b8, com.almasb.fxgl.entity.level.tiled.TiledObject@666d15da, com.almasb.fxgl.entity.level.tiled.TiledObject@4b2e74da, com.almasb.fxgl.entity.level.tiled.TiledObject@38da4ccd, com.almasb.fxgl.entity.level.tiled.TiledObject@d30e399, com.almasb.fxgl.entity.level.tiled.TiledObject@37df420, com.almasb.fxgl.entity.level.tiled.TiledObject@3bcdd831, com.almasb.fxgl.entity.level.tiled.TiledObject@519b47a1, com.almasb.fxgl.entity.level.tiled.TiledObject@5bbd5a20, com.almasb.fxgl.entity.level.tiled.TiledObject@378d6983, com.almasb.fxgl.entity.level.tiled.TiledObject@62d43313], opacity=0.0, draworder=), Layer(width=0, height=0, name=Incroci, type=objectgroup, visible=false, x=0, y=0, data=[], objects=[com.almasb.fxgl.entity.level.tiled.TiledObject@6979d6a7, com.almasb.fxgl.entity.level.tiled.TiledObject@5824edf2, com.almasb.fxgl.entity.level.tiled.TiledObject@4b95604, com.almasb.fxgl.entity.level.tiled.TiledObject@4736b12b], opacity=0.0, draworder=), Layer(width=0, height=0, name=trafficLight, type=objectgroup, visible=false, x=0, y=0, data=[], objects=[com.almasb.fxgl.entity.level.tiled.TiledObject@605d8b84, com.almasb.fxgl.entity.level.tiled.TiledObject@1f69b100, com.almasb.fxgl.entity.level.tiled.TiledObject@51aecd9f, com.almasb.fxgl.entity.level.tiled.TiledObject@23638168, com.almasb.fxgl.entity.level.tiled.TiledObject@2fee3f2b, com.almasb.fxgl.entity.level.tiled.TiledObject@7d5d6a67, com.almasb.fxgl.entity.level.tiled.TiledObject@5a389266, com.almasb.fxgl.entity.level.tiled.TiledObject@65ef2088, com.almasb.fxgl.entity.level.tiled.TiledObject@3ba65c79, com.almasb.fxgl.entity.level.tiled.TiledObject@2d3e0738, com.almasb.fxgl.entity.level.tiled.TiledObject@338b1b5b, com.almasb.fxgl.entity.level.tiled.TiledObject@2f7c86c2, com.almasb.fxgl.entity.level.tiled.TiledObject@263042c0, com.almasb.fxgl.entity.level.tiled.TiledObject@7b6a96f9, com.almasb.fxgl.entity.level.tiled.TiledObject@10d01b0c, com.almasb.fxgl.entity.level.tiled.TiledObject@5bd1c542], opacity=0.0, draworder=)], tilesets=[Tileset(firstgid=1, image=../textures/rsz_tiles_sheet.png, name=rsz_tiles_sheet, tilewidth=125, tileheight=125, imagewidth=875, imageheight=750, margin=0, spacing=0, columns=7, tilecount=42, transparentcolor=41ffef, tiles=[])], backgroundcolor=, renderorder=left-up, nextobjectid=66, version=1, tiledversion=1.4.1, type=map, infinite=false, hexsidelength=0, staggeraxis=, staggerindex=, properties={}, propertytypes={})
00:44:06.929 [FXGL Background Thread 4 ] DEBUG TMXLevelLoader       - Creating tile layer entities
00:44:06.930 [FXGL Background Thread 4 ] DEBUG TilesetLoader        - Loading view for layer Tile Layer 1
00:44:06.934 [FXGL Background Thread 4 ] DEBUG TilesetLoader        - Created buffer with size 2000.0x1125.0
00:44:07.073 [FXGL Background Thread 4 ] DEBUG TilesetLoader        - Writing to buffer: dst=0,0, w=125,h=125, src=250,375
00:44:07.074 [FXGL Background Thread 4 ] DEBUG TilesetLoader        - Writing to buffer: dst=125,0, w=125,h=125, src=250,375
00:44:07.074 [FXGL Background Thread 4 ] DEBUG TilesetLoader        - Writing to buffer: dst=250,0, w=125,h=125, src=250,375
00:44:07.074 [FXGL Background Thread 4 ] DEBUG TilesetLoader        - Writing to buffer: dst=375,0, w=125,h=125, src=500,375
00:44:07.076 [FXGL Background Thread 4 ] DEBUG TilesetLoader        - Writing to buffer: dst=500,0, w=125,h=125, src=500,0
00:44:07.076 [FXGL Background Thread 4 ] DEBUG TilesetLoader        - Writing to buffer: dst=625,0, w=125,h=125, src=750,375
00:44:07.076 [FXGL Background Thread 4 ] DEBUG TilesetLoader        - Writing to buffer: dst=750,0, w=125,h=125, src=250,375
00:44:07.077 [FXGL Background Thread 4 ] DEBUG TilesetLoader        - Writing to buffer: dst=875,0, w=125,h=125, src=250,375
00:44:07.077 [FXGL Background Thread 4 ] DEBUG TilesetLoader        - Writing to buffer: dst=1000,0, w=125,h=125, src=250,375
00:44:07.077 [FXGL Background Thread 4 ] DEBUG TilesetLoader        - Writing to buffer: dst=1125,0, w=125,h=125, src=250,375
00:44:07.077 [FXGL Background Thread 4 ] DEBUG TilesetLoader        - Writing to buffer: dst=1250,0, w=125,h=125, src=250,375
00:44:07.078 [FXGL Background Thread 4 ] DEBUG TilesetLoader        - Writing to buffer: dst=1375,0, w=125,h=125, src=500,375
00:44:07.078 [FXGL Background Thread 4 ] DEBUG TilesetLoader        - Writing to buffer: dst=1500,0, w=125,h=125, src=500,0
00:44:07.078 [FXGL Background Thread 4 ] DEBUG TilesetLoader        - Writing to buffer: dst=1625,0, w=125,h=125, src=750,375
00:44:07.078 [FXGL Background Thread 4 ] DEBUG TilesetLoader        - Writing to buffer: dst=1750,0, w=125,h=125, src=250,375
00:44:07.078 [FXGL Background Thread 4 ] DEBUG TilesetLoader        - Writing to buffer: dst=1875,0, w=125,h=125, src=250,375
00:44:07.078 [FXGL Background Thread 4 ] DEBUG TilesetLoader        - Writing to buffer: dst=0,125, w=125,h=125, src=375,375
00:44:07.079 [FXGL Background Thread 4 ] DEBUG TilesetLoader        - Writing to buffer: dst=125,125, w=125,h=125, src=375,375
00:44:07.079 [FXGL Background Thread 4 ] DEBUG TilesetLoader        - Writing to buffer: dst=250,125, w=125,h=125, src=375,375
00:44:07.079 [FXGL Background Thread 4 ] DEBUG TilesetLoader        - Writing to buffer: dst=375,125, w=125,h=125, src=375,500
00:44:07.079 [FXGL Background Thread 4 ] DEBUG TilesetLoader        - Writing to buffer: dst=500,125, w=125,h=125, src=500,0
00:44:07.079 [FXGL Background Thread 4 ] DEBUG TilesetLoader        - Writing to buffer: dst=625,125, w=125,h=125, src=625,500
00:44:07.080 [FXGL Background Thread 4 ] DEBUG TilesetLoader        - Writing to buffer: dst=750,125, w=125,h=125, src=375,375
00:44:07.080 [FXGL Background Thread 4 ] DEBUG TilesetLoader        - Writing to buffer: dst=875,125, w=125,h=125, src=375,375
00:44:07.080 [FXGL Background Thread 4 ] DEBUG TilesetLoader        - Writing to buffer: dst=1000,125, w=125,h=125, src=375,375
00:44:07.080 [FXGL Background Thread 4 ] DEBUG TilesetLoader        - Writing to buffer: dst=1125,125, w=125,h=125, src=375,375
00:44:07.080 [FXGL Background Thread 4 ] DEBUG TilesetLoader        - Writing to buffer: dst=1250,125, w=125,h=125, src=375,375
00:44:07.080 [FXGL Background Thread 4 ] DEBUG TilesetLoader        - Writing to buffer: dst=1375,125, w=125,h=125, src=375,500
00:44:07.080 [FXGL Background Thread 4 ] DEBUG TilesetLoader        - Writing to buffer: dst=1500,125, w=125,h=125, src=500,0
00:44:07.080 [FXGL Background Thread 4 ] DEBUG TilesetLoader        - Writing to buffer: dst=1625,125, w=125,h=125, src=625,500
00:44:07.081 [FXGL Background Thread 4 ] DEBUG TilesetLoader        - Writing to buffer: dst=1750,125, w=125,h=125, src=375,375
00:44:07.081 [FXGL Background Thread 4 ] DEBUG TilesetLoader        - Writing to buffer: dst=1875,125, w=125,h=125, src=375,375
00:44:07.082 [FXGL Background Thread 4 ] DEBUG TilesetLoader        - Writing to buffer: dst=0,250, w=125,h=125, src=625,0
00:44:07.082 [FXGL Background Thread 4 ] DEBUG TilesetLoader        - Writing to buffer: dst=125,250, w=125,h=125, src=625,0
00:44:07.082 [FXGL Background Thread 4 ] DEBUG TilesetLoader        - Writing to buffer: dst=250,250, w=125,h=125, src=625,0
00:44:07.082 [FXGL Background Thread 4 ] DEBUG TilesetLoader        - Writing to buffer: dst=375,250, w=125,h=125, src=625,0
00:44:07.082 [FXGL Background Thread 4 ] DEBUG TilesetLoader        - Writing to buffer: dst=500,250, w=125,h=125, src=750,0
00:44:07.083 [FXGL Background Thread 4 ] DEBUG TilesetLoader        - Writing to buffer: dst=625,250, w=125,h=125, src=625,0
00:44:07.083 [FXGL Background Thread 4 ] DEBUG TilesetLoader        - Writing to buffer: dst=750,250, w=125,h=125, src=625,0
00:44:07.083 [FXGL Background Thread 4 ] DEBUG TilesetLoader        - Writing to buffer: dst=875,250, w=125,h=125, src=625,0
00:44:07.083 [FXGL Background Thread 4 ] DEBUG TilesetLoader        - Writing to buffer: dst=1000,250, w=125,h=125, src=625,0
00:44:07.083 [FXGL Background Thread 4 ] DEBUG TilesetLoader        - Writing to buffer: dst=1125,250, w=125,h=125, src=625,0
00:44:07.084 [FXGL Background Thread 4 ] DEBUG TilesetLoader        - Writing to buffer: dst=1250,250, w=125,h=125, src=625,0
00:44:07.084 [FXGL Background Thread 4 ] DEBUG TilesetLoader        - Writing to buffer: dst=1375,250, w=125,h=125, src=625,0
00:44:07.084 [FXGL Background Thread 4 ] DEBUG TilesetLoader        - Writing to buffer: dst=1500,250, w=125,h=125, src=750,0
00:44:07.084 [FXGL Background Thread 4 ] DEBUG TilesetLoader        - Writing to buffer: dst=1625,250, w=125,h=125, src=625,0
00:44:07.084 [FXGL Background Thread 4 ] DEBUG TilesetLoader        - Writing to buffer: dst=1750,250, w=125,h=125, src=625,0
00:44:07.084 [FXGL Background Thread 4 ] DEBUG TilesetLoader        - Writing to buffer: dst=1875,250, w=125,h=125, src=625,0
00:44:07.084 [FXGL Background Thread 4 ] DEBUG TilesetLoader        - Writing to buffer: dst=0,375, w=125,h=125, src=625,375
00:44:07.084 [FXGL Background Thread 4 ] DEBUG TilesetLoader        - Writing to buffer: dst=125,375, w=125,h=125, src=625,375
00:44:07.085 [FXGL Background Thread 4 ] DEBUG TilesetLoader        - Writing to buffer: dst=250,375, w=125,h=125, src=625,375
00:44:07.085 [FXGL Background Thread 4 ] DEBUG TilesetLoader        - Writing to buffer: dst=375,375, w=125,h=125, src=500,500
00:44:07.085 [FXGL Background Thread 4 ] DEBUG TilesetLoader        - Writing to buffer: dst=500,375, w=125,h=125, src=500,0
00:44:07.085 [FXGL Background Thread 4 ] DEBUG TilesetLoader        - Writing to buffer: dst=625,375, w=125,h=125, src=750,250
00:44:07.085 [FXGL Background Thread 4 ] DEBUG TilesetLoader        - Writing to buffer: dst=750,375, w=125,h=125, src=625,125
00:44:07.085 [FXGL Background Thread 4 ] DEBUG TilesetLoader        - Writing to buffer: dst=875,375, w=125,h=125, src=625,125
00:44:07.085 [FXGL Background Thread 4 ] DEBUG TilesetLoader        - Writing to buffer: dst=1000,375, w=125,h=125, src=625,125
00:44:07.086 [FXGL Background Thread 4 ] DEBUG TilesetLoader        - Writing to buffer: dst=1125,375, w=125,h=125, src=625,125
00:44:07.086 [FXGL Background Thread 4 ] DEBUG TilesetLoader        - Writing to buffer: dst=1250,375, w=125,h=125, src=625,125
00:44:07.086 [FXGL Background Thread 4 ] DEBUG TilesetLoader        - Writing to buffer: dst=1375,375, w=125,h=125, src=500,250
00:44:07.086 [FXGL Background Thread 4 ] DEBUG TilesetLoader        - Writing to buffer: dst=1500,375, w=125,h=125, src=500,0
00:44:07.086 [FXGL Background Thread 4 ] DEBUG TilesetLoader        - Writing to buffer: dst=1625,375, w=125,h=125, src=750,500
00:44:07.087 [FXGL Background Thread 4 ] DEBUG TilesetLoader        - Writing to buffer: dst=1750,375, w=125,h=125, src=625,375
00:44:07.089 [FXGL Background Thread 4 ] DEBUG TilesetLoader        - Writing to buffer: dst=1875,375, w=125,h=125, src=625,375
00:44:07.089 [FXGL Background Thread 4 ] DEBUG TilesetLoader        - Writing to buffer: dst=0,500, w=125,h=125, src=250,375
00:44:07.089 [FXGL Background Thread 4 ] DEBUG TilesetLoader        - Writing to buffer: dst=125,500, w=125,h=125, src=250,375
00:44:07.090 [FXGL Background Thread 4 ] DEBUG TilesetLoader        - Writing to buffer: dst=250,500, w=125,h=125, src=250,375
00:44:07.090 [FXGL Background Thread 4 ] DEBUG TilesetLoader        - Writing to buffer: dst=375,500, w=125,h=125, src=500,375
00:44:07.090 [FXGL Background Thread 4 ] DEBUG TilesetLoader        - Writing to buffer: dst=500,500, w=125,h=125, src=500,0
00:44:07.090 [FXGL Background Thread 4 ] DEBUG TilesetLoader        - Writing to buffer: dst=625,500, w=125,h=125, src=750,125
00:44:07.090 [FXGL Background Thread 4 ] DEBUG TilesetLoader        - Writing to buffer: dst=750,500, w=125,h=125, src=250,125
00:44:07.091 [FXGL Background Thread 4 ] DEBUG TilesetLoader        - Writing to buffer: dst=875,500, w=125,h=125, src=250,125
00:44:07.091 [FXGL Background Thread 4 ] DEBUG TilesetLoader        - Writing to buffer: dst=1000,500, w=125,h=125, src=250,125
00:44:07.091 [FXGL Background Thread 4 ] DEBUG TilesetLoader        - Writing to buffer: dst=1125,500, w=125,h=125, src=250,125
00:44:07.091 [FXGL Background Thread 4 ] DEBUG TilesetLoader        - Writing to buffer: dst=1250,500, w=125,h=125, src=250,125
00:44:07.091 [FXGL Background Thread 4 ] DEBUG TilesetLoader        - Writing to buffer: dst=1375,500, w=125,h=125, src=500,125
00:44:07.091 [FXGL Background Thread 4 ] DEBUG TilesetLoader        - Writing to buffer: dst=1500,500, w=125,h=125, src=500,0
00:44:07.091 [FXGL Background Thread 4 ] DEBUG TilesetLoader        - Writing to buffer: dst=1625,500, w=125,h=125, src=750,375
00:44:07.091 [FXGL Background Thread 4 ] DEBUG TilesetLoader        - Writing to buffer: dst=1750,500, w=125,h=125, src=250,375
00:44:07.091 [FXGL Background Thread 4 ] DEBUG TilesetLoader        - Writing to buffer: dst=1875,500, w=125,h=125, src=250,375
00:44:07.092 [FXGL Background Thread 4 ] DEBUG TilesetLoader        - Writing to buffer: dst=0,625, w=125,h=125, src=375,375
00:44:07.092 [FXGL Background Thread 4 ] DEBUG TilesetLoader        - Writing to buffer: dst=125,625, w=125,h=125, src=375,375
00:44:07.092 [FXGL Background Thread 4 ] DEBUG TilesetLoader        - Writing to buffer: dst=250,625, w=125,h=125, src=375,375
00:44:07.092 [FXGL Background Thread 4 ] DEBUG TilesetLoader        - Writing to buffer: dst=375,625, w=125,h=125, src=375,500
00:44:07.092 [FXGL Background Thread 4 ] DEBUG TilesetLoader        - Writing to buffer: dst=500,625, w=125,h=125, src=500,0
00:44:07.092 [FXGL Background Thread 4 ] DEBUG TilesetLoader        - Writing to buffer: dst=625,625, w=125,h=125, src=625,250
00:44:07.092 [FXGL Background Thread 4 ] DEBUG TilesetLoader        - Writing to buffer: dst=750,625, w=125,h=125, src=375,125
00:44:07.092 [FXGL Background Thread 4 ] DEBUG TilesetLoader        - Writing to buffer: dst=875,625, w=125,h=125, src=375,125
00:44:07.093 [FXGL Background Thread 4 ] DEBUG TilesetLoader        - Writing to buffer: dst=1000,625, w=125,h=125, src=375,125
00:44:07.093 [FXGL Background Thread 4 ] DEBUG TilesetLoader        - Writing to buffer: dst=1125,625, w=125,h=125, src=375,125
00:44:07.093 [FXGL Background Thread 4 ] DEBUG TilesetLoader        - Writing to buffer: dst=1250,625, w=125,h=125, src=375,125
00:44:07.093 [FXGL Background Thread 4 ] DEBUG TilesetLoader        - Writing to buffer: dst=1375,625, w=125,h=125, src=375,250
00:44:07.093 [FXGL Background Thread 4 ] DEBUG TilesetLoader        - Writing to buffer: dst=1500,625, w=125,h=125, src=500,0
00:44:07.093 [FXGL Background Thread 4 ] DEBUG TilesetLoader        - Writing to buffer: dst=1625,625, w=125,h=125, src=625,500
00:44:07.093 [FXGL Background Thread 4 ] DEBUG TilesetLoader        - Writing to buffer: dst=1750,625, w=125,h=125, src=375,375
00:44:07.093 [FXGL Background Thread 4 ] DEBUG TilesetLoader        - Writing to buffer: dst=1875,625, w=125,h=125, src=375,375
00:44:07.093 [FXGL Background Thread 4 ] DEBUG TilesetLoader        - Writing to buffer: dst=0,750, w=125,h=125, src=625,0
00:44:07.094 [FXGL Background Thread 4 ] DEBUG TilesetLoader        - Writing to buffer: dst=125,750, w=125,h=125, src=625,0
00:44:07.094 [FXGL Background Thread 4 ] DEBUG TilesetLoader        - Writing to buffer: dst=250,750, w=125,h=125, src=625,0
00:44:07.094 [FXGL Background Thread 4 ] DEBUG TilesetLoader        - Writing to buffer: dst=375,750, w=125,h=125, src=625,0
00:44:07.094 [FXGL Background Thread 4 ] DEBUG TilesetLoader        - Writing to buffer: dst=500,750, w=125,h=125, src=750,0
00:44:07.094 [FXGL Background Thread 4 ] DEBUG TilesetLoader        - Writing to buffer: dst=625,750, w=125,h=125, src=625,0
00:44:07.095 [FXGL Background Thread 4 ] DEBUG TilesetLoader        - Writing to buffer: dst=750,750, w=125,h=125, src=625,0
00:44:07.095 [FXGL Background Thread 4 ] DEBUG TilesetLoader        - Writing to buffer: dst=875,750, w=125,h=125, src=625,0
00:44:07.095 [FXGL Background Thread 4 ] DEBUG TilesetLoader        - Writing to buffer: dst=1000,750, w=125,h=125, src=625,0
00:44:07.095 [FXGL Background Thread 4 ] DEBUG TilesetLoader        - Writing to buffer: dst=1125,750, w=125,h=125, src=625,0
00:44:07.095 [FXGL Background Thread 4 ] DEBUG TilesetLoader        - Writing to buffer: dst=1250,750, w=125,h=125, src=625,0
00:44:07.096 [FXGL Background Thread 4 ] DEBUG TilesetLoader        - Writing to buffer: dst=1375,750, w=125,h=125, src=625,0
00:44:07.096 [FXGL Background Thread 4 ] DEBUG TilesetLoader        - Writing to buffer: dst=1500,750, w=125,h=125, src=750,0
00:44:07.096 [FXGL Background Thread 4 ] DEBUG TilesetLoader        - Writing to buffer: dst=1625,750, w=125,h=125, src=625,0
00:44:07.096 [FXGL Background Thread 4 ] DEBUG TilesetLoader        - Writing to buffer: dst=1750,750, w=125,h=125, src=625,0
00:44:07.096 [FXGL Background Thread 4 ] DEBUG TilesetLoader        - Writing to buffer: dst=1875,750, w=125,h=125, src=625,0
00:44:07.096 [FXGL Background Thread 4 ] DEBUG TilesetLoader        - Writing to buffer: dst=0,875, w=125,h=125, src=625,375
00:44:07.096 [FXGL Background Thread 4 ] DEBUG TilesetLoader        - Writing to buffer: dst=125,875, w=125,h=125, src=625,375
00:44:07.096 [FXGL Background Thread 4 ] DEBUG TilesetLoader        - Writing to buffer: dst=250,875, w=125,h=125, src=625,375
00:44:07.096 [FXGL Background Thread 4 ] DEBUG TilesetLoader        - Writing to buffer: dst=375,875, w=125,h=125, src=500,500
00:44:07.097 [FXGL Background Thread 4 ] DEBUG TilesetLoader        - Writing to buffer: dst=500,875, w=125,h=125, src=500,0
00:44:07.097 [FXGL Background Thread 4 ] DEBUG TilesetLoader        - Writing to buffer: dst=625,875, w=125,h=125, src=750,500
00:44:07.097 [FXGL Background Thread 4 ] DEBUG TilesetLoader        - Writing to buffer: dst=750,875, w=125,h=125, src=625,375
00:44:07.097 [FXGL Background Thread 4 ] DEBUG TilesetLoader        - Writing to buffer: dst=875,875, w=125,h=125, src=625,375
00:44:07.097 [FXGL Background Thread 4 ] DEBUG TilesetLoader        - Writing to buffer: dst=1000,875, w=125,h=125, src=625,375
00:44:07.097 [FXGL Background Thread 4 ] DEBUG TilesetLoader        - Writing to buffer: dst=1125,875, w=125,h=125, src=625,375
00:44:07.097 [FXGL Background Thread 4 ] DEBUG TilesetLoader        - Writing to buffer: dst=1250,875, w=125,h=125, src=625,375
00:44:07.097 [FXGL Background Thread 4 ] DEBUG TilesetLoader        - Writing to buffer: dst=1375,875, w=125,h=125, src=500,500
00:44:07.097 [FXGL Background Thread 4 ] DEBUG TilesetLoader        - Writing to buffer: dst=1500,875, w=125,h=125, src=500,0
00:44:07.097 [FXGL Background Thread 4 ] DEBUG TilesetLoader        - Writing to buffer: dst=1625,875, w=125,h=125, src=750,500
00:44:07.097 [FXGL Background Thread 4 ] DEBUG TilesetLoader        - Writing to buffer: dst=1750,875, w=125,h=125, src=625,375
00:44:07.097 [FXGL Background Thread 4 ] DEBUG TilesetLoader        - Writing to buffer: dst=1875,875, w=125,h=125, src=625,375
00:44:07.098 [FXGL Background Thread 4 ] DEBUG TilesetLoader        - Writing to buffer: dst=0,1000, w=125,h=125, src=250,375
00:44:07.098 [FXGL Background Thread 4 ] DEBUG TilesetLoader        - Writing to buffer: dst=125,1000, w=125,h=125, src=250,375
00:44:07.098 [FXGL Background Thread 4 ] DEBUG TilesetLoader        - Writing to buffer: dst=250,1000, w=125,h=125, src=250,375
00:44:07.098 [FXGL Background Thread 4 ] DEBUG TilesetLoader        - Writing to buffer: dst=375,1000, w=125,h=125, src=500,375
00:44:07.098 [FXGL Background Thread 4 ] DEBUG TilesetLoader        - Writing to buffer: dst=500,1000, w=125,h=125, src=500,0
00:44:07.098 [FXGL Background Thread 4 ] DEBUG TilesetLoader        - Writing to buffer: dst=625,1000, w=125,h=125, src=750,375
00:44:07.098 [FXGL Background Thread 4 ] DEBUG TilesetLoader        - Writing to buffer: dst=750,1000, w=125,h=125, src=250,375
00:44:07.099 [FXGL Background Thread 4 ] DEBUG TilesetLoader        - Writing to buffer: dst=875,1000, w=125,h=125, src=250,375
00:44:07.099 [FXGL Background Thread 4 ] DEBUG TilesetLoader        - Writing to buffer: dst=1000,1000, w=125,h=125, src=250,375
00:44:07.099 [FXGL Background Thread 4 ] DEBUG TilesetLoader        - Writing to buffer: dst=1125,1000, w=125,h=125, src=250,375
00:44:07.099 [FXGL Background Thread 4 ] DEBUG TilesetLoader        - Writing to buffer: dst=1250,1000, w=125,h=125, src=250,375
00:44:07.099 [FXGL Background Thread 4 ] DEBUG TilesetLoader        - Writing to buffer: dst=1375,1000, w=125,h=125, src=500,375
00:44:07.099 [FXGL Background Thread 4 ] DEBUG TilesetLoader        - Writing to buffer: dst=1500,1000, w=125,h=125, src=500,0
00:44:07.099 [FXGL Background Thread 4 ] DEBUG TilesetLoader        - Writing to buffer: dst=1625,1000, w=125,h=125, src=750,375
00:44:07.099 [FXGL Background Thread 4 ] DEBUG TilesetLoader        - Writing to buffer: dst=1750,1000, w=125,h=125, src=250,375
00:44:07.099 [FXGL Background Thread 4 ] DEBUG TilesetLoader        - Writing to buffer: dst=1875,1000, w=125,h=125, src=250,375
00:44:07.099 [FXGL Background Thread 4 ] DEBUG TMXLevelLoader       - Creating object layer entities
00:44:07.132 [FXGL Background Thread 4 ] DEBUG FXGLAssetLoaderServi - Loading from file system: /assets/textures/semaforoRosso-01.png
00:44:07.134 [FXGL Background Thread 4 ] DEBUG FXGLAssetLoaderServi - Loading from file system: /assets/textures/semaforoVerde-01.png
00:44:07.137 [FXGL Background Thread 4 ] DEBUG FXGLAssetLoaderServi - Loading from cache: /assets/textures/semaforoRosso-01.png
00:44:07.137 [FXGL Background Thread 4 ] DEBUG FXGLAssetLoaderServi - Loading from cache: /assets/textures/semaforoVerde-01.png
00:44:07.138 [FXGL Background Thread 4 ] DEBUG FXGLAssetLoaderServi - Loading from cache: /assets/textures/semaforoRosso-01.png
00:44:07.139 [FXGL Background Thread 4 ] DEBUG FXGLAssetLoaderServi - Loading from cache: /assets/textures/semaforoVerde-01.png
00:44:07.139 [FXGL Background Thread 4 ] DEBUG FXGLAssetLoaderServi - Loading from cache: /assets/textures/semaforoRosso-01.png
00:44:07.139 [FXGL Background Thread 4 ] DEBUG FXGLAssetLoaderServi - Loading from cache: /assets/textures/semaforoVerde-01.png
00:44:07.140 [FXGL Background Thread 4 ] DEBUG FXGLAssetLoaderServi - Loading from file system: /assets/textures/semaforoRosso-04.png
00:44:07.146 [FXGL Background Thread 4 ] DEBUG FXGLAssetLoaderServi - Loading from file system: /assets/textures/semaforoVerde-04.png
00:44:07.149 [FXGL Background Thread 4 ] DEBUG FXGLAssetLoaderServi - Loading from cache: /assets/textures/semaforoRosso-04.png
00:44:07.149 [FXGL Background Thread 4 ] DEBUG FXGLAssetLoaderServi - Loading from cache: /assets/textures/semaforoVerde-04.png
00:44:07.151 [FXGL Background Thread 4 ] DEBUG FXGLAssetLoaderServi - Loading from cache: /assets/textures/semaforoRosso-04.png
00:44:07.151 [FXGL Background Thread 4 ] DEBUG FXGLAssetLoaderServi - Loading from cache: /assets/textures/semaforoVerde-04.png
00:44:07.152 [FXGL Background Thread 4 ] DEBUG FXGLAssetLoaderServi - Loading from cache: /assets/textures/semaforoRosso-04.png
00:44:07.152 [FXGL Background Thread 4 ] DEBUG FXGLAssetLoaderServi - Loading from cache: /assets/textures/semaforoVerde-04.png
00:44:07.153 [FXGL Background Thread 4 ] DEBUG FXGLAssetLoaderServi - Loading from file system: /assets/textures/semaforoRosso-03.png
00:44:07.154 [FXGL Background Thread 4 ] DEBUG FXGLAssetLoaderServi - Loading from file system: /assets/textures/semaforoVerde-03.png
00:44:07.156 [FXGL Background Thread 4 ] DEBUG FXGLAssetLoaderServi - Loading from cache: /assets/textures/semaforoRosso-03.png
00:44:07.156 [FXGL Background Thread 4 ] DEBUG FXGLAssetLoaderServi - Loading from cache: /assets/textures/semaforoVerde-03.png
00:44:07.156 [FXGL Background Thread 4 ] DEBUG FXGLAssetLoaderServi - Loading from cache: /assets/textures/semaforoRosso-03.png
00:44:07.157 [FXGL Background Thread 4 ] DEBUG FXGLAssetLoaderServi - Loading from cache: /assets/textures/semaforoVerde-03.png
00:44:07.159 [FXGL Background Thread 4 ] DEBUG FXGLAssetLoaderServi - Loading from cache: /assets/textures/semaforoRosso-03.png
00:44:07.159 [FXGL Background Thread 4 ] DEBUG FXGLAssetLoaderServi - Loading from cache: /assets/textures/semaforoVerde-03.png
00:44:07.160 [FXGL Background Thread 4 ] DEBUG FXGLAssetLoaderServi - Loading from file system: /assets/textures/semaforoRosso-02.png
00:44:07.161 [FXGL Background Thread 4 ] DEBUG FXGLAssetLoaderServi - Loading from file system: /assets/textures/semaforoVerde-02.png
00:44:07.163 [FXGL Background Thread 4 ] DEBUG FXGLAssetLoaderServi - Loading from cache: /assets/textures/semaforoRosso-02.png
00:44:07.163 [FXGL Background Thread 4 ] DEBUG FXGLAssetLoaderServi - Loading from cache: /assets/textures/semaforoVerde-02.png
00:44:07.165 [FXGL Background Thread 4 ] DEBUG FXGLAssetLoaderServi - Loading from cache: /assets/textures/semaforoRosso-02.png
00:44:07.165 [FXGL Background Thread 4 ] DEBUG FXGLAssetLoaderServi - Loading from cache: /assets/textures/semaforoVerde-02.png
00:44:07.167 [FXGL Background Thread 4 ] DEBUG FXGLAssetLoaderServi - Loading from cache: /assets/textures/semaforoRosso-02.png
00:44:07.168 [FXGL Background Thread 4 ] DEBUG FXGLAssetLoaderServi - Loading from cache: /assets/textures/semaforoVerde-02.png
00:44:07.169 [FXGL Background Thread 4 ] DEBUG GameWorld            - Clearing removable entities
00:44:07.169 [FXGL Background Thread 4 ] DEBUG GameWorld            - Setting level: com.almasb.fxgl.entity.level.Level@3420d9d4
00:44:07.175 [FXGL Background Thread 4 ] DEBUG FXGLAssetLoaderServi - Loading from file system: /assets/textures/pointer-sprite.png
00:44:07.278 [FXGL Background Thread 4 ] INFO  FXGLApplication      - Game initialization took: 0,420 sec
00:44:07.279 [JavaFX Application Thread] DEBUG Input                - Clearing active input actions
00:44:07.286 [JavaFX Application Thread] DEBUG GameApplicationServi - Removing overlay from FXGLLoadingScene and adding to GameScene
00:44:07.289 [JavaFX Application Thread] DEBUG MainWindow           - FXGLLoadingScene -> GameScene
00:44:08.927 [FXGL Background Thread 3 ] DEBUG Engine               - Logging environment variables
00:44:08.927 [FXGL Background Thread 3 ] DEBUG Engine               - achievements: []
00:44:08.927 [FXGL Background Thread 3 ] DEBUG Engine               - appIcon: fxgl_icon.png
00:44:08.927 [FXGL Background Thread 3 ] DEBUG Engine               - applicationMode: DEVELOPER
00:44:08.927 [FXGL Background Thread 3 ] DEBUG Engine               - cSSList: [fxgl_dark.css]
00:44:08.928 [FXGL Background Thread 3 ] DEBUG Engine               - configClass: Optional.empty
00:44:08.928 [FXGL Background Thread 3 ] DEBUG Engine               - credits: []
00:44:08.936 [FXGL Background Thread 3 ] DEBUG Engine               - devBBoxColorProperty: ObjectProperty [value: 0xff0000ff]
00:44:08.936 [FXGL Background Thread 3 ] DEBUG Engine               - devEnableDebugCameraProperty: BooleanProperty [value: false]
00:44:08.936 [FXGL Background Thread 3 ] DEBUG Engine               - devSensorColorProperty: ObjectProperty [value: 0xffff00ff]
00:44:08.936 [FXGL Background Thread 3 ] DEBUG Engine               - devShowBBoxProperty: BooleanProperty [value: false]
00:44:08.936 [FXGL Background Thread 3 ] DEBUG Engine               - devShowPositionProperty: BooleanProperty [value: false]
00:44:08.936 [FXGL Background Thread 3 ] DEBUG Engine               - enabledMenuItems: [SAVE_LOAD, EXTRA, ONLINE]
00:44:08.936 [FXGL Background Thread 3 ] DEBUG Engine               - engineServices: [class com.almasb.fxgl.app.FXGLApplication$GameApplicationService, class com.almasb.fxgl.app.services.FXGLDialogService, class com.almasb.fxgl.app.services.IOTaskExecutorService, class com.almasb.fxgl.event.EventBusService, class com.almasb.fxgl.io.FileSystemService, class com.almasb.fxgl.localization.LocalizationService, class com.almasb.fxgl.app.services.FXGLAssetLoaderService, class com.almasb.fxgl.app.services.SystemBundleService, class com.almasb.fxgl.profile.SaveLoadService, class com.almasb.fxgl.ui.FXGLUIFactoryServiceProvider, class com.almasb.fxgl.ui.FXGLDialogFactoryServiceProvider, class com.almasb.fxgl.audio.AudioPlayer, class com.almasb.fxgl.notification.impl.NotificationServiceProvider, class com.almasb.fxgl.achievement.AchievementService, class com.almasb.fxgl.cutscene.CutsceneService, class com.almasb.fxgl.minigames.MiniGameService, class com.almasb.fxgl.net.NetService, class com.almasb.fxgl.app.services.UpdaterService, class com.almasb.fxgl.dev.DevService]
00:44:08.936 [FXGL Background Thread 3 ] DEBUG Engine               - fontGame: Abel-Regular.ttf
00:44:08.936 [FXGL Background Thread 3 ] DEBUG Engine               - fontMono: lucida_console.ttf
00:44:08.937 [FXGL Background Thread 3 ] DEBUG Engine               - fontText: Courier-Prime.ttf
00:44:08.937 [FXGL Background Thread 3 ] DEBUG Engine               - fontUI: VarelaRound-Regular.ttf
00:44:08.937 [FXGL Background Thread 3 ] DEBUG Engine               - fullScreen: BooleanProperty [value: false]
00:44:08.937 [FXGL Background Thread 3 ] DEBUG Engine               - gameDifficulty: MEDIUM
00:44:08.937 [FXGL Background Thread 3 ] DEBUG Engine               - gameDifficultyProperty: ObjectProperty [value: MEDIUM]
00:44:08.937 [FXGL Background Thread 3 ] DEBUG Engine               - globalMusicVolume: 0.5
00:44:08.937 [FXGL Background Thread 3 ] DEBUG Engine               - globalMusicVolumeProperty: DoubleProperty [value: 0.5]
00:44:08.937 [FXGL Background Thread 3 ] DEBUG Engine               - globalSoundVolume: 0.5
00:44:08.937 [FXGL Background Thread 3 ] DEBUG Engine               - globalSoundVolumeProperty: DoubleProperty [value: 0.5]
00:44:08.937 [FXGL Background Thread 3 ] DEBUG Engine               - height: 1125
00:44:08.937 [FXGL Background Thread 3 ] DEBUG Engine               - isAndroid: false
00:44:08.937 [FXGL Background Thread 3 ] DEBUG Engine               - isBrowser: false
00:44:08.938 [FXGL Background Thread 3 ] DEBUG Engine               - isClickFeedbackEnabled: false
00:44:08.938 [FXGL Background Thread 3 ] DEBUG Engine               - isCloseConfirmation: false
00:44:08.939 [FXGL Background Thread 3 ] DEBUG Engine               - isDesktop: true
00:44:08.939 [FXGL Background Thread 3 ] DEBUG Engine               - isDeveloperMenuEnabled: true
00:44:08.939 [FXGL Background Thread 3 ] DEBUG Engine               - isEntityPreloadEnabled: true
00:44:08.939 [FXGL Background Thread 3 ] DEBUG Engine               - isExperimentalNative: false
00:44:08.939 [FXGL Background Thread 3 ] DEBUG Engine               - isExperimentalTiledLargeMap: false
00:44:08.939 [FXGL Background Thread 3 ] DEBUG Engine               - isFileSystemWriteAllowed: true
00:44:08.940 [FXGL Background Thread 3 ] DEBUG Engine               - isFullScreenAllowed: false
00:44:08.940 [FXGL Background Thread 3 ] DEBUG Engine               - isFullScreenFromStart: false
00:44:08.940 [FXGL Background Thread 3 ] DEBUG Engine               - isGameMenuEnabled: true
00:44:08.940 [FXGL Background Thread 3 ] DEBUG Engine               - isIOS: false
00:44:08.940 [FXGL Background Thread 3 ] DEBUG Engine               - isIntroEnabled: false
00:44:08.940 [FXGL Background Thread 3 ] DEBUG Engine               - isLinux: false
00:44:08.940 [FXGL Background Thread 3 ] DEBUG Engine               - isMac: false
00:44:08.940 [FXGL Background Thread 3 ] DEBUG Engine               - isMainMenuEnabled: true
00:44:08.940 [FXGL Background Thread 3 ] DEBUG Engine               - isManualResizeEnabled: true
00:44:08.940 [FXGL Background Thread 3 ] DEBUG Engine               - isMobile: false
00:44:08.941 [FXGL Background Thread 3 ] DEBUG Engine               - isPreserveResizeRatio: true
00:44:08.941 [FXGL Background Thread 3 ] DEBUG Engine               - isProfilingEnabled: false
00:44:08.941 [FXGL Background Thread 3 ] DEBUG Engine               - isSingleStep: false
00:44:08.941 [FXGL Background Thread 3 ] DEBUG Engine               - isUserProfileEnabled: false
00:44:08.941 [FXGL Background Thread 3 ] DEBUG Engine               - isWindows: true
00:44:08.941 [FXGL Background Thread 3 ] DEBUG Engine               - language: ObjectProperty [value: ENGLISH]
00:44:08.941 [FXGL Background Thread 3 ] DEBUG Engine               - menuKey: ESCAPE
00:44:08.941 [FXGL Background Thread 3 ] DEBUG Engine               - notificationViewClass: class com.almasb.fxgl.notification.view.XboxNotificationView
00:44:08.941 [FXGL Background Thread 3 ] DEBUG Engine               - pixelsPerMeter: 50.0
00:44:08.941 [FXGL Background Thread 3 ] DEBUG Engine               - platform: WINDOWS
00:44:08.941 [FXGL Background Thread 3 ] DEBUG Engine               - profileDir: profiles/
00:44:08.941 [FXGL Background Thread 3 ] DEBUG Engine               - profileName: StringProperty [value: DEFAULT]
00:44:08.941 [FXGL Background Thread 3 ] DEBUG Engine               - randomSeed: -1
00:44:08.942 [FXGL Background Thread 3 ] DEBUG Engine               - runtimeInfo: RuntimeInfo(platform=WINDOWS, version=dev-SNAPSHOT, build=08.09.2020 17.31)
00:44:08.942 [FXGL Background Thread 3 ] DEBUG Engine               - saveFileExt: sav
00:44:08.942 [FXGL Background Thread 3 ] DEBUG Engine               - sceneFactory: it.uniroma1.metodologie.trafficGame.TrafficApp$1@5ef5e6a6
00:44:08.942 [FXGL Background Thread 3 ] DEBUG Engine               - secondsIn24h: 60
00:44:08.942 [FXGL Background Thread 3 ] DEBUG Engine               - soundMenuBack: menu/back.wav
00:44:08.942 [FXGL Background Thread 3 ] DEBUG Engine               - soundMenuPress: menu/press.wav
00:44:08.942 [FXGL Background Thread 3 ] DEBUG Engine               - soundMenuSelect: menu/select.wav
00:44:08.942 [FXGL Background Thread 3 ] DEBUG Engine               - soundNotification: core/notification.wav
00:44:08.942 [FXGL Background Thread 3 ] DEBUG Engine               - stageStyle: DECORATED
00:44:08.943 [FXGL Background Thread 3 ] DEBUG Engine               - supportedLanguages: [ENGLISH, FRENCH, GERMAN, HUNGARIAN, RUSSIAN]
00:44:08.943 [FXGL Background Thread 3 ] DEBUG Engine               - title: Traffic
00:44:08.944 [FXGL Background Thread 3 ] DEBUG Engine               - urlGithub: https://github.com/AlmasB/FXGL
00:44:08.944 [FXGL Background Thread 3 ] DEBUG Engine               - urlLeaderboard: http://fxgl-top.herokuapp.com/
00:44:08.944 [FXGL Background Thread 3 ] DEBUG Engine               - urlPOM: https://raw.githubusercontent.com/AlmasB/FXGL/master/pom.xml
00:44:08.945 [FXGL Background Thread 3 ] DEBUG Engine               - version: Alpha 1.0
00:44:08.945 [FXGL Background Thread 3 ] DEBUG Engine               - versionCheckDays: 7
00:44:08.945 [FXGL Background Thread 3 ] DEBUG Engine               - width: 2000
00:44:08.945 [FXGL Background Thread 3 ] DEBUG Engine               - Logging services
00:44:08.945 [FXGL Background Thread 3 ] DEBUG Engine               - class com.almasb.fxgl.app.FXGLApplication$GameApplicationService
00:44:08.945 [FXGL Background Thread 3 ] DEBUG Engine               - class com.almasb.fxgl.app.services.FXGLDialogService
00:44:08.945 [FXGL Background Thread 3 ] DEBUG Engine               - class com.almasb.fxgl.app.services.IOTaskExecutorService
00:44:08.945 [FXGL Background Thread 3 ] DEBUG Engine               - class com.almasb.fxgl.event.EventBusService
00:44:08.945 [FXGL Background Thread 3 ] DEBUG Engine               - class com.almasb.fxgl.io.FileSystemService
00:44:08.945 [FXGL Background Thread 3 ] DEBUG Engine               - class com.almasb.fxgl.localization.LocalizationService
00:44:08.945 [FXGL Background Thread 3 ] DEBUG Engine               - class com.almasb.fxgl.app.services.FXGLAssetLoaderService
00:44:08.945 [FXGL Background Thread 3 ] DEBUG Engine               - class com.almasb.fxgl.app.services.SystemBundleService
00:44:08.945 [FXGL Background Thread 3 ] DEBUG Engine               - class com.almasb.fxgl.profile.SaveLoadService
00:44:08.945 [FXGL Background Thread 3 ] DEBUG Engine               - class com.almasb.fxgl.ui.FXGLUIFactoryServiceProvider
00:44:08.946 [FXGL Background Thread 3 ] DEBUG Engine               - class com.almasb.fxgl.ui.FXGLDialogFactoryServiceProvider
00:44:08.946 [FXGL Background Thread 3 ] DEBUG Engine               - class com.almasb.fxgl.audio.AudioPlayer
00:44:08.946 [FXGL Background Thread 3 ] DEBUG Engine               - class com.almasb.fxgl.notification.impl.NotificationServiceProvider
00:44:08.946 [FXGL Background Thread 3 ] DEBUG Engine               - class com.almasb.fxgl.achievement.AchievementService
00:44:08.946 [FXGL Background Thread 3 ] DEBUG Engine               - class com.almasb.fxgl.cutscene.CutsceneService
00:44:08.946 [FXGL Background Thread 3 ] DEBUG Engine               - class com.almasb.fxgl.minigames.MiniGameService
00:44:08.946 [FXGL Background Thread 3 ] DEBUG Engine               - class com.almasb.fxgl.net.NetService
00:44:08.946 [FXGL Background Thread 3 ] DEBUG Engine               - class com.almasb.fxgl.app.services.UpdaterService
00:44:08.946 [FXGL Background Thread 3 ] DEBUG Engine               - class com.almasb.fxgl.dev.DevService
00:44:12.236 [JavaFX Application Thread] DEBUG FXGLApplication      - Exiting FXGL
00:44:12.236 [JavaFX Application Thread] DEBUG LoopRunner           - Stopping loop
00:44:12.236 [JavaFX Application Thread] DEBUG SystemBundleService  - Saving FXGL system data
00:44:12.237 [JavaFX Application Thread] DEBUG FileSystemAccess     - Writing to: C:\Users\Andrea\Desktop\Homework\traffic-mobile\system\fxgl.bundle
00:44:12.239 [JavaFX Application Thread] DEBUG Async                - Shutting down background threads
00:44:12.239 [JavaFX Application Thread] DEBUG MainWindow           - Closing main window
00:44:12.255 [JavaFX Application Thread] DEBUG Logger               - Closing Logger
