23:20:33.020 [main                     ] DEBUG Logger               - Configured Logger
23:20:33.033 [main                     ] DEBUG GameApplication      - Logging settings
Title: Traffic
Version: Alpha 1.0
Width: 2000
Height: 1125
Fullscreen: false
Intro: false
Profiling: false
Single step:false
App Mode: DEVELOPER
Menu Key: ESCAPE
Stage Style: DECORATED
Scene Factory: class it.uniroma1.metodologie.trafficGame.TrafficApp$1

23:20:33.380 [JavaFX Application Thread] DEBUG FXGLApplication      - Initializing FXGL
23:20:33.385 [JavaFX Application Thread] INFO  Engine               - FXGL-dev-SNAPSHOT (08.09.2020 17.31) on WINDOWS (J:13.0.2 FX:14)
23:20:33.386 [JavaFX Application Thread] DEBUG Engine               - JRE Vendor Name: Oracle Corporation
23:20:33.386 [JavaFX Application Thread] DEBUG Engine               - Running on OS: Windows 10 version 10.0
23:20:33.387 [JavaFX Application Thread] DEBUG Engine               - Architecture: amd64
23:20:33.387 [JavaFX Application Thread] INFO  Engine               - Source code and latest versions at: https://github.com/AlmasB/FXGL
23:20:33.387 [JavaFX Application Thread] INFO  Engine               -              Join the FXGL chat at: https://gitter.im/AlmasB/FXGL
23:20:33.462 [JavaFX Application Thread] DEBUG MainWindow           - Creating a JavaFX scene
23:20:33.498 [JavaFX Application Thread] DEBUG MainWindow           - Target settings size: 2000.0 x 1125.0
23:20:33.498 [JavaFX Application Thread] DEBUG MainWindow           - Scaled scene size:    2000.0 x 1125.0
23:20:33.499 [JavaFX Application Thread] DEBUG MainWindow           - Scaled ratio: (1.0, 1.0)
23:20:33.499 [JavaFX Application Thread] DEBUG MainWindow           - Set initial scene to StartupScene
23:20:33.504 [JavaFX Application Thread] DEBUG MainWindow           - Opening main window
23:20:33.572 [JavaFX Application Thread] DEBUG MainWindow           - Window border size: (16.0, 39.0)
23:20:33.573 [JavaFX Application Thread] DEBUG MainWindow           - Scaled size: 2000.0 x 1125.0
23:20:33.573 [JavaFX Application Thread] DEBUG MainWindow           - Scaled ratio: (1.0, 1.0)
23:20:33.573 [JavaFX Application Thread] DEBUG MainWindow           - Scene size: 2000.0 x 1125.0
23:20:33.573 [JavaFX Application Thread] DEBUG MainWindow           - Stage size: 2016.0 x 1164.0
23:20:33.586 [FXGL Background Thread 1 ] DEBUG Engine               - Initializing environment variables
23:20:33.615 [FXGL Background Thread 1 ] DEBUG GameApplicationServi - Applying CSS: fxgl_dark.css
23:20:33.616 [FXGL Background Thread 1 ] DEBUG FXGLAssetLoaderServi - Loading from file system: /assets/ui/css/fxgl_dark.css
23:20:33.657 [FXGL Background Thread 1 ] DEBUG GameApplicationServi - Initializing application scenes
23:20:33.720 [FXGL Background Thread 1 ] DEBUG GameWorld            - Game world initialized
23:20:33.754 [FXGL Background Thread 1 ] DEBUG PhysicsWorld         - Physics world initialized: appHeight=1125, physics.ppm=50,0
23:20:33.755 [FXGL Background Thread 1 ] DEBUG GameScene            - Game scene initialized: 2000x1125
23:20:33.763 [FXGL Background Thread 1 ] DEBUG FXGLAssetLoaderServi - Loading from file system: /assets/textures/bg.jpg
23:20:34.044 [FXGL Background Thread 1 ] DEBUG FXGLAssetLoaderServi - Loading from file system: /assets/textures/logo.png
23:20:34.132 [FXGL Background Thread 1 ] DEBUG FXGLAssetLoaderServi - Loading from file system: /assets/textures/particles/trace_horizontal.png
23:20:34.155 [FXGL Background Thread 1 ] DEBUG FXGL.DefaultMenu     - createMenuBodyGameMenu()
23:20:34.165 [FXGL Background Thread 1 ] DEBUG FXGL.DefaultMenu     - createOptionsMenu()
23:20:34.168 [FXGL Background Thread 1 ] DEBUG FXGL.DefaultMenu     - createExtraMenu()
23:20:34.170 [FXGL Background Thread 1 ] DEBUG FXGLAssetLoaderServi - Loading from file system: /assets/textures/particles/smoke.png
23:20:34.210 [FXGL Background Thread 1 ] DEBUG GameApplicationServi - Application scenes initialized
23:20:34.218 [FXGL Background Thread 1 ] DEBUG SystemBundleService  - Loading FXGL system data
23:20:34.220 [FXGL Background Thread 1 ] DEBUG FileSystemAccess     - Reading from: C:\Users\Andrea\Desktop\Homework\traffic-mobile\system\fxgl.bundle
23:20:34.226 [FXGL Background Thread 1 ] DEBUG SystemBundleService  - Bundle FXGL: {}
23:20:34.226 [FXGL Background Thread 1 ] DEBUG UpdaterService       - Checking for updates
23:20:34.249 [FXGL Background Thread 4 ] DEBUG FXGLApplication      - Loading fonts
23:20:34.249 [FXGL Background Thread 1 ] DEBUG FXGLApplication      - Loading default localization
23:20:34.250 [FXGL Background Thread 1 ] DEBUG FXGLAssetLoaderServi - Loading from file system: /assets/languages/english.lang
23:20:34.249 [FXGL Background Thread 4 ] DEBUG FXGLAssetLoaderServi - Loading from file system: /assets/ui/fonts/VarelaRound-Regular.ttf
23:20:34.263 [FXGL Background Thread 1 ] INFO  FXGLApplication      - FXGL initialization took: 0,678 sec
23:20:34.269 [JavaFX Application Thread] DEBUG Input                - Registered new binding: Change trafficlight status - F
23:20:34.269 [JavaFX Application Thread] DEBUG Input                - Registered new binding: Move Right - D
23:20:34.270 [JavaFX Application Thread] DEBUG Input                - Registered new binding: Move Left - A
23:20:34.270 [JavaFX Application Thread] DEBUG Input                - Registered new binding: Move Up - W
23:20:34.270 [JavaFX Application Thread] DEBUG Input                - Registered new binding: Move Down - S
23:20:34.270 [JavaFX Application Thread] DEBUG Input                - Registered new binding: Spawn Car - Space
23:20:34.271 [JavaFX Application Thread] DEBUG Input                - Registered new binding: Select and change traffic light - LMB
23:20:34.271 [JavaFX Application Thread] DEBUG FXGLAssetLoaderServi - Loading from file system: /assets/textures/fxgl_icon.png
23:20:34.281 [JavaFX Application Thread] DEBUG FXGLAssetLoaderServi - Loading from file system: /assets/ui/cursors/fxgl_default.png
23:20:34.283 [JavaFX Application Thread] DEBUG Input                - Registered new binding: Screenshot - P
23:20:34.283 [JavaFX Application Thread] DEBUG Input                - Registered new binding: Dev Options - 1
23:20:34.284 [JavaFX Application Thread] DEBUG Input                - Registered new binding: Dev Console - 2
23:20:34.284 [JavaFX Application Thread] DEBUG Input                - Registered new binding: System info dump - CTRL+9
23:20:34.285 [JavaFX Application Thread] DEBUG Input                - Registered new binding: Restart - CTRL+R
23:20:34.286 [JavaFX Application Thread] DEBUG Input                - Registered new binding: Toggle Debug Camera - CTRL+C
23:20:34.288 [JavaFX Application Thread] DEBUG LoopRunner           - Starting loop
23:20:34.298 [JavaFX Application Thread] DEBUG Input                - Clearing active input actions
23:20:34.304 [JavaFX Application Thread] DEBUG GameApplicationServi - Removing overlay from StartupScene and adding to FXGLMainMenuDummyScene
23:20:34.306 [JavaFX Application Thread] DEBUG MainWindow           - StartupScene -> FXGLMainMenuDummyScene
23:20:34.306 [JavaFX Application Thread] DEBUG MainWindow           - Push state: TrafficAppMenu
23:20:34.306 [JavaFX Application Thread] DEBUG Input                - Clearing active input actions
23:20:34.311 [JavaFX Application Thread] DEBUG GameApplicationServi - Removing overlay from FXGLMainMenuDummyScene and adding to TrafficAppMenu
23:20:34.311 [JavaFX Application Thread] DEBUG MainWindow           - FXGLMainMenuDummyScene -> TrafficAppMenu
23:20:34.766 [FXGL Background Thread 4 ] DEBUG FXGLAssetLoaderServi - Loading from file system: /assets/ui/fonts/Abel-Regular.ttf
23:20:34.769 [FXGL Background Thread 4 ] DEBUG FXGLAssetLoaderServi - Loading from file system: /assets/ui/fonts/lucida_console.ttf
23:20:34.773 [FXGL Background Thread 4 ] DEBUG FXGLAssetLoaderServi - Loading from file system: /assets/ui/fonts/Courier-Prime.ttf
23:20:34.778 [JavaFX Application Thread] DEBUG FXGLApplication      - Registering font factories with UI factory
23:20:35.540 [JavaFX Application Thread] DEBUG Menu                 - fireNewGame()
23:20:35.540 [JavaFX Application Thread] DEBUG GameApplicationServi - Starting new game
23:20:35.541 [JavaFX Application Thread] DEBUG MainWindow           - Pop state: TrafficAppMenu
23:20:35.541 [JavaFX Application Thread] DEBUG Input                - Clearing active input actions
23:20:35.542 [JavaFX Application Thread] DEBUG GameApplicationServi - Removing overlay from TrafficAppMenu and adding to FXGLMainMenuDummyScene
23:20:35.543 [JavaFX Application Thread] DEBUG MainWindow           - FXGLMainMenuDummyScene <- TrafficAppMenu
23:20:35.543 [JavaFX Application Thread] DEBUG Input                - Clearing active input actions
23:20:35.549 [JavaFX Application Thread] DEBUG GameApplicationServi - Removing overlay from FXGLMainMenuDummyScene and adding to FXGLLoadingScene
23:20:35.550 [JavaFX Application Thread] DEBUG MainWindow           - FXGLMainMenuDummyScene -> FXGLLoadingScene
23:20:35.551 [JavaFX Application Thread] DEBUG GameApplicationServi - Clearing previous game
23:20:35.551 [JavaFX Application Thread] DEBUG GameScene            - Clearing game scene
23:20:35.551 [JavaFX Application Thread] DEBUG GameWorld            - Clearing game world
23:20:35.551 [JavaFX Application Thread] DEBUG PhysicsWorld         - Clearing physics world
23:20:35.552 [FXGL Background Thread 2 ] DEBUG FXGLApplication      - Initializing game
23:20:35.559 [FXGL Background Thread 2 ] DEBUG FXGLAssetLoaderServi - Loading from file system: /assets/levels/Mappa_02.tmx
23:20:35.586 [JavaFX Application Thread] DEBUG LoopRunner           - Stopping loop
23:20:35.588 [JavaFX Application Thread] FATAL FXGLApplication      - Uncaught Exception:
java.lang.RuntimeException: Initialization failed
	at com.almasb.fxgl.all/com.almasb.fxgl.app.FXGLApplication$InitAppTask.failed(FXGLApplication.kt:324)
	at javafx.graphics/javafx.concurrent.Task.setState(Task.java:710)
	at javafx.graphics/javafx.concurrent.Task$TaskCallable.lambda$call$2(Task.java:1455)
	at javafx.graphics/com.sun.javafx.application.PlatformImpl.lambda$runLater$10(PlatformImpl.java:428)
	at java.base/java.security.AccessController.doPrivileged(AccessController.java:391)
	at javafx.graphics/com.sun.javafx.application.PlatformImpl.lambda$runLater$11(PlatformImpl.java:427)
	at javafx.graphics/com.sun.glass.ui.InvokeLaterDispatcher$Future.run(InvokeLaterDispatcher.java:96)
	at javafx.graphics/com.sun.glass.ui.win.WinApplication._runLoop(Native Method)
	at javafx.graphics/com.sun.glass.ui.win.WinApplication.lambda$runLoop$3(WinApplication.java:174)
	at java.base/java.lang.Thread.run(Thread.java:830)
Caused by: java.lang.IllegalArgumentException: Asset "/assets/levels/Mappa_02.tmx" was not found!
	at com.almasb.fxgl.all/com.almasb.fxgl.app.services.FXGLAssetLoaderService.getURL(FXGLAssetLoaderService.kt:488)
	at com.almasb.fxgl.all/com.almasb.fxgl.app.services.FXGLAssetLoaderService.loadLevel(FXGLAssetLoaderService.kt:276)
	at com.almasb.fxgl.all/com.almasb.fxgl.dsl.FXGL$Companion.setLevelFromMap(FXGL.kt:502)
	at com.almasb.fxgl.all/com.almasb.fxgl.dsl.FXGL.setLevelFromMap(FXGL.kt)
	at trafficGame.main/it.uniroma1.metodologie.trafficGame.TrafficApp.initGame(TrafficApp.java:125)
	at com.almasb.fxgl.all/com.almasb.fxgl.app.FXGLApplication$InitAppTask.initGame(FXGLApplication.kt:320)
	at com.almasb.fxgl.all/com.almasb.fxgl.app.FXGLApplication$InitAppTask.call(FXGLApplication.kt:300)
	at com.almasb.fxgl.all/com.almasb.fxgl.app.FXGLApplication$InitAppTask.call(FXGLApplication.kt:292)
	at javafx.graphics/javafx.concurrent.Task$TaskCallable.call(Task.java:1425)
	at java.base/java.util.concurrent.FutureTask.run(FutureTask.java:264)
	at java.base/java.util.concurrent.Executors$RunnableAdapter.call(Executors.java:515)
	at java.base/java.util.concurrent.FutureTask.run(FutureTask.java:264)
	at java.base/java.util.concurrent.ThreadPoolExecutor.runWorker(ThreadPoolExecutor.java:1128)
	at java.base/java.util.concurrent.ThreadPoolExecutor$Worker.run(ThreadPoolExecutor.java:628)
	... 1 more

23:20:35.588 [JavaFX Application Thread] FATAL FXGLApplication      - Application will now exit
23:20:35.592 [JavaFX Application Thread] DEBUG MainWindow           - Push state: ErrorSubScene
23:20:35.592 [JavaFX Application Thread] DEBUG Input                - Clearing active input actions
23:20:35.593 [JavaFX Application Thread] DEBUG GameApplicationServi - Removing overlay from FXGLLoadingScene and adding to ErrorSubScene
23:20:35.594 [JavaFX Application Thread] DEBUG MainWindow           - FXGLLoadingScene -> ErrorSubScene
23:20:37.249 [FXGL Background Thread 3 ] DEBUG Engine               - Logging environment variables
23:20:37.249 [FXGL Background Thread 3 ] DEBUG Engine               - achievements: []
23:20:37.249 [FXGL Background Thread 3 ] DEBUG Engine               - appIcon: fxgl_icon.png
23:20:37.249 [FXGL Background Thread 3 ] DEBUG Engine               - applicationMode: DEVELOPER
23:20:37.250 [FXGL Background Thread 3 ] DEBUG Engine               - cSSList: [fxgl_dark.css]
23:20:37.250 [FXGL Background Thread 3 ] DEBUG Engine               - configClass: Optional.empty
23:20:37.250 [FXGL Background Thread 3 ] DEBUG Engine               - credits: []
23:20:37.250 [FXGL Background Thread 3 ] DEBUG Engine               - devBBoxColorProperty: ObjectProperty [value: 0xff0000ff]
23:20:37.250 [FXGL Background Thread 3 ] DEBUG Engine               - devEnableDebugCameraProperty: BooleanProperty [value: false]
23:20:37.250 [FXGL Background Thread 3 ] DEBUG Engine               - devSensorColorProperty: ObjectProperty [value: 0xffff00ff]
23:20:37.250 [FXGL Background Thread 3 ] DEBUG Engine               - devShowBBoxProperty: BooleanProperty [value: false]
23:20:37.251 [FXGL Background Thread 3 ] DEBUG Engine               - devShowPositionProperty: BooleanProperty [value: false]
23:20:37.251 [FXGL Background Thread 3 ] DEBUG Engine               - enabledMenuItems: [SAVE_LOAD, EXTRA, ONLINE]
23:20:37.251 [FXGL Background Thread 3 ] DEBUG Engine               - engineServices: [class com.almasb.fxgl.app.FXGLApplication$GameApplicationService, class com.almasb.fxgl.app.services.FXGLDialogService, class com.almasb.fxgl.app.services.IOTaskExecutorService, class com.almasb.fxgl.event.EventBusService, class com.almasb.fxgl.io.FileSystemService, class com.almasb.fxgl.localization.LocalizationService, class com.almasb.fxgl.app.services.FXGLAssetLoaderService, class com.almasb.fxgl.app.services.SystemBundleService, class com.almasb.fxgl.profile.SaveLoadService, class com.almasb.fxgl.ui.FXGLUIFactoryServiceProvider, class com.almasb.fxgl.ui.FXGLDialogFactoryServiceProvider, class com.almasb.fxgl.audio.AudioPlayer, class com.almasb.fxgl.notification.impl.NotificationServiceProvider, class com.almasb.fxgl.achievement.AchievementService, class com.almasb.fxgl.cutscene.CutsceneService, class com.almasb.fxgl.minigames.MiniGameService, class com.almasb.fxgl.net.NetService, class com.almasb.fxgl.app.services.UpdaterService, class com.almasb.fxgl.dev.DevService]
23:20:37.252 [FXGL Background Thread 3 ] DEBUG Engine               - fontGame: Abel-Regular.ttf
23:20:37.252 [FXGL Background Thread 3 ] DEBUG Engine               - fontMono: lucida_console.ttf
23:20:37.252 [FXGL Background Thread 3 ] DEBUG Engine               - fontText: Courier-Prime.ttf
23:20:37.252 [FXGL Background Thread 3 ] DEBUG Engine               - fontUI: VarelaRound-Regular.ttf
23:20:37.252 [FXGL Background Thread 3 ] DEBUG Engine               - fullScreen: BooleanProperty [value: false]
23:20:37.252 [FXGL Background Thread 3 ] DEBUG Engine               - gameDifficulty: MEDIUM
23:20:37.252 [FXGL Background Thread 3 ] DEBUG Engine               - gameDifficultyProperty: ObjectProperty [value: MEDIUM]
23:20:37.253 [FXGL Background Thread 3 ] DEBUG Engine               - globalMusicVolume: 0.5
23:20:37.253 [FXGL Background Thread 3 ] DEBUG Engine               - globalMusicVolumeProperty: DoubleProperty [value: 0.5]
23:20:37.253 [FXGL Background Thread 3 ] DEBUG Engine               - globalSoundVolume: 0.5
23:20:37.253 [FXGL Background Thread 3 ] DEBUG Engine               - globalSoundVolumeProperty: DoubleProperty [value: 0.5]
23:20:37.253 [FXGL Background Thread 3 ] DEBUG Engine               - height: 1125
23:20:37.253 [FXGL Background Thread 3 ] DEBUG Engine               - isAndroid: false
23:20:37.253 [FXGL Background Thread 3 ] DEBUG Engine               - isBrowser: false
23:20:37.253 [FXGL Background Thread 3 ] DEBUG Engine               - isClickFeedbackEnabled: false
23:20:37.254 [FXGL Background Thread 3 ] DEBUG Engine               - isCloseConfirmation: false
23:20:37.254 [FXGL Background Thread 3 ] DEBUG Engine               - isDesktop: true
23:20:37.254 [FXGL Background Thread 3 ] DEBUG Engine               - isDeveloperMenuEnabled: true
23:20:37.254 [FXGL Background Thread 3 ] DEBUG Engine               - isEntityPreloadEnabled: true
23:20:37.254 [FXGL Background Thread 3 ] DEBUG Engine               - isExperimentalNative: false
23:20:37.254 [FXGL Background Thread 3 ] DEBUG Engine               - isExperimentalTiledLargeMap: false
23:20:37.254 [FXGL Background Thread 3 ] DEBUG Engine               - isFileSystemWriteAllowed: true
23:20:37.254 [FXGL Background Thread 3 ] DEBUG Engine               - isFullScreenAllowed: false
23:20:37.254 [FXGL Background Thread 3 ] DEBUG Engine               - isFullScreenFromStart: false
23:20:37.254 [FXGL Background Thread 3 ] DEBUG Engine               - isGameMenuEnabled: true
23:20:37.254 [FXGL Background Thread 3 ] DEBUG Engine               - isIOS: false
23:20:37.255 [FXGL Background Thread 3 ] DEBUG Engine               - isIntroEnabled: false
23:20:37.255 [FXGL Background Thread 3 ] DEBUG Engine               - isLinux: false
23:20:37.255 [FXGL Background Thread 3 ] DEBUG Engine               - isMac: false
23:20:37.255 [FXGL Background Thread 3 ] DEBUG Engine               - isMainMenuEnabled: true
23:20:37.255 [FXGL Background Thread 3 ] DEBUG Engine               - isManualResizeEnabled: true
23:20:37.255 [FXGL Background Thread 3 ] DEBUG Engine               - isMobile: false
23:20:37.255 [FXGL Background Thread 3 ] DEBUG Engine               - isPreserveResizeRatio: true
23:20:37.255 [FXGL Background Thread 3 ] DEBUG Engine               - isProfilingEnabled: false
23:20:37.255 [FXGL Background Thread 3 ] DEBUG Engine               - isSingleStep: false
23:20:37.255 [FXGL Background Thread 3 ] DEBUG Engine               - isUserProfileEnabled: false
23:20:37.255 [FXGL Background Thread 3 ] DEBUG Engine               - isWindows: true
23:20:37.256 [FXGL Background Thread 3 ] DEBUG Engine               - language: ObjectProperty [value: ENGLISH]
23:20:37.256 [FXGL Background Thread 3 ] DEBUG Engine               - menuKey: ESCAPE
23:20:37.256 [FXGL Background Thread 3 ] DEBUG Engine               - notificationViewClass: class com.almasb.fxgl.notification.view.XboxNotificationView
23:20:37.256 [FXGL Background Thread 3 ] DEBUG Engine               - pixelsPerMeter: 50.0
23:20:37.256 [FXGL Background Thread 3 ] DEBUG Engine               - platform: WINDOWS
23:20:37.256 [FXGL Background Thread 3 ] DEBUG Engine               - profileDir: profiles/
23:20:37.256 [FXGL Background Thread 3 ] DEBUG Engine               - profileName: StringProperty [value: DEFAULT]
23:20:37.256 [FXGL Background Thread 3 ] DEBUG Engine               - randomSeed: -1
23:20:37.256 [FXGL Background Thread 3 ] DEBUG Engine               - runtimeInfo: RuntimeInfo(platform=WINDOWS, version=dev-SNAPSHOT, build=08.09.2020 17.31)
23:20:37.257 [FXGL Background Thread 3 ] DEBUG Engine               - saveFileExt: sav
23:20:37.257 [FXGL Background Thread 3 ] DEBUG Engine               - sceneFactory: it.uniroma1.metodologie.trafficGame.TrafficApp$1@7c01fd7a
23:20:37.257 [FXGL Background Thread 3 ] DEBUG Engine               - secondsIn24h: 60
23:20:37.257 [FXGL Background Thread 3 ] DEBUG Engine               - soundMenuBack: menu/back.wav
23:20:37.257 [FXGL Background Thread 3 ] DEBUG Engine               - soundMenuPress: menu/press.wav
23:20:37.257 [FXGL Background Thread 3 ] DEBUG Engine               - soundMenuSelect: menu/select.wav
23:20:37.257 [FXGL Background Thread 3 ] DEBUG Engine               - soundNotification: core/notification.wav
23:20:37.257 [FXGL Background Thread 3 ] DEBUG Engine               - stageStyle: DECORATED
23:20:37.257 [FXGL Background Thread 3 ] DEBUG Engine               - supportedLanguages: [ENGLISH, FRENCH, GERMAN, HUNGARIAN, RUSSIAN]
23:20:37.257 [FXGL Background Thread 3 ] DEBUG Engine               - title: Traffic
23:20:37.258 [FXGL Background Thread 3 ] DEBUG Engine               - urlGithub: https://github.com/AlmasB/FXGL
23:20:37.258 [FXGL Background Thread 3 ] DEBUG Engine               - urlLeaderboard: http://fxgl-top.herokuapp.com/
23:20:37.258 [FXGL Background Thread 3 ] DEBUG Engine               - urlPOM: https://raw.githubusercontent.com/AlmasB/FXGL/master/pom.xml
23:20:37.258 [FXGL Background Thread 3 ] DEBUG Engine               - version: Alpha 1.0
23:20:37.258 [FXGL Background Thread 3 ] DEBUG Engine               - versionCheckDays: 7
23:20:37.260 [FXGL Background Thread 3 ] DEBUG Engine               - width: 2000
23:20:37.260 [FXGL Background Thread 3 ] DEBUG Engine               - Logging services
23:20:37.260 [FXGL Background Thread 3 ] DEBUG Engine               - class com.almasb.fxgl.app.FXGLApplication$GameApplicationService
23:20:37.260 [FXGL Background Thread 3 ] DEBUG Engine               - class com.almasb.fxgl.app.services.FXGLDialogService
23:20:37.260 [FXGL Background Thread 3 ] DEBUG Engine               - class com.almasb.fxgl.app.services.IOTaskExecutorService
23:20:37.260 [FXGL Background Thread 3 ] DEBUG Engine               - class com.almasb.fxgl.event.EventBusService
23:20:37.260 [FXGL Background Thread 3 ] DEBUG Engine               - class com.almasb.fxgl.io.FileSystemService
23:20:37.260 [FXGL Background Thread 3 ] DEBUG Engine               - class com.almasb.fxgl.localization.LocalizationService
23:20:37.260 [FXGL Background Thread 3 ] DEBUG Engine               - class com.almasb.fxgl.app.services.FXGLAssetLoaderService
23:20:37.260 [FXGL Background Thread 3 ] DEBUG Engine               - class com.almasb.fxgl.app.services.SystemBundleService
23:20:37.260 [FXGL Background Thread 3 ] DEBUG Engine               - class com.almasb.fxgl.profile.SaveLoadService
23:20:37.260 [FXGL Background Thread 3 ] DEBUG Engine               - class com.almasb.fxgl.ui.FXGLUIFactoryServiceProvider
23:20:37.261 [FXGL Background Thread 3 ] DEBUG Engine               - class com.almasb.fxgl.ui.FXGLDialogFactoryServiceProvider
23:20:37.261 [FXGL Background Thread 3 ] DEBUG Engine               - class com.almasb.fxgl.audio.AudioPlayer
23:20:37.261 [FXGL Background Thread 3 ] DEBUG Engine               - class com.almasb.fxgl.notification.impl.NotificationServiceProvider
23:20:37.261 [FXGL Background Thread 3 ] DEBUG Engine               - class com.almasb.fxgl.achievement.AchievementService
23:20:37.261 [FXGL Background Thread 3 ] DEBUG Engine               - class com.almasb.fxgl.cutscene.CutsceneService
23:20:37.261 [FXGL Background Thread 3 ] DEBUG Engine               - class com.almasb.fxgl.minigames.MiniGameService
23:20:37.261 [FXGL Background Thread 3 ] DEBUG Engine               - class com.almasb.fxgl.net.NetService
23:20:37.261 [FXGL Background Thread 3 ] DEBUG Engine               - class com.almasb.fxgl.app.services.UpdaterService
23:20:37.261 [FXGL Background Thread 3 ] DEBUG Engine               - class com.almasb.fxgl.dev.DevService
23:20:43.743 [JavaFX Application Thread] DEBUG FXGLApplication      - Exiting FXGL
23:20:43.744 [JavaFX Application Thread] DEBUG Async                - Shutting down background threads
23:20:43.744 [JavaFX Application Thread] DEBUG MainWindow           - Closing main window
23:20:43.753 [JavaFX Application Thread] DEBUG Logger               - Closing Logger
