00:32:05.418 [main                     ] DEBUG Logger               - Configured Logger
00:32:05.471 [main                     ] DEBUG GameApplication      - Logging settings
Title: Traffic
Version: Alpha 1.0
Width: 2000
Height: 1125
Fullscreen: false
Intro: false
Profiling: false
Single step:false
App Mode: DEVELOPER
Menu Key: ESCAPE
Stage Style: DECORATED
Scene Factory: class it.uniroma1.metodologie.trafficGame.TrafficApp$1

00:32:06.921 [JavaFX Application Thread] DEBUG FXGLApplication      - Initializing FXGL
00:32:06.942 [JavaFX Application Thread] INFO  Engine               - FXGL-dev-SNAPSHOT (06.09.2020 16.28) on MAC (J:14.0.1 FX:14)
00:32:06.943 [JavaFX Application Thread] DEBUG Engine               - JRE Vendor Name: Oracle Corporation
00:32:06.943 [JavaFX Application Thread] DEBUG Engine               - Running on OS: Mac OS X version 10.15.6
00:32:06.944 [JavaFX Application Thread] DEBUG Engine               - Architecture: x86_64
00:32:06.944 [JavaFX Application Thread] INFO  Engine               - Source code and latest versions at: https://github.com/AlmasB/FXGL
00:32:06.945 [JavaFX Application Thread] INFO  Engine               -              Join the FXGL chat at: https://gitter.im/AlmasB/FXGL
00:32:07.744 [JavaFX Application Thread] DEBUG MainWindow           - Creating a JavaFX scene
00:32:07.746 [JavaFX Application Thread] DEBUG MainWindow           - Target size > screen size
00:32:07.916 [JavaFX Application Thread] DEBUG MainWindow           - Target settings size: 2000.0 x 1125.0
00:32:07.916 [JavaFX Application Thread] DEBUG MainWindow           - Scaled scene size:    1775.0 x 1012.0
00:32:07.916 [JavaFX Application Thread] DEBUG MainWindow           - Scaled ratio: (0.8875, 0.8995555555555556)
00:32:07.918 [JavaFX Application Thread] DEBUG MainWindow           - Set initial scene to StartupScene
00:32:07.947 [JavaFX Application Thread] DEBUG MainWindow           - Opening main window
00:32:08.604 [JavaFX Application Thread] DEBUG MainWindow           - Window border size: (0.0, 1.0)
00:32:08.604 [JavaFX Application Thread] DEBUG MainWindow           - Scaled size: 1775.0 x 1012.0
00:32:08.605 [JavaFX Application Thread] DEBUG MainWindow           - Scaled ratio: (0.8875, 0.8875)
00:32:08.610 [JavaFX Application Thread] DEBUG MainWindow           - Scene size: 1775.0 x 1012.0
00:32:08.610 [JavaFX Application Thread] DEBUG MainWindow           - Stage size: 1775.0 x 1013.0
00:32:08.659 [FXGL Background Thread 1 ] DEBUG Engine               - Initializing environment variables
00:32:08.700 [FXGL Background Thread 1 ] DEBUG GameApplicationServi - Applying CSS: fxgl_dark.css
00:32:08.702 [FXGL Background Thread 1 ] DEBUG FXGLAssetLoaderServi - Loading from file system: /assets/ui/css/fxgl_dark.css
00:32:09.153 [FXGL Background Thread 1 ] DEBUG GameApplicationServi - Initializing application scenes
00:32:10.523 [FXGL Background Thread 1 ] DEBUG GameWorld            - Game world initialized
00:32:10.739 [FXGL Background Thread 1 ] DEBUG PhysicsWorld         - Physics world initialized: appHeight=1125, physics.ppm=50,0
00:32:10.753 [FXGL Background Thread 1 ] DEBUG GameScene            - Game scene initialized: 2000x1125
00:32:10.868 [FXGL Background Thread 1 ] DEBUG FXGLAssetLoaderServi - Loading from file system: /assets/textures/bg.jpg
00:32:11.918 [FXGL Background Thread 1 ] DEBUG FXGLAssetLoaderServi - Loading from file system: /assets/textures/logo.png
00:32:12.193 [FXGL Background Thread 1 ] DEBUG FXGLAssetLoaderServi - Loading from file system: /assets/textures/particles/trace_horizontal.png
00:32:12.291 [FXGL Background Thread 1 ] DEBUG FXGL.DefaultMenu     - createMenuBodyGameMenu()
00:32:12.329 [FXGL Background Thread 1 ] DEBUG FXGL.DefaultMenu     - createOptionsMenu()
00:32:12.344 [FXGL Background Thread 1 ] DEBUG FXGL.DefaultMenu     - createExtraMenu()
00:32:12.352 [FXGL Background Thread 1 ] DEBUG FXGLAssetLoaderServi - Loading from file system: /assets/textures/particles/smoke.png
00:32:12.473 [FXGL Background Thread 1 ] DEBUG GameApplicationServi - Application scenes initialized
00:32:12.500 [FXGL Background Thread 1 ] DEBUG SystemBundleService  - Loading FXGL system data
00:32:12.508 [FXGL Background Thread 1 ] DEBUG FileSystemAccess     - Reading from: /Users/universita/Desktop/ProgettoJava/traffic-mobile/system/fxgl.bundle
00:32:12.530 [FXGL Background Thread 1 ] DEBUG SystemBundleService  - Bundle FXGL: {}
00:32:12.531 [FXGL Background Thread 1 ] DEBUG UpdaterService       - Checking for updates
00:32:12.595 [FXGL Background Thread 4 ] DEBUG FXGLApplication      - Loading fonts
00:32:12.595 [FXGL Background Thread 4 ] DEBUG FXGLAssetLoaderServi - Loading from file system: /assets/ui/fonts/VarelaRound-Regular.ttf
00:32:12.602 [FXGL Background Thread 1 ] DEBUG FXGLApplication      - Loading default localization
00:32:12.602 [FXGL Background Thread 1 ] DEBUG FXGLAssetLoaderServi - Loading from file system: /assets/languages/english.lang
00:32:12.628 [FXGL Background Thread 4 ] DEBUG FXGLAssetLoaderServi - Loading from file system: /assets/ui/fonts/Abel-Regular.ttf
00:32:12.632 [FXGL Background Thread 4 ] DEBUG FXGLAssetLoaderServi - Loading from file system: /assets/ui/fonts/lucida_console.ttf
00:32:12.638 [FXGL Background Thread 4 ] DEBUG FXGLAssetLoaderServi - Loading from file system: /assets/ui/fonts/Courier-Prime.ttf
00:32:12.645 [JavaFX Application Thread] DEBUG FXGLApplication      - Registering font factories with UI factory
00:32:12.677 [FXGL Background Thread 1 ] INFO  FXGLApplication      - FXGL initialization took: 4,018 sec
00:32:12.688 [JavaFX Application Thread] DEBUG Input                - Registered new binding: Change trafficlight status - F
00:32:12.688 [JavaFX Application Thread] DEBUG Input                - Registered new binding: Move Right - D
00:32:12.689 [JavaFX Application Thread] DEBUG Input                - Registered new binding: Move Left - A
00:32:12.689 [JavaFX Application Thread] DEBUG Input                - Registered new binding: Move Up - W
00:32:12.689 [JavaFX Application Thread] DEBUG Input                - Registered new binding: Move Down - S
00:32:12.690 [JavaFX Application Thread] DEBUG Input                - Registered new binding: Spawn Car - Space
00:32:12.692 [JavaFX Application Thread] DEBUG Input                - Registered new binding: Select and change traffic light - LMB
00:32:12.692 [JavaFX Application Thread] DEBUG FXGLAssetLoaderServi - Loading from file system: /assets/textures/fxgl_icon.png
00:32:12.713 [JavaFX Application Thread] DEBUG FXGLAssetLoaderServi - Loading from file system: /assets/ui/cursors/fxgl_default.png
00:32:12.716 [JavaFX Application Thread] DEBUG Input                - Registered new binding: Screenshot - P
00:32:12.717 [JavaFX Application Thread] DEBUG Input                - Registered new binding: Dev Options - 1
00:32:12.718 [JavaFX Application Thread] DEBUG Input                - Registered new binding: Dev Console - 2
00:32:12.718 [JavaFX Application Thread] DEBUG Input                - Registered new binding: System info dump - CTRL+9
00:32:12.719 [JavaFX Application Thread] DEBUG Input                - Registered new binding: Restart - CTRL+R
00:32:12.720 [JavaFX Application Thread] DEBUG Input                - Registered new binding: Toggle Debug Camera - CTRL+C
00:32:12.723 [JavaFX Application Thread] DEBUG LoopRunner           - Starting loop
00:32:12.740 [JavaFX Application Thread] DEBUG Input                - Clearing active input actions
00:32:12.760 [JavaFX Application Thread] DEBUG GameApplicationServi - Removing overlay from StartupScene and adding to FXGLMainMenuDummyScene
00:32:12.770 [JavaFX Application Thread] DEBUG MainWindow           - StartupScene -> FXGLMainMenuDummyScene
00:32:12.771 [JavaFX Application Thread] DEBUG MainWindow           - Push state: TrafficAppMenu
00:32:12.771 [JavaFX Application Thread] DEBUG Input                - Clearing active input actions
00:32:12.782 [JavaFX Application Thread] DEBUG GameApplicationServi - Removing overlay from FXGLMainMenuDummyScene and adding to TrafficAppMenu
00:32:12.782 [JavaFX Application Thread] DEBUG MainWindow           - FXGLMainMenuDummyScene -> TrafficAppMenu
00:32:15.596 [FXGL Background Thread 3 ] DEBUG Engine               - Logging environment variables
00:32:15.597 [FXGL Background Thread 3 ] DEBUG Engine               - achievements: []
00:32:15.598 [FXGL Background Thread 3 ] DEBUG Engine               - appIcon: fxgl_icon.png
00:32:15.598 [FXGL Background Thread 3 ] DEBUG Engine               - applicationMode: DEVELOPER
00:32:15.598 [FXGL Background Thread 3 ] DEBUG Engine               - cSSList: [fxgl_dark.css]
00:32:15.599 [FXGL Background Thread 3 ] DEBUG Engine               - configClass: Optional.empty
00:32:15.599 [FXGL Background Thread 3 ] DEBUG Engine               - credits: []
00:32:15.601 [FXGL Background Thread 3 ] DEBUG Engine               - devBBoxColorProperty: ObjectProperty [value: 0xff0000ff]
00:32:15.601 [FXGL Background Thread 3 ] DEBUG Engine               - devEnableDebugCameraProperty: BooleanProperty [value: false]
00:32:15.602 [FXGL Background Thread 3 ] DEBUG Engine               - devSensorColorProperty: ObjectProperty [value: 0xffff00ff]
00:32:15.602 [FXGL Background Thread 3 ] DEBUG Engine               - devShowBBoxProperty: BooleanProperty [value: false]
00:32:15.602 [FXGL Background Thread 3 ] DEBUG Engine               - devShowPositionProperty: BooleanProperty [value: false]
00:32:15.602 [FXGL Background Thread 3 ] DEBUG Engine               - enabledMenuItems: [SAVE_LOAD, EXTRA, ONLINE]
00:32:15.603 [FXGL Background Thread 3 ] DEBUG Engine               - engineServices: [class com.almasb.fxgl.app.FXGLApplication$GameApplicationService, class com.almasb.fxgl.app.services.FXGLDialogService, class com.almasb.fxgl.app.services.IOTaskExecutorService, class com.almasb.fxgl.event.EventBusService, class com.almasb.fxgl.io.FileSystemService, class com.almasb.fxgl.localization.LocalizationService, class com.almasb.fxgl.app.services.FXGLAssetLoaderService, class com.almasb.fxgl.app.services.SystemBundleService, class com.almasb.fxgl.profile.SaveLoadService, class com.almasb.fxgl.ui.FXGLUIFactoryServiceProvider, class com.almasb.fxgl.ui.FXGLDialogFactoryServiceProvider, class com.almasb.fxgl.audio.AudioPlayer, class com.almasb.fxgl.notification.impl.NotificationServiceProvider, class com.almasb.fxgl.achievement.AchievementService, class com.almasb.fxgl.cutscene.CutsceneService, class com.almasb.fxgl.minigames.MiniGameService, class com.almasb.fxgl.net.NetService, class com.almasb.fxgl.app.services.UpdaterService, class com.almasb.fxgl.dev.DevService]
00:32:15.603 [FXGL Background Thread 3 ] DEBUG Engine               - fontGame: Abel-Regular.ttf
00:32:15.603 [FXGL Background Thread 3 ] DEBUG Engine               - fontMono: lucida_console.ttf
00:32:15.603 [FXGL Background Thread 3 ] DEBUG Engine               - fontText: Courier-Prime.ttf
00:32:15.604 [FXGL Background Thread 3 ] DEBUG Engine               - fontUI: VarelaRound-Regular.ttf
00:32:15.604 [FXGL Background Thread 3 ] DEBUG Engine               - fullScreen: BooleanProperty [value: false]
00:32:15.605 [FXGL Background Thread 3 ] DEBUG Engine               - gameDifficulty: MEDIUM
00:32:15.605 [FXGL Background Thread 3 ] DEBUG Engine               - gameDifficultyProperty: ObjectProperty [value: MEDIUM]
00:32:15.605 [FXGL Background Thread 3 ] DEBUG Engine               - globalMusicVolume: 0.5
00:32:15.605 [FXGL Background Thread 3 ] DEBUG Engine               - globalMusicVolumeProperty: DoubleProperty [value: 0.5]
00:32:15.606 [FXGL Background Thread 3 ] DEBUG Engine               - globalSoundVolume: 0.5
00:32:15.606 [FXGL Background Thread 3 ] DEBUG Engine               - globalSoundVolumeProperty: DoubleProperty [value: 0.5]
00:32:15.606 [FXGL Background Thread 3 ] DEBUG Engine               - height: 1125
00:32:15.607 [FXGL Background Thread 3 ] DEBUG Engine               - isAndroid: false
00:32:15.607 [FXGL Background Thread 3 ] DEBUG Engine               - isBrowser: false
00:32:15.608 [FXGL Background Thread 3 ] DEBUG Engine               - isClickFeedbackEnabled: false
00:32:15.608 [FXGL Background Thread 3 ] DEBUG Engine               - isCloseConfirmation: false
00:32:15.608 [FXGL Background Thread 3 ] DEBUG Engine               - isDesktop: true
00:32:15.608 [FXGL Background Thread 3 ] DEBUG Engine               - isDeveloperMenuEnabled: true
00:32:15.608 [FXGL Background Thread 3 ] DEBUG Engine               - isEntityPreloadEnabled: true
00:32:15.609 [FXGL Background Thread 3 ] DEBUG Engine               - isExperimentalNative: false
00:32:15.609 [FXGL Background Thread 3 ] DEBUG Engine               - isExperimentalTiledLargeMap: false
00:32:15.609 [FXGL Background Thread 3 ] DEBUG Engine               - isFileSystemWriteAllowed: true
00:32:15.609 [FXGL Background Thread 3 ] DEBUG Engine               - isFullScreenAllowed: false
00:32:15.610 [FXGL Background Thread 3 ] DEBUG Engine               - isFullScreenFromStart: false
00:32:15.610 [FXGL Background Thread 3 ] DEBUG Engine               - isGameMenuEnabled: true
00:32:15.610 [FXGL Background Thread 3 ] DEBUG Engine               - isIOS: false
00:32:15.611 [FXGL Background Thread 3 ] DEBUG Engine               - isIntroEnabled: false
00:32:15.611 [FXGL Background Thread 3 ] DEBUG Engine               - isLinux: false
00:32:15.611 [FXGL Background Thread 3 ] DEBUG Engine               - isMac: true
00:32:15.611 [FXGL Background Thread 3 ] DEBUG Engine               - isMainMenuEnabled: true
00:32:15.611 [FXGL Background Thread 3 ] DEBUG Engine               - isManualResizeEnabled: true
00:32:15.612 [FXGL Background Thread 3 ] DEBUG Engine               - isMobile: false
00:32:15.612 [FXGL Background Thread 3 ] DEBUG Engine               - isPreserveResizeRatio: true
00:32:15.612 [FXGL Background Thread 3 ] DEBUG Engine               - isProfilingEnabled: false
00:32:15.612 [FXGL Background Thread 3 ] DEBUG Engine               - isSingleStep: false
00:32:15.612 [FXGL Background Thread 3 ] DEBUG Engine               - isUserProfileEnabled: false
00:32:15.613 [FXGL Background Thread 3 ] DEBUG Engine               - isWindows: false
00:32:15.613 [FXGL Background Thread 3 ] DEBUG Engine               - language: ObjectProperty [value: ENGLISH]
00:32:15.613 [FXGL Background Thread 3 ] DEBUG Engine               - menuKey: ESCAPE
00:32:15.613 [FXGL Background Thread 3 ] DEBUG Engine               - notificationViewClass: class com.almasb.fxgl.notification.view.XboxNotificationView
00:32:15.614 [FXGL Background Thread 3 ] DEBUG Engine               - pixelsPerMeter: 50.0
00:32:15.614 [FXGL Background Thread 3 ] DEBUG Engine               - platform: MAC
00:32:15.614 [FXGL Background Thread 3 ] DEBUG Engine               - profileDir: profiles/
00:32:15.615 [FXGL Background Thread 3 ] DEBUG Engine               - profileName: StringProperty [value: DEFAULT]
00:32:15.615 [FXGL Background Thread 3 ] DEBUG Engine               - randomSeed: -1
00:32:15.615 [FXGL Background Thread 3 ] DEBUG Engine               - runtimeInfo: RuntimeInfo(platform=MAC, version=dev-SNAPSHOT, build=06.09.2020 16.28)
00:32:15.615 [FXGL Background Thread 3 ] DEBUG Engine               - saveFileExt: sav
00:32:15.616 [FXGL Background Thread 3 ] DEBUG Engine               - sceneFactory: it.uniroma1.metodologie.trafficGame.TrafficApp$1@b6b4f6a
00:32:15.616 [FXGL Background Thread 3 ] DEBUG Engine               - secondsIn24h: 60
00:32:15.617 [FXGL Background Thread 3 ] DEBUG Engine               - soundMenuBack: menu/back.wav
00:32:15.617 [FXGL Background Thread 3 ] DEBUG Engine               - soundMenuPress: menu/press.wav
00:32:15.617 [FXGL Background Thread 3 ] DEBUG Engine               - soundMenuSelect: menu/select.wav
00:32:15.617 [FXGL Background Thread 3 ] DEBUG Engine               - soundNotification: core/notification.wav
00:32:15.618 [FXGL Background Thread 3 ] DEBUG Engine               - stageStyle: DECORATED
00:32:15.618 [FXGL Background Thread 3 ] DEBUG Engine               - supportedLanguages: [ENGLISH, FRENCH, GERMAN, HUNGARIAN, RUSSIAN]
00:32:15.618 [FXGL Background Thread 3 ] DEBUG Engine               - title: Traffic
00:32:15.618 [FXGL Background Thread 3 ] DEBUG Engine               - urlGithub: https://github.com/AlmasB/FXGL
00:32:15.618 [FXGL Background Thread 3 ] DEBUG Engine               - urlLeaderboard: http://fxgl-top.herokuapp.com/
00:32:15.619 [FXGL Background Thread 3 ] DEBUG Engine               - urlPOM: https://raw.githubusercontent.com/AlmasB/FXGL/master/pom.xml
00:32:15.619 [FXGL Background Thread 3 ] DEBUG Engine               - version: Alpha 1.0
00:32:15.619 [FXGL Background Thread 3 ] DEBUG Engine               - versionCheckDays: 7
00:32:15.619 [FXGL Background Thread 3 ] DEBUG Engine               - width: 2000
00:32:15.619 [FXGL Background Thread 3 ] DEBUG Engine               - Logging services
00:32:15.620 [FXGL Background Thread 3 ] DEBUG Engine               - class com.almasb.fxgl.app.FXGLApplication$GameApplicationService
00:32:15.620 [FXGL Background Thread 3 ] DEBUG Engine               - class com.almasb.fxgl.app.services.FXGLDialogService
00:32:15.620 [FXGL Background Thread 3 ] DEBUG Engine               - class com.almasb.fxgl.app.services.IOTaskExecutorService
00:32:15.620 [FXGL Background Thread 3 ] DEBUG Engine               - class com.almasb.fxgl.event.EventBusService
00:32:15.620 [FXGL Background Thread 3 ] DEBUG Engine               - class com.almasb.fxgl.io.FileSystemService
00:32:15.620 [FXGL Background Thread 3 ] DEBUG Engine               - class com.almasb.fxgl.localization.LocalizationService
00:32:15.621 [FXGL Background Thread 3 ] DEBUG Engine               - class com.almasb.fxgl.app.services.FXGLAssetLoaderService
00:32:15.621 [FXGL Background Thread 3 ] DEBUG Engine               - class com.almasb.fxgl.app.services.SystemBundleService
00:32:15.622 [FXGL Background Thread 3 ] DEBUG Engine               - class com.almasb.fxgl.profile.SaveLoadService
00:32:15.627 [FXGL Background Thread 3 ] DEBUG Engine               - class com.almasb.fxgl.ui.FXGLUIFactoryServiceProvider
00:32:15.627 [FXGL Background Thread 3 ] DEBUG Engine               - class com.almasb.fxgl.ui.FXGLDialogFactoryServiceProvider
00:32:15.627 [FXGL Background Thread 3 ] DEBUG Engine               - class com.almasb.fxgl.audio.AudioPlayer
00:32:15.627 [FXGL Background Thread 3 ] DEBUG Engine               - class com.almasb.fxgl.notification.impl.NotificationServiceProvider
00:32:15.628 [FXGL Background Thread 3 ] DEBUG Engine               - class com.almasb.fxgl.achievement.AchievementService
00:32:15.628 [FXGL Background Thread 3 ] DEBUG Engine               - class com.almasb.fxgl.cutscene.CutsceneService
00:32:15.628 [FXGL Background Thread 3 ] DEBUG Engine               - class com.almasb.fxgl.minigames.MiniGameService
00:32:15.628 [FXGL Background Thread 3 ] DEBUG Engine               - class com.almasb.fxgl.net.NetService
00:32:15.629 [FXGL Background Thread 3 ] DEBUG Engine               - class com.almasb.fxgl.app.services.UpdaterService
00:32:15.629 [FXGL Background Thread 3 ] DEBUG Engine               - class com.almasb.fxgl.dev.DevService
00:32:21.991 [JavaFX Application Thread] DEBUG Menu                 - fireNewGame()
00:32:21.992 [JavaFX Application Thread] DEBUG GameApplicationServi - Starting new game
00:32:21.992 [JavaFX Application Thread] DEBUG MainWindow           - Pop state: TrafficAppMenu
00:32:21.992 [JavaFX Application Thread] DEBUG Input                - Clearing active input actions
00:32:21.995 [JavaFX Application Thread] DEBUG GameApplicationServi - Removing overlay from TrafficAppMenu and adding to FXGLMainMenuDummyScene
00:32:22.000 [JavaFX Application Thread] DEBUG MainWindow           - FXGLMainMenuDummyScene <- TrafficAppMenu
00:32:22.001 [JavaFX Application Thread] DEBUG Input                - Clearing active input actions
00:32:22.013 [JavaFX Application Thread] DEBUG GameApplicationServi - Removing overlay from FXGLMainMenuDummyScene and adding to FXGLLoadingScene
00:32:22.014 [JavaFX Application Thread] DEBUG MainWindow           - FXGLMainMenuDummyScene -> FXGLLoadingScene
00:32:22.014 [JavaFX Application Thread] DEBUG GameApplicationServi - Clearing previous game
00:32:22.014 [JavaFX Application Thread] DEBUG GameScene            - Clearing game scene
00:32:22.014 [JavaFX Application Thread] DEBUG GameWorld            - Clearing game world
00:32:22.014 [JavaFX Application Thread] DEBUG PhysicsWorld         - Clearing physics world
00:32:22.041 [FXGL Background Thread 2 ] DEBUG FXGLApplication      - Initializing game
00:32:22.062 [FXGL Background Thread 2 ] DEBUG FXGLAssetLoaderServi - Loading from file system: /assets/levels/Mappa-testing.tmx
00:32:22.188 [FXGL Background Thread 2 ] WARN  TMXLevelLoader       - TiledMap generated from 1.4.1. Supported version: 1.2.3. Some features may not be parsed fully.
00:32:22.450 [FXGL Background Thread 2 ] DEBUG TMXLevelLoader       - Parsed raw map: TiledMap(width=16, height=9, tilewidth=125, tileheight=125, orientation=orthogonal, layers=[Layer(width=16, height=9, name=Tile Layer 1, type=tilelayer, visible=false, x=0, y=0, data=[24, 24, 24, 26, 5, 28, 24, 24, 24, 24, 24, 26, 5, 28, 24, 24, 25, 25, 25, 32, 5, 34, 25, 25, 25, 25, 25, 32, 5, 34, 25, 25, 6, 6, 6, 6, 7, 6, 6, 6, 6, 6, 6, 6, 7, 6, 6, 6, 27, 27, 27, 33, 5, 21, 13, 13, 13, 13, 13, 19, 5, 35, 27, 27, 24, 24, 24, 26, 5, 14, 10, 10, 10, 10, 10, 12, 5, 28, 24, 24, 25, 25, 25, 32, 5, 20, 11, 11, 11, 11, 11, 18, 5, 34, 25, 25, 6, 6, 6, 6, 7, 6, 6, 6, 6, 6, 6, 6, 7, 6, 6, 6, 27, 27, 27, 33, 5, 35, 27, 27, 27, 27, 27, 33, 5, 35, 27, 27, 24, 24, 24, 26, 5, 28, 24, 24, 24, 24, 24, 26, 5, 28, 24, 24], objects=[], opacity=0.0, draworder=), Layer(width=0, height=0, name=spawnpoints, type=objectgroup, visible=false, x=0, y=0, data=[], objects=[com.almasb.fxgl.entity.level.tiled.TiledObject@77ee47db, com.almasb.fxgl.entity.level.tiled.TiledObject@bdea865, com.almasb.fxgl.entity.level.tiled.TiledObject@45049071, com.almasb.fxgl.entity.level.tiled.TiledObject@219a455, com.almasb.fxgl.entity.level.tiled.TiledObject@7ccfb52, com.almasb.fxgl.entity.level.tiled.TiledObject@79aff64e, com.almasb.fxgl.entity.level.tiled.TiledObject@18496612, com.almasb.fxgl.entity.level.tiled.TiledObject@573d5242], opacity=0.0, draworder=), Layer(width=0, height=0, name=paths, type=objectgroup, visible=false, x=0, y=0, data=[], objects=[com.almasb.fxgl.entity.level.tiled.TiledObject@37cb259c, com.almasb.fxgl.entity.level.tiled.TiledObject@31d0a8ad, com.almasb.fxgl.entity.level.tiled.TiledObject@62fa3173, com.almasb.fxgl.entity.level.tiled.TiledObject@5fe8c02c, com.almasb.fxgl.entity.level.tiled.TiledObject@31e1e988, com.almasb.fxgl.entity.level.tiled.TiledObject@540aad9, com.almasb.fxgl.entity.level.tiled.TiledObject@360262ab, com.almasb.fxgl.entity.level.tiled.TiledObject@2ff23de7, com.almasb.fxgl.entity.level.tiled.TiledObject@11e12c38, com.almasb.fxgl.entity.level.tiled.TiledObject@11775abf, com.almasb.fxgl.entity.level.tiled.TiledObject@34c56500, com.almasb.fxgl.entity.level.tiled.TiledObject@ae67b7a, com.almasb.fxgl.entity.level.tiled.TiledObject@127e16f2, com.almasb.fxgl.entity.level.tiled.TiledObject@39f714a0, com.almasb.fxgl.entity.level.tiled.TiledObject@26059bfb, com.almasb.fxgl.entity.level.tiled.TiledObject@1f0109ea, com.almasb.fxgl.entity.level.tiled.TiledObject@7d2a457e, com.almasb.fxgl.entity.level.tiled.TiledObject@7cf91c6f, com.almasb.fxgl.entity.level.tiled.TiledObject@76298a48, com.almasb.fxgl.entity.level.tiled.TiledObject@6170933e, com.almasb.fxgl.entity.level.tiled.TiledObject@4ede2bdb, com.almasb.fxgl.entity.level.tiled.TiledObject@7a704c0b, com.almasb.fxgl.entity.level.tiled.TiledObject@4031f2c7, com.almasb.fxgl.entity.level.tiled.TiledObject@253d709c], opacity=0.0, draworder=), Layer(width=0, height=0, name=Incroci, type=objectgroup, visible=false, x=0, y=0, data=[], objects=[com.almasb.fxgl.entity.level.tiled.TiledObject@1a821713, com.almasb.fxgl.entity.level.tiled.TiledObject@626a005c, com.almasb.fxgl.entity.level.tiled.TiledObject@2d02611c, com.almasb.fxgl.entity.level.tiled.TiledObject@63f55db0], opacity=0.0, draworder=), Layer(width=0, height=0, name=trafficLight, type=objectgroup, visible=false, x=0, y=0, data=[], objects=[com.almasb.fxgl.entity.level.tiled.TiledObject@6945f452, com.almasb.fxgl.entity.level.tiled.TiledObject@5b1f71c6, com.almasb.fxgl.entity.level.tiled.TiledObject@65abf138, com.almasb.fxgl.entity.level.tiled.TiledObject@2cfa28e0, com.almasb.fxgl.entity.level.tiled.TiledObject@6a5bbe49, com.almasb.fxgl.entity.level.tiled.TiledObject@4a6a7385, com.almasb.fxgl.entity.level.tiled.TiledObject@70f269c1, com.almasb.fxgl.entity.level.tiled.TiledObject@d32e217, com.almasb.fxgl.entity.level.tiled.TiledObject@3aacac0e, com.almasb.fxgl.entity.level.tiled.TiledObject@23431685, com.almasb.fxgl.entity.level.tiled.TiledObject@409cdf4d, com.almasb.fxgl.entity.level.tiled.TiledObject@5aa4bf13, com.almasb.fxgl.entity.level.tiled.TiledObject@5b7b495, com.almasb.fxgl.entity.level.tiled.TiledObject@3efb7d98, com.almasb.fxgl.entity.level.tiled.TiledObject@18bbbbbd, com.almasb.fxgl.entity.level.tiled.TiledObject@6718d39e], opacity=0.0, draworder=)], tilesets=[Tileset(firstgid=1, image=../textures/rsz_tiles_sheet.png, name=rsz_tiles_sheet, tilewidth=125, tileheight=125, imagewidth=875, imageheight=750, margin=0, spacing=0, columns=7, tilecount=42, transparentcolor=41ffef, tiles=[])], backgroundcolor=, renderorder=left-up, nextobjectid=66, version=1, tiledversion=1.4.1, type=map, infinite=false, hexsidelength=0, staggeraxis=, staggerindex=, properties={}, propertytypes={})
00:32:22.452 [FXGL Background Thread 2 ] DEBUG TMXLevelLoader       - Creating tile layer entities
00:32:22.455 [FXGL Background Thread 2 ] DEBUG TilesetLoader        - Loading view for layer Tile Layer 1
00:32:22.579 [FXGL Background Thread 2 ] DEBUG TilesetLoader        - Created buffer with size 2000.0x1125.0
00:32:23.500 [FXGL Background Thread 2 ] DEBUG TilesetLoader        - Writing to buffer: dst=0,0, w=125,h=125, src=250,375
00:32:23.501 [FXGL Background Thread 2 ] DEBUG TilesetLoader        - Writing to buffer: dst=125,0, w=125,h=125, src=250,375
00:32:23.502 [FXGL Background Thread 2 ] DEBUG TilesetLoader        - Writing to buffer: dst=250,0, w=125,h=125, src=250,375
00:32:23.509 [FXGL Background Thread 2 ] DEBUG TilesetLoader        - Writing to buffer: dst=375,0, w=125,h=125, src=500,375
00:32:23.509 [FXGL Background Thread 2 ] DEBUG TilesetLoader        - Writing to buffer: dst=500,0, w=125,h=125, src=500,0
00:32:23.510 [FXGL Background Thread 2 ] DEBUG TilesetLoader        - Writing to buffer: dst=625,0, w=125,h=125, src=750,375
00:32:23.510 [FXGL Background Thread 2 ] DEBUG TilesetLoader        - Writing to buffer: dst=750,0, w=125,h=125, src=250,375
00:32:23.510 [FXGL Background Thread 2 ] DEBUG TilesetLoader        - Writing to buffer: dst=875,0, w=125,h=125, src=250,375
00:32:23.510 [FXGL Background Thread 2 ] DEBUG TilesetLoader        - Writing to buffer: dst=1000,0, w=125,h=125, src=250,375
00:32:23.510 [FXGL Background Thread 2 ] DEBUG TilesetLoader        - Writing to buffer: dst=1125,0, w=125,h=125, src=250,375
00:32:23.511 [FXGL Background Thread 2 ] DEBUG TilesetLoader        - Writing to buffer: dst=1250,0, w=125,h=125, src=250,375
00:32:23.511 [FXGL Background Thread 2 ] DEBUG TilesetLoader        - Writing to buffer: dst=1375,0, w=125,h=125, src=500,375
00:32:23.515 [FXGL Background Thread 2 ] DEBUG TilesetLoader        - Writing to buffer: dst=1500,0, w=125,h=125, src=500,0
00:32:23.516 [FXGL Background Thread 2 ] DEBUG TilesetLoader        - Writing to buffer: dst=1625,0, w=125,h=125, src=750,375
00:32:23.517 [FXGL Background Thread 2 ] DEBUG TilesetLoader        - Writing to buffer: dst=1750,0, w=125,h=125, src=250,375
00:32:23.517 [FXGL Background Thread 2 ] DEBUG TilesetLoader        - Writing to buffer: dst=1875,0, w=125,h=125, src=250,375
00:32:23.518 [FXGL Background Thread 2 ] DEBUG TilesetLoader        - Writing to buffer: dst=0,125, w=125,h=125, src=375,375
00:32:23.519 [FXGL Background Thread 2 ] DEBUG TilesetLoader        - Writing to buffer: dst=125,125, w=125,h=125, src=375,375
00:32:23.523 [FXGL Background Thread 2 ] DEBUG TilesetLoader        - Writing to buffer: dst=250,125, w=125,h=125, src=375,375
00:32:23.523 [FXGL Background Thread 2 ] DEBUG TilesetLoader        - Writing to buffer: dst=375,125, w=125,h=125, src=375,500
00:32:23.527 [FXGL Background Thread 2 ] DEBUG TilesetLoader        - Writing to buffer: dst=500,125, w=125,h=125, src=500,0
00:32:23.528 [FXGL Background Thread 2 ] DEBUG TilesetLoader        - Writing to buffer: dst=625,125, w=125,h=125, src=625,500
00:32:23.528 [FXGL Background Thread 2 ] DEBUG TilesetLoader        - Writing to buffer: dst=750,125, w=125,h=125, src=375,375
00:32:23.529 [FXGL Background Thread 2 ] DEBUG TilesetLoader        - Writing to buffer: dst=875,125, w=125,h=125, src=375,375
00:32:23.529 [FXGL Background Thread 2 ] DEBUG TilesetLoader        - Writing to buffer: dst=1000,125, w=125,h=125, src=375,375
00:32:23.529 [FXGL Background Thread 2 ] DEBUG TilesetLoader        - Writing to buffer: dst=1125,125, w=125,h=125, src=375,375
00:32:23.529 [FXGL Background Thread 2 ] DEBUG TilesetLoader        - Writing to buffer: dst=1250,125, w=125,h=125, src=375,375
00:32:23.529 [FXGL Background Thread 2 ] DEBUG TilesetLoader        - Writing to buffer: dst=1375,125, w=125,h=125, src=375,500
00:32:23.530 [FXGL Background Thread 2 ] DEBUG TilesetLoader        - Writing to buffer: dst=1500,125, w=125,h=125, src=500,0
00:32:23.530 [FXGL Background Thread 2 ] DEBUG TilesetLoader        - Writing to buffer: dst=1625,125, w=125,h=125, src=625,500
00:32:23.530 [FXGL Background Thread 2 ] DEBUG TilesetLoader        - Writing to buffer: dst=1750,125, w=125,h=125, src=375,375
00:32:23.530 [FXGL Background Thread 2 ] DEBUG TilesetLoader        - Writing to buffer: dst=1875,125, w=125,h=125, src=375,375
00:32:23.530 [FXGL Background Thread 2 ] DEBUG TilesetLoader        - Writing to buffer: dst=0,250, w=125,h=125, src=625,0
00:32:23.535 [FXGL Background Thread 2 ] DEBUG TilesetLoader        - Writing to buffer: dst=125,250, w=125,h=125, src=625,0
00:32:23.539 [FXGL Background Thread 2 ] DEBUG TilesetLoader        - Writing to buffer: dst=250,250, w=125,h=125, src=625,0
00:32:23.541 [FXGL Background Thread 2 ] DEBUG TilesetLoader        - Writing to buffer: dst=375,250, w=125,h=125, src=625,0
00:32:23.541 [FXGL Background Thread 2 ] DEBUG TilesetLoader        - Writing to buffer: dst=500,250, w=125,h=125, src=750,0
00:32:23.542 [FXGL Background Thread 2 ] DEBUG TilesetLoader        - Writing to buffer: dst=625,250, w=125,h=125, src=625,0
00:32:23.542 [FXGL Background Thread 2 ] DEBUG TilesetLoader        - Writing to buffer: dst=750,250, w=125,h=125, src=625,0
00:32:23.542 [FXGL Background Thread 2 ] DEBUG TilesetLoader        - Writing to buffer: dst=875,250, w=125,h=125, src=625,0
00:32:23.542 [FXGL Background Thread 2 ] DEBUG TilesetLoader        - Writing to buffer: dst=1000,250, w=125,h=125, src=625,0
00:32:23.542 [FXGL Background Thread 2 ] DEBUG TilesetLoader        - Writing to buffer: dst=1125,250, w=125,h=125, src=625,0
00:32:23.542 [FXGL Background Thread 2 ] DEBUG TilesetLoader        - Writing to buffer: dst=1250,250, w=125,h=125, src=625,0
00:32:23.543 [FXGL Background Thread 2 ] DEBUG TilesetLoader        - Writing to buffer: dst=1375,250, w=125,h=125, src=625,0
00:32:23.543 [FXGL Background Thread 2 ] DEBUG TilesetLoader        - Writing to buffer: dst=1500,250, w=125,h=125, src=750,0
00:32:23.551 [FXGL Background Thread 2 ] DEBUG TilesetLoader        - Writing to buffer: dst=1625,250, w=125,h=125, src=625,0
00:32:23.552 [FXGL Background Thread 2 ] DEBUG TilesetLoader        - Writing to buffer: dst=1750,250, w=125,h=125, src=625,0
00:32:23.552 [FXGL Background Thread 2 ] DEBUG TilesetLoader        - Writing to buffer: dst=1875,250, w=125,h=125, src=625,0
00:32:23.554 [FXGL Background Thread 2 ] DEBUG TilesetLoader        - Writing to buffer: dst=0,375, w=125,h=125, src=625,375
00:32:23.555 [FXGL Background Thread 2 ] DEBUG TilesetLoader        - Writing to buffer: dst=125,375, w=125,h=125, src=625,375
00:32:23.556 [FXGL Background Thread 2 ] DEBUG TilesetLoader        - Writing to buffer: dst=250,375, w=125,h=125, src=625,375
00:32:23.556 [FXGL Background Thread 2 ] DEBUG TilesetLoader        - Writing to buffer: dst=375,375, w=125,h=125, src=500,500
00:32:23.556 [FXGL Background Thread 2 ] DEBUG TilesetLoader        - Writing to buffer: dst=500,375, w=125,h=125, src=500,0
00:32:23.557 [FXGL Background Thread 2 ] DEBUG TilesetLoader        - Writing to buffer: dst=625,375, w=125,h=125, src=750,250
00:32:23.558 [FXGL Background Thread 2 ] DEBUG TilesetLoader        - Writing to buffer: dst=750,375, w=125,h=125, src=625,125
00:32:23.559 [FXGL Background Thread 2 ] DEBUG TilesetLoader        - Writing to buffer: dst=875,375, w=125,h=125, src=625,125
00:32:23.562 [FXGL Background Thread 2 ] DEBUG TilesetLoader        - Writing to buffer: dst=1000,375, w=125,h=125, src=625,125
00:32:23.563 [FXGL Background Thread 2 ] DEBUG TilesetLoader        - Writing to buffer: dst=1125,375, w=125,h=125, src=625,125
00:32:23.563 [FXGL Background Thread 2 ] DEBUG TilesetLoader        - Writing to buffer: dst=1250,375, w=125,h=125, src=625,125
00:32:23.563 [FXGL Background Thread 2 ] DEBUG TilesetLoader        - Writing to buffer: dst=1375,375, w=125,h=125, src=500,250
00:32:23.564 [FXGL Background Thread 2 ] DEBUG TilesetLoader        - Writing to buffer: dst=1500,375, w=125,h=125, src=500,0
00:32:23.564 [FXGL Background Thread 2 ] DEBUG TilesetLoader        - Writing to buffer: dst=1625,375, w=125,h=125, src=750,500
00:32:23.565 [FXGL Background Thread 2 ] DEBUG TilesetLoader        - Writing to buffer: dst=1750,375, w=125,h=125, src=625,375
00:32:23.565 [FXGL Background Thread 2 ] DEBUG TilesetLoader        - Writing to buffer: dst=1875,375, w=125,h=125, src=625,375
00:32:23.566 [FXGL Background Thread 2 ] DEBUG TilesetLoader        - Writing to buffer: dst=0,500, w=125,h=125, src=250,375
00:32:23.567 [FXGL Background Thread 2 ] DEBUG TilesetLoader        - Writing to buffer: dst=125,500, w=125,h=125, src=250,375
00:32:23.567 [FXGL Background Thread 2 ] DEBUG TilesetLoader        - Writing to buffer: dst=250,500, w=125,h=125, src=250,375
00:32:23.567 [FXGL Background Thread 2 ] DEBUG TilesetLoader        - Writing to buffer: dst=375,500, w=125,h=125, src=500,375
00:32:23.568 [FXGL Background Thread 2 ] DEBUG TilesetLoader        - Writing to buffer: dst=500,500, w=125,h=125, src=500,0
00:32:23.569 [FXGL Background Thread 2 ] DEBUG TilesetLoader        - Writing to buffer: dst=625,500, w=125,h=125, src=750,125
00:32:23.569 [FXGL Background Thread 2 ] DEBUG TilesetLoader        - Writing to buffer: dst=750,500, w=125,h=125, src=250,125
00:32:23.569 [FXGL Background Thread 2 ] DEBUG TilesetLoader        - Writing to buffer: dst=875,500, w=125,h=125, src=250,125
00:32:23.575 [FXGL Background Thread 2 ] DEBUG TilesetLoader        - Writing to buffer: dst=1000,500, w=125,h=125, src=250,125
00:32:23.575 [FXGL Background Thread 2 ] DEBUG TilesetLoader        - Writing to buffer: dst=1125,500, w=125,h=125, src=250,125
00:32:23.577 [FXGL Background Thread 2 ] DEBUG TilesetLoader        - Writing to buffer: dst=1250,500, w=125,h=125, src=250,125
00:32:23.577 [FXGL Background Thread 2 ] DEBUG TilesetLoader        - Writing to buffer: dst=1375,500, w=125,h=125, src=500,125
00:32:23.578 [FXGL Background Thread 2 ] DEBUG TilesetLoader        - Writing to buffer: dst=1500,500, w=125,h=125, src=500,0
00:32:23.579 [FXGL Background Thread 2 ] DEBUG TilesetLoader        - Writing to buffer: dst=1625,500, w=125,h=125, src=750,375
00:32:23.579 [FXGL Background Thread 2 ] DEBUG TilesetLoader        - Writing to buffer: dst=1750,500, w=125,h=125, src=250,375
00:32:23.579 [FXGL Background Thread 2 ] DEBUG TilesetLoader        - Writing to buffer: dst=1875,500, w=125,h=125, src=250,375
00:32:23.580 [FXGL Background Thread 2 ] DEBUG TilesetLoader        - Writing to buffer: dst=0,625, w=125,h=125, src=375,375
00:32:23.580 [FXGL Background Thread 2 ] DEBUG TilesetLoader        - Writing to buffer: dst=125,625, w=125,h=125, src=375,375
00:32:23.580 [FXGL Background Thread 2 ] DEBUG TilesetLoader        - Writing to buffer: dst=250,625, w=125,h=125, src=375,375
00:32:23.581 [FXGL Background Thread 2 ] DEBUG TilesetLoader        - Writing to buffer: dst=375,625, w=125,h=125, src=375,500
00:32:23.581 [FXGL Background Thread 2 ] DEBUG TilesetLoader        - Writing to buffer: dst=500,625, w=125,h=125, src=500,0
00:32:23.581 [FXGL Background Thread 2 ] DEBUG TilesetLoader        - Writing to buffer: dst=625,625, w=125,h=125, src=625,250
00:32:23.581 [FXGL Background Thread 2 ] DEBUG TilesetLoader        - Writing to buffer: dst=750,625, w=125,h=125, src=375,125
00:32:23.583 [FXGL Background Thread 2 ] DEBUG TilesetLoader        - Writing to buffer: dst=875,625, w=125,h=125, src=375,125
00:32:23.583 [FXGL Background Thread 2 ] DEBUG TilesetLoader        - Writing to buffer: dst=1000,625, w=125,h=125, src=375,125
00:32:23.583 [FXGL Background Thread 2 ] DEBUG TilesetLoader        - Writing to buffer: dst=1125,625, w=125,h=125, src=375,125
00:32:23.583 [FXGL Background Thread 2 ] DEBUG TilesetLoader        - Writing to buffer: dst=1250,625, w=125,h=125, src=375,125
00:32:23.584 [FXGL Background Thread 2 ] DEBUG TilesetLoader        - Writing to buffer: dst=1375,625, w=125,h=125, src=375,250
00:32:23.585 [FXGL Background Thread 2 ] DEBUG TilesetLoader        - Writing to buffer: dst=1500,625, w=125,h=125, src=500,0
00:32:23.585 [FXGL Background Thread 2 ] DEBUG TilesetLoader        - Writing to buffer: dst=1625,625, w=125,h=125, src=625,500
00:32:23.585 [FXGL Background Thread 2 ] DEBUG TilesetLoader        - Writing to buffer: dst=1750,625, w=125,h=125, src=375,375
00:32:23.586 [FXGL Background Thread 2 ] DEBUG TilesetLoader        - Writing to buffer: dst=1875,625, w=125,h=125, src=375,375
00:32:23.586 [FXGL Background Thread 2 ] DEBUG TilesetLoader        - Writing to buffer: dst=0,750, w=125,h=125, src=625,0
00:32:23.586 [FXGL Background Thread 2 ] DEBUG TilesetLoader        - Writing to buffer: dst=125,750, w=125,h=125, src=625,0
00:32:23.587 [FXGL Background Thread 2 ] DEBUG TilesetLoader        - Writing to buffer: dst=250,750, w=125,h=125, src=625,0
00:32:23.592 [FXGL Background Thread 2 ] DEBUG TilesetLoader        - Writing to buffer: dst=375,750, w=125,h=125, src=625,0
00:32:23.593 [FXGL Background Thread 2 ] DEBUG TilesetLoader        - Writing to buffer: dst=500,750, w=125,h=125, src=750,0
00:32:23.593 [FXGL Background Thread 2 ] DEBUG TilesetLoader        - Writing to buffer: dst=625,750, w=125,h=125, src=625,0
00:32:23.593 [FXGL Background Thread 2 ] DEBUG TilesetLoader        - Writing to buffer: dst=750,750, w=125,h=125, src=625,0
00:32:23.593 [FXGL Background Thread 2 ] DEBUG TilesetLoader        - Writing to buffer: dst=875,750, w=125,h=125, src=625,0
00:32:23.593 [FXGL Background Thread 2 ] DEBUG TilesetLoader        - Writing to buffer: dst=1000,750, w=125,h=125, src=625,0
00:32:23.594 [FXGL Background Thread 2 ] DEBUG TilesetLoader        - Writing to buffer: dst=1125,750, w=125,h=125, src=625,0
00:32:23.603 [FXGL Background Thread 2 ] DEBUG TilesetLoader        - Writing to buffer: dst=1250,750, w=125,h=125, src=625,0
00:32:23.605 [FXGL Background Thread 2 ] DEBUG TilesetLoader        - Writing to buffer: dst=1375,750, w=125,h=125, src=625,0
00:32:23.605 [FXGL Background Thread 2 ] DEBUG TilesetLoader        - Writing to buffer: dst=1500,750, w=125,h=125, src=750,0
00:32:23.605 [FXGL Background Thread 2 ] DEBUG TilesetLoader        - Writing to buffer: dst=1625,750, w=125,h=125, src=625,0
00:32:23.606 [FXGL Background Thread 2 ] DEBUG TilesetLoader        - Writing to buffer: dst=1750,750, w=125,h=125, src=625,0
00:32:23.609 [FXGL Background Thread 2 ] DEBUG TilesetLoader        - Writing to buffer: dst=1875,750, w=125,h=125, src=625,0
00:32:23.609 [FXGL Background Thread 2 ] DEBUG TilesetLoader        - Writing to buffer: dst=0,875, w=125,h=125, src=625,375
00:32:23.610 [FXGL Background Thread 2 ] DEBUG TilesetLoader        - Writing to buffer: dst=125,875, w=125,h=125, src=625,375
00:32:23.610 [FXGL Background Thread 2 ] DEBUG TilesetLoader        - Writing to buffer: dst=250,875, w=125,h=125, src=625,375
00:32:23.610 [FXGL Background Thread 2 ] DEBUG TilesetLoader        - Writing to buffer: dst=375,875, w=125,h=125, src=500,500
00:32:23.615 [FXGL Background Thread 2 ] DEBUG TilesetLoader        - Writing to buffer: dst=500,875, w=125,h=125, src=500,0
00:32:23.618 [FXGL Background Thread 2 ] DEBUG TilesetLoader        - Writing to buffer: dst=625,875, w=125,h=125, src=750,500
00:32:23.618 [FXGL Background Thread 2 ] DEBUG TilesetLoader        - Writing to buffer: dst=750,875, w=125,h=125, src=625,375
00:32:23.619 [FXGL Background Thread 2 ] DEBUG TilesetLoader        - Writing to buffer: dst=875,875, w=125,h=125, src=625,375
00:32:23.619 [FXGL Background Thread 2 ] DEBUG TilesetLoader        - Writing to buffer: dst=1000,875, w=125,h=125, src=625,375
00:32:23.619 [FXGL Background Thread 2 ] DEBUG TilesetLoader        - Writing to buffer: dst=1125,875, w=125,h=125, src=625,375
00:32:23.619 [FXGL Background Thread 2 ] DEBUG TilesetLoader        - Writing to buffer: dst=1250,875, w=125,h=125, src=625,375
00:32:23.619 [FXGL Background Thread 2 ] DEBUG TilesetLoader        - Writing to buffer: dst=1375,875, w=125,h=125, src=500,500
00:32:23.620 [FXGL Background Thread 2 ] DEBUG TilesetLoader        - Writing to buffer: dst=1500,875, w=125,h=125, src=500,0
00:32:23.621 [FXGL Background Thread 2 ] DEBUG TilesetLoader        - Writing to buffer: dst=1625,875, w=125,h=125, src=750,500
00:32:23.631 [FXGL Background Thread 2 ] DEBUG TilesetLoader        - Writing to buffer: dst=1750,875, w=125,h=125, src=625,375
00:32:23.632 [FXGL Background Thread 2 ] DEBUG TilesetLoader        - Writing to buffer: dst=1875,875, w=125,h=125, src=625,375
00:32:23.633 [FXGL Background Thread 2 ] DEBUG TilesetLoader        - Writing to buffer: dst=0,1000, w=125,h=125, src=250,375
00:32:23.633 [FXGL Background Thread 2 ] DEBUG TilesetLoader        - Writing to buffer: dst=125,1000, w=125,h=125, src=250,375
00:32:23.633 [FXGL Background Thread 2 ] DEBUG TilesetLoader        - Writing to buffer: dst=250,1000, w=125,h=125, src=250,375
00:32:23.634 [FXGL Background Thread 2 ] DEBUG TilesetLoader        - Writing to buffer: dst=375,1000, w=125,h=125, src=500,375
00:32:23.634 [FXGL Background Thread 2 ] DEBUG TilesetLoader        - Writing to buffer: dst=500,1000, w=125,h=125, src=500,0
00:32:23.634 [FXGL Background Thread 2 ] DEBUG TilesetLoader        - Writing to buffer: dst=625,1000, w=125,h=125, src=750,375
00:32:23.635 [FXGL Background Thread 2 ] DEBUG TilesetLoader        - Writing to buffer: dst=750,1000, w=125,h=125, src=250,375
00:32:23.635 [FXGL Background Thread 2 ] DEBUG TilesetLoader        - Writing to buffer: dst=875,1000, w=125,h=125, src=250,375
00:32:23.635 [FXGL Background Thread 2 ] DEBUG TilesetLoader        - Writing to buffer: dst=1000,1000, w=125,h=125, src=250,375
00:32:23.635 [FXGL Background Thread 2 ] DEBUG TilesetLoader        - Writing to buffer: dst=1125,1000, w=125,h=125, src=250,375
00:32:23.636 [FXGL Background Thread 2 ] DEBUG TilesetLoader        - Writing to buffer: dst=1250,1000, w=125,h=125, src=250,375
00:32:23.636 [FXGL Background Thread 2 ] DEBUG TilesetLoader        - Writing to buffer: dst=1375,1000, w=125,h=125, src=500,375
00:32:23.636 [FXGL Background Thread 2 ] DEBUG TilesetLoader        - Writing to buffer: dst=1500,1000, w=125,h=125, src=500,0
00:32:23.636 [FXGL Background Thread 2 ] DEBUG TilesetLoader        - Writing to buffer: dst=1625,1000, w=125,h=125, src=750,375
00:32:23.636 [FXGL Background Thread 2 ] DEBUG TilesetLoader        - Writing to buffer: dst=1750,1000, w=125,h=125, src=250,375
00:32:23.636 [FXGL Background Thread 2 ] DEBUG TilesetLoader        - Writing to buffer: dst=1875,1000, w=125,h=125, src=250,375
00:32:23.641 [FXGL Background Thread 2 ] DEBUG TMXLevelLoader       - Creating object layer entities
00:32:23.832 [FXGL Background Thread 2 ] DEBUG FXGLAssetLoaderServi - Loading from file system: /assets/textures/semaforoRosso-01.png
00:32:23.843 [FXGL Background Thread 2 ] DEBUG FXGLAssetLoaderServi - Loading from file system: /assets/textures/semaforoVerde-01.png
00:32:23.857 [FXGL Background Thread 2 ] DEBUG FXGLAssetLoaderServi - Loading from cache: /assets/textures/semaforoRosso-01.png
00:32:23.857 [FXGL Background Thread 2 ] DEBUG FXGLAssetLoaderServi - Loading from cache: /assets/textures/semaforoVerde-01.png
00:32:23.860 [FXGL Background Thread 2 ] DEBUG FXGLAssetLoaderServi - Loading from cache: /assets/textures/semaforoRosso-01.png
00:32:23.861 [FXGL Background Thread 2 ] DEBUG FXGLAssetLoaderServi - Loading from cache: /assets/textures/semaforoVerde-01.png
00:32:23.865 [FXGL Background Thread 2 ] DEBUG FXGLAssetLoaderServi - Loading from cache: /assets/textures/semaforoRosso-01.png
00:32:23.869 [FXGL Background Thread 2 ] DEBUG FXGLAssetLoaderServi - Loading from cache: /assets/textures/semaforoVerde-01.png
00:32:23.873 [FXGL Background Thread 2 ] DEBUG FXGLAssetLoaderServi - Loading from file system: /assets/textures/semaforoRosso-04.png
00:32:23.879 [FXGL Background Thread 2 ] DEBUG FXGLAssetLoaderServi - Loading from file system: /assets/textures/semaforoVerde-04.png
00:32:23.887 [FXGL Background Thread 2 ] DEBUG FXGLAssetLoaderServi - Loading from cache: /assets/textures/semaforoRosso-04.png
00:32:23.888 [FXGL Background Thread 2 ] DEBUG FXGLAssetLoaderServi - Loading from cache: /assets/textures/semaforoVerde-04.png
00:32:23.889 [FXGL Background Thread 2 ] DEBUG FXGLAssetLoaderServi - Loading from cache: /assets/textures/semaforoRosso-04.png
00:32:23.890 [FXGL Background Thread 2 ] DEBUG FXGLAssetLoaderServi - Loading from cache: /assets/textures/semaforoVerde-04.png
00:32:23.895 [FXGL Background Thread 2 ] DEBUG FXGLAssetLoaderServi - Loading from cache: /assets/textures/semaforoRosso-04.png
00:32:23.895 [FXGL Background Thread 2 ] DEBUG FXGLAssetLoaderServi - Loading from cache: /assets/textures/semaforoVerde-04.png
00:32:23.897 [FXGL Background Thread 2 ] DEBUG FXGLAssetLoaderServi - Loading from file system: /assets/textures/semaforoRosso-03.png
00:32:23.901 [FXGL Background Thread 2 ] DEBUG FXGLAssetLoaderServi - Loading from file system: /assets/textures/semaforoVerde-03.png
00:32:23.911 [FXGL Background Thread 2 ] DEBUG FXGLAssetLoaderServi - Loading from cache: /assets/textures/semaforoRosso-03.png
00:32:23.911 [FXGL Background Thread 2 ] DEBUG FXGLAssetLoaderServi - Loading from cache: /assets/textures/semaforoVerde-03.png
00:32:23.912 [FXGL Background Thread 2 ] DEBUG FXGLAssetLoaderServi - Loading from cache: /assets/textures/semaforoRosso-03.png
00:32:23.913 [FXGL Background Thread 2 ] DEBUG FXGLAssetLoaderServi - Loading from cache: /assets/textures/semaforoVerde-03.png
00:32:23.914 [FXGL Background Thread 2 ] DEBUG FXGLAssetLoaderServi - Loading from cache: /assets/textures/semaforoRosso-03.png
00:32:23.915 [FXGL Background Thread 2 ] DEBUG FXGLAssetLoaderServi - Loading from cache: /assets/textures/semaforoVerde-03.png
00:32:23.928 [FXGL Background Thread 2 ] DEBUG FXGLAssetLoaderServi - Loading from file system: /assets/textures/semaforoRosso-02.png
00:32:23.941 [FXGL Background Thread 2 ] DEBUG FXGLAssetLoaderServi - Loading from file system: /assets/textures/semaforoVerde-02.png
00:32:23.950 [FXGL Background Thread 2 ] DEBUG FXGLAssetLoaderServi - Loading from cache: /assets/textures/semaforoRosso-02.png
00:32:23.951 [FXGL Background Thread 2 ] DEBUG FXGLAssetLoaderServi - Loading from cache: /assets/textures/semaforoVerde-02.png
00:32:23.952 [FXGL Background Thread 2 ] DEBUG FXGLAssetLoaderServi - Loading from cache: /assets/textures/semaforoRosso-02.png
00:32:23.952 [FXGL Background Thread 2 ] DEBUG FXGLAssetLoaderServi - Loading from cache: /assets/textures/semaforoVerde-02.png
00:32:23.955 [FXGL Background Thread 2 ] DEBUG FXGLAssetLoaderServi - Loading from cache: /assets/textures/semaforoRosso-02.png
00:32:23.955 [FXGL Background Thread 2 ] DEBUG FXGLAssetLoaderServi - Loading from cache: /assets/textures/semaforoVerde-02.png
00:32:23.963 [FXGL Background Thread 2 ] DEBUG GameWorld            - Clearing removable entities
00:32:23.965 [FXGL Background Thread 2 ] DEBUG GameWorld            - Setting level: com.almasb.fxgl.entity.level.Level@683d56b7
00:32:24.005 [FXGL Background Thread 2 ] DEBUG FXGLAssetLoaderServi - Loading from file system: /assets/textures/pointer-sprite.png
00:32:24.112 [FXGL Background Thread 2 ] INFO  FXGLApplication      - Game initialization took: 2,071 sec
00:32:24.114 [JavaFX Application Thread] DEBUG Input                - Clearing active input actions
00:32:24.130 [JavaFX Application Thread] DEBUG GameApplicationServi - Removing overlay from FXGLLoadingScene and adding to GameScene
00:32:24.137 [JavaFX Application Thread] DEBUG MainWindow           - FXGLLoadingScene -> GameScene
00:33:05.388 [JavaFX Application Thread] DEBUG FXGLApplication      - Exiting FXGL
00:33:05.388 [JavaFX Application Thread] DEBUG LoopRunner           - Stopping loop
00:33:05.388 [JavaFX Application Thread] DEBUG SystemBundleService  - Saving FXGL system data
00:33:05.399 [JavaFX Application Thread] DEBUG FileSystemAccess     - Writing to: /Users/universita/Desktop/ProgettoJava/traffic-mobile/system/fxgl.bundle
00:33:05.403 [JavaFX Application Thread] DEBUG Async                - Shutting down background threads
00:33:05.404 [JavaFX Application Thread] DEBUG MainWindow           - Closing main window
00:33:05.445 [JavaFX Application Thread] DEBUG Logger               - Closing Logger
