01:25:05.119 [main                     ] DEBUG Logger               - Configured Logger
01:25:05.138 [main                     ] DEBUG GameApplication      - Logging settings
Title: Traffic
Version: Alpha 1.0
Width: 2000
Height: 1125
Fullscreen: false
Intro: false
Profiling: false
Single step:false
App Mode: DEVELOPER
Menu Key: ESCAPE
Stage Style: DECORATED
Scene Factory: class it.uniroma1.metodologie.trafficGame.TrafficApp$1

01:25:05.682 [JavaFX Application Thread] DEBUG FXGLApplication      - Initializing FXGL
01:25:05.688 [JavaFX Application Thread] INFO  Engine               - FXGL-dev-SNAPSHOT (08.09.2020 17.31) on WINDOWS (J:13.0.2 FX:14)
01:25:05.689 [JavaFX Application Thread] DEBUG Engine               - JRE Vendor Name: Oracle Corporation
01:25:05.689 [JavaFX Application Thread] DEBUG Engine               - Running on OS: Windows 10 version 10.0
01:25:05.689 [JavaFX Application Thread] DEBUG Engine               - Architecture: amd64
01:25:05.690 [JavaFX Application Thread] INFO  Engine               - Source code and latest versions at: https://github.com/AlmasB/FXGL
01:25:05.690 [JavaFX Application Thread] INFO  Engine               -              Join the FXGL chat at: https://gitter.im/AlmasB/FXGL
01:25:05.780 [JavaFX Application Thread] DEBUG MainWindow           - Creating a JavaFX scene
01:25:05.827 [JavaFX Application Thread] DEBUG MainWindow           - Target settings size: 2000.0 x 1125.0
01:25:05.827 [JavaFX Application Thread] DEBUG MainWindow           - Scaled scene size:    2000.0 x 1125.0
01:25:05.827 [JavaFX Application Thread] DEBUG MainWindow           - Scaled ratio: (1.0, 1.0)
01:25:05.828 [JavaFX Application Thread] DEBUG MainWindow           - Set initial scene to StartupScene
01:25:05.834 [JavaFX Application Thread] DEBUG MainWindow           - Opening main window
01:25:05.914 [JavaFX Application Thread] DEBUG MainWindow           - Window border size: (16.0, 39.0)
01:25:05.915 [JavaFX Application Thread] DEBUG MainWindow           - Scaled size: 2000.0 x 1125.0
01:25:05.915 [JavaFX Application Thread] DEBUG MainWindow           - Scaled ratio: (1.0, 1.0)
01:25:05.915 [JavaFX Application Thread] DEBUG MainWindow           - Scene size: 2000.0 x 1125.0
01:25:05.915 [JavaFX Application Thread] DEBUG MainWindow           - Stage size: 2016.0 x 1164.0
01:25:05.936 [FXGL Background Thread 1 ] DEBUG Engine               - Initializing environment variables
01:25:05.968 [FXGL Background Thread 1 ] DEBUG GameApplicationServi - Applying CSS: fxgl_dark.css
01:25:05.969 [FXGL Background Thread 1 ] DEBUG FXGLAssetLoaderServi - Loading from file system: /assets/ui/css/fxgl_dark.css
01:25:06.016 [FXGL Background Thread 1 ] DEBUG GameApplicationServi - Initializing application scenes
01:25:06.079 [FXGL Background Thread 1 ] DEBUG GameWorld            - Game world initialized
01:25:06.123 [FXGL Background Thread 1 ] DEBUG PhysicsWorld         - Physics world initialized: appHeight=1125, physics.ppm=50,0
01:25:06.125 [FXGL Background Thread 1 ] DEBUG GameScene            - Game scene initialized: 2000x1125
01:25:06.135 [FXGL Background Thread 1 ] DEBUG FXGLAssetLoaderServi - Loading from file system: /assets/textures/bg.jpg
01:25:06.424 [FXGL Background Thread 1 ] DEBUG FXGLAssetLoaderServi - Loading from file system: /assets/textures/logo.png
01:25:06.515 [FXGL Background Thread 1 ] DEBUG FXGLAssetLoaderServi - Loading from file system: /assets/textures/particles/trace_horizontal.png
01:25:06.535 [FXGL Background Thread 1 ] DEBUG FXGL.DefaultMenu     - createMenuBodyGameMenu()
01:25:06.545 [FXGL Background Thread 1 ] DEBUG FXGL.DefaultMenu     - createOptionsMenu()
01:25:06.549 [FXGL Background Thread 1 ] DEBUG FXGL.DefaultMenu     - createExtraMenu()
01:25:06.551 [FXGL Background Thread 1 ] DEBUG FXGLAssetLoaderServi - Loading from file system: /assets/textures/particles/smoke.png
01:25:06.594 [FXGL Background Thread 1 ] DEBUG GameApplicationServi - Application scenes initialized
01:25:06.602 [FXGL Background Thread 1 ] DEBUG SystemBundleService  - Loading FXGL system data
01:25:06.605 [FXGL Background Thread 1 ] DEBUG FileSystemAccess     - Reading from: C:\Users\Andrea\Desktop\Homework\traffic-mobile\system\fxgl.bundle
01:25:06.610 [FXGL Background Thread 1 ] DEBUG SystemBundleService  - Bundle FXGL: {}
01:25:06.611 [FXGL Background Thread 1 ] DEBUG UpdaterService       - Checking for updates
01:25:06.633 [FXGL Background Thread 4 ] DEBUG FXGLApplication      - Loading fonts
01:25:06.633 [FXGL Background Thread 1 ] DEBUG FXGLApplication      - Loading default localization
01:25:06.633 [FXGL Background Thread 4 ] DEBUG FXGLAssetLoaderServi - Loading from file system: /assets/ui/fonts/VarelaRound-Regular.ttf
01:25:06.633 [FXGL Background Thread 1 ] DEBUG FXGLAssetLoaderServi - Loading from file system: /assets/languages/english.lang
01:25:06.648 [FXGL Background Thread 1 ] INFO  FXGLApplication      - FXGL initialization took: 0,711 sec
01:25:06.657 [JavaFX Application Thread] DEBUG Input                - Registered new binding: Change trafficlight status - F
01:25:06.658 [JavaFX Application Thread] DEBUG Input                - Registered new binding: Move Right - D
01:25:06.658 [JavaFX Application Thread] DEBUG Input                - Registered new binding: Move Left - A
01:25:06.658 [JavaFX Application Thread] DEBUG Input                - Registered new binding: Move Up - W
01:25:06.658 [JavaFX Application Thread] DEBUG Input                - Registered new binding: Move Down - S
01:25:06.658 [JavaFX Application Thread] DEBUG Input                - Registered new binding: Spawn Car - Space
01:25:06.659 [JavaFX Application Thread] DEBUG Input                - Registered new binding: Select and change traffic light - LMB
01:25:06.659 [JavaFX Application Thread] DEBUG FXGLAssetLoaderServi - Loading from file system: /assets/textures/fxgl_icon.png
01:25:06.670 [JavaFX Application Thread] DEBUG FXGLAssetLoaderServi - Loading from file system: /assets/ui/cursors/fxgl_default.png
01:25:06.671 [JavaFX Application Thread] DEBUG Input                - Registered new binding: Screenshot - P
01:25:06.672 [JavaFX Application Thread] DEBUG Input                - Registered new binding: Dev Options - 1
01:25:06.672 [JavaFX Application Thread] DEBUG Input                - Registered new binding: Dev Console - 2
01:25:06.672 [JavaFX Application Thread] DEBUG Input                - Registered new binding: System info dump - CTRL+9
01:25:06.673 [JavaFX Application Thread] DEBUG Input                - Registered new binding: Restart - CTRL+R
01:25:06.674 [JavaFX Application Thread] DEBUG Input                - Registered new binding: Toggle Debug Camera - CTRL+C
01:25:06.676 [JavaFX Application Thread] DEBUG LoopRunner           - Starting loop
01:25:06.685 [JavaFX Application Thread] DEBUG Input                - Clearing active input actions
01:25:06.711 [JavaFX Application Thread] DEBUG GameApplicationServi - Removing overlay from StartupScene and adding to FXGLMainMenuDummyScene
01:25:06.714 [JavaFX Application Thread] DEBUG MainWindow           - StartupScene -> FXGLMainMenuDummyScene
01:25:06.715 [JavaFX Application Thread] DEBUG MainWindow           - Push state: TrafficAppMenu
01:25:06.715 [JavaFX Application Thread] DEBUG Input                - Clearing active input actions
01:25:06.721 [JavaFX Application Thread] DEBUG GameApplicationServi - Removing overlay from FXGLMainMenuDummyScene and adding to TrafficAppMenu
01:25:06.721 [JavaFX Application Thread] DEBUG MainWindow           - FXGLMainMenuDummyScene -> TrafficAppMenu
01:25:07.148 [JavaFX Application Thread] DEBUG Menu                 - fireNewGame()
01:25:07.148 [JavaFX Application Thread] DEBUG GameApplicationServi - Starting new game
01:25:07.148 [JavaFX Application Thread] DEBUG MainWindow           - Pop state: TrafficAppMenu
01:25:07.148 [JavaFX Application Thread] DEBUG Input                - Clearing active input actions
01:25:07.149 [JavaFX Application Thread] DEBUG GameApplicationServi - Removing overlay from TrafficAppMenu and adding to FXGLMainMenuDummyScene
01:25:07.152 [JavaFX Application Thread] DEBUG MainWindow           - FXGLMainMenuDummyScene <- TrafficAppMenu
01:25:07.152 [JavaFX Application Thread] DEBUG Input                - Clearing active input actions
01:25:07.159 [JavaFX Application Thread] DEBUG GameApplicationServi - Removing overlay from FXGLMainMenuDummyScene and adding to FXGLLoadingScene
01:25:07.160 [JavaFX Application Thread] DEBUG MainWindow           - FXGLMainMenuDummyScene -> FXGLLoadingScene
01:25:07.160 [JavaFX Application Thread] DEBUG GameApplicationServi - Clearing previous game
01:25:07.160 [JavaFX Application Thread] DEBUG GameScene            - Clearing game scene
01:25:07.160 [JavaFX Application Thread] DEBUG GameWorld            - Clearing game world
01:25:07.161 [JavaFX Application Thread] DEBUG PhysicsWorld         - Clearing physics world
01:25:07.164 [FXGL Background Thread 1 ] DEBUG FXGLApplication      - Initializing game
01:25:07.171 [FXGL Background Thread 1 ] DEBUG FXGLAssetLoaderServi - Loading from file system: /assets/levels/Mappa-testing.tmx
01:25:07.217 [FXGL Background Thread 1 ] WARN  TMXLevelLoader       - TiledMap generated from 1.4.1. Supported version: 1.2.3. Some features may not be parsed fully.
01:25:07.253 [FXGL Background Thread 1 ] DEBUG TMXLevelLoader       - Parsed raw map: TiledMap(width=16, height=9, tilewidth=125, tileheight=125, orientation=orthogonal, layers=[Layer(width=16, height=9, name=Tile Layer 1, type=tilelayer, visible=false, x=0, y=0, data=[24, 24, 24, 26, 5, 28, 24, 24, 24, 24, 24, 26, 5, 28, 24, 24, 25, 25, 25, 32, 5, 34, 25, 25, 25, 25, 25, 32, 5, 34, 25, 25, 6, 6, 6, 6, 7, 6, 6, 6, 6, 6, 6, 6, 7, 6, 6, 6, 27, 27, 27, 33, 5, 21, 13, 13, 13, 13, 13, 19, 5, 35, 27, 27, 24, 24, 24, 26, 5, 14, 10, 10, 10, 10, 10, 12, 5, 28, 24, 24, 25, 25, 25, 32, 5, 20, 11, 11, 11, 11, 11, 18, 5, 34, 25, 25, 6, 6, 6, 6, 7, 6, 6, 6, 6, 6, 6, 6, 7, 6, 6, 6, 27, 27, 27, 33, 5, 35, 27, 27, 27, 27, 27, 33, 5, 35, 27, 27, 24, 24, 24, 26, 5, 28, 24, 24, 24, 24, 24, 26, 5, 28, 24, 24], objects=[], opacity=0.0, draworder=), Layer(width=0, height=0, name=spawnpoints, type=objectgroup, visible=false, x=0, y=0, data=[], objects=[com.almasb.fxgl.entity.level.tiled.TiledObject@1ab99fe5, com.almasb.fxgl.entity.level.tiled.TiledObject@6a670e91, com.almasb.fxgl.entity.level.tiled.TiledObject@1f2c8ac4, com.almasb.fxgl.entity.level.tiled.TiledObject@2231efa9, com.almasb.fxgl.entity.level.tiled.TiledObject@74a10abd, com.almasb.fxgl.entity.level.tiled.TiledObject@2660913e, com.almasb.fxgl.entity.level.tiled.TiledObject@5d61559c, com.almasb.fxgl.entity.level.tiled.TiledObject@7000a53e], opacity=0.0, draworder=), Layer(width=0, height=0, name=paths, type=objectgroup, visible=false, x=0, y=0, data=[], objects=[com.almasb.fxgl.entity.level.tiled.TiledObject@c88ad61, com.almasb.fxgl.entity.level.tiled.TiledObject@2ec334af, com.almasb.fxgl.entity.level.tiled.TiledObject@79d9495e, com.almasb.fxgl.entity.level.tiled.TiledObject@c052a0e, com.almasb.fxgl.entity.level.tiled.TiledObject@452f6d4a, com.almasb.fxgl.entity.level.tiled.TiledObject@727e5f0c, com.almasb.fxgl.entity.level.tiled.TiledObject@41de6ba4, com.almasb.fxgl.entity.level.tiled.TiledObject@64ae7ccb, com.almasb.fxgl.entity.level.tiled.TiledObject@5a551829, com.almasb.fxgl.entity.level.tiled.TiledObject@5ad3aa50, com.almasb.fxgl.entity.level.tiled.TiledObject@686269e5, com.almasb.fxgl.entity.level.tiled.TiledObject@7fbd0806, com.almasb.fxgl.entity.level.tiled.TiledObject@ddbd388, com.almasb.fxgl.entity.level.tiled.TiledObject@4a9d7949, com.almasb.fxgl.entity.level.tiled.TiledObject@31cb0cbe, com.almasb.fxgl.entity.level.tiled.TiledObject@2621dfb9, com.almasb.fxgl.entity.level.tiled.TiledObject@75b51f66, com.almasb.fxgl.entity.level.tiled.TiledObject@54c377a8, com.almasb.fxgl.entity.level.tiled.TiledObject@3d842f72, com.almasb.fxgl.entity.level.tiled.TiledObject@15f0f36c, com.almasb.fxgl.entity.level.tiled.TiledObject@4863909b, com.almasb.fxgl.entity.level.tiled.TiledObject@752c008, com.almasb.fxgl.entity.level.tiled.TiledObject@1b31902f, com.almasb.fxgl.entity.level.tiled.TiledObject@9c86bb6], opacity=0.0, draworder=), Layer(width=0, height=0, name=Incroci, type=objectgroup, visible=false, x=0, y=0, data=[], objects=[com.almasb.fxgl.entity.level.tiled.TiledObject@5dfbd55c, com.almasb.fxgl.entity.level.tiled.TiledObject@4cb80c6b, com.almasb.fxgl.entity.level.tiled.TiledObject@5b9f5d3b, com.almasb.fxgl.entity.level.tiled.TiledObject@11c00825], opacity=0.0, draworder=), Layer(width=0, height=0, name=trafficLight, type=objectgroup, visible=false, x=0, y=0, data=[], objects=[com.almasb.fxgl.entity.level.tiled.TiledObject@12126e74, com.almasb.fxgl.entity.level.tiled.TiledObject@1e45f309, com.almasb.fxgl.entity.level.tiled.TiledObject@3f12037f, com.almasb.fxgl.entity.level.tiled.TiledObject@2e82a598, com.almasb.fxgl.entity.level.tiled.TiledObject@2fe20ff2, com.almasb.fxgl.entity.level.tiled.TiledObject@1e0e6cbc, com.almasb.fxgl.entity.level.tiled.TiledObject@31a89df9, com.almasb.fxgl.entity.level.tiled.TiledObject@a3d4031, com.almasb.fxgl.entity.level.tiled.TiledObject@359f531b, com.almasb.fxgl.entity.level.tiled.TiledObject@5899a298, com.almasb.fxgl.entity.level.tiled.TiledObject@2d2bab27, com.almasb.fxgl.entity.level.tiled.TiledObject@4d775a7b, com.almasb.fxgl.entity.level.tiled.TiledObject@23fdf45, com.almasb.fxgl.entity.level.tiled.TiledObject@17a730f8, com.almasb.fxgl.entity.level.tiled.TiledObject@67a5d3b8, com.almasb.fxgl.entity.level.tiled.TiledObject@10f6f9b5], opacity=0.0, draworder=)], tilesets=[Tileset(firstgid=1, image=../textures/rsz_tiles_sheet.png, name=rsz_tiles_sheet, tilewidth=125, tileheight=125, imagewidth=875, imageheight=750, margin=0, spacing=0, columns=7, tilecount=42, transparentcolor=41ffef, tiles=[])], backgroundcolor=, renderorder=left-up, nextobjectid=66, version=1, tiledversion=1.4.1, type=map, infinite=false, hexsidelength=0, staggeraxis=, staggerindex=, properties={}, propertytypes={})
01:25:07.254 [FXGL Background Thread 1 ] DEBUG TMXLevelLoader       - Creating tile layer entities
01:25:07.255 [FXGL Background Thread 1 ] DEBUG TilesetLoader        - Loading view for layer Tile Layer 1
01:25:07.260 [FXGL Background Thread 1 ] DEBUG TilesetLoader        - Created buffer with size 2000.0x1125.0
01:25:07.413 [FXGL Background Thread 1 ] DEBUG TilesetLoader        - Writing to buffer: dst=0,0, w=125,h=125, src=250,375
01:25:07.414 [FXGL Background Thread 1 ] DEBUG TilesetLoader        - Writing to buffer: dst=125,0, w=125,h=125, src=250,375
01:25:07.415 [FXGL Background Thread 1 ] DEBUG TilesetLoader        - Writing to buffer: dst=250,0, w=125,h=125, src=250,375
01:25:07.415 [FXGL Background Thread 1 ] DEBUG TilesetLoader        - Writing to buffer: dst=375,0, w=125,h=125, src=500,375
01:25:07.415 [FXGL Background Thread 1 ] DEBUG TilesetLoader        - Writing to buffer: dst=500,0, w=125,h=125, src=500,0
01:25:07.415 [FXGL Background Thread 1 ] DEBUG TilesetLoader        - Writing to buffer: dst=625,0, w=125,h=125, src=750,375
01:25:07.416 [FXGL Background Thread 1 ] DEBUG TilesetLoader        - Writing to buffer: dst=750,0, w=125,h=125, src=250,375
01:25:07.417 [FXGL Background Thread 1 ] DEBUG TilesetLoader        - Writing to buffer: dst=875,0, w=125,h=125, src=250,375
01:25:07.420 [FXGL Background Thread 1 ] DEBUG TilesetLoader        - Writing to buffer: dst=1000,0, w=125,h=125, src=250,375
01:25:07.421 [FXGL Background Thread 1 ] DEBUG TilesetLoader        - Writing to buffer: dst=1125,0, w=125,h=125, src=250,375
01:25:07.422 [FXGL Background Thread 1 ] DEBUG TilesetLoader        - Writing to buffer: dst=1250,0, w=125,h=125, src=250,375
01:25:07.422 [FXGL Background Thread 1 ] DEBUG TilesetLoader        - Writing to buffer: dst=1375,0, w=125,h=125, src=500,375
01:25:07.422 [FXGL Background Thread 1 ] DEBUG TilesetLoader        - Writing to buffer: dst=1500,0, w=125,h=125, src=500,0
01:25:07.424 [FXGL Background Thread 1 ] DEBUG TilesetLoader        - Writing to buffer: dst=1625,0, w=125,h=125, src=750,375
01:25:07.424 [FXGL Background Thread 1 ] DEBUG TilesetLoader        - Writing to buffer: dst=1750,0, w=125,h=125, src=250,375
01:25:07.426 [FXGL Background Thread 1 ] DEBUG TilesetLoader        - Writing to buffer: dst=1875,0, w=125,h=125, src=250,375
01:25:07.426 [FXGL Background Thread 1 ] DEBUG TilesetLoader        - Writing to buffer: dst=0,125, w=125,h=125, src=375,375
01:25:07.426 [FXGL Background Thread 1 ] DEBUG TilesetLoader        - Writing to buffer: dst=125,125, w=125,h=125, src=375,375
01:25:07.427 [FXGL Background Thread 1 ] DEBUG TilesetLoader        - Writing to buffer: dst=250,125, w=125,h=125, src=375,375
01:25:07.427 [FXGL Background Thread 1 ] DEBUG TilesetLoader        - Writing to buffer: dst=375,125, w=125,h=125, src=375,500
01:25:07.427 [FXGL Background Thread 1 ] DEBUG TilesetLoader        - Writing to buffer: dst=500,125, w=125,h=125, src=500,0
01:25:07.427 [FXGL Background Thread 1 ] DEBUG TilesetLoader        - Writing to buffer: dst=625,125, w=125,h=125, src=625,500
01:25:07.427 [FXGL Background Thread 1 ] DEBUG TilesetLoader        - Writing to buffer: dst=750,125, w=125,h=125, src=375,375
01:25:07.427 [FXGL Background Thread 1 ] DEBUG TilesetLoader        - Writing to buffer: dst=875,125, w=125,h=125, src=375,375
01:25:07.427 [FXGL Background Thread 1 ] DEBUG TilesetLoader        - Writing to buffer: dst=1000,125, w=125,h=125, src=375,375
01:25:07.428 [FXGL Background Thread 1 ] DEBUG TilesetLoader        - Writing to buffer: dst=1125,125, w=125,h=125, src=375,375
01:25:07.428 [FXGL Background Thread 1 ] DEBUG TilesetLoader        - Writing to buffer: dst=1250,125, w=125,h=125, src=375,375
01:25:07.428 [FXGL Background Thread 1 ] DEBUG TilesetLoader        - Writing to buffer: dst=1375,125, w=125,h=125, src=375,500
01:25:07.428 [FXGL Background Thread 1 ] DEBUG TilesetLoader        - Writing to buffer: dst=1500,125, w=125,h=125, src=500,0
01:25:07.428 [FXGL Background Thread 1 ] DEBUG TilesetLoader        - Writing to buffer: dst=1625,125, w=125,h=125, src=625,500
01:25:07.428 [FXGL Background Thread 1 ] DEBUG TilesetLoader        - Writing to buffer: dst=1750,125, w=125,h=125, src=375,375
01:25:07.428 [FXGL Background Thread 1 ] DEBUG TilesetLoader        - Writing to buffer: dst=1875,125, w=125,h=125, src=375,375
01:25:07.429 [FXGL Background Thread 1 ] DEBUG TilesetLoader        - Writing to buffer: dst=0,250, w=125,h=125, src=625,0
01:25:07.429 [FXGL Background Thread 1 ] DEBUG TilesetLoader        - Writing to buffer: dst=125,250, w=125,h=125, src=625,0
01:25:07.429 [FXGL Background Thread 1 ] DEBUG TilesetLoader        - Writing to buffer: dst=250,250, w=125,h=125, src=625,0
01:25:07.429 [FXGL Background Thread 1 ] DEBUG TilesetLoader        - Writing to buffer: dst=375,250, w=125,h=125, src=625,0
01:25:07.429 [FXGL Background Thread 1 ] DEBUG TilesetLoader        - Writing to buffer: dst=500,250, w=125,h=125, src=750,0
01:25:07.429 [FXGL Background Thread 1 ] DEBUG TilesetLoader        - Writing to buffer: dst=625,250, w=125,h=125, src=625,0
01:25:07.429 [FXGL Background Thread 1 ] DEBUG TilesetLoader        - Writing to buffer: dst=750,250, w=125,h=125, src=625,0
01:25:07.429 [FXGL Background Thread 1 ] DEBUG TilesetLoader        - Writing to buffer: dst=875,250, w=125,h=125, src=625,0
01:25:07.429 [FXGL Background Thread 1 ] DEBUG TilesetLoader        - Writing to buffer: dst=1000,250, w=125,h=125, src=625,0
01:25:07.430 [FXGL Background Thread 1 ] DEBUG TilesetLoader        - Writing to buffer: dst=1125,250, w=125,h=125, src=625,0
01:25:07.431 [FXGL Background Thread 1 ] DEBUG TilesetLoader        - Writing to buffer: dst=1250,250, w=125,h=125, src=625,0
01:25:07.431 [FXGL Background Thread 1 ] DEBUG TilesetLoader        - Writing to buffer: dst=1375,250, w=125,h=125, src=625,0
01:25:07.431 [FXGL Background Thread 1 ] DEBUG TilesetLoader        - Writing to buffer: dst=1500,250, w=125,h=125, src=750,0
01:25:07.432 [FXGL Background Thread 1 ] DEBUG TilesetLoader        - Writing to buffer: dst=1625,250, w=125,h=125, src=625,0
01:25:07.432 [FXGL Background Thread 1 ] DEBUG TilesetLoader        - Writing to buffer: dst=1750,250, w=125,h=125, src=625,0
01:25:07.432 [FXGL Background Thread 1 ] DEBUG TilesetLoader        - Writing to buffer: dst=1875,250, w=125,h=125, src=625,0
01:25:07.432 [FXGL Background Thread 1 ] DEBUG TilesetLoader        - Writing to buffer: dst=0,375, w=125,h=125, src=625,375
01:25:07.432 [FXGL Background Thread 1 ] DEBUG TilesetLoader        - Writing to buffer: dst=125,375, w=125,h=125, src=625,375
01:25:07.433 [FXGL Background Thread 1 ] DEBUG TilesetLoader        - Writing to buffer: dst=250,375, w=125,h=125, src=625,375
01:25:07.433 [FXGL Background Thread 1 ] DEBUG TilesetLoader        - Writing to buffer: dst=375,375, w=125,h=125, src=500,500
01:25:07.433 [FXGL Background Thread 1 ] DEBUG TilesetLoader        - Writing to buffer: dst=500,375, w=125,h=125, src=500,0
01:25:07.434 [FXGL Background Thread 1 ] DEBUG TilesetLoader        - Writing to buffer: dst=625,375, w=125,h=125, src=750,250
01:25:07.434 [FXGL Background Thread 1 ] DEBUG TilesetLoader        - Writing to buffer: dst=750,375, w=125,h=125, src=625,125
01:25:07.434 [FXGL Background Thread 1 ] DEBUG TilesetLoader        - Writing to buffer: dst=875,375, w=125,h=125, src=625,125
01:25:07.434 [FXGL Background Thread 1 ] DEBUG TilesetLoader        - Writing to buffer: dst=1000,375, w=125,h=125, src=625,125
01:25:07.434 [FXGL Background Thread 1 ] DEBUG TilesetLoader        - Writing to buffer: dst=1125,375, w=125,h=125, src=625,125
01:25:07.434 [FXGL Background Thread 1 ] DEBUG TilesetLoader        - Writing to buffer: dst=1250,375, w=125,h=125, src=625,125
01:25:07.434 [FXGL Background Thread 1 ] DEBUG TilesetLoader        - Writing to buffer: dst=1375,375, w=125,h=125, src=500,250
01:25:07.435 [FXGL Background Thread 1 ] DEBUG TilesetLoader        - Writing to buffer: dst=1500,375, w=125,h=125, src=500,0
01:25:07.435 [FXGL Background Thread 1 ] DEBUG TilesetLoader        - Writing to buffer: dst=1625,375, w=125,h=125, src=750,500
01:25:07.435 [FXGL Background Thread 1 ] DEBUG TilesetLoader        - Writing to buffer: dst=1750,375, w=125,h=125, src=625,375
01:25:07.435 [FXGL Background Thread 1 ] DEBUG TilesetLoader        - Writing to buffer: dst=1875,375, w=125,h=125, src=625,375
01:25:07.435 [FXGL Background Thread 1 ] DEBUG TilesetLoader        - Writing to buffer: dst=0,500, w=125,h=125, src=250,375
01:25:07.435 [FXGL Background Thread 1 ] DEBUG TilesetLoader        - Writing to buffer: dst=125,500, w=125,h=125, src=250,375
01:25:07.435 [FXGL Background Thread 1 ] DEBUG TilesetLoader        - Writing to buffer: dst=250,500, w=125,h=125, src=250,375
01:25:07.435 [FXGL Background Thread 1 ] DEBUG TilesetLoader        - Writing to buffer: dst=375,500, w=125,h=125, src=500,375
01:25:07.436 [FXGL Background Thread 1 ] DEBUG TilesetLoader        - Writing to buffer: dst=500,500, w=125,h=125, src=500,0
01:25:07.436 [FXGL Background Thread 1 ] DEBUG TilesetLoader        - Writing to buffer: dst=625,500, w=125,h=125, src=750,125
01:25:07.436 [FXGL Background Thread 1 ] DEBUG TilesetLoader        - Writing to buffer: dst=750,500, w=125,h=125, src=250,125
01:25:07.436 [FXGL Background Thread 1 ] DEBUG TilesetLoader        - Writing to buffer: dst=875,500, w=125,h=125, src=250,125
01:25:07.436 [FXGL Background Thread 1 ] DEBUG TilesetLoader        - Writing to buffer: dst=1000,500, w=125,h=125, src=250,125
01:25:07.438 [FXGL Background Thread 1 ] DEBUG TilesetLoader        - Writing to buffer: dst=1125,500, w=125,h=125, src=250,125
01:25:07.438 [FXGL Background Thread 1 ] DEBUG TilesetLoader        - Writing to buffer: dst=1250,500, w=125,h=125, src=250,125
01:25:07.439 [FXGL Background Thread 1 ] DEBUG TilesetLoader        - Writing to buffer: dst=1375,500, w=125,h=125, src=500,125
01:25:07.439 [FXGL Background Thread 1 ] DEBUG TilesetLoader        - Writing to buffer: dst=1500,500, w=125,h=125, src=500,0
01:25:07.439 [FXGL Background Thread 1 ] DEBUG TilesetLoader        - Writing to buffer: dst=1625,500, w=125,h=125, src=750,375
01:25:07.439 [FXGL Background Thread 1 ] DEBUG TilesetLoader        - Writing to buffer: dst=1750,500, w=125,h=125, src=250,375
01:25:07.439 [FXGL Background Thread 1 ] DEBUG TilesetLoader        - Writing to buffer: dst=1875,500, w=125,h=125, src=250,375
01:25:07.439 [FXGL Background Thread 1 ] DEBUG TilesetLoader        - Writing to buffer: dst=0,625, w=125,h=125, src=375,375
01:25:07.440 [FXGL Background Thread 1 ] DEBUG TilesetLoader        - Writing to buffer: dst=125,625, w=125,h=125, src=375,375
01:25:07.440 [FXGL Background Thread 1 ] DEBUG TilesetLoader        - Writing to buffer: dst=250,625, w=125,h=125, src=375,375
01:25:07.440 [FXGL Background Thread 1 ] DEBUG TilesetLoader        - Writing to buffer: dst=375,625, w=125,h=125, src=375,500
01:25:07.440 [FXGL Background Thread 1 ] DEBUG TilesetLoader        - Writing to buffer: dst=500,625, w=125,h=125, src=500,0
01:25:07.440 [FXGL Background Thread 1 ] DEBUG TilesetLoader        - Writing to buffer: dst=625,625, w=125,h=125, src=625,250
01:25:07.441 [FXGL Background Thread 1 ] DEBUG TilesetLoader        - Writing to buffer: dst=750,625, w=125,h=125, src=375,125
01:25:07.441 [FXGL Background Thread 1 ] DEBUG TilesetLoader        - Writing to buffer: dst=875,625, w=125,h=125, src=375,125
01:25:07.441 [FXGL Background Thread 1 ] DEBUG TilesetLoader        - Writing to buffer: dst=1000,625, w=125,h=125, src=375,125
01:25:07.441 [FXGL Background Thread 1 ] DEBUG TilesetLoader        - Writing to buffer: dst=1125,625, w=125,h=125, src=375,125
01:25:07.441 [FXGL Background Thread 1 ] DEBUG TilesetLoader        - Writing to buffer: dst=1250,625, w=125,h=125, src=375,125
01:25:07.441 [FXGL Background Thread 1 ] DEBUG TilesetLoader        - Writing to buffer: dst=1375,625, w=125,h=125, src=375,250
01:25:07.441 [FXGL Background Thread 1 ] DEBUG TilesetLoader        - Writing to buffer: dst=1500,625, w=125,h=125, src=500,0
01:25:07.442 [FXGL Background Thread 1 ] DEBUG TilesetLoader        - Writing to buffer: dst=1625,625, w=125,h=125, src=625,500
01:25:07.442 [FXGL Background Thread 1 ] DEBUG TilesetLoader        - Writing to buffer: dst=1750,625, w=125,h=125, src=375,375
01:25:07.442 [FXGL Background Thread 1 ] DEBUG TilesetLoader        - Writing to buffer: dst=1875,625, w=125,h=125, src=375,375
01:25:07.442 [FXGL Background Thread 1 ] DEBUG TilesetLoader        - Writing to buffer: dst=0,750, w=125,h=125, src=625,0
01:25:07.442 [FXGL Background Thread 1 ] DEBUG TilesetLoader        - Writing to buffer: dst=125,750, w=125,h=125, src=625,0
01:25:07.442 [FXGL Background Thread 1 ] DEBUG TilesetLoader        - Writing to buffer: dst=250,750, w=125,h=125, src=625,0
01:25:07.442 [FXGL Background Thread 1 ] DEBUG TilesetLoader        - Writing to buffer: dst=375,750, w=125,h=125, src=625,0
01:25:07.442 [FXGL Background Thread 1 ] DEBUG TilesetLoader        - Writing to buffer: dst=500,750, w=125,h=125, src=750,0
01:25:07.442 [FXGL Background Thread 1 ] DEBUG TilesetLoader        - Writing to buffer: dst=625,750, w=125,h=125, src=625,0
01:25:07.442 [FXGL Background Thread 1 ] DEBUG TilesetLoader        - Writing to buffer: dst=750,750, w=125,h=125, src=625,0
01:25:07.443 [FXGL Background Thread 1 ] DEBUG TilesetLoader        - Writing to buffer: dst=875,750, w=125,h=125, src=625,0
01:25:07.443 [FXGL Background Thread 1 ] DEBUG TilesetLoader        - Writing to buffer: dst=1000,750, w=125,h=125, src=625,0
01:25:07.443 [FXGL Background Thread 1 ] DEBUG TilesetLoader        - Writing to buffer: dst=1125,750, w=125,h=125, src=625,0
01:25:07.443 [FXGL Background Thread 1 ] DEBUG TilesetLoader        - Writing to buffer: dst=1250,750, w=125,h=125, src=625,0
01:25:07.443 [FXGL Background Thread 1 ] DEBUG TilesetLoader        - Writing to buffer: dst=1375,750, w=125,h=125, src=625,0
01:25:07.443 [FXGL Background Thread 1 ] DEBUG TilesetLoader        - Writing to buffer: dst=1500,750, w=125,h=125, src=750,0
01:25:07.443 [FXGL Background Thread 1 ] DEBUG TilesetLoader        - Writing to buffer: dst=1625,750, w=125,h=125, src=625,0
01:25:07.443 [FXGL Background Thread 1 ] DEBUG TilesetLoader        - Writing to buffer: dst=1750,750, w=125,h=125, src=625,0
01:25:07.443 [FXGL Background Thread 1 ] DEBUG TilesetLoader        - Writing to buffer: dst=1875,750, w=125,h=125, src=625,0
01:25:07.443 [FXGL Background Thread 1 ] DEBUG TilesetLoader        - Writing to buffer: dst=0,875, w=125,h=125, src=625,375
01:25:07.444 [FXGL Background Thread 1 ] DEBUG TilesetLoader        - Writing to buffer: dst=125,875, w=125,h=125, src=625,375
01:25:07.445 [FXGL Background Thread 1 ] DEBUG TilesetLoader        - Writing to buffer: dst=250,875, w=125,h=125, src=625,375
01:25:07.445 [FXGL Background Thread 1 ] DEBUG TilesetLoader        - Writing to buffer: dst=375,875, w=125,h=125, src=500,500
01:25:07.445 [FXGL Background Thread 1 ] DEBUG TilesetLoader        - Writing to buffer: dst=500,875, w=125,h=125, src=500,0
01:25:07.445 [FXGL Background Thread 1 ] DEBUG TilesetLoader        - Writing to buffer: dst=625,875, w=125,h=125, src=750,500
01:25:07.445 [FXGL Background Thread 1 ] DEBUG TilesetLoader        - Writing to buffer: dst=750,875, w=125,h=125, src=625,375
01:25:07.446 [FXGL Background Thread 1 ] DEBUG TilesetLoader        - Writing to buffer: dst=875,875, w=125,h=125, src=625,375
01:25:07.446 [FXGL Background Thread 1 ] DEBUG TilesetLoader        - Writing to buffer: dst=1000,875, w=125,h=125, src=625,375
01:25:07.446 [FXGL Background Thread 1 ] DEBUG TilesetLoader        - Writing to buffer: dst=1125,875, w=125,h=125, src=625,375
01:25:07.446 [FXGL Background Thread 1 ] DEBUG TilesetLoader        - Writing to buffer: dst=1250,875, w=125,h=125, src=625,375
01:25:07.446 [FXGL Background Thread 1 ] DEBUG TilesetLoader        - Writing to buffer: dst=1375,875, w=125,h=125, src=500,500
01:25:07.446 [FXGL Background Thread 1 ] DEBUG TilesetLoader        - Writing to buffer: dst=1500,875, w=125,h=125, src=500,0
01:25:07.446 [FXGL Background Thread 1 ] DEBUG TilesetLoader        - Writing to buffer: dst=1625,875, w=125,h=125, src=750,500
01:25:07.446 [FXGL Background Thread 1 ] DEBUG TilesetLoader        - Writing to buffer: dst=1750,875, w=125,h=125, src=625,375
01:25:07.447 [FXGL Background Thread 1 ] DEBUG TilesetLoader        - Writing to buffer: dst=1875,875, w=125,h=125, src=625,375
01:25:07.447 [FXGL Background Thread 1 ] DEBUG TilesetLoader        - Writing to buffer: dst=0,1000, w=125,h=125, src=250,375
01:25:07.447 [FXGL Background Thread 1 ] DEBUG TilesetLoader        - Writing to buffer: dst=125,1000, w=125,h=125, src=250,375
01:25:07.447 [FXGL Background Thread 1 ] DEBUG TilesetLoader        - Writing to buffer: dst=250,1000, w=125,h=125, src=250,375
01:25:07.447 [FXGL Background Thread 1 ] DEBUG TilesetLoader        - Writing to buffer: dst=375,1000, w=125,h=125, src=500,375
01:25:07.447 [FXGL Background Thread 1 ] DEBUG TilesetLoader        - Writing to buffer: dst=500,1000, w=125,h=125, src=500,0
01:25:07.447 [FXGL Background Thread 1 ] DEBUG TilesetLoader        - Writing to buffer: dst=625,1000, w=125,h=125, src=750,375
01:25:07.447 [FXGL Background Thread 1 ] DEBUG TilesetLoader        - Writing to buffer: dst=750,1000, w=125,h=125, src=250,375
01:25:07.447 [FXGL Background Thread 1 ] DEBUG TilesetLoader        - Writing to buffer: dst=875,1000, w=125,h=125, src=250,375
01:25:07.448 [FXGL Background Thread 1 ] DEBUG TilesetLoader        - Writing to buffer: dst=1000,1000, w=125,h=125, src=250,375
01:25:07.448 [FXGL Background Thread 1 ] DEBUG TilesetLoader        - Writing to buffer: dst=1125,1000, w=125,h=125, src=250,375
01:25:07.448 [FXGL Background Thread 1 ] DEBUG TilesetLoader        - Writing to buffer: dst=1250,1000, w=125,h=125, src=250,375
01:25:07.448 [FXGL Background Thread 1 ] DEBUG TilesetLoader        - Writing to buffer: dst=1375,1000, w=125,h=125, src=500,375
01:25:07.448 [FXGL Background Thread 1 ] DEBUG TilesetLoader        - Writing to buffer: dst=1500,1000, w=125,h=125, src=500,0
01:25:07.448 [FXGL Background Thread 1 ] DEBUG TilesetLoader        - Writing to buffer: dst=1625,1000, w=125,h=125, src=750,375
01:25:07.448 [FXGL Background Thread 1 ] DEBUG TilesetLoader        - Writing to buffer: dst=1750,1000, w=125,h=125, src=250,375
01:25:07.448 [FXGL Background Thread 1 ] DEBUG TilesetLoader        - Writing to buffer: dst=1875,1000, w=125,h=125, src=250,375
01:25:07.449 [FXGL Background Thread 1 ] DEBUG TMXLevelLoader       - Creating object layer entities
01:25:07.478 [FXGL Background Thread 1 ] DEBUG FXGLAssetLoaderServi - Loading from file system: /assets/textures/semaforoRosso-01.png
01:25:07.481 [FXGL Background Thread 1 ] DEBUG FXGLAssetLoaderServi - Loading from file system: /assets/textures/semaforoVerde-01.png
01:25:07.484 [FXGL Background Thread 1 ] DEBUG FXGLAssetLoaderServi - Loading from cache: /assets/textures/semaforoRosso-01.png
01:25:07.484 [FXGL Background Thread 1 ] DEBUG FXGLAssetLoaderServi - Loading from cache: /assets/textures/semaforoVerde-01.png
01:25:07.485 [FXGL Background Thread 1 ] DEBUG FXGLAssetLoaderServi - Loading from cache: /assets/textures/semaforoRosso-01.png
01:25:07.485 [FXGL Background Thread 1 ] DEBUG FXGLAssetLoaderServi - Loading from cache: /assets/textures/semaforoVerde-01.png
01:25:07.486 [FXGL Background Thread 1 ] DEBUG FXGLAssetLoaderServi - Loading from cache: /assets/textures/semaforoRosso-01.png
01:25:07.486 [FXGL Background Thread 1 ] DEBUG FXGLAssetLoaderServi - Loading from cache: /assets/textures/semaforoVerde-01.png
01:25:07.487 [FXGL Background Thread 1 ] DEBUG FXGLAssetLoaderServi - Loading from file system: /assets/textures/semaforoRosso-04.png
01:25:07.489 [FXGL Background Thread 1 ] DEBUG FXGLAssetLoaderServi - Loading from file system: /assets/textures/semaforoVerde-04.png
01:25:07.492 [FXGL Background Thread 1 ] DEBUG FXGLAssetLoaderServi - Loading from cache: /assets/textures/semaforoRosso-04.png
01:25:07.493 [FXGL Background Thread 1 ] DEBUG FXGLAssetLoaderServi - Loading from cache: /assets/textures/semaforoVerde-04.png
01:25:07.494 [FXGL Background Thread 1 ] DEBUG FXGLAssetLoaderServi - Loading from cache: /assets/textures/semaforoRosso-04.png
01:25:07.494 [FXGL Background Thread 1 ] DEBUG FXGLAssetLoaderServi - Loading from cache: /assets/textures/semaforoVerde-04.png
01:25:07.495 [FXGL Background Thread 1 ] DEBUG FXGLAssetLoaderServi - Loading from cache: /assets/textures/semaforoRosso-04.png
01:25:07.495 [FXGL Background Thread 1 ] DEBUG FXGLAssetLoaderServi - Loading from cache: /assets/textures/semaforoVerde-04.png
01:25:07.496 [FXGL Background Thread 1 ] DEBUG FXGLAssetLoaderServi - Loading from file system: /assets/textures/semaforoRosso-03.png
01:25:07.497 [FXGL Background Thread 1 ] DEBUG FXGLAssetLoaderServi - Loading from file system: /assets/textures/semaforoVerde-03.png
01:25:07.498 [FXGL Background Thread 1 ] DEBUG FXGLAssetLoaderServi - Loading from cache: /assets/textures/semaforoRosso-03.png
01:25:07.499 [FXGL Background Thread 1 ] DEBUG FXGLAssetLoaderServi - Loading from cache: /assets/textures/semaforoVerde-03.png
01:25:07.499 [FXGL Background Thread 1 ] DEBUG FXGLAssetLoaderServi - Loading from cache: /assets/textures/semaforoRosso-03.png
01:25:07.500 [FXGL Background Thread 1 ] DEBUG FXGLAssetLoaderServi - Loading from cache: /assets/textures/semaforoVerde-03.png
01:25:07.501 [FXGL Background Thread 1 ] DEBUG FXGLAssetLoaderServi - Loading from cache: /assets/textures/semaforoRosso-03.png
01:25:07.501 [FXGL Background Thread 1 ] DEBUG FXGLAssetLoaderServi - Loading from cache: /assets/textures/semaforoVerde-03.png
01:25:07.502 [FXGL Background Thread 1 ] DEBUG FXGLAssetLoaderServi - Loading from file system: /assets/textures/semaforoRosso-02.png
01:25:07.504 [FXGL Background Thread 1 ] DEBUG FXGLAssetLoaderServi - Loading from file system: /assets/textures/semaforoVerde-02.png
01:25:07.507 [FXGL Background Thread 1 ] DEBUG FXGLAssetLoaderServi - Loading from cache: /assets/textures/semaforoRosso-02.png
01:25:07.507 [FXGL Background Thread 1 ] DEBUG FXGLAssetLoaderServi - Loading from cache: /assets/textures/semaforoVerde-02.png
01:25:07.508 [FXGL Background Thread 1 ] DEBUG FXGLAssetLoaderServi - Loading from cache: /assets/textures/semaforoRosso-02.png
01:25:07.508 [FXGL Background Thread 1 ] DEBUG FXGLAssetLoaderServi - Loading from cache: /assets/textures/semaforoVerde-02.png
01:25:07.509 [FXGL Background Thread 1 ] DEBUG FXGLAssetLoaderServi - Loading from cache: /assets/textures/semaforoRosso-02.png
01:25:07.509 [FXGL Background Thread 1 ] DEBUG FXGLAssetLoaderServi - Loading from cache: /assets/textures/semaforoVerde-02.png
01:25:07.510 [FXGL Background Thread 1 ] DEBUG GameWorld            - Clearing removable entities
01:25:07.511 [FXGL Background Thread 1 ] DEBUG GameWorld            - Setting level: com.almasb.fxgl.entity.level.Level@62d48b46
01:25:07.516 [FXGL Background Thread 1 ] DEBUG FXGLAssetLoaderServi - Loading from file system: /assets/textures/pointer-sprite.png
01:25:07.612 [FXGL Background Thread 1 ] INFO  FXGLApplication      - Game initialization took: 0,448 sec
01:25:07.613 [JavaFX Application Thread] DEBUG Input                - Clearing active input actions
01:25:07.619 [JavaFX Application Thread] DEBUG GameApplicationServi - Removing overlay from FXGLLoadingScene and adding to GameScene
01:25:07.620 [JavaFX Application Thread] DEBUG MainWindow           - FXGLLoadingScene -> GameScene
01:25:07.690 [FXGL Background Thread 4 ] DEBUG FXGLAssetLoaderServi - Loading from file system: /assets/ui/fonts/Abel-Regular.ttf
01:25:07.693 [FXGL Background Thread 4 ] DEBUG FXGLAssetLoaderServi - Loading from file system: /assets/ui/fonts/lucida_console.ttf
01:25:07.697 [FXGL Background Thread 4 ] DEBUG FXGLAssetLoaderServi - Loading from file system: /assets/ui/fonts/Courier-Prime.ttf
01:25:07.701 [JavaFX Application Thread] DEBUG FXGLApplication      - Registering font factories with UI factory
01:25:09.633 [FXGL Background Thread 3 ] DEBUG Engine               - Logging environment variables
01:25:09.635 [FXGL Background Thread 3 ] DEBUG Engine               - achievements: []
01:25:09.636 [FXGL Background Thread 3 ] DEBUG Engine               - appIcon: fxgl_icon.png
01:25:09.636 [FXGL Background Thread 3 ] DEBUG Engine               - applicationMode: DEVELOPER
01:25:09.637 [FXGL Background Thread 3 ] DEBUG Engine               - cSSList: [fxgl_dark.css]
01:25:09.637 [FXGL Background Thread 3 ] DEBUG Engine               - configClass: Optional.empty
01:25:09.637 [FXGL Background Thread 3 ] DEBUG Engine               - credits: []
01:25:09.637 [FXGL Background Thread 3 ] DEBUG Engine               - devBBoxColorProperty: ObjectProperty [value: 0xff0000ff]
01:25:09.637 [FXGL Background Thread 3 ] DEBUG Engine               - devEnableDebugCameraProperty: BooleanProperty [value: false]
01:25:09.637 [FXGL Background Thread 3 ] DEBUG Engine               - devSensorColorProperty: ObjectProperty [value: 0xffff00ff]
01:25:09.637 [FXGL Background Thread 3 ] DEBUG Engine               - devShowBBoxProperty: BooleanProperty [value: false]
01:25:09.638 [FXGL Background Thread 3 ] DEBUG Engine               - devShowPositionProperty: BooleanProperty [value: false]
01:25:09.638 [FXGL Background Thread 3 ] DEBUG Engine               - enabledMenuItems: [SAVE_LOAD, EXTRA, ONLINE]
01:25:09.638 [FXGL Background Thread 3 ] DEBUG Engine               - engineServices: [class com.almasb.fxgl.app.FXGLApplication$GameApplicationService, class com.almasb.fxgl.app.services.FXGLDialogService, class com.almasb.fxgl.app.services.IOTaskExecutorService, class com.almasb.fxgl.event.EventBusService, class com.almasb.fxgl.io.FileSystemService, class com.almasb.fxgl.localization.LocalizationService, class com.almasb.fxgl.app.services.FXGLAssetLoaderService, class com.almasb.fxgl.app.services.SystemBundleService, class com.almasb.fxgl.profile.SaveLoadService, class com.almasb.fxgl.ui.FXGLUIFactoryServiceProvider, class com.almasb.fxgl.ui.FXGLDialogFactoryServiceProvider, class com.almasb.fxgl.audio.AudioPlayer, class com.almasb.fxgl.notification.impl.NotificationServiceProvider, class com.almasb.fxgl.achievement.AchievementService, class com.almasb.fxgl.cutscene.CutsceneService, class com.almasb.fxgl.minigames.MiniGameService, class com.almasb.fxgl.net.NetService, class com.almasb.fxgl.app.services.UpdaterService, class com.almasb.fxgl.dev.DevService]
01:25:09.638 [FXGL Background Thread 3 ] DEBUG Engine               - fontGame: Abel-Regular.ttf
01:25:09.638 [FXGL Background Thread 3 ] DEBUG Engine               - fontMono: lucida_console.ttf
01:25:09.638 [FXGL Background Thread 3 ] DEBUG Engine               - fontText: Courier-Prime.ttf
01:25:09.638 [FXGL Background Thread 3 ] DEBUG Engine               - fontUI: VarelaRound-Regular.ttf
01:25:09.640 [FXGL Background Thread 3 ] DEBUG Engine               - fullScreen: BooleanProperty [value: false]
01:25:09.640 [FXGL Background Thread 3 ] DEBUG Engine               - gameDifficulty: MEDIUM
01:25:09.640 [FXGL Background Thread 3 ] DEBUG Engine               - gameDifficultyProperty: ObjectProperty [value: MEDIUM]
01:25:09.640 [FXGL Background Thread 3 ] DEBUG Engine               - globalMusicVolume: 0.5
01:25:09.640 [FXGL Background Thread 3 ] DEBUG Engine               - globalMusicVolumeProperty: DoubleProperty [value: 0.5]
01:25:09.640 [FXGL Background Thread 3 ] DEBUG Engine               - globalSoundVolume: 0.5
01:25:09.641 [FXGL Background Thread 3 ] DEBUG Engine               - globalSoundVolumeProperty: DoubleProperty [value: 0.5]
01:25:09.641 [FXGL Background Thread 3 ] DEBUG Engine               - height: 1125
01:25:09.641 [FXGL Background Thread 3 ] DEBUG Engine               - isAndroid: false
01:25:09.641 [FXGL Background Thread 3 ] DEBUG Engine               - isBrowser: false
01:25:09.641 [FXGL Background Thread 3 ] DEBUG Engine               - isClickFeedbackEnabled: false
01:25:09.641 [FXGL Background Thread 3 ] DEBUG Engine               - isCloseConfirmation: false
01:25:09.641 [FXGL Background Thread 3 ] DEBUG Engine               - isDesktop: true
01:25:09.641 [FXGL Background Thread 3 ] DEBUG Engine               - isDeveloperMenuEnabled: true
01:25:09.641 [FXGL Background Thread 3 ] DEBUG Engine               - isEntityPreloadEnabled: true
01:25:09.641 [FXGL Background Thread 3 ] DEBUG Engine               - isExperimentalNative: false
01:25:09.641 [FXGL Background Thread 3 ] DEBUG Engine               - isExperimentalTiledLargeMap: false
01:25:09.641 [FXGL Background Thread 3 ] DEBUG Engine               - isFileSystemWriteAllowed: true
01:25:09.641 [FXGL Background Thread 3 ] DEBUG Engine               - isFullScreenAllowed: false
01:25:09.641 [FXGL Background Thread 3 ] DEBUG Engine               - isFullScreenFromStart: false
01:25:09.641 [FXGL Background Thread 3 ] DEBUG Engine               - isGameMenuEnabled: true
01:25:09.641 [FXGL Background Thread 3 ] DEBUG Engine               - isIOS: false
01:25:09.644 [FXGL Background Thread 3 ] DEBUG Engine               - isIntroEnabled: false
01:25:09.644 [FXGL Background Thread 3 ] DEBUG Engine               - isLinux: false
01:25:09.644 [FXGL Background Thread 3 ] DEBUG Engine               - isMac: false
01:25:09.644 [FXGL Background Thread 3 ] DEBUG Engine               - isMainMenuEnabled: true
01:25:09.644 [FXGL Background Thread 3 ] DEBUG Engine               - isManualResizeEnabled: true
01:25:09.644 [FXGL Background Thread 3 ] DEBUG Engine               - isMobile: false
01:25:09.644 [FXGL Background Thread 3 ] DEBUG Engine               - isPreserveResizeRatio: true
01:25:09.644 [FXGL Background Thread 3 ] DEBUG Engine               - isProfilingEnabled: false
01:25:09.644 [FXGL Background Thread 3 ] DEBUG Engine               - isSingleStep: false
01:25:09.645 [FXGL Background Thread 3 ] DEBUG Engine               - isUserProfileEnabled: false
01:25:09.645 [FXGL Background Thread 3 ] DEBUG Engine               - isWindows: true
01:25:09.645 [FXGL Background Thread 3 ] DEBUG Engine               - language: ObjectProperty [value: ENGLISH]
01:25:09.645 [FXGL Background Thread 3 ] DEBUG Engine               - menuKey: ESCAPE
01:25:09.645 [FXGL Background Thread 3 ] DEBUG Engine               - notificationViewClass: class com.almasb.fxgl.notification.view.XboxNotificationView
01:25:09.645 [FXGL Background Thread 3 ] DEBUG Engine               - pixelsPerMeter: 50.0
01:25:09.645 [FXGL Background Thread 3 ] DEBUG Engine               - platform: WINDOWS
01:25:09.645 [FXGL Background Thread 3 ] DEBUG Engine               - profileDir: profiles/
01:25:09.645 [FXGL Background Thread 3 ] DEBUG Engine               - profileName: StringProperty [value: DEFAULT]
01:25:09.645 [FXGL Background Thread 3 ] DEBUG Engine               - randomSeed: -1
01:25:09.645 [FXGL Background Thread 3 ] DEBUG Engine               - runtimeInfo: RuntimeInfo(platform=WINDOWS, version=dev-SNAPSHOT, build=08.09.2020 17.31)
01:25:09.645 [FXGL Background Thread 3 ] DEBUG Engine               - saveFileExt: sav
01:25:09.645 [FXGL Background Thread 3 ] DEBUG Engine               - sceneFactory: it.uniroma1.metodologie.trafficGame.TrafficApp$1@242f91df
01:25:09.645 [FXGL Background Thread 3 ] DEBUG Engine               - secondsIn24h: 60
01:25:09.647 [FXGL Background Thread 3 ] DEBUG Engine               - soundMenuBack: menu/back.wav
01:25:09.647 [FXGL Background Thread 3 ] DEBUG Engine               - soundMenuPress: menu/press.wav
01:25:09.647 [FXGL Background Thread 3 ] DEBUG Engine               - soundMenuSelect: menu/select.wav
01:25:09.648 [FXGL Background Thread 3 ] DEBUG Engine               - soundNotification: core/notification.wav
01:25:09.648 [FXGL Background Thread 3 ] DEBUG Engine               - stageStyle: DECORATED
01:25:09.648 [FXGL Background Thread 3 ] DEBUG Engine               - supportedLanguages: [ENGLISH, FRENCH, GERMAN, HUNGARIAN, RUSSIAN]
01:25:09.648 [FXGL Background Thread 3 ] DEBUG Engine               - title: Traffic
01:25:09.648 [FXGL Background Thread 3 ] DEBUG Engine               - urlGithub: https://github.com/AlmasB/FXGL
01:25:09.648 [FXGL Background Thread 3 ] DEBUG Engine               - urlLeaderboard: http://fxgl-top.herokuapp.com/
01:25:09.648 [FXGL Background Thread 3 ] DEBUG Engine               - urlPOM: https://raw.githubusercontent.com/AlmasB/FXGL/master/pom.xml
01:25:09.648 [FXGL Background Thread 3 ] DEBUG Engine               - version: Alpha 1.0
01:25:09.648 [FXGL Background Thread 3 ] DEBUG Engine               - versionCheckDays: 7
01:25:09.648 [FXGL Background Thread 3 ] DEBUG Engine               - width: 2000
01:25:09.648 [FXGL Background Thread 3 ] DEBUG Engine               - Logging services
01:25:09.648 [FXGL Background Thread 3 ] DEBUG Engine               - class com.almasb.fxgl.app.FXGLApplication$GameApplicationService
01:25:09.648 [FXGL Background Thread 3 ] DEBUG Engine               - class com.almasb.fxgl.app.services.FXGLDialogService
01:25:09.648 [FXGL Background Thread 3 ] DEBUG Engine               - class com.almasb.fxgl.app.services.IOTaskExecutorService
01:25:09.648 [FXGL Background Thread 3 ] DEBUG Engine               - class com.almasb.fxgl.event.EventBusService
01:25:09.648 [FXGL Background Thread 3 ] DEBUG Engine               - class com.almasb.fxgl.io.FileSystemService
01:25:09.648 [FXGL Background Thread 3 ] DEBUG Engine               - class com.almasb.fxgl.localization.LocalizationService
01:25:09.648 [FXGL Background Thread 3 ] DEBUG Engine               - class com.almasb.fxgl.app.services.FXGLAssetLoaderService
01:25:09.648 [FXGL Background Thread 3 ] DEBUG Engine               - class com.almasb.fxgl.app.services.SystemBundleService
01:25:09.649 [FXGL Background Thread 3 ] DEBUG Engine               - class com.almasb.fxgl.profile.SaveLoadService
01:25:09.649 [FXGL Background Thread 3 ] DEBUG Engine               - class com.almasb.fxgl.ui.FXGLUIFactoryServiceProvider
01:25:09.649 [FXGL Background Thread 3 ] DEBUG Engine               - class com.almasb.fxgl.ui.FXGLDialogFactoryServiceProvider
01:25:09.649 [FXGL Background Thread 3 ] DEBUG Engine               - class com.almasb.fxgl.audio.AudioPlayer
01:25:09.649 [FXGL Background Thread 3 ] DEBUG Engine               - class com.almasb.fxgl.notification.impl.NotificationServiceProvider
01:25:09.649 [FXGL Background Thread 3 ] DEBUG Engine               - class com.almasb.fxgl.achievement.AchievementService
01:25:09.649 [FXGL Background Thread 3 ] DEBUG Engine               - class com.almasb.fxgl.cutscene.CutsceneService
01:25:09.649 [FXGL Background Thread 3 ] DEBUG Engine               - class com.almasb.fxgl.minigames.MiniGameService
01:25:09.649 [FXGL Background Thread 3 ] DEBUG Engine               - class com.almasb.fxgl.net.NetService
01:25:09.650 [FXGL Background Thread 3 ] DEBUG Engine               - class com.almasb.fxgl.app.services.UpdaterService
01:25:09.650 [FXGL Background Thread 3 ] DEBUG Engine               - class com.almasb.fxgl.dev.DevService
01:25:12.015 [JavaFX Application Thread] DEBUG FXGLApplication      - Exiting FXGL
01:25:12.015 [JavaFX Application Thread] DEBUG LoopRunner           - Stopping loop
01:25:12.015 [JavaFX Application Thread] DEBUG SystemBundleService  - Saving FXGL system data
01:25:12.017 [JavaFX Application Thread] DEBUG FileSystemAccess     - Writing to: C:\Users\Andrea\Desktop\Homework\traffic-mobile\system\fxgl.bundle
01:25:12.019 [JavaFX Application Thread] DEBUG Async                - Shutting down background threads
01:25:12.019 [JavaFX Application Thread] DEBUG MainWindow           - Closing main window
01:25:12.026 [JavaFX Application Thread] DEBUG Logger               - Closing Logger
