02:03:23.728 [main                     ] DEBUG Logger               - Configured Logger
02:03:23.819 [main                     ] DEBUG GameApplication      - Logging settings
Title: Traffic
Version: Alpha 1.0
Width: 2000
Height: 1125
Fullscreen: false
Intro: false
Profiling: false
Single step:false
App Mode: DEVELOPER
Menu Key: ESCAPE
Stage Style: DECORATED
Scene Factory: class it.uniroma1.metodologie.trafficGame.TrafficApp$1

02:03:25.401 [JavaFX Application Thread] DEBUG FXGLApplication      - Initializing FXGL
02:03:25.427 [JavaFX Application Thread] INFO  Engine               - FXGL-dev-SNAPSHOT (08.09.2020 17.31) on MAC (J:14.0.1 FX:14)
02:03:25.427 [JavaFX Application Thread] DEBUG Engine               - JRE Vendor Name: Oracle Corporation
02:03:25.428 [JavaFX Application Thread] DEBUG Engine               - Running on OS: Mac OS X version 10.15.6
02:03:25.428 [JavaFX Application Thread] DEBUG Engine               - Architecture: x86_64
02:03:25.430 [JavaFX Application Thread] INFO  Engine               - Source code and latest versions at: https://github.com/AlmasB/FXGL
02:03:25.431 [JavaFX Application Thread] INFO  Engine               -              Join the FXGL chat at: https://gitter.im/AlmasB/FXGL
02:03:26.069 [JavaFX Application Thread] DEBUG MainWindow           - Creating a JavaFX scene
02:03:26.073 [JavaFX Application Thread] DEBUG MainWindow           - Target size > screen size
02:03:26.237 [JavaFX Application Thread] DEBUG MainWindow           - Target settings size: 2000.0 x 1125.0
02:03:26.237 [JavaFX Application Thread] DEBUG MainWindow           - Scaled scene size:    1775.0 x 1012.0
02:03:26.238 [JavaFX Application Thread] DEBUG MainWindow           - Scaled ratio: (0.8875, 0.8995555555555556)
02:03:26.240 [JavaFX Application Thread] DEBUG MainWindow           - Set initial scene to StartupScene
02:03:26.249 [JavaFX Application Thread] DEBUG MainWindow           - Opening main window
02:03:26.606 [JavaFX Application Thread] DEBUG MainWindow           - Window border size: (0.0, 1.0)
02:03:26.607 [JavaFX Application Thread] DEBUG MainWindow           - Scaled size: 1775.0 x 1012.0
02:03:26.607 [JavaFX Application Thread] DEBUG MainWindow           - Scaled ratio: (0.8875, 0.8875)
02:03:26.607 [JavaFX Application Thread] DEBUG MainWindow           - Scene size: 1775.0 x 1012.0
02:03:26.608 [JavaFX Application Thread] DEBUG MainWindow           - Stage size: 1775.0 x 1013.0
02:03:26.620 [FXGL Background Thread 1 ] DEBUG Engine               - Initializing environment variables
02:03:26.816 [FXGL Background Thread 1 ] DEBUG GameApplicationServi - Applying CSS: fxgl_dark.css
02:03:26.819 [FXGL Background Thread 1 ] DEBUG FXGLAssetLoaderServi - Loading from file system: /assets/ui/css/fxgl_dark.css
02:03:27.053 [FXGL Background Thread 1 ] DEBUG GameApplicationServi - Initializing application scenes
02:03:27.727 [FXGL Background Thread 1 ] DEBUG GameWorld            - Game world initialized
02:03:27.866 [FXGL Background Thread 1 ] DEBUG PhysicsWorld         - Physics world initialized: appHeight=1125, physics.ppm=50,0
02:03:27.872 [FXGL Background Thread 1 ] DEBUG GameScene            - Game scene initialized: 2000x1125
02:03:27.924 [FXGL Background Thread 1 ] DEBUG FXGLAssetLoaderServi - Loading from file system: /assets/textures/bg.jpg
02:03:28.698 [FXGL Background Thread 1 ] DEBUG FXGLAssetLoaderServi - Loading from file system: /assets/textures/logo.png
02:03:29.215 [FXGL Background Thread 1 ] DEBUG FXGLAssetLoaderServi - Loading from file system: /assets/textures/particles/trace_horizontal.png
02:03:29.274 [FXGL Background Thread 1 ] DEBUG FXGL.DefaultMenu     - createMenuBodyGameMenu()
02:03:29.330 [FXGL Background Thread 1 ] DEBUG FXGL.DefaultMenu     - createOptionsMenu()
02:03:29.338 [FXGL Background Thread 1 ] DEBUG FXGL.DefaultMenu     - createExtraMenu()
02:03:29.344 [FXGL Background Thread 1 ] DEBUG FXGLAssetLoaderServi - Loading from file system: /assets/textures/particles/smoke.png
02:03:29.445 [FXGL Background Thread 1 ] DEBUG GameApplicationServi - Application scenes initialized
02:03:29.467 [FXGL Background Thread 1 ] DEBUG SystemBundleService  - Loading FXGL system data
02:03:29.487 [FXGL Background Thread 1 ] DEBUG FileSystemAccess     - Reading from: /Users/universita/Desktop/ProgettoJava/traffic-mobile/system/fxgl.bundle
02:03:29.502 [FXGL Background Thread 1 ] DEBUG SystemBundleService  - Bundle FXGL: {}
02:03:29.502 [FXGL Background Thread 1 ] DEBUG UpdaterService       - Checking for updates
02:03:29.557 [FXGL Background Thread 4 ] DEBUG FXGLApplication      - Loading fonts
02:03:29.557 [FXGL Background Thread 4 ] DEBUG FXGLAssetLoaderServi - Loading from file system: /assets/ui/fonts/VarelaRound-Regular.ttf
02:03:29.559 [FXGL Background Thread 1 ] DEBUG FXGLApplication      - Loading default localization
02:03:29.559 [FXGL Background Thread 1 ] DEBUG FXGLAssetLoaderServi - Loading from file system: /assets/languages/english.lang
02:03:29.571 [FXGL Background Thread 4 ] DEBUG FXGLAssetLoaderServi - Loading from file system: /assets/ui/fonts/Abel-Regular.ttf
02:03:29.576 [FXGL Background Thread 4 ] DEBUG FXGLAssetLoaderServi - Loading from file system: /assets/ui/fonts/lucida_console.ttf
02:03:29.581 [FXGL Background Thread 4 ] DEBUG FXGLAssetLoaderServi - Loading from file system: /assets/ui/fonts/Courier-Prime.ttf
02:03:29.592 [JavaFX Application Thread] DEBUG FXGLApplication      - Registering font factories with UI factory
02:03:29.629 [FXGL Background Thread 1 ] INFO  FXGLApplication      - FXGL initialization took: 3,009 sec
02:03:29.644 [JavaFX Application Thread] DEBUG Input                - Registered new binding: Change trafficlight status - F
02:03:29.645 [JavaFX Application Thread] DEBUG Input                - Registered new binding: Move Right - D
02:03:29.645 [JavaFX Application Thread] DEBUG Input                - Registered new binding: Move Left - A
02:03:29.645 [JavaFX Application Thread] DEBUG Input                - Registered new binding: Move Up - W
02:03:29.646 [JavaFX Application Thread] DEBUG Input                - Registered new binding: Move Down - S
02:03:29.646 [JavaFX Application Thread] DEBUG Input                - Registered new binding: Spawn Car - Space
02:03:29.648 [JavaFX Application Thread] DEBUG Input                - Registered new binding: Select and change traffic light - LMB
02:03:29.648 [JavaFX Application Thread] DEBUG FXGLAssetLoaderServi - Loading from file system: /assets/textures/fxgl_icon.png
02:03:29.706 [JavaFX Application Thread] DEBUG FXGLAssetLoaderServi - Loading from file system: /assets/ui/cursors/fxgl_default.png
02:03:29.709 [JavaFX Application Thread] DEBUG Input                - Registered new binding: Screenshot - P
02:03:29.710 [JavaFX Application Thread] DEBUG Input                - Registered new binding: Dev Options - 1
02:03:29.710 [JavaFX Application Thread] DEBUG Input                - Registered new binding: Dev Console - 2
02:03:29.711 [JavaFX Application Thread] DEBUG Input                - Registered new binding: System info dump - CTRL+9
02:03:29.713 [JavaFX Application Thread] DEBUG Input                - Registered new binding: Restart - CTRL+R
02:03:29.714 [JavaFX Application Thread] DEBUG Input                - Registered new binding: Toggle Debug Camera - CTRL+C
02:03:29.718 [JavaFX Application Thread] DEBUG LoopRunner           - Starting loop
02:03:29.742 [JavaFX Application Thread] DEBUG Input                - Clearing active input actions
02:03:29.754 [JavaFX Application Thread] DEBUG GameApplicationServi - Removing overlay from StartupScene and adding to FXGLMainMenuDummyScene
02:03:29.759 [JavaFX Application Thread] DEBUG MainWindow           - StartupScene -> FXGLMainMenuDummyScene
02:03:29.760 [JavaFX Application Thread] DEBUG MainWindow           - Push state: TrafficAppMenu
02:03:29.760 [JavaFX Application Thread] DEBUG Input                - Clearing active input actions
02:03:29.770 [JavaFX Application Thread] DEBUG GameApplicationServi - Removing overlay from FXGLMainMenuDummyScene and adding to TrafficAppMenu
02:03:29.771 [JavaFX Application Thread] DEBUG MainWindow           - FXGLMainMenuDummyScene -> TrafficAppMenu
02:03:32.560 [FXGL Background Thread 3 ] DEBUG Engine               - Logging environment variables
02:03:32.561 [FXGL Background Thread 3 ] DEBUG Engine               - achievements: []
02:03:32.561 [FXGL Background Thread 3 ] DEBUG Engine               - appIcon: fxgl_icon.png
02:03:32.562 [FXGL Background Thread 3 ] DEBUG Engine               - applicationMode: DEVELOPER
02:03:32.562 [FXGL Background Thread 3 ] DEBUG Engine               - cSSList: [fxgl_dark.css]
02:03:32.562 [FXGL Background Thread 3 ] DEBUG Engine               - configClass: Optional.empty
02:03:32.562 [FXGL Background Thread 3 ] DEBUG Engine               - credits: []
02:03:32.563 [FXGL Background Thread 3 ] DEBUG Engine               - devBBoxColorProperty: ObjectProperty [value: 0xff0000ff]
02:03:32.563 [FXGL Background Thread 3 ] DEBUG Engine               - devEnableDebugCameraProperty: BooleanProperty [value: false]
02:03:32.564 [FXGL Background Thread 3 ] DEBUG Engine               - devSensorColorProperty: ObjectProperty [value: 0xffff00ff]
02:03:32.564 [FXGL Background Thread 3 ] DEBUG Engine               - devShowBBoxProperty: BooleanProperty [value: false]
02:03:32.564 [FXGL Background Thread 3 ] DEBUG Engine               - devShowPositionProperty: BooleanProperty [value: false]
02:03:32.565 [FXGL Background Thread 3 ] DEBUG Engine               - enabledMenuItems: [SAVE_LOAD, EXTRA, ONLINE]
02:03:32.565 [FXGL Background Thread 3 ] DEBUG Engine               - engineServices: [class com.almasb.fxgl.app.FXGLApplication$GameApplicationService, class com.almasb.fxgl.app.services.FXGLDialogService, class com.almasb.fxgl.app.services.IOTaskExecutorService, class com.almasb.fxgl.event.EventBusService, class com.almasb.fxgl.io.FileSystemService, class com.almasb.fxgl.localization.LocalizationService, class com.almasb.fxgl.app.services.FXGLAssetLoaderService, class com.almasb.fxgl.app.services.SystemBundleService, class com.almasb.fxgl.profile.SaveLoadService, class com.almasb.fxgl.ui.FXGLUIFactoryServiceProvider, class com.almasb.fxgl.ui.FXGLDialogFactoryServiceProvider, class com.almasb.fxgl.audio.AudioPlayer, class com.almasb.fxgl.notification.impl.NotificationServiceProvider, class com.almasb.fxgl.achievement.AchievementService, class com.almasb.fxgl.cutscene.CutsceneService, class com.almasb.fxgl.minigames.MiniGameService, class com.almasb.fxgl.net.NetService, class com.almasb.fxgl.app.services.UpdaterService, class com.almasb.fxgl.dev.DevService]
02:03:32.566 [FXGL Background Thread 3 ] DEBUG Engine               - fontGame: Abel-Regular.ttf
02:03:32.567 [FXGL Background Thread 3 ] DEBUG Engine               - fontMono: lucida_console.ttf
02:03:32.567 [FXGL Background Thread 3 ] DEBUG Engine               - fontText: Courier-Prime.ttf
02:03:32.567 [FXGL Background Thread 3 ] DEBUG Engine               - fontUI: VarelaRound-Regular.ttf
02:03:32.568 [FXGL Background Thread 3 ] DEBUG Engine               - fullScreen: BooleanProperty [value: false]
02:03:32.568 [FXGL Background Thread 3 ] DEBUG Engine               - gameDifficulty: MEDIUM
02:03:32.568 [FXGL Background Thread 3 ] DEBUG Engine               - gameDifficultyProperty: ObjectProperty [value: MEDIUM]
02:03:32.568 [FXGL Background Thread 3 ] DEBUG Engine               - globalMusicVolume: 0.5
02:03:32.569 [FXGL Background Thread 3 ] DEBUG Engine               - globalMusicVolumeProperty: DoubleProperty [value: 0.5]
02:03:32.569 [FXGL Background Thread 3 ] DEBUG Engine               - globalSoundVolume: 0.5
02:03:32.569 [FXGL Background Thread 3 ] DEBUG Engine               - globalSoundVolumeProperty: DoubleProperty [value: 0.5]
02:03:32.569 [FXGL Background Thread 3 ] DEBUG Engine               - height: 1125
02:03:32.569 [FXGL Background Thread 3 ] DEBUG Engine               - isAndroid: false
02:03:32.570 [FXGL Background Thread 3 ] DEBUG Engine               - isBrowser: false
02:03:32.570 [FXGL Background Thread 3 ] DEBUG Engine               - isClickFeedbackEnabled: false
02:03:32.570 [FXGL Background Thread 3 ] DEBUG Engine               - isCloseConfirmation: false
02:03:32.571 [FXGL Background Thread 3 ] DEBUG Engine               - isDesktop: true
02:03:32.571 [FXGL Background Thread 3 ] DEBUG Engine               - isDeveloperMenuEnabled: true
02:03:32.571 [FXGL Background Thread 3 ] DEBUG Engine               - isEntityPreloadEnabled: true
02:03:32.572 [FXGL Background Thread 3 ] DEBUG Engine               - isExperimentalNative: false
02:03:32.572 [FXGL Background Thread 3 ] DEBUG Engine               - isExperimentalTiledLargeMap: false
02:03:32.572 [FXGL Background Thread 3 ] DEBUG Engine               - isFileSystemWriteAllowed: true
02:03:32.572 [FXGL Background Thread 3 ] DEBUG Engine               - isFullScreenAllowed: false
02:03:32.572 [FXGL Background Thread 3 ] DEBUG Engine               - isFullScreenFromStart: false
02:03:32.573 [FXGL Background Thread 3 ] DEBUG Engine               - isGameMenuEnabled: true
02:03:32.573 [FXGL Background Thread 3 ] DEBUG Engine               - isIOS: false
02:03:32.573 [FXGL Background Thread 3 ] DEBUG Engine               - isIntroEnabled: false
02:03:32.573 [FXGL Background Thread 3 ] DEBUG Engine               - isLinux: false
02:03:32.573 [FXGL Background Thread 3 ] DEBUG Engine               - isMac: true
02:03:32.574 [FXGL Background Thread 3 ] DEBUG Engine               - isMainMenuEnabled: true
02:03:32.574 [FXGL Background Thread 3 ] DEBUG Engine               - isManualResizeEnabled: true
02:03:32.574 [FXGL Background Thread 3 ] DEBUG Engine               - isMobile: false
02:03:32.574 [FXGL Background Thread 3 ] DEBUG Engine               - isPreserveResizeRatio: true
02:03:32.575 [FXGL Background Thread 3 ] DEBUG Engine               - isProfilingEnabled: false
02:03:32.575 [FXGL Background Thread 3 ] DEBUG Engine               - isSingleStep: false
02:03:32.575 [FXGL Background Thread 3 ] DEBUG Engine               - isUserProfileEnabled: false
02:03:32.575 [FXGL Background Thread 3 ] DEBUG Engine               - isWindows: false
02:03:32.575 [FXGL Background Thread 3 ] DEBUG Engine               - language: ObjectProperty [value: ENGLISH]
02:03:32.576 [FXGL Background Thread 3 ] DEBUG Engine               - menuKey: ESCAPE
02:03:32.576 [FXGL Background Thread 3 ] DEBUG Engine               - notificationViewClass: class com.almasb.fxgl.notification.view.XboxNotificationView
02:03:32.576 [FXGL Background Thread 3 ] DEBUG Engine               - pixelsPerMeter: 50.0
02:03:32.577 [FXGL Background Thread 3 ] DEBUG Engine               - platform: MAC
02:03:32.577 [FXGL Background Thread 3 ] DEBUG Engine               - profileDir: profiles/
02:03:32.577 [FXGL Background Thread 3 ] DEBUG Engine               - profileName: StringProperty [value: DEFAULT]
02:03:32.577 [FXGL Background Thread 3 ] DEBUG Engine               - randomSeed: -1
02:03:32.578 [FXGL Background Thread 3 ] DEBUG Engine               - runtimeInfo: RuntimeInfo(platform=MAC, version=dev-SNAPSHOT, build=08.09.2020 17.31)
02:03:32.578 [FXGL Background Thread 3 ] DEBUG Engine               - saveFileExt: sav
02:03:32.578 [FXGL Background Thread 3 ] DEBUG Engine               - sceneFactory: it.uniroma1.metodologie.trafficGame.TrafficApp$1@50f29abe
02:03:32.578 [FXGL Background Thread 3 ] DEBUG Engine               - secondsIn24h: 60
02:03:32.579 [FXGL Background Thread 3 ] DEBUG Engine               - soundMenuBack: menu/back.wav
02:03:32.579 [FXGL Background Thread 3 ] DEBUG Engine               - soundMenuPress: menu/press.wav
02:03:32.579 [FXGL Background Thread 3 ] DEBUG Engine               - soundMenuSelect: menu/select.wav
02:03:32.579 [FXGL Background Thread 3 ] DEBUG Engine               - soundNotification: core/notification.wav
02:03:32.580 [FXGL Background Thread 3 ] DEBUG Engine               - stageStyle: DECORATED
02:03:32.580 [FXGL Background Thread 3 ] DEBUG Engine               - supportedLanguages: [ENGLISH, FRENCH, GERMAN, HUNGARIAN, RUSSIAN]
02:03:32.580 [FXGL Background Thread 3 ] DEBUG Engine               - title: Traffic
02:03:32.580 [FXGL Background Thread 3 ] DEBUG Engine               - urlGithub: https://github.com/AlmasB/FXGL
02:03:32.581 [FXGL Background Thread 3 ] DEBUG Engine               - urlLeaderboard: http://fxgl-top.herokuapp.com/
02:03:32.581 [FXGL Background Thread 3 ] DEBUG Engine               - urlPOM: https://raw.githubusercontent.com/AlmasB/FXGL/master/pom.xml
02:03:32.581 [FXGL Background Thread 3 ] DEBUG Engine               - version: Alpha 1.0
02:03:32.581 [FXGL Background Thread 3 ] DEBUG Engine               - versionCheckDays: 7
02:03:32.581 [FXGL Background Thread 3 ] DEBUG Engine               - width: 2000
02:03:32.582 [FXGL Background Thread 3 ] DEBUG Engine               - Logging services
02:03:32.582 [FXGL Background Thread 3 ] DEBUG Engine               - class com.almasb.fxgl.app.FXGLApplication$GameApplicationService
02:03:32.582 [FXGL Background Thread 3 ] DEBUG Engine               - class com.almasb.fxgl.app.services.FXGLDialogService
02:03:32.582 [FXGL Background Thread 3 ] DEBUG Engine               - class com.almasb.fxgl.app.services.IOTaskExecutorService
02:03:32.583 [FXGL Background Thread 3 ] DEBUG Engine               - class com.almasb.fxgl.event.EventBusService
02:03:32.583 [FXGL Background Thread 3 ] DEBUG Engine               - class com.almasb.fxgl.io.FileSystemService
02:03:32.583 [FXGL Background Thread 3 ] DEBUG Engine               - class com.almasb.fxgl.localization.LocalizationService
02:03:32.583 [FXGL Background Thread 3 ] DEBUG Engine               - class com.almasb.fxgl.app.services.FXGLAssetLoaderService
02:03:32.583 [FXGL Background Thread 3 ] DEBUG Engine               - class com.almasb.fxgl.app.services.SystemBundleService
02:03:32.583 [FXGL Background Thread 3 ] DEBUG Engine               - class com.almasb.fxgl.profile.SaveLoadService
02:03:32.584 [FXGL Background Thread 3 ] DEBUG Engine               - class com.almasb.fxgl.ui.FXGLUIFactoryServiceProvider
02:03:32.584 [FXGL Background Thread 3 ] DEBUG Engine               - class com.almasb.fxgl.ui.FXGLDialogFactoryServiceProvider
02:03:32.584 [FXGL Background Thread 3 ] DEBUG Engine               - class com.almasb.fxgl.audio.AudioPlayer
02:03:32.584 [FXGL Background Thread 3 ] DEBUG Engine               - class com.almasb.fxgl.notification.impl.NotificationServiceProvider
02:03:32.585 [FXGL Background Thread 3 ] DEBUG Engine               - class com.almasb.fxgl.achievement.AchievementService
02:03:32.585 [FXGL Background Thread 3 ] DEBUG Engine               - class com.almasb.fxgl.cutscene.CutsceneService
02:03:32.586 [FXGL Background Thread 3 ] DEBUG Engine               - class com.almasb.fxgl.minigames.MiniGameService
02:03:32.586 [FXGL Background Thread 3 ] DEBUG Engine               - class com.almasb.fxgl.net.NetService
02:03:32.586 [FXGL Background Thread 3 ] DEBUG Engine               - class com.almasb.fxgl.app.services.UpdaterService
02:03:32.586 [FXGL Background Thread 3 ] DEBUG Engine               - class com.almasb.fxgl.dev.DevService
02:03:50.974 [JavaFX Application Thread] DEBUG Menu                 - fireNewGame()
02:03:50.975 [JavaFX Application Thread] DEBUG GameApplicationServi - Starting new game
02:03:50.975 [JavaFX Application Thread] DEBUG MainWindow           - Pop state: TrafficAppMenu
02:03:50.975 [JavaFX Application Thread] DEBUG Input                - Clearing active input actions
02:03:50.978 [JavaFX Application Thread] DEBUG GameApplicationServi - Removing overlay from TrafficAppMenu and adding to FXGLMainMenuDummyScene
02:03:50.981 [JavaFX Application Thread] DEBUG MainWindow           - FXGLMainMenuDummyScene <- TrafficAppMenu
02:03:50.982 [JavaFX Application Thread] DEBUG Input                - Clearing active input actions
02:03:50.994 [JavaFX Application Thread] DEBUG GameApplicationServi - Removing overlay from FXGLMainMenuDummyScene and adding to FXGLLoadingScene
02:03:50.995 [JavaFX Application Thread] DEBUG MainWindow           - FXGLMainMenuDummyScene -> FXGLLoadingScene
02:03:50.995 [JavaFX Application Thread] DEBUG GameApplicationServi - Clearing previous game
02:03:50.995 [JavaFX Application Thread] DEBUG GameScene            - Clearing game scene
02:03:50.996 [JavaFX Application Thread] DEBUG GameWorld            - Clearing game world
02:03:50.996 [JavaFX Application Thread] DEBUG PhysicsWorld         - Clearing physics world
02:03:51.001 [FXGL Background Thread 2 ] DEBUG FXGLApplication      - Initializing game
02:03:51.042 [FXGL Background Thread 2 ] DEBUG FXGLAssetLoaderServi - Loading from file system: /assets/levels/Mappa_01.tmx
02:03:51.093 [FXGL Background Thread 2 ] WARN  TMXLevelLoader       - TiledMap generated from 1.4.1. Supported version: 1.2.3. Some features may not be parsed fully.
02:03:51.145 [FXGL Background Thread 2 ] DEBUG TMXLevelLoader       - Parsed raw map: TiledMap(width=16, height=9, tilewidth=125, tileheight=125, orientation=orthogonal, layers=[Layer(width=16, height=9, name=Tile Layer 1, type=tilelayer, visible=false, x=0, y=0, data=[24, 24, 24, 26, 5, 28, 24, 24, 24, 24, 24, 26, 5, 28, 24, 24, 25, 25, 25, 32, 5, 34, 25, 25, 25, 25, 25, 32, 5, 34, 25, 25, 6, 6, 6, 6, 7, 6, 6, 6, 6, 6, 6, 6, 7, 6, 6, 6, 27, 27, 27, 33, 5, 21, 13, 13, 13, 13, 13, 19, 5, 35, 27, 27, 24, 24, 24, 26, 5, 14, 10, 10, 10, 10, 10, 12, 5, 28, 24, 24, 25, 25, 25, 32, 5, 20, 11, 11, 11, 11, 11, 18, 5, 34, 25, 25, 6, 6, 6, 6, 7, 6, 6, 6, 6, 6, 6, 6, 7, 6, 6, 6, 27, 27, 27, 33, 5, 35, 27, 27, 27, 27, 27, 33, 5, 35, 27, 27, 24, 24, 24, 26, 5, 28, 24, 24, 24, 24, 24, 26, 5, 28, 24, 24], objects=[], opacity=0.0, draworder=), Layer(width=0, height=0, name=spawnpoints, type=objectgroup, visible=false, x=0, y=0, data=[], objects=[com.almasb.fxgl.entity.level.tiled.TiledObject@26266df2, com.almasb.fxgl.entity.level.tiled.TiledObject@48455290, com.almasb.fxgl.entity.level.tiled.TiledObject@7f227eb8, com.almasb.fxgl.entity.level.tiled.TiledObject@2ef89317, com.almasb.fxgl.entity.level.tiled.TiledObject@3ba422c7, com.almasb.fxgl.entity.level.tiled.TiledObject@599726f1, com.almasb.fxgl.entity.level.tiled.TiledObject@35ac54c5, com.almasb.fxgl.entity.level.tiled.TiledObject@5f26194c], opacity=0.0, draworder=), Layer(width=0, height=0, name=paths, type=objectgroup, visible=false, x=0, y=0, data=[], objects=[com.almasb.fxgl.entity.level.tiled.TiledObject@458eaa75, com.almasb.fxgl.entity.level.tiled.TiledObject@254ebc9b, com.almasb.fxgl.entity.level.tiled.TiledObject@7213de8b, com.almasb.fxgl.entity.level.tiled.TiledObject@1d1055fc, com.almasb.fxgl.entity.level.tiled.TiledObject@2d7d8929, com.almasb.fxgl.entity.level.tiled.TiledObject@7d075279, com.almasb.fxgl.entity.level.tiled.TiledObject@118c3cd4, com.almasb.fxgl.entity.level.tiled.TiledObject@eac34ac, com.almasb.fxgl.entity.level.tiled.TiledObject@4fd9d091, com.almasb.fxgl.entity.level.tiled.TiledObject@80ac789, com.almasb.fxgl.entity.level.tiled.TiledObject@781020c0, com.almasb.fxgl.entity.level.tiled.TiledObject@17f6623a, com.almasb.fxgl.entity.level.tiled.TiledObject@16aa650d, com.almasb.fxgl.entity.level.tiled.TiledObject@4842dede, com.almasb.fxgl.entity.level.tiled.TiledObject@312df136, com.almasb.fxgl.entity.level.tiled.TiledObject@156eb29b, com.almasb.fxgl.entity.level.tiled.TiledObject@50a93f36, com.almasb.fxgl.entity.level.tiled.TiledObject@ec3afd3, com.almasb.fxgl.entity.level.tiled.TiledObject@50b95b7c, com.almasb.fxgl.entity.level.tiled.TiledObject@3023c19a, com.almasb.fxgl.entity.level.tiled.TiledObject@296a1827, com.almasb.fxgl.entity.level.tiled.TiledObject@3a4497ee, com.almasb.fxgl.entity.level.tiled.TiledObject@20bc5961, com.almasb.fxgl.entity.level.tiled.TiledObject@ebd63fd], opacity=0.0, draworder=), Layer(width=0, height=0, name=Incroci, type=objectgroup, visible=false, x=0, y=0, data=[], objects=[com.almasb.fxgl.entity.level.tiled.TiledObject@776fe92d, com.almasb.fxgl.entity.level.tiled.TiledObject@690afbc9, com.almasb.fxgl.entity.level.tiled.TiledObject@2bbfc0d8, com.almasb.fxgl.entity.level.tiled.TiledObject@4ef8ecd9], opacity=0.0, draworder=), Layer(width=0, height=0, name=trafficLight, type=objectgroup, visible=false, x=0, y=0, data=[], objects=[com.almasb.fxgl.entity.level.tiled.TiledObject@46d652aa, com.almasb.fxgl.entity.level.tiled.TiledObject@78bc2d0a, com.almasb.fxgl.entity.level.tiled.TiledObject@2dd09bc5, com.almasb.fxgl.entity.level.tiled.TiledObject@24473482, com.almasb.fxgl.entity.level.tiled.TiledObject@507061a2, com.almasb.fxgl.entity.level.tiled.TiledObject@493dd2db, com.almasb.fxgl.entity.level.tiled.TiledObject@601a668a, com.almasb.fxgl.entity.level.tiled.TiledObject@7d64ad2f, com.almasb.fxgl.entity.level.tiled.TiledObject@2e4abe50, com.almasb.fxgl.entity.level.tiled.TiledObject@9460a48, com.almasb.fxgl.entity.level.tiled.TiledObject@3adb13dc, com.almasb.fxgl.entity.level.tiled.TiledObject@620edc7d, com.almasb.fxgl.entity.level.tiled.TiledObject@194d5652, com.almasb.fxgl.entity.level.tiled.TiledObject@20601b79, com.almasb.fxgl.entity.level.tiled.TiledObject@4247b95a, com.almasb.fxgl.entity.level.tiled.TiledObject@56be785b], opacity=0.0, draworder=)], tilesets=[Tileset(firstgid=1, image=../textures/rsz_tiles_sheet.png, name=rsz_tiles_sheet, tilewidth=125, tileheight=125, imagewidth=875, imageheight=750, margin=0, spacing=0, columns=7, tilecount=42, transparentcolor=41ffef, tiles=[])], backgroundcolor=, renderorder=left-up, nextobjectid=66, version=1, tiledversion=1.4.1, type=map, infinite=false, hexsidelength=0, staggeraxis=, staggerindex=, properties={}, propertytypes={})
02:03:51.147 [FXGL Background Thread 2 ] DEBUG TMXLevelLoader       - Creating tile layer entities
02:03:51.152 [FXGL Background Thread 2 ] DEBUG TilesetLoader        - Loading view for layer Tile Layer 1
02:03:51.188 [FXGL Background Thread 2 ] DEBUG TilesetLoader        - Created buffer with size 2000.0x1125.0
02:03:51.495 [FXGL Background Thread 2 ] DEBUG TilesetLoader        - Writing to buffer: dst=0,0, w=125,h=125, src=250,375
02:03:51.500 [FXGL Background Thread 2 ] DEBUG TilesetLoader        - Writing to buffer: dst=125,0, w=125,h=125, src=250,375
02:03:51.501 [FXGL Background Thread 2 ] DEBUG TilesetLoader        - Writing to buffer: dst=250,0, w=125,h=125, src=250,375
02:03:51.502 [FXGL Background Thread 2 ] DEBUG TilesetLoader        - Writing to buffer: dst=375,0, w=125,h=125, src=500,375
02:03:51.503 [FXGL Background Thread 2 ] DEBUG TilesetLoader        - Writing to buffer: dst=500,0, w=125,h=125, src=500,0
02:03:51.503 [FXGL Background Thread 2 ] DEBUG TilesetLoader        - Writing to buffer: dst=625,0, w=125,h=125, src=750,375
02:03:51.503 [FXGL Background Thread 2 ] DEBUG TilesetLoader        - Writing to buffer: dst=750,0, w=125,h=125, src=250,375
02:03:51.505 [FXGL Background Thread 2 ] DEBUG TilesetLoader        - Writing to buffer: dst=875,0, w=125,h=125, src=250,375
02:03:51.506 [FXGL Background Thread 2 ] DEBUG TilesetLoader        - Writing to buffer: dst=1000,0, w=125,h=125, src=250,375
02:03:51.506 [FXGL Background Thread 2 ] DEBUG TilesetLoader        - Writing to buffer: dst=1125,0, w=125,h=125, src=250,375
02:03:51.507 [FXGL Background Thread 2 ] DEBUG TilesetLoader        - Writing to buffer: dst=1250,0, w=125,h=125, src=250,375
02:03:51.508 [FXGL Background Thread 2 ] DEBUG TilesetLoader        - Writing to buffer: dst=1375,0, w=125,h=125, src=500,375
02:03:51.513 [FXGL Background Thread 2 ] DEBUG TilesetLoader        - Writing to buffer: dst=1500,0, w=125,h=125, src=500,0
02:03:51.515 [FXGL Background Thread 2 ] DEBUG TilesetLoader        - Writing to buffer: dst=1625,0, w=125,h=125, src=750,375
02:03:51.516 [FXGL Background Thread 2 ] DEBUG TilesetLoader        - Writing to buffer: dst=1750,0, w=125,h=125, src=250,375
02:03:51.518 [FXGL Background Thread 2 ] DEBUG TilesetLoader        - Writing to buffer: dst=1875,0, w=125,h=125, src=250,375
02:03:51.518 [FXGL Background Thread 2 ] DEBUG TilesetLoader        - Writing to buffer: dst=0,125, w=125,h=125, src=375,375
02:03:51.519 [FXGL Background Thread 2 ] DEBUG TilesetLoader        - Writing to buffer: dst=125,125, w=125,h=125, src=375,375
02:03:51.520 [FXGL Background Thread 2 ] DEBUG TilesetLoader        - Writing to buffer: dst=250,125, w=125,h=125, src=375,375
02:03:51.526 [FXGL Background Thread 2 ] DEBUG TilesetLoader        - Writing to buffer: dst=375,125, w=125,h=125, src=375,500
02:03:51.526 [FXGL Background Thread 2 ] DEBUG TilesetLoader        - Writing to buffer: dst=500,125, w=125,h=125, src=500,0
02:03:51.526 [FXGL Background Thread 2 ] DEBUG TilesetLoader        - Writing to buffer: dst=625,125, w=125,h=125, src=625,500
02:03:51.527 [FXGL Background Thread 2 ] DEBUG TilesetLoader        - Writing to buffer: dst=750,125, w=125,h=125, src=375,375
02:03:51.527 [FXGL Background Thread 2 ] DEBUG TilesetLoader        - Writing to buffer: dst=875,125, w=125,h=125, src=375,375
02:03:51.527 [FXGL Background Thread 2 ] DEBUG TilesetLoader        - Writing to buffer: dst=1000,125, w=125,h=125, src=375,375
02:03:51.527 [FXGL Background Thread 2 ] DEBUG TilesetLoader        - Writing to buffer: dst=1125,125, w=125,h=125, src=375,375
02:03:51.528 [FXGL Background Thread 2 ] DEBUG TilesetLoader        - Writing to buffer: dst=1250,125, w=125,h=125, src=375,375
02:03:51.528 [FXGL Background Thread 2 ] DEBUG TilesetLoader        - Writing to buffer: dst=1375,125, w=125,h=125, src=375,500
02:03:51.528 [FXGL Background Thread 2 ] DEBUG TilesetLoader        - Writing to buffer: dst=1500,125, w=125,h=125, src=500,0
02:03:51.528 [FXGL Background Thread 2 ] DEBUG TilesetLoader        - Writing to buffer: dst=1625,125, w=125,h=125, src=625,500
02:03:51.535 [FXGL Background Thread 2 ] DEBUG TilesetLoader        - Writing to buffer: dst=1750,125, w=125,h=125, src=375,375
02:03:51.536 [FXGL Background Thread 2 ] DEBUG TilesetLoader        - Writing to buffer: dst=1875,125, w=125,h=125, src=375,375
02:03:51.536 [FXGL Background Thread 2 ] DEBUG TilesetLoader        - Writing to buffer: dst=0,250, w=125,h=125, src=625,0
02:03:51.536 [FXGL Background Thread 2 ] DEBUG TilesetLoader        - Writing to buffer: dst=125,250, w=125,h=125, src=625,0
02:03:51.536 [FXGL Background Thread 2 ] DEBUG TilesetLoader        - Writing to buffer: dst=250,250, w=125,h=125, src=625,0
02:03:51.538 [FXGL Background Thread 2 ] DEBUG TilesetLoader        - Writing to buffer: dst=375,250, w=125,h=125, src=625,0
02:03:51.538 [FXGL Background Thread 2 ] DEBUG TilesetLoader        - Writing to buffer: dst=500,250, w=125,h=125, src=750,0
02:03:51.538 [FXGL Background Thread 2 ] DEBUG TilesetLoader        - Writing to buffer: dst=625,250, w=125,h=125, src=625,0
02:03:51.538 [FXGL Background Thread 2 ] DEBUG TilesetLoader        - Writing to buffer: dst=750,250, w=125,h=125, src=625,0
02:03:51.539 [FXGL Background Thread 2 ] DEBUG TilesetLoader        - Writing to buffer: dst=875,250, w=125,h=125, src=625,0
02:03:51.539 [FXGL Background Thread 2 ] DEBUG TilesetLoader        - Writing to buffer: dst=1000,250, w=125,h=125, src=625,0
02:03:51.539 [FXGL Background Thread 2 ] DEBUG TilesetLoader        - Writing to buffer: dst=1125,250, w=125,h=125, src=625,0
02:03:51.539 [FXGL Background Thread 2 ] DEBUG TilesetLoader        - Writing to buffer: dst=1250,250, w=125,h=125, src=625,0
02:03:51.540 [FXGL Background Thread 2 ] DEBUG TilesetLoader        - Writing to buffer: dst=1375,250, w=125,h=125, src=625,0
02:03:51.541 [FXGL Background Thread 2 ] DEBUG TilesetLoader        - Writing to buffer: dst=1500,250, w=125,h=125, src=750,0
02:03:51.541 [FXGL Background Thread 2 ] DEBUG TilesetLoader        - Writing to buffer: dst=1625,250, w=125,h=125, src=625,0
02:03:51.542 [FXGL Background Thread 2 ] DEBUG TilesetLoader        - Writing to buffer: dst=1750,250, w=125,h=125, src=625,0
02:03:51.543 [FXGL Background Thread 2 ] DEBUG TilesetLoader        - Writing to buffer: dst=1875,250, w=125,h=125, src=625,0
02:03:51.544 [FXGL Background Thread 2 ] DEBUG TilesetLoader        - Writing to buffer: dst=0,375, w=125,h=125, src=625,375
02:03:51.545 [FXGL Background Thread 2 ] DEBUG TilesetLoader        - Writing to buffer: dst=125,375, w=125,h=125, src=625,375
02:03:51.545 [FXGL Background Thread 2 ] DEBUG TilesetLoader        - Writing to buffer: dst=250,375, w=125,h=125, src=625,375
02:03:51.545 [FXGL Background Thread 2 ] DEBUG TilesetLoader        - Writing to buffer: dst=375,375, w=125,h=125, src=500,500
02:03:51.546 [FXGL Background Thread 2 ] DEBUG TilesetLoader        - Writing to buffer: dst=500,375, w=125,h=125, src=500,0
02:03:51.546 [FXGL Background Thread 2 ] DEBUG TilesetLoader        - Writing to buffer: dst=625,375, w=125,h=125, src=750,250
02:03:51.546 [FXGL Background Thread 2 ] DEBUG TilesetLoader        - Writing to buffer: dst=750,375, w=125,h=125, src=625,125
02:03:51.546 [FXGL Background Thread 2 ] DEBUG TilesetLoader        - Writing to buffer: dst=875,375, w=125,h=125, src=625,125
02:03:51.546 [FXGL Background Thread 2 ] DEBUG TilesetLoader        - Writing to buffer: dst=1000,375, w=125,h=125, src=625,125
02:03:51.546 [FXGL Background Thread 2 ] DEBUG TilesetLoader        - Writing to buffer: dst=1125,375, w=125,h=125, src=625,125
02:03:51.547 [FXGL Background Thread 2 ] DEBUG TilesetLoader        - Writing to buffer: dst=1250,375, w=125,h=125, src=625,125
02:03:51.548 [FXGL Background Thread 2 ] DEBUG TilesetLoader        - Writing to buffer: dst=1375,375, w=125,h=125, src=500,250
02:03:51.548 [FXGL Background Thread 2 ] DEBUG TilesetLoader        - Writing to buffer: dst=1500,375, w=125,h=125, src=500,0
02:03:51.548 [FXGL Background Thread 2 ] DEBUG TilesetLoader        - Writing to buffer: dst=1625,375, w=125,h=125, src=750,500
02:03:51.548 [FXGL Background Thread 2 ] DEBUG TilesetLoader        - Writing to buffer: dst=1750,375, w=125,h=125, src=625,375
02:03:51.548 [FXGL Background Thread 2 ] DEBUG TilesetLoader        - Writing to buffer: dst=1875,375, w=125,h=125, src=625,375
02:03:51.549 [FXGL Background Thread 2 ] DEBUG TilesetLoader        - Writing to buffer: dst=0,500, w=125,h=125, src=250,375
02:03:51.549 [FXGL Background Thread 2 ] DEBUG TilesetLoader        - Writing to buffer: dst=125,500, w=125,h=125, src=250,375
02:03:51.549 [FXGL Background Thread 2 ] DEBUG TilesetLoader        - Writing to buffer: dst=250,500, w=125,h=125, src=250,375
02:03:51.551 [FXGL Background Thread 2 ] DEBUG TilesetLoader        - Writing to buffer: dst=375,500, w=125,h=125, src=500,375
02:03:51.551 [FXGL Background Thread 2 ] DEBUG TilesetLoader        - Writing to buffer: dst=500,500, w=125,h=125, src=500,0
02:03:51.552 [FXGL Background Thread 2 ] DEBUG TilesetLoader        - Writing to buffer: dst=625,500, w=125,h=125, src=750,125
02:03:51.552 [FXGL Background Thread 2 ] DEBUG TilesetLoader        - Writing to buffer: dst=750,500, w=125,h=125, src=250,125
02:03:51.552 [FXGL Background Thread 2 ] DEBUG TilesetLoader        - Writing to buffer: dst=875,500, w=125,h=125, src=250,125
02:03:51.559 [FXGL Background Thread 2 ] DEBUG TilesetLoader        - Writing to buffer: dst=1000,500, w=125,h=125, src=250,125
02:03:51.561 [FXGL Background Thread 2 ] DEBUG TilesetLoader        - Writing to buffer: dst=1125,500, w=125,h=125, src=250,125
02:03:51.566 [FXGL Background Thread 2 ] DEBUG TilesetLoader        - Writing to buffer: dst=1250,500, w=125,h=125, src=250,125
02:03:51.567 [FXGL Background Thread 2 ] DEBUG TilesetLoader        - Writing to buffer: dst=1375,500, w=125,h=125, src=500,125
02:03:51.567 [FXGL Background Thread 2 ] DEBUG TilesetLoader        - Writing to buffer: dst=1500,500, w=125,h=125, src=500,0
02:03:51.568 [FXGL Background Thread 2 ] DEBUG TilesetLoader        - Writing to buffer: dst=1625,500, w=125,h=125, src=750,375
02:03:51.568 [FXGL Background Thread 2 ] DEBUG TilesetLoader        - Writing to buffer: dst=1750,500, w=125,h=125, src=250,375
02:03:51.568 [FXGL Background Thread 2 ] DEBUG TilesetLoader        - Writing to buffer: dst=1875,500, w=125,h=125, src=250,375
02:03:51.569 [FXGL Background Thread 2 ] DEBUG TilesetLoader        - Writing to buffer: dst=0,625, w=125,h=125, src=375,375
02:03:51.571 [FXGL Background Thread 2 ] DEBUG TilesetLoader        - Writing to buffer: dst=125,625, w=125,h=125, src=375,375
02:03:51.573 [FXGL Background Thread 2 ] DEBUG TilesetLoader        - Writing to buffer: dst=250,625, w=125,h=125, src=375,375
02:03:51.574 [FXGL Background Thread 2 ] DEBUG TilesetLoader        - Writing to buffer: dst=375,625, w=125,h=125, src=375,500
02:03:51.574 [FXGL Background Thread 2 ] DEBUG TilesetLoader        - Writing to buffer: dst=500,625, w=125,h=125, src=500,0
02:03:51.574 [FXGL Background Thread 2 ] DEBUG TilesetLoader        - Writing to buffer: dst=625,625, w=125,h=125, src=625,250
02:03:51.575 [FXGL Background Thread 2 ] DEBUG TilesetLoader        - Writing to buffer: dst=750,625, w=125,h=125, src=375,125
02:03:51.576 [FXGL Background Thread 2 ] DEBUG TilesetLoader        - Writing to buffer: dst=875,625, w=125,h=125, src=375,125
02:03:51.576 [FXGL Background Thread 2 ] DEBUG TilesetLoader        - Writing to buffer: dst=1000,625, w=125,h=125, src=375,125
02:03:51.576 [FXGL Background Thread 2 ] DEBUG TilesetLoader        - Writing to buffer: dst=1125,625, w=125,h=125, src=375,125
02:03:51.576 [FXGL Background Thread 2 ] DEBUG TilesetLoader        - Writing to buffer: dst=1250,625, w=125,h=125, src=375,125
02:03:51.577 [FXGL Background Thread 2 ] DEBUG TilesetLoader        - Writing to buffer: dst=1375,625, w=125,h=125, src=375,250
02:03:51.578 [FXGL Background Thread 2 ] DEBUG TilesetLoader        - Writing to buffer: dst=1500,625, w=125,h=125, src=500,0
02:03:51.578 [FXGL Background Thread 2 ] DEBUG TilesetLoader        - Writing to buffer: dst=1625,625, w=125,h=125, src=625,500
02:03:51.583 [FXGL Background Thread 2 ] DEBUG TilesetLoader        - Writing to buffer: dst=1750,625, w=125,h=125, src=375,375
02:03:51.585 [FXGL Background Thread 2 ] DEBUG TilesetLoader        - Writing to buffer: dst=1875,625, w=125,h=125, src=375,375
02:03:51.586 [FXGL Background Thread 2 ] DEBUG TilesetLoader        - Writing to buffer: dst=0,750, w=125,h=125, src=625,0
02:03:51.587 [FXGL Background Thread 2 ] DEBUG TilesetLoader        - Writing to buffer: dst=125,750, w=125,h=125, src=625,0
02:03:51.587 [FXGL Background Thread 2 ] DEBUG TilesetLoader        - Writing to buffer: dst=250,750, w=125,h=125, src=625,0
02:03:51.588 [FXGL Background Thread 2 ] DEBUG TilesetLoader        - Writing to buffer: dst=375,750, w=125,h=125, src=625,0
02:03:51.588 [FXGL Background Thread 2 ] DEBUG TilesetLoader        - Writing to buffer: dst=500,750, w=125,h=125, src=750,0
02:03:51.588 [FXGL Background Thread 2 ] DEBUG TilesetLoader        - Writing to buffer: dst=625,750, w=125,h=125, src=625,0
02:03:51.588 [FXGL Background Thread 2 ] DEBUG TilesetLoader        - Writing to buffer: dst=750,750, w=125,h=125, src=625,0
02:03:51.588 [FXGL Background Thread 2 ] DEBUG TilesetLoader        - Writing to buffer: dst=875,750, w=125,h=125, src=625,0
02:03:51.588 [FXGL Background Thread 2 ] DEBUG TilesetLoader        - Writing to buffer: dst=1000,750, w=125,h=125, src=625,0
02:03:51.594 [FXGL Background Thread 2 ] DEBUG TilesetLoader        - Writing to buffer: dst=1125,750, w=125,h=125, src=625,0
02:03:51.594 [FXGL Background Thread 2 ] DEBUG TilesetLoader        - Writing to buffer: dst=1250,750, w=125,h=125, src=625,0
02:03:51.594 [FXGL Background Thread 2 ] DEBUG TilesetLoader        - Writing to buffer: dst=1375,750, w=125,h=125, src=625,0
02:03:51.595 [FXGL Background Thread 2 ] DEBUG TilesetLoader        - Writing to buffer: dst=1500,750, w=125,h=125, src=750,0
02:03:51.599 [FXGL Background Thread 2 ] DEBUG TilesetLoader        - Writing to buffer: dst=1625,750, w=125,h=125, src=625,0
02:03:51.600 [FXGL Background Thread 2 ] DEBUG TilesetLoader        - Writing to buffer: dst=1750,750, w=125,h=125, src=625,0
02:03:51.601 [FXGL Background Thread 2 ] DEBUG TilesetLoader        - Writing to buffer: dst=1875,750, w=125,h=125, src=625,0
02:03:51.601 [FXGL Background Thread 2 ] DEBUG TilesetLoader        - Writing to buffer: dst=0,875, w=125,h=125, src=625,375
02:03:51.602 [FXGL Background Thread 2 ] DEBUG TilesetLoader        - Writing to buffer: dst=125,875, w=125,h=125, src=625,375
02:03:51.603 [FXGL Background Thread 2 ] DEBUG TilesetLoader        - Writing to buffer: dst=250,875, w=125,h=125, src=625,375
02:03:51.603 [FXGL Background Thread 2 ] DEBUG TilesetLoader        - Writing to buffer: dst=375,875, w=125,h=125, src=500,500
02:03:51.603 [FXGL Background Thread 2 ] DEBUG TilesetLoader        - Writing to buffer: dst=500,875, w=125,h=125, src=500,0
02:03:51.603 [FXGL Background Thread 2 ] DEBUG TilesetLoader        - Writing to buffer: dst=625,875, w=125,h=125, src=750,500
02:03:51.604 [FXGL Background Thread 2 ] DEBUG TilesetLoader        - Writing to buffer: dst=750,875, w=125,h=125, src=625,375
02:03:51.604 [FXGL Background Thread 2 ] DEBUG TilesetLoader        - Writing to buffer: dst=875,875, w=125,h=125, src=625,375
02:03:51.604 [FXGL Background Thread 2 ] DEBUG TilesetLoader        - Writing to buffer: dst=1000,875, w=125,h=125, src=625,375
02:03:51.604 [FXGL Background Thread 2 ] DEBUG TilesetLoader        - Writing to buffer: dst=1125,875, w=125,h=125, src=625,375
02:03:51.604 [FXGL Background Thread 2 ] DEBUG TilesetLoader        - Writing to buffer: dst=1250,875, w=125,h=125, src=625,375
02:03:51.604 [FXGL Background Thread 2 ] DEBUG TilesetLoader        - Writing to buffer: dst=1375,875, w=125,h=125, src=500,500
02:03:51.604 [FXGL Background Thread 2 ] DEBUG TilesetLoader        - Writing to buffer: dst=1500,875, w=125,h=125, src=500,0
02:03:51.605 [FXGL Background Thread 2 ] DEBUG TilesetLoader        - Writing to buffer: dst=1625,875, w=125,h=125, src=750,500
02:03:51.605 [FXGL Background Thread 2 ] DEBUG TilesetLoader        - Writing to buffer: dst=1750,875, w=125,h=125, src=625,375
02:03:51.605 [FXGL Background Thread 2 ] DEBUG TilesetLoader        - Writing to buffer: dst=1875,875, w=125,h=125, src=625,375
02:03:51.605 [FXGL Background Thread 2 ] DEBUG TilesetLoader        - Writing to buffer: dst=0,1000, w=125,h=125, src=250,375
02:03:51.606 [FXGL Background Thread 2 ] DEBUG TilesetLoader        - Writing to buffer: dst=125,1000, w=125,h=125, src=250,375
02:03:51.606 [FXGL Background Thread 2 ] DEBUG TilesetLoader        - Writing to buffer: dst=250,1000, w=125,h=125, src=250,375
02:03:51.606 [FXGL Background Thread 2 ] DEBUG TilesetLoader        - Writing to buffer: dst=375,1000, w=125,h=125, src=500,375
02:03:51.606 [FXGL Background Thread 2 ] DEBUG TilesetLoader        - Writing to buffer: dst=500,1000, w=125,h=125, src=500,0
02:03:51.606 [FXGL Background Thread 2 ] DEBUG TilesetLoader        - Writing to buffer: dst=625,1000, w=125,h=125, src=750,375
02:03:51.606 [FXGL Background Thread 2 ] DEBUG TilesetLoader        - Writing to buffer: dst=750,1000, w=125,h=125, src=250,375
02:03:51.607 [FXGL Background Thread 2 ] DEBUG TilesetLoader        - Writing to buffer: dst=875,1000, w=125,h=125, src=250,375
02:03:51.607 [FXGL Background Thread 2 ] DEBUG TilesetLoader        - Writing to buffer: dst=1000,1000, w=125,h=125, src=250,375
02:03:51.607 [FXGL Background Thread 2 ] DEBUG TilesetLoader        - Writing to buffer: dst=1125,1000, w=125,h=125, src=250,375
02:03:51.607 [FXGL Background Thread 2 ] DEBUG TilesetLoader        - Writing to buffer: dst=1250,1000, w=125,h=125, src=250,375
02:03:51.607 [FXGL Background Thread 2 ] DEBUG TilesetLoader        - Writing to buffer: dst=1375,1000, w=125,h=125, src=500,375
02:03:51.607 [FXGL Background Thread 2 ] DEBUG TilesetLoader        - Writing to buffer: dst=1500,1000, w=125,h=125, src=500,0
02:03:51.609 [FXGL Background Thread 2 ] DEBUG TilesetLoader        - Writing to buffer: dst=1625,1000, w=125,h=125, src=750,375
02:03:51.611 [FXGL Background Thread 2 ] DEBUG TilesetLoader        - Writing to buffer: dst=1750,1000, w=125,h=125, src=250,375
02:03:51.612 [FXGL Background Thread 2 ] DEBUG TilesetLoader        - Writing to buffer: dst=1875,1000, w=125,h=125, src=250,375
02:03:51.613 [FXGL Background Thread 2 ] DEBUG TMXLevelLoader       - Creating object layer entities
02:03:51.681 [FXGL Background Thread 2 ] DEBUG FXGLAssetLoaderServi - Loading from file system: /assets/textures/semaforoRosso-01.png
02:03:51.688 [FXGL Background Thread 2 ] DEBUG FXGLAssetLoaderServi - Loading from file system: /assets/textures/semaforoVerde-01.png
02:03:51.694 [FXGL Background Thread 2 ] DEBUG FXGLAssetLoaderServi - Loading from cache: /assets/textures/semaforoRosso-01.png
02:03:51.694 [FXGL Background Thread 2 ] DEBUG FXGLAssetLoaderServi - Loading from cache: /assets/textures/semaforoVerde-01.png
02:03:51.695 [FXGL Background Thread 2 ] DEBUG FXGLAssetLoaderServi - Loading from cache: /assets/textures/semaforoRosso-01.png
02:03:51.696 [FXGL Background Thread 2 ] DEBUG FXGLAssetLoaderServi - Loading from cache: /assets/textures/semaforoVerde-01.png
02:03:51.702 [FXGL Background Thread 2 ] DEBUG FXGLAssetLoaderServi - Loading from cache: /assets/textures/semaforoRosso-01.png
02:03:51.702 [FXGL Background Thread 2 ] DEBUG FXGLAssetLoaderServi - Loading from cache: /assets/textures/semaforoVerde-01.png
02:03:51.705 [FXGL Background Thread 2 ] DEBUG FXGLAssetLoaderServi - Loading from file system: /assets/textures/semaforoRosso-04.png
02:03:51.710 [FXGL Background Thread 2 ] DEBUG FXGLAssetLoaderServi - Loading from file system: /assets/textures/semaforoVerde-04.png
02:03:51.718 [FXGL Background Thread 2 ] DEBUG FXGLAssetLoaderServi - Loading from cache: /assets/textures/semaforoRosso-04.png
02:03:51.718 [FXGL Background Thread 2 ] DEBUG FXGLAssetLoaderServi - Loading from cache: /assets/textures/semaforoVerde-04.png
02:03:51.719 [FXGL Background Thread 2 ] DEBUG FXGLAssetLoaderServi - Loading from cache: /assets/textures/semaforoRosso-04.png
02:03:51.719 [FXGL Background Thread 2 ] DEBUG FXGLAssetLoaderServi - Loading from cache: /assets/textures/semaforoVerde-04.png
02:03:51.721 [FXGL Background Thread 2 ] DEBUG FXGLAssetLoaderServi - Loading from cache: /assets/textures/semaforoRosso-04.png
02:03:51.721 [FXGL Background Thread 2 ] DEBUG FXGLAssetLoaderServi - Loading from cache: /assets/textures/semaforoVerde-04.png
02:03:51.722 [FXGL Background Thread 2 ] DEBUG FXGLAssetLoaderServi - Loading from file system: /assets/textures/semaforoRosso-03.png
02:03:51.725 [FXGL Background Thread 2 ] DEBUG FXGLAssetLoaderServi - Loading from file system: /assets/textures/semaforoVerde-03.png
02:03:51.731 [FXGL Background Thread 2 ] DEBUG FXGLAssetLoaderServi - Loading from cache: /assets/textures/semaforoRosso-03.png
02:03:51.731 [FXGL Background Thread 2 ] DEBUG FXGLAssetLoaderServi - Loading from cache: /assets/textures/semaforoVerde-03.png
02:03:51.732 [FXGL Background Thread 2 ] DEBUG FXGLAssetLoaderServi - Loading from cache: /assets/textures/semaforoRosso-03.png
02:03:51.732 [FXGL Background Thread 2 ] DEBUG FXGLAssetLoaderServi - Loading from cache: /assets/textures/semaforoVerde-03.png
02:03:51.733 [FXGL Background Thread 2 ] DEBUG FXGLAssetLoaderServi - Loading from cache: /assets/textures/semaforoRosso-03.png
02:03:51.733 [FXGL Background Thread 2 ] DEBUG FXGLAssetLoaderServi - Loading from cache: /assets/textures/semaforoVerde-03.png
02:03:51.734 [FXGL Background Thread 2 ] DEBUG FXGLAssetLoaderServi - Loading from file system: /assets/textures/semaforoRosso-02.png
02:03:51.736 [FXGL Background Thread 2 ] DEBUG FXGLAssetLoaderServi - Loading from file system: /assets/textures/semaforoVerde-02.png
02:03:51.743 [FXGL Background Thread 2 ] DEBUG FXGLAssetLoaderServi - Loading from cache: /assets/textures/semaforoRosso-02.png
02:03:51.743 [FXGL Background Thread 2 ] DEBUG FXGLAssetLoaderServi - Loading from cache: /assets/textures/semaforoVerde-02.png
02:03:51.744 [FXGL Background Thread 2 ] DEBUG FXGLAssetLoaderServi - Loading from cache: /assets/textures/semaforoRosso-02.png
02:03:51.745 [FXGL Background Thread 2 ] DEBUG FXGLAssetLoaderServi - Loading from cache: /assets/textures/semaforoVerde-02.png
02:03:51.746 [FXGL Background Thread 2 ] DEBUG FXGLAssetLoaderServi - Loading from cache: /assets/textures/semaforoRosso-02.png
02:03:51.746 [FXGL Background Thread 2 ] DEBUG FXGLAssetLoaderServi - Loading from cache: /assets/textures/semaforoVerde-02.png
02:03:51.747 [FXGL Background Thread 2 ] DEBUG GameWorld            - Clearing removable entities
02:03:51.748 [FXGL Background Thread 2 ] DEBUG GameWorld            - Setting level: com.almasb.fxgl.entity.level.Level@7ee71b53
02:03:51.760 [FXGL Background Thread 2 ] DEBUG FXGLAssetLoaderServi - Loading from file system: /assets/textures/pointer-sprite.png
02:03:51.865 [FXGL Background Thread 2 ] INFO  FXGLApplication      - Game initialization took: 0,864 sec
02:03:51.867 [JavaFX Application Thread] DEBUG Input                - Clearing active input actions
02:03:51.878 [JavaFX Application Thread] DEBUG GameApplicationServi - Removing overlay from FXGLLoadingScene and adding to GameScene
02:03:51.883 [JavaFX Application Thread] DEBUG MainWindow           - FXGLLoadingScene -> GameScene
02:06:18.800 [JavaFX Application Thread] DEBUG MainWindow           - Push state: FXGLDefaultMenu
02:06:18.809 [JavaFX Application Thread] DEBUG Input                - Clearing active input actions
02:06:18.810 [JavaFX Application Thread] DEBUG GameApplicationServi - Removing overlay from GameScene and adding to FXGLDefaultMenu
02:06:18.813 [JavaFX Application Thread] DEBUG MainWindow           - GameScene -> FXGLDefaultMenu
02:06:26.801 [JavaFX Application Thread] DEBUG Menu                 - fireExitToMainMenu()
02:06:26.805 [JavaFX Application Thread] DEBUG MainWindow           - Push state: DialogSubScene
02:06:26.806 [JavaFX Application Thread] DEBUG Input                - Clearing active input actions
02:06:26.806 [JavaFX Application Thread] DEBUG GameApplicationServi - Removing overlay from FXGLDefaultMenu and adding to DialogSubScene
02:06:26.807 [JavaFX Application Thread] DEBUG MainWindow           - FXGLDefaultMenu -> DialogSubScene
02:06:27.658 [JavaFX Application Thread] DEBUG MainWindow           - Pop state: DialogSubScene
02:06:27.658 [JavaFX Application Thread] DEBUG Input                - Clearing active input actions
02:06:27.660 [JavaFX Application Thread] DEBUG GameApplicationServi - Removing overlay from DialogSubScene and adding to FXGLDefaultMenu
02:06:27.661 [JavaFX Application Thread] DEBUG MainWindow           - FXGLDefaultMenu <- DialogSubScene
02:06:27.666 [JavaFX Application Thread] DEBUG MainWindow           - Pop state: FXGLDefaultMenu
02:06:27.666 [JavaFX Application Thread] DEBUG Input                - Clearing active input actions
02:06:27.667 [JavaFX Application Thread] DEBUG GameApplicationServi - Removing overlay from FXGLDefaultMenu and adding to GameScene
02:06:27.667 [JavaFX Application Thread] DEBUG MainWindow           - GameScene <- FXGLDefaultMenu
02:06:27.667 [JavaFX Application Thread] DEBUG Input                - Clearing active input actions
02:06:27.675 [JavaFX Application Thread] DEBUG GameApplicationServi - Removing overlay from GameScene and adding to FXGLMainMenuDummyScene
02:06:27.683 [JavaFX Application Thread] DEBUG MainWindow           - GameScene -> FXGLMainMenuDummyScene
02:06:27.683 [JavaFX Application Thread] DEBUG MainWindow           - Push state: TrafficAppMenu
02:06:27.683 [JavaFX Application Thread] DEBUG Input                - Clearing active input actions
02:06:27.684 [JavaFX Application Thread] DEBUG GameApplicationServi - Removing overlay from FXGLMainMenuDummyScene and adding to TrafficAppMenu
02:06:27.685 [JavaFX Application Thread] DEBUG MainWindow           - FXGLMainMenuDummyScene -> TrafficAppMenu
02:06:30.177 [JavaFX Application Thread] DEBUG LoopRunner           - Stopping loop
02:06:30.179 [JavaFX Application Thread] FATAL FXGLApplication      - Uncaught Exception:
java.lang.IllegalArgumentException: Unexpected value: EASY
	at trafficGame.main/it.uniroma1.metodologie.trafficGame.TrafficApp.setMinSpawnRate(TrafficApp.java:75)
	at trafficGame.main/it.uniroma1.metodologie.trafficGame.ui.TrafficAppMenu.setDifficulty(TrafficAppMenu.java:184)
	at trafficGame.main/it.uniroma1.metodologie.trafficGame.ui.TrafficAppMenu.lambda$14(TrafficAppMenu.java:115)
	at trafficGame.main/it.uniroma1.metodologie.trafficGame.ui.TrafficAppMenu$TrafficButton.lambda$1(TrafficAppMenu.java:284)
	at javafx.base/com.sun.javafx.event.CompositeEventHandler.dispatchBubblingEvent(CompositeEventHandler.java:86)
	at javafx.base/com.sun.javafx.event.EventHandlerManager.dispatchBubblingEvent(EventHandlerManager.java:234)
	at javafx.base/com.sun.javafx.event.EventHandlerManager.dispatchBubblingEvent(EventHandlerManager.java:191)
	at javafx.base/com.sun.javafx.event.CompositeEventDispatcher.dispatchBubblingEvent(CompositeEventDispatcher.java:59)
	at javafx.base/com.sun.javafx.event.BasicEventDispatcher.dispatchEvent(BasicEventDispatcher.java:58)
	at javafx.base/com.sun.javafx.event.EventDispatchChainImpl.dispatchEvent(EventDispatchChainImpl.java:114)
	at javafx.base/com.sun.javafx.event.BasicEventDispatcher.dispatchEvent(BasicEventDispatcher.java:56)
	at javafx.base/com.sun.javafx.event.EventDispatchChainImpl.dispatchEvent(EventDispatchChainImpl.java:114)
	at javafx.base/com.sun.javafx.event.BasicEventDispatcher.dispatchEvent(BasicEventDispatcher.java:56)
	at javafx.base/com.sun.javafx.event.EventDispatchChainImpl.dispatchEvent(EventDispatchChainImpl.java:114)
	at javafx.base/com.sun.javafx.event.EventUtil.fireEventImpl(EventUtil.java:74)
	at javafx.base/com.sun.javafx.event.EventUtil.fireEvent(EventUtil.java:54)
	at javafx.base/javafx.event.Event.fireEvent(Event.java:198)
	at javafx.graphics/javafx.scene.Scene$ClickGenerator.postProcess(Scene.java:3597)
	at javafx.graphics/javafx.scene.Scene$MouseHandler.process(Scene.java:3899)
	at javafx.graphics/javafx.scene.Scene.processMouseEvent(Scene.java:1885)
	at javafx.graphics/javafx.scene.Scene$ScenePeerListener.mouseEvent(Scene.java:2618)
	at javafx.graphics/com.sun.javafx.tk.quantum.GlassViewEventHandler$MouseEventNotification.run(GlassViewEventHandler.java:409)
	at javafx.graphics/com.sun.javafx.tk.quantum.GlassViewEventHandler$MouseEventNotification.run(GlassViewEventHandler.java:299)
	at java.base/java.security.AccessController.doPrivileged(AccessController.java:391)
	at javafx.graphics/com.sun.javafx.tk.quantum.GlassViewEventHandler.lambda$handleMouseEvent$2(GlassViewEventHandler.java:447)
	at javafx.graphics/com.sun.javafx.tk.quantum.QuantumToolkit.runWithoutRenderLock(QuantumToolkit.java:412)
	at javafx.graphics/com.sun.javafx.tk.quantum.GlassViewEventHandler.handleMouseEvent(GlassViewEventHandler.java:446)
	at javafx.graphics/com.sun.glass.ui.View.handleMouseEvent(View.java:556)
	at javafx.graphics/com.sun.glass.ui.View.notifyMouse(View.java:942)
	at javafx.graphics/com.sun.glass.ui.mac.MacView.notifyMouse(MacView.java:127)

02:06:30.180 [JavaFX Application Thread] FATAL FXGLApplication      - Application will now exit
02:06:30.186 [JavaFX Application Thread] DEBUG MainWindow           - Push state: ErrorSubScene
02:06:30.186 [JavaFX Application Thread] DEBUG Input                - Clearing active input actions
02:06:30.187 [JavaFX Application Thread] DEBUG GameApplicationServi - Removing overlay from TrafficAppMenu and adding to ErrorSubScene
02:06:30.188 [JavaFX Application Thread] DEBUG MainWindow           - TrafficAppMenu -> ErrorSubScene
02:06:50.666 [JavaFX Application Thread] DEBUG FXGLApplication      - Exiting FXGL
02:06:50.666 [JavaFX Application Thread] DEBUG Async                - Shutting down background threads
02:06:50.667 [JavaFX Application Thread] DEBUG MainWindow           - Closing main window
02:06:50.680 [JavaFX Application Thread] DEBUG Logger               - Closing Logger
