02:50:16.118 [main                     ] DEBUG Logger               - Configured Logger
02:50:16.132 [main                     ] DEBUG GameApplication      - Logging settings
Title: Traffic
Version: Alpha 1.0
Width: 2000
Height: 1125
Fullscreen: false
Intro: false
Profiling: false
Single step:false
App Mode: DEVELOPER
Menu Key: ESCAPE
Stage Style: DECORATED
Scene Factory: class it.uniroma1.metodologie.trafficGame.TrafficApp$1

02:50:16.480 [JavaFX Application Thread] DEBUG FXGLApplication      - Initializing FXGL
02:50:16.486 [JavaFX Application Thread] INFO  Engine               - FXGL-dev-SNAPSHOT (08.09.2020 17.31) on WINDOWS (J:13.0.2 FX:14)
02:50:16.486 [JavaFX Application Thread] DEBUG Engine               - JRE Vendor Name: Oracle Corporation
02:50:16.487 [JavaFX Application Thread] DEBUG Engine               - Running on OS: Windows 10 version 10.0
02:50:16.487 [JavaFX Application Thread] DEBUG Engine               - Architecture: amd64
02:50:16.487 [JavaFX Application Thread] INFO  Engine               - Source code and latest versions at: https://github.com/AlmasB/FXGL
02:50:16.487 [JavaFX Application Thread] INFO  Engine               -              Join the FXGL chat at: https://gitter.im/AlmasB/FXGL
02:50:16.564 [JavaFX Application Thread] DEBUG MainWindow           - Creating a JavaFX scene
02:50:16.602 [JavaFX Application Thread] DEBUG MainWindow           - Target settings size: 2000.0 x 1125.0
02:50:16.603 [JavaFX Application Thread] DEBUG MainWindow           - Scaled scene size:    2000.0 x 1125.0
02:50:16.603 [JavaFX Application Thread] DEBUG MainWindow           - Scaled ratio: (1.0, 1.0)
02:50:16.604 [JavaFX Application Thread] DEBUG MainWindow           - Set initial scene to StartupScene
02:50:16.608 [JavaFX Application Thread] DEBUG MainWindow           - Opening main window
02:50:16.676 [JavaFX Application Thread] DEBUG MainWindow           - Window border size: (16.0, 39.0)
02:50:16.676 [JavaFX Application Thread] DEBUG MainWindow           - Scaled size: 2000.0 x 1125.0
02:50:16.676 [JavaFX Application Thread] DEBUG MainWindow           - Scaled ratio: (1.0, 1.0)
02:50:16.676 [JavaFX Application Thread] DEBUG MainWindow           - Scene size: 2000.0 x 1125.0
02:50:16.676 [JavaFX Application Thread] DEBUG MainWindow           - Stage size: 2016.0 x 1164.0
02:50:16.687 [FXGL Background Thread 1 ] DEBUG Engine               - Initializing environment variables
02:50:16.716 [FXGL Background Thread 1 ] DEBUG GameApplicationServi - Applying CSS: fxgl_dark.css
02:50:16.718 [FXGL Background Thread 1 ] DEBUG FXGLAssetLoaderServi - Loading from file system: /assets/ui/css/fxgl_dark.css
02:50:16.764 [FXGL Background Thread 1 ] DEBUG GameApplicationServi - Initializing application scenes
02:50:16.820 [FXGL Background Thread 1 ] DEBUG GameWorld            - Game world initialized
02:50:16.859 [FXGL Background Thread 1 ] DEBUG PhysicsWorld         - Physics world initialized: appHeight=1125, physics.ppm=50,0
02:50:16.861 [FXGL Background Thread 1 ] DEBUG GameScene            - Game scene initialized: 2000x1125
02:50:16.869 [FXGL Background Thread 1 ] DEBUG FXGLAssetLoaderServi - Loading from file system: /assets/textures/bg.jpg
02:50:17.158 [FXGL Background Thread 1 ] DEBUG FXGLAssetLoaderServi - Loading from file system: /assets/textures/logo.png
02:50:17.251 [FXGL Background Thread 1 ] DEBUG FXGLAssetLoaderServi - Loading from file system: /assets/textures/particles/trace_horizontal.png
02:50:17.271 [FXGL Background Thread 1 ] DEBUG FXGL.DefaultMenu     - createMenuBodyGameMenu()
02:50:17.282 [FXGL Background Thread 1 ] DEBUG FXGL.DefaultMenu     - createOptionsMenu()
02:50:17.285 [FXGL Background Thread 1 ] DEBUG FXGL.DefaultMenu     - createExtraMenu()
02:50:17.287 [FXGL Background Thread 1 ] DEBUG FXGLAssetLoaderServi - Loading from file system: /assets/textures/particles/smoke.png
02:50:17.329 [FXGL Background Thread 1 ] DEBUG GameApplicationServi - Application scenes initialized
02:50:17.338 [FXGL Background Thread 1 ] DEBUG SystemBundleService  - Loading FXGL system data
02:50:17.343 [FXGL Background Thread 1 ] DEBUG FileSystemAccess     - Reading from: C:\Users\Andrea\Desktop\Homework\traffic-mobile\system\fxgl.bundle
02:50:17.349 [FXGL Background Thread 1 ] DEBUG SystemBundleService  - Bundle FXGL: {}
02:50:17.349 [FXGL Background Thread 1 ] DEBUG UpdaterService       - Checking for updates
02:50:17.377 [FXGL Background Thread 4 ] DEBUG FXGLApplication      - Loading fonts
02:50:17.377 [FXGL Background Thread 1 ] DEBUG FXGLApplication      - Loading default localization
02:50:17.377 [FXGL Background Thread 4 ] DEBUG FXGLAssetLoaderServi - Loading from file system: /assets/ui/fonts/VarelaRound-Regular.ttf
02:50:17.377 [FXGL Background Thread 1 ] DEBUG FXGLAssetLoaderServi - Loading from file system: /assets/languages/english.lang
02:50:17.391 [FXGL Background Thread 1 ] INFO  FXGLApplication      - FXGL initialization took: 0,704 sec
02:50:17.398 [JavaFX Application Thread] DEBUG Input                - Registered new binding: Change trafficlight status - F
02:50:17.399 [JavaFX Application Thread] DEBUG Input                - Registered new binding: Move Right - D
02:50:17.399 [JavaFX Application Thread] DEBUG Input                - Registered new binding: Move Left - A
02:50:17.399 [JavaFX Application Thread] DEBUG Input                - Registered new binding: Move Up - W
02:50:17.400 [JavaFX Application Thread] DEBUG Input                - Registered new binding: Move Down - S
02:50:17.400 [JavaFX Application Thread] DEBUG Input                - Registered new binding: Spawn Car - Space
02:50:17.401 [JavaFX Application Thread] DEBUG Input                - Registered new binding: Select and change traffic light - LMB
02:50:17.401 [JavaFX Application Thread] DEBUG FXGLAssetLoaderServi - Loading from file system: /assets/textures/fxgl_icon.png
02:50:17.411 [JavaFX Application Thread] DEBUG FXGLAssetLoaderServi - Loading from file system: /assets/ui/cursors/fxgl_default.png
02:50:17.412 [JavaFX Application Thread] DEBUG Input                - Registered new binding: Screenshot - P
02:50:17.413 [JavaFX Application Thread] DEBUG Input                - Registered new binding: Dev Options - 1
02:50:17.413 [JavaFX Application Thread] DEBUG Input                - Registered new binding: Dev Console - 2
02:50:17.413 [JavaFX Application Thread] DEBUG Input                - Registered new binding: System info dump - CTRL+9
02:50:17.415 [JavaFX Application Thread] DEBUG Input                - Registered new binding: Restart - CTRL+R
02:50:17.415 [JavaFX Application Thread] DEBUG Input                - Registered new binding: Toggle Debug Camera - CTRL+C
02:50:17.417 [JavaFX Application Thread] DEBUG LoopRunner           - Starting loop
02:50:17.427 [JavaFX Application Thread] DEBUG Input                - Clearing active input actions
02:50:17.433 [JavaFX Application Thread] DEBUG GameApplicationServi - Removing overlay from StartupScene and adding to FXGLMainMenuDummyScene
02:50:17.435 [JavaFX Application Thread] DEBUG MainWindow           - StartupScene -> FXGLMainMenuDummyScene
02:50:17.435 [JavaFX Application Thread] DEBUG MainWindow           - Push state: TrafficAppMenu
02:50:17.435 [JavaFX Application Thread] DEBUG Input                - Clearing active input actions
02:50:17.445 [JavaFX Application Thread] DEBUG GameApplicationServi - Removing overlay from FXGLMainMenuDummyScene and adding to TrafficAppMenu
02:50:17.446 [JavaFX Application Thread] DEBUG MainWindow           - FXGLMainMenuDummyScene -> TrafficAppMenu
02:50:17.949 [FXGL Background Thread 4 ] DEBUG FXGLAssetLoaderServi - Loading from file system: /assets/ui/fonts/Abel-Regular.ttf
02:50:17.952 [FXGL Background Thread 4 ] DEBUG FXGLAssetLoaderServi - Loading from file system: /assets/ui/fonts/lucida_console.ttf
02:50:17.960 [FXGL Background Thread 4 ] DEBUG FXGLAssetLoaderServi - Loading from file system: /assets/ui/fonts/Courier-Prime.ttf
02:50:17.963 [JavaFX Application Thread] DEBUG FXGLApplication      - Registering font factories with UI factory
02:50:18.049 [JavaFX Application Thread] DEBUG Menu                 - fireNewGame()
02:50:18.049 [JavaFX Application Thread] DEBUG GameApplicationServi - Starting new game
02:50:18.049 [JavaFX Application Thread] DEBUG MainWindow           - Pop state: TrafficAppMenu
02:50:18.049 [JavaFX Application Thread] DEBUG Input                - Clearing active input actions
02:50:18.050 [JavaFX Application Thread] DEBUG GameApplicationServi - Removing overlay from TrafficAppMenu and adding to FXGLMainMenuDummyScene
02:50:18.052 [JavaFX Application Thread] DEBUG MainWindow           - FXGLMainMenuDummyScene <- TrafficAppMenu
02:50:18.052 [JavaFX Application Thread] DEBUG Input                - Clearing active input actions
02:50:18.059 [JavaFX Application Thread] DEBUG GameApplicationServi - Removing overlay from FXGLMainMenuDummyScene and adding to FXGLLoadingScene
02:50:18.061 [JavaFX Application Thread] DEBUG MainWindow           - FXGLMainMenuDummyScene -> FXGLLoadingScene
02:50:18.061 [JavaFX Application Thread] DEBUG GameApplicationServi - Clearing previous game
02:50:18.061 [JavaFX Application Thread] DEBUG GameScene            - Clearing game scene
02:50:18.061 [JavaFX Application Thread] DEBUG GameWorld            - Clearing game world
02:50:18.061 [JavaFX Application Thread] DEBUG PhysicsWorld         - Clearing physics world
02:50:18.063 [FXGL Background Thread 4 ] DEBUG FXGLApplication      - Initializing game
02:50:18.085 [FXGL Background Thread 4 ] DEBUG FXGLAssetLoaderServi - Loading from file system: /assets/levels/Mappa_01.tmx
02:50:18.137 [FXGL Background Thread 4 ] WARN  TMXLevelLoader       - TiledMap generated from 1.4.1. Supported version: 1.2.3. Some features may not be parsed fully.
02:50:18.163 [FXGL Background Thread 4 ] DEBUG TMXLevelLoader       - Parsed raw map: TiledMap(width=16, height=9, tilewidth=125, tileheight=125, orientation=orthogonal, layers=[Layer(width=16, height=9, name=Tile Layer 1, type=tilelayer, visible=false, x=0, y=0, data=[24, 24, 24, 26, 5, 28, 24, 24, 24, 24, 24, 26, 5, 28, 24, 24, 25, 25, 25, 32, 5, 34, 25, 25, 25, 25, 25, 32, 5, 34, 25, 25, 6, 6, 6, 6, 7, 6, 6, 6, 6, 6, 6, 6, 7, 6, 6, 6, 27, 27, 27, 33, 5, 21, 13, 13, 13, 13, 13, 19, 5, 35, 27, 27, 24, 24, 24, 26, 5, 14, 10, 10, 10, 10, 10, 12, 5, 28, 24, 24, 25, 25, 25, 32, 5, 20, 11, 11, 11, 11, 11, 18, 5, 34, 25, 25, 6, 6, 6, 6, 7, 6, 6, 6, 6, 6, 6, 6, 7, 6, 6, 6, 27, 27, 27, 33, 5, 35, 27, 27, 27, 27, 27, 33, 5, 35, 27, 27, 24, 24, 24, 26, 5, 28, 24, 24, 24, 24, 24, 26, 5, 28, 24, 24], objects=[], opacity=0.0, draworder=), Layer(width=0, height=0, name=spawnpoints, type=objectgroup, visible=false, x=0, y=0, data=[], objects=[com.almasb.fxgl.entity.level.tiled.TiledObject@8e6a3cb, com.almasb.fxgl.entity.level.tiled.TiledObject@1598a913, com.almasb.fxgl.entity.level.tiled.TiledObject@62862f6c, com.almasb.fxgl.entity.level.tiled.TiledObject@5bc05943, com.almasb.fxgl.entity.level.tiled.TiledObject@6605410b, com.almasb.fxgl.entity.level.tiled.TiledObject@3605bce9, com.almasb.fxgl.entity.level.tiled.TiledObject@65ab080a, com.almasb.fxgl.entity.level.tiled.TiledObject@3c784fbd], opacity=0.0, draworder=), Layer(width=0, height=0, name=paths, type=objectgroup, visible=false, x=0, y=0, data=[], objects=[com.almasb.fxgl.entity.level.tiled.TiledObject@70b94c20, com.almasb.fxgl.entity.level.tiled.TiledObject@6b40542a, com.almasb.fxgl.entity.level.tiled.TiledObject@5696ea10, com.almasb.fxgl.entity.level.tiled.TiledObject@28ed42d8, com.almasb.fxgl.entity.level.tiled.TiledObject@128fd3a9, com.almasb.fxgl.entity.level.tiled.TiledObject@7b0724d6, com.almasb.fxgl.entity.level.tiled.TiledObject@1a2097cc, com.almasb.fxgl.entity.level.tiled.TiledObject@5899edd2, com.almasb.fxgl.entity.level.tiled.TiledObject@34676ff3, com.almasb.fxgl.entity.level.tiled.TiledObject@7684cc3d, com.almasb.fxgl.entity.level.tiled.TiledObject@6804abd6, com.almasb.fxgl.entity.level.tiled.TiledObject@7f642c79, com.almasb.fxgl.entity.level.tiled.TiledObject@70f3dc91, com.almasb.fxgl.entity.level.tiled.TiledObject@20461396, com.almasb.fxgl.entity.level.tiled.TiledObject@6d515653, com.almasb.fxgl.entity.level.tiled.TiledObject@3388b864, com.almasb.fxgl.entity.level.tiled.TiledObject@5d71edd0, com.almasb.fxgl.entity.level.tiled.TiledObject@4dbb9f4b, com.almasb.fxgl.entity.level.tiled.TiledObject@2abfbb61, com.almasb.fxgl.entity.level.tiled.TiledObject@5c027dca, com.almasb.fxgl.entity.level.tiled.TiledObject@ecf04f7, com.almasb.fxgl.entity.level.tiled.TiledObject@1f1f93a2, com.almasb.fxgl.entity.level.tiled.TiledObject@482c4793, com.almasb.fxgl.entity.level.tiled.TiledObject@78f8f71], opacity=0.0, draworder=), Layer(width=0, height=0, name=Incroci, type=objectgroup, visible=false, x=0, y=0, data=[], objects=[com.almasb.fxgl.entity.level.tiled.TiledObject@7191dbcb, com.almasb.fxgl.entity.level.tiled.TiledObject@12f0c4d8, com.almasb.fxgl.entity.level.tiled.TiledObject@38ca09ca, com.almasb.fxgl.entity.level.tiled.TiledObject@4345fda5], opacity=0.0, draworder=), Layer(width=0, height=0, name=trafficLight, type=objectgroup, visible=false, x=0, y=0, data=[], objects=[com.almasb.fxgl.entity.level.tiled.TiledObject@3c753985, com.almasb.fxgl.entity.level.tiled.TiledObject@2837ecd7, com.almasb.fxgl.entity.level.tiled.TiledObject@40db2442, com.almasb.fxgl.entity.level.tiled.TiledObject@2c1f4129, com.almasb.fxgl.entity.level.tiled.TiledObject@3933fc3e, com.almasb.fxgl.entity.level.tiled.TiledObject@2e75fe9b, com.almasb.fxgl.entity.level.tiled.TiledObject@37953623, com.almasb.fxgl.entity.level.tiled.TiledObject@61d52ff1, com.almasb.fxgl.entity.level.tiled.TiledObject@47a1fdf9, com.almasb.fxgl.entity.level.tiled.TiledObject@46a142b0, com.almasb.fxgl.entity.level.tiled.TiledObject@581b4069, com.almasb.fxgl.entity.level.tiled.TiledObject@1079563c, com.almasb.fxgl.entity.level.tiled.TiledObject@58ff2fff, com.almasb.fxgl.entity.level.tiled.TiledObject@14074292, com.almasb.fxgl.entity.level.tiled.TiledObject@161d4073, com.almasb.fxgl.entity.level.tiled.TiledObject@4c0f2c3a], opacity=0.0, draworder=)], tilesets=[Tileset(firstgid=1, image=../textures/rsz_tiles_sheet.png, name=rsz_tiles_sheet, tilewidth=125, tileheight=125, imagewidth=875, imageheight=750, margin=0, spacing=0, columns=7, tilecount=42, transparentcolor=41ffef, tiles=[])], backgroundcolor=, renderorder=left-up, nextobjectid=66, version=1, tiledversion=1.4.1, type=map, infinite=false, hexsidelength=0, staggeraxis=, staggerindex=, properties={}, propertytypes={})
02:50:18.164 [FXGL Background Thread 4 ] DEBUG TMXLevelLoader       - Creating tile layer entities
02:50:18.165 [FXGL Background Thread 4 ] DEBUG TilesetLoader        - Loading view for layer Tile Layer 1
02:50:18.173 [FXGL Background Thread 4 ] DEBUG TilesetLoader        - Created buffer with size 2000.0x1125.0
02:50:18.296 [FXGL Background Thread 4 ] DEBUG TilesetLoader        - Writing to buffer: dst=0,0, w=125,h=125, src=250,375
02:50:18.296 [FXGL Background Thread 4 ] DEBUG TilesetLoader        - Writing to buffer: dst=125,0, w=125,h=125, src=250,375
02:50:18.297 [FXGL Background Thread 4 ] DEBUG TilesetLoader        - Writing to buffer: dst=250,0, w=125,h=125, src=250,375
02:50:18.297 [FXGL Background Thread 4 ] DEBUG TilesetLoader        - Writing to buffer: dst=375,0, w=125,h=125, src=500,375
02:50:18.297 [FXGL Background Thread 4 ] DEBUG TilesetLoader        - Writing to buffer: dst=500,0, w=125,h=125, src=500,0
02:50:18.297 [FXGL Background Thread 4 ] DEBUG TilesetLoader        - Writing to buffer: dst=625,0, w=125,h=125, src=750,375
02:50:18.297 [FXGL Background Thread 4 ] DEBUG TilesetLoader        - Writing to buffer: dst=750,0, w=125,h=125, src=250,375
02:50:18.297 [FXGL Background Thread 4 ] DEBUG TilesetLoader        - Writing to buffer: dst=875,0, w=125,h=125, src=250,375
02:50:18.298 [FXGL Background Thread 4 ] DEBUG TilesetLoader        - Writing to buffer: dst=1000,0, w=125,h=125, src=250,375
02:50:18.298 [FXGL Background Thread 4 ] DEBUG TilesetLoader        - Writing to buffer: dst=1125,0, w=125,h=125, src=250,375
02:50:18.298 [FXGL Background Thread 4 ] DEBUG TilesetLoader        - Writing to buffer: dst=1250,0, w=125,h=125, src=250,375
02:50:18.298 [FXGL Background Thread 4 ] DEBUG TilesetLoader        - Writing to buffer: dst=1375,0, w=125,h=125, src=500,375
02:50:18.298 [FXGL Background Thread 4 ] DEBUG TilesetLoader        - Writing to buffer: dst=1500,0, w=125,h=125, src=500,0
02:50:18.298 [FXGL Background Thread 4 ] DEBUG TilesetLoader        - Writing to buffer: dst=1625,0, w=125,h=125, src=750,375
02:50:18.298 [FXGL Background Thread 4 ] DEBUG TilesetLoader        - Writing to buffer: dst=1750,0, w=125,h=125, src=250,375
02:50:18.299 [FXGL Background Thread 4 ] DEBUG TilesetLoader        - Writing to buffer: dst=1875,0, w=125,h=125, src=250,375
02:50:18.299 [FXGL Background Thread 4 ] DEBUG TilesetLoader        - Writing to buffer: dst=0,125, w=125,h=125, src=375,375
02:50:18.299 [FXGL Background Thread 4 ] DEBUG TilesetLoader        - Writing to buffer: dst=125,125, w=125,h=125, src=375,375
02:50:18.299 [FXGL Background Thread 4 ] DEBUG TilesetLoader        - Writing to buffer: dst=250,125, w=125,h=125, src=375,375
02:50:18.299 [FXGL Background Thread 4 ] DEBUG TilesetLoader        - Writing to buffer: dst=375,125, w=125,h=125, src=375,500
02:50:18.299 [FXGL Background Thread 4 ] DEBUG TilesetLoader        - Writing to buffer: dst=500,125, w=125,h=125, src=500,0
02:50:18.299 [FXGL Background Thread 4 ] DEBUG TilesetLoader        - Writing to buffer: dst=625,125, w=125,h=125, src=625,500
02:50:18.299 [FXGL Background Thread 4 ] DEBUG TilesetLoader        - Writing to buffer: dst=750,125, w=125,h=125, src=375,375
02:50:18.300 [FXGL Background Thread 4 ] DEBUG TilesetLoader        - Writing to buffer: dst=875,125, w=125,h=125, src=375,375
02:50:18.300 [FXGL Background Thread 4 ] DEBUG TilesetLoader        - Writing to buffer: dst=1000,125, w=125,h=125, src=375,375
02:50:18.300 [FXGL Background Thread 4 ] DEBUG TilesetLoader        - Writing to buffer: dst=1125,125, w=125,h=125, src=375,375
02:50:18.300 [FXGL Background Thread 4 ] DEBUG TilesetLoader        - Writing to buffer: dst=1250,125, w=125,h=125, src=375,375
02:50:18.300 [FXGL Background Thread 4 ] DEBUG TilesetLoader        - Writing to buffer: dst=1375,125, w=125,h=125, src=375,500
02:50:18.300 [FXGL Background Thread 4 ] DEBUG TilesetLoader        - Writing to buffer: dst=1500,125, w=125,h=125, src=500,0
02:50:18.301 [FXGL Background Thread 4 ] DEBUG TilesetLoader        - Writing to buffer: dst=1625,125, w=125,h=125, src=625,500
02:50:18.301 [FXGL Background Thread 4 ] DEBUG TilesetLoader        - Writing to buffer: dst=1750,125, w=125,h=125, src=375,375
02:50:18.301 [FXGL Background Thread 4 ] DEBUG TilesetLoader        - Writing to buffer: dst=1875,125, w=125,h=125, src=375,375
02:50:18.301 [FXGL Background Thread 4 ] DEBUG TilesetLoader        - Writing to buffer: dst=0,250, w=125,h=125, src=625,0
02:50:18.301 [FXGL Background Thread 4 ] DEBUG TilesetLoader        - Writing to buffer: dst=125,250, w=125,h=125, src=625,0
02:50:18.301 [FXGL Background Thread 4 ] DEBUG TilesetLoader        - Writing to buffer: dst=250,250, w=125,h=125, src=625,0
02:50:18.301 [FXGL Background Thread 4 ] DEBUG TilesetLoader        - Writing to buffer: dst=375,250, w=125,h=125, src=625,0
02:50:18.301 [FXGL Background Thread 4 ] DEBUG TilesetLoader        - Writing to buffer: dst=500,250, w=125,h=125, src=750,0
02:50:18.302 [FXGL Background Thread 4 ] DEBUG TilesetLoader        - Writing to buffer: dst=625,250, w=125,h=125, src=625,0
02:50:18.302 [FXGL Background Thread 4 ] DEBUG TilesetLoader        - Writing to buffer: dst=750,250, w=125,h=125, src=625,0
02:50:18.302 [FXGL Background Thread 4 ] DEBUG TilesetLoader        - Writing to buffer: dst=875,250, w=125,h=125, src=625,0
02:50:18.302 [FXGL Background Thread 4 ] DEBUG TilesetLoader        - Writing to buffer: dst=1000,250, w=125,h=125, src=625,0
02:50:18.302 [FXGL Background Thread 4 ] DEBUG TilesetLoader        - Writing to buffer: dst=1125,250, w=125,h=125, src=625,0
02:50:18.302 [FXGL Background Thread 4 ] DEBUG TilesetLoader        - Writing to buffer: dst=1250,250, w=125,h=125, src=625,0
02:50:18.302 [FXGL Background Thread 4 ] DEBUG TilesetLoader        - Writing to buffer: dst=1375,250, w=125,h=125, src=625,0
02:50:18.303 [FXGL Background Thread 4 ] DEBUG TilesetLoader        - Writing to buffer: dst=1500,250, w=125,h=125, src=750,0
02:50:18.303 [FXGL Background Thread 4 ] DEBUG TilesetLoader        - Writing to buffer: dst=1625,250, w=125,h=125, src=625,0
02:50:18.303 [FXGL Background Thread 4 ] DEBUG TilesetLoader        - Writing to buffer: dst=1750,250, w=125,h=125, src=625,0
02:50:18.303 [FXGL Background Thread 4 ] DEBUG TilesetLoader        - Writing to buffer: dst=1875,250, w=125,h=125, src=625,0
02:50:18.303 [FXGL Background Thread 4 ] DEBUG TilesetLoader        - Writing to buffer: dst=0,375, w=125,h=125, src=625,375
02:50:18.303 [FXGL Background Thread 4 ] DEBUG TilesetLoader        - Writing to buffer: dst=125,375, w=125,h=125, src=625,375
02:50:18.303 [FXGL Background Thread 4 ] DEBUG TilesetLoader        - Writing to buffer: dst=250,375, w=125,h=125, src=625,375
02:50:18.304 [FXGL Background Thread 4 ] DEBUG TilesetLoader        - Writing to buffer: dst=375,375, w=125,h=125, src=500,500
02:50:18.304 [FXGL Background Thread 4 ] DEBUG TilesetLoader        - Writing to buffer: dst=500,375, w=125,h=125, src=500,0
02:50:18.304 [FXGL Background Thread 4 ] DEBUG TilesetLoader        - Writing to buffer: dst=625,375, w=125,h=125, src=750,250
02:50:18.304 [FXGL Background Thread 4 ] DEBUG TilesetLoader        - Writing to buffer: dst=750,375, w=125,h=125, src=625,125
02:50:18.304 [FXGL Background Thread 4 ] DEBUG TilesetLoader        - Writing to buffer: dst=875,375, w=125,h=125, src=625,125
02:50:18.304 [FXGL Background Thread 4 ] DEBUG TilesetLoader        - Writing to buffer: dst=1000,375, w=125,h=125, src=625,125
02:50:18.304 [FXGL Background Thread 4 ] DEBUG TilesetLoader        - Writing to buffer: dst=1125,375, w=125,h=125, src=625,125
02:50:18.304 [FXGL Background Thread 4 ] DEBUG TilesetLoader        - Writing to buffer: dst=1250,375, w=125,h=125, src=625,125
02:50:18.304 [FXGL Background Thread 4 ] DEBUG TilesetLoader        - Writing to buffer: dst=1375,375, w=125,h=125, src=500,250
02:50:18.305 [FXGL Background Thread 4 ] DEBUG TilesetLoader        - Writing to buffer: dst=1500,375, w=125,h=125, src=500,0
02:50:18.305 [FXGL Background Thread 4 ] DEBUG TilesetLoader        - Writing to buffer: dst=1625,375, w=125,h=125, src=750,500
02:50:18.305 [FXGL Background Thread 4 ] DEBUG TilesetLoader        - Writing to buffer: dst=1750,375, w=125,h=125, src=625,375
02:50:18.305 [FXGL Background Thread 4 ] DEBUG TilesetLoader        - Writing to buffer: dst=1875,375, w=125,h=125, src=625,375
02:50:18.305 [FXGL Background Thread 4 ] DEBUG TilesetLoader        - Writing to buffer: dst=0,500, w=125,h=125, src=250,375
02:50:18.305 [FXGL Background Thread 4 ] DEBUG TilesetLoader        - Writing to buffer: dst=125,500, w=125,h=125, src=250,375
02:50:18.305 [FXGL Background Thread 4 ] DEBUG TilesetLoader        - Writing to buffer: dst=250,500, w=125,h=125, src=250,375
02:50:18.305 [FXGL Background Thread 4 ] DEBUG TilesetLoader        - Writing to buffer: dst=375,500, w=125,h=125, src=500,375
02:50:18.305 [FXGL Background Thread 4 ] DEBUG TilesetLoader        - Writing to buffer: dst=500,500, w=125,h=125, src=500,0
02:50:18.306 [FXGL Background Thread 4 ] DEBUG TilesetLoader        - Writing to buffer: dst=625,500, w=125,h=125, src=750,125
02:50:18.306 [FXGL Background Thread 4 ] DEBUG TilesetLoader        - Writing to buffer: dst=750,500, w=125,h=125, src=250,125
02:50:18.306 [FXGL Background Thread 4 ] DEBUG TilesetLoader        - Writing to buffer: dst=875,500, w=125,h=125, src=250,125
02:50:18.306 [FXGL Background Thread 4 ] DEBUG TilesetLoader        - Writing to buffer: dst=1000,500, w=125,h=125, src=250,125
02:50:18.306 [FXGL Background Thread 4 ] DEBUG TilesetLoader        - Writing to buffer: dst=1125,500, w=125,h=125, src=250,125
02:50:18.306 [FXGL Background Thread 4 ] DEBUG TilesetLoader        - Writing to buffer: dst=1250,500, w=125,h=125, src=250,125
02:50:18.306 [FXGL Background Thread 4 ] DEBUG TilesetLoader        - Writing to buffer: dst=1375,500, w=125,h=125, src=500,125
02:50:18.306 [FXGL Background Thread 4 ] DEBUG TilesetLoader        - Writing to buffer: dst=1500,500, w=125,h=125, src=500,0
02:50:18.306 [FXGL Background Thread 4 ] DEBUG TilesetLoader        - Writing to buffer: dst=1625,500, w=125,h=125, src=750,375
02:50:18.307 [FXGL Background Thread 4 ] DEBUG TilesetLoader        - Writing to buffer: dst=1750,500, w=125,h=125, src=250,375
02:50:18.307 [FXGL Background Thread 4 ] DEBUG TilesetLoader        - Writing to buffer: dst=1875,500, w=125,h=125, src=250,375
02:50:18.307 [FXGL Background Thread 4 ] DEBUG TilesetLoader        - Writing to buffer: dst=0,625, w=125,h=125, src=375,375
02:50:18.307 [FXGL Background Thread 4 ] DEBUG TilesetLoader        - Writing to buffer: dst=125,625, w=125,h=125, src=375,375
02:50:18.307 [FXGL Background Thread 4 ] DEBUG TilesetLoader        - Writing to buffer: dst=250,625, w=125,h=125, src=375,375
02:50:18.307 [FXGL Background Thread 4 ] DEBUG TilesetLoader        - Writing to buffer: dst=375,625, w=125,h=125, src=375,500
02:50:18.307 [FXGL Background Thread 4 ] DEBUG TilesetLoader        - Writing to buffer: dst=500,625, w=125,h=125, src=500,0
02:50:18.307 [FXGL Background Thread 4 ] DEBUG TilesetLoader        - Writing to buffer: dst=625,625, w=125,h=125, src=625,250
02:50:18.307 [FXGL Background Thread 4 ] DEBUG TilesetLoader        - Writing to buffer: dst=750,625, w=125,h=125, src=375,125
02:50:18.307 [FXGL Background Thread 4 ] DEBUG TilesetLoader        - Writing to buffer: dst=875,625, w=125,h=125, src=375,125
02:50:18.307 [FXGL Background Thread 4 ] DEBUG TilesetLoader        - Writing to buffer: dst=1000,625, w=125,h=125, src=375,125
02:50:18.307 [FXGL Background Thread 4 ] DEBUG TilesetLoader        - Writing to buffer: dst=1125,625, w=125,h=125, src=375,125
02:50:18.308 [FXGL Background Thread 4 ] DEBUG TilesetLoader        - Writing to buffer: dst=1250,625, w=125,h=125, src=375,125
02:50:18.308 [FXGL Background Thread 4 ] DEBUG TilesetLoader        - Writing to buffer: dst=1375,625, w=125,h=125, src=375,250
02:50:18.308 [FXGL Background Thread 4 ] DEBUG TilesetLoader        - Writing to buffer: dst=1500,625, w=125,h=125, src=500,0
02:50:18.308 [FXGL Background Thread 4 ] DEBUG TilesetLoader        - Writing to buffer: dst=1625,625, w=125,h=125, src=625,500
02:50:18.308 [FXGL Background Thread 4 ] DEBUG TilesetLoader        - Writing to buffer: dst=1750,625, w=125,h=125, src=375,375
02:50:18.308 [FXGL Background Thread 4 ] DEBUG TilesetLoader        - Writing to buffer: dst=1875,625, w=125,h=125, src=375,375
02:50:18.308 [FXGL Background Thread 4 ] DEBUG TilesetLoader        - Writing to buffer: dst=0,750, w=125,h=125, src=625,0
02:50:18.308 [FXGL Background Thread 4 ] DEBUG TilesetLoader        - Writing to buffer: dst=125,750, w=125,h=125, src=625,0
02:50:18.308 [FXGL Background Thread 4 ] DEBUG TilesetLoader        - Writing to buffer: dst=250,750, w=125,h=125, src=625,0
02:50:18.309 [FXGL Background Thread 4 ] DEBUG TilesetLoader        - Writing to buffer: dst=375,750, w=125,h=125, src=625,0
02:50:18.309 [FXGL Background Thread 4 ] DEBUG TilesetLoader        - Writing to buffer: dst=500,750, w=125,h=125, src=750,0
02:50:18.309 [FXGL Background Thread 4 ] DEBUG TilesetLoader        - Writing to buffer: dst=625,750, w=125,h=125, src=625,0
02:50:18.309 [FXGL Background Thread 4 ] DEBUG TilesetLoader        - Writing to buffer: dst=750,750, w=125,h=125, src=625,0
02:50:18.309 [FXGL Background Thread 4 ] DEBUG TilesetLoader        - Writing to buffer: dst=875,750, w=125,h=125, src=625,0
02:50:18.309 [FXGL Background Thread 4 ] DEBUG TilesetLoader        - Writing to buffer: dst=1000,750, w=125,h=125, src=625,0
02:50:18.309 [FXGL Background Thread 4 ] DEBUG TilesetLoader        - Writing to buffer: dst=1125,750, w=125,h=125, src=625,0
02:50:18.309 [FXGL Background Thread 4 ] DEBUG TilesetLoader        - Writing to buffer: dst=1250,750, w=125,h=125, src=625,0
02:50:18.309 [FXGL Background Thread 4 ] DEBUG TilesetLoader        - Writing to buffer: dst=1375,750, w=125,h=125, src=625,0
02:50:18.309 [FXGL Background Thread 4 ] DEBUG TilesetLoader        - Writing to buffer: dst=1500,750, w=125,h=125, src=750,0
02:50:18.309 [FXGL Background Thread 4 ] DEBUG TilesetLoader        - Writing to buffer: dst=1625,750, w=125,h=125, src=625,0
02:50:18.310 [FXGL Background Thread 4 ] DEBUG TilesetLoader        - Writing to buffer: dst=1750,750, w=125,h=125, src=625,0
02:50:18.310 [FXGL Background Thread 4 ] DEBUG TilesetLoader        - Writing to buffer: dst=1875,750, w=125,h=125, src=625,0
02:50:18.310 [FXGL Background Thread 4 ] DEBUG TilesetLoader        - Writing to buffer: dst=0,875, w=125,h=125, src=625,375
02:50:18.310 [FXGL Background Thread 4 ] DEBUG TilesetLoader        - Writing to buffer: dst=125,875, w=125,h=125, src=625,375
02:50:18.310 [FXGL Background Thread 4 ] DEBUG TilesetLoader        - Writing to buffer: dst=250,875, w=125,h=125, src=625,375
02:50:18.310 [FXGL Background Thread 4 ] DEBUG TilesetLoader        - Writing to buffer: dst=375,875, w=125,h=125, src=500,500
02:50:18.310 [FXGL Background Thread 4 ] DEBUG TilesetLoader        - Writing to buffer: dst=500,875, w=125,h=125, src=500,0
02:50:18.310 [FXGL Background Thread 4 ] DEBUG TilesetLoader        - Writing to buffer: dst=625,875, w=125,h=125, src=750,500
02:50:18.310 [FXGL Background Thread 4 ] DEBUG TilesetLoader        - Writing to buffer: dst=750,875, w=125,h=125, src=625,375
02:50:18.311 [FXGL Background Thread 4 ] DEBUG TilesetLoader        - Writing to buffer: dst=875,875, w=125,h=125, src=625,375
02:50:18.311 [FXGL Background Thread 4 ] DEBUG TilesetLoader        - Writing to buffer: dst=1000,875, w=125,h=125, src=625,375
02:50:18.311 [FXGL Background Thread 4 ] DEBUG TilesetLoader        - Writing to buffer: dst=1125,875, w=125,h=125, src=625,375
02:50:18.311 [FXGL Background Thread 4 ] DEBUG TilesetLoader        - Writing to buffer: dst=1250,875, w=125,h=125, src=625,375
02:50:18.311 [FXGL Background Thread 4 ] DEBUG TilesetLoader        - Writing to buffer: dst=1375,875, w=125,h=125, src=500,500
02:50:18.311 [FXGL Background Thread 4 ] DEBUG TilesetLoader        - Writing to buffer: dst=1500,875, w=125,h=125, src=500,0
02:50:18.311 [FXGL Background Thread 4 ] DEBUG TilesetLoader        - Writing to buffer: dst=1625,875, w=125,h=125, src=750,500
02:50:18.311 [FXGL Background Thread 4 ] DEBUG TilesetLoader        - Writing to buffer: dst=1750,875, w=125,h=125, src=625,375
02:50:18.311 [FXGL Background Thread 4 ] DEBUG TilesetLoader        - Writing to buffer: dst=1875,875, w=125,h=125, src=625,375
02:50:18.311 [FXGL Background Thread 4 ] DEBUG TilesetLoader        - Writing to buffer: dst=0,1000, w=125,h=125, src=250,375
02:50:18.311 [FXGL Background Thread 4 ] DEBUG TilesetLoader        - Writing to buffer: dst=125,1000, w=125,h=125, src=250,375
02:50:18.312 [FXGL Background Thread 4 ] DEBUG TilesetLoader        - Writing to buffer: dst=250,1000, w=125,h=125, src=250,375
02:50:18.312 [FXGL Background Thread 4 ] DEBUG TilesetLoader        - Writing to buffer: dst=375,1000, w=125,h=125, src=500,375
02:50:18.312 [FXGL Background Thread 4 ] DEBUG TilesetLoader        - Writing to buffer: dst=500,1000, w=125,h=125, src=500,0
02:50:18.312 [FXGL Background Thread 4 ] DEBUG TilesetLoader        - Writing to buffer: dst=625,1000, w=125,h=125, src=750,375
02:50:18.312 [FXGL Background Thread 4 ] DEBUG TilesetLoader        - Writing to buffer: dst=750,1000, w=125,h=125, src=250,375
02:50:18.312 [FXGL Background Thread 4 ] DEBUG TilesetLoader        - Writing to buffer: dst=875,1000, w=125,h=125, src=250,375
02:50:18.312 [FXGL Background Thread 4 ] DEBUG TilesetLoader        - Writing to buffer: dst=1000,1000, w=125,h=125, src=250,375
02:50:18.312 [FXGL Background Thread 4 ] DEBUG TilesetLoader        - Writing to buffer: dst=1125,1000, w=125,h=125, src=250,375
02:50:18.312 [FXGL Background Thread 4 ] DEBUG TilesetLoader        - Writing to buffer: dst=1250,1000, w=125,h=125, src=250,375
02:50:18.312 [FXGL Background Thread 4 ] DEBUG TilesetLoader        - Writing to buffer: dst=1375,1000, w=125,h=125, src=500,375
02:50:18.312 [FXGL Background Thread 4 ] DEBUG TilesetLoader        - Writing to buffer: dst=1500,1000, w=125,h=125, src=500,0
02:50:18.313 [FXGL Background Thread 4 ] DEBUG TilesetLoader        - Writing to buffer: dst=1625,1000, w=125,h=125, src=750,375
02:50:18.313 [FXGL Background Thread 4 ] DEBUG TilesetLoader        - Writing to buffer: dst=1750,1000, w=125,h=125, src=250,375
02:50:18.313 [FXGL Background Thread 4 ] DEBUG TilesetLoader        - Writing to buffer: dst=1875,1000, w=125,h=125, src=250,375
02:50:18.313 [FXGL Background Thread 4 ] DEBUG TMXLevelLoader       - Creating object layer entities
02:50:18.352 [FXGL Background Thread 4 ] DEBUG FXGLAssetLoaderServi - Loading from file system: /assets/textures/semaforoRosso-01.png
02:50:18.355 [FXGL Background Thread 4 ] DEBUG FXGLAssetLoaderServi - Loading from file system: /assets/textures/semaforoVerde-01.png
02:50:18.358 [FXGL Background Thread 4 ] DEBUG FXGLAssetLoaderServi - Loading from cache: /assets/textures/semaforoRosso-01.png
02:50:18.358 [FXGL Background Thread 4 ] DEBUG FXGLAssetLoaderServi - Loading from cache: /assets/textures/semaforoVerde-01.png
02:50:18.358 [FXGL Background Thread 4 ] DEBUG FXGLAssetLoaderServi - Loading from cache: /assets/textures/semaforoRosso-01.png
02:50:18.358 [FXGL Background Thread 4 ] DEBUG FXGLAssetLoaderServi - Loading from cache: /assets/textures/semaforoVerde-01.png
02:50:18.359 [FXGL Background Thread 4 ] DEBUG FXGLAssetLoaderServi - Loading from cache: /assets/textures/semaforoRosso-01.png
02:50:18.359 [FXGL Background Thread 4 ] DEBUG FXGLAssetLoaderServi - Loading from cache: /assets/textures/semaforoVerde-01.png
02:50:18.360 [FXGL Background Thread 4 ] DEBUG FXGLAssetLoaderServi - Loading from file system: /assets/textures/semaforoRosso-04.png
02:50:18.361 [FXGL Background Thread 4 ] DEBUG FXGLAssetLoaderServi - Loading from file system: /assets/textures/semaforoVerde-04.png
02:50:18.364 [FXGL Background Thread 4 ] DEBUG FXGLAssetLoaderServi - Loading from cache: /assets/textures/semaforoRosso-04.png
02:50:18.364 [FXGL Background Thread 4 ] DEBUG FXGLAssetLoaderServi - Loading from cache: /assets/textures/semaforoVerde-04.png
02:50:18.365 [FXGL Background Thread 4 ] DEBUG FXGLAssetLoaderServi - Loading from cache: /assets/textures/semaforoRosso-04.png
02:50:18.366 [FXGL Background Thread 4 ] DEBUG FXGLAssetLoaderServi - Loading from cache: /assets/textures/semaforoVerde-04.png
02:50:18.366 [FXGL Background Thread 4 ] DEBUG FXGLAssetLoaderServi - Loading from cache: /assets/textures/semaforoRosso-04.png
02:50:18.366 [FXGL Background Thread 4 ] DEBUG FXGLAssetLoaderServi - Loading from cache: /assets/textures/semaforoVerde-04.png
02:50:18.367 [FXGL Background Thread 4 ] DEBUG FXGLAssetLoaderServi - Loading from file system: /assets/textures/semaforoRosso-03.png
02:50:18.368 [FXGL Background Thread 4 ] DEBUG FXGLAssetLoaderServi - Loading from file system: /assets/textures/semaforoVerde-03.png
02:50:18.375 [FXGL Background Thread 4 ] DEBUG FXGLAssetLoaderServi - Loading from cache: /assets/textures/semaforoRosso-03.png
02:50:18.376 [FXGL Background Thread 4 ] DEBUG FXGLAssetLoaderServi - Loading from cache: /assets/textures/semaforoVerde-03.png
02:50:18.376 [FXGL Background Thread 4 ] DEBUG FXGLAssetLoaderServi - Loading from cache: /assets/textures/semaforoRosso-03.png
02:50:18.376 [FXGL Background Thread 4 ] DEBUG FXGLAssetLoaderServi - Loading from cache: /assets/textures/semaforoVerde-03.png
02:50:18.377 [FXGL Background Thread 4 ] DEBUG FXGLAssetLoaderServi - Loading from cache: /assets/textures/semaforoRosso-03.png
02:50:18.377 [FXGL Background Thread 4 ] DEBUG FXGLAssetLoaderServi - Loading from cache: /assets/textures/semaforoVerde-03.png
02:50:18.377 [FXGL Background Thread 4 ] DEBUG FXGLAssetLoaderServi - Loading from file system: /assets/textures/semaforoRosso-02.png
02:50:18.378 [FXGL Background Thread 4 ] DEBUG FXGLAssetLoaderServi - Loading from file system: /assets/textures/semaforoVerde-02.png
02:50:18.384 [FXGL Background Thread 4 ] DEBUG FXGLAssetLoaderServi - Loading from cache: /assets/textures/semaforoRosso-02.png
02:50:18.384 [FXGL Background Thread 4 ] DEBUG FXGLAssetLoaderServi - Loading from cache: /assets/textures/semaforoVerde-02.png
02:50:18.385 [FXGL Background Thread 4 ] DEBUG FXGLAssetLoaderServi - Loading from cache: /assets/textures/semaforoRosso-02.png
02:50:18.385 [FXGL Background Thread 4 ] DEBUG FXGLAssetLoaderServi - Loading from cache: /assets/textures/semaforoVerde-02.png
02:50:18.387 [FXGL Background Thread 4 ] DEBUG FXGLAssetLoaderServi - Loading from cache: /assets/textures/semaforoRosso-02.png
02:50:18.387 [FXGL Background Thread 4 ] DEBUG FXGLAssetLoaderServi - Loading from cache: /assets/textures/semaforoVerde-02.png
02:50:18.388 [FXGL Background Thread 4 ] DEBUG GameWorld            - Clearing removable entities
02:50:18.389 [FXGL Background Thread 4 ] DEBUG GameWorld            - Setting level: com.almasb.fxgl.entity.level.Level@650f794d
02:50:18.395 [FXGL Background Thread 4 ] DEBUG FXGLAssetLoaderServi - Loading from file system: /assets/textures/pointer-sprite.png
02:50:18.483 [FXGL Background Thread 4 ] INFO  FXGLApplication      - Game initialization took: 0,419 sec
02:50:18.484 [JavaFX Application Thread] DEBUG Input                - Clearing active input actions
02:50:18.490 [JavaFX Application Thread] DEBUG GameApplicationServi - Removing overlay from FXGLLoadingScene and adding to GameScene
02:50:18.493 [JavaFX Application Thread] DEBUG MainWindow           - FXGLLoadingScene -> GameScene
02:50:20.376 [FXGL Background Thread 3 ] DEBUG Engine               - Logging environment variables
02:50:20.376 [FXGL Background Thread 3 ] DEBUG Engine               - achievements: []
02:50:20.376 [FXGL Background Thread 3 ] DEBUG Engine               - appIcon: fxgl_icon.png
02:50:20.376 [FXGL Background Thread 3 ] DEBUG Engine               - applicationMode: DEVELOPER
02:50:20.376 [FXGL Background Thread 3 ] DEBUG Engine               - cSSList: [fxgl_dark.css]
02:50:20.376 [FXGL Background Thread 3 ] DEBUG Engine               - configClass: Optional.empty
02:50:20.376 [FXGL Background Thread 3 ] DEBUG Engine               - credits: []
02:50:20.377 [FXGL Background Thread 3 ] DEBUG Engine               - devBBoxColorProperty: ObjectProperty [value: 0xff0000ff]
02:50:20.377 [FXGL Background Thread 3 ] DEBUG Engine               - devEnableDebugCameraProperty: BooleanProperty [value: false]
02:50:20.377 [FXGL Background Thread 3 ] DEBUG Engine               - devSensorColorProperty: ObjectProperty [value: 0xffff00ff]
02:50:20.377 [FXGL Background Thread 3 ] DEBUG Engine               - devShowBBoxProperty: BooleanProperty [value: false]
02:50:20.377 [FXGL Background Thread 3 ] DEBUG Engine               - devShowPositionProperty: BooleanProperty [value: false]
02:50:20.377 [FXGL Background Thread 3 ] DEBUG Engine               - enabledMenuItems: [SAVE_LOAD, EXTRA, ONLINE]
02:50:20.377 [FXGL Background Thread 3 ] DEBUG Engine               - engineServices: [class com.almasb.fxgl.app.FXGLApplication$GameApplicationService, class com.almasb.fxgl.app.services.FXGLDialogService, class com.almasb.fxgl.app.services.IOTaskExecutorService, class com.almasb.fxgl.event.EventBusService, class com.almasb.fxgl.io.FileSystemService, class com.almasb.fxgl.localization.LocalizationService, class com.almasb.fxgl.app.services.FXGLAssetLoaderService, class com.almasb.fxgl.app.services.SystemBundleService, class com.almasb.fxgl.profile.SaveLoadService, class com.almasb.fxgl.ui.FXGLUIFactoryServiceProvider, class com.almasb.fxgl.ui.FXGLDialogFactoryServiceProvider, class com.almasb.fxgl.audio.AudioPlayer, class com.almasb.fxgl.notification.impl.NotificationServiceProvider, class com.almasb.fxgl.achievement.AchievementService, class com.almasb.fxgl.cutscene.CutsceneService, class com.almasb.fxgl.minigames.MiniGameService, class com.almasb.fxgl.net.NetService, class com.almasb.fxgl.app.services.UpdaterService, class com.almasb.fxgl.dev.DevService]
02:50:20.377 [FXGL Background Thread 3 ] DEBUG Engine               - fontGame: Abel-Regular.ttf
02:50:20.377 [FXGL Background Thread 3 ] DEBUG Engine               - fontMono: lucida_console.ttf
02:50:20.377 [FXGL Background Thread 3 ] DEBUG Engine               - fontText: Courier-Prime.ttf
02:50:20.377 [FXGL Background Thread 3 ] DEBUG Engine               - fontUI: VarelaRound-Regular.ttf
02:50:20.378 [FXGL Background Thread 3 ] DEBUG Engine               - fullScreen: BooleanProperty [value: false]
02:50:20.378 [FXGL Background Thread 3 ] DEBUG Engine               - gameDifficulty: MEDIUM
02:50:20.378 [FXGL Background Thread 3 ] DEBUG Engine               - gameDifficultyProperty: ObjectProperty [value: MEDIUM]
02:50:20.378 [FXGL Background Thread 3 ] DEBUG Engine               - globalMusicVolume: 0.5
02:50:20.378 [FXGL Background Thread 3 ] DEBUG Engine               - globalMusicVolumeProperty: DoubleProperty [value: 0.5]
02:50:20.378 [FXGL Background Thread 3 ] DEBUG Engine               - globalSoundVolume: 0.5
02:50:20.378 [FXGL Background Thread 3 ] DEBUG Engine               - globalSoundVolumeProperty: DoubleProperty [value: 0.5]
02:50:20.378 [FXGL Background Thread 3 ] DEBUG Engine               - height: 1125
02:50:20.378 [FXGL Background Thread 3 ] DEBUG Engine               - isAndroid: false
02:50:20.378 [FXGL Background Thread 3 ] DEBUG Engine               - isBrowser: false
02:50:20.378 [FXGL Background Thread 3 ] DEBUG Engine               - isClickFeedbackEnabled: false
02:50:20.378 [FXGL Background Thread 3 ] DEBUG Engine               - isCloseConfirmation: false
02:50:20.379 [FXGL Background Thread 3 ] DEBUG Engine               - isDesktop: true
02:50:20.379 [FXGL Background Thread 3 ] DEBUG Engine               - isDeveloperMenuEnabled: true
02:50:20.379 [FXGL Background Thread 3 ] DEBUG Engine               - isEntityPreloadEnabled: true
02:50:20.379 [FXGL Background Thread 3 ] DEBUG Engine               - isExperimentalNative: false
02:50:20.379 [FXGL Background Thread 3 ] DEBUG Engine               - isExperimentalTiledLargeMap: false
02:50:20.379 [FXGL Background Thread 3 ] DEBUG Engine               - isFileSystemWriteAllowed: true
02:50:20.379 [FXGL Background Thread 3 ] DEBUG Engine               - isFullScreenAllowed: false
02:50:20.379 [FXGL Background Thread 3 ] DEBUG Engine               - isFullScreenFromStart: false
02:50:20.379 [FXGL Background Thread 3 ] DEBUG Engine               - isGameMenuEnabled: true
02:50:20.380 [FXGL Background Thread 3 ] DEBUG Engine               - isIOS: false
02:50:20.380 [FXGL Background Thread 3 ] DEBUG Engine               - isIntroEnabled: false
02:50:20.380 [FXGL Background Thread 3 ] DEBUG Engine               - isLinux: false
02:50:20.380 [FXGL Background Thread 3 ] DEBUG Engine               - isMac: false
02:50:20.381 [FXGL Background Thread 3 ] DEBUG Engine               - isMainMenuEnabled: true
02:50:20.381 [FXGL Background Thread 3 ] DEBUG Engine               - isManualResizeEnabled: true
02:50:20.381 [FXGL Background Thread 3 ] DEBUG Engine               - isMobile: false
02:50:20.381 [FXGL Background Thread 3 ] DEBUG Engine               - isPreserveResizeRatio: true
02:50:20.381 [FXGL Background Thread 3 ] DEBUG Engine               - isProfilingEnabled: false
02:50:20.381 [FXGL Background Thread 3 ] DEBUG Engine               - isSingleStep: false
02:50:20.381 [FXGL Background Thread 3 ] DEBUG Engine               - isUserProfileEnabled: false
02:50:20.381 [FXGL Background Thread 3 ] DEBUG Engine               - isWindows: true
02:50:20.381 [FXGL Background Thread 3 ] DEBUG Engine               - language: ObjectProperty [value: ENGLISH]
02:50:20.381 [FXGL Background Thread 3 ] DEBUG Engine               - menuKey: ESCAPE
02:50:20.381 [FXGL Background Thread 3 ] DEBUG Engine               - notificationViewClass: class com.almasb.fxgl.notification.view.XboxNotificationView
02:50:20.381 [FXGL Background Thread 3 ] DEBUG Engine               - pixelsPerMeter: 50.0
02:50:20.381 [FXGL Background Thread 3 ] DEBUG Engine               - platform: WINDOWS
02:50:20.381 [FXGL Background Thread 3 ] DEBUG Engine               - profileDir: profiles/
02:50:20.381 [FXGL Background Thread 3 ] DEBUG Engine               - profileName: StringProperty [value: DEFAULT]
02:50:20.381 [FXGL Background Thread 3 ] DEBUG Engine               - randomSeed: -1
02:50:20.382 [FXGL Background Thread 3 ] DEBUG Engine               - runtimeInfo: RuntimeInfo(platform=WINDOWS, version=dev-SNAPSHOT, build=08.09.2020 17.31)
02:50:20.382 [FXGL Background Thread 3 ] DEBUG Engine               - saveFileExt: sav
02:50:20.382 [FXGL Background Thread 3 ] DEBUG Engine               - sceneFactory: it.uniroma1.metodologie.trafficGame.TrafficApp$1@3874512f
02:50:20.382 [FXGL Background Thread 3 ] DEBUG Engine               - secondsIn24h: 60
02:50:20.382 [FXGL Background Thread 3 ] DEBUG Engine               - soundMenuBack: menu/back.wav
02:50:20.382 [FXGL Background Thread 3 ] DEBUG Engine               - soundMenuPress: menu/press.wav
02:50:20.382 [FXGL Background Thread 3 ] DEBUG Engine               - soundMenuSelect: menu/select.wav
02:50:20.382 [FXGL Background Thread 3 ] DEBUG Engine               - soundNotification: core/notification.wav
02:50:20.382 [FXGL Background Thread 3 ] DEBUG Engine               - stageStyle: DECORATED
02:50:20.382 [FXGL Background Thread 3 ] DEBUG Engine               - supportedLanguages: [ENGLISH, FRENCH, GERMAN, HUNGARIAN, RUSSIAN]
02:50:20.383 [FXGL Background Thread 3 ] DEBUG Engine               - title: Traffic
02:50:20.383 [FXGL Background Thread 3 ] DEBUG Engine               - urlGithub: https://github.com/AlmasB/FXGL
02:50:20.383 [FXGL Background Thread 3 ] DEBUG Engine               - urlLeaderboard: http://fxgl-top.herokuapp.com/
02:50:20.383 [FXGL Background Thread 3 ] DEBUG Engine               - urlPOM: https://raw.githubusercontent.com/AlmasB/FXGL/master/pom.xml
02:50:20.383 [FXGL Background Thread 3 ] DEBUG Engine               - version: Alpha 1.0
02:50:20.383 [FXGL Background Thread 3 ] DEBUG Engine               - versionCheckDays: 7
02:50:20.383 [FXGL Background Thread 3 ] DEBUG Engine               - width: 2000
02:50:20.383 [FXGL Background Thread 3 ] DEBUG Engine               - Logging services
02:50:20.383 [FXGL Background Thread 3 ] DEBUG Engine               - class com.almasb.fxgl.app.FXGLApplication$GameApplicationService
02:50:20.383 [FXGL Background Thread 3 ] DEBUG Engine               - class com.almasb.fxgl.app.services.FXGLDialogService
02:50:20.383 [FXGL Background Thread 3 ] DEBUG Engine               - class com.almasb.fxgl.app.services.IOTaskExecutorService
02:50:20.383 [FXGL Background Thread 3 ] DEBUG Engine               - class com.almasb.fxgl.event.EventBusService
02:50:20.383 [FXGL Background Thread 3 ] DEBUG Engine               - class com.almasb.fxgl.io.FileSystemService
02:50:20.383 [FXGL Background Thread 3 ] DEBUG Engine               - class com.almasb.fxgl.localization.LocalizationService
02:50:20.383 [FXGL Background Thread 3 ] DEBUG Engine               - class com.almasb.fxgl.app.services.FXGLAssetLoaderService
02:50:20.384 [FXGL Background Thread 3 ] DEBUG Engine               - class com.almasb.fxgl.app.services.SystemBundleService
02:50:20.384 [FXGL Background Thread 3 ] DEBUG Engine               - class com.almasb.fxgl.profile.SaveLoadService
02:50:20.384 [FXGL Background Thread 3 ] DEBUG Engine               - class com.almasb.fxgl.ui.FXGLUIFactoryServiceProvider
02:50:20.385 [FXGL Background Thread 3 ] DEBUG Engine               - class com.almasb.fxgl.ui.FXGLDialogFactoryServiceProvider
02:50:20.385 [FXGL Background Thread 3 ] DEBUG Engine               - class com.almasb.fxgl.audio.AudioPlayer
02:50:20.385 [FXGL Background Thread 3 ] DEBUG Engine               - class com.almasb.fxgl.notification.impl.NotificationServiceProvider
02:50:20.385 [FXGL Background Thread 3 ] DEBUG Engine               - class com.almasb.fxgl.achievement.AchievementService
02:50:20.385 [FXGL Background Thread 3 ] DEBUG Engine               - class com.almasb.fxgl.cutscene.CutsceneService
02:50:20.385 [FXGL Background Thread 3 ] DEBUG Engine               - class com.almasb.fxgl.minigames.MiniGameService
02:50:20.385 [FXGL Background Thread 3 ] DEBUG Engine               - class com.almasb.fxgl.net.NetService
02:50:20.385 [FXGL Background Thread 3 ] DEBUG Engine               - class com.almasb.fxgl.app.services.UpdaterService
02:50:20.387 [FXGL Background Thread 3 ] DEBUG Engine               - class com.almasb.fxgl.dev.DevService
02:50:29.108 [JavaFX Application Thread] DEBUG FXGLApplication      - Exiting FXGL
02:50:29.108 [JavaFX Application Thread] DEBUG LoopRunner           - Stopping loop
02:50:29.108 [JavaFX Application Thread] DEBUG SystemBundleService  - Saving FXGL system data
02:50:29.109 [JavaFX Application Thread] DEBUG FileSystemAccess     - Writing to: C:\Users\Andrea\Desktop\Homework\traffic-mobile\system\fxgl.bundle
02:50:29.111 [JavaFX Application Thread] DEBUG Async                - Shutting down background threads
02:50:29.111 [JavaFX Application Thread] DEBUG MainWindow           - Closing main window
02:50:29.126 [JavaFX Application Thread] DEBUG Logger               - Closing Logger
