01:40:29.426 [main                     ] DEBUG Logger               - Configured Logger
01:40:29.447 [main                     ] DEBUG GameApplication      - Logging settings
Title: Traffic
Version: Alpha 1.0
Width: 2000
Height: 1125
Fullscreen: false
Intro: false
Profiling: false
Single step:false
App Mode: DEVELOPER
Menu Key: ESCAPE
Stage Style: DECORATED
Scene Factory: class it.uniroma1.metodologie.trafficGame.TrafficApp$1

01:40:29.913 [JavaFX Application Thread] DEBUG FXGLApplication      - Initializing FXGL
01:40:29.919 [JavaFX Application Thread] INFO  Engine               - FXGL-dev-SNAPSHOT (08.09.2020 17.31) on WINDOWS (J:13.0.2 FX:14)
01:40:29.920 [JavaFX Application Thread] DEBUG Engine               - JRE Vendor Name: Oracle Corporation
01:40:29.920 [JavaFX Application Thread] DEBUG Engine               - Running on OS: Windows 10 version 10.0
01:40:29.920 [JavaFX Application Thread] DEBUG Engine               - Architecture: amd64
01:40:29.920 [JavaFX Application Thread] INFO  Engine               - Source code and latest versions at: https://github.com/AlmasB/FXGL
01:40:29.920 [JavaFX Application Thread] INFO  Engine               -              Join the FXGL chat at: https://gitter.im/AlmasB/FXGL
01:40:30.005 [JavaFX Application Thread] DEBUG MainWindow           - Creating a JavaFX scene
01:40:30.044 [JavaFX Application Thread] DEBUG MainWindow           - Target settings size: 2000.0 x 1125.0
01:40:30.044 [JavaFX Application Thread] DEBUG MainWindow           - Scaled scene size:    2000.0 x 1125.0
01:40:30.044 [JavaFX Application Thread] DEBUG MainWindow           - Scaled ratio: (1.0, 1.0)
01:40:30.045 [JavaFX Application Thread] DEBUG MainWindow           - Set initial scene to StartupScene
01:40:30.050 [JavaFX Application Thread] DEBUG MainWindow           - Opening main window
01:40:30.126 [JavaFX Application Thread] DEBUG MainWindow           - Window border size: (16.0, 39.0)
01:40:30.126 [JavaFX Application Thread] DEBUG MainWindow           - Scaled size: 2000.0 x 1125.0
01:40:30.126 [JavaFX Application Thread] DEBUG MainWindow           - Scaled ratio: (1.0, 1.0)
01:40:30.126 [JavaFX Application Thread] DEBUG MainWindow           - Scene size: 2000.0 x 1125.0
01:40:30.127 [JavaFX Application Thread] DEBUG MainWindow           - Stage size: 2016.0 x 1164.0
01:40:30.153 [FXGL Background Thread 1 ] DEBUG Engine               - Initializing environment variables
01:40:30.181 [FXGL Background Thread 1 ] DEBUG GameApplicationServi - Applying CSS: fxgl_dark.css
01:40:30.186 [FXGL Background Thread 1 ] DEBUG FXGLAssetLoaderServi - Loading from file system: /assets/ui/css/fxgl_dark.css
01:40:30.230 [FXGL Background Thread 1 ] DEBUG GameApplicationServi - Initializing application scenes
01:40:30.294 [FXGL Background Thread 1 ] DEBUG GameWorld            - Game world initialized
01:40:30.339 [FXGL Background Thread 1 ] DEBUG PhysicsWorld         - Physics world initialized: appHeight=1125, physics.ppm=50,0
01:40:30.340 [FXGL Background Thread 1 ] DEBUG GameScene            - Game scene initialized: 2000x1125
01:40:30.350 [FXGL Background Thread 1 ] DEBUG FXGLAssetLoaderServi - Loading from file system: /assets/textures/bg.jpg
01:40:30.637 [FXGL Background Thread 1 ] DEBUG FXGLAssetLoaderServi - Loading from file system: /assets/textures/logo.png
01:40:30.727 [FXGL Background Thread 1 ] DEBUG FXGLAssetLoaderServi - Loading from file system: /assets/textures/particles/trace_horizontal.png
01:40:30.746 [FXGL Background Thread 1 ] DEBUG FXGL.DefaultMenu     - createMenuBodyGameMenu()
01:40:30.757 [FXGL Background Thread 1 ] DEBUG FXGL.DefaultMenu     - createOptionsMenu()
01:40:30.760 [FXGL Background Thread 1 ] DEBUG FXGL.DefaultMenu     - createExtraMenu()
01:40:30.762 [FXGL Background Thread 1 ] DEBUG FXGLAssetLoaderServi - Loading from file system: /assets/textures/particles/smoke.png
01:40:30.801 [FXGL Background Thread 1 ] DEBUG GameApplicationServi - Application scenes initialized
01:40:30.808 [FXGL Background Thread 1 ] DEBUG SystemBundleService  - Loading FXGL system data
01:40:30.811 [FXGL Background Thread 1 ] DEBUG FileSystemAccess     - Reading from: C:\Users\Andrea\Desktop\Homework\traffic-mobile\system\fxgl.bundle
01:40:30.818 [FXGL Background Thread 1 ] DEBUG SystemBundleService  - Bundle FXGL: {}
01:40:30.818 [FXGL Background Thread 1 ] DEBUG UpdaterService       - Checking for updates
01:40:30.843 [FXGL Background Thread 1 ] DEBUG FXGLApplication      - Loading default localization
01:40:30.843 [FXGL Background Thread 1 ] DEBUG FXGLAssetLoaderServi - Loading from file system: /assets/languages/english.lang
01:40:30.843 [FXGL Background Thread 4 ] DEBUG FXGLApplication      - Loading fonts
01:40:30.855 [FXGL Background Thread 1 ] INFO  FXGLApplication      - FXGL initialization took: 0,702 sec
01:40:30.861 [JavaFX Application Thread] DEBUG Input                - Registered new binding: Change trafficlight status - F
01:40:30.861 [JavaFX Application Thread] DEBUG Input                - Registered new binding: Move Right - D
01:40:30.861 [JavaFX Application Thread] DEBUG Input                - Registered new binding: Move Left - A
01:40:30.861 [JavaFX Application Thread] DEBUG Input                - Registered new binding: Move Up - W
01:40:30.861 [JavaFX Application Thread] DEBUG Input                - Registered new binding: Move Down - S
01:40:30.861 [JavaFX Application Thread] DEBUG Input                - Registered new binding: Spawn Car - Space
01:40:30.862 [JavaFX Application Thread] DEBUG Input                - Registered new binding: Select and change traffic light - LMB
01:40:30.862 [JavaFX Application Thread] DEBUG FXGLAssetLoaderServi - Loading from file system: /assets/textures/fxgl_icon.png
01:40:30.845 [FXGL Background Thread 4 ] DEBUG FXGLAssetLoaderServi - Loading from file system: /assets/ui/fonts/VarelaRound-Regular.ttf
01:40:30.874 [JavaFX Application Thread] DEBUG FXGLAssetLoaderServi - Loading from file system: /assets/ui/cursors/fxgl_default.png
01:40:30.875 [JavaFX Application Thread] DEBUG Input                - Registered new binding: Screenshot - P
01:40:30.875 [JavaFX Application Thread] DEBUG Input                - Registered new binding: Dev Options - 1
01:40:30.876 [JavaFX Application Thread] DEBUG Input                - Registered new binding: Dev Console - 2
01:40:30.876 [JavaFX Application Thread] DEBUG Input                - Registered new binding: System info dump - CTRL+9
01:40:30.876 [JavaFX Application Thread] DEBUG Input                - Registered new binding: Restart - CTRL+R
01:40:30.877 [JavaFX Application Thread] DEBUG Input                - Registered new binding: Toggle Debug Camera - CTRL+C
01:40:30.878 [JavaFX Application Thread] DEBUG LoopRunner           - Starting loop
01:40:30.889 [JavaFX Application Thread] DEBUG Input                - Clearing active input actions
01:40:30.896 [JavaFX Application Thread] DEBUG GameApplicationServi - Removing overlay from StartupScene and adding to FXGLMainMenuDummyScene
01:40:30.898 [JavaFX Application Thread] DEBUG MainWindow           - StartupScene -> FXGLMainMenuDummyScene
01:40:30.899 [JavaFX Application Thread] DEBUG MainWindow           - Push state: TrafficAppMenu
01:40:30.899 [JavaFX Application Thread] DEBUG Input                - Clearing active input actions
01:40:30.913 [JavaFX Application Thread] DEBUG GameApplicationServi - Removing overlay from FXGLMainMenuDummyScene and adding to TrafficAppMenu
01:40:30.913 [JavaFX Application Thread] DEBUG MainWindow           - FXGLMainMenuDummyScene -> TrafficAppMenu
01:40:31.426 [FXGL Background Thread 4 ] DEBUG FXGLAssetLoaderServi - Loading from file system: /assets/ui/fonts/Abel-Regular.ttf
01:40:31.428 [FXGL Background Thread 4 ] DEBUG FXGLAssetLoaderServi - Loading from file system: /assets/ui/fonts/lucida_console.ttf
01:40:31.432 [FXGL Background Thread 4 ] DEBUG FXGLAssetLoaderServi - Loading from file system: /assets/ui/fonts/Courier-Prime.ttf
01:40:31.435 [JavaFX Application Thread] DEBUG FXGLApplication      - Registering font factories with UI factory
01:40:33.842 [FXGL Background Thread 3 ] DEBUG Engine               - Logging environment variables
01:40:33.842 [FXGL Background Thread 3 ] DEBUG Engine               - achievements: []
01:40:33.842 [FXGL Background Thread 3 ] DEBUG Engine               - appIcon: fxgl_icon.png
01:40:33.842 [FXGL Background Thread 3 ] DEBUG Engine               - applicationMode: DEVELOPER
01:40:33.842 [FXGL Background Thread 3 ] DEBUG Engine               - cSSList: [fxgl_dark.css]
01:40:33.843 [FXGL Background Thread 3 ] DEBUG Engine               - configClass: Optional.empty
01:40:33.843 [FXGL Background Thread 3 ] DEBUG Engine               - credits: []
01:40:33.843 [FXGL Background Thread 3 ] DEBUG Engine               - devBBoxColorProperty: ObjectProperty [value: 0xff0000ff]
01:40:33.843 [FXGL Background Thread 3 ] DEBUG Engine               - devEnableDebugCameraProperty: BooleanProperty [value: false]
01:40:33.843 [FXGL Background Thread 3 ] DEBUG Engine               - devSensorColorProperty: ObjectProperty [value: 0xffff00ff]
01:40:33.843 [FXGL Background Thread 3 ] DEBUG Engine               - devShowBBoxProperty: BooleanProperty [value: false]
01:40:33.843 [FXGL Background Thread 3 ] DEBUG Engine               - devShowPositionProperty: BooleanProperty [value: false]
01:40:33.843 [FXGL Background Thread 3 ] DEBUG Engine               - enabledMenuItems: [SAVE_LOAD, EXTRA, ONLINE]
01:40:33.844 [FXGL Background Thread 3 ] DEBUG Engine               - engineServices: [class com.almasb.fxgl.app.FXGLApplication$GameApplicationService, class com.almasb.fxgl.app.services.FXGLDialogService, class com.almasb.fxgl.app.services.IOTaskExecutorService, class com.almasb.fxgl.event.EventBusService, class com.almasb.fxgl.io.FileSystemService, class com.almasb.fxgl.localization.LocalizationService, class com.almasb.fxgl.app.services.FXGLAssetLoaderService, class com.almasb.fxgl.app.services.SystemBundleService, class com.almasb.fxgl.profile.SaveLoadService, class com.almasb.fxgl.ui.FXGLUIFactoryServiceProvider, class com.almasb.fxgl.ui.FXGLDialogFactoryServiceProvider, class com.almasb.fxgl.audio.AudioPlayer, class com.almasb.fxgl.notification.impl.NotificationServiceProvider, class com.almasb.fxgl.achievement.AchievementService, class com.almasb.fxgl.cutscene.CutsceneService, class com.almasb.fxgl.minigames.MiniGameService, class com.almasb.fxgl.net.NetService, class com.almasb.fxgl.app.services.UpdaterService, class com.almasb.fxgl.dev.DevService]
01:40:33.844 [FXGL Background Thread 3 ] DEBUG Engine               - fontGame: Abel-Regular.ttf
01:40:33.844 [FXGL Background Thread 3 ] DEBUG Engine               - fontMono: lucida_console.ttf
01:40:33.844 [FXGL Background Thread 3 ] DEBUG Engine               - fontText: Courier-Prime.ttf
01:40:33.844 [FXGL Background Thread 3 ] DEBUG Engine               - fontUI: VarelaRound-Regular.ttf
01:40:33.844 [FXGL Background Thread 3 ] DEBUG Engine               - fullScreen: BooleanProperty [value: false]
01:40:33.844 [FXGL Background Thread 3 ] DEBUG Engine               - gameDifficulty: MEDIUM
01:40:33.844 [FXGL Background Thread 3 ] DEBUG Engine               - gameDifficultyProperty: ObjectProperty [value: MEDIUM]
01:40:33.845 [FXGL Background Thread 3 ] DEBUG Engine               - globalMusicVolume: 0.5
01:40:33.845 [FXGL Background Thread 3 ] DEBUG Engine               - globalMusicVolumeProperty: DoubleProperty [value: 0.5]
01:40:33.845 [FXGL Background Thread 3 ] DEBUG Engine               - globalSoundVolume: 0.5
01:40:33.845 [FXGL Background Thread 3 ] DEBUG Engine               - globalSoundVolumeProperty: DoubleProperty [value: 0.5]
01:40:33.845 [FXGL Background Thread 3 ] DEBUG Engine               - height: 1125
01:40:33.845 [FXGL Background Thread 3 ] DEBUG Engine               - isAndroid: false
01:40:33.845 [FXGL Background Thread 3 ] DEBUG Engine               - isBrowser: false
01:40:33.845 [FXGL Background Thread 3 ] DEBUG Engine               - isClickFeedbackEnabled: false
01:40:33.845 [FXGL Background Thread 3 ] DEBUG Engine               - isCloseConfirmation: false
01:40:33.846 [FXGL Background Thread 3 ] DEBUG Engine               - isDesktop: true
01:40:33.846 [FXGL Background Thread 3 ] DEBUG Engine               - isDeveloperMenuEnabled: true
01:40:33.846 [FXGL Background Thread 3 ] DEBUG Engine               - isEntityPreloadEnabled: true
01:40:33.846 [FXGL Background Thread 3 ] DEBUG Engine               - isExperimentalNative: false
01:40:33.846 [FXGL Background Thread 3 ] DEBUG Engine               - isExperimentalTiledLargeMap: false
01:40:33.846 [FXGL Background Thread 3 ] DEBUG Engine               - isFileSystemWriteAllowed: true
01:40:33.846 [FXGL Background Thread 3 ] DEBUG Engine               - isFullScreenAllowed: false
01:40:33.846 [FXGL Background Thread 3 ] DEBUG Engine               - isFullScreenFromStart: false
01:40:33.846 [FXGL Background Thread 3 ] DEBUG Engine               - isGameMenuEnabled: true
01:40:33.846 [FXGL Background Thread 3 ] DEBUG Engine               - isIOS: false
01:40:33.847 [FXGL Background Thread 3 ] DEBUG Engine               - isIntroEnabled: false
01:40:33.847 [FXGL Background Thread 3 ] DEBUG Engine               - isLinux: false
01:40:33.847 [FXGL Background Thread 3 ] DEBUG Engine               - isMac: false
01:40:33.847 [FXGL Background Thread 3 ] DEBUG Engine               - isMainMenuEnabled: true
01:40:33.847 [FXGL Background Thread 3 ] DEBUG Engine               - isManualResizeEnabled: true
01:40:33.847 [FXGL Background Thread 3 ] DEBUG Engine               - isMobile: false
01:40:33.847 [FXGL Background Thread 3 ] DEBUG Engine               - isPreserveResizeRatio: true
01:40:33.847 [FXGL Background Thread 3 ] DEBUG Engine               - isProfilingEnabled: false
01:40:33.847 [FXGL Background Thread 3 ] DEBUG Engine               - isSingleStep: false
01:40:33.847 [FXGL Background Thread 3 ] DEBUG Engine               - isUserProfileEnabled: false
01:40:33.847 [FXGL Background Thread 3 ] DEBUG Engine               - isWindows: true
01:40:33.848 [FXGL Background Thread 3 ] DEBUG Engine               - language: ObjectProperty [value: ENGLISH]
01:40:33.848 [FXGL Background Thread 3 ] DEBUG Engine               - menuKey: ESCAPE
01:40:33.848 [FXGL Background Thread 3 ] DEBUG Engine               - notificationViewClass: class com.almasb.fxgl.notification.view.XboxNotificationView
01:40:33.848 [FXGL Background Thread 3 ] DEBUG Engine               - pixelsPerMeter: 50.0
01:40:33.848 [FXGL Background Thread 3 ] DEBUG Engine               - platform: WINDOWS
01:40:33.848 [FXGL Background Thread 3 ] DEBUG Engine               - profileDir: profiles/
01:40:33.848 [FXGL Background Thread 3 ] DEBUG Engine               - profileName: StringProperty [value: DEFAULT]
01:40:33.848 [FXGL Background Thread 3 ] DEBUG Engine               - randomSeed: -1
01:40:33.848 [FXGL Background Thread 3 ] DEBUG Engine               - runtimeInfo: RuntimeInfo(platform=WINDOWS, version=dev-SNAPSHOT, build=08.09.2020 17.31)
01:40:33.849 [FXGL Background Thread 3 ] DEBUG Engine               - saveFileExt: sav
01:40:33.849 [FXGL Background Thread 3 ] DEBUG Engine               - sceneFactory: it.uniroma1.metodologie.trafficGame.TrafficApp$1@2e7b6a8
01:40:33.849 [FXGL Background Thread 3 ] DEBUG Engine               - secondsIn24h: 60
01:40:33.849 [FXGL Background Thread 3 ] DEBUG Engine               - soundMenuBack: menu/back.wav
01:40:33.849 [FXGL Background Thread 3 ] DEBUG Engine               - soundMenuPress: menu/press.wav
01:40:33.849 [FXGL Background Thread 3 ] DEBUG Engine               - soundMenuSelect: menu/select.wav
01:40:33.849 [FXGL Background Thread 3 ] DEBUG Engine               - soundNotification: core/notification.wav
01:40:33.849 [FXGL Background Thread 3 ] DEBUG Engine               - stageStyle: DECORATED
01:40:33.849 [FXGL Background Thread 3 ] DEBUG Engine               - supportedLanguages: [ENGLISH, FRENCH, GERMAN, HUNGARIAN, RUSSIAN]
01:40:33.849 [FXGL Background Thread 3 ] DEBUG Engine               - title: Traffic
01:40:33.849 [FXGL Background Thread 3 ] DEBUG Engine               - urlGithub: https://github.com/AlmasB/FXGL
01:40:33.850 [FXGL Background Thread 3 ] DEBUG Engine               - urlLeaderboard: http://fxgl-top.herokuapp.com/
01:40:33.850 [FXGL Background Thread 3 ] DEBUG Engine               - urlPOM: https://raw.githubusercontent.com/AlmasB/FXGL/master/pom.xml
01:40:33.850 [FXGL Background Thread 3 ] DEBUG Engine               - version: Alpha 1.0
01:40:33.850 [FXGL Background Thread 3 ] DEBUG Engine               - versionCheckDays: 7
01:40:33.850 [FXGL Background Thread 3 ] DEBUG Engine               - width: 2000
01:40:33.850 [FXGL Background Thread 3 ] DEBUG Engine               - Logging services
01:40:33.850 [FXGL Background Thread 3 ] DEBUG Engine               - class com.almasb.fxgl.app.FXGLApplication$GameApplicationService
01:40:33.850 [FXGL Background Thread 3 ] DEBUG Engine               - class com.almasb.fxgl.app.services.FXGLDialogService
01:40:33.850 [FXGL Background Thread 3 ] DEBUG Engine               - class com.almasb.fxgl.app.services.IOTaskExecutorService
01:40:33.850 [FXGL Background Thread 3 ] DEBUG Engine               - class com.almasb.fxgl.event.EventBusService
01:40:33.850 [FXGL Background Thread 3 ] DEBUG Engine               - class com.almasb.fxgl.io.FileSystemService
01:40:33.851 [FXGL Background Thread 3 ] DEBUG Engine               - class com.almasb.fxgl.localization.LocalizationService
01:40:33.851 [FXGL Background Thread 3 ] DEBUG Engine               - class com.almasb.fxgl.app.services.FXGLAssetLoaderService
01:40:33.851 [FXGL Background Thread 3 ] DEBUG Engine               - class com.almasb.fxgl.app.services.SystemBundleService
01:40:33.851 [FXGL Background Thread 3 ] DEBUG Engine               - class com.almasb.fxgl.profile.SaveLoadService
01:40:33.851 [FXGL Background Thread 3 ] DEBUG Engine               - class com.almasb.fxgl.ui.FXGLUIFactoryServiceProvider
01:40:33.851 [FXGL Background Thread 3 ] DEBUG Engine               - class com.almasb.fxgl.ui.FXGLDialogFactoryServiceProvider
01:40:33.851 [FXGL Background Thread 3 ] DEBUG Engine               - class com.almasb.fxgl.audio.AudioPlayer
01:40:33.851 [FXGL Background Thread 3 ] DEBUG Engine               - class com.almasb.fxgl.notification.impl.NotificationServiceProvider
01:40:33.851 [FXGL Background Thread 3 ] DEBUG Engine               - class com.almasb.fxgl.achievement.AchievementService
01:40:33.851 [FXGL Background Thread 3 ] DEBUG Engine               - class com.almasb.fxgl.cutscene.CutsceneService
01:40:33.851 [FXGL Background Thread 3 ] DEBUG Engine               - class com.almasb.fxgl.minigames.MiniGameService
01:40:33.851 [FXGL Background Thread 3 ] DEBUG Engine               - class com.almasb.fxgl.net.NetService
01:40:33.852 [FXGL Background Thread 3 ] DEBUG Engine               - class com.almasb.fxgl.app.services.UpdaterService
01:40:33.852 [FXGL Background Thread 3 ] DEBUG Engine               - class com.almasb.fxgl.dev.DevService
01:41:16.682 [JavaFX Application Thread] DEBUG Menu                 - fireNewGame()
01:41:16.683 [JavaFX Application Thread] DEBUG GameApplicationServi - Starting new game
01:41:16.683 [JavaFX Application Thread] DEBUG MainWindow           - Pop state: TrafficAppMenu
01:41:16.683 [JavaFX Application Thread] DEBUG Input                - Clearing active input actions
01:41:16.684 [JavaFX Application Thread] DEBUG GameApplicationServi - Removing overlay from TrafficAppMenu and adding to FXGLMainMenuDummyScene
01:41:16.686 [JavaFX Application Thread] DEBUG MainWindow           - FXGLMainMenuDummyScene <- TrafficAppMenu
01:41:16.686 [JavaFX Application Thread] DEBUG Input                - Clearing active input actions
01:41:16.694 [JavaFX Application Thread] DEBUG GameApplicationServi - Removing overlay from FXGLMainMenuDummyScene and adding to FXGLLoadingScene
01:41:16.694 [JavaFX Application Thread] DEBUG MainWindow           - FXGLMainMenuDummyScene -> FXGLLoadingScene
01:41:16.695 [JavaFX Application Thread] DEBUG GameApplicationServi - Clearing previous game
01:41:16.695 [JavaFX Application Thread] DEBUG GameScene            - Clearing game scene
01:41:16.695 [JavaFX Application Thread] DEBUG GameWorld            - Clearing game world
01:41:16.695 [JavaFX Application Thread] DEBUG PhysicsWorld         - Clearing physics world
01:41:16.696 [FXGL Background Thread 2 ] DEBUG FXGLApplication      - Initializing game
01:41:16.701 [FXGL Background Thread 2 ] DEBUG FXGLAssetLoaderServi - Loading from file system: /assets/levels/Mappa-testing.tmx
01:41:16.721 [FXGL Background Thread 2 ] WARN  TMXLevelLoader       - TiledMap generated from 1.4.1. Supported version: 1.2.3. Some features may not be parsed fully.
01:41:16.738 [FXGL Background Thread 2 ] DEBUG TMXLevelLoader       - Parsed raw map: TiledMap(width=16, height=9, tilewidth=125, tileheight=125, orientation=orthogonal, layers=[Layer(width=16, height=9, name=Tile Layer 1, type=tilelayer, visible=false, x=0, y=0, data=[24, 24, 24, 26, 5, 28, 24, 24, 24, 24, 24, 26, 5, 28, 24, 24, 25, 25, 25, 32, 5, 34, 25, 25, 25, 25, 25, 32, 5, 34, 25, 25, 6, 6, 6, 6, 7, 6, 6, 6, 6, 6, 6, 6, 7, 6, 6, 6, 27, 27, 27, 33, 5, 21, 13, 13, 13, 13, 13, 19, 5, 35, 27, 27, 24, 24, 24, 26, 5, 14, 10, 10, 10, 10, 10, 12, 5, 28, 24, 24, 25, 25, 25, 32, 5, 20, 11, 11, 11, 11, 11, 18, 5, 34, 25, 25, 6, 6, 6, 6, 7, 6, 6, 6, 6, 6, 6, 6, 7, 6, 6, 6, 27, 27, 27, 33, 5, 35, 27, 27, 27, 27, 27, 33, 5, 35, 27, 27, 24, 24, 24, 26, 5, 28, 24, 24, 24, 24, 24, 26, 5, 28, 24, 24], objects=[], opacity=0.0, draworder=), Layer(width=0, height=0, name=spawnpoints, type=objectgroup, visible=false, x=0, y=0, data=[], objects=[com.almasb.fxgl.entity.level.tiled.TiledObject@306d28b3, com.almasb.fxgl.entity.level.tiled.TiledObject@76295160, com.almasb.fxgl.entity.level.tiled.TiledObject@e3bca5c, com.almasb.fxgl.entity.level.tiled.TiledObject@71892379, com.almasb.fxgl.entity.level.tiled.TiledObject@28f8a54b, com.almasb.fxgl.entity.level.tiled.TiledObject@14e64365, com.almasb.fxgl.entity.level.tiled.TiledObject@44df028f, com.almasb.fxgl.entity.level.tiled.TiledObject@7cf57386], opacity=0.0, draworder=), Layer(width=0, height=0, name=paths, type=objectgroup, visible=false, x=0, y=0, data=[], objects=[com.almasb.fxgl.entity.level.tiled.TiledObject@114a43ae, com.almasb.fxgl.entity.level.tiled.TiledObject@3791c789, com.almasb.fxgl.entity.level.tiled.TiledObject@be6608e, com.almasb.fxgl.entity.level.tiled.TiledObject@5cd84b37, com.almasb.fxgl.entity.level.tiled.TiledObject@1f4c2431, com.almasb.fxgl.entity.level.tiled.TiledObject@26d815de, com.almasb.fxgl.entity.level.tiled.TiledObject@1e02f39b, com.almasb.fxgl.entity.level.tiled.TiledObject@1d929f, com.almasb.fxgl.entity.level.tiled.TiledObject@7e8e5301, com.almasb.fxgl.entity.level.tiled.TiledObject@189edfeb, com.almasb.fxgl.entity.level.tiled.TiledObject@11897948, com.almasb.fxgl.entity.level.tiled.TiledObject@7dec988c, com.almasb.fxgl.entity.level.tiled.TiledObject@7176ca6b, com.almasb.fxgl.entity.level.tiled.TiledObject@1f792229, com.almasb.fxgl.entity.level.tiled.TiledObject@45605bb7, com.almasb.fxgl.entity.level.tiled.TiledObject@5cd1836f, com.almasb.fxgl.entity.level.tiled.TiledObject@1b332f0c, com.almasb.fxgl.entity.level.tiled.TiledObject@4d8d2e29, com.almasb.fxgl.entity.level.tiled.TiledObject@a7769cc, com.almasb.fxgl.entity.level.tiled.TiledObject@5aed4916, com.almasb.fxgl.entity.level.tiled.TiledObject@58245608, com.almasb.fxgl.entity.level.tiled.TiledObject@7c7cc743, com.almasb.fxgl.entity.level.tiled.TiledObject@4d74e809, com.almasb.fxgl.entity.level.tiled.TiledObject@7d61ad48], opacity=0.0, draworder=), Layer(width=0, height=0, name=Incroci, type=objectgroup, visible=false, x=0, y=0, data=[], objects=[com.almasb.fxgl.entity.level.tiled.TiledObject@78f20fa, com.almasb.fxgl.entity.level.tiled.TiledObject@1dd3b997, com.almasb.fxgl.entity.level.tiled.TiledObject@778d2e84, com.almasb.fxgl.entity.level.tiled.TiledObject@7f6c6d0], opacity=0.0, draworder=), Layer(width=0, height=0, name=trafficLight, type=objectgroup, visible=false, x=0, y=0, data=[], objects=[com.almasb.fxgl.entity.level.tiled.TiledObject@7900be24, com.almasb.fxgl.entity.level.tiled.TiledObject@799faf92, com.almasb.fxgl.entity.level.tiled.TiledObject@6778472b, com.almasb.fxgl.entity.level.tiled.TiledObject@5609dd52, com.almasb.fxgl.entity.level.tiled.TiledObject@2a84b829, com.almasb.fxgl.entity.level.tiled.TiledObject@2e6361d4, com.almasb.fxgl.entity.level.tiled.TiledObject@b073a2c, com.almasb.fxgl.entity.level.tiled.TiledObject@13fc9553, com.almasb.fxgl.entity.level.tiled.TiledObject@1cb622f5, com.almasb.fxgl.entity.level.tiled.TiledObject@29ee8d76, com.almasb.fxgl.entity.level.tiled.TiledObject@1b0a043d, com.almasb.fxgl.entity.level.tiled.TiledObject@6cab5c02, com.almasb.fxgl.entity.level.tiled.TiledObject@41a76ae8, com.almasb.fxgl.entity.level.tiled.TiledObject@1c7fda97, com.almasb.fxgl.entity.level.tiled.TiledObject@571f1ec9, com.almasb.fxgl.entity.level.tiled.TiledObject@61e21364], opacity=0.0, draworder=)], tilesets=[Tileset(firstgid=1, image=../textures/rsz_tiles_sheet.png, name=rsz_tiles_sheet, tilewidth=125, tileheight=125, imagewidth=875, imageheight=750, margin=0, spacing=0, columns=7, tilecount=42, transparentcolor=41ffef, tiles=[])], backgroundcolor=, renderorder=left-up, nextobjectid=66, version=1, tiledversion=1.4.1, type=map, infinite=false, hexsidelength=0, staggeraxis=, staggerindex=, properties={}, propertytypes={})
01:41:16.739 [FXGL Background Thread 2 ] DEBUG TMXLevelLoader       - Creating tile layer entities
01:41:16.740 [FXGL Background Thread 2 ] DEBUG TilesetLoader        - Loading view for layer Tile Layer 1
01:41:16.743 [FXGL Background Thread 2 ] DEBUG TilesetLoader        - Created buffer with size 2000.0x1125.0
01:41:16.819 [FXGL Background Thread 2 ] DEBUG TilesetLoader        - Writing to buffer: dst=0,0, w=125,h=125, src=250,375
01:41:16.819 [FXGL Background Thread 2 ] DEBUG TilesetLoader        - Writing to buffer: dst=125,0, w=125,h=125, src=250,375
01:41:16.819 [FXGL Background Thread 2 ] DEBUG TilesetLoader        - Writing to buffer: dst=250,0, w=125,h=125, src=250,375
01:41:16.819 [FXGL Background Thread 2 ] DEBUG TilesetLoader        - Writing to buffer: dst=375,0, w=125,h=125, src=500,375
01:41:16.820 [FXGL Background Thread 2 ] DEBUG TilesetLoader        - Writing to buffer: dst=500,0, w=125,h=125, src=500,0
01:41:16.820 [FXGL Background Thread 2 ] DEBUG TilesetLoader        - Writing to buffer: dst=625,0, w=125,h=125, src=750,375
01:41:16.820 [FXGL Background Thread 2 ] DEBUG TilesetLoader        - Writing to buffer: dst=750,0, w=125,h=125, src=250,375
01:41:16.820 [FXGL Background Thread 2 ] DEBUG TilesetLoader        - Writing to buffer: dst=875,0, w=125,h=125, src=250,375
01:41:16.820 [FXGL Background Thread 2 ] DEBUG TilesetLoader        - Writing to buffer: dst=1000,0, w=125,h=125, src=250,375
01:41:16.820 [FXGL Background Thread 2 ] DEBUG TilesetLoader        - Writing to buffer: dst=1125,0, w=125,h=125, src=250,375
01:41:16.821 [FXGL Background Thread 2 ] DEBUG TilesetLoader        - Writing to buffer: dst=1250,0, w=125,h=125, src=250,375
01:41:16.821 [FXGL Background Thread 2 ] DEBUG TilesetLoader        - Writing to buffer: dst=1375,0, w=125,h=125, src=500,375
01:41:16.821 [FXGL Background Thread 2 ] DEBUG TilesetLoader        - Writing to buffer: dst=1500,0, w=125,h=125, src=500,0
01:41:16.821 [FXGL Background Thread 2 ] DEBUG TilesetLoader        - Writing to buffer: dst=1625,0, w=125,h=125, src=750,375
01:41:16.821 [FXGL Background Thread 2 ] DEBUG TilesetLoader        - Writing to buffer: dst=1750,0, w=125,h=125, src=250,375
01:41:16.821 [FXGL Background Thread 2 ] DEBUG TilesetLoader        - Writing to buffer: dst=1875,0, w=125,h=125, src=250,375
01:41:16.821 [FXGL Background Thread 2 ] DEBUG TilesetLoader        - Writing to buffer: dst=0,125, w=125,h=125, src=375,375
01:41:16.821 [FXGL Background Thread 2 ] DEBUG TilesetLoader        - Writing to buffer: dst=125,125, w=125,h=125, src=375,375
01:41:16.821 [FXGL Background Thread 2 ] DEBUG TilesetLoader        - Writing to buffer: dst=250,125, w=125,h=125, src=375,375
01:41:16.821 [FXGL Background Thread 2 ] DEBUG TilesetLoader        - Writing to buffer: dst=375,125, w=125,h=125, src=375,500
01:41:16.822 [FXGL Background Thread 2 ] DEBUG TilesetLoader        - Writing to buffer: dst=500,125, w=125,h=125, src=500,0
01:41:16.822 [FXGL Background Thread 2 ] DEBUG TilesetLoader        - Writing to buffer: dst=625,125, w=125,h=125, src=625,500
01:41:16.822 [FXGL Background Thread 2 ] DEBUG TilesetLoader        - Writing to buffer: dst=750,125, w=125,h=125, src=375,375
01:41:16.822 [FXGL Background Thread 2 ] DEBUG TilesetLoader        - Writing to buffer: dst=875,125, w=125,h=125, src=375,375
01:41:16.822 [FXGL Background Thread 2 ] DEBUG TilesetLoader        - Writing to buffer: dst=1000,125, w=125,h=125, src=375,375
01:41:16.822 [FXGL Background Thread 2 ] DEBUG TilesetLoader        - Writing to buffer: dst=1125,125, w=125,h=125, src=375,375
01:41:16.823 [FXGL Background Thread 2 ] DEBUG TilesetLoader        - Writing to buffer: dst=1250,125, w=125,h=125, src=375,375
01:41:16.823 [FXGL Background Thread 2 ] DEBUG TilesetLoader        - Writing to buffer: dst=1375,125, w=125,h=125, src=375,500
01:41:16.823 [FXGL Background Thread 2 ] DEBUG TilesetLoader        - Writing to buffer: dst=1500,125, w=125,h=125, src=500,0
01:41:16.823 [FXGL Background Thread 2 ] DEBUG TilesetLoader        - Writing to buffer: dst=1625,125, w=125,h=125, src=625,500
01:41:16.823 [FXGL Background Thread 2 ] DEBUG TilesetLoader        - Writing to buffer: dst=1750,125, w=125,h=125, src=375,375
01:41:16.823 [FXGL Background Thread 2 ] DEBUG TilesetLoader        - Writing to buffer: dst=1875,125, w=125,h=125, src=375,375
01:41:16.823 [FXGL Background Thread 2 ] DEBUG TilesetLoader        - Writing to buffer: dst=0,250, w=125,h=125, src=625,0
01:41:16.823 [FXGL Background Thread 2 ] DEBUG TilesetLoader        - Writing to buffer: dst=125,250, w=125,h=125, src=625,0
01:41:16.823 [FXGL Background Thread 2 ] DEBUG TilesetLoader        - Writing to buffer: dst=250,250, w=125,h=125, src=625,0
01:41:16.824 [FXGL Background Thread 2 ] DEBUG TilesetLoader        - Writing to buffer: dst=375,250, w=125,h=125, src=625,0
01:41:16.824 [FXGL Background Thread 2 ] DEBUG TilesetLoader        - Writing to buffer: dst=500,250, w=125,h=125, src=750,0
01:41:16.824 [FXGL Background Thread 2 ] DEBUG TilesetLoader        - Writing to buffer: dst=625,250, w=125,h=125, src=625,0
01:41:16.824 [FXGL Background Thread 2 ] DEBUG TilesetLoader        - Writing to buffer: dst=750,250, w=125,h=125, src=625,0
01:41:16.824 [FXGL Background Thread 2 ] DEBUG TilesetLoader        - Writing to buffer: dst=875,250, w=125,h=125, src=625,0
01:41:16.824 [FXGL Background Thread 2 ] DEBUG TilesetLoader        - Writing to buffer: dst=1000,250, w=125,h=125, src=625,0
01:41:16.824 [FXGL Background Thread 2 ] DEBUG TilesetLoader        - Writing to buffer: dst=1125,250, w=125,h=125, src=625,0
01:41:16.824 [FXGL Background Thread 2 ] DEBUG TilesetLoader        - Writing to buffer: dst=1250,250, w=125,h=125, src=625,0
01:41:16.824 [FXGL Background Thread 2 ] DEBUG TilesetLoader        - Writing to buffer: dst=1375,250, w=125,h=125, src=625,0
01:41:16.824 [FXGL Background Thread 2 ] DEBUG TilesetLoader        - Writing to buffer: dst=1500,250, w=125,h=125, src=750,0
01:41:16.825 [FXGL Background Thread 2 ] DEBUG TilesetLoader        - Writing to buffer: dst=1625,250, w=125,h=125, src=625,0
01:41:16.825 [FXGL Background Thread 2 ] DEBUG TilesetLoader        - Writing to buffer: dst=1750,250, w=125,h=125, src=625,0
01:41:16.825 [FXGL Background Thread 2 ] DEBUG TilesetLoader        - Writing to buffer: dst=1875,250, w=125,h=125, src=625,0
01:41:16.825 [FXGL Background Thread 2 ] DEBUG TilesetLoader        - Writing to buffer: dst=0,375, w=125,h=125, src=625,375
01:41:16.825 [FXGL Background Thread 2 ] DEBUG TilesetLoader        - Writing to buffer: dst=125,375, w=125,h=125, src=625,375
01:41:16.825 [FXGL Background Thread 2 ] DEBUG TilesetLoader        - Writing to buffer: dst=250,375, w=125,h=125, src=625,375
01:41:16.825 [FXGL Background Thread 2 ] DEBUG TilesetLoader        - Writing to buffer: dst=375,375, w=125,h=125, src=500,500
01:41:16.825 [FXGL Background Thread 2 ] DEBUG TilesetLoader        - Writing to buffer: dst=500,375, w=125,h=125, src=500,0
01:41:16.825 [FXGL Background Thread 2 ] DEBUG TilesetLoader        - Writing to buffer: dst=625,375, w=125,h=125, src=750,250
01:41:16.825 [FXGL Background Thread 2 ] DEBUG TilesetLoader        - Writing to buffer: dst=750,375, w=125,h=125, src=625,125
01:41:16.826 [FXGL Background Thread 2 ] DEBUG TilesetLoader        - Writing to buffer: dst=875,375, w=125,h=125, src=625,125
01:41:16.826 [FXGL Background Thread 2 ] DEBUG TilesetLoader        - Writing to buffer: dst=1000,375, w=125,h=125, src=625,125
01:41:16.826 [FXGL Background Thread 2 ] DEBUG TilesetLoader        - Writing to buffer: dst=1125,375, w=125,h=125, src=625,125
01:41:16.826 [FXGL Background Thread 2 ] DEBUG TilesetLoader        - Writing to buffer: dst=1250,375, w=125,h=125, src=625,125
01:41:16.826 [FXGL Background Thread 2 ] DEBUG TilesetLoader        - Writing to buffer: dst=1375,375, w=125,h=125, src=500,250
01:41:16.826 [FXGL Background Thread 2 ] DEBUG TilesetLoader        - Writing to buffer: dst=1500,375, w=125,h=125, src=500,0
01:41:16.826 [FXGL Background Thread 2 ] DEBUG TilesetLoader        - Writing to buffer: dst=1625,375, w=125,h=125, src=750,500
01:41:16.826 [FXGL Background Thread 2 ] DEBUG TilesetLoader        - Writing to buffer: dst=1750,375, w=125,h=125, src=625,375
01:41:16.827 [FXGL Background Thread 2 ] DEBUG TilesetLoader        - Writing to buffer: dst=1875,375, w=125,h=125, src=625,375
01:41:16.827 [FXGL Background Thread 2 ] DEBUG TilesetLoader        - Writing to buffer: dst=0,500, w=125,h=125, src=250,375
01:41:16.827 [FXGL Background Thread 2 ] DEBUG TilesetLoader        - Writing to buffer: dst=125,500, w=125,h=125, src=250,375
01:41:16.828 [FXGL Background Thread 2 ] DEBUG TilesetLoader        - Writing to buffer: dst=250,500, w=125,h=125, src=250,375
01:41:16.828 [FXGL Background Thread 2 ] DEBUG TilesetLoader        - Writing to buffer: dst=375,500, w=125,h=125, src=500,375
01:41:16.828 [FXGL Background Thread 2 ] DEBUG TilesetLoader        - Writing to buffer: dst=500,500, w=125,h=125, src=500,0
01:41:16.828 [FXGL Background Thread 2 ] DEBUG TilesetLoader        - Writing to buffer: dst=625,500, w=125,h=125, src=750,125
01:41:16.828 [FXGL Background Thread 2 ] DEBUG TilesetLoader        - Writing to buffer: dst=750,500, w=125,h=125, src=250,125
01:41:16.828 [FXGL Background Thread 2 ] DEBUG TilesetLoader        - Writing to buffer: dst=875,500, w=125,h=125, src=250,125
01:41:16.828 [FXGL Background Thread 2 ] DEBUG TilesetLoader        - Writing to buffer: dst=1000,500, w=125,h=125, src=250,125
01:41:16.828 [FXGL Background Thread 2 ] DEBUG TilesetLoader        - Writing to buffer: dst=1125,500, w=125,h=125, src=250,125
01:41:16.828 [FXGL Background Thread 2 ] DEBUG TilesetLoader        - Writing to buffer: dst=1250,500, w=125,h=125, src=250,125
01:41:16.828 [FXGL Background Thread 2 ] DEBUG TilesetLoader        - Writing to buffer: dst=1375,500, w=125,h=125, src=500,125
01:41:16.832 [FXGL Background Thread 2 ] DEBUG TilesetLoader        - Writing to buffer: dst=1500,500, w=125,h=125, src=500,0
01:41:16.832 [FXGL Background Thread 2 ] DEBUG TilesetLoader        - Writing to buffer: dst=1625,500, w=125,h=125, src=750,375
01:41:16.833 [FXGL Background Thread 2 ] DEBUG TilesetLoader        - Writing to buffer: dst=1750,500, w=125,h=125, src=250,375
01:41:16.833 [FXGL Background Thread 2 ] DEBUG TilesetLoader        - Writing to buffer: dst=1875,500, w=125,h=125, src=250,375
01:41:16.833 [FXGL Background Thread 2 ] DEBUG TilesetLoader        - Writing to buffer: dst=0,625, w=125,h=125, src=375,375
01:41:16.833 [FXGL Background Thread 2 ] DEBUG TilesetLoader        - Writing to buffer: dst=125,625, w=125,h=125, src=375,375
01:41:16.833 [FXGL Background Thread 2 ] DEBUG TilesetLoader        - Writing to buffer: dst=250,625, w=125,h=125, src=375,375
01:41:16.834 [FXGL Background Thread 2 ] DEBUG TilesetLoader        - Writing to buffer: dst=375,625, w=125,h=125, src=375,500
01:41:16.834 [FXGL Background Thread 2 ] DEBUG TilesetLoader        - Writing to buffer: dst=500,625, w=125,h=125, src=500,0
01:41:16.834 [FXGL Background Thread 2 ] DEBUG TilesetLoader        - Writing to buffer: dst=625,625, w=125,h=125, src=625,250
01:41:16.834 [FXGL Background Thread 2 ] DEBUG TilesetLoader        - Writing to buffer: dst=750,625, w=125,h=125, src=375,125
01:41:16.834 [FXGL Background Thread 2 ] DEBUG TilesetLoader        - Writing to buffer: dst=875,625, w=125,h=125, src=375,125
01:41:16.834 [FXGL Background Thread 2 ] DEBUG TilesetLoader        - Writing to buffer: dst=1000,625, w=125,h=125, src=375,125
01:41:16.834 [FXGL Background Thread 2 ] DEBUG TilesetLoader        - Writing to buffer: dst=1125,625, w=125,h=125, src=375,125
01:41:16.834 [FXGL Background Thread 2 ] DEBUG TilesetLoader        - Writing to buffer: dst=1250,625, w=125,h=125, src=375,125
01:41:16.834 [FXGL Background Thread 2 ] DEBUG TilesetLoader        - Writing to buffer: dst=1375,625, w=125,h=125, src=375,250
01:41:16.834 [FXGL Background Thread 2 ] DEBUG TilesetLoader        - Writing to buffer: dst=1500,625, w=125,h=125, src=500,0
01:41:16.835 [FXGL Background Thread 2 ] DEBUG TilesetLoader        - Writing to buffer: dst=1625,625, w=125,h=125, src=625,500
01:41:16.835 [FXGL Background Thread 2 ] DEBUG TilesetLoader        - Writing to buffer: dst=1750,625, w=125,h=125, src=375,375
01:41:16.835 [FXGL Background Thread 2 ] DEBUG TilesetLoader        - Writing to buffer: dst=1875,625, w=125,h=125, src=375,375
01:41:16.836 [FXGL Background Thread 2 ] DEBUG TilesetLoader        - Writing to buffer: dst=0,750, w=125,h=125, src=625,0
01:41:16.836 [FXGL Background Thread 2 ] DEBUG TilesetLoader        - Writing to buffer: dst=125,750, w=125,h=125, src=625,0
01:41:16.836 [FXGL Background Thread 2 ] DEBUG TilesetLoader        - Writing to buffer: dst=250,750, w=125,h=125, src=625,0
01:41:16.836 [FXGL Background Thread 2 ] DEBUG TilesetLoader        - Writing to buffer: dst=375,750, w=125,h=125, src=625,0
01:41:16.836 [FXGL Background Thread 2 ] DEBUG TilesetLoader        - Writing to buffer: dst=500,750, w=125,h=125, src=750,0
01:41:16.836 [FXGL Background Thread 2 ] DEBUG TilesetLoader        - Writing to buffer: dst=625,750, w=125,h=125, src=625,0
01:41:16.836 [FXGL Background Thread 2 ] DEBUG TilesetLoader        - Writing to buffer: dst=750,750, w=125,h=125, src=625,0
01:41:16.837 [FXGL Background Thread 2 ] DEBUG TilesetLoader        - Writing to buffer: dst=875,750, w=125,h=125, src=625,0
01:41:16.838 [FXGL Background Thread 2 ] DEBUG TilesetLoader        - Writing to buffer: dst=1000,750, w=125,h=125, src=625,0
01:41:16.838 [FXGL Background Thread 2 ] DEBUG TilesetLoader        - Writing to buffer: dst=1125,750, w=125,h=125, src=625,0
01:41:16.839 [FXGL Background Thread 2 ] DEBUG TilesetLoader        - Writing to buffer: dst=1250,750, w=125,h=125, src=625,0
01:41:16.839 [FXGL Background Thread 2 ] DEBUG TilesetLoader        - Writing to buffer: dst=1375,750, w=125,h=125, src=625,0
01:41:16.839 [FXGL Background Thread 2 ] DEBUG TilesetLoader        - Writing to buffer: dst=1500,750, w=125,h=125, src=750,0
01:41:16.839 [FXGL Background Thread 2 ] DEBUG TilesetLoader        - Writing to buffer: dst=1625,750, w=125,h=125, src=625,0
01:41:16.839 [FXGL Background Thread 2 ] DEBUG TilesetLoader        - Writing to buffer: dst=1750,750, w=125,h=125, src=625,0
01:41:16.839 [FXGL Background Thread 2 ] DEBUG TilesetLoader        - Writing to buffer: dst=1875,750, w=125,h=125, src=625,0
01:41:16.840 [FXGL Background Thread 2 ] DEBUG TilesetLoader        - Writing to buffer: dst=0,875, w=125,h=125, src=625,375
01:41:16.840 [FXGL Background Thread 2 ] DEBUG TilesetLoader        - Writing to buffer: dst=125,875, w=125,h=125, src=625,375
01:41:16.840 [FXGL Background Thread 2 ] DEBUG TilesetLoader        - Writing to buffer: dst=250,875, w=125,h=125, src=625,375
01:41:16.840 [FXGL Background Thread 2 ] DEBUG TilesetLoader        - Writing to buffer: dst=375,875, w=125,h=125, src=500,500
01:41:16.840 [FXGL Background Thread 2 ] DEBUG TilesetLoader        - Writing to buffer: dst=500,875, w=125,h=125, src=500,0
01:41:16.840 [FXGL Background Thread 2 ] DEBUG TilesetLoader        - Writing to buffer: dst=625,875, w=125,h=125, src=750,500
01:41:16.840 [FXGL Background Thread 2 ] DEBUG TilesetLoader        - Writing to buffer: dst=750,875, w=125,h=125, src=625,375
01:41:16.840 [FXGL Background Thread 2 ] DEBUG TilesetLoader        - Writing to buffer: dst=875,875, w=125,h=125, src=625,375
01:41:16.840 [FXGL Background Thread 2 ] DEBUG TilesetLoader        - Writing to buffer: dst=1000,875, w=125,h=125, src=625,375
01:41:16.840 [FXGL Background Thread 2 ] DEBUG TilesetLoader        - Writing to buffer: dst=1125,875, w=125,h=125, src=625,375
01:41:16.843 [FXGL Background Thread 2 ] DEBUG TilesetLoader        - Writing to buffer: dst=1250,875, w=125,h=125, src=625,375
01:41:16.843 [FXGL Background Thread 2 ] DEBUG TilesetLoader        - Writing to buffer: dst=1375,875, w=125,h=125, src=500,500
01:41:16.843 [FXGL Background Thread 2 ] DEBUG TilesetLoader        - Writing to buffer: dst=1500,875, w=125,h=125, src=500,0
01:41:16.843 [FXGL Background Thread 2 ] DEBUG TilesetLoader        - Writing to buffer: dst=1625,875, w=125,h=125, src=750,500
01:41:16.843 [FXGL Background Thread 2 ] DEBUG TilesetLoader        - Writing to buffer: dst=1750,875, w=125,h=125, src=625,375
01:41:16.843 [FXGL Background Thread 2 ] DEBUG TilesetLoader        - Writing to buffer: dst=1875,875, w=125,h=125, src=625,375
01:41:16.843 [FXGL Background Thread 2 ] DEBUG TilesetLoader        - Writing to buffer: dst=0,1000, w=125,h=125, src=250,375
01:41:16.843 [FXGL Background Thread 2 ] DEBUG TilesetLoader        - Writing to buffer: dst=125,1000, w=125,h=125, src=250,375
01:41:16.843 [FXGL Background Thread 2 ] DEBUG TilesetLoader        - Writing to buffer: dst=250,1000, w=125,h=125, src=250,375
01:41:16.844 [FXGL Background Thread 2 ] DEBUG TilesetLoader        - Writing to buffer: dst=375,1000, w=125,h=125, src=500,375
01:41:16.844 [FXGL Background Thread 2 ] DEBUG TilesetLoader        - Writing to buffer: dst=500,1000, w=125,h=125, src=500,0
01:41:16.844 [FXGL Background Thread 2 ] DEBUG TilesetLoader        - Writing to buffer: dst=625,1000, w=125,h=125, src=750,375
01:41:16.844 [FXGL Background Thread 2 ] DEBUG TilesetLoader        - Writing to buffer: dst=750,1000, w=125,h=125, src=250,375
01:41:16.844 [FXGL Background Thread 2 ] DEBUG TilesetLoader        - Writing to buffer: dst=875,1000, w=125,h=125, src=250,375
01:41:16.844 [FXGL Background Thread 2 ] DEBUG TilesetLoader        - Writing to buffer: dst=1000,1000, w=125,h=125, src=250,375
01:41:16.844 [FXGL Background Thread 2 ] DEBUG TilesetLoader        - Writing to buffer: dst=1125,1000, w=125,h=125, src=250,375
01:41:16.844 [FXGL Background Thread 2 ] DEBUG TilesetLoader        - Writing to buffer: dst=1250,1000, w=125,h=125, src=250,375
01:41:16.844 [FXGL Background Thread 2 ] DEBUG TilesetLoader        - Writing to buffer: dst=1375,1000, w=125,h=125, src=500,375
01:41:16.844 [FXGL Background Thread 2 ] DEBUG TilesetLoader        - Writing to buffer: dst=1500,1000, w=125,h=125, src=500,0
01:41:16.844 [FXGL Background Thread 2 ] DEBUG TilesetLoader        - Writing to buffer: dst=1625,1000, w=125,h=125, src=750,375
01:41:16.844 [FXGL Background Thread 2 ] DEBUG TilesetLoader        - Writing to buffer: dst=1750,1000, w=125,h=125, src=250,375
01:41:16.845 [FXGL Background Thread 2 ] DEBUG TilesetLoader        - Writing to buffer: dst=1875,1000, w=125,h=125, src=250,375
01:41:16.845 [FXGL Background Thread 2 ] DEBUG TMXLevelLoader       - Creating object layer entities
01:41:16.875 [FXGL Background Thread 2 ] DEBUG FXGLAssetLoaderServi - Loading from file system: /assets/textures/semaforoRosso-01.png
01:41:16.878 [FXGL Background Thread 2 ] DEBUG FXGLAssetLoaderServi - Loading from file system: /assets/textures/semaforoVerde-01.png
01:41:16.880 [FXGL Background Thread 2 ] DEBUG FXGLAssetLoaderServi - Loading from cache: /assets/textures/semaforoRosso-01.png
01:41:16.881 [FXGL Background Thread 2 ] DEBUG FXGLAssetLoaderServi - Loading from cache: /assets/textures/semaforoVerde-01.png
01:41:16.881 [FXGL Background Thread 2 ] DEBUG FXGLAssetLoaderServi - Loading from cache: /assets/textures/semaforoRosso-01.png
01:41:16.881 [FXGL Background Thread 2 ] DEBUG FXGLAssetLoaderServi - Loading from cache: /assets/textures/semaforoVerde-01.png
01:41:16.882 [FXGL Background Thread 2 ] DEBUG FXGLAssetLoaderServi - Loading from cache: /assets/textures/semaforoRosso-01.png
01:41:16.882 [FXGL Background Thread 2 ] DEBUG FXGLAssetLoaderServi - Loading from cache: /assets/textures/semaforoVerde-01.png
01:41:16.882 [FXGL Background Thread 2 ] DEBUG FXGLAssetLoaderServi - Loading from file system: /assets/textures/semaforoRosso-04.png
01:41:16.885 [FXGL Background Thread 2 ] DEBUG FXGLAssetLoaderServi - Loading from file system: /assets/textures/semaforoVerde-04.png
01:41:16.897 [FXGL Background Thread 2 ] DEBUG FXGLAssetLoaderServi - Loading from cache: /assets/textures/semaforoRosso-04.png
01:41:16.897 [FXGL Background Thread 2 ] DEBUG FXGLAssetLoaderServi - Loading from cache: /assets/textures/semaforoVerde-04.png
01:41:16.898 [FXGL Background Thread 2 ] DEBUG FXGLAssetLoaderServi - Loading from cache: /assets/textures/semaforoRosso-04.png
01:41:16.899 [FXGL Background Thread 2 ] DEBUG FXGLAssetLoaderServi - Loading from cache: /assets/textures/semaforoVerde-04.png
01:41:16.900 [FXGL Background Thread 2 ] DEBUG FXGLAssetLoaderServi - Loading from cache: /assets/textures/semaforoRosso-04.png
01:41:16.900 [FXGL Background Thread 2 ] DEBUG FXGLAssetLoaderServi - Loading from cache: /assets/textures/semaforoVerde-04.png
01:41:16.901 [FXGL Background Thread 2 ] DEBUG FXGLAssetLoaderServi - Loading from file system: /assets/textures/semaforoRosso-03.png
01:41:16.902 [FXGL Background Thread 2 ] DEBUG FXGLAssetLoaderServi - Loading from file system: /assets/textures/semaforoVerde-03.png
01:41:16.904 [FXGL Background Thread 2 ] DEBUG FXGLAssetLoaderServi - Loading from cache: /assets/textures/semaforoRosso-03.png
01:41:16.904 [FXGL Background Thread 2 ] DEBUG FXGLAssetLoaderServi - Loading from cache: /assets/textures/semaforoVerde-03.png
01:41:16.904 [FXGL Background Thread 2 ] DEBUG FXGLAssetLoaderServi - Loading from cache: /assets/textures/semaforoRosso-03.png
01:41:16.904 [FXGL Background Thread 2 ] DEBUG FXGLAssetLoaderServi - Loading from cache: /assets/textures/semaforoVerde-03.png
01:41:16.905 [FXGL Background Thread 2 ] DEBUG FXGLAssetLoaderServi - Loading from cache: /assets/textures/semaforoRosso-03.png
01:41:16.905 [FXGL Background Thread 2 ] DEBUG FXGLAssetLoaderServi - Loading from cache: /assets/textures/semaforoVerde-03.png
01:41:16.906 [FXGL Background Thread 2 ] DEBUG FXGLAssetLoaderServi - Loading from file system: /assets/textures/semaforoRosso-02.png
01:41:16.907 [FXGL Background Thread 2 ] DEBUG FXGLAssetLoaderServi - Loading from file system: /assets/textures/semaforoVerde-02.png
01:41:16.909 [FXGL Background Thread 2 ] DEBUG FXGLAssetLoaderServi - Loading from cache: /assets/textures/semaforoRosso-02.png
01:41:16.909 [FXGL Background Thread 2 ] DEBUG FXGLAssetLoaderServi - Loading from cache: /assets/textures/semaforoVerde-02.png
01:41:16.910 [FXGL Background Thread 2 ] DEBUG FXGLAssetLoaderServi - Loading from cache: /assets/textures/semaforoRosso-02.png
01:41:16.910 [FXGL Background Thread 2 ] DEBUG FXGLAssetLoaderServi - Loading from cache: /assets/textures/semaforoVerde-02.png
01:41:16.911 [FXGL Background Thread 2 ] DEBUG FXGLAssetLoaderServi - Loading from cache: /assets/textures/semaforoRosso-02.png
01:41:16.911 [FXGL Background Thread 2 ] DEBUG FXGLAssetLoaderServi - Loading from cache: /assets/textures/semaforoVerde-02.png
01:41:16.912 [FXGL Background Thread 2 ] DEBUG GameWorld            - Clearing removable entities
01:41:16.912 [FXGL Background Thread 2 ] DEBUG GameWorld            - Setting level: com.almasb.fxgl.entity.level.Level@67893ae3
01:41:16.919 [FXGL Background Thread 2 ] DEBUG FXGLAssetLoaderServi - Loading from file system: /assets/textures/pointer-sprite.png
01:41:16.938 [FXGL Background Thread 2 ] INFO  FXGLApplication      - Game initialization took: 0,241 sec
01:41:16.940 [JavaFX Application Thread] DEBUG Input                - Clearing active input actions
01:41:16.947 [JavaFX Application Thread] DEBUG GameApplicationServi - Removing overlay from FXGLLoadingScene and adding to GameScene
01:41:16.949 [JavaFX Application Thread] DEBUG MainWindow           - FXGLLoadingScene -> GameScene
01:42:12.605 [JavaFX Application Thread] DEBUG LoopRunner           - Stopping loop
01:42:12.605 [JavaFX Application Thread] FATAL FXGLApplication      - Uncaught Exception:
java.lang.NullPointerException
	at trafficGame.main/it.uniroma1.metodologie.trafficGame.TrafficApp$11.onCollisionBegin(TrafficApp.java:406)
	at com.almasb.fxgl.entity/com.almasb.fxgl.physics.CollisionPair.collisionBegin(CollisionPair.java:37)
	at com.almasb.fxgl.entity/com.almasb.fxgl.physics.PhysicsWorld.collisionBeginFor(PhysicsWorld.java:482)
	at com.almasb.fxgl.entity/com.almasb.fxgl.physics.PhysicsWorld.checkCollisions(PhysicsWorld.java:436)
	at com.almasb.fxgl.entity/com.almasb.fxgl.physics.PhysicsWorld.onUpdate(PhysicsWorld.java:181)
	at com.almasb.fxgl.all/com.almasb.fxgl.app.scene.GameScene.step(GameScene.kt:115)
	at com.almasb.fxgl.all/com.almasb.fxgl.app.scene.GameScene.onUpdate(GameScene.kt:110)
	at com.almasb.fxgl.scene/com.almasb.fxgl.scene.Scene.update(Scene.kt:78)
	at com.almasb.fxgl.all/com.almasb.fxgl.app.MainWindow$update$1.invoke(MainWindow.kt:219)
	at com.almasb.fxgl.all/com.almasb.fxgl.app.MainWindow$update$1.invoke(MainWindow.kt:40)
	at com.almasb.fxgl.core/com.almasb.fxgl.core.fsm.StateMachine.runOnActiveStates(StateMachine.kt:60)
	at com.almasb.fxgl.all/com.almasb.fxgl.app.MainWindow.update(MainWindow.kt:219)
	at com.almasb.fxgl.all/com.almasb.fxgl.app.FXGLApplication$GameApplicationService.onUpdate(FXGLApplication.kt:400)
	at com.almasb.fxgl.all/com.almasb.fxgl.app.Engine.loop(Engine.kt:130)
	at com.almasb.fxgl.all/com.almasb.fxgl.app.Engine.access$loop(Engine.kt:24)
	at com.almasb.fxgl.all/com.almasb.fxgl.app.Engine$loop$1.invoke(Engine.kt:28)
	at com.almasb.fxgl.all/com.almasb.fxgl.app.Engine$loop$1.invoke(Engine.kt:24)
	at com.almasb.fxgl.all/com.almasb.fxgl.app.LoopRunner.frame(LoopRunner.kt:86)
	at com.almasb.fxgl.all/com.almasb.fxgl.app.LoopRunner.access$frame(LoopRunner.kt:17)
	at com.almasb.fxgl.all/com.almasb.fxgl.app.LoopRunner$impl$2$1.handle(LoopRunner.kt:37)
	at javafx.graphics/javafx.animation.AnimationTimer$AnimationTimerReceiver.lambda$handle$0(AnimationTimer.java:57)
	at java.base/java.security.AccessController.doPrivileged(AccessController.java:391)
	at javafx.graphics/javafx.animation.AnimationTimer$AnimationTimerReceiver.handle(AnimationTimer.java:56)
	at javafx.graphics/com.sun.scenario.animation.AbstractMasterTimer.timePulseImpl(AbstractMasterTimer.java:357)
	at javafx.graphics/com.sun.scenario.animation.AbstractMasterTimer$MainLoop.run(AbstractMasterTimer.java:267)
	at javafx.graphics/com.sun.javafx.tk.quantum.QuantumToolkit.pulse(QuantumToolkit.java:559)
	at javafx.graphics/com.sun.javafx.tk.quantum.QuantumToolkit.pulse(QuantumToolkit.java:543)
	at javafx.graphics/com.sun.javafx.tk.quantum.QuantumToolkit.pulseFromQueue(QuantumToolkit.java:536)
	at javafx.graphics/com.sun.javafx.tk.quantum.QuantumToolkit.lambda$runToolkit$11(QuantumToolkit.java:342)
	at javafx.graphics/com.sun.glass.ui.InvokeLaterDispatcher$Future.run(InvokeLaterDispatcher.java:96)
	at javafx.graphics/com.sun.glass.ui.win.WinApplication._runLoop(Native Method)
	at javafx.graphics/com.sun.glass.ui.win.WinApplication.lambda$runLoop$3(WinApplication.java:174)
	at java.base/java.lang.Thread.run(Thread.java:830)

01:42:12.606 [JavaFX Application Thread] FATAL FXGLApplication      - Application will now exit
01:42:12.608 [JavaFX Application Thread] DEBUG MainWindow           - Push state: ErrorSubScene
01:42:12.608 [JavaFX Application Thread] DEBUG Input                - Clearing active input actions
01:42:12.609 [JavaFX Application Thread] DEBUG GameApplicationServi - Removing overlay from GameScene and adding to ErrorSubScene
01:42:12.610 [JavaFX Application Thread] DEBUG MainWindow           - GameScene -> ErrorSubScene
01:42:36.724 [JavaFX Application Thread] DEBUG FXGLApplication      - Exiting FXGL
01:42:36.724 [JavaFX Application Thread] DEBUG Async                - Shutting down background threads
01:42:36.725 [JavaFX Application Thread] DEBUG MainWindow           - Closing main window
01:42:36.739 [JavaFX Application Thread] DEBUG Logger               - Closing Logger
