01:26:02.780 [main                     ] DEBUG Logger               - Configured Logger
01:26:02.825 [main                     ] DEBUG GameApplication      - Logging settings
Title: Traffic
Version: Alpha 1.0
Width: 2000
Height: 1125
Fullscreen: false
Intro: false
Profiling: false
Single step:false
App Mode: DEVELOPER
Menu Key: ESCAPE
Stage Style: DECORATED
Scene Factory: class it.uniroma1.metodologie.trafficGame.TrafficApp$1

01:26:03.272 [JavaFX Application Thread] DEBUG FXGLApplication      - Initializing FXGL
01:26:03.277 [JavaFX Application Thread] INFO  Engine               - FXGL-dev-SNAPSHOT (08.09.2020 17.31) on WINDOWS (J:13.0.2 FX:14)
01:26:03.278 [JavaFX Application Thread] DEBUG Engine               - JRE Vendor Name: Oracle Corporation
01:26:03.278 [JavaFX Application Thread] DEBUG Engine               - Running on OS: Windows 10 version 10.0
01:26:03.278 [JavaFX Application Thread] DEBUG Engine               - Architecture: amd64
01:26:03.278 [JavaFX Application Thread] INFO  Engine               - Source code and latest versions at: https://github.com/AlmasB/FXGL
01:26:03.278 [JavaFX Application Thread] INFO  Engine               -              Join the FXGL chat at: https://gitter.im/AlmasB/FXGL
01:26:03.355 [JavaFX Application Thread] DEBUG MainWindow           - Creating a JavaFX scene
01:26:03.401 [JavaFX Application Thread] DEBUG MainWindow           - Target settings size: 2000.0 x 1125.0
01:26:03.401 [JavaFX Application Thread] DEBUG MainWindow           - Scaled scene size:    2000.0 x 1125.0
01:26:03.402 [JavaFX Application Thread] DEBUG MainWindow           - Scaled ratio: (1.0, 1.0)
01:26:03.403 [JavaFX Application Thread] DEBUG MainWindow           - Set initial scene to StartupScene
01:26:03.407 [JavaFX Application Thread] DEBUG MainWindow           - Opening main window
01:26:03.481 [JavaFX Application Thread] DEBUG MainWindow           - Window border size: (16.0, 39.0)
01:26:03.482 [JavaFX Application Thread] DEBUG MainWindow           - Scaled size: 2000.0 x 1125.0
01:26:03.482 [JavaFX Application Thread] DEBUG MainWindow           - Scaled ratio: (1.0, 1.0)
01:26:03.482 [JavaFX Application Thread] DEBUG MainWindow           - Scene size: 2000.0 x 1125.0
01:26:03.482 [JavaFX Application Thread] DEBUG MainWindow           - Stage size: 2016.0 x 1164.0
01:26:03.494 [FXGL Background Thread 1 ] DEBUG Engine               - Initializing environment variables
01:26:03.523 [FXGL Background Thread 1 ] DEBUG GameApplicationServi - Applying CSS: fxgl_dark.css
01:26:03.524 [FXGL Background Thread 1 ] DEBUG FXGLAssetLoaderServi - Loading from file system: /assets/ui/css/fxgl_dark.css
01:26:03.570 [FXGL Background Thread 1 ] DEBUG GameApplicationServi - Initializing application scenes
01:26:03.635 [FXGL Background Thread 1 ] DEBUG GameWorld            - Game world initialized
01:26:03.678 [FXGL Background Thread 1 ] DEBUG PhysicsWorld         - Physics world initialized: appHeight=1125, physics.ppm=50,0
01:26:03.680 [FXGL Background Thread 1 ] DEBUG GameScene            - Game scene initialized: 2000x1125
01:26:03.690 [FXGL Background Thread 1 ] DEBUG FXGLAssetLoaderServi - Loading from file system: /assets/textures/bg.jpg
01:26:03.975 [FXGL Background Thread 1 ] DEBUG FXGLAssetLoaderServi - Loading from file system: /assets/textures/logo.png
01:26:04.075 [FXGL Background Thread 1 ] DEBUG FXGLAssetLoaderServi - Loading from file system: /assets/textures/particles/trace_horizontal.png
01:26:04.097 [FXGL Background Thread 1 ] DEBUG FXGL.DefaultMenu     - createMenuBodyGameMenu()
01:26:04.106 [FXGL Background Thread 1 ] DEBUG FXGL.DefaultMenu     - createOptionsMenu()
01:26:04.109 [FXGL Background Thread 1 ] DEBUG FXGL.DefaultMenu     - createExtraMenu()
01:26:04.111 [FXGL Background Thread 1 ] DEBUG FXGLAssetLoaderServi - Loading from file system: /assets/textures/particles/smoke.png
01:26:04.156 [FXGL Background Thread 1 ] DEBUG GameApplicationServi - Application scenes initialized
01:26:04.163 [FXGL Background Thread 1 ] DEBUG SystemBundleService  - Loading FXGL system data
01:26:04.166 [FXGL Background Thread 1 ] DEBUG FileSystemAccess     - Reading from: C:\Users\Andrea\Desktop\Homework\traffic-mobile\system\fxgl.bundle
01:26:04.173 [FXGL Background Thread 1 ] DEBUG SystemBundleService  - Bundle FXGL: {}
01:26:04.173 [FXGL Background Thread 1 ] DEBUG UpdaterService       - Checking for updates
01:26:04.205 [FXGL Background Thread 1 ] DEBUG FXGLApplication      - Loading default localization
01:26:04.205 [FXGL Background Thread 1 ] DEBUG FXGLAssetLoaderServi - Loading from file system: /assets/languages/english.lang
01:26:04.214 [FXGL Background Thread 4 ] DEBUG FXGLApplication      - Loading fonts
01:26:04.214 [FXGL Background Thread 4 ] DEBUG FXGLAssetLoaderServi - Loading from file system: /assets/ui/fonts/VarelaRound-Regular.ttf
01:26:04.220 [FXGL Background Thread 1 ] INFO  FXGLApplication      - FXGL initialization took: 0,727 sec
01:26:04.227 [JavaFX Application Thread] DEBUG Input                - Registered new binding: Change trafficlight status - F
01:26:04.227 [JavaFX Application Thread] DEBUG Input                - Registered new binding: Move Right - D
01:26:04.227 [JavaFX Application Thread] DEBUG Input                - Registered new binding: Move Left - A
01:26:04.227 [JavaFX Application Thread] DEBUG Input                - Registered new binding: Move Up - W
01:26:04.228 [JavaFX Application Thread] DEBUG Input                - Registered new binding: Move Down - S
01:26:04.228 [JavaFX Application Thread] DEBUG Input                - Registered new binding: Spawn Car - Space
01:26:04.228 [JavaFX Application Thread] DEBUG Input                - Registered new binding: Select and change traffic light - LMB
01:26:04.229 [JavaFX Application Thread] DEBUG FXGLAssetLoaderServi - Loading from file system: /assets/textures/fxgl_icon.png
01:26:04.235 [JavaFX Application Thread] DEBUG FXGLAssetLoaderServi - Loading from file system: /assets/ui/cursors/fxgl_default.png
01:26:04.237 [JavaFX Application Thread] DEBUG Input                - Registered new binding: Screenshot - P
01:26:04.237 [JavaFX Application Thread] DEBUG Input                - Registered new binding: Dev Options - 1
01:26:04.238 [JavaFX Application Thread] DEBUG Input                - Registered new binding: Dev Console - 2
01:26:04.238 [JavaFX Application Thread] DEBUG Input                - Registered new binding: System info dump - CTRL+9
01:26:04.238 [JavaFX Application Thread] DEBUG Input                - Registered new binding: Restart - CTRL+R
01:26:04.239 [JavaFX Application Thread] DEBUG Input                - Registered new binding: Toggle Debug Camera - CTRL+C
01:26:04.240 [JavaFX Application Thread] DEBUG LoopRunner           - Starting loop
01:26:04.249 [JavaFX Application Thread] DEBUG Input                - Clearing active input actions
01:26:04.255 [JavaFX Application Thread] DEBUG GameApplicationServi - Removing overlay from StartupScene and adding to FXGLMainMenuDummyScene
01:26:04.257 [JavaFX Application Thread] DEBUG MainWindow           - StartupScene -> FXGLMainMenuDummyScene
01:26:04.257 [JavaFX Application Thread] DEBUG MainWindow           - Push state: TrafficAppMenu
01:26:04.258 [JavaFX Application Thread] DEBUG Input                - Clearing active input actions
01:26:04.268 [JavaFX Application Thread] DEBUG GameApplicationServi - Removing overlay from FXGLMainMenuDummyScene and adding to TrafficAppMenu
01:26:04.268 [JavaFX Application Thread] DEBUG MainWindow           - FXGLMainMenuDummyScene -> TrafficAppMenu
01:26:04.753 [FXGL Background Thread 4 ] DEBUG FXGLAssetLoaderServi - Loading from file system: /assets/ui/fonts/Abel-Regular.ttf
01:26:04.755 [FXGL Background Thread 4 ] DEBUG FXGLAssetLoaderServi - Loading from file system: /assets/ui/fonts/lucida_console.ttf
01:26:04.759 [FXGL Background Thread 4 ] DEBUG FXGLAssetLoaderServi - Loading from file system: /assets/ui/fonts/Courier-Prime.ttf
01:26:04.763 [JavaFX Application Thread] DEBUG FXGLApplication      - Registering font factories with UI factory
01:26:05.238 [JavaFX Application Thread] DEBUG Menu                 - fireNewGame()
01:26:05.239 [JavaFX Application Thread] DEBUG GameApplicationServi - Starting new game
01:26:05.239 [JavaFX Application Thread] DEBUG MainWindow           - Pop state: TrafficAppMenu
01:26:05.239 [JavaFX Application Thread] DEBUG Input                - Clearing active input actions
01:26:05.240 [JavaFX Application Thread] DEBUG GameApplicationServi - Removing overlay from TrafficAppMenu and adding to FXGLMainMenuDummyScene
01:26:05.243 [JavaFX Application Thread] DEBUG MainWindow           - FXGLMainMenuDummyScene <- TrafficAppMenu
01:26:05.243 [JavaFX Application Thread] DEBUG Input                - Clearing active input actions
01:26:05.254 [JavaFX Application Thread] DEBUG GameApplicationServi - Removing overlay from FXGLMainMenuDummyScene and adding to FXGLLoadingScene
01:26:05.254 [JavaFX Application Thread] DEBUG MainWindow           - FXGLMainMenuDummyScene -> FXGLLoadingScene
01:26:05.254 [JavaFX Application Thread] DEBUG GameApplicationServi - Clearing previous game
01:26:05.255 [JavaFX Application Thread] DEBUG GameScene            - Clearing game scene
01:26:05.255 [JavaFX Application Thread] DEBUG GameWorld            - Clearing game world
01:26:05.255 [JavaFX Application Thread] DEBUG PhysicsWorld         - Clearing physics world
01:26:05.256 [FXGL Background Thread 4 ] DEBUG FXGLApplication      - Initializing game
01:26:05.262 [FXGL Background Thread 4 ] DEBUG FXGLAssetLoaderServi - Loading from file system: /assets/levels/Mappa-testing.tmx
01:26:05.293 [FXGL Background Thread 4 ] WARN  TMXLevelLoader       - TiledMap generated from 1.4.1. Supported version: 1.2.3. Some features may not be parsed fully.
01:26:05.313 [FXGL Background Thread 4 ] DEBUG TMXLevelLoader       - Parsed raw map: TiledMap(width=16, height=9, tilewidth=125, tileheight=125, orientation=orthogonal, layers=[Layer(width=16, height=9, name=Tile Layer 1, type=tilelayer, visible=false, x=0, y=0, data=[24, 24, 24, 26, 5, 28, 24, 24, 24, 24, 24, 26, 5, 28, 24, 24, 25, 25, 25, 32, 5, 34, 25, 25, 25, 25, 25, 32, 5, 34, 25, 25, 6, 6, 6, 6, 7, 6, 6, 6, 6, 6, 6, 6, 7, 6, 6, 6, 27, 27, 27, 33, 5, 21, 13, 13, 13, 13, 13, 19, 5, 35, 27, 27, 24, 24, 24, 26, 5, 14, 10, 10, 10, 10, 10, 12, 5, 28, 24, 24, 25, 25, 25, 32, 5, 20, 11, 11, 11, 11, 11, 18, 5, 34, 25, 25, 6, 6, 6, 6, 7, 6, 6, 6, 6, 6, 6, 6, 7, 6, 6, 6, 27, 27, 27, 33, 5, 35, 27, 27, 27, 27, 27, 33, 5, 35, 27, 27, 24, 24, 24, 26, 5, 28, 24, 24, 24, 24, 24, 26, 5, 28, 24, 24], objects=[], opacity=0.0, draworder=), Layer(width=0, height=0, name=spawnpoints, type=objectgroup, visible=false, x=0, y=0, data=[], objects=[com.almasb.fxgl.entity.level.tiled.TiledObject@4184402f, com.almasb.fxgl.entity.level.tiled.TiledObject@2bc11c8f, com.almasb.fxgl.entity.level.tiled.TiledObject@6ce04fd7, com.almasb.fxgl.entity.level.tiled.TiledObject@22e8115b, com.almasb.fxgl.entity.level.tiled.TiledObject@410ea811, com.almasb.fxgl.entity.level.tiled.TiledObject@6288e1db, com.almasb.fxgl.entity.level.tiled.TiledObject@c7894aa, com.almasb.fxgl.entity.level.tiled.TiledObject@6e782eb7], opacity=0.0, draworder=), Layer(width=0, height=0, name=paths, type=objectgroup, visible=false, x=0, y=0, data=[], objects=[com.almasb.fxgl.entity.level.tiled.TiledObject@5a025d49, com.almasb.fxgl.entity.level.tiled.TiledObject@7f21f9eb, com.almasb.fxgl.entity.level.tiled.TiledObject@37b4ef61, com.almasb.fxgl.entity.level.tiled.TiledObject@189672b6, com.almasb.fxgl.entity.level.tiled.TiledObject@50b68cf8, com.almasb.fxgl.entity.level.tiled.TiledObject@2028d9a4, com.almasb.fxgl.entity.level.tiled.TiledObject@3077e527, com.almasb.fxgl.entity.level.tiled.TiledObject@1bdf225d, com.almasb.fxgl.entity.level.tiled.TiledObject@7f6aac92, com.almasb.fxgl.entity.level.tiled.TiledObject@1969af22, com.almasb.fxgl.entity.level.tiled.TiledObject@16b82ff5, com.almasb.fxgl.entity.level.tiled.TiledObject@74173ab5, com.almasb.fxgl.entity.level.tiled.TiledObject@5eb31699, com.almasb.fxgl.entity.level.tiled.TiledObject@af7b2d2, com.almasb.fxgl.entity.level.tiled.TiledObject@5d67f3fe, com.almasb.fxgl.entity.level.tiled.TiledObject@10e8a875, com.almasb.fxgl.entity.level.tiled.TiledObject@5629732f, com.almasb.fxgl.entity.level.tiled.TiledObject@61ff2a1a, com.almasb.fxgl.entity.level.tiled.TiledObject@365ddd8, com.almasb.fxgl.entity.level.tiled.TiledObject@569b76c1, com.almasb.fxgl.entity.level.tiled.TiledObject@4bb6c736, com.almasb.fxgl.entity.level.tiled.TiledObject@53818ba0, com.almasb.fxgl.entity.level.tiled.TiledObject@7e271715, com.almasb.fxgl.entity.level.tiled.TiledObject@73874b6e], opacity=0.0, draworder=), Layer(width=0, height=0, name=Incroci, type=objectgroup, visible=false, x=0, y=0, data=[], objects=[com.almasb.fxgl.entity.level.tiled.TiledObject@e75ad5f, com.almasb.fxgl.entity.level.tiled.TiledObject@51f6ebba, com.almasb.fxgl.entity.level.tiled.TiledObject@172fd12e, com.almasb.fxgl.entity.level.tiled.TiledObject@5e3a249e], opacity=0.0, draworder=), Layer(width=0, height=0, name=trafficLight, type=objectgroup, visible=false, x=0, y=0, data=[], objects=[com.almasb.fxgl.entity.level.tiled.TiledObject@7d066553, com.almasb.fxgl.entity.level.tiled.TiledObject@1bcbfa72, com.almasb.fxgl.entity.level.tiled.TiledObject@7284fe84, com.almasb.fxgl.entity.level.tiled.TiledObject@7d152a9e, com.almasb.fxgl.entity.level.tiled.TiledObject@3377f492, com.almasb.fxgl.entity.level.tiled.TiledObject@772b80e4, com.almasb.fxgl.entity.level.tiled.TiledObject@228e205b, com.almasb.fxgl.entity.level.tiled.TiledObject@761baf4e, com.almasb.fxgl.entity.level.tiled.TiledObject@7a44167b, com.almasb.fxgl.entity.level.tiled.TiledObject@51438577, com.almasb.fxgl.entity.level.tiled.TiledObject@21cebfc, com.almasb.fxgl.entity.level.tiled.TiledObject@29d6552e, com.almasb.fxgl.entity.level.tiled.TiledObject@73fb79a1, com.almasb.fxgl.entity.level.tiled.TiledObject@3e5e2294, com.almasb.fxgl.entity.level.tiled.TiledObject@5bf87da8, com.almasb.fxgl.entity.level.tiled.TiledObject@409c2cdc], opacity=0.0, draworder=)], tilesets=[Tileset(firstgid=1, image=../textures/rsz_tiles_sheet.png, name=rsz_tiles_sheet, tilewidth=125, tileheight=125, imagewidth=875, imageheight=750, margin=0, spacing=0, columns=7, tilecount=42, transparentcolor=41ffef, tiles=[])], backgroundcolor=, renderorder=left-up, nextobjectid=66, version=1, tiledversion=1.4.1, type=map, infinite=false, hexsidelength=0, staggeraxis=, staggerindex=, properties={}, propertytypes={})
01:26:05.314 [FXGL Background Thread 4 ] DEBUG TMXLevelLoader       - Creating tile layer entities
01:26:05.315 [FXGL Background Thread 4 ] DEBUG TilesetLoader        - Loading view for layer Tile Layer 1
01:26:05.319 [FXGL Background Thread 4 ] DEBUG TilesetLoader        - Created buffer with size 2000.0x1125.0
01:26:05.459 [FXGL Background Thread 4 ] DEBUG TilesetLoader        - Writing to buffer: dst=0,0, w=125,h=125, src=250,375
01:26:05.460 [FXGL Background Thread 4 ] DEBUG TilesetLoader        - Writing to buffer: dst=125,0, w=125,h=125, src=250,375
01:26:05.460 [FXGL Background Thread 4 ] DEBUG TilesetLoader        - Writing to buffer: dst=250,0, w=125,h=125, src=250,375
01:26:05.460 [FXGL Background Thread 4 ] DEBUG TilesetLoader        - Writing to buffer: dst=375,0, w=125,h=125, src=500,375
01:26:05.461 [FXGL Background Thread 4 ] DEBUG TilesetLoader        - Writing to buffer: dst=500,0, w=125,h=125, src=500,0
01:26:05.461 [FXGL Background Thread 4 ] DEBUG TilesetLoader        - Writing to buffer: dst=625,0, w=125,h=125, src=750,375
01:26:05.461 [FXGL Background Thread 4 ] DEBUG TilesetLoader        - Writing to buffer: dst=750,0, w=125,h=125, src=250,375
01:26:05.461 [FXGL Background Thread 4 ] DEBUG TilesetLoader        - Writing to buffer: dst=875,0, w=125,h=125, src=250,375
01:26:05.461 [FXGL Background Thread 4 ] DEBUG TilesetLoader        - Writing to buffer: dst=1000,0, w=125,h=125, src=250,375
01:26:05.462 [FXGL Background Thread 4 ] DEBUG TilesetLoader        - Writing to buffer: dst=1125,0, w=125,h=125, src=250,375
01:26:05.462 [FXGL Background Thread 4 ] DEBUG TilesetLoader        - Writing to buffer: dst=1250,0, w=125,h=125, src=250,375
01:26:05.463 [FXGL Background Thread 4 ] DEBUG TilesetLoader        - Writing to buffer: dst=1375,0, w=125,h=125, src=500,375
01:26:05.463 [FXGL Background Thread 4 ] DEBUG TilesetLoader        - Writing to buffer: dst=1500,0, w=125,h=125, src=500,0
01:26:05.464 [FXGL Background Thread 4 ] DEBUG TilesetLoader        - Writing to buffer: dst=1625,0, w=125,h=125, src=750,375
01:26:05.464 [FXGL Background Thread 4 ] DEBUG TilesetLoader        - Writing to buffer: dst=1750,0, w=125,h=125, src=250,375
01:26:05.464 [FXGL Background Thread 4 ] DEBUG TilesetLoader        - Writing to buffer: dst=1875,0, w=125,h=125, src=250,375
01:26:05.464 [FXGL Background Thread 4 ] DEBUG TilesetLoader        - Writing to buffer: dst=0,125, w=125,h=125, src=375,375
01:26:05.464 [FXGL Background Thread 4 ] DEBUG TilesetLoader        - Writing to buffer: dst=125,125, w=125,h=125, src=375,375
01:26:05.464 [FXGL Background Thread 4 ] DEBUG TilesetLoader        - Writing to buffer: dst=250,125, w=125,h=125, src=375,375
01:26:05.465 [FXGL Background Thread 4 ] DEBUG TilesetLoader        - Writing to buffer: dst=375,125, w=125,h=125, src=375,500
01:26:05.465 [FXGL Background Thread 4 ] DEBUG TilesetLoader        - Writing to buffer: dst=500,125, w=125,h=125, src=500,0
01:26:05.465 [FXGL Background Thread 4 ] DEBUG TilesetLoader        - Writing to buffer: dst=625,125, w=125,h=125, src=625,500
01:26:05.466 [FXGL Background Thread 4 ] DEBUG TilesetLoader        - Writing to buffer: dst=750,125, w=125,h=125, src=375,375
01:26:05.466 [FXGL Background Thread 4 ] DEBUG TilesetLoader        - Writing to buffer: dst=875,125, w=125,h=125, src=375,375
01:26:05.466 [FXGL Background Thread 4 ] DEBUG TilesetLoader        - Writing to buffer: dst=1000,125, w=125,h=125, src=375,375
01:26:05.466 [FXGL Background Thread 4 ] DEBUG TilesetLoader        - Writing to buffer: dst=1125,125, w=125,h=125, src=375,375
01:26:05.466 [FXGL Background Thread 4 ] DEBUG TilesetLoader        - Writing to buffer: dst=1250,125, w=125,h=125, src=375,375
01:26:05.467 [FXGL Background Thread 4 ] DEBUG TilesetLoader        - Writing to buffer: dst=1375,125, w=125,h=125, src=375,500
01:26:05.467 [FXGL Background Thread 4 ] DEBUG TilesetLoader        - Writing to buffer: dst=1500,125, w=125,h=125, src=500,0
01:26:05.467 [FXGL Background Thread 4 ] DEBUG TilesetLoader        - Writing to buffer: dst=1625,125, w=125,h=125, src=625,500
01:26:05.467 [FXGL Background Thread 4 ] DEBUG TilesetLoader        - Writing to buffer: dst=1750,125, w=125,h=125, src=375,375
01:26:05.467 [FXGL Background Thread 4 ] DEBUG TilesetLoader        - Writing to buffer: dst=1875,125, w=125,h=125, src=375,375
01:26:05.467 [FXGL Background Thread 4 ] DEBUG TilesetLoader        - Writing to buffer: dst=0,250, w=125,h=125, src=625,0
01:26:05.468 [FXGL Background Thread 4 ] DEBUG TilesetLoader        - Writing to buffer: dst=125,250, w=125,h=125, src=625,0
01:26:05.468 [FXGL Background Thread 4 ] DEBUG TilesetLoader        - Writing to buffer: dst=250,250, w=125,h=125, src=625,0
01:26:05.468 [FXGL Background Thread 4 ] DEBUG TilesetLoader        - Writing to buffer: dst=375,250, w=125,h=125, src=625,0
01:26:05.468 [FXGL Background Thread 4 ] DEBUG TilesetLoader        - Writing to buffer: dst=500,250, w=125,h=125, src=750,0
01:26:05.469 [FXGL Background Thread 4 ] DEBUG TilesetLoader        - Writing to buffer: dst=625,250, w=125,h=125, src=625,0
01:26:05.469 [FXGL Background Thread 4 ] DEBUG TilesetLoader        - Writing to buffer: dst=750,250, w=125,h=125, src=625,0
01:26:05.469 [FXGL Background Thread 4 ] DEBUG TilesetLoader        - Writing to buffer: dst=875,250, w=125,h=125, src=625,0
01:26:05.469 [FXGL Background Thread 4 ] DEBUG TilesetLoader        - Writing to buffer: dst=1000,250, w=125,h=125, src=625,0
01:26:05.470 [FXGL Background Thread 4 ] DEBUG TilesetLoader        - Writing to buffer: dst=1125,250, w=125,h=125, src=625,0
01:26:05.470 [FXGL Background Thread 4 ] DEBUG TilesetLoader        - Writing to buffer: dst=1250,250, w=125,h=125, src=625,0
01:26:05.470 [FXGL Background Thread 4 ] DEBUG TilesetLoader        - Writing to buffer: dst=1375,250, w=125,h=125, src=625,0
01:26:05.470 [FXGL Background Thread 4 ] DEBUG TilesetLoader        - Writing to buffer: dst=1500,250, w=125,h=125, src=750,0
01:26:05.470 [FXGL Background Thread 4 ] DEBUG TilesetLoader        - Writing to buffer: dst=1625,250, w=125,h=125, src=625,0
01:26:05.470 [FXGL Background Thread 4 ] DEBUG TilesetLoader        - Writing to buffer: dst=1750,250, w=125,h=125, src=625,0
01:26:05.470 [FXGL Background Thread 4 ] DEBUG TilesetLoader        - Writing to buffer: dst=1875,250, w=125,h=125, src=625,0
01:26:05.471 [FXGL Background Thread 4 ] DEBUG TilesetLoader        - Writing to buffer: dst=0,375, w=125,h=125, src=625,375
01:26:05.471 [FXGL Background Thread 4 ] DEBUG TilesetLoader        - Writing to buffer: dst=125,375, w=125,h=125, src=625,375
01:26:05.471 [FXGL Background Thread 4 ] DEBUG TilesetLoader        - Writing to buffer: dst=250,375, w=125,h=125, src=625,375
01:26:05.471 [FXGL Background Thread 4 ] DEBUG TilesetLoader        - Writing to buffer: dst=375,375, w=125,h=125, src=500,500
01:26:05.471 [FXGL Background Thread 4 ] DEBUG TilesetLoader        - Writing to buffer: dst=500,375, w=125,h=125, src=500,0
01:26:05.471 [FXGL Background Thread 4 ] DEBUG TilesetLoader        - Writing to buffer: dst=625,375, w=125,h=125, src=750,250
01:26:05.471 [FXGL Background Thread 4 ] DEBUG TilesetLoader        - Writing to buffer: dst=750,375, w=125,h=125, src=625,125
01:26:05.472 [FXGL Background Thread 4 ] DEBUG TilesetLoader        - Writing to buffer: dst=875,375, w=125,h=125, src=625,125
01:26:05.472 [FXGL Background Thread 4 ] DEBUG TilesetLoader        - Writing to buffer: dst=1000,375, w=125,h=125, src=625,125
01:26:05.472 [FXGL Background Thread 4 ] DEBUG TilesetLoader        - Writing to buffer: dst=1125,375, w=125,h=125, src=625,125
01:26:05.472 [FXGL Background Thread 4 ] DEBUG TilesetLoader        - Writing to buffer: dst=1250,375, w=125,h=125, src=625,125
01:26:05.473 [FXGL Background Thread 4 ] DEBUG TilesetLoader        - Writing to buffer: dst=1375,375, w=125,h=125, src=500,250
01:26:05.473 [FXGL Background Thread 4 ] DEBUG TilesetLoader        - Writing to buffer: dst=1500,375, w=125,h=125, src=500,0
01:26:05.473 [FXGL Background Thread 4 ] DEBUG TilesetLoader        - Writing to buffer: dst=1625,375, w=125,h=125, src=750,500
01:26:05.473 [FXGL Background Thread 4 ] DEBUG TilesetLoader        - Writing to buffer: dst=1750,375, w=125,h=125, src=625,375
01:26:05.473 [FXGL Background Thread 4 ] DEBUG TilesetLoader        - Writing to buffer: dst=1875,375, w=125,h=125, src=625,375
01:26:05.473 [FXGL Background Thread 4 ] DEBUG TilesetLoader        - Writing to buffer: dst=0,500, w=125,h=125, src=250,375
01:26:05.474 [FXGL Background Thread 4 ] DEBUG TilesetLoader        - Writing to buffer: dst=125,500, w=125,h=125, src=250,375
01:26:05.474 [FXGL Background Thread 4 ] DEBUG TilesetLoader        - Writing to buffer: dst=250,500, w=125,h=125, src=250,375
01:26:05.474 [FXGL Background Thread 4 ] DEBUG TilesetLoader        - Writing to buffer: dst=375,500, w=125,h=125, src=500,375
01:26:05.474 [FXGL Background Thread 4 ] DEBUG TilesetLoader        - Writing to buffer: dst=500,500, w=125,h=125, src=500,0
01:26:05.475 [FXGL Background Thread 4 ] DEBUG TilesetLoader        - Writing to buffer: dst=625,500, w=125,h=125, src=750,125
01:26:05.475 [FXGL Background Thread 4 ] DEBUG TilesetLoader        - Writing to buffer: dst=750,500, w=125,h=125, src=250,125
01:26:05.475 [FXGL Background Thread 4 ] DEBUG TilesetLoader        - Writing to buffer: dst=875,500, w=125,h=125, src=250,125
01:26:05.476 [FXGL Background Thread 4 ] DEBUG TilesetLoader        - Writing to buffer: dst=1000,500, w=125,h=125, src=250,125
01:26:05.476 [FXGL Background Thread 4 ] DEBUG TilesetLoader        - Writing to buffer: dst=1125,500, w=125,h=125, src=250,125
01:26:05.476 [FXGL Background Thread 4 ] DEBUG TilesetLoader        - Writing to buffer: dst=1250,500, w=125,h=125, src=250,125
01:26:05.476 [FXGL Background Thread 4 ] DEBUG TilesetLoader        - Writing to buffer: dst=1375,500, w=125,h=125, src=500,125
01:26:05.477 [FXGL Background Thread 4 ] DEBUG TilesetLoader        - Writing to buffer: dst=1500,500, w=125,h=125, src=500,0
01:26:05.477 [FXGL Background Thread 4 ] DEBUG TilesetLoader        - Writing to buffer: dst=1625,500, w=125,h=125, src=750,375
01:26:05.477 [FXGL Background Thread 4 ] DEBUG TilesetLoader        - Writing to buffer: dst=1750,500, w=125,h=125, src=250,375
01:26:05.477 [FXGL Background Thread 4 ] DEBUG TilesetLoader        - Writing to buffer: dst=1875,500, w=125,h=125, src=250,375
01:26:05.477 [FXGL Background Thread 4 ] DEBUG TilesetLoader        - Writing to buffer: dst=0,625, w=125,h=125, src=375,375
01:26:05.477 [FXGL Background Thread 4 ] DEBUG TilesetLoader        - Writing to buffer: dst=125,625, w=125,h=125, src=375,375
01:26:05.477 [FXGL Background Thread 4 ] DEBUG TilesetLoader        - Writing to buffer: dst=250,625, w=125,h=125, src=375,375
01:26:05.478 [FXGL Background Thread 4 ] DEBUG TilesetLoader        - Writing to buffer: dst=375,625, w=125,h=125, src=375,500
01:26:05.478 [FXGL Background Thread 4 ] DEBUG TilesetLoader        - Writing to buffer: dst=500,625, w=125,h=125, src=500,0
01:26:05.478 [FXGL Background Thread 4 ] DEBUG TilesetLoader        - Writing to buffer: dst=625,625, w=125,h=125, src=625,250
01:26:05.478 [FXGL Background Thread 4 ] DEBUG TilesetLoader        - Writing to buffer: dst=750,625, w=125,h=125, src=375,125
01:26:05.478 [FXGL Background Thread 4 ] DEBUG TilesetLoader        - Writing to buffer: dst=875,625, w=125,h=125, src=375,125
01:26:05.478 [FXGL Background Thread 4 ] DEBUG TilesetLoader        - Writing to buffer: dst=1000,625, w=125,h=125, src=375,125
01:26:05.478 [FXGL Background Thread 4 ] DEBUG TilesetLoader        - Writing to buffer: dst=1125,625, w=125,h=125, src=375,125
01:26:05.478 [FXGL Background Thread 4 ] DEBUG TilesetLoader        - Writing to buffer: dst=1250,625, w=125,h=125, src=375,125
01:26:05.479 [FXGL Background Thread 4 ] DEBUG TilesetLoader        - Writing to buffer: dst=1375,625, w=125,h=125, src=375,250
01:26:05.479 [FXGL Background Thread 4 ] DEBUG TilesetLoader        - Writing to buffer: dst=1500,625, w=125,h=125, src=500,0
01:26:05.479 [FXGL Background Thread 4 ] DEBUG TilesetLoader        - Writing to buffer: dst=1625,625, w=125,h=125, src=625,500
01:26:05.479 [FXGL Background Thread 4 ] DEBUG TilesetLoader        - Writing to buffer: dst=1750,625, w=125,h=125, src=375,375
01:26:05.479 [FXGL Background Thread 4 ] DEBUG TilesetLoader        - Writing to buffer: dst=1875,625, w=125,h=125, src=375,375
01:26:05.480 [FXGL Background Thread 4 ] DEBUG TilesetLoader        - Writing to buffer: dst=0,750, w=125,h=125, src=625,0
01:26:05.480 [FXGL Background Thread 4 ] DEBUG TilesetLoader        - Writing to buffer: dst=125,750, w=125,h=125, src=625,0
01:26:05.480 [FXGL Background Thread 4 ] DEBUG TilesetLoader        - Writing to buffer: dst=250,750, w=125,h=125, src=625,0
01:26:05.480 [FXGL Background Thread 4 ] DEBUG TilesetLoader        - Writing to buffer: dst=375,750, w=125,h=125, src=625,0
01:26:05.480 [FXGL Background Thread 4 ] DEBUG TilesetLoader        - Writing to buffer: dst=500,750, w=125,h=125, src=750,0
01:26:05.480 [FXGL Background Thread 4 ] DEBUG TilesetLoader        - Writing to buffer: dst=625,750, w=125,h=125, src=625,0
01:26:05.480 [FXGL Background Thread 4 ] DEBUG TilesetLoader        - Writing to buffer: dst=750,750, w=125,h=125, src=625,0
01:26:05.481 [FXGL Background Thread 4 ] DEBUG TilesetLoader        - Writing to buffer: dst=875,750, w=125,h=125, src=625,0
01:26:05.481 [FXGL Background Thread 4 ] DEBUG TilesetLoader        - Writing to buffer: dst=1000,750, w=125,h=125, src=625,0
01:26:05.481 [FXGL Background Thread 4 ] DEBUG TilesetLoader        - Writing to buffer: dst=1125,750, w=125,h=125, src=625,0
01:26:05.481 [FXGL Background Thread 4 ] DEBUG TilesetLoader        - Writing to buffer: dst=1250,750, w=125,h=125, src=625,0
01:26:05.481 [FXGL Background Thread 4 ] DEBUG TilesetLoader        - Writing to buffer: dst=1375,750, w=125,h=125, src=625,0
01:26:05.481 [FXGL Background Thread 4 ] DEBUG TilesetLoader        - Writing to buffer: dst=1500,750, w=125,h=125, src=750,0
01:26:05.481 [FXGL Background Thread 4 ] DEBUG TilesetLoader        - Writing to buffer: dst=1625,750, w=125,h=125, src=625,0
01:26:05.481 [FXGL Background Thread 4 ] DEBUG TilesetLoader        - Writing to buffer: dst=1750,750, w=125,h=125, src=625,0
01:26:05.481 [FXGL Background Thread 4 ] DEBUG TilesetLoader        - Writing to buffer: dst=1875,750, w=125,h=125, src=625,0
01:26:05.482 [FXGL Background Thread 4 ] DEBUG TilesetLoader        - Writing to buffer: dst=0,875, w=125,h=125, src=625,375
01:26:05.482 [FXGL Background Thread 4 ] DEBUG TilesetLoader        - Writing to buffer: dst=125,875, w=125,h=125, src=625,375
01:26:05.482 [FXGL Background Thread 4 ] DEBUG TilesetLoader        - Writing to buffer: dst=250,875, w=125,h=125, src=625,375
01:26:05.482 [FXGL Background Thread 4 ] DEBUG TilesetLoader        - Writing to buffer: dst=375,875, w=125,h=125, src=500,500
01:26:05.482 [FXGL Background Thread 4 ] DEBUG TilesetLoader        - Writing to buffer: dst=500,875, w=125,h=125, src=500,0
01:26:05.483 [FXGL Background Thread 4 ] DEBUG TilesetLoader        - Writing to buffer: dst=625,875, w=125,h=125, src=750,500
01:26:05.483 [FXGL Background Thread 4 ] DEBUG TilesetLoader        - Writing to buffer: dst=750,875, w=125,h=125, src=625,375
01:26:05.483 [FXGL Background Thread 4 ] DEBUG TilesetLoader        - Writing to buffer: dst=875,875, w=125,h=125, src=625,375
01:26:05.483 [FXGL Background Thread 4 ] DEBUG TilesetLoader        - Writing to buffer: dst=1000,875, w=125,h=125, src=625,375
01:26:05.483 [FXGL Background Thread 4 ] DEBUG TilesetLoader        - Writing to buffer: dst=1125,875, w=125,h=125, src=625,375
01:26:05.483 [FXGL Background Thread 4 ] DEBUG TilesetLoader        - Writing to buffer: dst=1250,875, w=125,h=125, src=625,375
01:26:05.483 [FXGL Background Thread 4 ] DEBUG TilesetLoader        - Writing to buffer: dst=1375,875, w=125,h=125, src=500,500
01:26:05.483 [FXGL Background Thread 4 ] DEBUG TilesetLoader        - Writing to buffer: dst=1500,875, w=125,h=125, src=500,0
01:26:05.483 [FXGL Background Thread 4 ] DEBUG TilesetLoader        - Writing to buffer: dst=1625,875, w=125,h=125, src=750,500
01:26:05.484 [FXGL Background Thread 4 ] DEBUG TilesetLoader        - Writing to buffer: dst=1750,875, w=125,h=125, src=625,375
01:26:05.484 [FXGL Background Thread 4 ] DEBUG TilesetLoader        - Writing to buffer: dst=1875,875, w=125,h=125, src=625,375
01:26:05.484 [FXGL Background Thread 4 ] DEBUG TilesetLoader        - Writing to buffer: dst=0,1000, w=125,h=125, src=250,375
01:26:05.484 [FXGL Background Thread 4 ] DEBUG TilesetLoader        - Writing to buffer: dst=125,1000, w=125,h=125, src=250,375
01:26:05.485 [FXGL Background Thread 4 ] DEBUG TilesetLoader        - Writing to buffer: dst=250,1000, w=125,h=125, src=250,375
01:26:05.485 [FXGL Background Thread 4 ] DEBUG TilesetLoader        - Writing to buffer: dst=375,1000, w=125,h=125, src=500,375
01:26:05.485 [FXGL Background Thread 4 ] DEBUG TilesetLoader        - Writing to buffer: dst=500,1000, w=125,h=125, src=500,0
01:26:05.485 [FXGL Background Thread 4 ] DEBUG TilesetLoader        - Writing to buffer: dst=625,1000, w=125,h=125, src=750,375
01:26:05.485 [FXGL Background Thread 4 ] DEBUG TilesetLoader        - Writing to buffer: dst=750,1000, w=125,h=125, src=250,375
01:26:05.485 [FXGL Background Thread 4 ] DEBUG TilesetLoader        - Writing to buffer: dst=875,1000, w=125,h=125, src=250,375
01:26:05.485 [FXGL Background Thread 4 ] DEBUG TilesetLoader        - Writing to buffer: dst=1000,1000, w=125,h=125, src=250,375
01:26:05.486 [FXGL Background Thread 4 ] DEBUG TilesetLoader        - Writing to buffer: dst=1125,1000, w=125,h=125, src=250,375
01:26:05.486 [FXGL Background Thread 4 ] DEBUG TilesetLoader        - Writing to buffer: dst=1250,1000, w=125,h=125, src=250,375
01:26:05.486 [FXGL Background Thread 4 ] DEBUG TilesetLoader        - Writing to buffer: dst=1375,1000, w=125,h=125, src=500,375
01:26:05.486 [FXGL Background Thread 4 ] DEBUG TilesetLoader        - Writing to buffer: dst=1500,1000, w=125,h=125, src=500,0
01:26:05.486 [FXGL Background Thread 4 ] DEBUG TilesetLoader        - Writing to buffer: dst=1625,1000, w=125,h=125, src=750,375
01:26:05.486 [FXGL Background Thread 4 ] DEBUG TilesetLoader        - Writing to buffer: dst=1750,1000, w=125,h=125, src=250,375
01:26:05.486 [FXGL Background Thread 4 ] DEBUG TilesetLoader        - Writing to buffer: dst=1875,1000, w=125,h=125, src=250,375
01:26:05.487 [FXGL Background Thread 4 ] DEBUG TMXLevelLoader       - Creating object layer entities
01:26:05.516 [FXGL Background Thread 4 ] DEBUG FXGLAssetLoaderServi - Loading from file system: /assets/textures/semaforoRosso-01.png
01:26:05.519 [FXGL Background Thread 4 ] DEBUG FXGLAssetLoaderServi - Loading from file system: /assets/textures/semaforoVerde-01.png
01:26:05.522 [FXGL Background Thread 4 ] DEBUG FXGLAssetLoaderServi - Loading from cache: /assets/textures/semaforoRosso-01.png
01:26:05.522 [FXGL Background Thread 4 ] DEBUG FXGLAssetLoaderServi - Loading from cache: /assets/textures/semaforoVerde-01.png
01:26:05.523 [FXGL Background Thread 4 ] DEBUG FXGLAssetLoaderServi - Loading from cache: /assets/textures/semaforoRosso-01.png
01:26:05.523 [FXGL Background Thread 4 ] DEBUG FXGLAssetLoaderServi - Loading from cache: /assets/textures/semaforoVerde-01.png
01:26:05.524 [FXGL Background Thread 4 ] DEBUG FXGLAssetLoaderServi - Loading from cache: /assets/textures/semaforoRosso-01.png
01:26:05.524 [FXGL Background Thread 4 ] DEBUG FXGLAssetLoaderServi - Loading from cache: /assets/textures/semaforoVerde-01.png
01:26:05.524 [FXGL Background Thread 4 ] DEBUG FXGLAssetLoaderServi - Loading from file system: /assets/textures/semaforoRosso-04.png
01:26:05.527 [FXGL Background Thread 4 ] DEBUG FXGLAssetLoaderServi - Loading from file system: /assets/textures/semaforoVerde-04.png
01:26:05.533 [FXGL Background Thread 4 ] DEBUG FXGLAssetLoaderServi - Loading from cache: /assets/textures/semaforoRosso-04.png
01:26:05.534 [FXGL Background Thread 4 ] DEBUG FXGLAssetLoaderServi - Loading from cache: /assets/textures/semaforoVerde-04.png
01:26:05.537 [FXGL Background Thread 4 ] DEBUG FXGLAssetLoaderServi - Loading from cache: /assets/textures/semaforoRosso-04.png
01:26:05.537 [FXGL Background Thread 4 ] DEBUG FXGLAssetLoaderServi - Loading from cache: /assets/textures/semaforoVerde-04.png
01:26:05.538 [FXGL Background Thread 4 ] DEBUG FXGLAssetLoaderServi - Loading from cache: /assets/textures/semaforoRosso-04.png
01:26:05.539 [FXGL Background Thread 4 ] DEBUG FXGLAssetLoaderServi - Loading from cache: /assets/textures/semaforoVerde-04.png
01:26:05.542 [FXGL Background Thread 4 ] DEBUG FXGLAssetLoaderServi - Loading from file system: /assets/textures/semaforoRosso-03.png
01:26:05.544 [FXGL Background Thread 4 ] DEBUG FXGLAssetLoaderServi - Loading from file system: /assets/textures/semaforoVerde-03.png
01:26:05.545 [FXGL Background Thread 4 ] DEBUG FXGLAssetLoaderServi - Loading from cache: /assets/textures/semaforoRosso-03.png
01:26:05.546 [FXGL Background Thread 4 ] DEBUG FXGLAssetLoaderServi - Loading from cache: /assets/textures/semaforoVerde-03.png
01:26:05.547 [FXGL Background Thread 4 ] DEBUG FXGLAssetLoaderServi - Loading from cache: /assets/textures/semaforoRosso-03.png
01:26:05.547 [FXGL Background Thread 4 ] DEBUG FXGLAssetLoaderServi - Loading from cache: /assets/textures/semaforoVerde-03.png
01:26:05.548 [FXGL Background Thread 4 ] DEBUG FXGLAssetLoaderServi - Loading from cache: /assets/textures/semaforoRosso-03.png
01:26:05.548 [FXGL Background Thread 4 ] DEBUG FXGLAssetLoaderServi - Loading from cache: /assets/textures/semaforoVerde-03.png
01:26:05.549 [FXGL Background Thread 4 ] DEBUG FXGLAssetLoaderServi - Loading from file system: /assets/textures/semaforoRosso-02.png
01:26:05.550 [FXGL Background Thread 4 ] DEBUG FXGLAssetLoaderServi - Loading from file system: /assets/textures/semaforoVerde-02.png
01:26:05.552 [FXGL Background Thread 4 ] DEBUG FXGLAssetLoaderServi - Loading from cache: /assets/textures/semaforoRosso-02.png
01:26:05.552 [FXGL Background Thread 4 ] DEBUG FXGLAssetLoaderServi - Loading from cache: /assets/textures/semaforoVerde-02.png
01:26:05.552 [FXGL Background Thread 4 ] DEBUG FXGLAssetLoaderServi - Loading from cache: /assets/textures/semaforoRosso-02.png
01:26:05.552 [FXGL Background Thread 4 ] DEBUG FXGLAssetLoaderServi - Loading from cache: /assets/textures/semaforoVerde-02.png
01:26:05.554 [FXGL Background Thread 4 ] DEBUG FXGLAssetLoaderServi - Loading from cache: /assets/textures/semaforoRosso-02.png
01:26:05.555 [FXGL Background Thread 4 ] DEBUG FXGLAssetLoaderServi - Loading from cache: /assets/textures/semaforoVerde-02.png
01:26:05.558 [FXGL Background Thread 4 ] DEBUG GameWorld            - Clearing removable entities
01:26:05.558 [FXGL Background Thread 4 ] DEBUG GameWorld            - Setting level: com.almasb.fxgl.entity.level.Level@4643f0cc
01:26:05.564 [FXGL Background Thread 4 ] DEBUG FXGLAssetLoaderServi - Loading from file system: /assets/textures/pointer-sprite.png
01:26:05.586 [FXGL Background Thread 4 ] INFO  FXGLApplication      - Game initialization took: 0,330 sec
01:26:05.586 [JavaFX Application Thread] DEBUG Input                - Clearing active input actions
01:26:05.593 [JavaFX Application Thread] DEBUG GameApplicationServi - Removing overlay from FXGLLoadingScene and adding to GameScene
01:26:05.596 [JavaFX Application Thread] DEBUG MainWindow           - FXGLLoadingScene -> GameScene
01:26:07.197 [FXGL Background Thread 3 ] DEBUG Engine               - Logging environment variables
01:26:07.197 [FXGL Background Thread 3 ] DEBUG Engine               - achievements: []
01:26:07.197 [FXGL Background Thread 3 ] DEBUG Engine               - appIcon: fxgl_icon.png
01:26:07.197 [FXGL Background Thread 3 ] DEBUG Engine               - applicationMode: DEVELOPER
01:26:07.197 [FXGL Background Thread 3 ] DEBUG Engine               - cSSList: [fxgl_dark.css]
01:26:07.198 [FXGL Background Thread 3 ] DEBUG Engine               - configClass: Optional.empty
01:26:07.198 [FXGL Background Thread 3 ] DEBUG Engine               - credits: []
01:26:07.202 [FXGL Background Thread 3 ] DEBUG Engine               - devBBoxColorProperty: ObjectProperty [value: 0xff0000ff]
01:26:07.203 [FXGL Background Thread 3 ] DEBUG Engine               - devEnableDebugCameraProperty: BooleanProperty [value: false]
01:26:07.203 [FXGL Background Thread 3 ] DEBUG Engine               - devSensorColorProperty: ObjectProperty [value: 0xffff00ff]
01:26:07.203 [FXGL Background Thread 3 ] DEBUG Engine               - devShowBBoxProperty: BooleanProperty [value: false]
01:26:07.203 [FXGL Background Thread 3 ] DEBUG Engine               - devShowPositionProperty: BooleanProperty [value: false]
01:26:07.203 [FXGL Background Thread 3 ] DEBUG Engine               - enabledMenuItems: [SAVE_LOAD, EXTRA, ONLINE]
01:26:07.203 [FXGL Background Thread 3 ] DEBUG Engine               - engineServices: [class com.almasb.fxgl.app.FXGLApplication$GameApplicationService, class com.almasb.fxgl.app.services.FXGLDialogService, class com.almasb.fxgl.app.services.IOTaskExecutorService, class com.almasb.fxgl.event.EventBusService, class com.almasb.fxgl.io.FileSystemService, class com.almasb.fxgl.localization.LocalizationService, class com.almasb.fxgl.app.services.FXGLAssetLoaderService, class com.almasb.fxgl.app.services.SystemBundleService, class com.almasb.fxgl.profile.SaveLoadService, class com.almasb.fxgl.ui.FXGLUIFactoryServiceProvider, class com.almasb.fxgl.ui.FXGLDialogFactoryServiceProvider, class com.almasb.fxgl.audio.AudioPlayer, class com.almasb.fxgl.notification.impl.NotificationServiceProvider, class com.almasb.fxgl.achievement.AchievementService, class com.almasb.fxgl.cutscene.CutsceneService, class com.almasb.fxgl.minigames.MiniGameService, class com.almasb.fxgl.net.NetService, class com.almasb.fxgl.app.services.UpdaterService, class com.almasb.fxgl.dev.DevService]
01:26:07.204 [FXGL Background Thread 3 ] DEBUG Engine               - fontGame: Abel-Regular.ttf
01:26:07.204 [FXGL Background Thread 3 ] DEBUG Engine               - fontMono: lucida_console.ttf
01:26:07.204 [FXGL Background Thread 3 ] DEBUG Engine               - fontText: Courier-Prime.ttf
01:26:07.204 [FXGL Background Thread 3 ] DEBUG Engine               - fontUI: VarelaRound-Regular.ttf
01:26:07.204 [FXGL Background Thread 3 ] DEBUG Engine               - fullScreen: BooleanProperty [value: false]
01:26:07.205 [FXGL Background Thread 3 ] DEBUG Engine               - gameDifficulty: MEDIUM
01:26:07.205 [FXGL Background Thread 3 ] DEBUG Engine               - gameDifficultyProperty: ObjectProperty [value: MEDIUM]
01:26:07.205 [FXGL Background Thread 3 ] DEBUG Engine               - globalMusicVolume: 0.5
01:26:07.205 [FXGL Background Thread 3 ] DEBUG Engine               - globalMusicVolumeProperty: DoubleProperty [value: 0.5]
01:26:07.205 [FXGL Background Thread 3 ] DEBUG Engine               - globalSoundVolume: 0.5
01:26:07.205 [FXGL Background Thread 3 ] DEBUG Engine               - globalSoundVolumeProperty: DoubleProperty [value: 0.5]
01:26:07.205 [FXGL Background Thread 3 ] DEBUG Engine               - height: 1125
01:26:07.205 [FXGL Background Thread 3 ] DEBUG Engine               - isAndroid: false
01:26:07.205 [FXGL Background Thread 3 ] DEBUG Engine               - isBrowser: false
01:26:07.205 [FXGL Background Thread 3 ] DEBUG Engine               - isClickFeedbackEnabled: false
01:26:07.205 [FXGL Background Thread 3 ] DEBUG Engine               - isCloseConfirmation: false
01:26:07.208 [FXGL Background Thread 3 ] DEBUG Engine               - isDesktop: true
01:26:07.209 [FXGL Background Thread 3 ] DEBUG Engine               - isDeveloperMenuEnabled: true
01:26:07.209 [FXGL Background Thread 3 ] DEBUG Engine               - isEntityPreloadEnabled: true
01:26:07.209 [FXGL Background Thread 3 ] DEBUG Engine               - isExperimentalNative: false
01:26:07.210 [FXGL Background Thread 3 ] DEBUG Engine               - isExperimentalTiledLargeMap: false
01:26:07.210 [FXGL Background Thread 3 ] DEBUG Engine               - isFileSystemWriteAllowed: true
01:26:07.210 [FXGL Background Thread 3 ] DEBUG Engine               - isFullScreenAllowed: false
01:26:07.210 [FXGL Background Thread 3 ] DEBUG Engine               - isFullScreenFromStart: false
01:26:07.210 [FXGL Background Thread 3 ] DEBUG Engine               - isGameMenuEnabled: true
01:26:07.210 [FXGL Background Thread 3 ] DEBUG Engine               - isIOS: false
01:26:07.210 [FXGL Background Thread 3 ] DEBUG Engine               - isIntroEnabled: false
01:26:07.212 [FXGL Background Thread 3 ] DEBUG Engine               - isLinux: false
01:26:07.214 [FXGL Background Thread 3 ] DEBUG Engine               - isMac: false
01:26:07.215 [FXGL Background Thread 3 ] DEBUG Engine               - isMainMenuEnabled: true
01:26:07.216 [FXGL Background Thread 3 ] DEBUG Engine               - isManualResizeEnabled: true
01:26:07.216 [FXGL Background Thread 3 ] DEBUG Engine               - isMobile: false
01:26:07.216 [FXGL Background Thread 3 ] DEBUG Engine               - isPreserveResizeRatio: true
01:26:07.216 [FXGL Background Thread 3 ] DEBUG Engine               - isProfilingEnabled: false
01:26:07.216 [FXGL Background Thread 3 ] DEBUG Engine               - isSingleStep: false
01:26:07.216 [FXGL Background Thread 3 ] DEBUG Engine               - isUserProfileEnabled: false
01:26:07.216 [FXGL Background Thread 3 ] DEBUG Engine               - isWindows: true
01:26:07.216 [FXGL Background Thread 3 ] DEBUG Engine               - language: ObjectProperty [value: ENGLISH]
01:26:07.216 [FXGL Background Thread 3 ] DEBUG Engine               - menuKey: ESCAPE
01:26:07.216 [FXGL Background Thread 3 ] DEBUG Engine               - notificationViewClass: class com.almasb.fxgl.notification.view.XboxNotificationView
01:26:07.216 [FXGL Background Thread 3 ] DEBUG Engine               - pixelsPerMeter: 50.0
01:26:07.216 [FXGL Background Thread 3 ] DEBUG Engine               - platform: WINDOWS
01:26:07.216 [FXGL Background Thread 3 ] DEBUG Engine               - profileDir: profiles/
01:26:07.217 [FXGL Background Thread 3 ] DEBUG Engine               - profileName: StringProperty [value: DEFAULT]
01:26:07.217 [FXGL Background Thread 3 ] DEBUG Engine               - randomSeed: -1
01:26:07.217 [FXGL Background Thread 3 ] DEBUG Engine               - runtimeInfo: RuntimeInfo(platform=WINDOWS, version=dev-SNAPSHOT, build=08.09.2020 17.31)
01:26:07.217 [FXGL Background Thread 3 ] DEBUG Engine               - saveFileExt: sav
01:26:07.217 [FXGL Background Thread 3 ] DEBUG Engine               - sceneFactory: it.uniroma1.metodologie.trafficGame.TrafficApp$1@26b327ff
01:26:07.217 [FXGL Background Thread 3 ] DEBUG Engine               - secondsIn24h: 60
01:26:07.217 [FXGL Background Thread 3 ] DEBUG Engine               - soundMenuBack: menu/back.wav
01:26:07.217 [FXGL Background Thread 3 ] DEBUG Engine               - soundMenuPress: menu/press.wav
01:26:07.217 [FXGL Background Thread 3 ] DEBUG Engine               - soundMenuSelect: menu/select.wav
01:26:07.217 [FXGL Background Thread 3 ] DEBUG Engine               - soundNotification: core/notification.wav
01:26:07.217 [FXGL Background Thread 3 ] DEBUG Engine               - stageStyle: DECORATED
01:26:07.217 [FXGL Background Thread 3 ] DEBUG Engine               - supportedLanguages: [ENGLISH, FRENCH, GERMAN, HUNGARIAN, RUSSIAN]
01:26:07.217 [FXGL Background Thread 3 ] DEBUG Engine               - title: Traffic
01:26:07.217 [FXGL Background Thread 3 ] DEBUG Engine               - urlGithub: https://github.com/AlmasB/FXGL
01:26:07.218 [FXGL Background Thread 3 ] DEBUG Engine               - urlLeaderboard: http://fxgl-top.herokuapp.com/
01:26:07.218 [FXGL Background Thread 3 ] DEBUG Engine               - urlPOM: https://raw.githubusercontent.com/AlmasB/FXGL/master/pom.xml
01:26:07.218 [FXGL Background Thread 3 ] DEBUG Engine               - version: Alpha 1.0
01:26:07.218 [FXGL Background Thread 3 ] DEBUG Engine               - versionCheckDays: 7
01:26:07.218 [FXGL Background Thread 3 ] DEBUG Engine               - width: 2000
01:26:07.218 [FXGL Background Thread 3 ] DEBUG Engine               - Logging services
01:26:07.218 [FXGL Background Thread 3 ] DEBUG Engine               - class com.almasb.fxgl.app.FXGLApplication$GameApplicationService
01:26:07.218 [FXGL Background Thread 3 ] DEBUG Engine               - class com.almasb.fxgl.app.services.FXGLDialogService
01:26:07.218 [FXGL Background Thread 3 ] DEBUG Engine               - class com.almasb.fxgl.app.services.IOTaskExecutorService
01:26:07.218 [FXGL Background Thread 3 ] DEBUG Engine               - class com.almasb.fxgl.event.EventBusService
01:26:07.218 [FXGL Background Thread 3 ] DEBUG Engine               - class com.almasb.fxgl.io.FileSystemService
01:26:07.218 [FXGL Background Thread 3 ] DEBUG Engine               - class com.almasb.fxgl.localization.LocalizationService
01:26:07.218 [FXGL Background Thread 3 ] DEBUG Engine               - class com.almasb.fxgl.app.services.FXGLAssetLoaderService
01:26:07.218 [FXGL Background Thread 3 ] DEBUG Engine               - class com.almasb.fxgl.app.services.SystemBundleService
01:26:07.218 [FXGL Background Thread 3 ] DEBUG Engine               - class com.almasb.fxgl.profile.SaveLoadService
01:26:07.218 [FXGL Background Thread 3 ] DEBUG Engine               - class com.almasb.fxgl.ui.FXGLUIFactoryServiceProvider
01:26:07.218 [FXGL Background Thread 3 ] DEBUG Engine               - class com.almasb.fxgl.ui.FXGLDialogFactoryServiceProvider
01:26:07.218 [FXGL Background Thread 3 ] DEBUG Engine               - class com.almasb.fxgl.audio.AudioPlayer
01:26:07.218 [FXGL Background Thread 3 ] DEBUG Engine               - class com.almasb.fxgl.notification.impl.NotificationServiceProvider
01:26:07.218 [FXGL Background Thread 3 ] DEBUG Engine               - class com.almasb.fxgl.achievement.AchievementService
01:26:07.218 [FXGL Background Thread 3 ] DEBUG Engine               - class com.almasb.fxgl.cutscene.CutsceneService
01:26:07.218 [FXGL Background Thread 3 ] DEBUG Engine               - class com.almasb.fxgl.minigames.MiniGameService
01:26:07.219 [FXGL Background Thread 3 ] DEBUG Engine               - class com.almasb.fxgl.net.NetService
01:26:07.219 [FXGL Background Thread 3 ] DEBUG Engine               - class com.almasb.fxgl.app.services.UpdaterService
01:26:07.219 [FXGL Background Thread 3 ] DEBUG Engine               - class com.almasb.fxgl.dev.DevService
01:26:23.772 [JavaFX Application Thread] DEBUG FXGLApplication      - Exiting FXGL
01:26:23.772 [JavaFX Application Thread] DEBUG LoopRunner           - Stopping loop
01:26:23.772 [JavaFX Application Thread] DEBUG SystemBundleService  - Saving FXGL system data
01:26:23.774 [JavaFX Application Thread] DEBUG FileSystemAccess     - Writing to: C:\Users\Andrea\Desktop\Homework\traffic-mobile\system\fxgl.bundle
01:26:23.775 [JavaFX Application Thread] DEBUG Async                - Shutting down background threads
01:26:23.775 [JavaFX Application Thread] DEBUG MainWindow           - Closing main window
01:26:23.783 [JavaFX Application Thread] DEBUG Logger               - Closing Logger
