06:23:36.515 [main                     ] DEBUG Logger               - Configured Logger
06:23:36.532 [main                     ] DEBUG GameApplication      - Logging settings
Title: Traffic
Version: Alpha 1.0
Width: 2000
Height: 1125
Fullscreen: false
Intro: false
Profiling: false
Single step:false
App Mode: DEVELOPER
Menu Key: ESCAPE
Stage Style: DECORATED
Scene Factory: class it.uniroma1.metodologie.trafficGame.TrafficApp$1

06:23:36.852 [JavaFX Application Thread] DEBUG FXGLApplication      - Initializing FXGL
06:23:36.857 [JavaFX Application Thread] INFO  Engine               - FXGL-dev-SNAPSHOT (08.09.2020 17.31) on WINDOWS (J:13.0.2 FX:14)
06:23:36.858 [JavaFX Application Thread] DEBUG Engine               - JRE Vendor Name: Oracle Corporation
06:23:36.858 [JavaFX Application Thread] DEBUG Engine               - Running on OS: Windows 10 version 10.0
06:23:36.858 [JavaFX Application Thread] DEBUG Engine               - Architecture: amd64
06:23:36.858 [JavaFX Application Thread] INFO  Engine               - Source code and latest versions at: https://github.com/AlmasB/FXGL
06:23:36.859 [JavaFX Application Thread] INFO  Engine               -              Join the FXGL chat at: https://gitter.im/AlmasB/FXGL
06:23:36.936 [JavaFX Application Thread] DEBUG MainWindow           - Creating a JavaFX scene
06:23:36.986 [JavaFX Application Thread] DEBUG MainWindow           - Target settings size: 2000.0 x 1125.0
06:23:36.987 [JavaFX Application Thread] DEBUG MainWindow           - Scaled scene size:    2000.0 x 1125.0
06:23:36.988 [JavaFX Application Thread] DEBUG MainWindow           - Scaled ratio: (1.0, 1.0)
06:23:36.989 [JavaFX Application Thread] DEBUG MainWindow           - Set initial scene to StartupScene
06:23:36.994 [JavaFX Application Thread] DEBUG MainWindow           - Opening main window
06:23:37.068 [JavaFX Application Thread] DEBUG MainWindow           - Window border size: (16.0, 39.0)
06:23:37.068 [JavaFX Application Thread] DEBUG MainWindow           - Scaled size: 2000.0 x 1125.0
06:23:37.068 [JavaFX Application Thread] DEBUG MainWindow           - Scaled ratio: (1.0, 1.0)
06:23:37.069 [JavaFX Application Thread] DEBUG MainWindow           - Scene size: 2000.0 x 1125.0
06:23:37.069 [JavaFX Application Thread] DEBUG MainWindow           - Stage size: 2016.0 x 1164.0
06:23:37.080 [FXGL Background Thread 1 ] DEBUG Engine               - Initializing environment variables
06:23:37.115 [FXGL Background Thread 1 ] DEBUG GameApplicationServi - Applying CSS: fxgl_dark.css
06:23:37.116 [FXGL Background Thread 1 ] DEBUG FXGLAssetLoaderServi - Loading from file system: /assets/ui/css/fxgl_dark.css
06:23:37.168 [FXGL Background Thread 1 ] DEBUG GameApplicationServi - Initializing application scenes
06:23:37.241 [FXGL Background Thread 1 ] DEBUG GameWorld            - Game world initialized
06:23:37.285 [FXGL Background Thread 1 ] DEBUG PhysicsWorld         - Physics world initialized: appHeight=1125, physics.ppm=50,0
06:23:37.288 [FXGL Background Thread 1 ] DEBUG GameScene            - Game scene initialized: 2000x1125
06:23:37.298 [FXGL Background Thread 1 ] DEBUG FXGLAssetLoaderServi - Loading from file system: /assets/textures/bg.jpg
06:23:37.591 [FXGL Background Thread 1 ] DEBUG FXGLAssetLoaderServi - Loading from file system: /assets/textures/logo.png
06:23:37.695 [FXGL Background Thread 1 ] DEBUG FXGLAssetLoaderServi - Loading from file system: /assets/textures/particles/trace_horizontal.png
06:23:37.718 [FXGL Background Thread 1 ] DEBUG FXGL.DefaultMenu     - createMenuBodyGameMenu()
06:23:37.729 [FXGL Background Thread 1 ] DEBUG FXGL.DefaultMenu     - createOptionsMenu()
06:23:37.735 [FXGL Background Thread 1 ] DEBUG FXGL.DefaultMenu     - createExtraMenu()
06:23:37.737 [FXGL Background Thread 1 ] DEBUG FXGLAssetLoaderServi - Loading from file system: /assets/textures/particles/smoke.png
06:23:37.802 [FXGL Background Thread 1 ] DEBUG GameApplicationServi - Application scenes initialized
06:23:37.811 [FXGL Background Thread 1 ] DEBUG SystemBundleService  - Loading FXGL system data
06:23:37.817 [FXGL Background Thread 1 ] DEBUG FileSystemAccess     - Reading from: C:\Users\Andrea\Desktop\Homework\traffic-mobile\system\fxgl.bundle
06:23:37.823 [FXGL Background Thread 1 ] DEBUG SystemBundleService  - Bundle FXGL: {}
06:23:37.823 [FXGL Background Thread 1 ] DEBUG UpdaterService       - Checking for updates
06:23:37.864 [FXGL Background Thread 4 ] DEBUG FXGLApplication      - Loading fonts
06:23:37.864 [FXGL Background Thread 1 ] DEBUG FXGLApplication      - Loading default localization
06:23:37.865 [FXGL Background Thread 1 ] DEBUG FXGLAssetLoaderServi - Loading from file system: /assets/languages/english.lang
06:23:37.864 [FXGL Background Thread 4 ] DEBUG FXGLAssetLoaderServi - Loading from file system: /assets/ui/fonts/VarelaRound-Regular.ttf
06:23:37.880 [FXGL Background Thread 1 ] INFO  FXGLApplication      - FXGL initialization took: 0,800 sec
06:23:37.888 [JavaFX Application Thread] DEBUG Input                - Registered new binding: Change trafficlight status - F
06:23:37.888 [JavaFX Application Thread] DEBUG Input                - Registered new binding: Move Right - D
06:23:37.888 [JavaFX Application Thread] DEBUG Input                - Registered new binding: Move Left - A
06:23:37.888 [JavaFX Application Thread] DEBUG Input                - Registered new binding: Move Up - W
06:23:37.888 [JavaFX Application Thread] DEBUG Input                - Registered new binding: Move Down - S
06:23:37.889 [JavaFX Application Thread] DEBUG Input                - Registered new binding: Spawn Car - Space
06:23:37.889 [JavaFX Application Thread] DEBUG Input                - Registered new binding: Select and change traffic light - LMB
06:23:37.890 [JavaFX Application Thread] DEBUG FXGLAssetLoaderServi - Loading from file system: /assets/textures/fxgl_icon.png
06:23:37.902 [JavaFX Application Thread] DEBUG FXGLAssetLoaderServi - Loading from file system: /assets/ui/cursors/fxgl_default.png
06:23:37.905 [JavaFX Application Thread] DEBUG Input                - Registered new binding: Screenshot - P
06:23:37.905 [JavaFX Application Thread] DEBUG Input                - Registered new binding: Dev Options - 1
06:23:37.905 [JavaFX Application Thread] DEBUG Input                - Registered new binding: Dev Console - 2
06:23:37.906 [JavaFX Application Thread] DEBUG Input                - Registered new binding: System info dump - CTRL+9
06:23:37.906 [JavaFX Application Thread] DEBUG Input                - Registered new binding: Restart - CTRL+R
06:23:37.906 [JavaFX Application Thread] DEBUG Input                - Registered new binding: Toggle Debug Camera - CTRL+C
06:23:37.908 [JavaFX Application Thread] DEBUG LoopRunner           - Starting loop
06:23:37.941 [JavaFX Application Thread] DEBUG Input                - Clearing active input actions
06:23:37.960 [JavaFX Application Thread] DEBUG GameApplicationServi - Removing overlay from StartupScene and adding to FXGLMainMenuDummyScene
06:23:37.963 [JavaFX Application Thread] DEBUG MainWindow           - StartupScene -> FXGLMainMenuDummyScene
06:23:37.963 [JavaFX Application Thread] DEBUG MainWindow           - Push state: TrafficAppMenu
06:23:37.964 [JavaFX Application Thread] DEBUG Input                - Clearing active input actions
06:23:37.974 [JavaFX Application Thread] DEBUG GameApplicationServi - Removing overlay from FXGLMainMenuDummyScene and adding to TrafficAppMenu
06:23:37.976 [JavaFX Application Thread] DEBUG MainWindow           - FXGLMainMenuDummyScene -> TrafficAppMenu
06:23:38.649 [FXGL Background Thread 4 ] DEBUG FXGLAssetLoaderServi - Loading from file system: /assets/ui/fonts/Abel-Regular.ttf
06:23:38.652 [FXGL Background Thread 4 ] DEBUG FXGLAssetLoaderServi - Loading from file system: /assets/ui/fonts/lucida_console.ttf
06:23:38.655 [FXGL Background Thread 4 ] DEBUG FXGLAssetLoaderServi - Loading from file system: /assets/ui/fonts/Courier-Prime.ttf
06:23:38.667 [JavaFX Application Thread] DEBUG FXGLApplication      - Registering font factories with UI factory
06:23:40.857 [FXGL Background Thread 3 ] DEBUG Engine               - Logging environment variables
06:23:40.858 [FXGL Background Thread 3 ] DEBUG Engine               - achievements: []
06:23:40.858 [FXGL Background Thread 3 ] DEBUG Engine               - appIcon: fxgl_icon.png
06:23:40.858 [FXGL Background Thread 3 ] DEBUG Engine               - applicationMode: DEVELOPER
06:23:40.859 [FXGL Background Thread 3 ] DEBUG Engine               - cSSList: [fxgl_dark.css]
06:23:40.859 [FXGL Background Thread 3 ] DEBUG Engine               - configClass: Optional.empty
06:23:40.859 [FXGL Background Thread 3 ] DEBUG Engine               - credits: []
06:23:40.859 [FXGL Background Thread 3 ] DEBUG Engine               - devBBoxColorProperty: ObjectProperty [value: 0xff0000ff]
06:23:40.859 [FXGL Background Thread 3 ] DEBUG Engine               - devEnableDebugCameraProperty: BooleanProperty [value: false]
06:23:40.860 [FXGL Background Thread 3 ] DEBUG Engine               - devSensorColorProperty: ObjectProperty [value: 0xffff00ff]
06:23:40.860 [FXGL Background Thread 3 ] DEBUG Engine               - devShowBBoxProperty: BooleanProperty [value: false]
06:23:40.861 [FXGL Background Thread 3 ] DEBUG Engine               - devShowPositionProperty: BooleanProperty [value: false]
06:23:40.862 [FXGL Background Thread 3 ] DEBUG Engine               - enabledMenuItems: [SAVE_LOAD, EXTRA, ONLINE]
06:23:40.863 [FXGL Background Thread 3 ] DEBUG Engine               - engineServices: [class com.almasb.fxgl.app.FXGLApplication$GameApplicationService, class com.almasb.fxgl.app.services.FXGLDialogService, class com.almasb.fxgl.app.services.IOTaskExecutorService, class com.almasb.fxgl.event.EventBusService, class com.almasb.fxgl.io.FileSystemService, class com.almasb.fxgl.localization.LocalizationService, class com.almasb.fxgl.app.services.FXGLAssetLoaderService, class com.almasb.fxgl.app.services.SystemBundleService, class com.almasb.fxgl.profile.SaveLoadService, class com.almasb.fxgl.ui.FXGLUIFactoryServiceProvider, class com.almasb.fxgl.ui.FXGLDialogFactoryServiceProvider, class com.almasb.fxgl.audio.AudioPlayer, class com.almasb.fxgl.notification.impl.NotificationServiceProvider, class com.almasb.fxgl.achievement.AchievementService, class com.almasb.fxgl.cutscene.CutsceneService, class com.almasb.fxgl.minigames.MiniGameService, class com.almasb.fxgl.net.NetService, class com.almasb.fxgl.app.services.UpdaterService, class com.almasb.fxgl.dev.DevService]
06:23:40.863 [FXGL Background Thread 3 ] DEBUG Engine               - fontGame: Abel-Regular.ttf
06:23:40.864 [FXGL Background Thread 3 ] DEBUG Engine               - fontMono: lucida_console.ttf
06:23:40.864 [FXGL Background Thread 3 ] DEBUG Engine               - fontText: Courier-Prime.ttf
06:23:40.864 [FXGL Background Thread 3 ] DEBUG Engine               - fontUI: VarelaRound-Regular.ttf
06:23:40.864 [FXGL Background Thread 3 ] DEBUG Engine               - fullScreen: BooleanProperty [value: false]
06:23:40.865 [FXGL Background Thread 3 ] DEBUG Engine               - gameDifficulty: MEDIUM
06:23:40.865 [FXGL Background Thread 3 ] DEBUG Engine               - gameDifficultyProperty: ObjectProperty [value: MEDIUM]
06:23:40.865 [FXGL Background Thread 3 ] DEBUG Engine               - globalMusicVolume: 0.5
06:23:40.866 [FXGL Background Thread 3 ] DEBUG Engine               - globalMusicVolumeProperty: DoubleProperty [value: 0.5]
06:23:40.866 [FXGL Background Thread 3 ] DEBUG Engine               - globalSoundVolume: 0.5
06:23:40.866 [FXGL Background Thread 3 ] DEBUG Engine               - globalSoundVolumeProperty: DoubleProperty [value: 0.5]
06:23:40.868 [FXGL Background Thread 3 ] DEBUG Engine               - height: 1125
06:23:40.868 [FXGL Background Thread 3 ] DEBUG Engine               - isAndroid: false
06:23:40.868 [FXGL Background Thread 3 ] DEBUG Engine               - isBrowser: false
06:23:40.868 [FXGL Background Thread 3 ] DEBUG Engine               - isClickFeedbackEnabled: false
06:23:40.868 [FXGL Background Thread 3 ] DEBUG Engine               - isCloseConfirmation: false
06:23:40.868 [FXGL Background Thread 3 ] DEBUG Engine               - isDesktop: true
06:23:40.873 [FXGL Background Thread 3 ] DEBUG Engine               - isDeveloperMenuEnabled: true
06:23:40.877 [FXGL Background Thread 3 ] DEBUG Engine               - isEntityPreloadEnabled: true
06:23:40.877 [FXGL Background Thread 3 ] DEBUG Engine               - isExperimentalNative: false
06:23:40.878 [FXGL Background Thread 3 ] DEBUG Engine               - isExperimentalTiledLargeMap: false
06:23:40.878 [FXGL Background Thread 3 ] DEBUG Engine               - isFileSystemWriteAllowed: true
06:23:40.878 [FXGL Background Thread 3 ] DEBUG Engine               - isFullScreenAllowed: false
06:23:40.878 [FXGL Background Thread 3 ] DEBUG Engine               - isFullScreenFromStart: false
06:23:40.879 [FXGL Background Thread 3 ] DEBUG Engine               - isGameMenuEnabled: true
06:23:40.879 [FXGL Background Thread 3 ] DEBUG Engine               - isIOS: false
06:23:40.879 [FXGL Background Thread 3 ] DEBUG Engine               - isIntroEnabled: false
06:23:40.879 [FXGL Background Thread 3 ] DEBUG Engine               - isLinux: false
06:23:40.879 [FXGL Background Thread 3 ] DEBUG Engine               - isMac: false
06:23:40.879 [FXGL Background Thread 3 ] DEBUG Engine               - isMainMenuEnabled: true
06:23:40.879 [FXGL Background Thread 3 ] DEBUG Engine               - isManualResizeEnabled: true
06:23:40.880 [FXGL Background Thread 3 ] DEBUG Engine               - isMobile: false
06:23:40.881 [FXGL Background Thread 3 ] DEBUG Engine               - isPreserveResizeRatio: true
06:23:40.881 [FXGL Background Thread 3 ] DEBUG Engine               - isProfilingEnabled: false
06:23:40.883 [FXGL Background Thread 3 ] DEBUG Engine               - isSingleStep: false
06:23:40.883 [FXGL Background Thread 3 ] DEBUG Engine               - isUserProfileEnabled: false
06:23:40.886 [FXGL Background Thread 3 ] DEBUG Engine               - isWindows: true
06:23:40.886 [FXGL Background Thread 3 ] DEBUG Engine               - language: ObjectProperty [value: ENGLISH]
06:23:40.886 [FXGL Background Thread 3 ] DEBUG Engine               - menuKey: ESCAPE
06:23:40.886 [FXGL Background Thread 3 ] DEBUG Engine               - notificationViewClass: class com.almasb.fxgl.notification.view.XboxNotificationView
06:23:40.887 [FXGL Background Thread 3 ] DEBUG Engine               - pixelsPerMeter: 50.0
06:23:40.887 [FXGL Background Thread 3 ] DEBUG Engine               - platform: WINDOWS
06:23:40.887 [FXGL Background Thread 3 ] DEBUG Engine               - profileDir: profiles/
06:23:40.888 [FXGL Background Thread 3 ] DEBUG Engine               - profileName: StringProperty [value: DEFAULT]
06:23:40.889 [FXGL Background Thread 3 ] DEBUG Engine               - randomSeed: -1
06:23:40.889 [FXGL Background Thread 3 ] DEBUG Engine               - runtimeInfo: RuntimeInfo(platform=WINDOWS, version=dev-SNAPSHOT, build=08.09.2020 17.31)
06:23:40.889 [FXGL Background Thread 3 ] DEBUG Engine               - saveFileExt: sav
06:23:40.891 [FXGL Background Thread 3 ] DEBUG Engine               - sceneFactory: it.uniroma1.metodologie.trafficGame.TrafficApp$1@5a676199
06:23:40.891 [FXGL Background Thread 3 ] DEBUG Engine               - secondsIn24h: 60
06:23:40.891 [FXGL Background Thread 3 ] DEBUG Engine               - soundMenuBack: menu/back.wav
06:23:40.891 [FXGL Background Thread 3 ] DEBUG Engine               - soundMenuPress: menu/press.wav
06:23:40.891 [FXGL Background Thread 3 ] DEBUG Engine               - soundMenuSelect: menu/select.wav
06:23:40.892 [FXGL Background Thread 3 ] DEBUG Engine               - soundNotification: core/notification.wav
06:23:40.892 [FXGL Background Thread 3 ] DEBUG Engine               - stageStyle: DECORATED
06:23:40.892 [FXGL Background Thread 3 ] DEBUG Engine               - supportedLanguages: [ENGLISH, FRENCH, GERMAN, HUNGARIAN, RUSSIAN]
06:23:40.892 [FXGL Background Thread 3 ] DEBUG Engine               - title: Traffic
06:23:40.893 [FXGL Background Thread 3 ] DEBUG Engine               - urlGithub: https://github.com/AlmasB/FXGL
06:23:40.893 [FXGL Background Thread 3 ] DEBUG Engine               - urlLeaderboard: http://fxgl-top.herokuapp.com/
06:23:40.893 [FXGL Background Thread 3 ] DEBUG Engine               - urlPOM: https://raw.githubusercontent.com/AlmasB/FXGL/master/pom.xml
06:23:40.893 [FXGL Background Thread 3 ] DEBUG Engine               - version: Alpha 1.0
06:23:40.893 [FXGL Background Thread 3 ] DEBUG Engine               - versionCheckDays: 7
06:23:40.893 [FXGL Background Thread 3 ] DEBUG Engine               - width: 2000
06:23:40.893 [FXGL Background Thread 3 ] DEBUG Engine               - Logging services
06:23:40.893 [FXGL Background Thread 3 ] DEBUG Engine               - class com.almasb.fxgl.app.FXGLApplication$GameApplicationService
06:23:40.893 [FXGL Background Thread 3 ] DEBUG Engine               - class com.almasb.fxgl.app.services.FXGLDialogService
06:23:40.894 [FXGL Background Thread 3 ] DEBUG Engine               - class com.almasb.fxgl.app.services.IOTaskExecutorService
06:23:40.894 [FXGL Background Thread 3 ] DEBUG Engine               - class com.almasb.fxgl.event.EventBusService
06:23:40.894 [FXGL Background Thread 3 ] DEBUG Engine               - class com.almasb.fxgl.io.FileSystemService
06:23:40.894 [FXGL Background Thread 3 ] DEBUG Engine               - class com.almasb.fxgl.localization.LocalizationService
06:23:40.894 [FXGL Background Thread 3 ] DEBUG Engine               - class com.almasb.fxgl.app.services.FXGLAssetLoaderService
06:23:40.894 [FXGL Background Thread 3 ] DEBUG Engine               - class com.almasb.fxgl.app.services.SystemBundleService
06:23:40.894 [FXGL Background Thread 3 ] DEBUG Engine               - class com.almasb.fxgl.profile.SaveLoadService
06:23:40.894 [FXGL Background Thread 3 ] DEBUG Engine               - class com.almasb.fxgl.ui.FXGLUIFactoryServiceProvider
06:23:40.895 [FXGL Background Thread 3 ] DEBUG Engine               - class com.almasb.fxgl.ui.FXGLDialogFactoryServiceProvider
06:23:40.895 [FXGL Background Thread 3 ] DEBUG Engine               - class com.almasb.fxgl.audio.AudioPlayer
06:23:40.899 [FXGL Background Thread 3 ] DEBUG Engine               - class com.almasb.fxgl.notification.impl.NotificationServiceProvider
06:23:40.899 [FXGL Background Thread 3 ] DEBUG Engine               - class com.almasb.fxgl.achievement.AchievementService
06:23:40.899 [FXGL Background Thread 3 ] DEBUG Engine               - class com.almasb.fxgl.cutscene.CutsceneService
06:23:40.899 [FXGL Background Thread 3 ] DEBUG Engine               - class com.almasb.fxgl.minigames.MiniGameService
06:23:40.900 [FXGL Background Thread 3 ] DEBUG Engine               - class com.almasb.fxgl.net.NetService
06:23:40.900 [FXGL Background Thread 3 ] DEBUG Engine               - class com.almasb.fxgl.app.services.UpdaterService
06:23:40.900 [FXGL Background Thread 3 ] DEBUG Engine               - class com.almasb.fxgl.dev.DevService
06:23:47.942 [JavaFX Application Thread] DEBUG Menu                 - fireNewGame()
06:23:47.943 [JavaFX Application Thread] DEBUG GameApplicationServi - Starting new game
06:23:47.943 [JavaFX Application Thread] DEBUG MainWindow           - Pop state: TrafficAppMenu
06:23:47.943 [JavaFX Application Thread] DEBUG Input                - Clearing active input actions
06:23:47.944 [JavaFX Application Thread] DEBUG GameApplicationServi - Removing overlay from TrafficAppMenu and adding to FXGLMainMenuDummyScene
06:23:47.945 [JavaFX Application Thread] DEBUG MainWindow           - FXGLMainMenuDummyScene <- TrafficAppMenu
06:23:47.946 [JavaFX Application Thread] DEBUG Input                - Clearing active input actions
06:23:47.950 [JavaFX Application Thread] DEBUG GameApplicationServi - Removing overlay from FXGLMainMenuDummyScene and adding to FXGLLoadingScene
06:23:47.951 [JavaFX Application Thread] DEBUG MainWindow           - FXGLMainMenuDummyScene -> FXGLLoadingScene
06:23:47.951 [JavaFX Application Thread] DEBUG GameApplicationServi - Clearing previous game
06:23:47.951 [JavaFX Application Thread] DEBUG GameScene            - Clearing game scene
06:23:47.951 [JavaFX Application Thread] DEBUG GameWorld            - Clearing game world
06:23:47.951 [JavaFX Application Thread] DEBUG PhysicsWorld         - Clearing physics world
06:23:47.952 [FXGL Background Thread 2 ] DEBUG FXGLApplication      - Initializing game
06:23:47.958 [FXGL Background Thread 2 ] DEBUG FXGLAssetLoaderServi - Loading from file system: /assets/levels/Mappa_02.tmx
06:23:47.976 [FXGL Background Thread 2 ] WARN  TMXLevelLoader       - TiledMap generated from 1.4.1. Supported version: 1.2.3. Some features may not be parsed fully.
06:23:48.002 [FXGL Background Thread 2 ] DEBUG TMXLevelLoader       - Parsed raw map: TiledMap(width=16, height=9, tilewidth=125, tileheight=125, orientation=orthogonal, layers=[Layer(width=16, height=9, name=Livello tile 1, type=tilelayer, visible=false, x=0, y=0, data=[41, 38, 41, 41, 24, 24, 37, 39, 26, 5, 28, 26, 5, 28, 39, 39, 39, 39, 38, 39, 25, 25, 39, 37, 32, 5, 34, 32, 5, 34, 25, 37, 6, 6, 6, 6, 3, 6, 6, 6, 6, 1, 6, 6, 7, 6, 6, 6, 27, 27, 27, 33, 5, 35, 41, 38, 27, 41, 27, 33, 5, 35, 27, 27, 25, 25, 25, 32, 5, 34, 25, 41, 38, 25, 41, 32, 5, 28, 42, 42, 6, 6, 6, 6, 7, 6, 6, 6, 6, 6, 6, 6, 4, 28, 24, 37, 27, 41, 38, 33, 5, 35, 27, 27, 27, 27, 27, 33, 5, 28, 42, 42, 41, 41, 41, 26, 5, 28, 40, 31, 40, 31, 40, 26, 5, 28, 37, 37, 38, 41, 24, 26, 5, 28, 31, 40, 31, 40, 31, 26, 5, 28, 42, 42], objects=[], opacity=0.0, draworder=), Layer(width=0, height=0, name=Paths, type=objectgroup, visible=false, x=0, y=0, data=[], objects=[com.almasb.fxgl.entity.level.tiled.TiledObject@1644fc85, com.almasb.fxgl.entity.level.tiled.TiledObject@7a04636f, com.almasb.fxgl.entity.level.tiled.TiledObject@2aa349d6, com.almasb.fxgl.entity.level.tiled.TiledObject@51fe6630, com.almasb.fxgl.entity.level.tiled.TiledObject@60ef185e, com.almasb.fxgl.entity.level.tiled.TiledObject@39290037, com.almasb.fxgl.entity.level.tiled.TiledObject@974133d, com.almasb.fxgl.entity.level.tiled.TiledObject@2b192bc5, com.almasb.fxgl.entity.level.tiled.TiledObject@33aceb10, com.almasb.fxgl.entity.level.tiled.TiledObject@42f56dea, com.almasb.fxgl.entity.level.tiled.TiledObject@6b316372, com.almasb.fxgl.entity.level.tiled.TiledObject@9943ad2, com.almasb.fxgl.entity.level.tiled.TiledObject@5db4a49b, com.almasb.fxgl.entity.level.tiled.TiledObject@344718fa, com.almasb.fxgl.entity.level.tiled.TiledObject@540dd7f3, com.almasb.fxgl.entity.level.tiled.TiledObject@7ce7250a, com.almasb.fxgl.entity.level.tiled.TiledObject@40fc671, com.almasb.fxgl.entity.level.tiled.TiledObject@8038ec2, com.almasb.fxgl.entity.level.tiled.TiledObject@320b627e, com.almasb.fxgl.entity.level.tiled.TiledObject@7781de40, com.almasb.fxgl.entity.level.tiled.TiledObject@dc7a28f, com.almasb.fxgl.entity.level.tiled.TiledObject@1926486b, com.almasb.fxgl.entity.level.tiled.TiledObject@7057d1a3, com.almasb.fxgl.entity.level.tiled.TiledObject@95d6237, com.almasb.fxgl.entity.level.tiled.TiledObject@39be7a49, com.almasb.fxgl.entity.level.tiled.TiledObject@12701805], opacity=0.0, draworder=), Layer(width=0, height=0, name=TrafficLights, type=objectgroup, visible=false, x=0, y=0, data=[], objects=[com.almasb.fxgl.entity.level.tiled.TiledObject@5ce40921, com.almasb.fxgl.entity.level.tiled.TiledObject@3eca9450, com.almasb.fxgl.entity.level.tiled.TiledObject@74eccdf2, com.almasb.fxgl.entity.level.tiled.TiledObject@66ce435a, com.almasb.fxgl.entity.level.tiled.TiledObject@1a1ff3a3, com.almasb.fxgl.entity.level.tiled.TiledObject@701d9ca4, com.almasb.fxgl.entity.level.tiled.TiledObject@628c5c08, com.almasb.fxgl.entity.level.tiled.TiledObject@76cc0790, com.almasb.fxgl.entity.level.tiled.TiledObject@132b6001, com.almasb.fxgl.entity.level.tiled.TiledObject@fcf267c, com.almasb.fxgl.entity.level.tiled.TiledObject@f235791, com.almasb.fxgl.entity.level.tiled.TiledObject@19c53162, com.almasb.fxgl.entity.level.tiled.TiledObject@51a66133, com.almasb.fxgl.entity.level.tiled.TiledObject@272c41bd, com.almasb.fxgl.entity.level.tiled.TiledObject@32261516, com.almasb.fxgl.entity.level.tiled.TiledObject@2d87c11, com.almasb.fxgl.entity.level.tiled.TiledObject@60953a80], opacity=0.0, draworder=), Layer(width=0, height=0, name=Incroci, type=objectgroup, visible=false, x=0, y=0, data=[], objects=[com.almasb.fxgl.entity.level.tiled.TiledObject@2571be86, com.almasb.fxgl.entity.level.tiled.TiledObject@27fd819b, com.almasb.fxgl.entity.level.tiled.TiledObject@66845981, com.almasb.fxgl.entity.level.tiled.TiledObject@2f0c3eeb, com.almasb.fxgl.entity.level.tiled.TiledObject@7a13002], opacity=0.0, draworder=), Layer(width=0, height=0, name=SpawnPoints, type=objectgroup, visible=false, x=0, y=0, data=[], objects=[com.almasb.fxgl.entity.level.tiled.TiledObject@4c1b9834, com.almasb.fxgl.entity.level.tiled.TiledObject@8978867, com.almasb.fxgl.entity.level.tiled.TiledObject@462204f8, com.almasb.fxgl.entity.level.tiled.TiledObject@480d1d1e, com.almasb.fxgl.entity.level.tiled.TiledObject@5847e613], opacity=0.0, draworder=)], tilesets=[Tileset(firstgid=1, image=../textures/rsz_tiles_sheet.png, name=rsz_tiles_sheet, tilewidth=125, tileheight=125, imagewidth=875, imageheight=750, margin=0, spacing=0, columns=7, tilecount=42, transparentcolor=, tiles=[])], backgroundcolor=, renderorder=right-down, nextobjectid=58, version=1, tiledversion=1.4.1, type=map, infinite=false, hexsidelength=0, staggeraxis=, staggerindex=, properties={}, propertytypes={})
06:23:48.003 [FXGL Background Thread 2 ] DEBUG TMXLevelLoader       - Creating tile layer entities
06:23:48.003 [FXGL Background Thread 2 ] DEBUG TilesetLoader        - Loading view for layer Livello tile 1
06:23:48.007 [FXGL Background Thread 2 ] DEBUG TilesetLoader        - Created buffer with size 2000.0x1125.0
06:23:48.021 [FXGL Background Thread 2 ] DEBUG TilesetLoader        - Writing to buffer: dst=0,0, w=125,h=125, src=625,625
06:23:48.021 [FXGL Background Thread 2 ] DEBUG TilesetLoader        - Writing to buffer: dst=125,0, w=125,h=125, src=250,625
06:23:48.021 [FXGL Background Thread 2 ] DEBUG TilesetLoader        - Writing to buffer: dst=250,0, w=125,h=125, src=625,625
06:23:48.022 [FXGL Background Thread 2 ] DEBUG TilesetLoader        - Writing to buffer: dst=375,0, w=125,h=125, src=625,625
06:23:48.022 [FXGL Background Thread 2 ] DEBUG TilesetLoader        - Writing to buffer: dst=500,0, w=125,h=125, src=250,375
06:23:48.022 [FXGL Background Thread 2 ] DEBUG TilesetLoader        - Writing to buffer: dst=625,0, w=125,h=125, src=250,375
06:23:48.022 [FXGL Background Thread 2 ] DEBUG TilesetLoader        - Writing to buffer: dst=750,0, w=125,h=125, src=125,625
06:23:48.022 [FXGL Background Thread 2 ] DEBUG TilesetLoader        - Writing to buffer: dst=875,0, w=125,h=125, src=375,625
06:23:48.023 [FXGL Background Thread 2 ] DEBUG TilesetLoader        - Writing to buffer: dst=1000,0, w=125,h=125, src=500,375
06:23:48.023 [FXGL Background Thread 2 ] DEBUG TilesetLoader        - Writing to buffer: dst=1125,0, w=125,h=125, src=500,0
06:23:48.023 [FXGL Background Thread 2 ] DEBUG TilesetLoader        - Writing to buffer: dst=1250,0, w=125,h=125, src=750,375
06:23:48.023 [FXGL Background Thread 2 ] DEBUG TilesetLoader        - Writing to buffer: dst=1375,0, w=125,h=125, src=500,375
06:23:48.023 [FXGL Background Thread 2 ] DEBUG TilesetLoader        - Writing to buffer: dst=1500,0, w=125,h=125, src=500,0
06:23:48.024 [FXGL Background Thread 2 ] DEBUG TilesetLoader        - Writing to buffer: dst=1625,0, w=125,h=125, src=750,375
06:23:48.024 [FXGL Background Thread 2 ] DEBUG TilesetLoader        - Writing to buffer: dst=1750,0, w=125,h=125, src=375,625
06:23:48.024 [FXGL Background Thread 2 ] DEBUG TilesetLoader        - Writing to buffer: dst=1875,0, w=125,h=125, src=375,625
06:23:48.024 [FXGL Background Thread 2 ] DEBUG TilesetLoader        - Writing to buffer: dst=0,125, w=125,h=125, src=375,625
06:23:48.024 [FXGL Background Thread 2 ] DEBUG TilesetLoader        - Writing to buffer: dst=125,125, w=125,h=125, src=375,625
06:23:48.024 [FXGL Background Thread 2 ] DEBUG TilesetLoader        - Writing to buffer: dst=250,125, w=125,h=125, src=250,625
06:23:48.024 [FXGL Background Thread 2 ] DEBUG TilesetLoader        - Writing to buffer: dst=375,125, w=125,h=125, src=375,625
06:23:48.024 [FXGL Background Thread 2 ] DEBUG TilesetLoader        - Writing to buffer: dst=500,125, w=125,h=125, src=375,375
06:23:48.025 [FXGL Background Thread 2 ] DEBUG TilesetLoader        - Writing to buffer: dst=625,125, w=125,h=125, src=375,375
06:23:48.025 [FXGL Background Thread 2 ] DEBUG TilesetLoader        - Writing to buffer: dst=750,125, w=125,h=125, src=375,625
06:23:48.025 [FXGL Background Thread 2 ] DEBUG TilesetLoader        - Writing to buffer: dst=875,125, w=125,h=125, src=125,625
06:23:48.025 [FXGL Background Thread 2 ] DEBUG TilesetLoader        - Writing to buffer: dst=1000,125, w=125,h=125, src=375,500
06:23:48.025 [FXGL Background Thread 2 ] DEBUG TilesetLoader        - Writing to buffer: dst=1125,125, w=125,h=125, src=500,0
06:23:48.025 [FXGL Background Thread 2 ] DEBUG TilesetLoader        - Writing to buffer: dst=1250,125, w=125,h=125, src=625,500
06:23:48.025 [FXGL Background Thread 2 ] DEBUG TilesetLoader        - Writing to buffer: dst=1375,125, w=125,h=125, src=375,500
06:23:48.025 [FXGL Background Thread 2 ] DEBUG TilesetLoader        - Writing to buffer: dst=1500,125, w=125,h=125, src=500,0
06:23:48.026 [FXGL Background Thread 2 ] DEBUG TilesetLoader        - Writing to buffer: dst=1625,125, w=125,h=125, src=625,500
06:23:48.026 [FXGL Background Thread 2 ] DEBUG TilesetLoader        - Writing to buffer: dst=1750,125, w=125,h=125, src=375,375
06:23:48.026 [FXGL Background Thread 2 ] DEBUG TilesetLoader        - Writing to buffer: dst=1875,125, w=125,h=125, src=125,625
06:23:48.026 [FXGL Background Thread 2 ] DEBUG TilesetLoader        - Writing to buffer: dst=0,250, w=125,h=125, src=625,0
06:23:48.026 [FXGL Background Thread 2 ] DEBUG TilesetLoader        - Writing to buffer: dst=125,250, w=125,h=125, src=625,0
06:23:48.026 [FXGL Background Thread 2 ] DEBUG TilesetLoader        - Writing to buffer: dst=250,250, w=125,h=125, src=625,0
06:23:48.026 [FXGL Background Thread 2 ] DEBUG TilesetLoader        - Writing to buffer: dst=375,250, w=125,h=125, src=625,0
06:23:48.026 [FXGL Background Thread 2 ] DEBUG TilesetLoader        - Writing to buffer: dst=500,250, w=125,h=125, src=250,0
06:23:48.026 [FXGL Background Thread 2 ] DEBUG TilesetLoader        - Writing to buffer: dst=625,250, w=125,h=125, src=625,0
06:23:48.027 [FXGL Background Thread 2 ] DEBUG TilesetLoader        - Writing to buffer: dst=750,250, w=125,h=125, src=625,0
06:23:48.027 [FXGL Background Thread 2 ] DEBUG TilesetLoader        - Writing to buffer: dst=875,250, w=125,h=125, src=625,0
06:23:48.027 [FXGL Background Thread 2 ] DEBUG TilesetLoader        - Writing to buffer: dst=1000,250, w=125,h=125, src=625,0
06:23:48.027 [FXGL Background Thread 2 ] DEBUG TilesetLoader        - Writing to buffer: dst=1125,250, w=125,h=125, src=0,0
06:23:48.027 [FXGL Background Thread 2 ] DEBUG TilesetLoader        - Writing to buffer: dst=1250,250, w=125,h=125, src=625,0
06:23:48.027 [FXGL Background Thread 2 ] DEBUG TilesetLoader        - Writing to buffer: dst=1375,250, w=125,h=125, src=625,0
06:23:48.027 [FXGL Background Thread 2 ] DEBUG TilesetLoader        - Writing to buffer: dst=1500,250, w=125,h=125, src=750,0
06:23:48.027 [FXGL Background Thread 2 ] DEBUG TilesetLoader        - Writing to buffer: dst=1625,250, w=125,h=125, src=625,0
06:23:48.027 [FXGL Background Thread 2 ] DEBUG TilesetLoader        - Writing to buffer: dst=1750,250, w=125,h=125, src=625,0
06:23:48.028 [FXGL Background Thread 2 ] DEBUG TilesetLoader        - Writing to buffer: dst=1875,250, w=125,h=125, src=625,0
06:23:48.028 [FXGL Background Thread 2 ] DEBUG TilesetLoader        - Writing to buffer: dst=0,375, w=125,h=125, src=625,375
06:23:48.028 [FXGL Background Thread 2 ] DEBUG TilesetLoader        - Writing to buffer: dst=125,375, w=125,h=125, src=625,375
06:23:48.028 [FXGL Background Thread 2 ] DEBUG TilesetLoader        - Writing to buffer: dst=250,375, w=125,h=125, src=625,375
06:23:48.028 [FXGL Background Thread 2 ] DEBUG TilesetLoader        - Writing to buffer: dst=375,375, w=125,h=125, src=500,500
06:23:48.028 [FXGL Background Thread 2 ] DEBUG TilesetLoader        - Writing to buffer: dst=500,375, w=125,h=125, src=500,0
06:23:48.028 [FXGL Background Thread 2 ] DEBUG TilesetLoader        - Writing to buffer: dst=625,375, w=125,h=125, src=750,500
06:23:48.028 [FXGL Background Thread 2 ] DEBUG TilesetLoader        - Writing to buffer: dst=750,375, w=125,h=125, src=625,625
06:23:48.028 [FXGL Background Thread 2 ] DEBUG TilesetLoader        - Writing to buffer: dst=875,375, w=125,h=125, src=250,625
06:23:48.028 [FXGL Background Thread 2 ] DEBUG TilesetLoader        - Writing to buffer: dst=1000,375, w=125,h=125, src=625,375
06:23:48.029 [FXGL Background Thread 2 ] DEBUG TilesetLoader        - Writing to buffer: dst=1125,375, w=125,h=125, src=625,625
06:23:48.029 [FXGL Background Thread 2 ] DEBUG TilesetLoader        - Writing to buffer: dst=1250,375, w=125,h=125, src=625,375
06:23:48.029 [FXGL Background Thread 2 ] DEBUG TilesetLoader        - Writing to buffer: dst=1375,375, w=125,h=125, src=500,500
06:23:48.029 [FXGL Background Thread 2 ] DEBUG TilesetLoader        - Writing to buffer: dst=1500,375, w=125,h=125, src=500,0
06:23:48.029 [FXGL Background Thread 2 ] DEBUG TilesetLoader        - Writing to buffer: dst=1625,375, w=125,h=125, src=750,500
06:23:48.029 [FXGL Background Thread 2 ] DEBUG TilesetLoader        - Writing to buffer: dst=1750,375, w=125,h=125, src=625,375
06:23:48.030 [FXGL Background Thread 2 ] DEBUG TilesetLoader        - Writing to buffer: dst=1875,375, w=125,h=125, src=625,375
06:23:48.030 [FXGL Background Thread 2 ] DEBUG TilesetLoader        - Writing to buffer: dst=0,500, w=125,h=125, src=375,375
06:23:48.030 [FXGL Background Thread 2 ] DEBUG TilesetLoader        - Writing to buffer: dst=125,500, w=125,h=125, src=375,375
06:23:48.031 [FXGL Background Thread 2 ] DEBUG TilesetLoader        - Writing to buffer: dst=250,500, w=125,h=125, src=375,375
06:23:48.031 [FXGL Background Thread 2 ] DEBUG TilesetLoader        - Writing to buffer: dst=375,500, w=125,h=125, src=375,500
06:23:48.031 [FXGL Background Thread 2 ] DEBUG TilesetLoader        - Writing to buffer: dst=500,500, w=125,h=125, src=500,0
06:23:48.031 [FXGL Background Thread 2 ] DEBUG TilesetLoader        - Writing to buffer: dst=625,500, w=125,h=125, src=625,500
06:23:48.031 [FXGL Background Thread 2 ] DEBUG TilesetLoader        - Writing to buffer: dst=750,500, w=125,h=125, src=375,375
06:23:48.031 [FXGL Background Thread 2 ] DEBUG TilesetLoader        - Writing to buffer: dst=875,500, w=125,h=125, src=625,625
06:23:48.031 [FXGL Background Thread 2 ] DEBUG TilesetLoader        - Writing to buffer: dst=1000,500, w=125,h=125, src=250,625
06:23:48.031 [FXGL Background Thread 2 ] DEBUG TilesetLoader        - Writing to buffer: dst=1125,500, w=125,h=125, src=375,375
06:23:48.031 [FXGL Background Thread 2 ] DEBUG TilesetLoader        - Writing to buffer: dst=1250,500, w=125,h=125, src=625,625
06:23:48.031 [FXGL Background Thread 2 ] DEBUG TilesetLoader        - Writing to buffer: dst=1375,500, w=125,h=125, src=375,500
06:23:48.032 [FXGL Background Thread 2 ] DEBUG TilesetLoader        - Writing to buffer: dst=1500,500, w=125,h=125, src=500,0
06:23:48.032 [FXGL Background Thread 2 ] DEBUG TilesetLoader        - Writing to buffer: dst=1625,500, w=125,h=125, src=750,375
06:23:48.032 [FXGL Background Thread 2 ] DEBUG TilesetLoader        - Writing to buffer: dst=1750,500, w=125,h=125, src=750,625
06:23:48.032 [FXGL Background Thread 2 ] DEBUG TilesetLoader        - Writing to buffer: dst=1875,500, w=125,h=125, src=750,625
06:23:48.032 [FXGL Background Thread 2 ] DEBUG TilesetLoader        - Writing to buffer: dst=0,625, w=125,h=125, src=625,0
06:23:48.032 [FXGL Background Thread 2 ] DEBUG TilesetLoader        - Writing to buffer: dst=125,625, w=125,h=125, src=625,0
06:23:48.032 [FXGL Background Thread 2 ] DEBUG TilesetLoader        - Writing to buffer: dst=250,625, w=125,h=125, src=625,0
06:23:48.032 [FXGL Background Thread 2 ] DEBUG TilesetLoader        - Writing to buffer: dst=375,625, w=125,h=125, src=625,0
06:23:48.032 [FXGL Background Thread 2 ] DEBUG TilesetLoader        - Writing to buffer: dst=500,625, w=125,h=125, src=750,0
06:23:48.032 [FXGL Background Thread 2 ] DEBUG TilesetLoader        - Writing to buffer: dst=625,625, w=125,h=125, src=625,0
06:23:48.033 [FXGL Background Thread 2 ] DEBUG TilesetLoader        - Writing to buffer: dst=750,625, w=125,h=125, src=625,0
06:23:48.033 [FXGL Background Thread 2 ] DEBUG TilesetLoader        - Writing to buffer: dst=875,625, w=125,h=125, src=625,0
06:23:48.033 [FXGL Background Thread 2 ] DEBUG TilesetLoader        - Writing to buffer: dst=1000,625, w=125,h=125, src=625,0
06:23:48.033 [FXGL Background Thread 2 ] DEBUG TilesetLoader        - Writing to buffer: dst=1125,625, w=125,h=125, src=625,0
06:23:48.033 [FXGL Background Thread 2 ] DEBUG TilesetLoader        - Writing to buffer: dst=1250,625, w=125,h=125, src=625,0
06:23:48.033 [FXGL Background Thread 2 ] DEBUG TilesetLoader        - Writing to buffer: dst=1375,625, w=125,h=125, src=625,0
06:23:48.033 [FXGL Background Thread 2 ] DEBUG TilesetLoader        - Writing to buffer: dst=1500,625, w=125,h=125, src=375,0
06:23:48.033 [FXGL Background Thread 2 ] DEBUG TilesetLoader        - Writing to buffer: dst=1625,625, w=125,h=125, src=750,375
06:23:48.034 [FXGL Background Thread 2 ] DEBUG TilesetLoader        - Writing to buffer: dst=1750,625, w=125,h=125, src=250,375
06:23:48.034 [FXGL Background Thread 2 ] DEBUG TilesetLoader        - Writing to buffer: dst=1875,625, w=125,h=125, src=125,625
06:23:48.034 [FXGL Background Thread 2 ] DEBUG TilesetLoader        - Writing to buffer: dst=0,750, w=125,h=125, src=625,375
06:23:48.034 [FXGL Background Thread 2 ] DEBUG TilesetLoader        - Writing to buffer: dst=125,750, w=125,h=125, src=625,625
06:23:48.034 [FXGL Background Thread 2 ] DEBUG TilesetLoader        - Writing to buffer: dst=250,750, w=125,h=125, src=250,625
06:23:48.034 [FXGL Background Thread 2 ] DEBUG TilesetLoader        - Writing to buffer: dst=375,750, w=125,h=125, src=500,500
06:23:48.034 [FXGL Background Thread 2 ] DEBUG TilesetLoader        - Writing to buffer: dst=500,750, w=125,h=125, src=500,0
06:23:48.034 [FXGL Background Thread 2 ] DEBUG TilesetLoader        - Writing to buffer: dst=625,750, w=125,h=125, src=750,500
06:23:48.034 [FXGL Background Thread 2 ] DEBUG TilesetLoader        - Writing to buffer: dst=750,750, w=125,h=125, src=625,375
06:23:48.034 [FXGL Background Thread 2 ] DEBUG TilesetLoader        - Writing to buffer: dst=875,750, w=125,h=125, src=625,375
06:23:48.034 [FXGL Background Thread 2 ] DEBUG TilesetLoader        - Writing to buffer: dst=1000,750, w=125,h=125, src=625,375
06:23:48.035 [FXGL Background Thread 2 ] DEBUG TilesetLoader        - Writing to buffer: dst=1125,750, w=125,h=125, src=625,375
06:23:48.035 [FXGL Background Thread 2 ] DEBUG TilesetLoader        - Writing to buffer: dst=1250,750, w=125,h=125, src=625,375
06:23:48.035 [FXGL Background Thread 2 ] DEBUG TilesetLoader        - Writing to buffer: dst=1375,750, w=125,h=125, src=500,500
06:23:48.035 [FXGL Background Thread 2 ] DEBUG TilesetLoader        - Writing to buffer: dst=1500,750, w=125,h=125, src=500,0
06:23:48.035 [FXGL Background Thread 2 ] DEBUG TilesetLoader        - Writing to buffer: dst=1625,750, w=125,h=125, src=750,375
06:23:48.035 [FXGL Background Thread 2 ] DEBUG TilesetLoader        - Writing to buffer: dst=1750,750, w=125,h=125, src=750,625
06:23:48.035 [FXGL Background Thread 2 ] DEBUG TilesetLoader        - Writing to buffer: dst=1875,750, w=125,h=125, src=750,625
06:23:48.035 [FXGL Background Thread 2 ] DEBUG TilesetLoader        - Writing to buffer: dst=0,875, w=125,h=125, src=625,625
06:23:48.036 [FXGL Background Thread 2 ] DEBUG TilesetLoader        - Writing to buffer: dst=125,875, w=125,h=125, src=625,625
06:23:48.036 [FXGL Background Thread 2 ] DEBUG TilesetLoader        - Writing to buffer: dst=250,875, w=125,h=125, src=625,625
06:23:48.036 [FXGL Background Thread 2 ] DEBUG TilesetLoader        - Writing to buffer: dst=375,875, w=125,h=125, src=500,375
06:23:48.036 [FXGL Background Thread 2 ] DEBUG TilesetLoader        - Writing to buffer: dst=500,875, w=125,h=125, src=500,0
06:23:48.036 [FXGL Background Thread 2 ] DEBUG TilesetLoader        - Writing to buffer: dst=625,875, w=125,h=125, src=750,375
06:23:48.036 [FXGL Background Thread 2 ] DEBUG TilesetLoader        - Writing to buffer: dst=750,875, w=125,h=125, src=500,625
06:23:48.037 [FXGL Background Thread 2 ] DEBUG TilesetLoader        - Writing to buffer: dst=875,875, w=125,h=125, src=250,500
06:23:48.037 [FXGL Background Thread 2 ] DEBUG TilesetLoader        - Writing to buffer: dst=1000,875, w=125,h=125, src=500,625
06:23:48.037 [FXGL Background Thread 2 ] DEBUG TilesetLoader        - Writing to buffer: dst=1125,875, w=125,h=125, src=250,500
06:23:48.037 [FXGL Background Thread 2 ] DEBUG TilesetLoader        - Writing to buffer: dst=1250,875, w=125,h=125, src=500,625
06:23:48.037 [FXGL Background Thread 2 ] DEBUG TilesetLoader        - Writing to buffer: dst=1375,875, w=125,h=125, src=500,375
06:23:48.037 [FXGL Background Thread 2 ] DEBUG TilesetLoader        - Writing to buffer: dst=1500,875, w=125,h=125, src=500,0
06:23:48.037 [FXGL Background Thread 2 ] DEBUG TilesetLoader        - Writing to buffer: dst=1625,875, w=125,h=125, src=750,375
06:23:48.038 [FXGL Background Thread 2 ] DEBUG TilesetLoader        - Writing to buffer: dst=1750,875, w=125,h=125, src=125,625
06:23:48.038 [FXGL Background Thread 2 ] DEBUG TilesetLoader        - Writing to buffer: dst=1875,875, w=125,h=125, src=125,625
06:23:48.038 [FXGL Background Thread 2 ] DEBUG TilesetLoader        - Writing to buffer: dst=0,1000, w=125,h=125, src=250,625
06:23:48.038 [FXGL Background Thread 2 ] DEBUG TilesetLoader        - Writing to buffer: dst=125,1000, w=125,h=125, src=625,625
06:23:48.039 [FXGL Background Thread 2 ] DEBUG TilesetLoader        - Writing to buffer: dst=250,1000, w=125,h=125, src=250,375
06:23:48.039 [FXGL Background Thread 2 ] DEBUG TilesetLoader        - Writing to buffer: dst=375,1000, w=125,h=125, src=500,375
06:23:48.039 [FXGL Background Thread 2 ] DEBUG TilesetLoader        - Writing to buffer: dst=500,1000, w=125,h=125, src=500,0
06:23:48.039 [FXGL Background Thread 2 ] DEBUG TilesetLoader        - Writing to buffer: dst=625,1000, w=125,h=125, src=750,375
06:23:48.039 [FXGL Background Thread 2 ] DEBUG TilesetLoader        - Writing to buffer: dst=750,1000, w=125,h=125, src=250,500
06:23:48.039 [FXGL Background Thread 2 ] DEBUG TilesetLoader        - Writing to buffer: dst=875,1000, w=125,h=125, src=500,625
06:23:48.039 [FXGL Background Thread 2 ] DEBUG TilesetLoader        - Writing to buffer: dst=1000,1000, w=125,h=125, src=250,500
06:23:48.039 [FXGL Background Thread 2 ] DEBUG TilesetLoader        - Writing to buffer: dst=1125,1000, w=125,h=125, src=500,625
06:23:48.039 [FXGL Background Thread 2 ] DEBUG TilesetLoader        - Writing to buffer: dst=1250,1000, w=125,h=125, src=250,500
06:23:48.039 [FXGL Background Thread 2 ] DEBUG TilesetLoader        - Writing to buffer: dst=1375,1000, w=125,h=125, src=500,375
06:23:48.039 [FXGL Background Thread 2 ] DEBUG TilesetLoader        - Writing to buffer: dst=1500,1000, w=125,h=125, src=500,0
06:23:48.040 [FXGL Background Thread 2 ] DEBUG TilesetLoader        - Writing to buffer: dst=1625,1000, w=125,h=125, src=750,375
06:23:48.040 [FXGL Background Thread 2 ] DEBUG TilesetLoader        - Writing to buffer: dst=1750,1000, w=125,h=125, src=750,625
06:23:48.040 [FXGL Background Thread 2 ] DEBUG TilesetLoader        - Writing to buffer: dst=1875,1000, w=125,h=125, src=750,625
06:23:48.040 [FXGL Background Thread 2 ] DEBUG TMXLevelLoader       - Creating object layer entities
06:23:48.073 [FXGL Background Thread 2 ] DEBUG FXGLAssetLoaderServi - Loading from file system: /assets/textures/semaforoRosso-02.png
06:23:48.084 [FXGL Background Thread 2 ] DEBUG FXGLAssetLoaderServi - Loading from file system: /assets/textures/semaforoVerde-02.png
06:23:48.090 [FXGL Background Thread 2 ] DEBUG FXGLAssetLoaderServi - Loading from file system: /assets/textures/semaforoRosso-04.png
06:23:48.092 [FXGL Background Thread 2 ] DEBUG FXGLAssetLoaderServi - Loading from file system: /assets/textures/semaforoVerde-04.png
06:23:48.096 [FXGL Background Thread 2 ] DEBUG FXGLAssetLoaderServi - Loading from file system: /assets/textures/semaforoRosso-03.png
06:23:48.097 [FXGL Background Thread 2 ] DEBUG FXGLAssetLoaderServi - Loading from file system: /assets/textures/semaforoVerde-03.png
06:23:48.099 [FXGL Background Thread 2 ] DEBUG FXGLAssetLoaderServi - Loading from file system: /assets/textures/semaforoRosso-01.png
06:23:48.100 [FXGL Background Thread 2 ] DEBUG FXGLAssetLoaderServi - Loading from file system: /assets/textures/semaforoVerde-01.png
06:23:48.102 [FXGL Background Thread 2 ] DEBUG FXGLAssetLoaderServi - Loading from cache: /assets/textures/semaforoRosso-02.png
06:23:48.103 [FXGL Background Thread 2 ] DEBUG FXGLAssetLoaderServi - Loading from cache: /assets/textures/semaforoVerde-02.png
06:23:48.103 [FXGL Background Thread 2 ] DEBUG FXGLAssetLoaderServi - Loading from cache: /assets/textures/semaforoRosso-04.png
06:23:48.103 [FXGL Background Thread 2 ] DEBUG FXGLAssetLoaderServi - Loading from cache: /assets/textures/semaforoVerde-04.png
06:23:48.104 [FXGL Background Thread 2 ] DEBUG FXGLAssetLoaderServi - Loading from cache: /assets/textures/semaforoRosso-01.png
06:23:48.104 [FXGL Background Thread 2 ] DEBUG FXGLAssetLoaderServi - Loading from cache: /assets/textures/semaforoVerde-01.png
06:23:48.106 [FXGL Background Thread 2 ] DEBUG FXGLAssetLoaderServi - Loading from cache: /assets/textures/semaforoRosso-02.png
06:23:48.106 [FXGL Background Thread 2 ] DEBUG FXGLAssetLoaderServi - Loading from cache: /assets/textures/semaforoVerde-02.png
06:23:48.107 [FXGL Background Thread 2 ] DEBUG FXGLAssetLoaderServi - Loading from cache: /assets/textures/semaforoRosso-03.png
06:23:48.107 [FXGL Background Thread 2 ] DEBUG FXGLAssetLoaderServi - Loading from cache: /assets/textures/semaforoVerde-03.png
06:23:48.115 [FXGL Background Thread 2 ] DEBUG FXGLAssetLoaderServi - Loading from cache: /assets/textures/semaforoRosso-04.png
06:23:48.116 [FXGL Background Thread 2 ] DEBUG FXGLAssetLoaderServi - Loading from cache: /assets/textures/semaforoVerde-04.png
06:23:48.116 [FXGL Background Thread 2 ] DEBUG FXGLAssetLoaderServi - Loading from cache: /assets/textures/semaforoRosso-03.png
06:23:48.116 [FXGL Background Thread 2 ] DEBUG FXGLAssetLoaderServi - Loading from cache: /assets/textures/semaforoVerde-03.png
06:23:48.117 [FXGL Background Thread 2 ] DEBUG FXGLAssetLoaderServi - Loading from cache: /assets/textures/semaforoRosso-04.png
06:23:48.117 [FXGL Background Thread 2 ] DEBUG FXGLAssetLoaderServi - Loading from cache: /assets/textures/semaforoVerde-04.png
06:23:48.118 [FXGL Background Thread 2 ] DEBUG FXGLAssetLoaderServi - Loading from cache: /assets/textures/semaforoRosso-01.png
06:23:48.118 [FXGL Background Thread 2 ] DEBUG FXGLAssetLoaderServi - Loading from cache: /assets/textures/semaforoVerde-01.png
06:23:48.119 [FXGL Background Thread 2 ] DEBUG FXGLAssetLoaderServi - Loading from cache: /assets/textures/semaforoRosso-01.png
06:23:48.119 [FXGL Background Thread 2 ] DEBUG FXGLAssetLoaderServi - Loading from cache: /assets/textures/semaforoVerde-01.png
06:23:48.120 [FXGL Background Thread 2 ] DEBUG FXGLAssetLoaderServi - Loading from cache: /assets/textures/semaforoRosso-02.png
06:23:48.120 [FXGL Background Thread 2 ] DEBUG FXGLAssetLoaderServi - Loading from cache: /assets/textures/semaforoVerde-02.png
06:23:48.121 [FXGL Background Thread 2 ] DEBUG FXGLAssetLoaderServi - Loading from cache: /assets/textures/semaforoRosso-03.png
06:23:48.121 [FXGL Background Thread 2 ] DEBUG FXGLAssetLoaderServi - Loading from cache: /assets/textures/semaforoVerde-03.png
06:23:48.122 [FXGL Background Thread 2 ] DEBUG FXGLAssetLoaderServi - Loading from cache: /assets/textures/semaforoRosso-04.png
06:23:48.122 [FXGL Background Thread 2 ] DEBUG FXGLAssetLoaderServi - Loading from cache: /assets/textures/semaforoVerde-04.png
06:23:48.132 [FXGL Background Thread 2 ] DEBUG GameWorld            - Clearing removable entities
06:23:48.133 [FXGL Background Thread 2 ] DEBUG GameWorld            - Setting level: com.almasb.fxgl.entity.level.Level@296af775
06:23:48.139 [FXGL Background Thread 2 ] DEBUG FXGLAssetLoaderServi - Loading from file system: /assets/textures/pointer-sprite.png
06:23:48.167 [FXGL Background Thread 2 ] INFO  FXGLApplication      - Game initialization took: 0,214 sec
06:23:48.167 [JavaFX Application Thread] DEBUG Input                - Clearing active input actions
06:23:48.174 [JavaFX Application Thread] DEBUG GameApplicationServi - Removing overlay from FXGLLoadingScene and adding to GameScene
06:23:48.178 [JavaFX Application Thread] DEBUG MainWindow           - FXGLLoadingScene -> GameScene
06:24:14.702 [JavaFX Application Thread] DEBUG FXGLApplication      - Exiting FXGL
06:24:14.702 [JavaFX Application Thread] DEBUG LoopRunner           - Stopping loop
06:24:14.702 [JavaFX Application Thread] DEBUG SystemBundleService  - Saving FXGL system data
06:24:14.704 [JavaFX Application Thread] DEBUG FileSystemAccess     - Writing to: C:\Users\Andrea\Desktop\Homework\traffic-mobile\system\fxgl.bundle
06:24:14.705 [JavaFX Application Thread] DEBUG Async                - Shutting down background threads
06:24:14.706 [JavaFX Application Thread] DEBUG MainWindow           - Closing main window
06:24:14.712 [JavaFX Application Thread] DEBUG Logger               - Closing Logger
