15:13:48.210 [main                     ] DEBUG Logger               - Configured Logger
15:13:48.235 [main                     ] DEBUG GameApplication      - Logging settings
Title: Traffic
Version: Alpha 1.0
Width: 2500
Height: 1750
Fullscreen: false
Intro: false
Profiling: true
Single step:false
App Mode: DEVELOPER
Menu Key: ESCAPE
Stage Style: DECORATED
Scene Factory: class it.uniroma1.metodologie.trafficGame.TrafficApp$1

15:13:48.566 [JavaFX Application Thread] DEBUG FXGLApplication      - Initializing FXGL
15:13:48.572 [JavaFX Application Thread] INFO  Engine               - FXGL-dev-SNAPSHOT (03.09.2020 12.08) on MAC (J:14.0.1 FX:14)
15:13:48.573 [JavaFX Application Thread] DEBUG Engine               - JRE Vendor Name: Oracle Corporation
15:13:48.573 [JavaFX Application Thread] DEBUG Engine               - Running on OS: Mac OS X version 10.15.6
15:13:48.573 [JavaFX Application Thread] DEBUG Engine               - Architecture: x86_64
15:13:48.574 [JavaFX Application Thread] INFO  Engine               - Source code and latest versions at: https://github.com/AlmasB/FXGL
15:13:48.574 [JavaFX Application Thread] INFO  Engine               -              Join the FXGL chat at: https://gitter.im/AlmasB/FXGL
15:13:48.683 [JavaFX Application Thread] DEBUG MainWindow           - Creating a JavaFX scene
15:13:48.684 [JavaFX Application Thread] DEBUG MainWindow           - Target size > screen size
15:13:48.736 [JavaFX Application Thread] DEBUG MainWindow           - Target settings size: 2500.0 x 1750.0
15:13:48.737 [JavaFX Application Thread] DEBUG MainWindow           - Scaled scene size:    1422.0 x 1012.0
15:13:48.737 [JavaFX Application Thread] DEBUG MainWindow           - Scaled ratio: (0.5688, 0.5782857142857143)
15:13:48.738 [JavaFX Application Thread] DEBUG MainWindow           - Set initial scene to StartupScene
15:13:48.744 [JavaFX Application Thread] DEBUG MainWindow           - Opening main window
15:13:48.832 [JavaFX Application Thread] DEBUG MainWindow           - Window border size: (0.0, 1.0)
15:13:48.833 [JavaFX Application Thread] DEBUG MainWindow           - Scaled size: 1422.0 x 1012.0
15:13:48.833 [JavaFX Application Thread] DEBUG MainWindow           - Scaled ratio: (0.5688, 0.5688)
15:13:48.833 [JavaFX Application Thread] DEBUG MainWindow           - Scene size: 1422.0 x 1012.0
15:13:48.833 [JavaFX Application Thread] DEBUG MainWindow           - Stage size: 1422.0 x 1013.0
15:13:48.839 [FXGL Background Thread 1 ] DEBUG Engine               - Initializing environment variables
15:13:48.868 [FXGL Background Thread 1 ] DEBUG GameApplicationServi - Applying CSS: fxgl_dark.css
15:13:48.869 [FXGL Background Thread 1 ] DEBUG FXGLAssetLoaderServi - Loading from file system: /assets/ui/css/fxgl_dark.css
15:13:48.958 [FXGL Background Thread 1 ] DEBUG GameApplicationServi - Initializing application scenes
15:13:49.221 [FXGL Background Thread 1 ] DEBUG GameWorld            - Game world initialized
15:13:49.275 [FXGL Background Thread 1 ] DEBUG PhysicsWorld         - Physics world initialized: appHeight=1750, physics.ppm=50,0
15:13:49.278 [FXGL Background Thread 1 ] DEBUG GameScene            - Game scene initialized: 2500x1750
15:13:49.287 [FXGL Background Thread 1 ] DEBUG FXGLAssetLoaderServi - Loading from file system: /assets/textures/bg.jpg
15:13:49.677 [FXGL Background Thread 1 ] DEBUG FXGLAssetLoaderServi - Loading from file system: /assets/textures/logo.png
15:13:49.835 [FXGL Background Thread 1 ] DEBUG FXGLAssetLoaderServi - Loading from file system: /assets/textures/particles/trace_horizontal.png
15:13:49.876 [FXGL Background Thread 1 ] DEBUG FXGL.DefaultMenu     - createMenuBodyGameMenu()
15:13:49.891 [FXGL Background Thread 1 ] DEBUG FXGL.DefaultMenu     - createOptionsMenu()
15:13:49.898 [FXGL Background Thread 1 ] DEBUG FXGLAssetLoaderServi - Loading from file system: /assets/textures/particles/smoke.png
15:13:49.971 [FXGL Background Thread 1 ] DEBUG GameApplicationServi - Application scenes initialized
15:13:49.983 [FXGL Background Thread 1 ] DEBUG SystemBundleService  - Loading FXGL system data
15:13:49.988 [FXGL Background Thread 1 ] DEBUG FileSystemAccess     - Reading from: /Users/universita/Desktop/ProgettoJava/Drop/system/fxgl.bundle
15:13:50.002 [FXGL Background Thread 1 ] DEBUG SystemBundleService  - Bundle FXGL: {}
15:13:50.002 [FXGL Background Thread 1 ] DEBUG UpdaterService       - Checking for updates
15:13:50.065 [FXGL Background Thread 4 ] DEBUG FXGLApplication      - Loading fonts
15:13:50.065 [FXGL Background Thread 4 ] DEBUG FXGLAssetLoaderServi - Loading from file system: /assets/ui/fonts/VarelaRound-Regular.ttf
15:13:50.066 [FXGL Background Thread 1 ] DEBUG FXGLApplication      - Loading default localization
15:13:50.066 [FXGL Background Thread 1 ] DEBUG FXGLAssetLoaderServi - Loading from file system: /assets/languages/english.lang
15:13:50.076 [FXGL Background Thread 4 ] DEBUG FXGLAssetLoaderServi - Loading from file system: /assets/ui/fonts/Abel-Regular.ttf
15:13:50.079 [FXGL Background Thread 4 ] DEBUG FXGLAssetLoaderServi - Loading from file system: /assets/ui/fonts/lucida_console.ttf
15:13:50.084 [FXGL Background Thread 4 ] DEBUG FXGLAssetLoaderServi - Loading from file system: /assets/ui/fonts/Courier-Prime.ttf
15:13:50.084 [FXGL Background Thread 1 ] INFO  FXGLApplication      - FXGL initialization took: 1,245 sec
15:13:50.094 [JavaFX Application Thread] DEBUG Input                - Registered new binding: Change trafficlight status - F
15:13:50.094 [JavaFX Application Thread] DEBUG Input                - Registered new binding: Select and change traffic light - LMB
15:13:50.094 [JavaFX Application Thread] DEBUG Input                - Registered new binding: Move Right - D
15:13:50.094 [JavaFX Application Thread] DEBUG Input                - Registered new binding: Move Left - A
15:13:50.095 [JavaFX Application Thread] DEBUG Input                - Registered new binding: Move Up - W
15:13:50.095 [JavaFX Application Thread] DEBUG Input                - Registered new binding: Move Down - S
15:13:50.095 [JavaFX Application Thread] DEBUG Input                - Registered new binding: Spawn Car - Space
15:13:50.095 [JavaFX Application Thread] DEBUG FXGLAssetLoaderServi - Loading from file system: /assets/textures/fxgl_icon.png
15:13:50.124 [JavaFX Application Thread] DEBUG FXGLAssetLoaderServi - Loading from file system: /assets/ui/cursors/fxgl_default.png
15:13:50.127 [JavaFX Application Thread] DEBUG Input                - Registered new binding: Screenshot - P
15:13:50.127 [JavaFX Application Thread] DEBUG Input                - Registered new binding: Dev Options - 1
15:13:50.128 [JavaFX Application Thread] DEBUG Input                - Registered new binding: Dev Console - 2
15:13:50.128 [JavaFX Application Thread] DEBUG Input                - Registered new binding: System info dump - CTRL+9
15:13:50.129 [JavaFX Application Thread] DEBUG Input                - Registered new binding: Restart - CTRL+R
15:13:50.129 [JavaFX Application Thread] DEBUG Input                - Registered new binding: Toggle Debug Camera - CTRL+C
15:13:50.132 [JavaFX Application Thread] DEBUG LoopRunner           - Starting loop
15:13:50.147 [JavaFX Application Thread] DEBUG Input                - Clearing active input actions
15:13:50.160 [JavaFX Application Thread] DEBUG GameApplicationServi - Removing overlay from StartupScene and adding to FXGLMainMenuDummyScene
15:13:50.166 [JavaFX Application Thread] DEBUG MainWindow           - StartupScene -> FXGLMainMenuDummyScene
15:13:50.167 [JavaFX Application Thread] DEBUG MainWindow           - Push state: TrafficAppMenu
15:13:50.167 [JavaFX Application Thread] DEBUG Input                - Clearing active input actions
15:13:50.171 [JavaFX Application Thread] DEBUG GameApplicationServi - Removing overlay from FXGLMainMenuDummyScene and adding to TrafficAppMenu
15:13:50.172 [JavaFX Application Thread] DEBUG MainWindow           - FXGLMainMenuDummyScene -> TrafficAppMenu
15:13:50.181 [JavaFX Application Thread] DEBUG FXGLApplication      - Registering font factories with UI factory
15:13:51.115 [FXGL Background Thread 2 ] INFO  UpdaterService       - Your current version:  dev-SNAPSHOT
15:13:51.116 [FXGL Background Thread 2 ] INFO  UpdaterService       - Latest stable version: 11.10
15:13:52.346 [JavaFX Application Thread] DEBUG Menu                 - fireNewGame()
15:13:52.347 [JavaFX Application Thread] DEBUG GameApplicationServi - Starting new game
15:13:52.347 [JavaFX Application Thread] DEBUG MainWindow           - Pop state: TrafficAppMenu
15:13:52.347 [JavaFX Application Thread] DEBUG Input                - Clearing active input actions
15:13:52.348 [JavaFX Application Thread] DEBUG GameApplicationServi - Removing overlay from TrafficAppMenu and adding to FXGLMainMenuDummyScene
15:13:52.353 [JavaFX Application Thread] DEBUG MainWindow           - FXGLMainMenuDummyScene <- TrafficAppMenu
15:13:52.353 [JavaFX Application Thread] DEBUG Input                - Clearing active input actions
15:13:52.369 [JavaFX Application Thread] DEBUG GameApplicationServi - Removing overlay from FXGLMainMenuDummyScene and adding to FXGLLoadingScene
15:13:52.370 [JavaFX Application Thread] DEBUG MainWindow           - FXGLMainMenuDummyScene -> FXGLLoadingScene
15:13:52.370 [JavaFX Application Thread] DEBUG GameApplicationServi - Clearing previous game
15:13:52.371 [JavaFX Application Thread] DEBUG GameScene            - Clearing game scene
15:13:52.371 [JavaFX Application Thread] DEBUG GameWorld            - Clearing game world
15:13:52.371 [JavaFX Application Thread] DEBUG PhysicsWorld         - Clearing physics world
15:13:52.373 [FXGL Background Thread 2 ] DEBUG FXGLApplication      - Initializing game
15:13:52.382 [FXGL Background Thread 2 ] DEBUG FXGLAssetLoaderServi - Loading from file system: /assets/levels/level02.tmx
15:13:52.419 [FXGL Background Thread 2 ] WARN  TMXLevelLoader       - TiledMap generated from 1.4.1. Supported version: 1.2.3. Some features may not be parsed fully.
15:13:52.466 [FXGL Background Thread 2 ] DEBUG TMXLevelLoader       - Parsed raw map: TiledMap(width=10, height=7, tilewidth=250, tileheight=250, orientation=orthogonal, layers=[Layer(width=10, height=7, name=bg, type=tilelayer, visible=false, x=0, y=0, data=[84, 67, 84, 67, 30, 47, 34, 83, 80, 83, 48, 48, 48, 45, 48, 43, 48, 48, 45, 48, 69, 69, 75, 47, 77, 69, 69, 75, 47, 82, 67, 67, 74, 47, 76, 67, 67, 74, 47, 82, 48, 48, 48, 49, 48, 48, 48, 48, 46, 40, 77, 69, 75, 47, 77, 69, 69, 75, 47, 24, 70, 81, 68, 47, 81, 81, 81, 79, 47, 82], objects=[], opacity=0.0, draworder=), Layer(width=0, height=0, name=PathWays, type=objectgroup, visible=false, x=0, y=0, data=[], objects=[], opacity=0.0, draworder=), Layer(width=0, height=0, name=Incroci, type=objectgroup, visible=false, x=0, y=0, data=[], objects=[com.almasb.fxgl.entity.level.tiled.TiledObject@13062b19, com.almasb.fxgl.entity.level.tiled.TiledObject@235d300e, com.almasb.fxgl.entity.level.tiled.TiledObject@5ba1aad9, com.almasb.fxgl.entity.level.tiled.TiledObject@68ad00dc, com.almasb.fxgl.entity.level.tiled.TiledObject@4a51b033], opacity=0.0, draworder=), Layer(width=0, height=0, name=Semafori, type=objectgroup, visible=false, x=0, y=0, data=[], objects=[com.almasb.fxgl.entity.level.tiled.TiledObject@463437, com.almasb.fxgl.entity.level.tiled.TiledObject@56e7a184, com.almasb.fxgl.entity.level.tiled.TiledObject@564ce064, com.almasb.fxgl.entity.level.tiled.TiledObject@11db12b6, com.almasb.fxgl.entity.level.tiled.TiledObject@200d7b36, com.almasb.fxgl.entity.level.tiled.TiledObject@4b8d1532, com.almasb.fxgl.entity.level.tiled.TiledObject@7af393e7, com.almasb.fxgl.entity.level.tiled.TiledObject@337470ad, com.almasb.fxgl.entity.level.tiled.TiledObject@78eb793e, com.almasb.fxgl.entity.level.tiled.TiledObject@5becc794, com.almasb.fxgl.entity.level.tiled.TiledObject@3d661ba5, com.almasb.fxgl.entity.level.tiled.TiledObject@2d87f5bc, com.almasb.fxgl.entity.level.tiled.TiledObject@e065bbb, com.almasb.fxgl.entity.level.tiled.TiledObject@336bfd88, com.almasb.fxgl.entity.level.tiled.TiledObject@3edd7373, com.almasb.fxgl.entity.level.tiled.TiledObject@2ce54b01], opacity=0.0, draworder=), Layer(width=0, height=0, name=SpawnPoint, type=objectgroup, visible=false, x=0, y=0, data=[], objects=[com.almasb.fxgl.entity.level.tiled.TiledObject@108216a5, com.almasb.fxgl.entity.level.tiled.TiledObject@7c693e80, com.almasb.fxgl.entity.level.tiled.TiledObject@29fa8c95, com.almasb.fxgl.entity.level.tiled.TiledObject@2f4177e8, com.almasb.fxgl.entity.level.tiled.TiledObject@2ff67b9b, com.almasb.fxgl.entity.level.tiled.TiledObject@1adecddb, com.almasb.fxgl.entity.level.tiled.TiledObject@67bd7431, com.almasb.fxgl.entity.level.tiled.TiledObject@4367a119, com.almasb.fxgl.entity.level.tiled.TiledObject@5f51304d, com.almasb.fxgl.entity.level.tiled.TiledObject@330d8e69, com.almasb.fxgl.entity.level.tiled.TiledObject@3f1d68c5, com.almasb.fxgl.entity.level.tiled.TiledObject@418c6956, com.almasb.fxgl.entity.level.tiled.TiledObject@1709fa72, com.almasb.fxgl.entity.level.tiled.TiledObject@4828503c, com.almasb.fxgl.entity.level.tiled.TiledObject@1ca752bc, com.almasb.fxgl.entity.level.tiled.TiledObject@3ec34ea7, com.almasb.fxgl.entity.level.tiled.TiledObject@66c1e967, com.almasb.fxgl.entity.level.tiled.TiledObject@6ce2fc33, com.almasb.fxgl.entity.level.tiled.TiledObject@4af661a1, com.almasb.fxgl.entity.level.tiled.TiledObject@6ee4b82e, com.almasb.fxgl.entity.level.tiled.TiledObject@707ee44, com.almasb.fxgl.entity.level.tiled.TiledObject@7cff89f3, com.almasb.fxgl.entity.level.tiled.TiledObject@57d04a4, com.almasb.fxgl.entity.level.tiled.TiledObject@4e13f9ed, com.almasb.fxgl.entity.level.tiled.TiledObject@765e5ba5, com.almasb.fxgl.entity.level.tiled.TiledObject@76eee48c, com.almasb.fxgl.entity.level.tiled.TiledObject@1bdb86d1, com.almasb.fxgl.entity.level.tiled.TiledObject@4a56d8d6], opacity=0.0, draworder=)], tilesets=[Tileset(firstgid=1, image=../textures/tiles_sheet.png, name=tiles_sheet, tilewidth=250, tileheight=250, imagewidth=1750, imageheight=1500, margin=0, spacing=0, columns=7, tilecount=42, transparentcolor=ff00ff, tiles=[]), Tileset(firstgid=43, image=../textures/tiles_sheet.png, name=tiles_sheet, tilewidth=250, tileheight=250, imagewidth=1750, imageheight=1500, margin=0, spacing=0, columns=7, tilecount=42, transparentcolor=, tiles=[])], backgroundcolor=, renderorder=right-down, nextobjectid=58, version=1, tiledversion=1.4.1, type=map, infinite=false, properties={}, propertytypes={})
15:13:52.468 [FXGL Background Thread 2 ] DEBUG TMXLevelLoader       - Creating tile layer entities
15:13:52.481 [FXGL Background Thread 2 ] DEBUG TilesetLoader        - Loading view for layer bg
15:13:52.513 [FXGL Background Thread 2 ] DEBUG TilesetLoader        - Created buffer with size 2500.0x1750.0
15:13:52.605 [FXGL Background Thread 2 ] DEBUG TilesetLoader        - Writing to buffer: dst=0,0, w=250,h=250, src=1500,1250
15:13:52.606 [FXGL Background Thread 2 ] DEBUG TilesetLoader        - Writing to buffer: dst=250,0, w=250,h=250, src=750,750
15:13:52.606 [FXGL Background Thread 2 ] DEBUG TilesetLoader        - Writing to buffer: dst=500,0, w=250,h=250, src=1500,1250
15:13:52.606 [FXGL Background Thread 2 ] DEBUG TilesetLoader        - Writing to buffer: dst=750,0, w=250,h=250, src=750,750
15:13:52.608 [FXGL Background Thread 2 ] DEBUG TilesetLoader        - Writing to buffer: dst=1000,0, w=250,h=250, src=250,1000
15:13:52.608 [FXGL Background Thread 2 ] DEBUG TilesetLoader        - Writing to buffer: dst=1250,0, w=250,h=250, src=1000,0
15:13:52.609 [FXGL Background Thread 2 ] DEBUG TilesetLoader        - Writing to buffer: dst=1500,0, w=250,h=250, src=1250,1000
15:13:52.609 [FXGL Background Thread 2 ] DEBUG TilesetLoader        - Writing to buffer: dst=1750,0, w=250,h=250, src=1250,1250
15:13:52.609 [FXGL Background Thread 2 ] DEBUG TilesetLoader        - Writing to buffer: dst=2000,0, w=250,h=250, src=500,1250
15:13:52.609 [FXGL Background Thread 2 ] DEBUG TilesetLoader        - Writing to buffer: dst=2250,0, w=250,h=250, src=1250,1250
15:13:52.610 [FXGL Background Thread 2 ] DEBUG TilesetLoader        - Writing to buffer: dst=0,250, w=250,h=250, src=1250,0
15:13:52.610 [FXGL Background Thread 2 ] DEBUG TilesetLoader        - Writing to buffer: dst=250,250, w=250,h=250, src=1250,0
15:13:52.611 [FXGL Background Thread 2 ] DEBUG TilesetLoader        - Writing to buffer: dst=500,250, w=250,h=250, src=1250,0
15:13:52.611 [FXGL Background Thread 2 ] DEBUG TilesetLoader        - Writing to buffer: dst=750,250, w=250,h=250, src=500,0
15:13:52.611 [FXGL Background Thread 2 ] DEBUG TilesetLoader        - Writing to buffer: dst=1000,250, w=250,h=250, src=1250,0
15:13:52.611 [FXGL Background Thread 2 ] DEBUG TilesetLoader        - Writing to buffer: dst=1250,250, w=250,h=250, src=0,0
15:13:52.612 [FXGL Background Thread 2 ] DEBUG TilesetLoader        - Writing to buffer: dst=1500,250, w=250,h=250, src=1250,0
15:13:52.612 [FXGL Background Thread 2 ] DEBUG TilesetLoader        - Writing to buffer: dst=1750,250, w=250,h=250, src=1250,0
15:13:52.612 [FXGL Background Thread 2 ] DEBUG TilesetLoader        - Writing to buffer: dst=2000,250, w=250,h=250, src=500,0
15:13:52.612 [FXGL Background Thread 2 ] DEBUG TilesetLoader        - Writing to buffer: dst=2250,250, w=250,h=250, src=1250,0
15:13:52.613 [FXGL Background Thread 2 ] DEBUG TilesetLoader        - Writing to buffer: dst=0,500, w=250,h=250, src=1250,750
15:13:52.613 [FXGL Background Thread 2 ] DEBUG TilesetLoader        - Writing to buffer: dst=250,500, w=250,h=250, src=1250,750
15:13:52.613 [FXGL Background Thread 2 ] DEBUG TilesetLoader        - Writing to buffer: dst=500,500, w=250,h=250, src=1000,1000
15:13:52.613 [FXGL Background Thread 2 ] DEBUG TilesetLoader        - Writing to buffer: dst=750,500, w=250,h=250, src=1000,0
15:13:52.620 [FXGL Background Thread 2 ] DEBUG TilesetLoader        - Writing to buffer: dst=1000,500, w=250,h=250, src=1500,1000
15:13:52.622 [FXGL Background Thread 2 ] DEBUG TilesetLoader        - Writing to buffer: dst=1250,500, w=250,h=250, src=1250,750
15:13:52.624 [FXGL Background Thread 2 ] DEBUG TilesetLoader        - Writing to buffer: dst=1500,500, w=250,h=250, src=1250,750
15:13:52.624 [FXGL Background Thread 2 ] DEBUG TilesetLoader        - Writing to buffer: dst=1750,500, w=250,h=250, src=1000,1000
15:13:52.625 [FXGL Background Thread 2 ] DEBUG TilesetLoader        - Writing to buffer: dst=2000,500, w=250,h=250, src=1000,0
15:13:52.625 [FXGL Background Thread 2 ] DEBUG TilesetLoader        - Writing to buffer: dst=2250,500, w=250,h=250, src=1000,1250
15:13:52.625 [FXGL Background Thread 2 ] DEBUG TilesetLoader        - Writing to buffer: dst=0,750, w=250,h=250, src=750,750
15:13:52.626 [FXGL Background Thread 2 ] DEBUG TilesetLoader        - Writing to buffer: dst=250,750, w=250,h=250, src=750,750
15:13:52.627 [FXGL Background Thread 2 ] DEBUG TilesetLoader        - Writing to buffer: dst=500,750, w=250,h=250, src=750,1000
15:13:52.627 [FXGL Background Thread 2 ] DEBUG TilesetLoader        - Writing to buffer: dst=750,750, w=250,h=250, src=1000,0
15:13:52.627 [FXGL Background Thread 2 ] DEBUG TilesetLoader        - Writing to buffer: dst=1000,750, w=250,h=250, src=1250,1000
15:13:52.633 [FXGL Background Thread 2 ] DEBUG TilesetLoader        - Writing to buffer: dst=1250,750, w=250,h=250, src=750,750
15:13:52.634 [FXGL Background Thread 2 ] DEBUG TilesetLoader        - Writing to buffer: dst=1500,750, w=250,h=250, src=750,750
15:13:52.634 [FXGL Background Thread 2 ] DEBUG TilesetLoader        - Writing to buffer: dst=1750,750, w=250,h=250, src=750,1000
15:13:52.634 [FXGL Background Thread 2 ] DEBUG TilesetLoader        - Writing to buffer: dst=2000,750, w=250,h=250, src=1000,0
15:13:52.635 [FXGL Background Thread 2 ] DEBUG TilesetLoader        - Writing to buffer: dst=2250,750, w=250,h=250, src=1000,1250
15:13:52.635 [FXGL Background Thread 2 ] DEBUG TilesetLoader        - Writing to buffer: dst=0,1000, w=250,h=250, src=1250,0
15:13:52.635 [FXGL Background Thread 2 ] DEBUG TilesetLoader        - Writing to buffer: dst=250,1000, w=250,h=250, src=1250,0
15:13:52.635 [FXGL Background Thread 2 ] DEBUG TilesetLoader        - Writing to buffer: dst=500,1000, w=250,h=250, src=1250,0
15:13:52.636 [FXGL Background Thread 2 ] DEBUG TilesetLoader        - Writing to buffer: dst=750,1000, w=250,h=250, src=1500,0
15:13:52.636 [FXGL Background Thread 2 ] DEBUG TilesetLoader        - Writing to buffer: dst=1000,1000, w=250,h=250, src=1250,0
15:13:52.636 [FXGL Background Thread 2 ] DEBUG TilesetLoader        - Writing to buffer: dst=1250,1000, w=250,h=250, src=1250,0
15:13:52.636 [FXGL Background Thread 2 ] DEBUG TilesetLoader        - Writing to buffer: dst=1500,1000, w=250,h=250, src=1250,0
15:13:52.637 [FXGL Background Thread 2 ] DEBUG TilesetLoader        - Writing to buffer: dst=1750,1000, w=250,h=250, src=1250,0
15:13:52.637 [FXGL Background Thread 2 ] DEBUG TilesetLoader        - Writing to buffer: dst=2000,1000, w=250,h=250, src=750,0
15:13:52.637 [FXGL Background Thread 2 ] DEBUG TilesetLoader        - Writing to buffer: dst=2250,1000, w=250,h=250, src=1000,1250
15:13:52.637 [FXGL Background Thread 2 ] DEBUG TilesetLoader        - Writing to buffer: dst=0,1250, w=250,h=250, src=1500,1000
15:13:52.637 [FXGL Background Thread 2 ] DEBUG TilesetLoader        - Writing to buffer: dst=250,1250, w=250,h=250, src=1250,750
15:13:52.638 [FXGL Background Thread 2 ] DEBUG TilesetLoader        - Writing to buffer: dst=500,1250, w=250,h=250, src=1000,1000
15:13:52.638 [FXGL Background Thread 2 ] DEBUG TilesetLoader        - Writing to buffer: dst=750,1250, w=250,h=250, src=1000,0
15:13:52.638 [FXGL Background Thread 2 ] DEBUG TilesetLoader        - Writing to buffer: dst=1000,1250, w=250,h=250, src=1500,1000
15:13:52.638 [FXGL Background Thread 2 ] DEBUG TilesetLoader        - Writing to buffer: dst=1250,1250, w=250,h=250, src=1250,750
15:13:52.638 [FXGL Background Thread 2 ] DEBUG TilesetLoader        - Writing to buffer: dst=1500,1250, w=250,h=250, src=1250,750
15:13:52.639 [FXGL Background Thread 2 ] DEBUG TilesetLoader        - Writing to buffer: dst=1750,1250, w=250,h=250, src=1000,1000
15:13:52.639 [FXGL Background Thread 2 ] DEBUG TilesetLoader        - Writing to buffer: dst=2000,1250, w=250,h=250, src=1000,0
15:13:52.639 [FXGL Background Thread 2 ] DEBUG TilesetLoader        - Writing to buffer: dst=2250,1250, w=250,h=250, src=500,750
15:13:52.639 [FXGL Background Thread 2 ] DEBUG TilesetLoader        - Writing to buffer: dst=0,1500, w=250,h=250, src=1500,750
15:13:52.640 [FXGL Background Thread 2 ] DEBUG TilesetLoader        - Writing to buffer: dst=250,1500, w=250,h=250, src=750,1250
15:13:52.640 [FXGL Background Thread 2 ] DEBUG TilesetLoader        - Writing to buffer: dst=500,1500, w=250,h=250, src=1000,750
15:13:52.641 [FXGL Background Thread 2 ] DEBUG TilesetLoader        - Writing to buffer: dst=750,1500, w=250,h=250, src=1000,0
15:13:52.641 [FXGL Background Thread 2 ] DEBUG TilesetLoader        - Writing to buffer: dst=1000,1500, w=250,h=250, src=750,1250
15:13:52.642 [FXGL Background Thread 2 ] DEBUG TilesetLoader        - Writing to buffer: dst=1250,1500, w=250,h=250, src=750,1250
15:13:52.642 [FXGL Background Thread 2 ] DEBUG TilesetLoader        - Writing to buffer: dst=1500,1500, w=250,h=250, src=750,1250
15:13:52.642 [FXGL Background Thread 2 ] DEBUG TilesetLoader        - Writing to buffer: dst=1750,1500, w=250,h=250, src=250,1250
15:13:52.644 [FXGL Background Thread 2 ] DEBUG TilesetLoader        - Writing to buffer: dst=2000,1500, w=250,h=250, src=1000,0
15:13:52.649 [FXGL Background Thread 2 ] DEBUG TilesetLoader        - Writing to buffer: dst=2250,1500, w=250,h=250, src=1000,1250
15:13:52.649 [FXGL Background Thread 2 ] DEBUG TMXLevelLoader       - Creating object layer entities
15:13:52.693 [FXGL Background Thread 2 ] DEBUG FXGLAssetLoaderServi - Loading from file system: /assets/textures/semaforoRosso-01.png
15:13:52.700 [FXGL Background Thread 2 ] DEBUG FXGLAssetLoaderServi - Loading from file system: /assets/textures/semaforoVerde-01.png
15:13:52.707 [FXGL Background Thread 2 ] DEBUG FXGLAssetLoaderServi - Loading from file system: /assets/textures/semaforoRosso-02.png
15:13:52.711 [FXGL Background Thread 2 ] DEBUG FXGLAssetLoaderServi - Loading from file system: /assets/textures/semaforoVerde-02.png
15:13:52.716 [FXGL Background Thread 2 ] DEBUG FXGLAssetLoaderServi - Loading from file system: /assets/textures/semaforoRosso-04.png
15:13:52.718 [FXGL Background Thread 2 ] DEBUG FXGLAssetLoaderServi - Loading from file system: /assets/textures/semaforoVerde-04.png
15:13:52.724 [FXGL Background Thread 2 ] DEBUG FXGLAssetLoaderServi - Loading from file system: /assets/textures/semaforoRosso-03.png
15:13:52.728 [FXGL Background Thread 2 ] DEBUG FXGLAssetLoaderServi - Loading from file system: /assets/textures/semaforoVerde-03.png
15:13:52.732 [FXGL Background Thread 2 ] DEBUG FXGLAssetLoaderServi - Loading from cache: /assets/textures/semaforoRosso-04.png
15:13:52.733 [FXGL Background Thread 2 ] DEBUG FXGLAssetLoaderServi - Loading from cache: /assets/textures/semaforoVerde-04.png
15:13:52.736 [FXGL Background Thread 2 ] DEBUG FXGLAssetLoaderServi - Loading from cache: /assets/textures/semaforoRosso-01.png
15:13:52.736 [FXGL Background Thread 2 ] DEBUG FXGLAssetLoaderServi - Loading from cache: /assets/textures/semaforoVerde-01.png
15:13:52.737 [FXGL Background Thread 2 ] DEBUG FXGLAssetLoaderServi - Loading from cache: /assets/textures/semaforoRosso-03.png
15:13:52.738 [FXGL Background Thread 2 ] DEBUG FXGLAssetLoaderServi - Loading from cache: /assets/textures/semaforoVerde-03.png
15:13:52.740 [FXGL Background Thread 2 ] DEBUG FXGLAssetLoaderServi - Loading from cache: /assets/textures/semaforoRosso-04.png
15:13:52.740 [FXGL Background Thread 2 ] DEBUG FXGLAssetLoaderServi - Loading from cache: /assets/textures/semaforoVerde-04.png
15:13:52.742 [FXGL Background Thread 2 ] DEBUG FXGLAssetLoaderServi - Loading from cache: /assets/textures/semaforoRosso-04.png
15:13:52.742 [FXGL Background Thread 2 ] DEBUG FXGLAssetLoaderServi - Loading from cache: /assets/textures/semaforoVerde-04.png
15:13:52.744 [FXGL Background Thread 2 ] DEBUG FXGLAssetLoaderServi - Loading from cache: /assets/textures/semaforoRosso-04.png
15:13:52.744 [FXGL Background Thread 2 ] DEBUG FXGLAssetLoaderServi - Loading from cache: /assets/textures/semaforoVerde-04.png
15:13:52.745 [FXGL Background Thread 2 ] DEBUG FXGLAssetLoaderServi - Loading from cache: /assets/textures/semaforoRosso-01.png
15:13:52.745 [FXGL Background Thread 2 ] DEBUG FXGLAssetLoaderServi - Loading from cache: /assets/textures/semaforoVerde-01.png
15:13:52.747 [FXGL Background Thread 2 ] DEBUG FXGLAssetLoaderServi - Loading from cache: /assets/textures/semaforoRosso-02.png
15:13:52.747 [FXGL Background Thread 2 ] DEBUG FXGLAssetLoaderServi - Loading from cache: /assets/textures/semaforoVerde-02.png
15:13:52.754 [FXGL Background Thread 2 ] DEBUG FXGLAssetLoaderServi - Loading from cache: /assets/textures/semaforoRosso-02.png
15:13:52.754 [FXGL Background Thread 2 ] DEBUG FXGLAssetLoaderServi - Loading from cache: /assets/textures/semaforoVerde-02.png
15:13:52.755 [FXGL Background Thread 2 ] DEBUG FXGLAssetLoaderServi - Loading from cache: /assets/textures/semaforoRosso-02.png
15:13:52.755 [FXGL Background Thread 2 ] DEBUG FXGLAssetLoaderServi - Loading from cache: /assets/textures/semaforoVerde-02.png
15:13:52.756 [FXGL Background Thread 2 ] DEBUG FXGLAssetLoaderServi - Loading from cache: /assets/textures/semaforoRosso-03.png
15:13:52.756 [FXGL Background Thread 2 ] DEBUG FXGLAssetLoaderServi - Loading from cache: /assets/textures/semaforoVerde-03.png
15:13:52.762 [FXGL Background Thread 2 ] DEBUG FXGLAssetLoaderServi - Loading from cache: /assets/textures/semaforoRosso-03.png
15:13:52.764 [FXGL Background Thread 2 ] DEBUG FXGLAssetLoaderServi - Loading from cache: /assets/textures/semaforoVerde-03.png
15:13:52.823 [FXGL Background Thread 2 ] DEBUG GameWorld            - Clearing removable entities
15:13:52.825 [FXGL Background Thread 2 ] DEBUG GameWorld            - Setting level: com.almasb.fxgl.entity.level.Level@28181fad
15:13:52.853 [FXGL Background Thread 2 ] DEBUG FXGLAssetLoaderServi - Loading from file system: /assets/textures/pointer-sprite.png
15:13:52.947 [FXGL Background Thread 2 ] INFO  FXGLApplication      - Game initialization took: 0,574 sec
15:13:52.949 [JavaFX Application Thread] DEBUG Input                - Clearing active input actions
15:13:52.964 [JavaFX Application Thread] DEBUG GameApplicationServi - Removing overlay from FXGLLoadingScene and adding to GameScene
15:13:52.969 [JavaFX Application Thread] DEBUG MainWindow           - FXGLLoadingScene -> GameScene
15:13:53.067 [FXGL Background Thread 3 ] DEBUG Engine               - Logging environment variables
15:13:53.068 [FXGL Background Thread 3 ] DEBUG Engine               - achievements: []
15:13:53.068 [FXGL Background Thread 3 ] DEBUG Engine               - appIcon: fxgl_icon.png
15:13:53.068 [FXGL Background Thread 3 ] DEBUG Engine               - applicationMode: DEVELOPER
15:13:53.068 [FXGL Background Thread 3 ] DEBUG Engine               - cSSList: [fxgl_dark.css]
15:13:53.068 [FXGL Background Thread 3 ] DEBUG Engine               - configClass: Optional.empty
15:13:53.068 [FXGL Background Thread 3 ] DEBUG Engine               - credits: []
15:13:53.068 [FXGL Background Thread 3 ] DEBUG Engine               - devBBoxColorProperty: ObjectProperty [value: 0xff0000ff]
15:13:53.069 [FXGL Background Thread 3 ] DEBUG Engine               - devEnableDebugCameraProperty: BooleanProperty [value: false]
15:13:53.069 [FXGL Background Thread 3 ] DEBUG Engine               - devSensorColorProperty: ObjectProperty [value: 0xffff00ff]
15:13:53.069 [FXGL Background Thread 3 ] DEBUG Engine               - devShowBBoxProperty: BooleanProperty [value: false]
15:13:53.069 [FXGL Background Thread 3 ] DEBUG Engine               - devShowPositionProperty: BooleanProperty [value: false]
15:13:53.069 [FXGL Background Thread 3 ] DEBUG Engine               - enabledMenuItems: []
15:13:53.069 [FXGL Background Thread 3 ] DEBUG Engine               - engineServices: [class com.almasb.fxgl.app.FXGLApplication$GameApplicationService, class com.almasb.fxgl.app.services.FXGLDialogService, class com.almasb.fxgl.app.services.IOTaskExecutorService, class com.almasb.fxgl.event.EventBusService, class com.almasb.fxgl.io.FileSystemService, class com.almasb.fxgl.localization.LocalizationService, class com.almasb.fxgl.app.services.FXGLAssetLoaderService, class com.almasb.fxgl.app.services.SystemBundleService, class com.almasb.fxgl.profile.SaveLoadService, class com.almasb.fxgl.ui.FXGLUIFactoryServiceProvider, class com.almasb.fxgl.ui.FXGLDialogFactoryServiceProvider, class com.almasb.fxgl.audio.AudioPlayer, class com.almasb.fxgl.notification.impl.NotificationServiceProvider, class com.almasb.fxgl.achievement.AchievementService, class com.almasb.fxgl.cutscene.CutsceneService, class com.almasb.fxgl.minigames.MiniGameService, class com.almasb.fxgl.net.NetService, class com.almasb.fxgl.app.services.UpdaterService, class com.almasb.fxgl.dev.DevService, class com.almasb.fxgl.dev.profiling.ProfilerService]
15:13:53.069 [FXGL Background Thread 3 ] DEBUG Engine               - fontGame: Abel-Regular.ttf
15:13:53.069 [FXGL Background Thread 3 ] DEBUG Engine               - fontMono: lucida_console.ttf
15:13:53.070 [FXGL Background Thread 3 ] DEBUG Engine               - fontText: Courier-Prime.ttf
15:13:53.070 [FXGL Background Thread 3 ] DEBUG Engine               - fontUI: VarelaRound-Regular.ttf
15:13:53.070 [FXGL Background Thread 3 ] DEBUG Engine               - fullScreen: BooleanProperty [value: false]
15:13:53.070 [FXGL Background Thread 3 ] DEBUG Engine               - gameDifficulty: MEDIUM
15:13:53.070 [FXGL Background Thread 3 ] DEBUG Engine               - gameDifficultyProperty: ObjectProperty [value: MEDIUM]
15:13:53.070 [FXGL Background Thread 3 ] DEBUG Engine               - globalMusicVolume: 0.5
15:13:53.070 [FXGL Background Thread 3 ] DEBUG Engine               - globalMusicVolumeProperty: DoubleProperty [value: 0.5]
15:13:53.070 [FXGL Background Thread 3 ] DEBUG Engine               - globalSoundVolume: 0.5
15:13:53.070 [FXGL Background Thread 3 ] DEBUG Engine               - globalSoundVolumeProperty: DoubleProperty [value: 0.5]
15:13:53.070 [FXGL Background Thread 3 ] DEBUG Engine               - height: 1750
15:13:53.071 [FXGL Background Thread 3 ] DEBUG Engine               - isAndroid: false
15:13:53.071 [FXGL Background Thread 3 ] DEBUG Engine               - isBrowser: false
15:13:53.071 [FXGL Background Thread 3 ] DEBUG Engine               - isClickFeedbackEnabled: false
15:13:53.071 [FXGL Background Thread 3 ] DEBUG Engine               - isCloseConfirmation: false
15:13:53.071 [FXGL Background Thread 3 ] DEBUG Engine               - isDesktop: true
15:13:53.071 [FXGL Background Thread 3 ] DEBUG Engine               - isDeveloperMenuEnabled: true
15:13:53.072 [FXGL Background Thread 3 ] DEBUG Engine               - isEntityPreloadEnabled: true
15:13:53.072 [FXGL Background Thread 3 ] DEBUG Engine               - isExperimentalNative: false
15:13:53.072 [FXGL Background Thread 3 ] DEBUG Engine               - isExperimentalTiledLargeMap: false
15:13:53.072 [FXGL Background Thread 3 ] DEBUG Engine               - isFileSystemWriteAllowed: true
15:13:53.072 [FXGL Background Thread 3 ] DEBUG Engine               - isFullScreenAllowed: false
15:13:53.072 [FXGL Background Thread 3 ] DEBUG Engine               - isFullScreenFromStart: false
15:13:53.072 [FXGL Background Thread 3 ] DEBUG Engine               - isGameMenuEnabled: true
15:13:53.072 [FXGL Background Thread 3 ] DEBUG Engine               - isIOS: false
15:13:53.072 [FXGL Background Thread 3 ] DEBUG Engine               - isIntroEnabled: false
15:13:53.072 [FXGL Background Thread 3 ] DEBUG Engine               - isLinux: false
15:13:53.073 [FXGL Background Thread 3 ] DEBUG Engine               - isMac: true
15:13:53.073 [FXGL Background Thread 3 ] DEBUG Engine               - isMainMenuEnabled: true
15:13:53.073 [FXGL Background Thread 3 ] DEBUG Engine               - isManualResizeEnabled: true
15:13:53.073 [FXGL Background Thread 3 ] DEBUG Engine               - isMobile: false
15:13:53.073 [FXGL Background Thread 3 ] DEBUG Engine               - isPreserveResizeRatio: true
15:13:53.073 [FXGL Background Thread 3 ] DEBUG Engine               - isProfilingEnabled: true
15:13:53.073 [FXGL Background Thread 3 ] DEBUG Engine               - isSingleStep: false
15:13:53.073 [FXGL Background Thread 3 ] DEBUG Engine               - isUserProfileEnabled: false
15:13:53.073 [FXGL Background Thread 3 ] DEBUG Engine               - isWindows: false
15:13:53.073 [FXGL Background Thread 3 ] DEBUG Engine               - language: ObjectProperty [value: ENGLISH]
15:13:53.073 [FXGL Background Thread 3 ] DEBUG Engine               - menuKey: ESCAPE
15:13:53.074 [FXGL Background Thread 3 ] DEBUG Engine               - notificationViewClass: class com.almasb.fxgl.notification.view.XboxNotificationView
15:13:53.074 [FXGL Background Thread 3 ] DEBUG Engine               - pixelsPerMeter: 50.0
15:13:53.074 [FXGL Background Thread 3 ] DEBUG Engine               - platform: MAC
15:13:53.074 [FXGL Background Thread 3 ] DEBUG Engine               - profileDir: profiles/
15:13:53.074 [FXGL Background Thread 3 ] DEBUG Engine               - profileName: StringProperty [value: DEFAULT]
15:13:53.074 [FXGL Background Thread 3 ] DEBUG Engine               - randomSeed: -1
15:13:53.074 [FXGL Background Thread 3 ] DEBUG Engine               - runtimeInfo: RuntimeInfo(platform=MAC, version=dev-SNAPSHOT, build=03.09.2020 12.08)
15:13:53.074 [FXGL Background Thread 3 ] DEBUG Engine               - saveFileExt: sav
15:13:53.074 [FXGL Background Thread 3 ] DEBUG Engine               - sceneFactory: it.uniroma1.metodologie.trafficGame.TrafficApp$1@7fa5384d
15:13:53.074 [FXGL Background Thread 3 ] DEBUG Engine               - secondsIn24h: 60
15:13:53.075 [FXGL Background Thread 3 ] DEBUG Engine               - soundMenuBack: menu/back.wav
15:13:53.075 [FXGL Background Thread 3 ] DEBUG Engine               - soundMenuPress: menu/press.wav
15:13:53.075 [FXGL Background Thread 3 ] DEBUG Engine               - soundMenuSelect: menu/select.wav
15:13:53.075 [FXGL Background Thread 3 ] DEBUG Engine               - soundNotification: core/notification.wav
15:13:53.075 [FXGL Background Thread 3 ] DEBUG Engine               - stageStyle: DECORATED
15:13:53.075 [FXGL Background Thread 3 ] DEBUG Engine               - supportedLanguages: [ENGLISH, FRENCH, GERMAN, HUNGARIAN, RUSSIAN]
15:13:53.075 [FXGL Background Thread 3 ] DEBUG Engine               - title: Traffic
15:13:53.075 [FXGL Background Thread 3 ] DEBUG Engine               - urlGithub: https://github.com/AlmasB/FXGL
15:13:53.075 [FXGL Background Thread 3 ] DEBUG Engine               - urlLeaderboard: http://fxgl-top.herokuapp.com/
15:13:53.075 [FXGL Background Thread 3 ] DEBUG Engine               - urlPOM: https://raw.githubusercontent.com/AlmasB/FXGL/master/pom.xml
15:13:53.076 [FXGL Background Thread 3 ] DEBUG Engine               - version: Alpha 1.0
15:13:53.076 [FXGL Background Thread 3 ] DEBUG Engine               - versionCheckDays: 7
15:13:53.076 [FXGL Background Thread 3 ] DEBUG Engine               - width: 2500
15:13:53.076 [FXGL Background Thread 3 ] DEBUG Engine               - Logging services
15:13:53.076 [FXGL Background Thread 3 ] DEBUG Engine               - class com.almasb.fxgl.app.FXGLApplication$GameApplicationService
15:13:53.076 [FXGL Background Thread 3 ] DEBUG Engine               - class com.almasb.fxgl.app.services.FXGLDialogService
15:13:53.076 [FXGL Background Thread 3 ] DEBUG Engine               - class com.almasb.fxgl.app.services.IOTaskExecutorService
15:13:53.076 [FXGL Background Thread 3 ] DEBUG Engine               - class com.almasb.fxgl.event.EventBusService
15:13:53.076 [FXGL Background Thread 3 ] DEBUG Engine               - class com.almasb.fxgl.io.FileSystemService
15:13:53.076 [FXGL Background Thread 3 ] DEBUG Engine               - class com.almasb.fxgl.localization.LocalizationService
15:13:53.076 [FXGL Background Thread 3 ] DEBUG Engine               - class com.almasb.fxgl.app.services.FXGLAssetLoaderService
15:13:53.077 [FXGL Background Thread 3 ] DEBUG Engine               - class com.almasb.fxgl.app.services.SystemBundleService
15:13:53.077 [FXGL Background Thread 3 ] DEBUG Engine               - class com.almasb.fxgl.profile.SaveLoadService
15:13:53.077 [FXGL Background Thread 3 ] DEBUG Engine               - class com.almasb.fxgl.ui.FXGLUIFactoryServiceProvider
15:13:53.077 [FXGL Background Thread 3 ] DEBUG Engine               - class com.almasb.fxgl.ui.FXGLDialogFactoryServiceProvider
15:13:53.077 [FXGL Background Thread 3 ] DEBUG Engine               - class com.almasb.fxgl.audio.AudioPlayer
15:13:53.077 [FXGL Background Thread 3 ] DEBUG Engine               - class com.almasb.fxgl.notification.impl.NotificationServiceProvider
15:13:53.077 [FXGL Background Thread 3 ] DEBUG Engine               - class com.almasb.fxgl.achievement.AchievementService
15:13:53.077 [FXGL Background Thread 3 ] DEBUG Engine               - class com.almasb.fxgl.cutscene.CutsceneService
15:13:53.077 [FXGL Background Thread 3 ] DEBUG Engine               - class com.almasb.fxgl.minigames.MiniGameService
15:13:53.077 [FXGL Background Thread 3 ] DEBUG Engine               - class com.almasb.fxgl.net.NetService
15:13:53.077 [FXGL Background Thread 3 ] DEBUG Engine               - class com.almasb.fxgl.app.services.UpdaterService
15:13:53.077 [FXGL Background Thread 3 ] DEBUG Engine               - class com.almasb.fxgl.dev.DevService
15:13:53.078 [FXGL Background Thread 3 ] DEBUG Engine               - class com.almasb.fxgl.dev.profiling.ProfilerService
15:15:21.529 [JavaFX Application Thread] DEBUG Input                - Clearing active input actions
15:15:21.537 [JavaFX Application Thread] DEBUG GameApplicationServi - Removing overlay from GameScene and adding to FXGLMainMenuDummyScene
15:15:21.541 [JavaFX Application Thread] DEBUG MainWindow           - GameScene -> FXGLMainMenuDummyScene
15:15:21.541 [JavaFX Application Thread] DEBUG MainWindow           - Push state: TrafficAppMenu
15:15:21.541 [JavaFX Application Thread] DEBUG Input                - Clearing active input actions
15:15:21.542 [JavaFX Application Thread] DEBUG GameApplicationServi - Removing overlay from FXGLMainMenuDummyScene and adding to TrafficAppMenu
15:15:21.543 [JavaFX Application Thread] DEBUG MainWindow           - FXGLMainMenuDummyScene -> TrafficAppMenu
15:15:25.779 [JavaFX Application Thread] DEBUG FXGLApplication      - Exiting FXGL
15:15:25.779 [JavaFX Application Thread] DEBUG LoopRunner           - Stopping loop
15:15:25.780 [JavaFX Application Thread] DEBUG SystemBundleService  - Saving FXGL system data
15:15:25.782 [JavaFX Application Thread] DEBUG FileSystemAccess     - Writing to: /Users/universita/Desktop/ProgettoJava/Drop/system/fxgl.bundle
15:15:25.785 [JavaFX Application Thread] INFO  ProfilerService      - Processed Frames: 6937
15:15:25.785 [JavaFX Application Thread] INFO  ProfilerService      - Average FPS: 59
15:15:25.785 [JavaFX Application Thread] INFO  ProfilerService      - Avg Frame Took: 14,04 ms
15:15:25.785 [JavaFX Application Thread] INFO  ProfilerService      - Avg Memory Usage: 117 MB
15:15:25.785 [JavaFX Application Thread] INFO  ProfilerService      - Min Memory Usage: 66 MB
15:15:25.785 [JavaFX Application Thread] INFO  ProfilerService      - Max Memory Usage: 151 MB
15:15:25.785 [JavaFX Application Thread] INFO  ProfilerService      - Estimated GC runs: 145
15:15:25.785 [JavaFX Application Thread] DEBUG Async                - Shutting down background threads
15:15:25.786 [JavaFX Application Thread] DEBUG MainWindow           - Closing main window
15:15:25.798 [JavaFX Application Thread] DEBUG Logger               - Closing Logger
