23:30:14.414 [main                     ] DEBUG Logger               - Configured Logger
23:30:14.426 [main                     ] DEBUG GameApplication      - Logging settings
Title: Traffic
Version: Alpha 1.0
Width: 2000
Height: 1125
Fullscreen: false
Intro: false
Profiling: false
Single step:false
App Mode: DEVELOPER
Menu Key: ESCAPE
Stage Style: DECORATED
Scene Factory: class it.uniroma1.metodologie.trafficGame.TrafficApp$1

23:30:14.745 [JavaFX Application Thread] DEBUG FXGLApplication      - Initializing FXGL
23:30:14.750 [JavaFX Application Thread] INFO  Engine               - FXGL-dev-SNAPSHOT (08.09.2020 17.31) on WINDOWS (J:13.0.2 FX:14)
23:30:14.751 [JavaFX Application Thread] DEBUG Engine               - JRE Vendor Name: Oracle Corporation
23:30:14.751 [JavaFX Application Thread] DEBUG Engine               - Running on OS: Windows 10 version 10.0
23:30:14.751 [JavaFX Application Thread] DEBUG Engine               - Architecture: amd64
23:30:14.751 [JavaFX Application Thread] INFO  Engine               - Source code and latest versions at: https://github.com/AlmasB/FXGL
23:30:14.752 [JavaFX Application Thread] INFO  Engine               -              Join the FXGL chat at: https://gitter.im/AlmasB/FXGL
23:30:14.829 [JavaFX Application Thread] DEBUG MainWindow           - Creating a JavaFX scene
23:30:14.865 [JavaFX Application Thread] DEBUG MainWindow           - Target settings size: 2000.0 x 1125.0
23:30:14.866 [JavaFX Application Thread] DEBUG MainWindow           - Scaled scene size:    2000.0 x 1125.0
23:30:14.866 [JavaFX Application Thread] DEBUG MainWindow           - Scaled ratio: (1.0, 1.0)
23:30:14.867 [JavaFX Application Thread] DEBUG MainWindow           - Set initial scene to StartupScene
23:30:14.871 [JavaFX Application Thread] DEBUG MainWindow           - Opening main window
23:30:14.940 [JavaFX Application Thread] DEBUG MainWindow           - Window border size: (16.0, 39.0)
23:30:14.941 [JavaFX Application Thread] DEBUG MainWindow           - Scaled size: 2000.0 x 1125.0
23:30:14.941 [JavaFX Application Thread] DEBUG MainWindow           - Scaled ratio: (1.0, 1.0)
23:30:14.941 [JavaFX Application Thread] DEBUG MainWindow           - Scene size: 2000.0 x 1125.0
23:30:14.941 [JavaFX Application Thread] DEBUG MainWindow           - Stage size: 2016.0 x 1164.0
23:30:14.947 [FXGL Background Thread 1 ] DEBUG Engine               - Initializing environment variables
23:30:14.975 [FXGL Background Thread 1 ] DEBUG GameApplicationServi - Applying CSS: fxgl_dark.css
23:30:14.976 [FXGL Background Thread 1 ] DEBUG FXGLAssetLoaderServi - Loading from file system: /assets/ui/css/fxgl_dark.css
23:30:15.015 [FXGL Background Thread 1 ] DEBUG GameApplicationServi - Initializing application scenes
23:30:15.071 [FXGL Background Thread 1 ] DEBUG GameWorld            - Game world initialized
23:30:15.105 [FXGL Background Thread 1 ] DEBUG PhysicsWorld         - Physics world initialized: appHeight=1125, physics.ppm=50,0
23:30:15.107 [FXGL Background Thread 1 ] DEBUG GameScene            - Game scene initialized: 2000x1125
23:30:15.114 [FXGL Background Thread 1 ] DEBUG FXGLAssetLoaderServi - Loading from file system: /assets/textures/bg.jpg
23:30:15.394 [FXGL Background Thread 1 ] DEBUG FXGLAssetLoaderServi - Loading from file system: /assets/textures/logo.png
23:30:15.482 [FXGL Background Thread 1 ] DEBUG FXGLAssetLoaderServi - Loading from file system: /assets/textures/particles/trace_horizontal.png
23:30:15.502 [FXGL Background Thread 1 ] DEBUG FXGL.DefaultMenu     - createMenuBodyGameMenu()
23:30:15.512 [FXGL Background Thread 1 ] DEBUG FXGL.DefaultMenu     - createOptionsMenu()
23:30:15.516 [FXGL Background Thread 1 ] DEBUG FXGL.DefaultMenu     - createExtraMenu()
23:30:15.518 [FXGL Background Thread 1 ] DEBUG FXGLAssetLoaderServi - Loading from file system: /assets/textures/particles/smoke.png
23:30:15.556 [FXGL Background Thread 1 ] DEBUG GameApplicationServi - Application scenes initialized
23:30:15.564 [FXGL Background Thread 1 ] DEBUG SystemBundleService  - Loading FXGL system data
23:30:15.567 [FXGL Background Thread 1 ] DEBUG FileSystemAccess     - Reading from: C:\Users\Andrea\Desktop\Homework\traffic-mobile\system\fxgl.bundle
23:30:15.575 [FXGL Background Thread 1 ] DEBUG SystemBundleService  - Bundle FXGL: {}
23:30:15.575 [FXGL Background Thread 1 ] DEBUG UpdaterService       - Checking for updates
23:30:15.599 [FXGL Background Thread 1 ] DEBUG FXGLApplication      - Loading default localization
23:30:15.599 [FXGL Background Thread 1 ] DEBUG FXGLAssetLoaderServi - Loading from file system: /assets/languages/english.lang
23:30:15.601 [FXGL Background Thread 4 ] DEBUG FXGLApplication      - Loading fonts
23:30:15.603 [FXGL Background Thread 4 ] DEBUG FXGLAssetLoaderServi - Loading from file system: /assets/ui/fonts/VarelaRound-Regular.ttf
23:30:15.611 [FXGL Background Thread 1 ] INFO  FXGLApplication      - FXGL initialization took: 0,663 sec
23:30:15.618 [JavaFX Application Thread] DEBUG Input                - Registered new binding: Change trafficlight status - F
23:30:15.618 [JavaFX Application Thread] DEBUG Input                - Registered new binding: Move Right - D
23:30:15.618 [JavaFX Application Thread] DEBUG Input                - Registered new binding: Move Left - A
23:30:15.618 [JavaFX Application Thread] DEBUG Input                - Registered new binding: Move Up - W
23:30:15.618 [JavaFX Application Thread] DEBUG Input                - Registered new binding: Move Down - S
23:30:15.618 [JavaFX Application Thread] DEBUG Input                - Registered new binding: Spawn Car - Space
23:30:15.619 [JavaFX Application Thread] DEBUG Input                - Registered new binding: Select and change traffic light - LMB
23:30:15.619 [JavaFX Application Thread] DEBUG FXGLAssetLoaderServi - Loading from file system: /assets/textures/fxgl_icon.png
23:30:15.627 [JavaFX Application Thread] DEBUG FXGLAssetLoaderServi - Loading from file system: /assets/ui/cursors/fxgl_default.png
23:30:15.628 [JavaFX Application Thread] DEBUG Input                - Registered new binding: Screenshot - P
23:30:15.629 [JavaFX Application Thread] DEBUG Input                - Registered new binding: Dev Options - 1
23:30:15.629 [JavaFX Application Thread] DEBUG Input                - Registered new binding: Dev Console - 2
23:30:15.630 [JavaFX Application Thread] DEBUG Input                - Registered new binding: System info dump - CTRL+9
23:30:15.630 [JavaFX Application Thread] DEBUG Input                - Registered new binding: Restart - CTRL+R
23:30:15.630 [JavaFX Application Thread] DEBUG Input                - Registered new binding: Toggle Debug Camera - CTRL+C
23:30:15.632 [JavaFX Application Thread] DEBUG LoopRunner           - Starting loop
23:30:15.642 [JavaFX Application Thread] DEBUG Input                - Clearing active input actions
23:30:15.648 [JavaFX Application Thread] DEBUG GameApplicationServi - Removing overlay from StartupScene and adding to FXGLMainMenuDummyScene
23:30:15.650 [JavaFX Application Thread] DEBUG MainWindow           - StartupScene -> FXGLMainMenuDummyScene
23:30:15.651 [JavaFX Application Thread] DEBUG MainWindow           - Push state: TrafficAppMenu
23:30:15.651 [JavaFX Application Thread] DEBUG Input                - Clearing active input actions
23:30:15.663 [JavaFX Application Thread] DEBUG GameApplicationServi - Removing overlay from FXGLMainMenuDummyScene and adding to TrafficAppMenu
23:30:15.663 [JavaFX Application Thread] DEBUG MainWindow           - FXGLMainMenuDummyScene -> TrafficAppMenu
23:30:16.103 [FXGL Background Thread 4 ] DEBUG FXGLAssetLoaderServi - Loading from file system: /assets/ui/fonts/Abel-Regular.ttf
23:30:16.106 [FXGL Background Thread 4 ] DEBUG FXGLAssetLoaderServi - Loading from file system: /assets/ui/fonts/lucida_console.ttf
23:30:16.110 [FXGL Background Thread 4 ] DEBUG FXGLAssetLoaderServi - Loading from file system: /assets/ui/fonts/Courier-Prime.ttf
23:30:16.114 [JavaFX Application Thread] DEBUG FXGLApplication      - Registering font factories with UI factory
23:30:18.336 [JavaFX Application Thread] DEBUG Menu                 - fireNewGame()
23:30:18.336 [JavaFX Application Thread] DEBUG GameApplicationServi - Starting new game
23:30:18.337 [JavaFX Application Thread] DEBUG MainWindow           - Pop state: TrafficAppMenu
23:30:18.337 [JavaFX Application Thread] DEBUG Input                - Clearing active input actions
23:30:18.338 [JavaFX Application Thread] DEBUG GameApplicationServi - Removing overlay from TrafficAppMenu and adding to FXGLMainMenuDummyScene
23:30:18.339 [JavaFX Application Thread] DEBUG MainWindow           - FXGLMainMenuDummyScene <- TrafficAppMenu
23:30:18.339 [JavaFX Application Thread] DEBUG Input                - Clearing active input actions
23:30:18.345 [JavaFX Application Thread] DEBUG GameApplicationServi - Removing overlay from FXGLMainMenuDummyScene and adding to FXGLLoadingScene
23:30:18.345 [JavaFX Application Thread] DEBUG MainWindow           - FXGLMainMenuDummyScene -> FXGLLoadingScene
23:30:18.346 [JavaFX Application Thread] DEBUG GameApplicationServi - Clearing previous game
23:30:18.346 [JavaFX Application Thread] DEBUG GameScene            - Clearing game scene
23:30:18.346 [JavaFX Application Thread] DEBUG GameWorld            - Clearing game world
23:30:18.346 [JavaFX Application Thread] DEBUG PhysicsWorld         - Clearing physics world
23:30:18.347 [FXGL Background Thread 2 ] DEBUG FXGLApplication      - Initializing game
23:30:18.354 [FXGL Background Thread 2 ] DEBUG FXGLAssetLoaderServi - Loading from file system: /assets/levels/Mappa-testing.tmx
23:30:18.374 [FXGL Background Thread 2 ] WARN  TMXLevelLoader       - TiledMap generated from 1.4.1. Supported version: 1.2.3. Some features may not be parsed fully.
23:30:18.394 [FXGL Background Thread 2 ] DEBUG TMXLevelLoader       - Parsed raw map: TiledMap(width=16, height=9, tilewidth=125, tileheight=125, orientation=orthogonal, layers=[Layer(width=16, height=9, name=Tile Layer 1, type=tilelayer, visible=false, x=0, y=0, data=[24, 24, 24, 26, 5, 28, 24, 24, 24, 24, 24, 26, 5, 28, 24, 24, 25, 25, 25, 32, 5, 34, 25, 25, 25, 25, 25, 32, 5, 34, 25, 25, 6, 6, 6, 6, 7, 6, 6, 6, 6, 6, 6, 6, 7, 6, 6, 6, 27, 27, 27, 33, 5, 21, 13, 13, 13, 13, 13, 19, 5, 35, 27, 27, 24, 24, 24, 26, 5, 14, 10, 10, 10, 10, 10, 12, 5, 28, 24, 24, 25, 25, 25, 32, 5, 20, 11, 11, 11, 11, 11, 18, 5, 34, 25, 25, 6, 6, 6, 6, 7, 6, 6, 6, 6, 6, 6, 6, 7, 6, 6, 6, 27, 27, 27, 33, 5, 35, 27, 27, 27, 27, 27, 33, 5, 35, 27, 27, 24, 24, 24, 26, 5, 28, 24, 24, 24, 24, 24, 26, 5, 28, 24, 24], objects=[], opacity=0.0, draworder=), Layer(width=0, height=0, name=spawnpoints, type=objectgroup, visible=false, x=0, y=0, data=[], objects=[com.almasb.fxgl.entity.level.tiled.TiledObject@515b49f8, com.almasb.fxgl.entity.level.tiled.TiledObject@3dae9ce2, com.almasb.fxgl.entity.level.tiled.TiledObject@703b0a7d, com.almasb.fxgl.entity.level.tiled.TiledObject@66346b3e, com.almasb.fxgl.entity.level.tiled.TiledObject@6d2bfa89, com.almasb.fxgl.entity.level.tiled.TiledObject@242b3242, com.almasb.fxgl.entity.level.tiled.TiledObject@c6bbc58, com.almasb.fxgl.entity.level.tiled.TiledObject@49c34b70], opacity=0.0, draworder=), Layer(width=0, height=0, name=paths, type=objectgroup, visible=false, x=0, y=0, data=[], objects=[com.almasb.fxgl.entity.level.tiled.TiledObject@7b0e1f73, com.almasb.fxgl.entity.level.tiled.TiledObject@6ca9b72, com.almasb.fxgl.entity.level.tiled.TiledObject@57127e8f, com.almasb.fxgl.entity.level.tiled.TiledObject@45937d6, com.almasb.fxgl.entity.level.tiled.TiledObject@f2745a9, com.almasb.fxgl.entity.level.tiled.TiledObject@5de44e34, com.almasb.fxgl.entity.level.tiled.TiledObject@1946a501, com.almasb.fxgl.entity.level.tiled.TiledObject@546cc678, com.almasb.fxgl.entity.level.tiled.TiledObject@61d3db51, com.almasb.fxgl.entity.level.tiled.TiledObject@1e39acb1, com.almasb.fxgl.entity.level.tiled.TiledObject@327b6cda, com.almasb.fxgl.entity.level.tiled.TiledObject@9633eb, com.almasb.fxgl.entity.level.tiled.TiledObject@7f6079fb, com.almasb.fxgl.entity.level.tiled.TiledObject@2cef0e82, com.almasb.fxgl.entity.level.tiled.TiledObject@451bba79, com.almasb.fxgl.entity.level.tiled.TiledObject@7423d05a, com.almasb.fxgl.entity.level.tiled.TiledObject@8f0d084, com.almasb.fxgl.entity.level.tiled.TiledObject@5cbf5406, com.almasb.fxgl.entity.level.tiled.TiledObject@44eff59a, com.almasb.fxgl.entity.level.tiled.TiledObject@2e245c5d, com.almasb.fxgl.entity.level.tiled.TiledObject@20dedded, com.almasb.fxgl.entity.level.tiled.TiledObject@6e7b294, com.almasb.fxgl.entity.level.tiled.TiledObject@3d9fc4f7, com.almasb.fxgl.entity.level.tiled.TiledObject@3155a1ad], opacity=0.0, draworder=), Layer(width=0, height=0, name=Incroci, type=objectgroup, visible=false, x=0, y=0, data=[], objects=[com.almasb.fxgl.entity.level.tiled.TiledObject@673233df, com.almasb.fxgl.entity.level.tiled.TiledObject@5cfa4ebf, com.almasb.fxgl.entity.level.tiled.TiledObject@1f0181ab, com.almasb.fxgl.entity.level.tiled.TiledObject@345132f], opacity=0.0, draworder=), Layer(width=0, height=0, name=trafficLight, type=objectgroup, visible=false, x=0, y=0, data=[], objects=[com.almasb.fxgl.entity.level.tiled.TiledObject@759f7453, com.almasb.fxgl.entity.level.tiled.TiledObject@7b9e43e9, com.almasb.fxgl.entity.level.tiled.TiledObject@688189e8, com.almasb.fxgl.entity.level.tiled.TiledObject@437623bc, com.almasb.fxgl.entity.level.tiled.TiledObject@4dc5ea6d, com.almasb.fxgl.entity.level.tiled.TiledObject@444d6937, com.almasb.fxgl.entity.level.tiled.TiledObject@2067669f, com.almasb.fxgl.entity.level.tiled.TiledObject@527edaec, com.almasb.fxgl.entity.level.tiled.TiledObject@308ad44c, com.almasb.fxgl.entity.level.tiled.TiledObject@1fa117bb, com.almasb.fxgl.entity.level.tiled.TiledObject@469c94e, com.almasb.fxgl.entity.level.tiled.TiledObject@20e4da95, com.almasb.fxgl.entity.level.tiled.TiledObject@462a4271, com.almasb.fxgl.entity.level.tiled.TiledObject@51a189c0, com.almasb.fxgl.entity.level.tiled.TiledObject@1bc81903, com.almasb.fxgl.entity.level.tiled.TiledObject@1dfe589d], opacity=0.0, draworder=)], tilesets=[Tileset(firstgid=1, image=../textures/rsz_tiles_sheet.png, name=rsz_tiles_sheet, tilewidth=125, tileheight=125, imagewidth=875, imageheight=750, margin=0, spacing=0, columns=7, tilecount=42, transparentcolor=41ffef, tiles=[])], backgroundcolor=, renderorder=left-up, nextobjectid=66, version=1, tiledversion=1.4.1, type=map, infinite=false, hexsidelength=0, staggeraxis=, staggerindex=, properties={}, propertytypes={})
23:30:18.395 [FXGL Background Thread 2 ] DEBUG TMXLevelLoader       - Creating tile layer entities
23:30:18.395 [FXGL Background Thread 2 ] DEBUG TilesetLoader        - Loading view for layer Tile Layer 1
23:30:18.399 [FXGL Background Thread 2 ] DEBUG TilesetLoader        - Created buffer with size 2000.0x1125.0
23:30:18.537 [FXGL Background Thread 2 ] DEBUG TilesetLoader        - Writing to buffer: dst=0,0, w=125,h=125, src=250,375
23:30:18.537 [FXGL Background Thread 2 ] DEBUG TilesetLoader        - Writing to buffer: dst=125,0, w=125,h=125, src=250,375
23:30:18.538 [FXGL Background Thread 2 ] DEBUG TilesetLoader        - Writing to buffer: dst=250,0, w=125,h=125, src=250,375
23:30:18.538 [FXGL Background Thread 2 ] DEBUG TilesetLoader        - Writing to buffer: dst=375,0, w=125,h=125, src=500,375
23:30:18.538 [FXGL Background Thread 2 ] DEBUG TilesetLoader        - Writing to buffer: dst=500,0, w=125,h=125, src=500,0
23:30:18.538 [FXGL Background Thread 2 ] DEBUG TilesetLoader        - Writing to buffer: dst=625,0, w=125,h=125, src=750,375
23:30:18.538 [FXGL Background Thread 2 ] DEBUG TilesetLoader        - Writing to buffer: dst=750,0, w=125,h=125, src=250,375
23:30:18.538 [FXGL Background Thread 2 ] DEBUG TilesetLoader        - Writing to buffer: dst=875,0, w=125,h=125, src=250,375
23:30:18.538 [FXGL Background Thread 2 ] DEBUG TilesetLoader        - Writing to buffer: dst=1000,0, w=125,h=125, src=250,375
23:30:18.539 [FXGL Background Thread 2 ] DEBUG TilesetLoader        - Writing to buffer: dst=1125,0, w=125,h=125, src=250,375
23:30:18.539 [FXGL Background Thread 2 ] DEBUG TilesetLoader        - Writing to buffer: dst=1250,0, w=125,h=125, src=250,375
23:30:18.539 [FXGL Background Thread 2 ] DEBUG TilesetLoader        - Writing to buffer: dst=1375,0, w=125,h=125, src=500,375
23:30:18.539 [FXGL Background Thread 2 ] DEBUG TilesetLoader        - Writing to buffer: dst=1500,0, w=125,h=125, src=500,0
23:30:18.539 [FXGL Background Thread 2 ] DEBUG TilesetLoader        - Writing to buffer: dst=1625,0, w=125,h=125, src=750,375
23:30:18.539 [FXGL Background Thread 2 ] DEBUG TilesetLoader        - Writing to buffer: dst=1750,0, w=125,h=125, src=250,375
23:30:18.540 [FXGL Background Thread 2 ] DEBUG TilesetLoader        - Writing to buffer: dst=1875,0, w=125,h=125, src=250,375
23:30:18.540 [FXGL Background Thread 2 ] DEBUG TilesetLoader        - Writing to buffer: dst=0,125, w=125,h=125, src=375,375
23:30:18.540 [FXGL Background Thread 2 ] DEBUG TilesetLoader        - Writing to buffer: dst=125,125, w=125,h=125, src=375,375
23:30:18.540 [FXGL Background Thread 2 ] DEBUG TilesetLoader        - Writing to buffer: dst=250,125, w=125,h=125, src=375,375
23:30:18.540 [FXGL Background Thread 2 ] DEBUG TilesetLoader        - Writing to buffer: dst=375,125, w=125,h=125, src=375,500
23:30:18.540 [FXGL Background Thread 2 ] DEBUG TilesetLoader        - Writing to buffer: dst=500,125, w=125,h=125, src=500,0
23:30:18.540 [FXGL Background Thread 2 ] DEBUG TilesetLoader        - Writing to buffer: dst=625,125, w=125,h=125, src=625,500
23:30:18.540 [FXGL Background Thread 2 ] DEBUG TilesetLoader        - Writing to buffer: dst=750,125, w=125,h=125, src=375,375
23:30:18.541 [FXGL Background Thread 2 ] DEBUG TilesetLoader        - Writing to buffer: dst=875,125, w=125,h=125, src=375,375
23:30:18.541 [FXGL Background Thread 2 ] DEBUG TilesetLoader        - Writing to buffer: dst=1000,125, w=125,h=125, src=375,375
23:30:18.541 [FXGL Background Thread 2 ] DEBUG TilesetLoader        - Writing to buffer: dst=1125,125, w=125,h=125, src=375,375
23:30:18.541 [FXGL Background Thread 2 ] DEBUG TilesetLoader        - Writing to buffer: dst=1250,125, w=125,h=125, src=375,375
23:30:18.542 [FXGL Background Thread 2 ] DEBUG TilesetLoader        - Writing to buffer: dst=1375,125, w=125,h=125, src=375,500
23:30:18.542 [FXGL Background Thread 2 ] DEBUG TilesetLoader        - Writing to buffer: dst=1500,125, w=125,h=125, src=500,0
23:30:18.542 [FXGL Background Thread 2 ] DEBUG TilesetLoader        - Writing to buffer: dst=1625,125, w=125,h=125, src=625,500
23:30:18.542 [FXGL Background Thread 2 ] DEBUG TilesetLoader        - Writing to buffer: dst=1750,125, w=125,h=125, src=375,375
23:30:18.542 [FXGL Background Thread 2 ] DEBUG TilesetLoader        - Writing to buffer: dst=1875,125, w=125,h=125, src=375,375
23:30:18.542 [FXGL Background Thread 2 ] DEBUG TilesetLoader        - Writing to buffer: dst=0,250, w=125,h=125, src=625,0
23:30:18.542 [FXGL Background Thread 2 ] DEBUG TilesetLoader        - Writing to buffer: dst=125,250, w=125,h=125, src=625,0
23:30:18.543 [FXGL Background Thread 2 ] DEBUG TilesetLoader        - Writing to buffer: dst=250,250, w=125,h=125, src=625,0
23:30:18.543 [FXGL Background Thread 2 ] DEBUG TilesetLoader        - Writing to buffer: dst=375,250, w=125,h=125, src=625,0
23:30:18.543 [FXGL Background Thread 2 ] DEBUG TilesetLoader        - Writing to buffer: dst=500,250, w=125,h=125, src=750,0
23:30:18.543 [FXGL Background Thread 2 ] DEBUG TilesetLoader        - Writing to buffer: dst=625,250, w=125,h=125, src=625,0
23:30:18.544 [FXGL Background Thread 2 ] DEBUG TilesetLoader        - Writing to buffer: dst=750,250, w=125,h=125, src=625,0
23:30:18.544 [FXGL Background Thread 2 ] DEBUG TilesetLoader        - Writing to buffer: dst=875,250, w=125,h=125, src=625,0
23:30:18.544 [FXGL Background Thread 2 ] DEBUG TilesetLoader        - Writing to buffer: dst=1000,250, w=125,h=125, src=625,0
23:30:18.544 [FXGL Background Thread 2 ] DEBUG TilesetLoader        - Writing to buffer: dst=1125,250, w=125,h=125, src=625,0
23:30:18.544 [FXGL Background Thread 2 ] DEBUG TilesetLoader        - Writing to buffer: dst=1250,250, w=125,h=125, src=625,0
23:30:18.544 [FXGL Background Thread 2 ] DEBUG TilesetLoader        - Writing to buffer: dst=1375,250, w=125,h=125, src=625,0
23:30:18.544 [FXGL Background Thread 2 ] DEBUG TilesetLoader        - Writing to buffer: dst=1500,250, w=125,h=125, src=750,0
23:30:18.545 [FXGL Background Thread 2 ] DEBUG TilesetLoader        - Writing to buffer: dst=1625,250, w=125,h=125, src=625,0
23:30:18.545 [FXGL Background Thread 2 ] DEBUG TilesetLoader        - Writing to buffer: dst=1750,250, w=125,h=125, src=625,0
23:30:18.545 [FXGL Background Thread 2 ] DEBUG TilesetLoader        - Writing to buffer: dst=1875,250, w=125,h=125, src=625,0
23:30:18.545 [FXGL Background Thread 2 ] DEBUG TilesetLoader        - Writing to buffer: dst=0,375, w=125,h=125, src=625,375
23:30:18.545 [FXGL Background Thread 2 ] DEBUG TilesetLoader        - Writing to buffer: dst=125,375, w=125,h=125, src=625,375
23:30:18.545 [FXGL Background Thread 2 ] DEBUG TilesetLoader        - Writing to buffer: dst=250,375, w=125,h=125, src=625,375
23:30:18.545 [FXGL Background Thread 2 ] DEBUG TilesetLoader        - Writing to buffer: dst=375,375, w=125,h=125, src=500,500
23:30:18.545 [FXGL Background Thread 2 ] DEBUG TilesetLoader        - Writing to buffer: dst=500,375, w=125,h=125, src=500,0
23:30:18.546 [FXGL Background Thread 2 ] DEBUG TilesetLoader        - Writing to buffer: dst=625,375, w=125,h=125, src=750,250
23:30:18.546 [FXGL Background Thread 2 ] DEBUG TilesetLoader        - Writing to buffer: dst=750,375, w=125,h=125, src=625,125
23:30:18.546 [FXGL Background Thread 2 ] DEBUG TilesetLoader        - Writing to buffer: dst=875,375, w=125,h=125, src=625,125
23:30:18.546 [FXGL Background Thread 2 ] DEBUG TilesetLoader        - Writing to buffer: dst=1000,375, w=125,h=125, src=625,125
23:30:18.546 [FXGL Background Thread 2 ] DEBUG TilesetLoader        - Writing to buffer: dst=1125,375, w=125,h=125, src=625,125
23:30:18.546 [FXGL Background Thread 2 ] DEBUG TilesetLoader        - Writing to buffer: dst=1250,375, w=125,h=125, src=625,125
23:30:18.546 [FXGL Background Thread 2 ] DEBUG TilesetLoader        - Writing to buffer: dst=1375,375, w=125,h=125, src=500,250
23:30:18.546 [FXGL Background Thread 2 ] DEBUG TilesetLoader        - Writing to buffer: dst=1500,375, w=125,h=125, src=500,0
23:30:18.547 [FXGL Background Thread 2 ] DEBUG TilesetLoader        - Writing to buffer: dst=1625,375, w=125,h=125, src=750,500
23:30:18.547 [FXGL Background Thread 2 ] DEBUG TilesetLoader        - Writing to buffer: dst=1750,375, w=125,h=125, src=625,375
23:30:18.547 [FXGL Background Thread 2 ] DEBUG TilesetLoader        - Writing to buffer: dst=1875,375, w=125,h=125, src=625,375
23:30:18.547 [FXGL Background Thread 2 ] DEBUG TilesetLoader        - Writing to buffer: dst=0,500, w=125,h=125, src=250,375
23:30:18.547 [FXGL Background Thread 2 ] DEBUG TilesetLoader        - Writing to buffer: dst=125,500, w=125,h=125, src=250,375
23:30:18.547 [FXGL Background Thread 2 ] DEBUG TilesetLoader        - Writing to buffer: dst=250,500, w=125,h=125, src=250,375
23:30:18.547 [FXGL Background Thread 2 ] DEBUG TilesetLoader        - Writing to buffer: dst=375,500, w=125,h=125, src=500,375
23:30:18.547 [FXGL Background Thread 2 ] DEBUG TilesetLoader        - Writing to buffer: dst=500,500, w=125,h=125, src=500,0
23:30:18.547 [FXGL Background Thread 2 ] DEBUG TilesetLoader        - Writing to buffer: dst=625,500, w=125,h=125, src=750,125
23:30:18.548 [FXGL Background Thread 2 ] DEBUG TilesetLoader        - Writing to buffer: dst=750,500, w=125,h=125, src=250,125
23:30:18.548 [FXGL Background Thread 2 ] DEBUG TilesetLoader        - Writing to buffer: dst=875,500, w=125,h=125, src=250,125
23:30:18.548 [FXGL Background Thread 2 ] DEBUG TilesetLoader        - Writing to buffer: dst=1000,500, w=125,h=125, src=250,125
23:30:18.548 [FXGL Background Thread 2 ] DEBUG TilesetLoader        - Writing to buffer: dst=1125,500, w=125,h=125, src=250,125
23:30:18.548 [FXGL Background Thread 2 ] DEBUG TilesetLoader        - Writing to buffer: dst=1250,500, w=125,h=125, src=250,125
23:30:18.548 [FXGL Background Thread 2 ] DEBUG TilesetLoader        - Writing to buffer: dst=1375,500, w=125,h=125, src=500,125
23:30:18.548 [FXGL Background Thread 2 ] DEBUG TilesetLoader        - Writing to buffer: dst=1500,500, w=125,h=125, src=500,0
23:30:18.548 [FXGL Background Thread 2 ] DEBUG TilesetLoader        - Writing to buffer: dst=1625,500, w=125,h=125, src=750,375
23:30:18.548 [FXGL Background Thread 2 ] DEBUG TilesetLoader        - Writing to buffer: dst=1750,500, w=125,h=125, src=250,375
23:30:18.549 [FXGL Background Thread 2 ] DEBUG TilesetLoader        - Writing to buffer: dst=1875,500, w=125,h=125, src=250,375
23:30:18.549 [FXGL Background Thread 2 ] DEBUG TilesetLoader        - Writing to buffer: dst=0,625, w=125,h=125, src=375,375
23:30:18.549 [FXGL Background Thread 2 ] DEBUG TilesetLoader        - Writing to buffer: dst=125,625, w=125,h=125, src=375,375
23:30:18.549 [FXGL Background Thread 2 ] DEBUG TilesetLoader        - Writing to buffer: dst=250,625, w=125,h=125, src=375,375
23:30:18.549 [FXGL Background Thread 2 ] DEBUG TilesetLoader        - Writing to buffer: dst=375,625, w=125,h=125, src=375,500
23:30:18.549 [FXGL Background Thread 2 ] DEBUG TilesetLoader        - Writing to buffer: dst=500,625, w=125,h=125, src=500,0
23:30:18.549 [FXGL Background Thread 2 ] DEBUG TilesetLoader        - Writing to buffer: dst=625,625, w=125,h=125, src=625,250
23:30:18.549 [FXGL Background Thread 2 ] DEBUG TilesetLoader        - Writing to buffer: dst=750,625, w=125,h=125, src=375,125
23:30:18.549 [FXGL Background Thread 2 ] DEBUG TilesetLoader        - Writing to buffer: dst=875,625, w=125,h=125, src=375,125
23:30:18.550 [FXGL Background Thread 2 ] DEBUG TilesetLoader        - Writing to buffer: dst=1000,625, w=125,h=125, src=375,125
23:30:18.550 [FXGL Background Thread 2 ] DEBUG TilesetLoader        - Writing to buffer: dst=1125,625, w=125,h=125, src=375,125
23:30:18.550 [FXGL Background Thread 2 ] DEBUG TilesetLoader        - Writing to buffer: dst=1250,625, w=125,h=125, src=375,125
23:30:18.550 [FXGL Background Thread 2 ] DEBUG TilesetLoader        - Writing to buffer: dst=1375,625, w=125,h=125, src=375,250
23:30:18.550 [FXGL Background Thread 2 ] DEBUG TilesetLoader        - Writing to buffer: dst=1500,625, w=125,h=125, src=500,0
23:30:18.550 [FXGL Background Thread 2 ] DEBUG TilesetLoader        - Writing to buffer: dst=1625,625, w=125,h=125, src=625,500
23:30:18.550 [FXGL Background Thread 2 ] DEBUG TilesetLoader        - Writing to buffer: dst=1750,625, w=125,h=125, src=375,375
23:30:18.550 [FXGL Background Thread 2 ] DEBUG TilesetLoader        - Writing to buffer: dst=1875,625, w=125,h=125, src=375,375
23:30:18.550 [FXGL Background Thread 2 ] DEBUG TilesetLoader        - Writing to buffer: dst=0,750, w=125,h=125, src=625,0
23:30:18.551 [FXGL Background Thread 2 ] DEBUG TilesetLoader        - Writing to buffer: dst=125,750, w=125,h=125, src=625,0
23:30:18.551 [FXGL Background Thread 2 ] DEBUG TilesetLoader        - Writing to buffer: dst=250,750, w=125,h=125, src=625,0
23:30:18.551 [FXGL Background Thread 2 ] DEBUG TilesetLoader        - Writing to buffer: dst=375,750, w=125,h=125, src=625,0
23:30:18.551 [FXGL Background Thread 2 ] DEBUG TilesetLoader        - Writing to buffer: dst=500,750, w=125,h=125, src=750,0
23:30:18.551 [FXGL Background Thread 2 ] DEBUG TilesetLoader        - Writing to buffer: dst=625,750, w=125,h=125, src=625,0
23:30:18.551 [FXGL Background Thread 2 ] DEBUG TilesetLoader        - Writing to buffer: dst=750,750, w=125,h=125, src=625,0
23:30:18.551 [FXGL Background Thread 2 ] DEBUG TilesetLoader        - Writing to buffer: dst=875,750, w=125,h=125, src=625,0
23:30:18.551 [FXGL Background Thread 2 ] DEBUG TilesetLoader        - Writing to buffer: dst=1000,750, w=125,h=125, src=625,0
23:30:18.551 [FXGL Background Thread 2 ] DEBUG TilesetLoader        - Writing to buffer: dst=1125,750, w=125,h=125, src=625,0
23:30:18.551 [FXGL Background Thread 2 ] DEBUG TilesetLoader        - Writing to buffer: dst=1250,750, w=125,h=125, src=625,0
23:30:18.551 [FXGL Background Thread 2 ] DEBUG TilesetLoader        - Writing to buffer: dst=1375,750, w=125,h=125, src=625,0
23:30:18.552 [FXGL Background Thread 2 ] DEBUG TilesetLoader        - Writing to buffer: dst=1500,750, w=125,h=125, src=750,0
23:30:18.552 [FXGL Background Thread 2 ] DEBUG TilesetLoader        - Writing to buffer: dst=1625,750, w=125,h=125, src=625,0
23:30:18.552 [FXGL Background Thread 2 ] DEBUG TilesetLoader        - Writing to buffer: dst=1750,750, w=125,h=125, src=625,0
23:30:18.552 [FXGL Background Thread 2 ] DEBUG TilesetLoader        - Writing to buffer: dst=1875,750, w=125,h=125, src=625,0
23:30:18.552 [FXGL Background Thread 2 ] DEBUG TilesetLoader        - Writing to buffer: dst=0,875, w=125,h=125, src=625,375
23:30:18.552 [FXGL Background Thread 2 ] DEBUG TilesetLoader        - Writing to buffer: dst=125,875, w=125,h=125, src=625,375
23:30:18.552 [FXGL Background Thread 2 ] DEBUG TilesetLoader        - Writing to buffer: dst=250,875, w=125,h=125, src=625,375
23:30:18.552 [FXGL Background Thread 2 ] DEBUG TilesetLoader        - Writing to buffer: dst=375,875, w=125,h=125, src=500,500
23:30:18.552 [FXGL Background Thread 2 ] DEBUG TilesetLoader        - Writing to buffer: dst=500,875, w=125,h=125, src=500,0
23:30:18.552 [FXGL Background Thread 2 ] DEBUG TilesetLoader        - Writing to buffer: dst=625,875, w=125,h=125, src=750,500
23:30:18.552 [FXGL Background Thread 2 ] DEBUG TilesetLoader        - Writing to buffer: dst=750,875, w=125,h=125, src=625,375
23:30:18.553 [FXGL Background Thread 2 ] DEBUG TilesetLoader        - Writing to buffer: dst=875,875, w=125,h=125, src=625,375
23:30:18.553 [FXGL Background Thread 2 ] DEBUG TilesetLoader        - Writing to buffer: dst=1000,875, w=125,h=125, src=625,375
23:30:18.553 [FXGL Background Thread 2 ] DEBUG TilesetLoader        - Writing to buffer: dst=1125,875, w=125,h=125, src=625,375
23:30:18.553 [FXGL Background Thread 2 ] DEBUG TilesetLoader        - Writing to buffer: dst=1250,875, w=125,h=125, src=625,375
23:30:18.554 [FXGL Background Thread 2 ] DEBUG TilesetLoader        - Writing to buffer: dst=1375,875, w=125,h=125, src=500,500
23:30:18.554 [FXGL Background Thread 2 ] DEBUG TilesetLoader        - Writing to buffer: dst=1500,875, w=125,h=125, src=500,0
23:30:18.554 [FXGL Background Thread 2 ] DEBUG TilesetLoader        - Writing to buffer: dst=1625,875, w=125,h=125, src=750,500
23:30:18.554 [FXGL Background Thread 2 ] DEBUG TilesetLoader        - Writing to buffer: dst=1750,875, w=125,h=125, src=625,375
23:30:18.554 [FXGL Background Thread 2 ] DEBUG TilesetLoader        - Writing to buffer: dst=1875,875, w=125,h=125, src=625,375
23:30:18.554 [FXGL Background Thread 2 ] DEBUG TilesetLoader        - Writing to buffer: dst=0,1000, w=125,h=125, src=250,375
23:30:18.554 [FXGL Background Thread 2 ] DEBUG TilesetLoader        - Writing to buffer: dst=125,1000, w=125,h=125, src=250,375
23:30:18.555 [FXGL Background Thread 2 ] DEBUG TilesetLoader        - Writing to buffer: dst=250,1000, w=125,h=125, src=250,375
23:30:18.555 [FXGL Background Thread 2 ] DEBUG TilesetLoader        - Writing to buffer: dst=375,1000, w=125,h=125, src=500,375
23:30:18.555 [FXGL Background Thread 2 ] DEBUG TilesetLoader        - Writing to buffer: dst=500,1000, w=125,h=125, src=500,0
23:30:18.555 [FXGL Background Thread 2 ] DEBUG TilesetLoader        - Writing to buffer: dst=625,1000, w=125,h=125, src=750,375
23:30:18.555 [FXGL Background Thread 2 ] DEBUG TilesetLoader        - Writing to buffer: dst=750,1000, w=125,h=125, src=250,375
23:30:18.555 [FXGL Background Thread 2 ] DEBUG TilesetLoader        - Writing to buffer: dst=875,1000, w=125,h=125, src=250,375
23:30:18.555 [FXGL Background Thread 2 ] DEBUG TilesetLoader        - Writing to buffer: dst=1000,1000, w=125,h=125, src=250,375
23:30:18.555 [FXGL Background Thread 2 ] DEBUG TilesetLoader        - Writing to buffer: dst=1125,1000, w=125,h=125, src=250,375
23:30:18.556 [FXGL Background Thread 2 ] DEBUG TilesetLoader        - Writing to buffer: dst=1250,1000, w=125,h=125, src=250,375
23:30:18.556 [FXGL Background Thread 2 ] DEBUG TilesetLoader        - Writing to buffer: dst=1375,1000, w=125,h=125, src=500,375
23:30:18.556 [FXGL Background Thread 2 ] DEBUG TilesetLoader        - Writing to buffer: dst=1500,1000, w=125,h=125, src=500,0
23:30:18.556 [FXGL Background Thread 2 ] DEBUG TilesetLoader        - Writing to buffer: dst=1625,1000, w=125,h=125, src=750,375
23:30:18.556 [FXGL Background Thread 2 ] DEBUG TilesetLoader        - Writing to buffer: dst=1750,1000, w=125,h=125, src=250,375
23:30:18.556 [FXGL Background Thread 2 ] DEBUG TilesetLoader        - Writing to buffer: dst=1875,1000, w=125,h=125, src=250,375
23:30:18.557 [FXGL Background Thread 2 ] DEBUG TMXLevelLoader       - Creating object layer entities
23:30:18.596 [FXGL Background Thread 2 ] DEBUG FXGLAssetLoaderServi - Loading from file system: /assets/textures/semaforoRosso-01.png
23:30:18.598 [FXGL Background Thread 3 ] DEBUG Engine               - Logging environment variables
23:30:18.598 [FXGL Background Thread 2 ] DEBUG FXGLAssetLoaderServi - Loading from file system: /assets/textures/semaforoVerde-01.png
23:30:18.601 [FXGL Background Thread 2 ] DEBUG FXGLAssetLoaderServi - Loading from cache: /assets/textures/semaforoRosso-01.png
23:30:18.601 [FXGL Background Thread 2 ] DEBUG FXGLAssetLoaderServi - Loading from cache: /assets/textures/semaforoVerde-01.png
23:30:18.602 [FXGL Background Thread 2 ] DEBUG FXGLAssetLoaderServi - Loading from cache: /assets/textures/semaforoRosso-01.png
23:30:18.602 [FXGL Background Thread 2 ] DEBUG FXGLAssetLoaderServi - Loading from cache: /assets/textures/semaforoVerde-01.png
23:30:18.601 [FXGL Background Thread 3 ] DEBUG Engine               - achievements: []
23:30:18.603 [FXGL Background Thread 2 ] DEBUG FXGLAssetLoaderServi - Loading from cache: /assets/textures/semaforoRosso-01.png
23:30:18.602 [FXGL Background Thread 3 ] DEBUG Engine               - appIcon: fxgl_icon.png
23:30:18.603 [FXGL Background Thread 2 ] DEBUG FXGLAssetLoaderServi - Loading from cache: /assets/textures/semaforoVerde-01.png
23:30:18.603 [FXGL Background Thread 3 ] DEBUG Engine               - applicationMode: DEVELOPER
23:30:18.603 [FXGL Background Thread 3 ] DEBUG Engine               - cSSList: [fxgl_dark.css]
23:30:18.603 [FXGL Background Thread 3 ] DEBUG Engine               - configClass: Optional.empty
23:30:18.604 [FXGL Background Thread 2 ] DEBUG FXGLAssetLoaderServi - Loading from file system: /assets/textures/semaforoRosso-04.png
23:30:18.604 [FXGL Background Thread 3 ] DEBUG Engine               - credits: []
23:30:18.604 [FXGL Background Thread 3 ] DEBUG Engine               - devBBoxColorProperty: ObjectProperty [value: 0xff0000ff]
23:30:18.604 [FXGL Background Thread 3 ] DEBUG Engine               - devEnableDebugCameraProperty: BooleanProperty [value: false]
23:30:18.604 [FXGL Background Thread 3 ] DEBUG Engine               - devSensorColorProperty: ObjectProperty [value: 0xffff00ff]
23:30:18.604 [FXGL Background Thread 3 ] DEBUG Engine               - devShowBBoxProperty: BooleanProperty [value: false]
23:30:18.605 [FXGL Background Thread 3 ] DEBUG Engine               - devShowPositionProperty: BooleanProperty [value: false]
23:30:18.606 [FXGL Background Thread 2 ] DEBUG FXGLAssetLoaderServi - Loading from file system: /assets/textures/semaforoVerde-04.png
23:30:18.605 [FXGL Background Thread 3 ] DEBUG Engine               - enabledMenuItems: [SAVE_LOAD, EXTRA, ONLINE]
23:30:18.606 [FXGL Background Thread 3 ] DEBUG Engine               - engineServices: [class com.almasb.fxgl.app.FXGLApplication$GameApplicationService, class com.almasb.fxgl.app.services.FXGLDialogService, class com.almasb.fxgl.app.services.IOTaskExecutorService, class com.almasb.fxgl.event.EventBusService, class com.almasb.fxgl.io.FileSystemService, class com.almasb.fxgl.localization.LocalizationService, class com.almasb.fxgl.app.services.FXGLAssetLoaderService, class com.almasb.fxgl.app.services.SystemBundleService, class com.almasb.fxgl.profile.SaveLoadService, class com.almasb.fxgl.ui.FXGLUIFactoryServiceProvider, class com.almasb.fxgl.ui.FXGLDialogFactoryServiceProvider, class com.almasb.fxgl.audio.AudioPlayer, class com.almasb.fxgl.notification.impl.NotificationServiceProvider, class com.almasb.fxgl.achievement.AchievementService, class com.almasb.fxgl.cutscene.CutsceneService, class com.almasb.fxgl.minigames.MiniGameService, class com.almasb.fxgl.net.NetService, class com.almasb.fxgl.app.services.UpdaterService, class com.almasb.fxgl.dev.DevService]
23:30:18.606 [FXGL Background Thread 3 ] DEBUG Engine               - fontGame: Abel-Regular.ttf
23:30:18.607 [FXGL Background Thread 3 ] DEBUG Engine               - fontMono: lucida_console.ttf
23:30:18.607 [FXGL Background Thread 3 ] DEBUG Engine               - fontText: Courier-Prime.ttf
23:30:18.607 [FXGL Background Thread 3 ] DEBUG Engine               - fontUI: VarelaRound-Regular.ttf
23:30:18.607 [FXGL Background Thread 3 ] DEBUG Engine               - fullScreen: BooleanProperty [value: false]
23:30:18.607 [FXGL Background Thread 3 ] DEBUG Engine               - gameDifficulty: MEDIUM
23:30:18.607 [FXGL Background Thread 3 ] DEBUG Engine               - gameDifficultyProperty: ObjectProperty [value: MEDIUM]
23:30:18.607 [FXGL Background Thread 3 ] DEBUG Engine               - globalMusicVolume: 0.5
23:30:18.607 [FXGL Background Thread 3 ] DEBUG Engine               - globalMusicVolumeProperty: DoubleProperty [value: 0.5]
23:30:18.607 [FXGL Background Thread 3 ] DEBUG Engine               - globalSoundVolume: 0.5
23:30:18.607 [FXGL Background Thread 3 ] DEBUG Engine               - globalSoundVolumeProperty: DoubleProperty [value: 0.5]
23:30:18.608 [FXGL Background Thread 3 ] DEBUG Engine               - height: 1125
23:30:18.608 [FXGL Background Thread 3 ] DEBUG Engine               - isAndroid: false
23:30:18.608 [FXGL Background Thread 3 ] DEBUG Engine               - isBrowser: false
23:30:18.608 [FXGL Background Thread 2 ] DEBUG FXGLAssetLoaderServi - Loading from cache: /assets/textures/semaforoRosso-04.png
23:30:18.608 [FXGL Background Thread 3 ] DEBUG Engine               - isClickFeedbackEnabled: false
23:30:18.608 [FXGL Background Thread 3 ] DEBUG Engine               - isCloseConfirmation: false
23:30:18.608 [FXGL Background Thread 3 ] DEBUG Engine               - isDesktop: true
23:30:18.608 [FXGL Background Thread 2 ] DEBUG FXGLAssetLoaderServi - Loading from cache: /assets/textures/semaforoVerde-04.png
23:30:18.608 [FXGL Background Thread 3 ] DEBUG Engine               - isDeveloperMenuEnabled: true
23:30:18.608 [FXGL Background Thread 3 ] DEBUG Engine               - isEntityPreloadEnabled: true
23:30:18.608 [FXGL Background Thread 3 ] DEBUG Engine               - isExperimentalNative: false
23:30:18.608 [FXGL Background Thread 3 ] DEBUG Engine               - isExperimentalTiledLargeMap: false
23:30:18.608 [FXGL Background Thread 3 ] DEBUG Engine               - isFileSystemWriteAllowed: true
23:30:18.609 [FXGL Background Thread 2 ] DEBUG FXGLAssetLoaderServi - Loading from cache: /assets/textures/semaforoRosso-04.png
23:30:18.609 [FXGL Background Thread 3 ] DEBUG Engine               - isFullScreenAllowed: false
23:30:18.609 [FXGL Background Thread 2 ] DEBUG FXGLAssetLoaderServi - Loading from cache: /assets/textures/semaforoVerde-04.png
23:30:18.609 [FXGL Background Thread 3 ] DEBUG Engine               - isFullScreenFromStart: false
23:30:18.609 [FXGL Background Thread 3 ] DEBUG Engine               - isGameMenuEnabled: true
23:30:18.609 [FXGL Background Thread 3 ] DEBUG Engine               - isIOS: false
23:30:18.609 [FXGL Background Thread 3 ] DEBUG Engine               - isIntroEnabled: false
23:30:18.609 [FXGL Background Thread 3 ] DEBUG Engine               - isLinux: false
23:30:18.609 [FXGL Background Thread 3 ] DEBUG Engine               - isMac: false
23:30:18.609 [FXGL Background Thread 3 ] DEBUG Engine               - isMainMenuEnabled: true
23:30:18.610 [FXGL Background Thread 3 ] DEBUG Engine               - isManualResizeEnabled: true
23:30:18.610 [FXGL Background Thread 3 ] DEBUG Engine               - isMobile: false
23:30:18.610 [FXGL Background Thread 3 ] DEBUG Engine               - isPreserveResizeRatio: true
23:30:18.610 [FXGL Background Thread 2 ] DEBUG FXGLAssetLoaderServi - Loading from cache: /assets/textures/semaforoRosso-04.png
23:30:18.610 [FXGL Background Thread 3 ] DEBUG Engine               - isProfilingEnabled: false
23:30:18.610 [FXGL Background Thread 2 ] DEBUG FXGLAssetLoaderServi - Loading from cache: /assets/textures/semaforoVerde-04.png
23:30:18.610 [FXGL Background Thread 2 ] DEBUG FXGLAssetLoaderServi - Loading from file system: /assets/textures/semaforoRosso-03.png
23:30:18.610 [FXGL Background Thread 3 ] DEBUG Engine               - isSingleStep: false
23:30:18.611 [FXGL Background Thread 3 ] DEBUG Engine               - isUserProfileEnabled: false
23:30:18.611 [FXGL Background Thread 3 ] DEBUG Engine               - isWindows: true
23:30:18.611 [FXGL Background Thread 3 ] DEBUG Engine               - language: ObjectProperty [value: ENGLISH]
23:30:18.612 [FXGL Background Thread 3 ] DEBUG Engine               - menuKey: ESCAPE
23:30:18.612 [FXGL Background Thread 3 ] DEBUG Engine               - notificationViewClass: class com.almasb.fxgl.notification.view.XboxNotificationView
23:30:18.612 [FXGL Background Thread 3 ] DEBUG Engine               - pixelsPerMeter: 50.0
23:30:18.612 [FXGL Background Thread 3 ] DEBUG Engine               - platform: WINDOWS
23:30:18.612 [FXGL Background Thread 3 ] DEBUG Engine               - profileDir: profiles/
23:30:18.612 [FXGL Background Thread 3 ] DEBUG Engine               - profileName: StringProperty [value: DEFAULT]
23:30:18.612 [FXGL Background Thread 3 ] DEBUG Engine               - randomSeed: -1
23:30:18.612 [FXGL Background Thread 3 ] DEBUG Engine               - runtimeInfo: RuntimeInfo(platform=WINDOWS, version=dev-SNAPSHOT, build=08.09.2020 17.31)
23:30:18.612 [FXGL Background Thread 2 ] DEBUG FXGLAssetLoaderServi - Loading from file system: /assets/textures/semaforoVerde-03.png
23:30:18.612 [FXGL Background Thread 3 ] DEBUG Engine               - saveFileExt: sav
23:30:18.612 [FXGL Background Thread 3 ] DEBUG Engine               - sceneFactory: it.uniroma1.metodologie.trafficGame.TrafficApp$1@27efa8b3
23:30:18.612 [FXGL Background Thread 3 ] DEBUG Engine               - secondsIn24h: 60
23:30:18.612 [FXGL Background Thread 3 ] DEBUG Engine               - soundMenuBack: menu/back.wav
23:30:18.612 [FXGL Background Thread 3 ] DEBUG Engine               - soundMenuPress: menu/press.wav
23:30:18.612 [FXGL Background Thread 3 ] DEBUG Engine               - soundMenuSelect: menu/select.wav
23:30:18.612 [FXGL Background Thread 3 ] DEBUG Engine               - soundNotification: core/notification.wav
23:30:18.613 [FXGL Background Thread 3 ] DEBUG Engine               - stageStyle: DECORATED
23:30:18.613 [FXGL Background Thread 3 ] DEBUG Engine               - supportedLanguages: [ENGLISH, FRENCH, GERMAN, HUNGARIAN, RUSSIAN]
23:30:18.613 [FXGL Background Thread 3 ] DEBUG Engine               - title: Traffic
23:30:18.613 [FXGL Background Thread 3 ] DEBUG Engine               - urlGithub: https://github.com/AlmasB/FXGL
23:30:18.613 [FXGL Background Thread 3 ] DEBUG Engine               - urlLeaderboard: http://fxgl-top.herokuapp.com/
23:30:18.613 [FXGL Background Thread 3 ] DEBUG Engine               - urlPOM: https://raw.githubusercontent.com/AlmasB/FXGL/master/pom.xml
23:30:18.613 [FXGL Background Thread 3 ] DEBUG Engine               - version: Alpha 1.0
23:30:18.613 [FXGL Background Thread 3 ] DEBUG Engine               - versionCheckDays: 7
23:30:18.613 [FXGL Background Thread 3 ] DEBUG Engine               - width: 2000
23:30:18.613 [FXGL Background Thread 3 ] DEBUG Engine               - Logging services
23:30:18.613 [FXGL Background Thread 3 ] DEBUG Engine               - class com.almasb.fxgl.app.FXGLApplication$GameApplicationService
23:30:18.613 [FXGL Background Thread 3 ] DEBUG Engine               - class com.almasb.fxgl.app.services.FXGLDialogService
23:30:18.613 [FXGL Background Thread 3 ] DEBUG Engine               - class com.almasb.fxgl.app.services.IOTaskExecutorService
23:30:18.613 [FXGL Background Thread 3 ] DEBUG Engine               - class com.almasb.fxgl.event.EventBusService
23:30:18.614 [FXGL Background Thread 3 ] DEBUG Engine               - class com.almasb.fxgl.io.FileSystemService
23:30:18.614 [FXGL Background Thread 3 ] DEBUG Engine               - class com.almasb.fxgl.localization.LocalizationService
23:30:18.614 [FXGL Background Thread 3 ] DEBUG Engine               - class com.almasb.fxgl.app.services.FXGLAssetLoaderService
23:30:18.614 [FXGL Background Thread 3 ] DEBUG Engine               - class com.almasb.fxgl.app.services.SystemBundleService
23:30:18.614 [FXGL Background Thread 3 ] DEBUG Engine               - class com.almasb.fxgl.profile.SaveLoadService
23:30:18.614 [FXGL Background Thread 3 ] DEBUG Engine               - class com.almasb.fxgl.ui.FXGLUIFactoryServiceProvider
23:30:18.614 [FXGL Background Thread 3 ] DEBUG Engine               - class com.almasb.fxgl.ui.FXGLDialogFactoryServiceProvider
23:30:18.614 [FXGL Background Thread 3 ] DEBUG Engine               - class com.almasb.fxgl.audio.AudioPlayer
23:30:18.614 [FXGL Background Thread 3 ] DEBUG Engine               - class com.almasb.fxgl.notification.impl.NotificationServiceProvider
23:30:18.614 [FXGL Background Thread 3 ] DEBUG Engine               - class com.almasb.fxgl.achievement.AchievementService
23:30:18.614 [FXGL Background Thread 3 ] DEBUG Engine               - class com.almasb.fxgl.cutscene.CutsceneService
23:30:18.614 [FXGL Background Thread 3 ] DEBUG Engine               - class com.almasb.fxgl.minigames.MiniGameService
23:30:18.614 [FXGL Background Thread 3 ] DEBUG Engine               - class com.almasb.fxgl.net.NetService
23:30:18.614 [FXGL Background Thread 3 ] DEBUG Engine               - class com.almasb.fxgl.app.services.UpdaterService
23:30:18.615 [FXGL Background Thread 3 ] DEBUG Engine               - class com.almasb.fxgl.dev.DevService
23:30:18.615 [FXGL Background Thread 2 ] DEBUG FXGLAssetLoaderServi - Loading from cache: /assets/textures/semaforoRosso-03.png
23:30:18.615 [FXGL Background Thread 2 ] DEBUG FXGLAssetLoaderServi - Loading from cache: /assets/textures/semaforoVerde-03.png
23:30:18.615 [FXGL Background Thread 2 ] DEBUG FXGLAssetLoaderServi - Loading from cache: /assets/textures/semaforoRosso-03.png
23:30:18.615 [FXGL Background Thread 2 ] DEBUG FXGLAssetLoaderServi - Loading from cache: /assets/textures/semaforoVerde-03.png
23:30:18.616 [FXGL Background Thread 2 ] DEBUG FXGLAssetLoaderServi - Loading from cache: /assets/textures/semaforoRosso-03.png
23:30:18.616 [FXGL Background Thread 2 ] DEBUG FXGLAssetLoaderServi - Loading from cache: /assets/textures/semaforoVerde-03.png
23:30:18.617 [FXGL Background Thread 2 ] DEBUG FXGLAssetLoaderServi - Loading from file system: /assets/textures/semaforoRosso-02.png
23:30:18.619 [FXGL Background Thread 2 ] DEBUG FXGLAssetLoaderServi - Loading from file system: /assets/textures/semaforoVerde-02.png
23:30:18.620 [FXGL Background Thread 2 ] DEBUG FXGLAssetLoaderServi - Loading from cache: /assets/textures/semaforoRosso-02.png
23:30:18.621 [FXGL Background Thread 2 ] DEBUG FXGLAssetLoaderServi - Loading from cache: /assets/textures/semaforoVerde-02.png
23:30:18.621 [FXGL Background Thread 2 ] DEBUG FXGLAssetLoaderServi - Loading from cache: /assets/textures/semaforoRosso-02.png
23:30:18.622 [FXGL Background Thread 2 ] DEBUG FXGLAssetLoaderServi - Loading from cache: /assets/textures/semaforoVerde-02.png
23:30:18.624 [FXGL Background Thread 2 ] DEBUG FXGLAssetLoaderServi - Loading from cache: /assets/textures/semaforoRosso-02.png
23:30:18.624 [FXGL Background Thread 2 ] DEBUG FXGLAssetLoaderServi - Loading from cache: /assets/textures/semaforoVerde-02.png
23:30:18.625 [FXGL Background Thread 2 ] DEBUG GameWorld            - Clearing removable entities
23:30:18.626 [FXGL Background Thread 2 ] DEBUG GameWorld            - Setting level: com.almasb.fxgl.entity.level.Level@6bdabb6a
23:30:18.630 [FXGL Background Thread 2 ] DEBUG FXGLAssetLoaderServi - Loading from file system: /assets/textures/pointer-sprite.png
23:30:18.652 [FXGL Background Thread 2 ] INFO  FXGLApplication      - Game initialization took: 0,304 sec
23:30:18.655 [JavaFX Application Thread] DEBUG Input                - Clearing active input actions
23:30:18.660 [JavaFX Application Thread] DEBUG GameApplicationServi - Removing overlay from FXGLLoadingScene and adding to GameScene
23:30:18.664 [JavaFX Application Thread] DEBUG MainWindow           - FXGLLoadingScene -> GameScene
23:30:36.913 [JavaFX Application Thread] DEBUG FXGLApplication      - Exiting FXGL
23:30:36.913 [JavaFX Application Thread] DEBUG LoopRunner           - Stopping loop
23:30:36.913 [JavaFX Application Thread] DEBUG SystemBundleService  - Saving FXGL system data
23:30:36.915 [JavaFX Application Thread] DEBUG FileSystemAccess     - Writing to: C:\Users\Andrea\Desktop\Homework\traffic-mobile\system\fxgl.bundle
23:30:36.916 [JavaFX Application Thread] DEBUG Async                - Shutting down background threads
23:30:36.916 [JavaFX Application Thread] DEBUG MainWindow           - Closing main window
23:30:36.926 [JavaFX Application Thread] DEBUG Logger               - Closing Logger
