23:26:35.997 [main                     ] DEBUG Logger               - Configured Logger
23:26:36.013 [main                     ] DEBUG GameApplication      - Logging settings
Title: Traffic
Version: Alpha 1.0
Width: 2000
Height: 1125
Fullscreen: false
Intro: false
Profiling: false
Single step:false
App Mode: DEVELOPER
Menu Key: ESCAPE
Stage Style: DECORATED
Scene Factory: class it.uniroma1.metodologie.trafficGame.TrafficApp$1

23:26:36.414 [JavaFX Application Thread] DEBUG FXGLApplication      - Initializing FXGL
23:26:36.425 [JavaFX Application Thread] INFO  Engine               - FXGL-dev-SNAPSHOT (06.09.2020 16.28) on MAC (J:14.0.1 FX:14)
23:26:36.425 [JavaFX Application Thread] DEBUG Engine               - JRE Vendor Name: Oracle Corporation
23:26:36.426 [JavaFX Application Thread] DEBUG Engine               - Running on OS: Mac OS X version 10.15.6
23:26:36.426 [JavaFX Application Thread] DEBUG Engine               - Architecture: x86_64
23:26:36.426 [JavaFX Application Thread] INFO  Engine               - Source code and latest versions at: https://github.com/AlmasB/FXGL
23:26:36.426 [JavaFX Application Thread] INFO  Engine               -              Join the FXGL chat at: https://gitter.im/AlmasB/FXGL
23:26:36.553 [JavaFX Application Thread] DEBUG MainWindow           - Creating a JavaFX scene
23:26:36.554 [JavaFX Application Thread] DEBUG MainWindow           - Target size > screen size
23:26:36.617 [JavaFX Application Thread] DEBUG MainWindow           - Target settings size: 2000.0 x 1125.0
23:26:36.617 [JavaFX Application Thread] DEBUG MainWindow           - Scaled scene size:    1775.0 x 1012.0
23:26:36.618 [JavaFX Application Thread] DEBUG MainWindow           - Scaled ratio: (0.8875, 0.8995555555555556)
23:26:36.619 [JavaFX Application Thread] DEBUG MainWindow           - Set initial scene to StartupScene
23:26:36.625 [JavaFX Application Thread] DEBUG MainWindow           - Opening main window
23:26:36.715 [JavaFX Application Thread] DEBUG MainWindow           - Window border size: (0.0, 1.0)
23:26:36.715 [JavaFX Application Thread] DEBUG MainWindow           - Scaled size: 1775.0 x 1012.0
23:26:36.715 [JavaFX Application Thread] DEBUG MainWindow           - Scaled ratio: (0.8875, 0.8875)
23:26:36.716 [JavaFX Application Thread] DEBUG MainWindow           - Scene size: 1775.0 x 1012.0
23:26:36.716 [JavaFX Application Thread] DEBUG MainWindow           - Stage size: 1775.0 x 1013.0
23:26:36.724 [FXGL Background Thread 1 ] DEBUG Engine               - Initializing environment variables
23:26:36.753 [FXGL Background Thread 1 ] DEBUG GameApplicationServi - Applying CSS: fxgl_dark.css
23:26:36.754 [FXGL Background Thread 1 ] DEBUG FXGLAssetLoaderServi - Loading from file system: /assets/ui/css/fxgl_dark.css
23:26:36.823 [FXGL Background Thread 1 ] DEBUG GameApplicationServi - Initializing application scenes
23:26:37.138 [FXGL Background Thread 1 ] DEBUG GameWorld            - Game world initialized
23:26:37.194 [FXGL Background Thread 1 ] DEBUG PhysicsWorld         - Physics world initialized: appHeight=1125, physics.ppm=50,0
23:26:37.196 [FXGL Background Thread 1 ] DEBUG GameScene            - Game scene initialized: 2000x1125
23:26:37.208 [FXGL Background Thread 1 ] DEBUG FXGLAssetLoaderServi - Loading from file system: /assets/textures/bg.jpg
23:26:37.652 [FXGL Background Thread 1 ] DEBUG FXGLAssetLoaderServi - Loading from file system: /assets/textures/logo.png
23:26:37.816 [FXGL Background Thread 1 ] DEBUG FXGLAssetLoaderServi - Loading from file system: /assets/textures/particles/trace_horizontal.png
23:26:37.848 [FXGL Background Thread 1 ] DEBUG FXGL.DefaultMenu     - createMenuBodyGameMenu()
23:26:37.865 [FXGL Background Thread 1 ] DEBUG FXGL.DefaultMenu     - createOptionsMenu()
23:26:37.870 [FXGL Background Thread 1 ] DEBUG FXGL.DefaultMenu     - createExtraMenu()
23:26:37.874 [FXGL Background Thread 1 ] DEBUG FXGLAssetLoaderServi - Loading from file system: /assets/textures/particles/smoke.png
23:26:37.944 [FXGL Background Thread 1 ] DEBUG GameApplicationServi - Application scenes initialized
23:26:37.956 [FXGL Background Thread 1 ] DEBUG SystemBundleService  - Loading FXGL system data
23:26:37.960 [FXGL Background Thread 1 ] DEBUG FileSystemAccess     - Reading from: /Users/universita/Desktop/ProgettoJava/traffic-mobile/system/fxgl.bundle
23:26:37.968 [FXGL Background Thread 1 ] DEBUG SystemBundleService  - Bundle FXGL: {}
23:26:37.969 [FXGL Background Thread 1 ] DEBUG UpdaterService       - Checking for updates
23:26:37.998 [FXGL Background Thread 4 ] DEBUG FXGLApplication      - Loading fonts
23:26:37.999 [FXGL Background Thread 4 ] DEBUG FXGLAssetLoaderServi - Loading from file system: /assets/ui/fonts/VarelaRound-Regular.ttf
23:26:37.999 [FXGL Background Thread 1 ] DEBUG FXGLApplication      - Loading default localization
23:26:37.999 [FXGL Background Thread 1 ] DEBUG FXGLAssetLoaderServi - Loading from file system: /assets/languages/english.lang
23:26:38.022 [FXGL Background Thread 4 ] DEBUG FXGLAssetLoaderServi - Loading from file system: /assets/ui/fonts/Abel-Regular.ttf
23:26:38.022 [FXGL Background Thread 1 ] INFO  FXGLApplication      - FXGL initialization took: 1,298 sec
23:26:38.025 [FXGL Background Thread 4 ] DEBUG FXGLAssetLoaderServi - Loading from file system: /assets/ui/fonts/lucida_console.ttf
23:26:38.029 [FXGL Background Thread 4 ] DEBUG FXGLAssetLoaderServi - Loading from file system: /assets/ui/fonts/Courier-Prime.ttf
23:26:38.037 [JavaFX Application Thread] DEBUG Input                - Registered new binding: Change trafficlight status - F
23:26:38.038 [JavaFX Application Thread] DEBUG Input                - Registered new binding: Move Right - D
23:26:38.038 [JavaFX Application Thread] DEBUG Input                - Registered new binding: Move Left - A
23:26:38.038 [JavaFX Application Thread] DEBUG Input                - Registered new binding: Move Up - W
23:26:38.038 [JavaFX Application Thread] DEBUG Input                - Registered new binding: Move Down - S
23:26:38.039 [JavaFX Application Thread] DEBUG Input                - Registered new binding: Spawn Car - Space
23:26:38.040 [JavaFX Application Thread] DEBUG Input                - Registered new binding: Select and change traffic light - LMB
23:26:38.040 [JavaFX Application Thread] DEBUG FXGLAssetLoaderServi - Loading from file system: /assets/textures/fxgl_icon.png
23:26:38.065 [JavaFX Application Thread] DEBUG FXGLAssetLoaderServi - Loading from file system: /assets/ui/cursors/fxgl_default.png
23:26:38.067 [JavaFX Application Thread] DEBUG Input                - Registered new binding: Screenshot - P
23:26:38.068 [JavaFX Application Thread] DEBUG Input                - Registered new binding: Dev Options - 1
23:26:38.068 [JavaFX Application Thread] DEBUG Input                - Registered new binding: Dev Console - 2
23:26:38.068 [JavaFX Application Thread] DEBUG Input                - Registered new binding: System info dump - CTRL+9
23:26:38.069 [JavaFX Application Thread] DEBUG Input                - Registered new binding: Restart - CTRL+R
23:26:38.070 [JavaFX Application Thread] DEBUG Input                - Registered new binding: Toggle Debug Camera - CTRL+C
23:26:38.072 [JavaFX Application Thread] DEBUG LoopRunner           - Starting loop
23:26:38.099 [JavaFX Application Thread] DEBUG Input                - Clearing active input actions
23:26:38.110 [JavaFX Application Thread] DEBUG GameApplicationServi - Removing overlay from StartupScene and adding to FXGLMainMenuDummyScene
23:26:38.115 [JavaFX Application Thread] DEBUG MainWindow           - StartupScene -> FXGLMainMenuDummyScene
23:26:38.115 [JavaFX Application Thread] DEBUG MainWindow           - Push state: TrafficAppMenu
23:26:38.116 [JavaFX Application Thread] DEBUG Input                - Clearing active input actions
23:26:38.125 [JavaFX Application Thread] DEBUG GameApplicationServi - Removing overlay from FXGLMainMenuDummyScene and adding to TrafficAppMenu
23:26:38.126 [JavaFX Application Thread] DEBUG MainWindow           - FXGLMainMenuDummyScene -> TrafficAppMenu
23:26:38.139 [JavaFX Application Thread] DEBUG FXGLApplication      - Registering font factories with UI factory
23:26:41.000 [FXGL Background Thread 3 ] DEBUG Engine               - Logging environment variables
23:26:41.002 [FXGL Background Thread 3 ] DEBUG Engine               - achievements: []
23:26:41.002 [FXGL Background Thread 3 ] DEBUG Engine               - appIcon: fxgl_icon.png
23:26:41.003 [FXGL Background Thread 3 ] DEBUG Engine               - applicationMode: DEVELOPER
23:26:41.003 [FXGL Background Thread 3 ] DEBUG Engine               - cSSList: [fxgl_dark.css]
23:26:41.004 [FXGL Background Thread 3 ] DEBUG Engine               - configClass: Optional.empty
23:26:41.004 [FXGL Background Thread 3 ] DEBUG Engine               - credits: []
23:26:41.004 [FXGL Background Thread 3 ] DEBUG Engine               - devBBoxColorProperty: ObjectProperty [value: 0xff0000ff]
23:26:41.005 [FXGL Background Thread 3 ] DEBUG Engine               - devEnableDebugCameraProperty: BooleanProperty [value: false]
23:26:41.005 [FXGL Background Thread 3 ] DEBUG Engine               - devSensorColorProperty: ObjectProperty [value: 0xffff00ff]
23:26:41.005 [FXGL Background Thread 3 ] DEBUG Engine               - devShowBBoxProperty: BooleanProperty [value: false]
23:26:41.005 [FXGL Background Thread 3 ] DEBUG Engine               - devShowPositionProperty: BooleanProperty [value: false]
23:26:41.006 [FXGL Background Thread 3 ] DEBUG Engine               - enabledMenuItems: [SAVE_LOAD, EXTRA, ONLINE]
23:26:41.006 [FXGL Background Thread 3 ] DEBUG Engine               - engineServices: [class com.almasb.fxgl.app.FXGLApplication$GameApplicationService, class com.almasb.fxgl.app.services.FXGLDialogService, class com.almasb.fxgl.app.services.IOTaskExecutorService, class com.almasb.fxgl.event.EventBusService, class com.almasb.fxgl.io.FileSystemService, class com.almasb.fxgl.localization.LocalizationService, class com.almasb.fxgl.app.services.FXGLAssetLoaderService, class com.almasb.fxgl.app.services.SystemBundleService, class com.almasb.fxgl.profile.SaveLoadService, class com.almasb.fxgl.ui.FXGLUIFactoryServiceProvider, class com.almasb.fxgl.ui.FXGLDialogFactoryServiceProvider, class com.almasb.fxgl.audio.AudioPlayer, class com.almasb.fxgl.notification.impl.NotificationServiceProvider, class com.almasb.fxgl.achievement.AchievementService, class com.almasb.fxgl.cutscene.CutsceneService, class com.almasb.fxgl.minigames.MiniGameService, class com.almasb.fxgl.net.NetService, class com.almasb.fxgl.app.services.UpdaterService, class com.almasb.fxgl.dev.DevService]
23:26:41.006 [FXGL Background Thread 3 ] DEBUG Engine               - fontGame: Abel-Regular.ttf
23:26:41.007 [FXGL Background Thread 3 ] DEBUG Engine               - fontMono: lucida_console.ttf
23:26:41.007 [FXGL Background Thread 3 ] DEBUG Engine               - fontText: Courier-Prime.ttf
23:26:41.007 [FXGL Background Thread 3 ] DEBUG Engine               - fontUI: VarelaRound-Regular.ttf
23:26:41.007 [FXGL Background Thread 3 ] DEBUG Engine               - fullScreen: BooleanProperty [value: false]
23:26:41.007 [FXGL Background Thread 3 ] DEBUG Engine               - gameDifficulty: MEDIUM
23:26:41.008 [FXGL Background Thread 3 ] DEBUG Engine               - gameDifficultyProperty: ObjectProperty [value: MEDIUM]
23:26:41.008 [FXGL Background Thread 3 ] DEBUG Engine               - globalMusicVolume: 0.5
23:26:41.008 [FXGL Background Thread 3 ] DEBUG Engine               - globalMusicVolumeProperty: DoubleProperty [value: 0.5]
23:26:41.008 [FXGL Background Thread 3 ] DEBUG Engine               - globalSoundVolume: 0.5
23:26:41.009 [FXGL Background Thread 3 ] DEBUG Engine               - globalSoundVolumeProperty: DoubleProperty [value: 0.5]
23:26:41.009 [FXGL Background Thread 3 ] DEBUG Engine               - height: 1125
23:26:41.009 [FXGL Background Thread 3 ] DEBUG Engine               - isAndroid: false
23:26:41.009 [FXGL Background Thread 3 ] DEBUG Engine               - isBrowser: false
23:26:41.009 [FXGL Background Thread 3 ] DEBUG Engine               - isClickFeedbackEnabled: false
23:26:41.010 [FXGL Background Thread 3 ] DEBUG Engine               - isCloseConfirmation: false
23:26:41.010 [FXGL Background Thread 3 ] DEBUG Engine               - isDesktop: true
23:26:41.010 [FXGL Background Thread 3 ] DEBUG Engine               - isDeveloperMenuEnabled: true
23:26:41.011 [FXGL Background Thread 3 ] DEBUG Engine               - isEntityPreloadEnabled: true
23:26:41.011 [FXGL Background Thread 3 ] DEBUG Engine               - isExperimentalNative: false
23:26:41.011 [FXGL Background Thread 3 ] DEBUG Engine               - isExperimentalTiledLargeMap: false
23:26:41.012 [FXGL Background Thread 3 ] DEBUG Engine               - isFileSystemWriteAllowed: true
23:26:41.012 [FXGL Background Thread 3 ] DEBUG Engine               - isFullScreenAllowed: false
23:26:41.012 [FXGL Background Thread 3 ] DEBUG Engine               - isFullScreenFromStart: false
23:26:41.013 [FXGL Background Thread 3 ] DEBUG Engine               - isGameMenuEnabled: true
23:26:41.013 [FXGL Background Thread 3 ] DEBUG Engine               - isIOS: false
23:26:41.013 [FXGL Background Thread 3 ] DEBUG Engine               - isIntroEnabled: false
23:26:41.013 [FXGL Background Thread 3 ] DEBUG Engine               - isLinux: false
23:26:41.013 [FXGL Background Thread 3 ] DEBUG Engine               - isMac: true
23:26:41.014 [FXGL Background Thread 3 ] DEBUG Engine               - isMainMenuEnabled: true
23:26:41.014 [FXGL Background Thread 3 ] DEBUG Engine               - isManualResizeEnabled: true
23:26:41.014 [FXGL Background Thread 3 ] DEBUG Engine               - isMobile: false
23:26:41.014 [FXGL Background Thread 3 ] DEBUG Engine               - isPreserveResizeRatio: true
23:26:41.015 [FXGL Background Thread 3 ] DEBUG Engine               - isProfilingEnabled: false
23:26:41.015 [FXGL Background Thread 3 ] DEBUG Engine               - isSingleStep: false
23:26:41.015 [FXGL Background Thread 3 ] DEBUG Engine               - isUserProfileEnabled: false
23:26:41.015 [FXGL Background Thread 3 ] DEBUG Engine               - isWindows: false
23:26:41.016 [FXGL Background Thread 3 ] DEBUG Engine               - language: ObjectProperty [value: ENGLISH]
23:26:41.016 [FXGL Background Thread 3 ] DEBUG Engine               - menuKey: ESCAPE
23:26:41.017 [FXGL Background Thread 3 ] DEBUG Engine               - notificationViewClass: class com.almasb.fxgl.notification.view.XboxNotificationView
23:26:41.017 [FXGL Background Thread 3 ] DEBUG Engine               - pixelsPerMeter: 50.0
23:26:41.017 [FXGL Background Thread 3 ] DEBUG Engine               - platform: MAC
23:26:41.018 [FXGL Background Thread 3 ] DEBUG Engine               - profileDir: profiles/
23:26:41.018 [FXGL Background Thread 3 ] DEBUG Engine               - profileName: StringProperty [value: DEFAULT]
23:26:41.018 [FXGL Background Thread 3 ] DEBUG Engine               - randomSeed: -1
23:26:41.018 [FXGL Background Thread 3 ] DEBUG Engine               - runtimeInfo: RuntimeInfo(platform=MAC, version=dev-SNAPSHOT, build=06.09.2020 16.28)
23:26:41.018 [FXGL Background Thread 3 ] DEBUG Engine               - saveFileExt: sav
23:26:41.019 [FXGL Background Thread 3 ] DEBUG Engine               - sceneFactory: it.uniroma1.metodologie.trafficGame.TrafficApp$1@3ed3f37c
23:26:41.019 [FXGL Background Thread 3 ] DEBUG Engine               - secondsIn24h: 60
23:26:41.019 [FXGL Background Thread 3 ] DEBUG Engine               - soundMenuBack: menu/back.wav
23:26:41.019 [FXGL Background Thread 3 ] DEBUG Engine               - soundMenuPress: menu/press.wav
23:26:41.019 [FXGL Background Thread 3 ] DEBUG Engine               - soundMenuSelect: menu/select.wav
23:26:41.019 [FXGL Background Thread 3 ] DEBUG Engine               - soundNotification: core/notification.wav
23:26:41.020 [FXGL Background Thread 3 ] DEBUG Engine               - stageStyle: DECORATED
23:26:41.020 [FXGL Background Thread 3 ] DEBUG Engine               - supportedLanguages: [ENGLISH, FRENCH, GERMAN, HUNGARIAN, RUSSIAN]
23:26:41.020 [FXGL Background Thread 3 ] DEBUG Engine               - title: Traffic
23:26:41.020 [FXGL Background Thread 3 ] DEBUG Engine               - urlGithub: https://github.com/AlmasB/FXGL
23:26:41.020 [FXGL Background Thread 3 ] DEBUG Engine               - urlLeaderboard: http://fxgl-top.herokuapp.com/
23:26:41.020 [FXGL Background Thread 3 ] DEBUG Engine               - urlPOM: https://raw.githubusercontent.com/AlmasB/FXGL/master/pom.xml
23:26:41.020 [FXGL Background Thread 3 ] DEBUG Engine               - version: Alpha 1.0
23:26:41.021 [FXGL Background Thread 3 ] DEBUG Engine               - versionCheckDays: 7
23:26:41.021 [FXGL Background Thread 3 ] DEBUG Engine               - width: 2000
23:26:41.021 [FXGL Background Thread 3 ] DEBUG Engine               - Logging services
23:26:41.021 [FXGL Background Thread 3 ] DEBUG Engine               - class com.almasb.fxgl.app.FXGLApplication$GameApplicationService
23:26:41.021 [FXGL Background Thread 3 ] DEBUG Engine               - class com.almasb.fxgl.app.services.FXGLDialogService
23:26:41.022 [FXGL Background Thread 3 ] DEBUG Engine               - class com.almasb.fxgl.app.services.IOTaskExecutorService
23:26:41.022 [FXGL Background Thread 3 ] DEBUG Engine               - class com.almasb.fxgl.event.EventBusService
23:26:41.022 [FXGL Background Thread 3 ] DEBUG Engine               - class com.almasb.fxgl.io.FileSystemService
23:26:41.022 [FXGL Background Thread 3 ] DEBUG Engine               - class com.almasb.fxgl.localization.LocalizationService
23:26:41.022 [FXGL Background Thread 3 ] DEBUG Engine               - class com.almasb.fxgl.app.services.FXGLAssetLoaderService
23:26:41.023 [FXGL Background Thread 3 ] DEBUG Engine               - class com.almasb.fxgl.app.services.SystemBundleService
23:26:41.023 [FXGL Background Thread 3 ] DEBUG Engine               - class com.almasb.fxgl.profile.SaveLoadService
23:26:41.023 [FXGL Background Thread 3 ] DEBUG Engine               - class com.almasb.fxgl.ui.FXGLUIFactoryServiceProvider
23:26:41.023 [FXGL Background Thread 3 ] DEBUG Engine               - class com.almasb.fxgl.ui.FXGLDialogFactoryServiceProvider
23:26:41.024 [FXGL Background Thread 3 ] DEBUG Engine               - class com.almasb.fxgl.audio.AudioPlayer
23:26:41.024 [FXGL Background Thread 3 ] DEBUG Engine               - class com.almasb.fxgl.notification.impl.NotificationServiceProvider
23:26:41.024 [FXGL Background Thread 3 ] DEBUG Engine               - class com.almasb.fxgl.achievement.AchievementService
23:26:41.024 [FXGL Background Thread 3 ] DEBUG Engine               - class com.almasb.fxgl.cutscene.CutsceneService
23:26:41.024 [FXGL Background Thread 3 ] DEBUG Engine               - class com.almasb.fxgl.minigames.MiniGameService
23:26:41.024 [FXGL Background Thread 3 ] DEBUG Engine               - class com.almasb.fxgl.net.NetService
23:26:41.025 [FXGL Background Thread 3 ] DEBUG Engine               - class com.almasb.fxgl.app.services.UpdaterService
23:26:41.025 [FXGL Background Thread 3 ] DEBUG Engine               - class com.almasb.fxgl.dev.DevService
23:26:45.741 [JavaFX Application Thread] DEBUG Menu                 - fireNewGame()
23:26:45.741 [JavaFX Application Thread] DEBUG GameApplicationServi - Starting new game
23:26:45.742 [JavaFX Application Thread] DEBUG MainWindow           - Pop state: TrafficAppMenu
23:26:45.742 [JavaFX Application Thread] DEBUG Input                - Clearing active input actions
23:26:45.744 [JavaFX Application Thread] DEBUG GameApplicationServi - Removing overlay from TrafficAppMenu and adding to FXGLMainMenuDummyScene
23:26:45.748 [JavaFX Application Thread] DEBUG MainWindow           - FXGLMainMenuDummyScene <- TrafficAppMenu
23:26:45.749 [JavaFX Application Thread] DEBUG Input                - Clearing active input actions
23:26:45.759 [JavaFX Application Thread] DEBUG GameApplicationServi - Removing overlay from FXGLMainMenuDummyScene and adding to FXGLLoadingScene
23:26:45.760 [JavaFX Application Thread] DEBUG MainWindow           - FXGLMainMenuDummyScene -> FXGLLoadingScene
23:26:45.760 [JavaFX Application Thread] DEBUG GameApplicationServi - Clearing previous game
23:26:45.760 [JavaFX Application Thread] DEBUG GameScene            - Clearing game scene
23:26:45.760 [JavaFX Application Thread] DEBUG GameWorld            - Clearing game world
23:26:45.760 [JavaFX Application Thread] DEBUG PhysicsWorld         - Clearing physics world
23:26:45.762 [FXGL Background Thread 2 ] DEBUG FXGLApplication      - Initializing game
23:26:45.772 [FXGL Background Thread 2 ] DEBUG FXGLAssetLoaderServi - Loading from file system: /assets/levels/Mappa-testing.tmx
23:26:45.814 [FXGL Background Thread 2 ] WARN  TMXLevelLoader       - TiledMap generated from 1.4.1. Supported version: 1.2.3. Some features may not be parsed fully.
23:26:45.857 [FXGL Background Thread 2 ] DEBUG TMXLevelLoader       - Parsed raw map: TiledMap(width=16, height=9, tilewidth=125, tileheight=125, orientation=orthogonal, layers=[Layer(width=16, height=9, name=Tile Layer 1, type=tilelayer, visible=false, x=0, y=0, data=[24, 24, 24, 26, 5, 28, 24, 24, 24, 24, 24, 26, 5, 28, 24, 24, 25, 25, 25, 32, 5, 34, 25, 25, 25, 25, 25, 32, 5, 34, 25, 25, 6, 6, 6, 6, 7, 6, 6, 6, 6, 6, 6, 6, 7, 6, 6, 6, 27, 27, 27, 33, 5, 21, 13, 13, 13, 13, 13, 19, 5, 35, 27, 27, 24, 24, 24, 26, 5, 14, 10, 10, 10, 10, 10, 12, 5, 28, 24, 24, 25, 25, 25, 32, 5, 20, 11, 11, 11, 11, 11, 18, 5, 34, 25, 25, 6, 6, 6, 6, 7, 6, 6, 6, 6, 6, 6, 6, 7, 6, 6, 6, 27, 27, 27, 33, 5, 35, 27, 27, 27, 27, 27, 33, 5, 35, 27, 27, 24, 24, 24, 26, 5, 28, 24, 24, 24, 24, 24, 26, 5, 28, 24, 24], objects=[], opacity=0.0, draworder=), Layer(width=0, height=0, name=spawnpoints, type=objectgroup, visible=false, x=0, y=0, data=[], objects=[com.almasb.fxgl.entity.level.tiled.TiledObject@d5a4a35, com.almasb.fxgl.entity.level.tiled.TiledObject@2bc57843, com.almasb.fxgl.entity.level.tiled.TiledObject@30bb7e72, com.almasb.fxgl.entity.level.tiled.TiledObject@1220f0f9, com.almasb.fxgl.entity.level.tiled.TiledObject@4d741b6a, com.almasb.fxgl.entity.level.tiled.TiledObject@4d7375e7, com.almasb.fxgl.entity.level.tiled.TiledObject@26d0dad5, com.almasb.fxgl.entity.level.tiled.TiledObject@336251ce], opacity=0.0, draworder=), Layer(width=0, height=0, name=paths, type=objectgroup, visible=false, x=0, y=0, data=[], objects=[com.almasb.fxgl.entity.level.tiled.TiledObject@5e20a383, com.almasb.fxgl.entity.level.tiled.TiledObject@82a39ed, com.almasb.fxgl.entity.level.tiled.TiledObject@280c5c4f, com.almasb.fxgl.entity.level.tiled.TiledObject@94184a1, com.almasb.fxgl.entity.level.tiled.TiledObject@522602b1, com.almasb.fxgl.entity.level.tiled.TiledObject@b1abc49, com.almasb.fxgl.entity.level.tiled.TiledObject@413e6741, com.almasb.fxgl.entity.level.tiled.TiledObject@445f874b, com.almasb.fxgl.entity.level.tiled.TiledObject@260e36fb, com.almasb.fxgl.entity.level.tiled.TiledObject@78a83e87, com.almasb.fxgl.entity.level.tiled.TiledObject@4a1e5abc, com.almasb.fxgl.entity.level.tiled.TiledObject@72c3f96b, com.almasb.fxgl.entity.level.tiled.TiledObject@252da026, com.almasb.fxgl.entity.level.tiled.TiledObject@1c48fe02, com.almasb.fxgl.entity.level.tiled.TiledObject@24bb8c8d, com.almasb.fxgl.entity.level.tiled.TiledObject@49de21d0, com.almasb.fxgl.entity.level.tiled.TiledObject@1ba945d, com.almasb.fxgl.entity.level.tiled.TiledObject@5a59c286, com.almasb.fxgl.entity.level.tiled.TiledObject@227ef2a4, com.almasb.fxgl.entity.level.tiled.TiledObject@1a16979a, com.almasb.fxgl.entity.level.tiled.TiledObject@4fdbf0f9, com.almasb.fxgl.entity.level.tiled.TiledObject@5b025676, com.almasb.fxgl.entity.level.tiled.TiledObject@ebc6460, com.almasb.fxgl.entity.level.tiled.TiledObject@20b8886a], opacity=0.0, draworder=), Layer(width=0, height=0, name=Incroci, type=objectgroup, visible=false, x=0, y=0, data=[], objects=[com.almasb.fxgl.entity.level.tiled.TiledObject@30f4f8bc, com.almasb.fxgl.entity.level.tiled.TiledObject@790cb932, com.almasb.fxgl.entity.level.tiled.TiledObject@147e5d17, com.almasb.fxgl.entity.level.tiled.TiledObject@70e17c2a], opacity=0.0, draworder=), Layer(width=0, height=0, name=trafficLight, type=objectgroup, visible=false, x=0, y=0, data=[], objects=[com.almasb.fxgl.entity.level.tiled.TiledObject@67c75b92, com.almasb.fxgl.entity.level.tiled.TiledObject@7b9ebb71, com.almasb.fxgl.entity.level.tiled.TiledObject@1deed7f0, com.almasb.fxgl.entity.level.tiled.TiledObject@6695f84b, com.almasb.fxgl.entity.level.tiled.TiledObject@3bd324c0, com.almasb.fxgl.entity.level.tiled.TiledObject@359855f8, com.almasb.fxgl.entity.level.tiled.TiledObject@5ea255ec, com.almasb.fxgl.entity.level.tiled.TiledObject@173ca9d3, com.almasb.fxgl.entity.level.tiled.TiledObject@356b6ad0, com.almasb.fxgl.entity.level.tiled.TiledObject@42abce10, com.almasb.fxgl.entity.level.tiled.TiledObject@eeaee9c, com.almasb.fxgl.entity.level.tiled.TiledObject@7ceabca3, com.almasb.fxgl.entity.level.tiled.TiledObject@12b97404, com.almasb.fxgl.entity.level.tiled.TiledObject@efef30d, com.almasb.fxgl.entity.level.tiled.TiledObject@57b96240, com.almasb.fxgl.entity.level.tiled.TiledObject@7e1fd3b0], opacity=0.0, draworder=)], tilesets=[Tileset(firstgid=1, image=../textures/rsz_tiles_sheet.png, name=rsz_tiles_sheet, tilewidth=125, tileheight=125, imagewidth=875, imageheight=750, margin=0, spacing=0, columns=7, tilecount=42, transparentcolor=41ffef, tiles=[])], backgroundcolor=, renderorder=left-up, nextobjectid=66, version=1, tiledversion=1.4.1, type=map, infinite=false, hexsidelength=0, staggeraxis=, staggerindex=, properties={}, propertytypes={})
23:26:45.858 [FXGL Background Thread 2 ] DEBUG TMXLevelLoader       - Creating tile layer entities
23:26:45.861 [FXGL Background Thread 2 ] DEBUG TilesetLoader        - Loading view for layer Tile Layer 1
23:26:45.898 [FXGL Background Thread 2 ] DEBUG TilesetLoader        - Created buffer with size 2000.0x1125.0
23:26:46.192 [FXGL Background Thread 2 ] DEBUG TilesetLoader        - Writing to buffer: dst=0,0, w=125,h=125, src=250,375
23:26:46.193 [FXGL Background Thread 2 ] DEBUG TilesetLoader        - Writing to buffer: dst=125,0, w=125,h=125, src=250,375
23:26:46.193 [FXGL Background Thread 2 ] DEBUG TilesetLoader        - Writing to buffer: dst=250,0, w=125,h=125, src=250,375
23:26:46.193 [FXGL Background Thread 2 ] DEBUG TilesetLoader        - Writing to buffer: dst=375,0, w=125,h=125, src=500,375
23:26:46.194 [FXGL Background Thread 2 ] DEBUG TilesetLoader        - Writing to buffer: dst=500,0, w=125,h=125, src=500,0
23:26:46.194 [FXGL Background Thread 2 ] DEBUG TilesetLoader        - Writing to buffer: dst=625,0, w=125,h=125, src=750,375
23:26:46.194 [FXGL Background Thread 2 ] DEBUG TilesetLoader        - Writing to buffer: dst=750,0, w=125,h=125, src=250,375
23:26:46.194 [FXGL Background Thread 2 ] DEBUG TilesetLoader        - Writing to buffer: dst=875,0, w=125,h=125, src=250,375
23:26:46.194 [FXGL Background Thread 2 ] DEBUG TilesetLoader        - Writing to buffer: dst=1000,0, w=125,h=125, src=250,375
23:26:46.195 [FXGL Background Thread 2 ] DEBUG TilesetLoader        - Writing to buffer: dst=1125,0, w=125,h=125, src=250,375
23:26:46.195 [FXGL Background Thread 2 ] DEBUG TilesetLoader        - Writing to buffer: dst=1250,0, w=125,h=125, src=250,375
23:26:46.195 [FXGL Background Thread 2 ] DEBUG TilesetLoader        - Writing to buffer: dst=1375,0, w=125,h=125, src=500,375
23:26:46.197 [FXGL Background Thread 2 ] DEBUG TilesetLoader        - Writing to buffer: dst=1500,0, w=125,h=125, src=500,0
23:26:46.197 [FXGL Background Thread 2 ] DEBUG TilesetLoader        - Writing to buffer: dst=1625,0, w=125,h=125, src=750,375
23:26:46.197 [FXGL Background Thread 2 ] DEBUG TilesetLoader        - Writing to buffer: dst=1750,0, w=125,h=125, src=250,375
23:26:46.197 [FXGL Background Thread 2 ] DEBUG TilesetLoader        - Writing to buffer: dst=1875,0, w=125,h=125, src=250,375
23:26:46.198 [FXGL Background Thread 2 ] DEBUG TilesetLoader        - Writing to buffer: dst=0,125, w=125,h=125, src=375,375
23:26:46.198 [FXGL Background Thread 2 ] DEBUG TilesetLoader        - Writing to buffer: dst=125,125, w=125,h=125, src=375,375
23:26:46.198 [FXGL Background Thread 2 ] DEBUG TilesetLoader        - Writing to buffer: dst=250,125, w=125,h=125, src=375,375
23:26:46.198 [FXGL Background Thread 2 ] DEBUG TilesetLoader        - Writing to buffer: dst=375,125, w=125,h=125, src=375,500
23:26:46.204 [FXGL Background Thread 2 ] DEBUG TilesetLoader        - Writing to buffer: dst=500,125, w=125,h=125, src=500,0
23:26:46.205 [FXGL Background Thread 2 ] DEBUG TilesetLoader        - Writing to buffer: dst=625,125, w=125,h=125, src=625,500
23:26:46.205 [FXGL Background Thread 2 ] DEBUG TilesetLoader        - Writing to buffer: dst=750,125, w=125,h=125, src=375,375
23:26:46.206 [FXGL Background Thread 2 ] DEBUG TilesetLoader        - Writing to buffer: dst=875,125, w=125,h=125, src=375,375
23:26:46.206 [FXGL Background Thread 2 ] DEBUG TilesetLoader        - Writing to buffer: dst=1000,125, w=125,h=125, src=375,375
23:26:46.206 [FXGL Background Thread 2 ] DEBUG TilesetLoader        - Writing to buffer: dst=1125,125, w=125,h=125, src=375,375
23:26:46.206 [FXGL Background Thread 2 ] DEBUG TilesetLoader        - Writing to buffer: dst=1250,125, w=125,h=125, src=375,375
23:26:46.206 [FXGL Background Thread 2 ] DEBUG TilesetLoader        - Writing to buffer: dst=1375,125, w=125,h=125, src=375,500
23:26:46.206 [FXGL Background Thread 2 ] DEBUG TilesetLoader        - Writing to buffer: dst=1500,125, w=125,h=125, src=500,0
23:26:46.207 [FXGL Background Thread 2 ] DEBUG TilesetLoader        - Writing to buffer: dst=1625,125, w=125,h=125, src=625,500
23:26:46.207 [FXGL Background Thread 2 ] DEBUG TilesetLoader        - Writing to buffer: dst=1750,125, w=125,h=125, src=375,375
23:26:46.207 [FXGL Background Thread 2 ] DEBUG TilesetLoader        - Writing to buffer: dst=1875,125, w=125,h=125, src=375,375
23:26:46.207 [FXGL Background Thread 2 ] DEBUG TilesetLoader        - Writing to buffer: dst=0,250, w=125,h=125, src=625,0
23:26:46.207 [FXGL Background Thread 2 ] DEBUG TilesetLoader        - Writing to buffer: dst=125,250, w=125,h=125, src=625,0
23:26:46.207 [FXGL Background Thread 2 ] DEBUG TilesetLoader        - Writing to buffer: dst=250,250, w=125,h=125, src=625,0
23:26:46.208 [FXGL Background Thread 2 ] DEBUG TilesetLoader        - Writing to buffer: dst=375,250, w=125,h=125, src=625,0
23:26:46.208 [FXGL Background Thread 2 ] DEBUG TilesetLoader        - Writing to buffer: dst=500,250, w=125,h=125, src=750,0
23:26:46.208 [FXGL Background Thread 2 ] DEBUG TilesetLoader        - Writing to buffer: dst=625,250, w=125,h=125, src=625,0
23:26:46.208 [FXGL Background Thread 2 ] DEBUG TilesetLoader        - Writing to buffer: dst=750,250, w=125,h=125, src=625,0
23:26:46.208 [FXGL Background Thread 2 ] DEBUG TilesetLoader        - Writing to buffer: dst=875,250, w=125,h=125, src=625,0
23:26:46.208 [FXGL Background Thread 2 ] DEBUG TilesetLoader        - Writing to buffer: dst=1000,250, w=125,h=125, src=625,0
23:26:46.208 [FXGL Background Thread 2 ] DEBUG TilesetLoader        - Writing to buffer: dst=1125,250, w=125,h=125, src=625,0
23:26:46.209 [FXGL Background Thread 2 ] DEBUG TilesetLoader        - Writing to buffer: dst=1250,250, w=125,h=125, src=625,0
23:26:46.209 [FXGL Background Thread 2 ] DEBUG TilesetLoader        - Writing to buffer: dst=1375,250, w=125,h=125, src=625,0
23:26:46.209 [FXGL Background Thread 2 ] DEBUG TilesetLoader        - Writing to buffer: dst=1500,250, w=125,h=125, src=750,0
23:26:46.210 [FXGL Background Thread 2 ] DEBUG TilesetLoader        - Writing to buffer: dst=1625,250, w=125,h=125, src=625,0
23:26:46.210 [FXGL Background Thread 2 ] DEBUG TilesetLoader        - Writing to buffer: dst=1750,250, w=125,h=125, src=625,0
23:26:46.211 [FXGL Background Thread 2 ] DEBUG TilesetLoader        - Writing to buffer: dst=1875,250, w=125,h=125, src=625,0
23:26:46.211 [FXGL Background Thread 2 ] DEBUG TilesetLoader        - Writing to buffer: dst=0,375, w=125,h=125, src=625,375
23:26:46.211 [FXGL Background Thread 2 ] DEBUG TilesetLoader        - Writing to buffer: dst=125,375, w=125,h=125, src=625,375
23:26:46.211 [FXGL Background Thread 2 ] DEBUG TilesetLoader        - Writing to buffer: dst=250,375, w=125,h=125, src=625,375
23:26:46.212 [FXGL Background Thread 2 ] DEBUG TilesetLoader        - Writing to buffer: dst=375,375, w=125,h=125, src=500,500
23:26:46.212 [FXGL Background Thread 2 ] DEBUG TilesetLoader        - Writing to buffer: dst=500,375, w=125,h=125, src=500,0
23:26:46.213 [FXGL Background Thread 2 ] DEBUG TilesetLoader        - Writing to buffer: dst=625,375, w=125,h=125, src=750,250
23:26:46.214 [FXGL Background Thread 2 ] DEBUG TilesetLoader        - Writing to buffer: dst=750,375, w=125,h=125, src=625,125
23:26:46.214 [FXGL Background Thread 2 ] DEBUG TilesetLoader        - Writing to buffer: dst=875,375, w=125,h=125, src=625,125
23:26:46.214 [FXGL Background Thread 2 ] DEBUG TilesetLoader        - Writing to buffer: dst=1000,375, w=125,h=125, src=625,125
23:26:46.214 [FXGL Background Thread 2 ] DEBUG TilesetLoader        - Writing to buffer: dst=1125,375, w=125,h=125, src=625,125
23:26:46.214 [FXGL Background Thread 2 ] DEBUG TilesetLoader        - Writing to buffer: dst=1250,375, w=125,h=125, src=625,125
23:26:46.214 [FXGL Background Thread 2 ] DEBUG TilesetLoader        - Writing to buffer: dst=1375,375, w=125,h=125, src=500,250
23:26:46.214 [FXGL Background Thread 2 ] DEBUG TilesetLoader        - Writing to buffer: dst=1500,375, w=125,h=125, src=500,0
23:26:46.215 [FXGL Background Thread 2 ] DEBUG TilesetLoader        - Writing to buffer: dst=1625,375, w=125,h=125, src=750,500
23:26:46.222 [FXGL Background Thread 2 ] DEBUG TilesetLoader        - Writing to buffer: dst=1750,375, w=125,h=125, src=625,375
23:26:46.222 [FXGL Background Thread 2 ] DEBUG TilesetLoader        - Writing to buffer: dst=1875,375, w=125,h=125, src=625,375
23:26:46.222 [FXGL Background Thread 2 ] DEBUG TilesetLoader        - Writing to buffer: dst=0,500, w=125,h=125, src=250,375
23:26:46.222 [FXGL Background Thread 2 ] DEBUG TilesetLoader        - Writing to buffer: dst=125,500, w=125,h=125, src=250,375
23:26:46.222 [FXGL Background Thread 2 ] DEBUG TilesetLoader        - Writing to buffer: dst=250,500, w=125,h=125, src=250,375
23:26:46.223 [FXGL Background Thread 2 ] DEBUG TilesetLoader        - Writing to buffer: dst=375,500, w=125,h=125, src=500,375
23:26:46.223 [FXGL Background Thread 2 ] DEBUG TilesetLoader        - Writing to buffer: dst=500,500, w=125,h=125, src=500,0
23:26:46.223 [FXGL Background Thread 2 ] DEBUG TilesetLoader        - Writing to buffer: dst=625,500, w=125,h=125, src=750,125
23:26:46.231 [FXGL Background Thread 2 ] DEBUG TilesetLoader        - Writing to buffer: dst=750,500, w=125,h=125, src=250,125
23:26:46.232 [FXGL Background Thread 2 ] DEBUG TilesetLoader        - Writing to buffer: dst=875,500, w=125,h=125, src=250,125
23:26:46.233 [FXGL Background Thread 2 ] DEBUG TilesetLoader        - Writing to buffer: dst=1000,500, w=125,h=125, src=250,125
23:26:46.233 [FXGL Background Thread 2 ] DEBUG TilesetLoader        - Writing to buffer: dst=1125,500, w=125,h=125, src=250,125
23:26:46.233 [FXGL Background Thread 2 ] DEBUG TilesetLoader        - Writing to buffer: dst=1250,500, w=125,h=125, src=250,125
23:26:46.233 [FXGL Background Thread 2 ] DEBUG TilesetLoader        - Writing to buffer: dst=1375,500, w=125,h=125, src=500,125
23:26:46.234 [FXGL Background Thread 2 ] DEBUG TilesetLoader        - Writing to buffer: dst=1500,500, w=125,h=125, src=500,0
23:26:46.234 [FXGL Background Thread 2 ] DEBUG TilesetLoader        - Writing to buffer: dst=1625,500, w=125,h=125, src=750,375
23:26:46.234 [FXGL Background Thread 2 ] DEBUG TilesetLoader        - Writing to buffer: dst=1750,500, w=125,h=125, src=250,375
23:26:46.235 [FXGL Background Thread 2 ] DEBUG TilesetLoader        - Writing to buffer: dst=1875,500, w=125,h=125, src=250,375
23:26:46.235 [FXGL Background Thread 2 ] DEBUG TilesetLoader        - Writing to buffer: dst=0,625, w=125,h=125, src=375,375
23:26:46.235 [FXGL Background Thread 2 ] DEBUG TilesetLoader        - Writing to buffer: dst=125,625, w=125,h=125, src=375,375
23:26:46.235 [FXGL Background Thread 2 ] DEBUG TilesetLoader        - Writing to buffer: dst=250,625, w=125,h=125, src=375,375
23:26:46.236 [FXGL Background Thread 2 ] DEBUG TilesetLoader        - Writing to buffer: dst=375,625, w=125,h=125, src=375,500
23:26:46.236 [FXGL Background Thread 2 ] DEBUG TilesetLoader        - Writing to buffer: dst=500,625, w=125,h=125, src=500,0
23:26:46.236 [FXGL Background Thread 2 ] DEBUG TilesetLoader        - Writing to buffer: dst=625,625, w=125,h=125, src=625,250
23:26:46.236 [FXGL Background Thread 2 ] DEBUG TilesetLoader        - Writing to buffer: dst=750,625, w=125,h=125, src=375,125
23:26:46.236 [FXGL Background Thread 2 ] DEBUG TilesetLoader        - Writing to buffer: dst=875,625, w=125,h=125, src=375,125
23:26:46.236 [FXGL Background Thread 2 ] DEBUG TilesetLoader        - Writing to buffer: dst=1000,625, w=125,h=125, src=375,125
23:26:46.237 [FXGL Background Thread 2 ] DEBUG TilesetLoader        - Writing to buffer: dst=1125,625, w=125,h=125, src=375,125
23:26:46.237 [FXGL Background Thread 2 ] DEBUG TilesetLoader        - Writing to buffer: dst=1250,625, w=125,h=125, src=375,125
23:26:46.237 [FXGL Background Thread 2 ] DEBUG TilesetLoader        - Writing to buffer: dst=1375,625, w=125,h=125, src=375,250
23:26:46.238 [FXGL Background Thread 2 ] DEBUG TilesetLoader        - Writing to buffer: dst=1500,625, w=125,h=125, src=500,0
23:26:46.239 [FXGL Background Thread 2 ] DEBUG TilesetLoader        - Writing to buffer: dst=1625,625, w=125,h=125, src=625,500
23:26:46.239 [FXGL Background Thread 2 ] DEBUG TilesetLoader        - Writing to buffer: dst=1750,625, w=125,h=125, src=375,375
23:26:46.239 [FXGL Background Thread 2 ] DEBUG TilesetLoader        - Writing to buffer: dst=1875,625, w=125,h=125, src=375,375
23:26:46.239 [FXGL Background Thread 2 ] DEBUG TilesetLoader        - Writing to buffer: dst=0,750, w=125,h=125, src=625,0
23:26:46.239 [FXGL Background Thread 2 ] DEBUG TilesetLoader        - Writing to buffer: dst=125,750, w=125,h=125, src=625,0
23:26:46.240 [FXGL Background Thread 2 ] DEBUG TilesetLoader        - Writing to buffer: dst=250,750, w=125,h=125, src=625,0
23:26:46.240 [FXGL Background Thread 2 ] DEBUG TilesetLoader        - Writing to buffer: dst=375,750, w=125,h=125, src=625,0
23:26:46.241 [FXGL Background Thread 2 ] DEBUG TilesetLoader        - Writing to buffer: dst=500,750, w=125,h=125, src=750,0
23:26:46.241 [FXGL Background Thread 2 ] DEBUG TilesetLoader        - Writing to buffer: dst=625,750, w=125,h=125, src=625,0
23:26:46.241 [FXGL Background Thread 2 ] DEBUG TilesetLoader        - Writing to buffer: dst=750,750, w=125,h=125, src=625,0
23:26:46.241 [FXGL Background Thread 2 ] DEBUG TilesetLoader        - Writing to buffer: dst=875,750, w=125,h=125, src=625,0
23:26:46.241 [FXGL Background Thread 2 ] DEBUG TilesetLoader        - Writing to buffer: dst=1000,750, w=125,h=125, src=625,0
23:26:46.241 [FXGL Background Thread 2 ] DEBUG TilesetLoader        - Writing to buffer: dst=1125,750, w=125,h=125, src=625,0
23:26:46.242 [FXGL Background Thread 2 ] DEBUG TilesetLoader        - Writing to buffer: dst=1250,750, w=125,h=125, src=625,0
23:26:46.242 [FXGL Background Thread 2 ] DEBUG TilesetLoader        - Writing to buffer: dst=1375,750, w=125,h=125, src=625,0
23:26:46.242 [FXGL Background Thread 2 ] DEBUG TilesetLoader        - Writing to buffer: dst=1500,750, w=125,h=125, src=750,0
23:26:46.242 [FXGL Background Thread 2 ] DEBUG TilesetLoader        - Writing to buffer: dst=1625,750, w=125,h=125, src=625,0
23:26:46.242 [FXGL Background Thread 2 ] DEBUG TilesetLoader        - Writing to buffer: dst=1750,750, w=125,h=125, src=625,0
23:26:46.242 [FXGL Background Thread 2 ] DEBUG TilesetLoader        - Writing to buffer: dst=1875,750, w=125,h=125, src=625,0
23:26:46.243 [FXGL Background Thread 2 ] DEBUG TilesetLoader        - Writing to buffer: dst=0,875, w=125,h=125, src=625,375
23:26:46.243 [FXGL Background Thread 2 ] DEBUG TilesetLoader        - Writing to buffer: dst=125,875, w=125,h=125, src=625,375
23:26:46.243 [FXGL Background Thread 2 ] DEBUG TilesetLoader        - Writing to buffer: dst=250,875, w=125,h=125, src=625,375
23:26:46.243 [FXGL Background Thread 2 ] DEBUG TilesetLoader        - Writing to buffer: dst=375,875, w=125,h=125, src=500,500
23:26:46.243 [FXGL Background Thread 2 ] DEBUG TilesetLoader        - Writing to buffer: dst=500,875, w=125,h=125, src=500,0
23:26:46.246 [FXGL Background Thread 2 ] DEBUG TilesetLoader        - Writing to buffer: dst=625,875, w=125,h=125, src=750,500
23:26:46.248 [FXGL Background Thread 2 ] DEBUG TilesetLoader        - Writing to buffer: dst=750,875, w=125,h=125, src=625,375
23:26:46.249 [FXGL Background Thread 2 ] DEBUG TilesetLoader        - Writing to buffer: dst=875,875, w=125,h=125, src=625,375
23:26:46.249 [FXGL Background Thread 2 ] DEBUG TilesetLoader        - Writing to buffer: dst=1000,875, w=125,h=125, src=625,375
23:26:46.249 [FXGL Background Thread 2 ] DEBUG TilesetLoader        - Writing to buffer: dst=1125,875, w=125,h=125, src=625,375
23:26:46.249 [FXGL Background Thread 2 ] DEBUG TilesetLoader        - Writing to buffer: dst=1250,875, w=125,h=125, src=625,375
23:26:46.249 [FXGL Background Thread 2 ] DEBUG TilesetLoader        - Writing to buffer: dst=1375,875, w=125,h=125, src=500,500
23:26:46.249 [FXGL Background Thread 2 ] DEBUG TilesetLoader        - Writing to buffer: dst=1500,875, w=125,h=125, src=500,0
23:26:46.250 [FXGL Background Thread 2 ] DEBUG TilesetLoader        - Writing to buffer: dst=1625,875, w=125,h=125, src=750,500
23:26:46.250 [FXGL Background Thread 2 ] DEBUG TilesetLoader        - Writing to buffer: dst=1750,875, w=125,h=125, src=625,375
23:26:46.250 [FXGL Background Thread 2 ] DEBUG TilesetLoader        - Writing to buffer: dst=1875,875, w=125,h=125, src=625,375
23:26:46.250 [FXGL Background Thread 2 ] DEBUG TilesetLoader        - Writing to buffer: dst=0,1000, w=125,h=125, src=250,375
23:26:46.250 [FXGL Background Thread 2 ] DEBUG TilesetLoader        - Writing to buffer: dst=125,1000, w=125,h=125, src=250,375
23:26:46.250 [FXGL Background Thread 2 ] DEBUG TilesetLoader        - Writing to buffer: dst=250,1000, w=125,h=125, src=250,375
23:26:46.251 [FXGL Background Thread 2 ] DEBUG TilesetLoader        - Writing to buffer: dst=375,1000, w=125,h=125, src=500,375
23:26:46.251 [FXGL Background Thread 2 ] DEBUG TilesetLoader        - Writing to buffer: dst=500,1000, w=125,h=125, src=500,0
23:26:46.251 [FXGL Background Thread 2 ] DEBUG TilesetLoader        - Writing to buffer: dst=625,1000, w=125,h=125, src=750,375
23:26:46.252 [FXGL Background Thread 2 ] DEBUG TilesetLoader        - Writing to buffer: dst=750,1000, w=125,h=125, src=250,375
23:26:46.252 [FXGL Background Thread 2 ] DEBUG TilesetLoader        - Writing to buffer: dst=875,1000, w=125,h=125, src=250,375
23:26:46.253 [FXGL Background Thread 2 ] DEBUG TilesetLoader        - Writing to buffer: dst=1000,1000, w=125,h=125, src=250,375
23:26:46.253 [FXGL Background Thread 2 ] DEBUG TilesetLoader        - Writing to buffer: dst=1125,1000, w=125,h=125, src=250,375
23:26:46.253 [FXGL Background Thread 2 ] DEBUG TilesetLoader        - Writing to buffer: dst=1250,1000, w=125,h=125, src=250,375
23:26:46.253 [FXGL Background Thread 2 ] DEBUG TilesetLoader        - Writing to buffer: dst=1375,1000, w=125,h=125, src=500,375
23:26:46.254 [FXGL Background Thread 2 ] DEBUG TilesetLoader        - Writing to buffer: dst=1500,1000, w=125,h=125, src=500,0
23:26:46.254 [FXGL Background Thread 2 ] DEBUG TilesetLoader        - Writing to buffer: dst=1625,1000, w=125,h=125, src=750,375
23:26:46.254 [FXGL Background Thread 2 ] DEBUG TilesetLoader        - Writing to buffer: dst=1750,1000, w=125,h=125, src=250,375
23:26:46.254 [FXGL Background Thread 2 ] DEBUG TilesetLoader        - Writing to buffer: dst=1875,1000, w=125,h=125, src=250,375
23:26:46.254 [FXGL Background Thread 2 ] DEBUG TMXLevelLoader       - Creating object layer entities
23:26:46.314 [FXGL Background Thread 2 ] DEBUG FXGLAssetLoaderServi - Loading from file system: /assets/textures/semaforoRosso-01.png
23:26:46.319 [FXGL Background Thread 2 ] DEBUG FXGLAssetLoaderServi - Loading from file system: /assets/textures/semaforoVerde-01.png
23:26:46.325 [FXGL Background Thread 2 ] DEBUG FXGLAssetLoaderServi - Loading from cache: /assets/textures/semaforoRosso-01.png
23:26:46.326 [FXGL Background Thread 2 ] DEBUG FXGLAssetLoaderServi - Loading from cache: /assets/textures/semaforoVerde-01.png
23:26:46.327 [FXGL Background Thread 2 ] DEBUG FXGLAssetLoaderServi - Loading from cache: /assets/textures/semaforoRosso-01.png
23:26:46.327 [FXGL Background Thread 2 ] DEBUG FXGLAssetLoaderServi - Loading from cache: /assets/textures/semaforoVerde-01.png
23:26:46.328 [FXGL Background Thread 2 ] DEBUG FXGLAssetLoaderServi - Loading from cache: /assets/textures/semaforoRosso-01.png
23:26:46.328 [FXGL Background Thread 2 ] DEBUG FXGLAssetLoaderServi - Loading from cache: /assets/textures/semaforoVerde-01.png
23:26:46.329 [FXGL Background Thread 2 ] DEBUG FXGLAssetLoaderServi - Loading from file system: /assets/textures/semaforoRosso-04.png
23:26:46.331 [FXGL Background Thread 2 ] DEBUG FXGLAssetLoaderServi - Loading from file system: /assets/textures/semaforoVerde-04.png
23:26:46.338 [FXGL Background Thread 2 ] DEBUG FXGLAssetLoaderServi - Loading from cache: /assets/textures/semaforoRosso-04.png
23:26:46.339 [FXGL Background Thread 2 ] DEBUG FXGLAssetLoaderServi - Loading from cache: /assets/textures/semaforoVerde-04.png
23:26:46.340 [FXGL Background Thread 2 ] DEBUG FXGLAssetLoaderServi - Loading from cache: /assets/textures/semaforoRosso-04.png
23:26:46.340 [FXGL Background Thread 2 ] DEBUG FXGLAssetLoaderServi - Loading from cache: /assets/textures/semaforoVerde-04.png
23:26:46.341 [FXGL Background Thread 2 ] DEBUG FXGLAssetLoaderServi - Loading from cache: /assets/textures/semaforoRosso-04.png
23:26:46.341 [FXGL Background Thread 2 ] DEBUG FXGLAssetLoaderServi - Loading from cache: /assets/textures/semaforoVerde-04.png
23:26:46.341 [FXGL Background Thread 2 ] DEBUG FXGLAssetLoaderServi - Loading from file system: /assets/textures/semaforoRosso-03.png
23:26:46.344 [FXGL Background Thread 2 ] DEBUG FXGLAssetLoaderServi - Loading from file system: /assets/textures/semaforoVerde-03.png
23:26:46.348 [FXGL Background Thread 2 ] DEBUG FXGLAssetLoaderServi - Loading from cache: /assets/textures/semaforoRosso-03.png
23:26:46.348 [FXGL Background Thread 2 ] DEBUG FXGLAssetLoaderServi - Loading from cache: /assets/textures/semaforoVerde-03.png
23:26:46.351 [FXGL Background Thread 2 ] DEBUG FXGLAssetLoaderServi - Loading from cache: /assets/textures/semaforoRosso-03.png
23:26:46.352 [FXGL Background Thread 2 ] DEBUG FXGLAssetLoaderServi - Loading from cache: /assets/textures/semaforoVerde-03.png
23:26:46.353 [FXGL Background Thread 2 ] DEBUG FXGLAssetLoaderServi - Loading from cache: /assets/textures/semaforoRosso-03.png
23:26:46.353 [FXGL Background Thread 2 ] DEBUG FXGLAssetLoaderServi - Loading from cache: /assets/textures/semaforoVerde-03.png
23:26:46.354 [FXGL Background Thread 2 ] DEBUG FXGLAssetLoaderServi - Loading from file system: /assets/textures/semaforoRosso-02.png
23:26:46.356 [FXGL Background Thread 2 ] DEBUG FXGLAssetLoaderServi - Loading from file system: /assets/textures/semaforoVerde-02.png
23:26:46.361 [FXGL Background Thread 2 ] DEBUG FXGLAssetLoaderServi - Loading from cache: /assets/textures/semaforoRosso-02.png
23:26:46.361 [FXGL Background Thread 2 ] DEBUG FXGLAssetLoaderServi - Loading from cache: /assets/textures/semaforoVerde-02.png
23:26:46.362 [FXGL Background Thread 2 ] DEBUG FXGLAssetLoaderServi - Loading from cache: /assets/textures/semaforoRosso-02.png
23:26:46.363 [FXGL Background Thread 2 ] DEBUG FXGLAssetLoaderServi - Loading from cache: /assets/textures/semaforoVerde-02.png
23:26:46.366 [FXGL Background Thread 2 ] DEBUG FXGLAssetLoaderServi - Loading from cache: /assets/textures/semaforoRosso-02.png
23:26:46.366 [FXGL Background Thread 2 ] DEBUG FXGLAssetLoaderServi - Loading from cache: /assets/textures/semaforoVerde-02.png
23:26:46.368 [FXGL Background Thread 2 ] DEBUG GameWorld            - Clearing removable entities
23:26:46.369 [FXGL Background Thread 2 ] DEBUG GameWorld            - Setting level: com.almasb.fxgl.entity.level.Level@15e6d053
23:26:46.381 [FXGL Background Thread 2 ] DEBUG FXGLAssetLoaderServi - Loading from file system: /assets/textures/pointer-sprite.png
23:26:46.424 [FXGL Background Thread 2 ] INFO  FXGLApplication      - Game initialization took: 0,662 sec
23:26:46.428 [JavaFX Application Thread] DEBUG Input                - Clearing active input actions
23:26:46.438 [JavaFX Application Thread] DEBUG GameApplicationServi - Removing overlay from FXGLLoadingScene and adding to GameScene
23:26:46.442 [JavaFX Application Thread] DEBUG MainWindow           - FXGLLoadingScene -> GameScene
23:26:54.122 [JavaFX Application Thread] DEBUG LoopRunner           - Stopping loop
23:26:54.123 [JavaFX Application Thread] FATAL FXGLApplication      - Uncaught Exception:
java.lang.NullPointerException
	at trafficGame.main/it.uniroma1.metodologie.trafficGame.TrafficApp$11.onCollisionBegin(TrafficApp.java:406)
	at com.almasb.fxgl.entity/com.almasb.fxgl.physics.CollisionPair.collisionBegin(CollisionPair.java:37)
	at com.almasb.fxgl.entity/com.almasb.fxgl.physics.PhysicsWorld.collisionBeginFor(PhysicsWorld.java:482)
	at com.almasb.fxgl.entity/com.almasb.fxgl.physics.PhysicsWorld.checkCollisions(PhysicsWorld.java:436)
	at com.almasb.fxgl.entity/com.almasb.fxgl.physics.PhysicsWorld.onUpdate(PhysicsWorld.java:181)
	at com.almasb.fxgl.all/com.almasb.fxgl.app.scene.GameScene.step(GameScene.kt:115)
	at com.almasb.fxgl.all/com.almasb.fxgl.app.scene.GameScene.onUpdate(GameScene.kt:110)
	at com.almasb.fxgl.scene/com.almasb.fxgl.scene.Scene.update(Scene.kt:78)
	at com.almasb.fxgl.all/com.almasb.fxgl.app.MainWindow$update$1.invoke(MainWindow.kt:219)
	at com.almasb.fxgl.all/com.almasb.fxgl.app.MainWindow$update$1.invoke(MainWindow.kt:40)
	at com.almasb.fxgl.core/com.almasb.fxgl.core.fsm.StateMachine.runOnActiveStates(StateMachine.kt:60)
	at com.almasb.fxgl.all/com.almasb.fxgl.app.MainWindow.update(MainWindow.kt:219)
	at com.almasb.fxgl.all/com.almasb.fxgl.app.FXGLApplication$GameApplicationService.onUpdate(FXGLApplication.kt:400)
	at com.almasb.fxgl.all/com.almasb.fxgl.app.Engine.loop(Engine.kt:130)
	at com.almasb.fxgl.all/com.almasb.fxgl.app.Engine.access$loop(Engine.kt:24)
	at com.almasb.fxgl.all/com.almasb.fxgl.app.Engine$loop$1.invoke(Engine.kt:28)
	at com.almasb.fxgl.all/com.almasb.fxgl.app.Engine$loop$1.invoke(Engine.kt:24)
	at com.almasb.fxgl.all/com.almasb.fxgl.app.LoopRunner.frame(LoopRunner.kt:86)
	at com.almasb.fxgl.all/com.almasb.fxgl.app.LoopRunner.access$frame(LoopRunner.kt:17)
	at com.almasb.fxgl.all/com.almasb.fxgl.app.LoopRunner$impl$2$1.handle(LoopRunner.kt:37)
	at javafx.graphics/javafx.animation.AnimationTimer$AnimationTimerReceiver.lambda$handle$0(AnimationTimer.java:57)
	at java.base/java.security.AccessController.doPrivileged(AccessController.java:391)
	at javafx.graphics/javafx.animation.AnimationTimer$AnimationTimerReceiver.handle(AnimationTimer.java:56)
	at javafx.graphics/com.sun.scenario.animation.AbstractMasterTimer.timePulseImpl(AbstractMasterTimer.java:357)
	at javafx.graphics/com.sun.scenario.animation.AbstractMasterTimer$MainLoop.run(AbstractMasterTimer.java:267)
	at javafx.graphics/com.sun.javafx.tk.quantum.QuantumToolkit.pulse(QuantumToolkit.java:559)
	at javafx.graphics/com.sun.javafx.tk.quantum.QuantumToolkit.pulse(QuantumToolkit.java:543)
	at javafx.graphics/com.sun.javafx.tk.quantum.QuantumToolkit.pulseFromQueue(QuantumToolkit.java:536)
	at javafx.graphics/com.sun.javafx.tk.quantum.QuantumToolkit.lambda$runToolkit$11(QuantumToolkit.java:342)
	at javafx.graphics/com.sun.glass.ui.InvokeLaterDispatcher$Future.run(InvokeLaterDispatcher.java:96)

23:26:54.123 [JavaFX Application Thread] FATAL FXGLApplication      - Application will now exit
23:26:54.126 [JavaFX Application Thread] DEBUG MainWindow           - Push state: ErrorSubScene
23:26:54.126 [JavaFX Application Thread] DEBUG Input                - Clearing active input actions
23:26:54.127 [JavaFX Application Thread] DEBUG GameApplicationServi - Removing overlay from GameScene and adding to ErrorSubScene
23:26:54.129 [JavaFX Application Thread] DEBUG MainWindow           - GameScene -> ErrorSubScene
23:26:56.218 [JavaFX Application Thread] DEBUG FXGLApplication      - Exiting FXGL
23:26:56.218 [JavaFX Application Thread] DEBUG Async                - Shutting down background threads
23:26:56.219 [JavaFX Application Thread] DEBUG MainWindow           - Closing main window
23:26:56.857 [JavaFX Application Thread] DEBUG Logger               - Closing Logger
