01:17:03.324 [main                     ] DEBUG Logger               - Configured Logger
01:17:03.339 [main                     ] DEBUG GameApplication      - Logging settings
Title: Traffic
Version: Alpha 1.0
Width: 2000
Height: 1125
Fullscreen: false
Intro: false
Profiling: false
Single step:false
App Mode: DEVELOPER
Menu Key: ESCAPE
Stage Style: DECORATED
Scene Factory: class it.uniroma1.metodologie.trafficGame.TrafficApp$1

01:17:03.661 [JavaFX Application Thread] DEBUG FXGLApplication      - Initializing FXGL
01:17:03.666 [JavaFX Application Thread] INFO  Engine               - FXGL-dev-SNAPSHOT (08.09.2020 17.31) on WINDOWS (J:13.0.2 FX:14)
01:17:03.666 [JavaFX Application Thread] DEBUG Engine               - JRE Vendor Name: Oracle Corporation
01:17:03.666 [JavaFX Application Thread] DEBUG Engine               - Running on OS: Windows 10 version 10.0
01:17:03.667 [JavaFX Application Thread] DEBUG Engine               - Architecture: amd64
01:17:03.667 [JavaFX Application Thread] INFO  Engine               - Source code and latest versions at: https://github.com/AlmasB/FXGL
01:17:03.667 [JavaFX Application Thread] INFO  Engine               -              Join the FXGL chat at: https://gitter.im/AlmasB/FXGL
01:17:03.738 [JavaFX Application Thread] DEBUG MainWindow           - Creating a JavaFX scene
01:17:03.772 [JavaFX Application Thread] DEBUG MainWindow           - Target settings size: 2000.0 x 1125.0
01:17:03.772 [JavaFX Application Thread] DEBUG MainWindow           - Scaled scene size:    2000.0 x 1125.0
01:17:03.772 [JavaFX Application Thread] DEBUG MainWindow           - Scaled ratio: (1.0, 1.0)
01:17:03.773 [JavaFX Application Thread] DEBUG MainWindow           - Set initial scene to StartupScene
01:17:03.778 [JavaFX Application Thread] DEBUG MainWindow           - Opening main window
01:17:03.843 [JavaFX Application Thread] DEBUG MainWindow           - Window border size: (16.0, 39.0)
01:17:03.844 [JavaFX Application Thread] DEBUG MainWindow           - Scaled size: 2000.0 x 1125.0
01:17:03.844 [JavaFX Application Thread] DEBUG MainWindow           - Scaled ratio: (1.0, 1.0)
01:17:03.844 [JavaFX Application Thread] DEBUG MainWindow           - Scene size: 2000.0 x 1125.0
01:17:03.844 [JavaFX Application Thread] DEBUG MainWindow           - Stage size: 2016.0 x 1164.0
01:17:03.867 [FXGL Background Thread 1 ] DEBUG Engine               - Initializing environment variables
01:17:03.894 [FXGL Background Thread 1 ] DEBUG GameApplicationServi - Applying CSS: fxgl_dark.css
01:17:03.895 [FXGL Background Thread 1 ] DEBUG FXGLAssetLoaderServi - Loading from file system: /assets/ui/css/fxgl_dark.css
01:17:03.935 [FXGL Background Thread 1 ] DEBUG GameApplicationServi - Initializing application scenes
01:17:03.988 [FXGL Background Thread 1 ] DEBUG GameWorld            - Game world initialized
01:17:04.030 [FXGL Background Thread 1 ] DEBUG PhysicsWorld         - Physics world initialized: appHeight=1125, physics.ppm=50,0
01:17:04.033 [FXGL Background Thread 1 ] DEBUG GameScene            - Game scene initialized: 2000x1125
01:17:04.043 [FXGL Background Thread 1 ] DEBUG FXGLAssetLoaderServi - Loading from file system: /assets/textures/bg.jpg
01:17:04.327 [FXGL Background Thread 1 ] DEBUG FXGLAssetLoaderServi - Loading from file system: /assets/textures/logo.png
01:17:04.407 [FXGL Background Thread 1 ] DEBUG FXGLAssetLoaderServi - Loading from file system: /assets/textures/particles/trace_horizontal.png
01:17:04.427 [FXGL Background Thread 1 ] DEBUG FXGL.DefaultMenu     - createMenuBodyGameMenu()
01:17:04.436 [FXGL Background Thread 1 ] DEBUG FXGL.DefaultMenu     - createOptionsMenu()
01:17:04.438 [FXGL Background Thread 1 ] DEBUG FXGL.DefaultMenu     - createExtraMenu()
01:17:04.440 [FXGL Background Thread 1 ] DEBUG FXGLAssetLoaderServi - Loading from file system: /assets/textures/particles/smoke.png
01:17:04.478 [FXGL Background Thread 1 ] DEBUG GameApplicationServi - Application scenes initialized
01:17:04.486 [FXGL Background Thread 1 ] DEBUG SystemBundleService  - Loading FXGL system data
01:17:04.489 [FXGL Background Thread 1 ] DEBUG FileSystemAccess     - Reading from: C:\Users\Andrea\Desktop\Homework\traffic-mobile\system\fxgl.bundle
01:17:04.494 [FXGL Background Thread 1 ] DEBUG SystemBundleService  - Bundle FXGL: {}
01:17:04.494 [FXGL Background Thread 1 ] DEBUG UpdaterService       - Checking for updates
01:17:04.518 [FXGL Background Thread 4 ] DEBUG FXGLApplication      - Loading fonts
01:17:04.518 [FXGL Background Thread 1 ] DEBUG FXGLApplication      - Loading default localization
01:17:04.518 [FXGL Background Thread 1 ] DEBUG FXGLAssetLoaderServi - Loading from file system: /assets/languages/english.lang
01:17:04.518 [FXGL Background Thread 4 ] DEBUG FXGLAssetLoaderServi - Loading from file system: /assets/ui/fonts/VarelaRound-Regular.ttf
01:17:04.529 [FXGL Background Thread 1 ] INFO  FXGLApplication      - FXGL initialization took: 0,661 sec
01:17:04.535 [JavaFX Application Thread] DEBUG Input                - Registered new binding: Change trafficlight status - F
01:17:04.535 [JavaFX Application Thread] DEBUG Input                - Registered new binding: Move Right - D
01:17:04.535 [JavaFX Application Thread] DEBUG Input                - Registered new binding: Move Left - A
01:17:04.535 [JavaFX Application Thread] DEBUG Input                - Registered new binding: Move Up - W
01:17:04.536 [JavaFX Application Thread] DEBUG Input                - Registered new binding: Move Down - S
01:17:04.536 [JavaFX Application Thread] DEBUG Input                - Registered new binding: Spawn Car - Space
01:17:04.536 [JavaFX Application Thread] DEBUG Input                - Registered new binding: Select and change traffic light - LMB
01:17:04.537 [JavaFX Application Thread] DEBUG FXGLAssetLoaderServi - Loading from file system: /assets/textures/fxgl_icon.png
01:17:04.549 [JavaFX Application Thread] DEBUG FXGLAssetLoaderServi - Loading from file system: /assets/ui/cursors/fxgl_default.png
01:17:04.551 [JavaFX Application Thread] DEBUG Input                - Registered new binding: Screenshot - P
01:17:04.551 [JavaFX Application Thread] DEBUG Input                - Registered new binding: Dev Options - 1
01:17:04.552 [JavaFX Application Thread] DEBUG Input                - Registered new binding: Dev Console - 2
01:17:04.553 [JavaFX Application Thread] DEBUG Input                - Registered new binding: System info dump - CTRL+9
01:17:04.553 [JavaFX Application Thread] DEBUG Input                - Registered new binding: Restart - CTRL+R
01:17:04.554 [JavaFX Application Thread] DEBUG Input                - Registered new binding: Toggle Debug Camera - CTRL+C
01:17:04.555 [JavaFX Application Thread] DEBUG LoopRunner           - Starting loop
01:17:04.564 [JavaFX Application Thread] DEBUG Input                - Clearing active input actions
01:17:04.571 [JavaFX Application Thread] DEBUG GameApplicationServi - Removing overlay from StartupScene and adding to FXGLMainMenuDummyScene
01:17:04.573 [JavaFX Application Thread] DEBUG MainWindow           - StartupScene -> FXGLMainMenuDummyScene
01:17:04.574 [JavaFX Application Thread] DEBUG MainWindow           - Push state: TrafficAppMenu
01:17:04.574 [JavaFX Application Thread] DEBUG Input                - Clearing active input actions
01:17:04.594 [JavaFX Application Thread] DEBUG GameApplicationServi - Removing overlay from FXGLMainMenuDummyScene and adding to TrafficAppMenu
01:17:04.594 [JavaFX Application Thread] DEBUG MainWindow           - FXGLMainMenuDummyScene -> TrafficAppMenu
01:17:05.043 [FXGL Background Thread 4 ] DEBUG FXGLAssetLoaderServi - Loading from file system: /assets/ui/fonts/Abel-Regular.ttf
01:17:05.046 [FXGL Background Thread 4 ] DEBUG FXGLAssetLoaderServi - Loading from file system: /assets/ui/fonts/lucida_console.ttf
01:17:05.050 [FXGL Background Thread 4 ] DEBUG FXGLAssetLoaderServi - Loading from file system: /assets/ui/fonts/Courier-Prime.ttf
01:17:05.054 [JavaFX Application Thread] DEBUG FXGLApplication      - Registering font factories with UI factory
01:17:05.326 [JavaFX Application Thread] DEBUG Menu                 - fireNewGame()
01:17:05.326 [JavaFX Application Thread] DEBUG GameApplicationServi - Starting new game
01:17:05.326 [JavaFX Application Thread] DEBUG MainWindow           - Pop state: TrafficAppMenu
01:17:05.327 [JavaFX Application Thread] DEBUG Input                - Clearing active input actions
01:17:05.327 [JavaFX Application Thread] DEBUG GameApplicationServi - Removing overlay from TrafficAppMenu and adding to FXGLMainMenuDummyScene
01:17:05.329 [JavaFX Application Thread] DEBUG MainWindow           - FXGLMainMenuDummyScene <- TrafficAppMenu
01:17:05.329 [JavaFX Application Thread] DEBUG Input                - Clearing active input actions
01:17:05.335 [JavaFX Application Thread] DEBUG GameApplicationServi - Removing overlay from FXGLMainMenuDummyScene and adding to FXGLLoadingScene
01:17:05.335 [JavaFX Application Thread] DEBUG MainWindow           - FXGLMainMenuDummyScene -> FXGLLoadingScene
01:17:05.336 [JavaFX Application Thread] DEBUG GameApplicationServi - Clearing previous game
01:17:05.336 [JavaFX Application Thread] DEBUG GameScene            - Clearing game scene
01:17:05.336 [JavaFX Application Thread] DEBUG GameWorld            - Clearing game world
01:17:05.336 [JavaFX Application Thread] DEBUG PhysicsWorld         - Clearing physics world
01:17:05.337 [FXGL Background Thread 4 ] DEBUG FXGLApplication      - Initializing game
01:17:05.361 [FXGL Background Thread 4 ] DEBUG FXGLAssetLoaderServi - Loading from file system: /assets/levels/Mappa-testing.tmx
01:17:05.380 [FXGL Background Thread 4 ] WARN  TMXLevelLoader       - TiledMap generated from 1.4.1. Supported version: 1.2.3. Some features may not be parsed fully.
01:17:05.397 [FXGL Background Thread 4 ] DEBUG TMXLevelLoader       - Parsed raw map: TiledMap(width=16, height=9, tilewidth=125, tileheight=125, orientation=orthogonal, layers=[Layer(width=16, height=9, name=Tile Layer 1, type=tilelayer, visible=false, x=0, y=0, data=[24, 24, 24, 26, 5, 28, 24, 24, 24, 24, 24, 26, 5, 28, 24, 24, 25, 25, 25, 32, 5, 34, 25, 25, 25, 25, 25, 32, 5, 34, 25, 25, 6, 6, 6, 6, 7, 6, 6, 6, 6, 6, 6, 6, 7, 6, 6, 6, 27, 27, 27, 33, 5, 21, 13, 13, 13, 13, 13, 19, 5, 35, 27, 27, 24, 24, 24, 26, 5, 14, 10, 10, 10, 10, 10, 12, 5, 28, 24, 24, 25, 25, 25, 32, 5, 20, 11, 11, 11, 11, 11, 18, 5, 34, 25, 25, 6, 6, 6, 6, 7, 6, 6, 6, 6, 6, 6, 6, 7, 6, 6, 6, 27, 27, 27, 33, 5, 35, 27, 27, 27, 27, 27, 33, 5, 35, 27, 27, 24, 24, 24, 26, 5, 28, 24, 24, 24, 24, 24, 26, 5, 28, 24, 24], objects=[], opacity=0.0, draworder=), Layer(width=0, height=0, name=spawnpoints, type=objectgroup, visible=false, x=0, y=0, data=[], objects=[com.almasb.fxgl.entity.level.tiled.TiledObject@78391318, com.almasb.fxgl.entity.level.tiled.TiledObject@50574c95, com.almasb.fxgl.entity.level.tiled.TiledObject@16381c3c, com.almasb.fxgl.entity.level.tiled.TiledObject@5b91b4c, com.almasb.fxgl.entity.level.tiled.TiledObject@35287930, com.almasb.fxgl.entity.level.tiled.TiledObject@5f71b8e4, com.almasb.fxgl.entity.level.tiled.TiledObject@97e86ca, com.almasb.fxgl.entity.level.tiled.TiledObject@44509fd2], opacity=0.0, draworder=), Layer(width=0, height=0, name=paths, type=objectgroup, visible=false, x=0, y=0, data=[], objects=[com.almasb.fxgl.entity.level.tiled.TiledObject@32478f91, com.almasb.fxgl.entity.level.tiled.TiledObject@60a3b7a5, com.almasb.fxgl.entity.level.tiled.TiledObject@1d1635ad, com.almasb.fxgl.entity.level.tiled.TiledObject@5d7897d2, com.almasb.fxgl.entity.level.tiled.TiledObject@53cdb0eb, com.almasb.fxgl.entity.level.tiled.TiledObject@2e2e3ba8, com.almasb.fxgl.entity.level.tiled.TiledObject@239c89d, com.almasb.fxgl.entity.level.tiled.TiledObject@1be6090f, com.almasb.fxgl.entity.level.tiled.TiledObject@2592a870, com.almasb.fxgl.entity.level.tiled.TiledObject@7abe2411, com.almasb.fxgl.entity.level.tiled.TiledObject@360f66fb, com.almasb.fxgl.entity.level.tiled.TiledObject@1d8abf44, com.almasb.fxgl.entity.level.tiled.TiledObject@2deb45ad, com.almasb.fxgl.entity.level.tiled.TiledObject@267e62ad, com.almasb.fxgl.entity.level.tiled.TiledObject@6b0bf027, com.almasb.fxgl.entity.level.tiled.TiledObject@2333029d, com.almasb.fxgl.entity.level.tiled.TiledObject@5402fd7b, com.almasb.fxgl.entity.level.tiled.TiledObject@13c965c, com.almasb.fxgl.entity.level.tiled.TiledObject@3502d494, com.almasb.fxgl.entity.level.tiled.TiledObject@e1e0f43, com.almasb.fxgl.entity.level.tiled.TiledObject@4db4d2de, com.almasb.fxgl.entity.level.tiled.TiledObject@28df3342, com.almasb.fxgl.entity.level.tiled.TiledObject@bdae4b9, com.almasb.fxgl.entity.level.tiled.TiledObject@75c08696], opacity=0.0, draworder=), Layer(width=0, height=0, name=Incroci, type=objectgroup, visible=false, x=0, y=0, data=[], objects=[com.almasb.fxgl.entity.level.tiled.TiledObject@1e8998d2, com.almasb.fxgl.entity.level.tiled.TiledObject@4f1ded62, com.almasb.fxgl.entity.level.tiled.TiledObject@13be3714, com.almasb.fxgl.entity.level.tiled.TiledObject@62bbf7c3], opacity=0.0, draworder=), Layer(width=0, height=0, name=trafficLight, type=objectgroup, visible=false, x=0, y=0, data=[], objects=[com.almasb.fxgl.entity.level.tiled.TiledObject@3026ac4e, com.almasb.fxgl.entity.level.tiled.TiledObject@10f021d5, com.almasb.fxgl.entity.level.tiled.TiledObject@7214a248, com.almasb.fxgl.entity.level.tiled.TiledObject@4f2c4626, com.almasb.fxgl.entity.level.tiled.TiledObject@4a6dd751, com.almasb.fxgl.entity.level.tiled.TiledObject@5b82a940, com.almasb.fxgl.entity.level.tiled.TiledObject@c53469a, com.almasb.fxgl.entity.level.tiled.TiledObject@21633c40, com.almasb.fxgl.entity.level.tiled.TiledObject@590a062, com.almasb.fxgl.entity.level.tiled.TiledObject@4b16d139, com.almasb.fxgl.entity.level.tiled.TiledObject@5d673957, com.almasb.fxgl.entity.level.tiled.TiledObject@655e9f87, com.almasb.fxgl.entity.level.tiled.TiledObject@65cdb0fe, com.almasb.fxgl.entity.level.tiled.TiledObject@182f3a67, com.almasb.fxgl.entity.level.tiled.TiledObject@7c6615b4, com.almasb.fxgl.entity.level.tiled.TiledObject@6d550f18], opacity=0.0, draworder=)], tilesets=[Tileset(firstgid=1, image=../textures/rsz_tiles_sheet.png, name=rsz_tiles_sheet, tilewidth=125, tileheight=125, imagewidth=875, imageheight=750, margin=0, spacing=0, columns=7, tilecount=42, transparentcolor=41ffef, tiles=[])], backgroundcolor=, renderorder=left-up, nextobjectid=66, version=1, tiledversion=1.4.1, type=map, infinite=false, hexsidelength=0, staggeraxis=, staggerindex=, properties={}, propertytypes={})
01:17:05.398 [FXGL Background Thread 4 ] DEBUG TMXLevelLoader       - Creating tile layer entities
01:17:05.399 [FXGL Background Thread 4 ] DEBUG TilesetLoader        - Loading view for layer Tile Layer 1
01:17:05.403 [FXGL Background Thread 4 ] DEBUG TilesetLoader        - Created buffer with size 2000.0x1125.0
01:17:05.503 [FXGL Background Thread 4 ] DEBUG TilesetLoader        - Writing to buffer: dst=0,0, w=125,h=125, src=250,375
01:17:05.504 [FXGL Background Thread 4 ] DEBUG TilesetLoader        - Writing to buffer: dst=125,0, w=125,h=125, src=250,375
01:17:05.504 [FXGL Background Thread 4 ] DEBUG TilesetLoader        - Writing to buffer: dst=250,0, w=125,h=125, src=250,375
01:17:05.504 [FXGL Background Thread 4 ] DEBUG TilesetLoader        - Writing to buffer: dst=375,0, w=125,h=125, src=500,375
01:17:05.505 [FXGL Background Thread 4 ] DEBUG TilesetLoader        - Writing to buffer: dst=500,0, w=125,h=125, src=500,0
01:17:05.506 [FXGL Background Thread 4 ] DEBUG TilesetLoader        - Writing to buffer: dst=625,0, w=125,h=125, src=750,375
01:17:05.506 [FXGL Background Thread 4 ] DEBUG TilesetLoader        - Writing to buffer: dst=750,0, w=125,h=125, src=250,375
01:17:05.506 [FXGL Background Thread 4 ] DEBUG TilesetLoader        - Writing to buffer: dst=875,0, w=125,h=125, src=250,375
01:17:05.506 [FXGL Background Thread 4 ] DEBUG TilesetLoader        - Writing to buffer: dst=1000,0, w=125,h=125, src=250,375
01:17:05.506 [FXGL Background Thread 4 ] DEBUG TilesetLoader        - Writing to buffer: dst=1125,0, w=125,h=125, src=250,375
01:17:05.507 [FXGL Background Thread 4 ] DEBUG TilesetLoader        - Writing to buffer: dst=1250,0, w=125,h=125, src=250,375
01:17:05.507 [FXGL Background Thread 4 ] DEBUG TilesetLoader        - Writing to buffer: dst=1375,0, w=125,h=125, src=500,375
01:17:05.507 [FXGL Background Thread 4 ] DEBUG TilesetLoader        - Writing to buffer: dst=1500,0, w=125,h=125, src=500,0
01:17:05.507 [FXGL Background Thread 4 ] DEBUG TilesetLoader        - Writing to buffer: dst=1625,0, w=125,h=125, src=750,375
01:17:05.507 [FXGL Background Thread 4 ] DEBUG TilesetLoader        - Writing to buffer: dst=1750,0, w=125,h=125, src=250,375
01:17:05.508 [FXGL Background Thread 4 ] DEBUG TilesetLoader        - Writing to buffer: dst=1875,0, w=125,h=125, src=250,375
01:17:05.508 [FXGL Background Thread 4 ] DEBUG TilesetLoader        - Writing to buffer: dst=0,125, w=125,h=125, src=375,375
01:17:05.508 [FXGL Background Thread 4 ] DEBUG TilesetLoader        - Writing to buffer: dst=125,125, w=125,h=125, src=375,375
01:17:05.508 [FXGL Background Thread 4 ] DEBUG TilesetLoader        - Writing to buffer: dst=250,125, w=125,h=125, src=375,375
01:17:05.508 [FXGL Background Thread 4 ] DEBUG TilesetLoader        - Writing to buffer: dst=375,125, w=125,h=125, src=375,500
01:17:05.508 [FXGL Background Thread 4 ] DEBUG TilesetLoader        - Writing to buffer: dst=500,125, w=125,h=125, src=500,0
01:17:05.508 [FXGL Background Thread 4 ] DEBUG TilesetLoader        - Writing to buffer: dst=625,125, w=125,h=125, src=625,500
01:17:05.509 [FXGL Background Thread 4 ] DEBUG TilesetLoader        - Writing to buffer: dst=750,125, w=125,h=125, src=375,375
01:17:05.509 [FXGL Background Thread 4 ] DEBUG TilesetLoader        - Writing to buffer: dst=875,125, w=125,h=125, src=375,375
01:17:05.509 [FXGL Background Thread 4 ] DEBUG TilesetLoader        - Writing to buffer: dst=1000,125, w=125,h=125, src=375,375
01:17:05.509 [FXGL Background Thread 4 ] DEBUG TilesetLoader        - Writing to buffer: dst=1125,125, w=125,h=125, src=375,375
01:17:05.509 [FXGL Background Thread 4 ] DEBUG TilesetLoader        - Writing to buffer: dst=1250,125, w=125,h=125, src=375,375
01:17:05.509 [FXGL Background Thread 4 ] DEBUG TilesetLoader        - Writing to buffer: dst=1375,125, w=125,h=125, src=375,500
01:17:05.510 [FXGL Background Thread 4 ] DEBUG TilesetLoader        - Writing to buffer: dst=1500,125, w=125,h=125, src=500,0
01:17:05.511 [FXGL Background Thread 4 ] DEBUG TilesetLoader        - Writing to buffer: dst=1625,125, w=125,h=125, src=625,500
01:17:05.511 [FXGL Background Thread 4 ] DEBUG TilesetLoader        - Writing to buffer: dst=1750,125, w=125,h=125, src=375,375
01:17:05.511 [FXGL Background Thread 4 ] DEBUG TilesetLoader        - Writing to buffer: dst=1875,125, w=125,h=125, src=375,375
01:17:05.511 [FXGL Background Thread 4 ] DEBUG TilesetLoader        - Writing to buffer: dst=0,250, w=125,h=125, src=625,0
01:17:05.511 [FXGL Background Thread 4 ] DEBUG TilesetLoader        - Writing to buffer: dst=125,250, w=125,h=125, src=625,0
01:17:05.512 [FXGL Background Thread 4 ] DEBUG TilesetLoader        - Writing to buffer: dst=250,250, w=125,h=125, src=625,0
01:17:05.512 [FXGL Background Thread 4 ] DEBUG TilesetLoader        - Writing to buffer: dst=375,250, w=125,h=125, src=625,0
01:17:05.512 [FXGL Background Thread 4 ] DEBUG TilesetLoader        - Writing to buffer: dst=500,250, w=125,h=125, src=750,0
01:17:05.513 [FXGL Background Thread 4 ] DEBUG TilesetLoader        - Writing to buffer: dst=625,250, w=125,h=125, src=625,0
01:17:05.513 [FXGL Background Thread 4 ] DEBUG TilesetLoader        - Writing to buffer: dst=750,250, w=125,h=125, src=625,0
01:17:05.513 [FXGL Background Thread 4 ] DEBUG TilesetLoader        - Writing to buffer: dst=875,250, w=125,h=125, src=625,0
01:17:05.513 [FXGL Background Thread 4 ] DEBUG TilesetLoader        - Writing to buffer: dst=1000,250, w=125,h=125, src=625,0
01:17:05.513 [FXGL Background Thread 4 ] DEBUG TilesetLoader        - Writing to buffer: dst=1125,250, w=125,h=125, src=625,0
01:17:05.514 [FXGL Background Thread 4 ] DEBUG TilesetLoader        - Writing to buffer: dst=1250,250, w=125,h=125, src=625,0
01:17:05.514 [FXGL Background Thread 4 ] DEBUG TilesetLoader        - Writing to buffer: dst=1375,250, w=125,h=125, src=625,0
01:17:05.514 [FXGL Background Thread 4 ] DEBUG TilesetLoader        - Writing to buffer: dst=1500,250, w=125,h=125, src=750,0
01:17:05.514 [FXGL Background Thread 4 ] DEBUG TilesetLoader        - Writing to buffer: dst=1625,250, w=125,h=125, src=625,0
01:17:05.514 [FXGL Background Thread 4 ] DEBUG TilesetLoader        - Writing to buffer: dst=1750,250, w=125,h=125, src=625,0
01:17:05.514 [FXGL Background Thread 4 ] DEBUG TilesetLoader        - Writing to buffer: dst=1875,250, w=125,h=125, src=625,0
01:17:05.514 [FXGL Background Thread 4 ] DEBUG TilesetLoader        - Writing to buffer: dst=0,375, w=125,h=125, src=625,375
01:17:05.514 [FXGL Background Thread 4 ] DEBUG TilesetLoader        - Writing to buffer: dst=125,375, w=125,h=125, src=625,375
01:17:05.514 [FXGL Background Thread 4 ] DEBUG TilesetLoader        - Writing to buffer: dst=250,375, w=125,h=125, src=625,375
01:17:05.514 [FXGL Background Thread 4 ] DEBUG TilesetLoader        - Writing to buffer: dst=375,375, w=125,h=125, src=500,500
01:17:05.515 [FXGL Background Thread 4 ] DEBUG TilesetLoader        - Writing to buffer: dst=500,375, w=125,h=125, src=500,0
01:17:05.515 [FXGL Background Thread 4 ] DEBUG TilesetLoader        - Writing to buffer: dst=625,375, w=125,h=125, src=750,250
01:17:05.515 [FXGL Background Thread 4 ] DEBUG TilesetLoader        - Writing to buffer: dst=750,375, w=125,h=125, src=625,125
01:17:05.515 [FXGL Background Thread 4 ] DEBUG TilesetLoader        - Writing to buffer: dst=875,375, w=125,h=125, src=625,125
01:17:05.515 [FXGL Background Thread 4 ] DEBUG TilesetLoader        - Writing to buffer: dst=1000,375, w=125,h=125, src=625,125
01:17:05.515 [FXGL Background Thread 4 ] DEBUG TilesetLoader        - Writing to buffer: dst=1125,375, w=125,h=125, src=625,125
01:17:05.515 [FXGL Background Thread 4 ] DEBUG TilesetLoader        - Writing to buffer: dst=1250,375, w=125,h=125, src=625,125
01:17:05.515 [FXGL Background Thread 4 ] DEBUG TilesetLoader        - Writing to buffer: dst=1375,375, w=125,h=125, src=500,250
01:17:05.517 [FXGL Background Thread 4 ] DEBUG TilesetLoader        - Writing to buffer: dst=1500,375, w=125,h=125, src=500,0
01:17:05.517 [FXGL Background Thread 4 ] DEBUG TilesetLoader        - Writing to buffer: dst=1625,375, w=125,h=125, src=750,500
01:17:05.517 [FXGL Background Thread 4 ] DEBUG TilesetLoader        - Writing to buffer: dst=1750,375, w=125,h=125, src=625,375
01:17:05.517 [FXGL Background Thread 4 ] DEBUG TilesetLoader        - Writing to buffer: dst=1875,375, w=125,h=125, src=625,375
01:17:05.518 [FXGL Background Thread 4 ] DEBUG TilesetLoader        - Writing to buffer: dst=0,500, w=125,h=125, src=250,375
01:17:05.518 [FXGL Background Thread 4 ] DEBUG TilesetLoader        - Writing to buffer: dst=125,500, w=125,h=125, src=250,375
01:17:05.518 [FXGL Background Thread 4 ] DEBUG TilesetLoader        - Writing to buffer: dst=250,500, w=125,h=125, src=250,375
01:17:05.519 [FXGL Background Thread 4 ] DEBUG TilesetLoader        - Writing to buffer: dst=375,500, w=125,h=125, src=500,375
01:17:05.519 [FXGL Background Thread 4 ] DEBUG TilesetLoader        - Writing to buffer: dst=500,500, w=125,h=125, src=500,0
01:17:05.519 [FXGL Background Thread 4 ] DEBUG TilesetLoader        - Writing to buffer: dst=625,500, w=125,h=125, src=750,125
01:17:05.519 [FXGL Background Thread 4 ] DEBUG TilesetLoader        - Writing to buffer: dst=750,500, w=125,h=125, src=250,125
01:17:05.519 [FXGL Background Thread 4 ] DEBUG TilesetLoader        - Writing to buffer: dst=875,500, w=125,h=125, src=250,125
01:17:05.519 [FXGL Background Thread 4 ] DEBUG TilesetLoader        - Writing to buffer: dst=1000,500, w=125,h=125, src=250,125
01:17:05.519 [FXGL Background Thread 4 ] DEBUG TilesetLoader        - Writing to buffer: dst=1125,500, w=125,h=125, src=250,125
01:17:05.519 [FXGL Background Thread 4 ] DEBUG TilesetLoader        - Writing to buffer: dst=1250,500, w=125,h=125, src=250,125
01:17:05.519 [FXGL Background Thread 4 ] DEBUG TilesetLoader        - Writing to buffer: dst=1375,500, w=125,h=125, src=500,125
01:17:05.520 [FXGL Background Thread 4 ] DEBUG TilesetLoader        - Writing to buffer: dst=1500,500, w=125,h=125, src=500,0
01:17:05.520 [FXGL Background Thread 4 ] DEBUG TilesetLoader        - Writing to buffer: dst=1625,500, w=125,h=125, src=750,375
01:17:05.520 [FXGL Background Thread 4 ] DEBUG TilesetLoader        - Writing to buffer: dst=1750,500, w=125,h=125, src=250,375
01:17:05.520 [FXGL Background Thread 4 ] DEBUG TilesetLoader        - Writing to buffer: dst=1875,500, w=125,h=125, src=250,375
01:17:05.520 [FXGL Background Thread 4 ] DEBUG TilesetLoader        - Writing to buffer: dst=0,625, w=125,h=125, src=375,375
01:17:05.520 [FXGL Background Thread 4 ] DEBUG TilesetLoader        - Writing to buffer: dst=125,625, w=125,h=125, src=375,375
01:17:05.520 [FXGL Background Thread 4 ] DEBUG TilesetLoader        - Writing to buffer: dst=250,625, w=125,h=125, src=375,375
01:17:05.520 [FXGL Background Thread 4 ] DEBUG TilesetLoader        - Writing to buffer: dst=375,625, w=125,h=125, src=375,500
01:17:05.521 [FXGL Background Thread 4 ] DEBUG TilesetLoader        - Writing to buffer: dst=500,625, w=125,h=125, src=500,0
01:17:05.521 [FXGL Background Thread 4 ] DEBUG TilesetLoader        - Writing to buffer: dst=625,625, w=125,h=125, src=625,250
01:17:05.521 [FXGL Background Thread 4 ] DEBUG TilesetLoader        - Writing to buffer: dst=750,625, w=125,h=125, src=375,125
01:17:05.521 [FXGL Background Thread 4 ] DEBUG TilesetLoader        - Writing to buffer: dst=875,625, w=125,h=125, src=375,125
01:17:05.522 [FXGL Background Thread 4 ] DEBUG TilesetLoader        - Writing to buffer: dst=1000,625, w=125,h=125, src=375,125
01:17:05.522 [FXGL Background Thread 4 ] DEBUG TilesetLoader        - Writing to buffer: dst=1125,625, w=125,h=125, src=375,125
01:17:05.522 [FXGL Background Thread 4 ] DEBUG TilesetLoader        - Writing to buffer: dst=1250,625, w=125,h=125, src=375,125
01:17:05.522 [FXGL Background Thread 4 ] DEBUG TilesetLoader        - Writing to buffer: dst=1375,625, w=125,h=125, src=375,250
01:17:05.522 [FXGL Background Thread 4 ] DEBUG TilesetLoader        - Writing to buffer: dst=1500,625, w=125,h=125, src=500,0
01:17:05.523 [FXGL Background Thread 4 ] DEBUG TilesetLoader        - Writing to buffer: dst=1625,625, w=125,h=125, src=625,500
01:17:05.523 [FXGL Background Thread 4 ] DEBUG TilesetLoader        - Writing to buffer: dst=1750,625, w=125,h=125, src=375,375
01:17:05.523 [FXGL Background Thread 4 ] DEBUG TilesetLoader        - Writing to buffer: dst=1875,625, w=125,h=125, src=375,375
01:17:05.523 [FXGL Background Thread 4 ] DEBUG TilesetLoader        - Writing to buffer: dst=0,750, w=125,h=125, src=625,0
01:17:05.523 [FXGL Background Thread 4 ] DEBUG TilesetLoader        - Writing to buffer: dst=125,750, w=125,h=125, src=625,0
01:17:05.523 [FXGL Background Thread 4 ] DEBUG TilesetLoader        - Writing to buffer: dst=250,750, w=125,h=125, src=625,0
01:17:05.523 [FXGL Background Thread 4 ] DEBUG TilesetLoader        - Writing to buffer: dst=375,750, w=125,h=125, src=625,0
01:17:05.523 [FXGL Background Thread 4 ] DEBUG TilesetLoader        - Writing to buffer: dst=500,750, w=125,h=125, src=750,0
01:17:05.523 [FXGL Background Thread 4 ] DEBUG TilesetLoader        - Writing to buffer: dst=625,750, w=125,h=125, src=625,0
01:17:05.523 [FXGL Background Thread 4 ] DEBUG TilesetLoader        - Writing to buffer: dst=750,750, w=125,h=125, src=625,0
01:17:05.524 [FXGL Background Thread 4 ] DEBUG TilesetLoader        - Writing to buffer: dst=875,750, w=125,h=125, src=625,0
01:17:05.525 [FXGL Background Thread 4 ] DEBUG TilesetLoader        - Writing to buffer: dst=1000,750, w=125,h=125, src=625,0
01:17:05.525 [FXGL Background Thread 4 ] DEBUG TilesetLoader        - Writing to buffer: dst=1125,750, w=125,h=125, src=625,0
01:17:05.525 [FXGL Background Thread 4 ] DEBUG TilesetLoader        - Writing to buffer: dst=1250,750, w=125,h=125, src=625,0
01:17:05.525 [FXGL Background Thread 4 ] DEBUG TilesetLoader        - Writing to buffer: dst=1375,750, w=125,h=125, src=625,0
01:17:05.525 [FXGL Background Thread 4 ] DEBUG TilesetLoader        - Writing to buffer: dst=1500,750, w=125,h=125, src=750,0
01:17:05.525 [FXGL Background Thread 4 ] DEBUG TilesetLoader        - Writing to buffer: dst=1625,750, w=125,h=125, src=625,0
01:17:05.525 [FXGL Background Thread 4 ] DEBUG TilesetLoader        - Writing to buffer: dst=1750,750, w=125,h=125, src=625,0
01:17:05.525 [FXGL Background Thread 4 ] DEBUG TilesetLoader        - Writing to buffer: dst=1875,750, w=125,h=125, src=625,0
01:17:05.525 [FXGL Background Thread 4 ] DEBUG TilesetLoader        - Writing to buffer: dst=0,875, w=125,h=125, src=625,375
01:17:05.525 [FXGL Background Thread 4 ] DEBUG TilesetLoader        - Writing to buffer: dst=125,875, w=125,h=125, src=625,375
01:17:05.525 [FXGL Background Thread 4 ] DEBUG TilesetLoader        - Writing to buffer: dst=250,875, w=125,h=125, src=625,375
01:17:05.526 [FXGL Background Thread 4 ] DEBUG TilesetLoader        - Writing to buffer: dst=375,875, w=125,h=125, src=500,500
01:17:05.526 [FXGL Background Thread 4 ] DEBUG TilesetLoader        - Writing to buffer: dst=500,875, w=125,h=125, src=500,0
01:17:05.526 [FXGL Background Thread 4 ] DEBUG TilesetLoader        - Writing to buffer: dst=625,875, w=125,h=125, src=750,500
01:17:05.526 [FXGL Background Thread 4 ] DEBUG TilesetLoader        - Writing to buffer: dst=750,875, w=125,h=125, src=625,375
01:17:05.526 [FXGL Background Thread 4 ] DEBUG TilesetLoader        - Writing to buffer: dst=875,875, w=125,h=125, src=625,375
01:17:05.526 [FXGL Background Thread 4 ] DEBUG TilesetLoader        - Writing to buffer: dst=1000,875, w=125,h=125, src=625,375
01:17:05.526 [FXGL Background Thread 4 ] DEBUG TilesetLoader        - Writing to buffer: dst=1125,875, w=125,h=125, src=625,375
01:17:05.526 [FXGL Background Thread 4 ] DEBUG TilesetLoader        - Writing to buffer: dst=1250,875, w=125,h=125, src=625,375
01:17:05.526 [FXGL Background Thread 4 ] DEBUG TilesetLoader        - Writing to buffer: dst=1375,875, w=125,h=125, src=500,500
01:17:05.526 [FXGL Background Thread 4 ] DEBUG TilesetLoader        - Writing to buffer: dst=1500,875, w=125,h=125, src=500,0
01:17:05.526 [FXGL Background Thread 4 ] DEBUG TilesetLoader        - Writing to buffer: dst=1625,875, w=125,h=125, src=750,500
01:17:05.527 [FXGL Background Thread 4 ] DEBUG TilesetLoader        - Writing to buffer: dst=1750,875, w=125,h=125, src=625,375
01:17:05.527 [FXGL Background Thread 4 ] DEBUG TilesetLoader        - Writing to buffer: dst=1875,875, w=125,h=125, src=625,375
01:17:05.527 [FXGL Background Thread 4 ] DEBUG TilesetLoader        - Writing to buffer: dst=0,1000, w=125,h=125, src=250,375
01:17:05.527 [FXGL Background Thread 4 ] DEBUG TilesetLoader        - Writing to buffer: dst=125,1000, w=125,h=125, src=250,375
01:17:05.527 [FXGL Background Thread 4 ] DEBUG TilesetLoader        - Writing to buffer: dst=250,1000, w=125,h=125, src=250,375
01:17:05.527 [FXGL Background Thread 4 ] DEBUG TilesetLoader        - Writing to buffer: dst=375,1000, w=125,h=125, src=500,375
01:17:05.527 [FXGL Background Thread 4 ] DEBUG TilesetLoader        - Writing to buffer: dst=500,1000, w=125,h=125, src=500,0
01:17:05.527 [FXGL Background Thread 4 ] DEBUG TilesetLoader        - Writing to buffer: dst=625,1000, w=125,h=125, src=750,375
01:17:05.527 [FXGL Background Thread 4 ] DEBUG TilesetLoader        - Writing to buffer: dst=750,1000, w=125,h=125, src=250,375
01:17:05.527 [FXGL Background Thread 4 ] DEBUG TilesetLoader        - Writing to buffer: dst=875,1000, w=125,h=125, src=250,375
01:17:05.527 [FXGL Background Thread 4 ] DEBUG TilesetLoader        - Writing to buffer: dst=1000,1000, w=125,h=125, src=250,375
01:17:05.527 [FXGL Background Thread 4 ] DEBUG TilesetLoader        - Writing to buffer: dst=1125,1000, w=125,h=125, src=250,375
01:17:05.528 [FXGL Background Thread 4 ] DEBUG TilesetLoader        - Writing to buffer: dst=1250,1000, w=125,h=125, src=250,375
01:17:05.528 [FXGL Background Thread 4 ] DEBUG TilesetLoader        - Writing to buffer: dst=1375,1000, w=125,h=125, src=500,375
01:17:05.528 [FXGL Background Thread 4 ] DEBUG TilesetLoader        - Writing to buffer: dst=1500,1000, w=125,h=125, src=500,0
01:17:05.528 [FXGL Background Thread 4 ] DEBUG TilesetLoader        - Writing to buffer: dst=1625,1000, w=125,h=125, src=750,375
01:17:05.528 [FXGL Background Thread 4 ] DEBUG TilesetLoader        - Writing to buffer: dst=1750,1000, w=125,h=125, src=250,375
01:17:05.528 [FXGL Background Thread 4 ] DEBUG TilesetLoader        - Writing to buffer: dst=1875,1000, w=125,h=125, src=250,375
01:17:05.528 [FXGL Background Thread 4 ] DEBUG TMXLevelLoader       - Creating object layer entities
01:17:05.565 [FXGL Background Thread 4 ] DEBUG FXGLAssetLoaderServi - Loading from file system: /assets/textures/semaforoRosso-01.png
01:17:05.567 [FXGL Background Thread 4 ] DEBUG FXGLAssetLoaderServi - Loading from file system: /assets/textures/semaforoVerde-01.png
01:17:05.570 [FXGL Background Thread 4 ] DEBUG FXGLAssetLoaderServi - Loading from cache: /assets/textures/semaforoRosso-01.png
01:17:05.570 [FXGL Background Thread 4 ] DEBUG FXGLAssetLoaderServi - Loading from cache: /assets/textures/semaforoVerde-01.png
01:17:05.570 [FXGL Background Thread 4 ] DEBUG FXGLAssetLoaderServi - Loading from cache: /assets/textures/semaforoRosso-01.png
01:17:05.571 [FXGL Background Thread 4 ] DEBUG FXGLAssetLoaderServi - Loading from cache: /assets/textures/semaforoVerde-01.png
01:17:05.571 [FXGL Background Thread 4 ] DEBUG FXGLAssetLoaderServi - Loading from cache: /assets/textures/semaforoRosso-01.png
01:17:05.571 [FXGL Background Thread 4 ] DEBUG FXGLAssetLoaderServi - Loading from cache: /assets/textures/semaforoVerde-01.png
01:17:05.572 [FXGL Background Thread 4 ] DEBUG FXGLAssetLoaderServi - Loading from file system: /assets/textures/semaforoRosso-04.png
01:17:05.574 [FXGL Background Thread 4 ] DEBUG FXGLAssetLoaderServi - Loading from file system: /assets/textures/semaforoVerde-04.png
01:17:05.576 [FXGL Background Thread 4 ] DEBUG FXGLAssetLoaderServi - Loading from cache: /assets/textures/semaforoRosso-04.png
01:17:05.576 [FXGL Background Thread 4 ] DEBUG FXGLAssetLoaderServi - Loading from cache: /assets/textures/semaforoVerde-04.png
01:17:05.577 [FXGL Background Thread 4 ] DEBUG FXGLAssetLoaderServi - Loading from cache: /assets/textures/semaforoRosso-04.png
01:17:05.577 [FXGL Background Thread 4 ] DEBUG FXGLAssetLoaderServi - Loading from cache: /assets/textures/semaforoVerde-04.png
01:17:05.578 [FXGL Background Thread 4 ] DEBUG FXGLAssetLoaderServi - Loading from cache: /assets/textures/semaforoRosso-04.png
01:17:05.578 [FXGL Background Thread 4 ] DEBUG FXGLAssetLoaderServi - Loading from cache: /assets/textures/semaforoVerde-04.png
01:17:05.578 [FXGL Background Thread 4 ] DEBUG FXGLAssetLoaderServi - Loading from file system: /assets/textures/semaforoRosso-03.png
01:17:05.580 [FXGL Background Thread 4 ] DEBUG FXGLAssetLoaderServi - Loading from file system: /assets/textures/semaforoVerde-03.png
01:17:05.582 [FXGL Background Thread 4 ] DEBUG FXGLAssetLoaderServi - Loading from cache: /assets/textures/semaforoRosso-03.png
01:17:05.582 [FXGL Background Thread 4 ] DEBUG FXGLAssetLoaderServi - Loading from cache: /assets/textures/semaforoVerde-03.png
01:17:05.583 [FXGL Background Thread 4 ] DEBUG FXGLAssetLoaderServi - Loading from cache: /assets/textures/semaforoRosso-03.png
01:17:05.583 [FXGL Background Thread 4 ] DEBUG FXGLAssetLoaderServi - Loading from cache: /assets/textures/semaforoVerde-03.png
01:17:05.584 [FXGL Background Thread 4 ] DEBUG FXGLAssetLoaderServi - Loading from cache: /assets/textures/semaforoRosso-03.png
01:17:05.584 [FXGL Background Thread 4 ] DEBUG FXGLAssetLoaderServi - Loading from cache: /assets/textures/semaforoVerde-03.png
01:17:05.585 [FXGL Background Thread 4 ] DEBUG FXGLAssetLoaderServi - Loading from file system: /assets/textures/semaforoRosso-02.png
01:17:05.586 [FXGL Background Thread 4 ] DEBUG FXGLAssetLoaderServi - Loading from file system: /assets/textures/semaforoVerde-02.png
01:17:05.589 [FXGL Background Thread 4 ] DEBUG FXGLAssetLoaderServi - Loading from cache: /assets/textures/semaforoRosso-02.png
01:17:05.589 [FXGL Background Thread 4 ] DEBUG FXGLAssetLoaderServi - Loading from cache: /assets/textures/semaforoVerde-02.png
01:17:05.590 [FXGL Background Thread 4 ] DEBUG FXGLAssetLoaderServi - Loading from cache: /assets/textures/semaforoRosso-02.png
01:17:05.590 [FXGL Background Thread 4 ] DEBUG FXGLAssetLoaderServi - Loading from cache: /assets/textures/semaforoVerde-02.png
01:17:05.591 [FXGL Background Thread 4 ] DEBUG FXGLAssetLoaderServi - Loading from cache: /assets/textures/semaforoRosso-02.png
01:17:05.591 [FXGL Background Thread 4 ] DEBUG FXGLAssetLoaderServi - Loading from cache: /assets/textures/semaforoVerde-02.png
01:17:05.592 [FXGL Background Thread 4 ] DEBUG GameWorld            - Clearing removable entities
01:17:05.592 [FXGL Background Thread 4 ] DEBUG GameWorld            - Setting level: com.almasb.fxgl.entity.level.Level@40430277
01:17:05.599 [FXGL Background Thread 4 ] DEBUG FXGLAssetLoaderServi - Loading from file system: /assets/textures/pointer-sprite.png
01:17:05.674 [FXGL Background Thread 4 ] INFO  FXGLApplication      - Game initialization took: 0,336 sec
01:17:05.675 [JavaFX Application Thread] DEBUG Input                - Clearing active input actions
01:17:05.682 [JavaFX Application Thread] DEBUG GameApplicationServi - Removing overlay from FXGLLoadingScene and adding to GameScene
01:17:05.685 [JavaFX Application Thread] DEBUG MainWindow           - FXGLLoadingScene -> GameScene
01:17:07.517 [FXGL Background Thread 3 ] DEBUG Engine               - Logging environment variables
01:17:07.521 [FXGL Background Thread 3 ] DEBUG Engine               - achievements: []
01:17:07.522 [FXGL Background Thread 3 ] DEBUG Engine               - appIcon: fxgl_icon.png
01:17:07.522 [FXGL Background Thread 3 ] DEBUG Engine               - applicationMode: DEVELOPER
01:17:07.522 [FXGL Background Thread 3 ] DEBUG Engine               - cSSList: [fxgl_dark.css]
01:17:07.522 [FXGL Background Thread 3 ] DEBUG Engine               - configClass: Optional.empty
01:17:07.522 [FXGL Background Thread 3 ] DEBUG Engine               - credits: []
01:17:07.522 [FXGL Background Thread 3 ] DEBUG Engine               - devBBoxColorProperty: ObjectProperty [value: 0xff0000ff]
01:17:07.523 [FXGL Background Thread 3 ] DEBUG Engine               - devEnableDebugCameraProperty: BooleanProperty [value: false]
01:17:07.523 [FXGL Background Thread 3 ] DEBUG Engine               - devSensorColorProperty: ObjectProperty [value: 0xffff00ff]
01:17:07.523 [FXGL Background Thread 3 ] DEBUG Engine               - devShowBBoxProperty: BooleanProperty [value: false]
01:17:07.523 [FXGL Background Thread 3 ] DEBUG Engine               - devShowPositionProperty: BooleanProperty [value: false]
01:17:07.528 [FXGL Background Thread 3 ] DEBUG Engine               - enabledMenuItems: [SAVE_LOAD, EXTRA, ONLINE]
01:17:07.528 [FXGL Background Thread 3 ] DEBUG Engine               - engineServices: [class com.almasb.fxgl.app.FXGLApplication$GameApplicationService, class com.almasb.fxgl.app.services.FXGLDialogService, class com.almasb.fxgl.app.services.IOTaskExecutorService, class com.almasb.fxgl.event.EventBusService, class com.almasb.fxgl.io.FileSystemService, class com.almasb.fxgl.localization.LocalizationService, class com.almasb.fxgl.app.services.FXGLAssetLoaderService, class com.almasb.fxgl.app.services.SystemBundleService, class com.almasb.fxgl.profile.SaveLoadService, class com.almasb.fxgl.ui.FXGLUIFactoryServiceProvider, class com.almasb.fxgl.ui.FXGLDialogFactoryServiceProvider, class com.almasb.fxgl.audio.AudioPlayer, class com.almasb.fxgl.notification.impl.NotificationServiceProvider, class com.almasb.fxgl.achievement.AchievementService, class com.almasb.fxgl.cutscene.CutsceneService, class com.almasb.fxgl.minigames.MiniGameService, class com.almasb.fxgl.net.NetService, class com.almasb.fxgl.app.services.UpdaterService, class com.almasb.fxgl.dev.DevService]
01:17:07.528 [FXGL Background Thread 3 ] DEBUG Engine               - fontGame: Abel-Regular.ttf
01:17:07.528 [FXGL Background Thread 3 ] DEBUG Engine               - fontMono: lucida_console.ttf
01:17:07.528 [FXGL Background Thread 3 ] DEBUG Engine               - fontText: Courier-Prime.ttf
01:17:07.528 [FXGL Background Thread 3 ] DEBUG Engine               - fontUI: VarelaRound-Regular.ttf
01:17:07.528 [FXGL Background Thread 3 ] DEBUG Engine               - fullScreen: BooleanProperty [value: false]
01:17:07.528 [FXGL Background Thread 3 ] DEBUG Engine               - gameDifficulty: MEDIUM
01:17:07.528 [FXGL Background Thread 3 ] DEBUG Engine               - gameDifficultyProperty: ObjectProperty [value: MEDIUM]
01:17:07.529 [FXGL Background Thread 3 ] DEBUG Engine               - globalMusicVolume: 0.5
01:17:07.529 [FXGL Background Thread 3 ] DEBUG Engine               - globalMusicVolumeProperty: DoubleProperty [value: 0.5]
01:17:07.529 [FXGL Background Thread 3 ] DEBUG Engine               - globalSoundVolume: 0.5
01:17:07.529 [FXGL Background Thread 3 ] DEBUG Engine               - globalSoundVolumeProperty: DoubleProperty [value: 0.5]
01:17:07.529 [FXGL Background Thread 3 ] DEBUG Engine               - height: 1125
01:17:07.529 [FXGL Background Thread 3 ] DEBUG Engine               - isAndroid: false
01:17:07.529 [FXGL Background Thread 3 ] DEBUG Engine               - isBrowser: false
01:17:07.529 [FXGL Background Thread 3 ] DEBUG Engine               - isClickFeedbackEnabled: false
01:17:07.529 [FXGL Background Thread 3 ] DEBUG Engine               - isCloseConfirmation: false
01:17:07.529 [FXGL Background Thread 3 ] DEBUG Engine               - isDesktop: true
01:17:07.529 [FXGL Background Thread 3 ] DEBUG Engine               - isDeveloperMenuEnabled: true
01:17:07.529 [FXGL Background Thread 3 ] DEBUG Engine               - isEntityPreloadEnabled: true
01:17:07.529 [FXGL Background Thread 3 ] DEBUG Engine               - isExperimentalNative: false
01:17:07.529 [FXGL Background Thread 3 ] DEBUG Engine               - isExperimentalTiledLargeMap: false
01:17:07.530 [FXGL Background Thread 3 ] DEBUG Engine               - isFileSystemWriteAllowed: true
01:17:07.530 [FXGL Background Thread 3 ] DEBUG Engine               - isFullScreenAllowed: false
01:17:07.530 [FXGL Background Thread 3 ] DEBUG Engine               - isFullScreenFromStart: false
01:17:07.530 [FXGL Background Thread 3 ] DEBUG Engine               - isGameMenuEnabled: true
01:17:07.530 [FXGL Background Thread 3 ] DEBUG Engine               - isIOS: false
01:17:07.531 [FXGL Background Thread 3 ] DEBUG Engine               - isIntroEnabled: false
01:17:07.531 [FXGL Background Thread 3 ] DEBUG Engine               - isLinux: false
01:17:07.531 [FXGL Background Thread 3 ] DEBUG Engine               - isMac: false
01:17:07.531 [FXGL Background Thread 3 ] DEBUG Engine               - isMainMenuEnabled: true
01:17:07.531 [FXGL Background Thread 3 ] DEBUG Engine               - isManualResizeEnabled: true
01:17:07.533 [FXGL Background Thread 3 ] DEBUG Engine               - isMobile: false
01:17:07.533 [FXGL Background Thread 3 ] DEBUG Engine               - isPreserveResizeRatio: true
01:17:07.533 [FXGL Background Thread 3 ] DEBUG Engine               - isProfilingEnabled: false
01:17:07.533 [FXGL Background Thread 3 ] DEBUG Engine               - isSingleStep: false
01:17:07.533 [FXGL Background Thread 3 ] DEBUG Engine               - isUserProfileEnabled: false
01:17:07.533 [FXGL Background Thread 3 ] DEBUG Engine               - isWindows: true
01:17:07.533 [FXGL Background Thread 3 ] DEBUG Engine               - language: ObjectProperty [value: ENGLISH]
01:17:07.533 [FXGL Background Thread 3 ] DEBUG Engine               - menuKey: ESCAPE
01:17:07.533 [FXGL Background Thread 3 ] DEBUG Engine               - notificationViewClass: class com.almasb.fxgl.notification.view.XboxNotificationView
01:17:07.533 [FXGL Background Thread 3 ] DEBUG Engine               - pixelsPerMeter: 50.0
01:17:07.533 [FXGL Background Thread 3 ] DEBUG Engine               - platform: WINDOWS
01:17:07.533 [FXGL Background Thread 3 ] DEBUG Engine               - profileDir: profiles/
01:17:07.533 [FXGL Background Thread 3 ] DEBUG Engine               - profileName: StringProperty [value: DEFAULT]
01:17:07.533 [FXGL Background Thread 3 ] DEBUG Engine               - randomSeed: -1
01:17:07.533 [FXGL Background Thread 3 ] DEBUG Engine               - runtimeInfo: RuntimeInfo(platform=WINDOWS, version=dev-SNAPSHOT, build=08.09.2020 17.31)
01:17:07.533 [FXGL Background Thread 3 ] DEBUG Engine               - saveFileExt: sav
01:17:07.534 [FXGL Background Thread 3 ] DEBUG Engine               - sceneFactory: it.uniroma1.metodologie.trafficGame.TrafficApp$1@29e4ae48
01:17:07.534 [FXGL Background Thread 3 ] DEBUG Engine               - secondsIn24h: 60
01:17:07.534 [FXGL Background Thread 3 ] DEBUG Engine               - soundMenuBack: menu/back.wav
01:17:07.534 [FXGL Background Thread 3 ] DEBUG Engine               - soundMenuPress: menu/press.wav
01:17:07.534 [FXGL Background Thread 3 ] DEBUG Engine               - soundMenuSelect: menu/select.wav
01:17:07.534 [FXGL Background Thread 3 ] DEBUG Engine               - soundNotification: core/notification.wav
01:17:07.534 [FXGL Background Thread 3 ] DEBUG Engine               - stageStyle: DECORATED
01:17:07.534 [FXGL Background Thread 3 ] DEBUG Engine               - supportedLanguages: [ENGLISH, FRENCH, GERMAN, HUNGARIAN, RUSSIAN]
01:17:07.534 [FXGL Background Thread 3 ] DEBUG Engine               - title: Traffic
01:17:07.534 [FXGL Background Thread 3 ] DEBUG Engine               - urlGithub: https://github.com/AlmasB/FXGL
01:17:07.534 [FXGL Background Thread 3 ] DEBUG Engine               - urlLeaderboard: http://fxgl-top.herokuapp.com/
01:17:07.534 [FXGL Background Thread 3 ] DEBUG Engine               - urlPOM: https://raw.githubusercontent.com/AlmasB/FXGL/master/pom.xml
01:17:07.534 [FXGL Background Thread 3 ] DEBUG Engine               - version: Alpha 1.0
01:17:07.534 [FXGL Background Thread 3 ] DEBUG Engine               - versionCheckDays: 7
01:17:07.534 [FXGL Background Thread 3 ] DEBUG Engine               - width: 2000
01:17:07.534 [FXGL Background Thread 3 ] DEBUG Engine               - Logging services
01:17:07.535 [FXGL Background Thread 3 ] DEBUG Engine               - class com.almasb.fxgl.app.FXGLApplication$GameApplicationService
01:17:07.535 [FXGL Background Thread 3 ] DEBUG Engine               - class com.almasb.fxgl.app.services.FXGLDialogService
01:17:07.535 [FXGL Background Thread 3 ] DEBUG Engine               - class com.almasb.fxgl.app.services.IOTaskExecutorService
01:17:07.535 [FXGL Background Thread 3 ] DEBUG Engine               - class com.almasb.fxgl.event.EventBusService
01:17:07.535 [FXGL Background Thread 3 ] DEBUG Engine               - class com.almasb.fxgl.io.FileSystemService
01:17:07.535 [FXGL Background Thread 3 ] DEBUG Engine               - class com.almasb.fxgl.localization.LocalizationService
01:17:07.536 [FXGL Background Thread 3 ] DEBUG Engine               - class com.almasb.fxgl.app.services.FXGLAssetLoaderService
01:17:07.536 [FXGL Background Thread 3 ] DEBUG Engine               - class com.almasb.fxgl.app.services.SystemBundleService
01:17:07.536 [FXGL Background Thread 3 ] DEBUG Engine               - class com.almasb.fxgl.profile.SaveLoadService
01:17:07.536 [FXGL Background Thread 3 ] DEBUG Engine               - class com.almasb.fxgl.ui.FXGLUIFactoryServiceProvider
01:17:07.536 [FXGL Background Thread 3 ] DEBUG Engine               - class com.almasb.fxgl.ui.FXGLDialogFactoryServiceProvider
01:17:07.536 [FXGL Background Thread 3 ] DEBUG Engine               - class com.almasb.fxgl.audio.AudioPlayer
01:17:07.536 [FXGL Background Thread 3 ] DEBUG Engine               - class com.almasb.fxgl.notification.impl.NotificationServiceProvider
01:17:07.536 [FXGL Background Thread 3 ] DEBUG Engine               - class com.almasb.fxgl.achievement.AchievementService
01:17:07.536 [FXGL Background Thread 3 ] DEBUG Engine               - class com.almasb.fxgl.cutscene.CutsceneService
01:17:07.537 [FXGL Background Thread 3 ] DEBUG Engine               - class com.almasb.fxgl.minigames.MiniGameService
01:17:07.537 [FXGL Background Thread 3 ] DEBUG Engine               - class com.almasb.fxgl.net.NetService
01:17:07.537 [FXGL Background Thread 3 ] DEBUG Engine               - class com.almasb.fxgl.app.services.UpdaterService
01:17:07.537 [FXGL Background Thread 3 ] DEBUG Engine               - class com.almasb.fxgl.dev.DevService
01:17:19.662 [JavaFX Application Thread] DEBUG FXGLApplication      - Exiting FXGL
01:17:19.662 [JavaFX Application Thread] DEBUG LoopRunner           - Stopping loop
01:17:19.662 [JavaFX Application Thread] DEBUG SystemBundleService  - Saving FXGL system data
01:17:19.663 [JavaFX Application Thread] DEBUG FileSystemAccess     - Writing to: C:\Users\Andrea\Desktop\Homework\traffic-mobile\system\fxgl.bundle
01:17:19.665 [JavaFX Application Thread] DEBUG Async                - Shutting down background threads
01:17:19.665 [JavaFX Application Thread] DEBUG MainWindow           - Closing main window
01:17:19.674 [JavaFX Application Thread] DEBUG Logger               - Closing Logger
