15:10:21.618 [main                     ] DEBUG Logger               - Configured Logger
15:10:21.659 [main                     ] DEBUG GameApplication      - Logging settings
Title: Traffic
Version: Alpha 1.0
Width: 2500
Height: 1750
Fullscreen: false
Intro: false
Profiling: true
Single step:false
App Mode: DEVELOPER
Menu Key: ESCAPE
Stage Style: DECORATED
Scene Factory: class it.uniroma1.metodologie.trafficGame.TrafficApp$1

15:10:22.112 [JavaFX Application Thread] DEBUG FXGLApplication      - Initializing FXGL
15:10:22.120 [JavaFX Application Thread] INFO  Engine               - FXGL-dev-SNAPSHOT (03.09.2020 12.08) on MAC (J:14.0.1 FX:14)
15:10:22.121 [JavaFX Application Thread] DEBUG Engine               - JRE Vendor Name: Oracle Corporation
15:10:22.121 [JavaFX Application Thread] DEBUG Engine               - Running on OS: Mac OS X version 10.15.6
15:10:22.121 [JavaFX Application Thread] DEBUG Engine               - Architecture: x86_64
15:10:22.122 [JavaFX Application Thread] INFO  Engine               - Source code and latest versions at: https://github.com/AlmasB/FXGL
15:10:22.122 [JavaFX Application Thread] INFO  Engine               -              Join the FXGL chat at: https://gitter.im/AlmasB/FXGL
15:10:22.276 [JavaFX Application Thread] DEBUG MainWindow           - Creating a JavaFX scene
15:10:22.276 [JavaFX Application Thread] DEBUG MainWindow           - Target size > screen size
15:10:22.356 [JavaFX Application Thread] DEBUG MainWindow           - Target settings size: 2500.0 x 1750.0
15:10:22.357 [JavaFX Application Thread] DEBUG MainWindow           - Scaled scene size:    1422.0 x 1012.0
15:10:22.358 [JavaFX Application Thread] DEBUG MainWindow           - Scaled ratio: (0.5688, 0.5782857142857143)
15:10:22.359 [JavaFX Application Thread] DEBUG MainWindow           - Set initial scene to StartupScene
15:10:22.367 [JavaFX Application Thread] DEBUG MainWindow           - Opening main window
15:10:22.471 [JavaFX Application Thread] DEBUG MainWindow           - Window border size: (0.0, 1.0)
15:10:22.471 [JavaFX Application Thread] DEBUG MainWindow           - Scaled size: 1422.0 x 1012.0
15:10:22.471 [JavaFX Application Thread] DEBUG MainWindow           - Scaled ratio: (0.5688, 0.5688)
15:10:22.471 [JavaFX Application Thread] DEBUG MainWindow           - Scene size: 1422.0 x 1012.0
15:10:22.472 [JavaFX Application Thread] DEBUG MainWindow           - Stage size: 1422.0 x 1013.0
15:10:22.479 [FXGL Background Thread 1 ] DEBUG Engine               - Initializing environment variables
15:10:22.511 [FXGL Background Thread 1 ] DEBUG GameApplicationServi - Applying CSS: fxgl_dark.css
15:10:22.512 [FXGL Background Thread 1 ] DEBUG FXGLAssetLoaderServi - Loading from file system: /assets/ui/css/fxgl_dark.css
15:10:22.581 [FXGL Background Thread 1 ] DEBUG GameApplicationServi - Initializing application scenes
15:10:22.892 [FXGL Background Thread 1 ] DEBUG GameWorld            - Game world initialized
15:10:22.968 [FXGL Background Thread 1 ] DEBUG PhysicsWorld         - Physics world initialized: appHeight=1750, physics.ppm=50,0
15:10:22.970 [FXGL Background Thread 1 ] DEBUG GameScene            - Game scene initialized: 2500x1750
15:10:22.984 [FXGL Background Thread 1 ] DEBUG FXGLAssetLoaderServi - Loading from file system: /assets/textures/bg.jpg
15:10:23.526 [FXGL Background Thread 1 ] DEBUG FXGLAssetLoaderServi - Loading from file system: /assets/textures/logo.png
15:10:23.761 [FXGL Background Thread 1 ] DEBUG FXGLAssetLoaderServi - Loading from file system: /assets/textures/particles/trace_horizontal.png
15:10:23.814 [FXGL Background Thread 1 ] DEBUG FXGL.DefaultMenu     - createMenuBodyGameMenu()
15:10:23.835 [FXGL Background Thread 1 ] DEBUG FXGL.DefaultMenu     - createOptionsMenu()
15:10:23.844 [FXGL Background Thread 1 ] DEBUG FXGLAssetLoaderServi - Loading from file system: /assets/textures/particles/smoke.png
15:10:23.941 [FXGL Background Thread 1 ] DEBUG GameApplicationServi - Application scenes initialized
15:10:23.954 [FXGL Background Thread 1 ] DEBUG SystemBundleService  - Loading FXGL system data
15:10:23.960 [FXGL Background Thread 1 ] DEBUG FileSystemAccess     - Reading from: /Users/universita/Desktop/ProgettoJava/Drop/system/fxgl.bundle
15:10:23.972 [FXGL Background Thread 1 ] DEBUG SystemBundleService  - Bundle FXGL: {}
15:10:23.973 [FXGL Background Thread 1 ] DEBUG UpdaterService       - Checking for updates
15:10:24.020 [FXGL Background Thread 4 ] DEBUG FXGLApplication      - Loading fonts
15:10:24.021 [FXGL Background Thread 1 ] DEBUG FXGLApplication      - Loading default localization
15:10:24.021 [FXGL Background Thread 4 ] DEBUG FXGLAssetLoaderServi - Loading from file system: /assets/ui/fonts/VarelaRound-Regular.ttf
15:10:24.021 [FXGL Background Thread 1 ] DEBUG FXGLAssetLoaderServi - Loading from file system: /assets/languages/english.lang
15:10:24.035 [FXGL Background Thread 4 ] DEBUG FXGLAssetLoaderServi - Loading from file system: /assets/ui/fonts/Abel-Regular.ttf
15:10:24.040 [FXGL Background Thread 4 ] DEBUG FXGLAssetLoaderServi - Loading from file system: /assets/ui/fonts/lucida_console.ttf
15:10:24.046 [FXGL Background Thread 4 ] DEBUG FXGLAssetLoaderServi - Loading from file system: /assets/ui/fonts/Courier-Prime.ttf
15:10:24.053 [JavaFX Application Thread] DEBUG FXGLApplication      - Registering font factories with UI factory
15:10:24.053 [FXGL Background Thread 1 ] INFO  FXGLApplication      - FXGL initialization took: 1,573 sec
15:10:24.067 [JavaFX Application Thread] DEBUG Input                - Registered new binding: Change trafficlight status - F
15:10:24.069 [JavaFX Application Thread] DEBUG Input                - Registered new binding: Select and change traffic light - LMB
15:10:24.069 [JavaFX Application Thread] DEBUG Input                - Registered new binding: Move Right - D
15:10:24.069 [JavaFX Application Thread] DEBUG Input                - Registered new binding: Move Left - A
15:10:24.070 [JavaFX Application Thread] DEBUG Input                - Registered new binding: Move Up - W
15:10:24.070 [JavaFX Application Thread] DEBUG Input                - Registered new binding: Move Down - S
15:10:24.071 [JavaFX Application Thread] DEBUG Input                - Registered new binding: Spawn Car - Space
15:10:24.071 [JavaFX Application Thread] DEBUG FXGLAssetLoaderServi - Loading from file system: /assets/textures/fxgl_icon.png
15:10:24.091 [JavaFX Application Thread] DEBUG FXGLAssetLoaderServi - Loading from file system: /assets/ui/cursors/fxgl_default.png
15:10:24.094 [JavaFX Application Thread] DEBUG Input                - Registered new binding: Screenshot - P
15:10:24.095 [JavaFX Application Thread] DEBUG Input                - Registered new binding: Dev Options - 1
15:10:24.096 [JavaFX Application Thread] DEBUG Input                - Registered new binding: Dev Console - 2
15:10:24.097 [JavaFX Application Thread] DEBUG Input                - Registered new binding: System info dump - CTRL+9
15:10:24.098 [JavaFX Application Thread] DEBUG Input                - Registered new binding: Restart - CTRL+R
15:10:24.099 [JavaFX Application Thread] DEBUG Input                - Registered new binding: Toggle Debug Camera - CTRL+C
15:10:24.102 [JavaFX Application Thread] DEBUG LoopRunner           - Starting loop
15:10:24.123 [JavaFX Application Thread] DEBUG Input                - Clearing active input actions
15:10:24.146 [JavaFX Application Thread] DEBUG GameApplicationServi - Removing overlay from StartupScene and adding to FXGLMainMenuDummyScene
15:10:24.156 [JavaFX Application Thread] DEBUG MainWindow           - StartupScene -> FXGLMainMenuDummyScene
15:10:24.156 [JavaFX Application Thread] DEBUG MainWindow           - Push state: TrafficAppMenu
15:10:24.157 [JavaFX Application Thread] DEBUG Input                - Clearing active input actions
15:10:24.162 [JavaFX Application Thread] DEBUG GameApplicationServi - Removing overlay from FXGLMainMenuDummyScene and adding to TrafficAppMenu
15:10:24.163 [JavaFX Application Thread] DEBUG MainWindow           - FXGLMainMenuDummyScene -> TrafficAppMenu
15:10:25.233 [FXGL Background Thread 2 ] INFO  UpdaterService       - Your current version:  dev-SNAPSHOT
15:10:25.236 [FXGL Background Thread 2 ] INFO  UpdaterService       - Latest stable version: 11.10
15:10:25.799 [JavaFX Application Thread] DEBUG Menu                 - fireNewGame()
15:10:25.800 [JavaFX Application Thread] DEBUG GameApplicationServi - Starting new game
15:10:25.800 [JavaFX Application Thread] DEBUG MainWindow           - Pop state: TrafficAppMenu
15:10:25.800 [JavaFX Application Thread] DEBUG Input                - Clearing active input actions
15:10:25.803 [JavaFX Application Thread] DEBUG GameApplicationServi - Removing overlay from TrafficAppMenu and adding to FXGLMainMenuDummyScene
15:10:25.807 [JavaFX Application Thread] DEBUG MainWindow           - FXGLMainMenuDummyScene <- TrafficAppMenu
15:10:25.808 [JavaFX Application Thread] DEBUG Input                - Clearing active input actions
15:10:25.820 [JavaFX Application Thread] DEBUG GameApplicationServi - Removing overlay from FXGLMainMenuDummyScene and adding to FXGLLoadingScene
15:10:25.821 [JavaFX Application Thread] DEBUG MainWindow           - FXGLMainMenuDummyScene -> FXGLLoadingScene
15:10:25.821 [JavaFX Application Thread] DEBUG GameApplicationServi - Clearing previous game
15:10:25.822 [JavaFX Application Thread] DEBUG GameScene            - Clearing game scene
15:10:25.822 [JavaFX Application Thread] DEBUG GameWorld            - Clearing game world
15:10:25.822 [JavaFX Application Thread] DEBUG PhysicsWorld         - Clearing physics world
15:10:25.824 [FXGL Background Thread 2 ] DEBUG FXGLApplication      - Initializing game
15:10:25.837 [FXGL Background Thread 2 ] DEBUG FXGLAssetLoaderServi - Loading from file system: /assets/levels/level02.tmx
15:10:25.872 [FXGL Background Thread 2 ] WARN  TMXLevelLoader       - TiledMap generated from 1.4.1. Supported version: 1.2.3. Some features may not be parsed fully.
15:10:25.906 [FXGL Background Thread 2 ] DEBUG TMXLevelLoader       - Parsed raw map: TiledMap(width=10, height=7, tilewidth=250, tileheight=250, orientation=orthogonal, layers=[Layer(width=10, height=7, name=bg, type=tilelayer, visible=false, x=0, y=0, data=[84, 67, 84, 67, 30, 47, 34, 83, 80, 83, 48, 48, 48, 45, 48, 43, 48, 48, 45, 48, 69, 69, 75, 47, 77, 69, 69, 75, 47, 82, 67, 67, 74, 47, 76, 67, 67, 74, 47, 82, 48, 48, 48, 49, 48, 48, 48, 48, 46, 40, 77, 69, 75, 47, 77, 69, 69, 75, 47, 24, 70, 81, 68, 47, 81, 81, 81, 79, 47, 82], objects=[], opacity=0.0, draworder=), Layer(width=0, height=0, name=PathWays, type=objectgroup, visible=false, x=0, y=0, data=[], objects=[], opacity=0.0, draworder=), Layer(width=0, height=0, name=Incroci, type=objectgroup, visible=false, x=0, y=0, data=[], objects=[com.almasb.fxgl.entity.level.tiled.TiledObject@19ae9f34, com.almasb.fxgl.entity.level.tiled.TiledObject@1040655f, com.almasb.fxgl.entity.level.tiled.TiledObject@46856cd3, com.almasb.fxgl.entity.level.tiled.TiledObject@1951c9f9, com.almasb.fxgl.entity.level.tiled.TiledObject@746ba2d8], opacity=0.0, draworder=), Layer(width=0, height=0, name=Semafori, type=objectgroup, visible=false, x=0, y=0, data=[], objects=[com.almasb.fxgl.entity.level.tiled.TiledObject@67925b97, com.almasb.fxgl.entity.level.tiled.TiledObject@a1c5042, com.almasb.fxgl.entity.level.tiled.TiledObject@1d955ef9, com.almasb.fxgl.entity.level.tiled.TiledObject@34c142f1, com.almasb.fxgl.entity.level.tiled.TiledObject@41fae91d, com.almasb.fxgl.entity.level.tiled.TiledObject@290c3f20, com.almasb.fxgl.entity.level.tiled.TiledObject@1ed9ce6e, com.almasb.fxgl.entity.level.tiled.TiledObject@2031c18e, com.almasb.fxgl.entity.level.tiled.TiledObject@36156694, com.almasb.fxgl.entity.level.tiled.TiledObject@7ea8aa49, com.almasb.fxgl.entity.level.tiled.TiledObject@2e52b14c, com.almasb.fxgl.entity.level.tiled.TiledObject@4138b9, com.almasb.fxgl.entity.level.tiled.TiledObject@1dfddfe3, com.almasb.fxgl.entity.level.tiled.TiledObject@263cd4f7, com.almasb.fxgl.entity.level.tiled.TiledObject@1d5fc9ad, com.almasb.fxgl.entity.level.tiled.TiledObject@14d2be4f], opacity=0.0, draworder=), Layer(width=0, height=0, name=SpawnPoint, type=objectgroup, visible=false, x=0, y=0, data=[], objects=[com.almasb.fxgl.entity.level.tiled.TiledObject@67a379f1, com.almasb.fxgl.entity.level.tiled.TiledObject@2778829e, com.almasb.fxgl.entity.level.tiled.TiledObject@4489357d, com.almasb.fxgl.entity.level.tiled.TiledObject@4528cb65, com.almasb.fxgl.entity.level.tiled.TiledObject@39385ec0, com.almasb.fxgl.entity.level.tiled.TiledObject@5ab7470b, com.almasb.fxgl.entity.level.tiled.TiledObject@5718a3fd, com.almasb.fxgl.entity.level.tiled.TiledObject@54683998, com.almasb.fxgl.entity.level.tiled.TiledObject@2f5da38b, com.almasb.fxgl.entity.level.tiled.TiledObject@4fb22674, com.almasb.fxgl.entity.level.tiled.TiledObject@5d277334, com.almasb.fxgl.entity.level.tiled.TiledObject@489625f1, com.almasb.fxgl.entity.level.tiled.TiledObject@a959693, com.almasb.fxgl.entity.level.tiled.TiledObject@544a9033, com.almasb.fxgl.entity.level.tiled.TiledObject@3292f75d, com.almasb.fxgl.entity.level.tiled.TiledObject@4bd2e553, com.almasb.fxgl.entity.level.tiled.TiledObject@6d55d3b4, com.almasb.fxgl.entity.level.tiled.TiledObject@6d9e1d25, com.almasb.fxgl.entity.level.tiled.TiledObject@481327d4, com.almasb.fxgl.entity.level.tiled.TiledObject@14b7bbf8, com.almasb.fxgl.entity.level.tiled.TiledObject@57bc12a9, com.almasb.fxgl.entity.level.tiled.TiledObject@4a565a4e, com.almasb.fxgl.entity.level.tiled.TiledObject@1b2ae957, com.almasb.fxgl.entity.level.tiled.TiledObject@326be9b1, com.almasb.fxgl.entity.level.tiled.TiledObject@5f58c0f, com.almasb.fxgl.entity.level.tiled.TiledObject@7d0922d5, com.almasb.fxgl.entity.level.tiled.TiledObject@31a51c72, com.almasb.fxgl.entity.level.tiled.TiledObject@5c6e4d96], opacity=0.0, draworder=)], tilesets=[Tileset(firstgid=1, image=../textures/tiles_sheet.png, name=tiles_sheet, tilewidth=250, tileheight=250, imagewidth=1750, imageheight=1500, margin=0, spacing=0, columns=7, tilecount=42, transparentcolor=ff00ff, tiles=[]), Tileset(firstgid=43, image=../textures/tiles_sheet.png, name=tiles_sheet, tilewidth=250, tileheight=250, imagewidth=1750, imageheight=1500, margin=0, spacing=0, columns=7, tilecount=42, transparentcolor=, tiles=[])], backgroundcolor=, renderorder=right-down, nextobjectid=58, version=1, tiledversion=1.4.1, type=map, infinite=false, properties={}, propertytypes={})
15:10:25.907 [FXGL Background Thread 2 ] DEBUG TMXLevelLoader       - Creating tile layer entities
15:10:25.911 [FXGL Background Thread 2 ] DEBUG TilesetLoader        - Loading view for layer bg
15:10:25.952 [FXGL Background Thread 2 ] DEBUG TilesetLoader        - Created buffer with size 2500.0x1750.0
15:10:26.091 [FXGL Background Thread 2 ] DEBUG TilesetLoader        - Writing to buffer: dst=0,0, w=250,h=250, src=1500,1250
15:10:26.092 [FXGL Background Thread 2 ] DEBUG TilesetLoader        - Writing to buffer: dst=250,0, w=250,h=250, src=750,750
15:10:26.093 [FXGL Background Thread 2 ] DEBUG TilesetLoader        - Writing to buffer: dst=500,0, w=250,h=250, src=1500,1250
15:10:26.093 [FXGL Background Thread 2 ] DEBUG TilesetLoader        - Writing to buffer: dst=750,0, w=250,h=250, src=750,750
15:10:26.093 [FXGL Background Thread 2 ] DEBUG TilesetLoader        - Writing to buffer: dst=1000,0, w=250,h=250, src=250,1000
15:10:26.094 [FXGL Background Thread 2 ] DEBUG TilesetLoader        - Writing to buffer: dst=1250,0, w=250,h=250, src=1000,0
15:10:26.094 [FXGL Background Thread 2 ] DEBUG TilesetLoader        - Writing to buffer: dst=1500,0, w=250,h=250, src=1250,1000
15:10:26.094 [FXGL Background Thread 2 ] DEBUG TilesetLoader        - Writing to buffer: dst=1750,0, w=250,h=250, src=1250,1250
15:10:26.095 [FXGL Background Thread 2 ] DEBUG TilesetLoader        - Writing to buffer: dst=2000,0, w=250,h=250, src=500,1250
15:10:26.095 [FXGL Background Thread 2 ] DEBUG TilesetLoader        - Writing to buffer: dst=2250,0, w=250,h=250, src=1250,1250
15:10:26.097 [FXGL Background Thread 2 ] DEBUG TilesetLoader        - Writing to buffer: dst=0,250, w=250,h=250, src=1250,0
15:10:26.098 [FXGL Background Thread 2 ] DEBUG TilesetLoader        - Writing to buffer: dst=250,250, w=250,h=250, src=1250,0
15:10:26.098 [FXGL Background Thread 2 ] DEBUG TilesetLoader        - Writing to buffer: dst=500,250, w=250,h=250, src=1250,0
15:10:26.099 [FXGL Background Thread 2 ] DEBUG TilesetLoader        - Writing to buffer: dst=750,250, w=250,h=250, src=500,0
15:10:26.100 [FXGL Background Thread 2 ] DEBUG TilesetLoader        - Writing to buffer: dst=1000,250, w=250,h=250, src=1250,0
15:10:26.100 [FXGL Background Thread 2 ] DEBUG TilesetLoader        - Writing to buffer: dst=1250,250, w=250,h=250, src=0,0
15:10:26.100 [FXGL Background Thread 2 ] DEBUG TilesetLoader        - Writing to buffer: dst=1500,250, w=250,h=250, src=1250,0
15:10:26.101 [FXGL Background Thread 2 ] DEBUG TilesetLoader        - Writing to buffer: dst=1750,250, w=250,h=250, src=1250,0
15:10:26.101 [FXGL Background Thread 2 ] DEBUG TilesetLoader        - Writing to buffer: dst=2000,250, w=250,h=250, src=500,0
15:10:26.101 [FXGL Background Thread 2 ] DEBUG TilesetLoader        - Writing to buffer: dst=2250,250, w=250,h=250, src=1250,0
15:10:26.101 [FXGL Background Thread 2 ] DEBUG TilesetLoader        - Writing to buffer: dst=0,500, w=250,h=250, src=1250,750
15:10:26.102 [FXGL Background Thread 2 ] DEBUG TilesetLoader        - Writing to buffer: dst=250,500, w=250,h=250, src=1250,750
15:10:26.102 [FXGL Background Thread 2 ] DEBUG TilesetLoader        - Writing to buffer: dst=500,500, w=250,h=250, src=1000,1000
15:10:26.102 [FXGL Background Thread 2 ] DEBUG TilesetLoader        - Writing to buffer: dst=750,500, w=250,h=250, src=1000,0
15:10:26.102 [FXGL Background Thread 2 ] DEBUG TilesetLoader        - Writing to buffer: dst=1000,500, w=250,h=250, src=1500,1000
15:10:26.103 [FXGL Background Thread 2 ] DEBUG TilesetLoader        - Writing to buffer: dst=1250,500, w=250,h=250, src=1250,750
15:10:26.103 [FXGL Background Thread 2 ] DEBUG TilesetLoader        - Writing to buffer: dst=1500,500, w=250,h=250, src=1250,750
15:10:26.104 [FXGL Background Thread 2 ] DEBUG TilesetLoader        - Writing to buffer: dst=1750,500, w=250,h=250, src=1000,1000
15:10:26.104 [FXGL Background Thread 2 ] DEBUG TilesetLoader        - Writing to buffer: dst=2000,500, w=250,h=250, src=1000,0
15:10:26.104 [FXGL Background Thread 2 ] DEBUG TilesetLoader        - Writing to buffer: dst=2250,500, w=250,h=250, src=1000,1250
15:10:26.104 [FXGL Background Thread 2 ] DEBUG TilesetLoader        - Writing to buffer: dst=0,750, w=250,h=250, src=750,750
15:10:26.105 [FXGL Background Thread 2 ] DEBUG TilesetLoader        - Writing to buffer: dst=250,750, w=250,h=250, src=750,750
15:10:26.105 [FXGL Background Thread 2 ] DEBUG TilesetLoader        - Writing to buffer: dst=500,750, w=250,h=250, src=750,1000
15:10:26.105 [FXGL Background Thread 2 ] DEBUG TilesetLoader        - Writing to buffer: dst=750,750, w=250,h=250, src=1000,0
15:10:26.106 [FXGL Background Thread 2 ] DEBUG TilesetLoader        - Writing to buffer: dst=1000,750, w=250,h=250, src=1250,1000
15:10:26.106 [FXGL Background Thread 2 ] DEBUG TilesetLoader        - Writing to buffer: dst=1250,750, w=250,h=250, src=750,750
15:10:26.116 [FXGL Background Thread 2 ] DEBUG TilesetLoader        - Writing to buffer: dst=1500,750, w=250,h=250, src=750,750
15:10:26.119 [FXGL Background Thread 2 ] DEBUG TilesetLoader        - Writing to buffer: dst=1750,750, w=250,h=250, src=750,1000
15:10:26.120 [FXGL Background Thread 2 ] DEBUG TilesetLoader        - Writing to buffer: dst=2000,750, w=250,h=250, src=1000,0
15:10:26.120 [FXGL Background Thread 2 ] DEBUG TilesetLoader        - Writing to buffer: dst=2250,750, w=250,h=250, src=1000,1250
15:10:26.121 [FXGL Background Thread 2 ] DEBUG TilesetLoader        - Writing to buffer: dst=0,1000, w=250,h=250, src=1250,0
15:10:26.122 [FXGL Background Thread 2 ] DEBUG TilesetLoader        - Writing to buffer: dst=250,1000, w=250,h=250, src=1250,0
15:10:26.125 [FXGL Background Thread 2 ] DEBUG TilesetLoader        - Writing to buffer: dst=500,1000, w=250,h=250, src=1250,0
15:10:26.125 [FXGL Background Thread 2 ] DEBUG TilesetLoader        - Writing to buffer: dst=750,1000, w=250,h=250, src=1500,0
15:10:26.125 [FXGL Background Thread 2 ] DEBUG TilesetLoader        - Writing to buffer: dst=1000,1000, w=250,h=250, src=1250,0
15:10:26.126 [FXGL Background Thread 2 ] DEBUG TilesetLoader        - Writing to buffer: dst=1250,1000, w=250,h=250, src=1250,0
15:10:26.126 [FXGL Background Thread 2 ] DEBUG TilesetLoader        - Writing to buffer: dst=1500,1000, w=250,h=250, src=1250,0
15:10:26.126 [FXGL Background Thread 2 ] DEBUG TilesetLoader        - Writing to buffer: dst=1750,1000, w=250,h=250, src=1250,0
15:10:26.126 [FXGL Background Thread 2 ] DEBUG TilesetLoader        - Writing to buffer: dst=2000,1000, w=250,h=250, src=750,0
15:10:26.127 [FXGL Background Thread 2 ] DEBUG TilesetLoader        - Writing to buffer: dst=2250,1000, w=250,h=250, src=1000,1250
15:10:26.127 [FXGL Background Thread 2 ] DEBUG TilesetLoader        - Writing to buffer: dst=0,1250, w=250,h=250, src=1500,1000
15:10:26.127 [FXGL Background Thread 2 ] DEBUG TilesetLoader        - Writing to buffer: dst=250,1250, w=250,h=250, src=1250,750
15:10:26.127 [FXGL Background Thread 2 ] DEBUG TilesetLoader        - Writing to buffer: dst=500,1250, w=250,h=250, src=1000,1000
15:10:26.128 [FXGL Background Thread 2 ] DEBUG TilesetLoader        - Writing to buffer: dst=750,1250, w=250,h=250, src=1000,0
15:10:26.129 [FXGL Background Thread 2 ] DEBUG TilesetLoader        - Writing to buffer: dst=1000,1250, w=250,h=250, src=1500,1000
15:10:26.130 [FXGL Background Thread 2 ] DEBUG TilesetLoader        - Writing to buffer: dst=1250,1250, w=250,h=250, src=1250,750
15:10:26.130 [FXGL Background Thread 2 ] DEBUG TilesetLoader        - Writing to buffer: dst=1500,1250, w=250,h=250, src=1250,750
15:10:26.134 [FXGL Background Thread 2 ] DEBUG TilesetLoader        - Writing to buffer: dst=1750,1250, w=250,h=250, src=1000,1000
15:10:26.134 [FXGL Background Thread 2 ] DEBUG TilesetLoader        - Writing to buffer: dst=2000,1250, w=250,h=250, src=1000,0
15:10:26.134 [FXGL Background Thread 2 ] DEBUG TilesetLoader        - Writing to buffer: dst=2250,1250, w=250,h=250, src=500,750
15:10:26.135 [FXGL Background Thread 2 ] DEBUG TilesetLoader        - Writing to buffer: dst=0,1500, w=250,h=250, src=1500,750
15:10:26.136 [FXGL Background Thread 2 ] DEBUG TilesetLoader        - Writing to buffer: dst=250,1500, w=250,h=250, src=750,1250
15:10:26.136 [FXGL Background Thread 2 ] DEBUG TilesetLoader        - Writing to buffer: dst=500,1500, w=250,h=250, src=1000,750
15:10:26.139 [FXGL Background Thread 2 ] DEBUG TilesetLoader        - Writing to buffer: dst=750,1500, w=250,h=250, src=1000,0
15:10:26.139 [FXGL Background Thread 2 ] DEBUG TilesetLoader        - Writing to buffer: dst=1000,1500, w=250,h=250, src=750,1250
15:10:26.143 [FXGL Background Thread 2 ] DEBUG TilesetLoader        - Writing to buffer: dst=1250,1500, w=250,h=250, src=750,1250
15:10:26.143 [FXGL Background Thread 2 ] DEBUG TilesetLoader        - Writing to buffer: dst=1500,1500, w=250,h=250, src=750,1250
15:10:26.143 [FXGL Background Thread 2 ] DEBUG TilesetLoader        - Writing to buffer: dst=1750,1500, w=250,h=250, src=250,1250
15:10:26.143 [FXGL Background Thread 2 ] DEBUG TilesetLoader        - Writing to buffer: dst=2000,1500, w=250,h=250, src=1000,0
15:10:26.144 [FXGL Background Thread 2 ] DEBUG TilesetLoader        - Writing to buffer: dst=2250,1500, w=250,h=250, src=1000,1250
15:10:26.144 [FXGL Background Thread 2 ] DEBUG TMXLevelLoader       - Creating object layer entities
15:10:26.200 [FXGL Background Thread 2 ] DEBUG FXGLAssetLoaderServi - Loading from file system: /assets/textures/semaforoRosso-01.png
15:10:26.207 [FXGL Background Thread 2 ] DEBUG FXGLAssetLoaderServi - Loading from file system: /assets/textures/semaforoVerde-01.png
15:10:26.214 [FXGL Background Thread 2 ] DEBUG FXGLAssetLoaderServi - Loading from file system: /assets/textures/semaforoRosso-02.png
15:10:26.221 [FXGL Background Thread 2 ] DEBUG FXGLAssetLoaderServi - Loading from file system: /assets/textures/semaforoVerde-02.png
15:10:26.228 [FXGL Background Thread 2 ] DEBUG FXGLAssetLoaderServi - Loading from file system: /assets/textures/semaforoRosso-04.png
15:10:26.233 [FXGL Background Thread 2 ] DEBUG FXGLAssetLoaderServi - Loading from file system: /assets/textures/semaforoVerde-04.png
15:10:26.238 [FXGL Background Thread 2 ] DEBUG FXGLAssetLoaderServi - Loading from file system: /assets/textures/semaforoRosso-03.png
15:10:26.252 [FXGL Background Thread 2 ] DEBUG FXGLAssetLoaderServi - Loading from file system: /assets/textures/semaforoVerde-03.png
15:10:26.259 [FXGL Background Thread 2 ] DEBUG FXGLAssetLoaderServi - Loading from cache: /assets/textures/semaforoRosso-04.png
15:10:26.259 [FXGL Background Thread 2 ] DEBUG FXGLAssetLoaderServi - Loading from cache: /assets/textures/semaforoVerde-04.png
15:10:26.260 [FXGL Background Thread 2 ] DEBUG FXGLAssetLoaderServi - Loading from cache: /assets/textures/semaforoRosso-01.png
15:10:26.261 [FXGL Background Thread 2 ] DEBUG FXGLAssetLoaderServi - Loading from cache: /assets/textures/semaforoVerde-01.png
15:10:26.262 [FXGL Background Thread 2 ] DEBUG FXGLAssetLoaderServi - Loading from cache: /assets/textures/semaforoRosso-03.png
15:10:26.262 [FXGL Background Thread 2 ] DEBUG FXGLAssetLoaderServi - Loading from cache: /assets/textures/semaforoVerde-03.png
15:10:26.266 [FXGL Background Thread 2 ] DEBUG FXGLAssetLoaderServi - Loading from cache: /assets/textures/semaforoRosso-04.png
15:10:26.266 [FXGL Background Thread 2 ] DEBUG FXGLAssetLoaderServi - Loading from cache: /assets/textures/semaforoVerde-04.png
15:10:26.271 [FXGL Background Thread 2 ] DEBUG FXGLAssetLoaderServi - Loading from cache: /assets/textures/semaforoRosso-04.png
15:10:26.271 [FXGL Background Thread 2 ] DEBUG FXGLAssetLoaderServi - Loading from cache: /assets/textures/semaforoVerde-04.png
15:10:26.273 [FXGL Background Thread 2 ] DEBUG FXGLAssetLoaderServi - Loading from cache: /assets/textures/semaforoRosso-04.png
15:10:26.273 [FXGL Background Thread 2 ] DEBUG FXGLAssetLoaderServi - Loading from cache: /assets/textures/semaforoVerde-04.png
15:10:26.274 [FXGL Background Thread 2 ] DEBUG FXGLAssetLoaderServi - Loading from cache: /assets/textures/semaforoRosso-01.png
15:10:26.274 [FXGL Background Thread 2 ] DEBUG FXGLAssetLoaderServi - Loading from cache: /assets/textures/semaforoVerde-01.png
15:10:26.276 [FXGL Background Thread 2 ] DEBUG FXGLAssetLoaderServi - Loading from cache: /assets/textures/semaforoRosso-02.png
15:10:26.276 [FXGL Background Thread 2 ] DEBUG FXGLAssetLoaderServi - Loading from cache: /assets/textures/semaforoVerde-02.png
15:10:26.278 [FXGL Background Thread 2 ] DEBUG FXGLAssetLoaderServi - Loading from cache: /assets/textures/semaforoRosso-02.png
15:10:26.278 [FXGL Background Thread 2 ] DEBUG FXGLAssetLoaderServi - Loading from cache: /assets/textures/semaforoVerde-02.png
15:10:26.279 [FXGL Background Thread 2 ] DEBUG FXGLAssetLoaderServi - Loading from cache: /assets/textures/semaforoRosso-02.png
15:10:26.279 [FXGL Background Thread 2 ] DEBUG FXGLAssetLoaderServi - Loading from cache: /assets/textures/semaforoVerde-02.png
15:10:26.280 [FXGL Background Thread 2 ] DEBUG FXGLAssetLoaderServi - Loading from cache: /assets/textures/semaforoRosso-03.png
15:10:26.280 [FXGL Background Thread 2 ] DEBUG FXGLAssetLoaderServi - Loading from cache: /assets/textures/semaforoVerde-03.png
15:10:26.284 [FXGL Background Thread 2 ] DEBUG FXGLAssetLoaderServi - Loading from cache: /assets/textures/semaforoRosso-03.png
15:10:26.300 [FXGL Background Thread 2 ] DEBUG FXGLAssetLoaderServi - Loading from cache: /assets/textures/semaforoVerde-03.png
15:10:26.334 [FXGL Background Thread 2 ] DEBUG GameWorld            - Clearing removable entities
15:10:26.339 [FXGL Background Thread 2 ] DEBUG GameWorld            - Setting level: com.almasb.fxgl.entity.level.Level@74a51e1a
15:10:26.362 [FXGL Background Thread 2 ] DEBUG FXGLAssetLoaderServi - Loading from file system: /assets/textures/pointer-sprite.png
15:10:26.460 [FXGL Background Thread 2 ] INFO  FXGLApplication      - Game initialization took: 0,636 sec
15:10:26.461 [JavaFX Application Thread] DEBUG Input                - Clearing active input actions
15:10:26.472 [JavaFX Application Thread] DEBUG GameApplicationServi - Removing overlay from FXGLLoadingScene and adding to GameScene
15:10:26.477 [JavaFX Application Thread] DEBUG MainWindow           - FXGLLoadingScene -> GameScene
15:10:27.022 [FXGL Background Thread 3 ] DEBUG Engine               - Logging environment variables
15:10:27.023 [FXGL Background Thread 3 ] DEBUG Engine               - achievements: []
15:10:27.023 [FXGL Background Thread 3 ] DEBUG Engine               - appIcon: fxgl_icon.png
15:10:27.023 [FXGL Background Thread 3 ] DEBUG Engine               - applicationMode: DEVELOPER
15:10:27.023 [FXGL Background Thread 3 ] DEBUG Engine               - cSSList: [fxgl_dark.css]
15:10:27.023 [FXGL Background Thread 3 ] DEBUG Engine               - configClass: Optional.empty
15:10:27.023 [FXGL Background Thread 3 ] DEBUG Engine               - credits: []
15:10:27.024 [FXGL Background Thread 3 ] DEBUG Engine               - devBBoxColorProperty: ObjectProperty [value: 0xff0000ff]
15:10:27.024 [FXGL Background Thread 3 ] DEBUG Engine               - devEnableDebugCameraProperty: BooleanProperty [value: false]
15:10:27.024 [FXGL Background Thread 3 ] DEBUG Engine               - devSensorColorProperty: ObjectProperty [value: 0xffff00ff]
15:10:27.024 [FXGL Background Thread 3 ] DEBUG Engine               - devShowBBoxProperty: BooleanProperty [value: false]
15:10:27.024 [FXGL Background Thread 3 ] DEBUG Engine               - devShowPositionProperty: BooleanProperty [value: false]
15:10:27.024 [FXGL Background Thread 3 ] DEBUG Engine               - enabledMenuItems: []
15:10:27.024 [FXGL Background Thread 3 ] DEBUG Engine               - engineServices: [class com.almasb.fxgl.app.FXGLApplication$GameApplicationService, class com.almasb.fxgl.app.services.FXGLDialogService, class com.almasb.fxgl.app.services.IOTaskExecutorService, class com.almasb.fxgl.event.EventBusService, class com.almasb.fxgl.io.FileSystemService, class com.almasb.fxgl.localization.LocalizationService, class com.almasb.fxgl.app.services.FXGLAssetLoaderService, class com.almasb.fxgl.app.services.SystemBundleService, class com.almasb.fxgl.profile.SaveLoadService, class com.almasb.fxgl.ui.FXGLUIFactoryServiceProvider, class com.almasb.fxgl.ui.FXGLDialogFactoryServiceProvider, class com.almasb.fxgl.audio.AudioPlayer, class com.almasb.fxgl.notification.impl.NotificationServiceProvider, class com.almasb.fxgl.achievement.AchievementService, class com.almasb.fxgl.cutscene.CutsceneService, class com.almasb.fxgl.minigames.MiniGameService, class com.almasb.fxgl.net.NetService, class com.almasb.fxgl.app.services.UpdaterService, class com.almasb.fxgl.dev.DevService, class com.almasb.fxgl.dev.profiling.ProfilerService]
15:10:27.025 [FXGL Background Thread 3 ] DEBUG Engine               - fontGame: Abel-Regular.ttf
15:10:27.025 [FXGL Background Thread 3 ] DEBUG Engine               - fontMono: lucida_console.ttf
15:10:27.025 [FXGL Background Thread 3 ] DEBUG Engine               - fontText: Courier-Prime.ttf
15:10:27.025 [FXGL Background Thread 3 ] DEBUG Engine               - fontUI: VarelaRound-Regular.ttf
15:10:27.025 [FXGL Background Thread 3 ] DEBUG Engine               - fullScreen: BooleanProperty [value: false]
15:10:27.025 [FXGL Background Thread 3 ] DEBUG Engine               - gameDifficulty: MEDIUM
15:10:27.025 [FXGL Background Thread 3 ] DEBUG Engine               - gameDifficultyProperty: ObjectProperty [value: MEDIUM]
15:10:27.025 [FXGL Background Thread 3 ] DEBUG Engine               - globalMusicVolume: 0.5
15:10:27.026 [FXGL Background Thread 3 ] DEBUG Engine               - globalMusicVolumeProperty: DoubleProperty [value: 0.5]
15:10:27.026 [FXGL Background Thread 3 ] DEBUG Engine               - globalSoundVolume: 0.5
15:10:27.026 [FXGL Background Thread 3 ] DEBUG Engine               - globalSoundVolumeProperty: DoubleProperty [value: 0.5]
15:10:27.026 [FXGL Background Thread 3 ] DEBUG Engine               - height: 1750
15:10:27.026 [FXGL Background Thread 3 ] DEBUG Engine               - isAndroid: false
15:10:27.026 [FXGL Background Thread 3 ] DEBUG Engine               - isBrowser: false
15:10:27.026 [FXGL Background Thread 3 ] DEBUG Engine               - isClickFeedbackEnabled: false
15:10:27.026 [FXGL Background Thread 3 ] DEBUG Engine               - isCloseConfirmation: false
15:10:27.026 [FXGL Background Thread 3 ] DEBUG Engine               - isDesktop: true
15:10:27.027 [FXGL Background Thread 3 ] DEBUG Engine               - isDeveloperMenuEnabled: true
15:10:27.027 [FXGL Background Thread 3 ] DEBUG Engine               - isEntityPreloadEnabled: true
15:10:27.027 [FXGL Background Thread 3 ] DEBUG Engine               - isExperimentalNative: false
15:10:27.027 [FXGL Background Thread 3 ] DEBUG Engine               - isExperimentalTiledLargeMap: false
15:10:27.027 [FXGL Background Thread 3 ] DEBUG Engine               - isFileSystemWriteAllowed: true
15:10:27.027 [FXGL Background Thread 3 ] DEBUG Engine               - isFullScreenAllowed: false
15:10:27.027 [FXGL Background Thread 3 ] DEBUG Engine               - isFullScreenFromStart: false
15:10:27.027 [FXGL Background Thread 3 ] DEBUG Engine               - isGameMenuEnabled: true
15:10:27.027 [FXGL Background Thread 3 ] DEBUG Engine               - isIOS: false
15:10:27.028 [FXGL Background Thread 3 ] DEBUG Engine               - isIntroEnabled: false
15:10:27.028 [FXGL Background Thread 3 ] DEBUG Engine               - isLinux: false
15:10:27.028 [FXGL Background Thread 3 ] DEBUG Engine               - isMac: true
15:10:27.028 [FXGL Background Thread 3 ] DEBUG Engine               - isMainMenuEnabled: true
15:10:27.028 [FXGL Background Thread 3 ] DEBUG Engine               - isManualResizeEnabled: true
15:10:27.028 [FXGL Background Thread 3 ] DEBUG Engine               - isMobile: false
15:10:27.028 [FXGL Background Thread 3 ] DEBUG Engine               - isPreserveResizeRatio: true
15:10:27.028 [FXGL Background Thread 3 ] DEBUG Engine               - isProfilingEnabled: true
15:10:27.029 [FXGL Background Thread 3 ] DEBUG Engine               - isSingleStep: false
15:10:27.029 [FXGL Background Thread 3 ] DEBUG Engine               - isUserProfileEnabled: false
15:10:27.029 [FXGL Background Thread 3 ] DEBUG Engine               - isWindows: false
15:10:27.029 [FXGL Background Thread 3 ] DEBUG Engine               - language: ObjectProperty [value: ENGLISH]
15:10:27.029 [FXGL Background Thread 3 ] DEBUG Engine               - menuKey: ESCAPE
15:10:27.029 [FXGL Background Thread 3 ] DEBUG Engine               - notificationViewClass: class com.almasb.fxgl.notification.view.XboxNotificationView
15:10:27.030 [FXGL Background Thread 3 ] DEBUG Engine               - pixelsPerMeter: 50.0
15:10:27.030 [FXGL Background Thread 3 ] DEBUG Engine               - platform: MAC
15:10:27.030 [FXGL Background Thread 3 ] DEBUG Engine               - profileDir: profiles/
15:10:27.030 [FXGL Background Thread 3 ] DEBUG Engine               - profileName: StringProperty [value: DEFAULT]
15:10:27.031 [FXGL Background Thread 3 ] DEBUG Engine               - randomSeed: -1
15:10:27.031 [FXGL Background Thread 3 ] DEBUG Engine               - runtimeInfo: RuntimeInfo(platform=MAC, version=dev-SNAPSHOT, build=03.09.2020 12.08)
15:10:27.031 [FXGL Background Thread 3 ] DEBUG Engine               - saveFileExt: sav
15:10:27.031 [FXGL Background Thread 3 ] DEBUG Engine               - sceneFactory: it.uniroma1.metodologie.trafficGame.TrafficApp$1@7b0bbc26
15:10:27.031 [FXGL Background Thread 3 ] DEBUG Engine               - secondsIn24h: 60
15:10:27.031 [FXGL Background Thread 3 ] DEBUG Engine               - soundMenuBack: menu/back.wav
15:10:27.031 [FXGL Background Thread 3 ] DEBUG Engine               - soundMenuPress: menu/press.wav
15:10:27.031 [FXGL Background Thread 3 ] DEBUG Engine               - soundMenuSelect: menu/select.wav
15:10:27.032 [FXGL Background Thread 3 ] DEBUG Engine               - soundNotification: core/notification.wav
15:10:27.032 [FXGL Background Thread 3 ] DEBUG Engine               - stageStyle: DECORATED
15:10:27.032 [FXGL Background Thread 3 ] DEBUG Engine               - supportedLanguages: [ENGLISH, FRENCH, GERMAN, HUNGARIAN, RUSSIAN]
15:10:27.032 [FXGL Background Thread 3 ] DEBUG Engine               - title: Traffic
15:10:27.032 [FXGL Background Thread 3 ] DEBUG Engine               - urlGithub: https://github.com/AlmasB/FXGL
15:10:27.032 [FXGL Background Thread 3 ] DEBUG Engine               - urlLeaderboard: http://fxgl-top.herokuapp.com/
15:10:27.032 [FXGL Background Thread 3 ] DEBUG Engine               - urlPOM: https://raw.githubusercontent.com/AlmasB/FXGL/master/pom.xml
15:10:27.032 [FXGL Background Thread 3 ] DEBUG Engine               - version: Alpha 1.0
15:10:27.032 [FXGL Background Thread 3 ] DEBUG Engine               - versionCheckDays: 7
15:10:27.033 [FXGL Background Thread 3 ] DEBUG Engine               - width: 2500
15:10:27.033 [FXGL Background Thread 3 ] DEBUG Engine               - Logging services
15:10:27.033 [FXGL Background Thread 3 ] DEBUG Engine               - class com.almasb.fxgl.app.FXGLApplication$GameApplicationService
15:10:27.033 [FXGL Background Thread 3 ] DEBUG Engine               - class com.almasb.fxgl.app.services.FXGLDialogService
15:10:27.033 [FXGL Background Thread 3 ] DEBUG Engine               - class com.almasb.fxgl.app.services.IOTaskExecutorService
15:10:27.033 [FXGL Background Thread 3 ] DEBUG Engine               - class com.almasb.fxgl.event.EventBusService
15:10:27.033 [FXGL Background Thread 3 ] DEBUG Engine               - class com.almasb.fxgl.io.FileSystemService
15:10:27.033 [FXGL Background Thread 3 ] DEBUG Engine               - class com.almasb.fxgl.localization.LocalizationService
15:10:27.033 [FXGL Background Thread 3 ] DEBUG Engine               - class com.almasb.fxgl.app.services.FXGLAssetLoaderService
15:10:27.033 [FXGL Background Thread 3 ] DEBUG Engine               - class com.almasb.fxgl.app.services.SystemBundleService
15:10:27.034 [FXGL Background Thread 3 ] DEBUG Engine               - class com.almasb.fxgl.profile.SaveLoadService
15:10:27.034 [FXGL Background Thread 3 ] DEBUG Engine               - class com.almasb.fxgl.ui.FXGLUIFactoryServiceProvider
15:10:27.034 [FXGL Background Thread 3 ] DEBUG Engine               - class com.almasb.fxgl.ui.FXGLDialogFactoryServiceProvider
15:10:27.034 [FXGL Background Thread 3 ] DEBUG Engine               - class com.almasb.fxgl.audio.AudioPlayer
15:10:27.034 [FXGL Background Thread 3 ] DEBUG Engine               - class com.almasb.fxgl.notification.impl.NotificationServiceProvider
15:10:27.034 [FXGL Background Thread 3 ] DEBUG Engine               - class com.almasb.fxgl.achievement.AchievementService
15:10:27.034 [FXGL Background Thread 3 ] DEBUG Engine               - class com.almasb.fxgl.cutscene.CutsceneService
15:10:27.034 [FXGL Background Thread 3 ] DEBUG Engine               - class com.almasb.fxgl.minigames.MiniGameService
15:10:27.034 [FXGL Background Thread 3 ] DEBUG Engine               - class com.almasb.fxgl.net.NetService
15:10:27.035 [FXGL Background Thread 3 ] DEBUG Engine               - class com.almasb.fxgl.app.services.UpdaterService
15:10:27.035 [FXGL Background Thread 3 ] DEBUG Engine               - class com.almasb.fxgl.dev.DevService
15:10:27.035 [FXGL Background Thread 3 ] DEBUG Engine               - class com.almasb.fxgl.dev.profiling.ProfilerService
15:11:06.749 [JavaFX Application Thread] DEBUG LoopRunner           - Stopping loop
15:11:06.750 [JavaFX Application Thread] FATAL FXGLApplication      - Uncaught Exception:
java.lang.IllegalArgumentException: Parameter specified as non-null is null: method com.almasb.fxgl.audio.AudioPlayer.playSound, parameter sound
	at com.almasb.fxgl.media/com.almasb.fxgl.audio.AudioPlayer.playSound(AudioPlayer.kt)
	at trafficGame.main/it.uniroma1.metodologie.trafficGame.TrafficApp$2.onActionBegin(TrafficApp.java:182)
	at com.almasb.fxgl.input/com.almasb.fxgl.input.UserAction.begin$fxgl_input(UserAction.kt:37)
	at com.almasb.fxgl.input/com.almasb.fxgl.input.Input.handlePressed(Input.kt:261)
	at com.almasb.fxgl.input/com.almasb.fxgl.input.Input.onKeyEvent(Input.kt:202)
	at com.almasb.fxgl.all/com.almasb.fxgl.app.MainWindow$1$1.invoke(MainWindow.kt:93)
	at com.almasb.fxgl.all/com.almasb.fxgl.app.MainWindow$1$1.invoke(MainWindow.kt:40)
	at com.almasb.fxgl.core/com.almasb.fxgl.core.fsm.StateMachine.runOnActiveStates(StateMachine.kt:60)
	at com.almasb.fxgl.all/com.almasb.fxgl.app.MainWindow$1.invoke(MainWindow.kt:93)
	at com.almasb.fxgl.all/com.almasb.fxgl.app.MainWindow$1.invoke(MainWindow.kt:40)
	at com.almasb.fxgl.all/com.almasb.fxgl.app.MainWindow$sam$javafx_event_EventHandler$0.handle(MainWindow.kt)
	at javafx.base/com.sun.javafx.event.CompositeEventHandler$NormalEventHandlerRecord.handleBubblingEvent(CompositeEventHandler.java:247)
	at javafx.base/com.sun.javafx.event.CompositeEventHandler.dispatchBubblingEvent(CompositeEventHandler.java:80)
	at javafx.base/com.sun.javafx.event.EventHandlerManager.dispatchBubblingEvent(EventHandlerManager.java:234)
	at javafx.base/com.sun.javafx.event.EventHandlerManager.dispatchBubblingEvent(EventHandlerManager.java:191)
	at javafx.base/com.sun.javafx.event.CompositeEventDispatcher.dispatchBubblingEvent(CompositeEventDispatcher.java:59)
	at javafx.base/com.sun.javafx.event.BasicEventDispatcher.dispatchEvent(BasicEventDispatcher.java:58)
	at javafx.base/com.sun.javafx.event.EventDispatchChainImpl.dispatchEvent(EventDispatchChainImpl.java:114)
	at javafx.base/com.sun.javafx.event.BasicEventDispatcher.dispatchEvent(BasicEventDispatcher.java:56)
	at javafx.base/com.sun.javafx.event.EventDispatchChainImpl.dispatchEvent(EventDispatchChainImpl.java:114)
	at javafx.base/com.sun.javafx.event.EventUtil.fireEventImpl(EventUtil.java:74)
	at javafx.base/com.sun.javafx.event.EventUtil.fireEvent(EventUtil.java:54)
	at javafx.base/javafx.event.Event.fireEvent(Event.java:198)
	at javafx.graphics/javafx.scene.Scene$KeyHandler.process(Scene.java:4098)
	at javafx.graphics/javafx.scene.Scene.processKeyEvent(Scene.java:2157)
	at javafx.graphics/javafx.scene.Scene$ScenePeerListener.keyEvent(Scene.java:2625)
	at javafx.graphics/com.sun.javafx.tk.quantum.GlassViewEventHandler$KeyEventNotification.run(GlassViewEventHandler.java:217)
	at javafx.graphics/com.sun.javafx.tk.quantum.GlassViewEventHandler$KeyEventNotification.run(GlassViewEventHandler.java:149)
	at java.base/java.security.AccessController.doPrivileged(AccessController.java:391)
	at javafx.graphics/com.sun.javafx.tk.quantum.GlassViewEventHandler.lambda$handleKeyEvent$1(GlassViewEventHandler.java:248)
	at javafx.graphics/com.sun.javafx.tk.quantum.QuantumToolkit.runWithoutRenderLock(QuantumToolkit.java:412)
	at javafx.graphics/com.sun.javafx.tk.quantum.GlassViewEventHandler.handleKeyEvent(GlassViewEventHandler.java:247)
	at javafx.graphics/com.sun.glass.ui.View.handleKeyEvent(View.java:547)
	at javafx.graphics/com.sun.glass.ui.View.notifyKey(View.java:971)

15:11:06.750 [JavaFX Application Thread] FATAL FXGLApplication      - Application will now exit
15:11:06.755 [JavaFX Application Thread] DEBUG MainWindow           - Push state: ErrorSubScene
15:11:06.755 [JavaFX Application Thread] DEBUG Input                - Clearing active input actions
15:11:06.756 [JavaFX Application Thread] DEBUG GameApplicationServi - Removing overlay from GameScene and adding to ErrorSubScene
15:11:06.759 [JavaFX Application Thread] DEBUG MainWindow           - GameScene -> ErrorSubScene
15:11:18.825 [JavaFX Application Thread] DEBUG FXGLApplication      - Exiting FXGL
15:11:18.826 [JavaFX Application Thread] DEBUG Async                - Shutting down background threads
15:11:18.826 [JavaFX Application Thread] DEBUG MainWindow           - Closing main window
15:11:18.836 [JavaFX Application Thread] DEBUG Logger               - Closing Logger
