23:21:28.299 [main                     ] DEBUG Logger               - Configured Logger
23:21:28.321 [main                     ] DEBUG GameApplication      - Logging settings
Title: Traffic
Version: Alpha 1.0
Width: 2000
Height: 1125
Fullscreen: false
Intro: false
Profiling: false
Single step:false
App Mode: DEVELOPER
Menu Key: ESCAPE
Stage Style: DECORATED
Scene Factory: class it.uniroma1.metodologie.trafficGame.TrafficApp$1

23:21:28.797 [JavaFX Application Thread] DEBUG FXGLApplication      - Initializing FXGL
23:21:28.808 [JavaFX Application Thread] INFO  Engine               - FXGL-dev-SNAPSHOT (06.09.2020 16.28) on MAC (J:14.0.1 FX:14)
23:21:28.809 [JavaFX Application Thread] DEBUG Engine               - JRE Vendor Name: Oracle Corporation
23:21:28.809 [JavaFX Application Thread] DEBUG Engine               - Running on OS: Mac OS X version 10.15.6
23:21:28.809 [JavaFX Application Thread] DEBUG Engine               - Architecture: x86_64
23:21:28.810 [JavaFX Application Thread] INFO  Engine               - Source code and latest versions at: https://github.com/AlmasB/FXGL
23:21:28.810 [JavaFX Application Thread] INFO  Engine               -              Join the FXGL chat at: https://gitter.im/AlmasB/FXGL
23:21:28.925 [JavaFX Application Thread] DEBUG MainWindow           - Creating a JavaFX scene
23:21:28.926 [JavaFX Application Thread] DEBUG MainWindow           - Target size > screen size
23:21:28.976 [JavaFX Application Thread] DEBUG MainWindow           - Target settings size: 2000.0 x 1125.0
23:21:28.976 [JavaFX Application Thread] DEBUG MainWindow           - Scaled scene size:    1775.0 x 1012.0
23:21:28.976 [JavaFX Application Thread] DEBUG MainWindow           - Scaled ratio: (0.8875, 0.8995555555555556)
23:21:28.978 [JavaFX Application Thread] DEBUG MainWindow           - Set initial scene to StartupScene
23:21:28.984 [JavaFX Application Thread] DEBUG MainWindow           - Opening main window
23:21:29.075 [JavaFX Application Thread] DEBUG MainWindow           - Window border size: (0.0, 1.0)
23:21:29.076 [JavaFX Application Thread] DEBUG MainWindow           - Scaled size: 1775.0 x 1012.0
23:21:29.076 [JavaFX Application Thread] DEBUG MainWindow           - Scaled ratio: (0.8875, 0.8875)
23:21:29.076 [JavaFX Application Thread] DEBUG MainWindow           - Scene size: 1775.0 x 1012.0
23:21:29.077 [JavaFX Application Thread] DEBUG MainWindow           - Stage size: 1775.0 x 1013.0
23:21:29.083 [FXGL Background Thread 1 ] DEBUG Engine               - Initializing environment variables
23:21:29.115 [FXGL Background Thread 1 ] DEBUG GameApplicationServi - Applying CSS: fxgl_dark.css
23:21:29.118 [FXGL Background Thread 1 ] DEBUG FXGLAssetLoaderServi - Loading from file system: /assets/ui/css/fxgl_dark.css
23:21:29.190 [FXGL Background Thread 1 ] DEBUG GameApplicationServi - Initializing application scenes
23:21:29.485 [FXGL Background Thread 1 ] DEBUG GameWorld            - Game world initialized
23:21:29.541 [FXGL Background Thread 1 ] DEBUG PhysicsWorld         - Physics world initialized: appHeight=1125, physics.ppm=50,0
23:21:29.543 [FXGL Background Thread 1 ] DEBUG GameScene            - Game scene initialized: 2000x1125
23:21:29.553 [FXGL Background Thread 1 ] DEBUG FXGLAssetLoaderServi - Loading from file system: /assets/textures/bg.jpg
23:21:29.963 [FXGL Background Thread 1 ] DEBUG FXGLAssetLoaderServi - Loading from file system: /assets/textures/logo.png
23:21:30.126 [FXGL Background Thread 1 ] DEBUG FXGLAssetLoaderServi - Loading from file system: /assets/textures/particles/trace_horizontal.png
23:21:30.159 [FXGL Background Thread 1 ] DEBUG FXGL.DefaultMenu     - createMenuBodyGameMenu()
23:21:30.176 [FXGL Background Thread 1 ] DEBUG FXGL.DefaultMenu     - createOptionsMenu()
23:21:30.182 [FXGL Background Thread 1 ] DEBUG FXGL.DefaultMenu     - createExtraMenu()
23:21:30.187 [FXGL Background Thread 1 ] DEBUG FXGLAssetLoaderServi - Loading from file system: /assets/textures/particles/smoke.png
23:21:30.256 [FXGL Background Thread 1 ] DEBUG GameApplicationServi - Application scenes initialized
23:21:30.269 [FXGL Background Thread 1 ] DEBUG SystemBundleService  - Loading FXGL system data
23:21:30.272 [FXGL Background Thread 1 ] DEBUG FileSystemAccess     - Reading from: /Users/universita/Desktop/ProgettoJava/traffic-mobile/system/fxgl.bundle
23:21:30.282 [FXGL Background Thread 1 ] DEBUG SystemBundleService  - Bundle FXGL: {}
23:21:30.282 [FXGL Background Thread 1 ] DEBUG UpdaterService       - Checking for updates
23:21:30.311 [FXGL Background Thread 4 ] DEBUG FXGLApplication      - Loading fonts
23:21:30.312 [FXGL Background Thread 4 ] DEBUG FXGLAssetLoaderServi - Loading from file system: /assets/ui/fonts/VarelaRound-Regular.ttf
23:21:30.312 [FXGL Background Thread 1 ] DEBUG FXGLApplication      - Loading default localization
23:21:30.312 [FXGL Background Thread 1 ] DEBUG FXGLAssetLoaderServi - Loading from file system: /assets/languages/english.lang
23:21:30.325 [FXGL Background Thread 4 ] DEBUG FXGLAssetLoaderServi - Loading from file system: /assets/ui/fonts/Abel-Regular.ttf
23:21:30.329 [FXGL Background Thread 4 ] DEBUG FXGLAssetLoaderServi - Loading from file system: /assets/ui/fonts/lucida_console.ttf
23:21:30.334 [FXGL Background Thread 4 ] DEBUG FXGLAssetLoaderServi - Loading from file system: /assets/ui/fonts/Courier-Prime.ttf
23:21:30.339 [JavaFX Application Thread] DEBUG FXGLApplication      - Registering font factories with UI factory
23:21:30.350 [FXGL Background Thread 1 ] INFO  FXGLApplication      - FXGL initialization took: 1,267 sec
23:21:30.362 [JavaFX Application Thread] DEBUG Input                - Registered new binding: Change trafficlight status - F
23:21:30.363 [JavaFX Application Thread] DEBUG Input                - Registered new binding: Move Right - D
23:21:30.363 [JavaFX Application Thread] DEBUG Input                - Registered new binding: Move Left - A
23:21:30.363 [JavaFX Application Thread] DEBUG Input                - Registered new binding: Move Up - W
23:21:30.364 [JavaFX Application Thread] DEBUG Input                - Registered new binding: Move Down - S
23:21:30.364 [JavaFX Application Thread] DEBUG Input                - Registered new binding: Spawn Car - Space
23:21:30.365 [JavaFX Application Thread] DEBUG Input                - Registered new binding: Select and change traffic light - LMB
23:21:30.366 [JavaFX Application Thread] DEBUG FXGLAssetLoaderServi - Loading from file system: /assets/textures/fxgl_icon.png
23:21:30.396 [JavaFX Application Thread] DEBUG FXGLAssetLoaderServi - Loading from file system: /assets/ui/cursors/fxgl_default.png
23:21:30.398 [JavaFX Application Thread] DEBUG Input                - Registered new binding: Screenshot - P
23:21:30.399 [JavaFX Application Thread] DEBUG Input                - Registered new binding: Dev Options - 1
23:21:30.399 [JavaFX Application Thread] DEBUG Input                - Registered new binding: Dev Console - 2
23:21:30.400 [JavaFX Application Thread] DEBUG Input                - Registered new binding: System info dump - CTRL+9
23:21:30.400 [JavaFX Application Thread] DEBUG Input                - Registered new binding: Restart - CTRL+R
23:21:30.401 [JavaFX Application Thread] DEBUG Input                - Registered new binding: Toggle Debug Camera - CTRL+C
23:21:30.404 [JavaFX Application Thread] DEBUG LoopRunner           - Starting loop
23:21:30.432 [JavaFX Application Thread] DEBUG Input                - Clearing active input actions
23:21:30.446 [JavaFX Application Thread] DEBUG GameApplicationServi - Removing overlay from StartupScene and adding to FXGLMainMenuDummyScene
23:21:30.451 [JavaFX Application Thread] DEBUG MainWindow           - StartupScene -> FXGLMainMenuDummyScene
23:21:30.452 [JavaFX Application Thread] DEBUG MainWindow           - Push state: TrafficAppMenu
23:21:30.453 [JavaFX Application Thread] DEBUG Input                - Clearing active input actions
23:21:30.464 [JavaFX Application Thread] DEBUG GameApplicationServi - Removing overlay from FXGLMainMenuDummyScene and adding to TrafficAppMenu
23:21:30.465 [JavaFX Application Thread] DEBUG MainWindow           - FXGLMainMenuDummyScene -> TrafficAppMenu
23:21:32.744 [JavaFX Application Thread] DEBUG Menu                 - fireNewGame()
23:21:32.744 [JavaFX Application Thread] DEBUG GameApplicationServi - Starting new game
23:21:32.744 [JavaFX Application Thread] DEBUG MainWindow           - Pop state: TrafficAppMenu
23:21:32.744 [JavaFX Application Thread] DEBUG Input                - Clearing active input actions
23:21:32.747 [JavaFX Application Thread] DEBUG GameApplicationServi - Removing overlay from TrafficAppMenu and adding to FXGLMainMenuDummyScene
23:21:32.750 [JavaFX Application Thread] DEBUG MainWindow           - FXGLMainMenuDummyScene <- TrafficAppMenu
23:21:32.750 [JavaFX Application Thread] DEBUG Input                - Clearing active input actions
23:21:32.762 [JavaFX Application Thread] DEBUG GameApplicationServi - Removing overlay from FXGLMainMenuDummyScene and adding to FXGLLoadingScene
23:21:32.763 [JavaFX Application Thread] DEBUG MainWindow           - FXGLMainMenuDummyScene -> FXGLLoadingScene
23:21:32.763 [JavaFX Application Thread] DEBUG GameApplicationServi - Clearing previous game
23:21:32.763 [JavaFX Application Thread] DEBUG GameScene            - Clearing game scene
23:21:32.764 [JavaFX Application Thread] DEBUG GameWorld            - Clearing game world
23:21:32.764 [JavaFX Application Thread] DEBUG PhysicsWorld         - Clearing physics world
23:21:32.765 [FXGL Background Thread 2 ] DEBUG FXGLApplication      - Initializing game
23:21:32.777 [FXGL Background Thread 2 ] DEBUG FXGLAssetLoaderServi - Loading from file system: /assets/levels/Mappa-testing.tmx
23:21:32.821 [FXGL Background Thread 2 ] WARN  TMXLevelLoader       - TiledMap generated from 1.4.1. Supported version: 1.2.3. Some features may not be parsed fully.
23:21:32.873 [FXGL Background Thread 2 ] DEBUG TMXLevelLoader       - Parsed raw map: TiledMap(width=16, height=9, tilewidth=125, tileheight=125, orientation=orthogonal, layers=[Layer(width=16, height=9, name=Tile Layer 1, type=tilelayer, visible=false, x=0, y=0, data=[24, 24, 24, 26, 5, 28, 24, 24, 24, 24, 24, 26, 5, 28, 24, 24, 25, 25, 25, 32, 5, 34, 25, 25, 25, 25, 25, 32, 5, 34, 25, 25, 6, 6, 6, 6, 7, 6, 6, 6, 6, 6, 6, 6, 7, 6, 6, 6, 27, 27, 27, 33, 5, 21, 13, 13, 13, 13, 13, 19, 5, 35, 27, 27, 24, 24, 24, 26, 5, 14, 10, 10, 10, 10, 10, 12, 5, 28, 24, 24, 25, 25, 25, 32, 5, 20, 11, 11, 11, 11, 11, 18, 5, 34, 25, 25, 6, 6, 6, 6, 7, 6, 6, 6, 6, 6, 6, 6, 7, 6, 6, 6, 27, 27, 27, 33, 5, 35, 27, 27, 27, 27, 27, 33, 5, 35, 27, 27, 24, 24, 24, 26, 5, 28, 24, 24, 24, 24, 24, 26, 5, 28, 24, 24], objects=[], opacity=0.0, draworder=), Layer(width=0, height=0, name=spawnpoints, type=objectgroup, visible=false, x=0, y=0, data=[], objects=[com.almasb.fxgl.entity.level.tiled.TiledObject@3121c261, com.almasb.fxgl.entity.level.tiled.TiledObject@24ad9b3, com.almasb.fxgl.entity.level.tiled.TiledObject@56eb811c, com.almasb.fxgl.entity.level.tiled.TiledObject@4109d50f, com.almasb.fxgl.entity.level.tiled.TiledObject@7e843585, com.almasb.fxgl.entity.level.tiled.TiledObject@2ad7fca7, com.almasb.fxgl.entity.level.tiled.TiledObject@203e6b80, com.almasb.fxgl.entity.level.tiled.TiledObject@2f107325], opacity=0.0, draworder=), Layer(width=0, height=0, name=paths, type=objectgroup, visible=false, x=0, y=0, data=[], objects=[com.almasb.fxgl.entity.level.tiled.TiledObject@7067435f, com.almasb.fxgl.entity.level.tiled.TiledObject@6540bb30, com.almasb.fxgl.entity.level.tiled.TiledObject@3671be73, com.almasb.fxgl.entity.level.tiled.TiledObject@1a546ac3, com.almasb.fxgl.entity.level.tiled.TiledObject@5063bf6d, com.almasb.fxgl.entity.level.tiled.TiledObject@309a076a, com.almasb.fxgl.entity.level.tiled.TiledObject@ba3b52c, com.almasb.fxgl.entity.level.tiled.TiledObject@3298c4e9, com.almasb.fxgl.entity.level.tiled.TiledObject@7fcd8d00, com.almasb.fxgl.entity.level.tiled.TiledObject@1f0c64c4, com.almasb.fxgl.entity.level.tiled.TiledObject@910a8dc, com.almasb.fxgl.entity.level.tiled.TiledObject@7d5b8a9b, com.almasb.fxgl.entity.level.tiled.TiledObject@6e6dadbd, com.almasb.fxgl.entity.level.tiled.TiledObject@12bbdef0, com.almasb.fxgl.entity.level.tiled.TiledObject@1ee1c233, com.almasb.fxgl.entity.level.tiled.TiledObject@3f4f9c26, com.almasb.fxgl.entity.level.tiled.TiledObject@3cccce37, com.almasb.fxgl.entity.level.tiled.TiledObject@704cdb00, com.almasb.fxgl.entity.level.tiled.TiledObject@60ac6f60, com.almasb.fxgl.entity.level.tiled.TiledObject@23c171ff, com.almasb.fxgl.entity.level.tiled.TiledObject@7926bec6, com.almasb.fxgl.entity.level.tiled.TiledObject@6f24fe39, com.almasb.fxgl.entity.level.tiled.TiledObject@6c705bd2, com.almasb.fxgl.entity.level.tiled.TiledObject@4416912a], opacity=0.0, draworder=), Layer(width=0, height=0, name=Incroci, type=objectgroup, visible=false, x=0, y=0, data=[], objects=[com.almasb.fxgl.entity.level.tiled.TiledObject@88ac7e0, com.almasb.fxgl.entity.level.tiled.TiledObject@409725fe, com.almasb.fxgl.entity.level.tiled.TiledObject@2ed758f5, com.almasb.fxgl.entity.level.tiled.TiledObject@5eb803c4], opacity=0.0, draworder=), Layer(width=0, height=0, name=trafficLight, type=objectgroup, visible=false, x=0, y=0, data=[], objects=[com.almasb.fxgl.entity.level.tiled.TiledObject@536a34, com.almasb.fxgl.entity.level.tiled.TiledObject@79921715, com.almasb.fxgl.entity.level.tiled.TiledObject@6d16e822, com.almasb.fxgl.entity.level.tiled.TiledObject@73ae6067, com.almasb.fxgl.entity.level.tiled.TiledObject@68b7a6ec, com.almasb.fxgl.entity.level.tiled.TiledObject@1f43e50, com.almasb.fxgl.entity.level.tiled.TiledObject@5b7991b4, com.almasb.fxgl.entity.level.tiled.TiledObject@5bd47fe4, com.almasb.fxgl.entity.level.tiled.TiledObject@e8122b4, com.almasb.fxgl.entity.level.tiled.TiledObject@2e279b8a, com.almasb.fxgl.entity.level.tiled.TiledObject@39c44bcb, com.almasb.fxgl.entity.level.tiled.TiledObject@41972848, com.almasb.fxgl.entity.level.tiled.TiledObject@4604264c, com.almasb.fxgl.entity.level.tiled.TiledObject@546d0ecd, com.almasb.fxgl.entity.level.tiled.TiledObject@4f6c8d98, com.almasb.fxgl.entity.level.tiled.TiledObject@37c12955], opacity=0.0, draworder=)], tilesets=[Tileset(firstgid=1, image=../textures/rsz_tiles_sheet.png, name=rsz_tiles_sheet, tilewidth=125, tileheight=125, imagewidth=875, imageheight=750, margin=0, spacing=0, columns=7, tilecount=42, transparentcolor=41ffef, tiles=[])], backgroundcolor=, renderorder=left-up, nextobjectid=66, version=1, tiledversion=1.4.1, type=map, infinite=false, hexsidelength=0, staggeraxis=, staggerindex=, properties={}, propertytypes={})
23:21:32.875 [FXGL Background Thread 2 ] DEBUG TMXLevelLoader       - Creating tile layer entities
23:21:32.885 [FXGL Background Thread 2 ] DEBUG TilesetLoader        - Loading view for layer Tile Layer 1
23:21:32.916 [FXGL Background Thread 2 ] DEBUG TilesetLoader        - Created buffer with size 2000.0x1125.0
23:21:33.274 [FXGL Background Thread 2 ] DEBUG TilesetLoader        - Writing to buffer: dst=0,0, w=125,h=125, src=250,375
23:21:33.275 [FXGL Background Thread 2 ] DEBUG TilesetLoader        - Writing to buffer: dst=125,0, w=125,h=125, src=250,375
23:21:33.275 [FXGL Background Thread 2 ] DEBUG TilesetLoader        - Writing to buffer: dst=250,0, w=125,h=125, src=250,375
23:21:33.275 [FXGL Background Thread 2 ] DEBUG TilesetLoader        - Writing to buffer: dst=375,0, w=125,h=125, src=500,375
23:21:33.275 [FXGL Background Thread 2 ] DEBUG TilesetLoader        - Writing to buffer: dst=500,0, w=125,h=125, src=500,0
23:21:33.275 [FXGL Background Thread 2 ] DEBUG TilesetLoader        - Writing to buffer: dst=625,0, w=125,h=125, src=750,375
23:21:33.276 [FXGL Background Thread 2 ] DEBUG TilesetLoader        - Writing to buffer: dst=750,0, w=125,h=125, src=250,375
23:21:33.276 [FXGL Background Thread 2 ] DEBUG TilesetLoader        - Writing to buffer: dst=875,0, w=125,h=125, src=250,375
23:21:33.276 [FXGL Background Thread 2 ] DEBUG TilesetLoader        - Writing to buffer: dst=1000,0, w=125,h=125, src=250,375
23:21:33.276 [FXGL Background Thread 2 ] DEBUG TilesetLoader        - Writing to buffer: dst=1125,0, w=125,h=125, src=250,375
23:21:33.277 [FXGL Background Thread 2 ] DEBUG TilesetLoader        - Writing to buffer: dst=1250,0, w=125,h=125, src=250,375
23:21:33.277 [FXGL Background Thread 2 ] DEBUG TilesetLoader        - Writing to buffer: dst=1375,0, w=125,h=125, src=500,375
23:21:33.278 [FXGL Background Thread 2 ] DEBUG TilesetLoader        - Writing to buffer: dst=1500,0, w=125,h=125, src=500,0
23:21:33.279 [FXGL Background Thread 2 ] DEBUG TilesetLoader        - Writing to buffer: dst=1625,0, w=125,h=125, src=750,375
23:21:33.279 [FXGL Background Thread 2 ] DEBUG TilesetLoader        - Writing to buffer: dst=1750,0, w=125,h=125, src=250,375
23:21:33.279 [FXGL Background Thread 2 ] DEBUG TilesetLoader        - Writing to buffer: dst=1875,0, w=125,h=125, src=250,375
23:21:33.279 [FXGL Background Thread 2 ] DEBUG TilesetLoader        - Writing to buffer: dst=0,125, w=125,h=125, src=375,375
23:21:33.280 [FXGL Background Thread 2 ] DEBUG TilesetLoader        - Writing to buffer: dst=125,125, w=125,h=125, src=375,375
23:21:33.280 [FXGL Background Thread 2 ] DEBUG TilesetLoader        - Writing to buffer: dst=250,125, w=125,h=125, src=375,375
23:21:33.280 [FXGL Background Thread 2 ] DEBUG TilesetLoader        - Writing to buffer: dst=375,125, w=125,h=125, src=375,500
23:21:33.280 [FXGL Background Thread 2 ] DEBUG TilesetLoader        - Writing to buffer: dst=500,125, w=125,h=125, src=500,0
23:21:33.281 [FXGL Background Thread 2 ] DEBUG TilesetLoader        - Writing to buffer: dst=625,125, w=125,h=125, src=625,500
23:21:33.281 [FXGL Background Thread 2 ] DEBUG TilesetLoader        - Writing to buffer: dst=750,125, w=125,h=125, src=375,375
23:21:33.282 [FXGL Background Thread 2 ] DEBUG TilesetLoader        - Writing to buffer: dst=875,125, w=125,h=125, src=375,375
23:21:33.282 [FXGL Background Thread 2 ] DEBUG TilesetLoader        - Writing to buffer: dst=1000,125, w=125,h=125, src=375,375
23:21:33.283 [FXGL Background Thread 2 ] DEBUG TilesetLoader        - Writing to buffer: dst=1125,125, w=125,h=125, src=375,375
23:21:33.284 [FXGL Background Thread 2 ] DEBUG TilesetLoader        - Writing to buffer: dst=1250,125, w=125,h=125, src=375,375
23:21:33.284 [FXGL Background Thread 2 ] DEBUG TilesetLoader        - Writing to buffer: dst=1375,125, w=125,h=125, src=375,500
23:21:33.285 [FXGL Background Thread 2 ] DEBUG TilesetLoader        - Writing to buffer: dst=1500,125, w=125,h=125, src=500,0
23:21:33.285 [FXGL Background Thread 2 ] DEBUG TilesetLoader        - Writing to buffer: dst=1625,125, w=125,h=125, src=625,500
23:21:33.285 [FXGL Background Thread 2 ] DEBUG TilesetLoader        - Writing to buffer: dst=1750,125, w=125,h=125, src=375,375
23:21:33.285 [FXGL Background Thread 2 ] DEBUG TilesetLoader        - Writing to buffer: dst=1875,125, w=125,h=125, src=375,375
23:21:33.285 [FXGL Background Thread 2 ] DEBUG TilesetLoader        - Writing to buffer: dst=0,250, w=125,h=125, src=625,0
23:21:33.286 [FXGL Background Thread 2 ] DEBUG TilesetLoader        - Writing to buffer: dst=125,250, w=125,h=125, src=625,0
23:21:33.286 [FXGL Background Thread 2 ] DEBUG TilesetLoader        - Writing to buffer: dst=250,250, w=125,h=125, src=625,0
23:21:33.286 [FXGL Background Thread 2 ] DEBUG TilesetLoader        - Writing to buffer: dst=375,250, w=125,h=125, src=625,0
23:21:33.286 [FXGL Background Thread 2 ] DEBUG TilesetLoader        - Writing to buffer: dst=500,250, w=125,h=125, src=750,0
23:21:33.288 [FXGL Background Thread 2 ] DEBUG TilesetLoader        - Writing to buffer: dst=625,250, w=125,h=125, src=625,0
23:21:33.288 [FXGL Background Thread 2 ] DEBUG TilesetLoader        - Writing to buffer: dst=750,250, w=125,h=125, src=625,0
23:21:33.289 [FXGL Background Thread 2 ] DEBUG TilesetLoader        - Writing to buffer: dst=875,250, w=125,h=125, src=625,0
23:21:33.289 [FXGL Background Thread 2 ] DEBUG TilesetLoader        - Writing to buffer: dst=1000,250, w=125,h=125, src=625,0
23:21:33.289 [FXGL Background Thread 2 ] DEBUG TilesetLoader        - Writing to buffer: dst=1125,250, w=125,h=125, src=625,0
23:21:33.289 [FXGL Background Thread 2 ] DEBUG TilesetLoader        - Writing to buffer: dst=1250,250, w=125,h=125, src=625,0
23:21:33.290 [FXGL Background Thread 2 ] DEBUG TilesetLoader        - Writing to buffer: dst=1375,250, w=125,h=125, src=625,0
23:21:33.290 [FXGL Background Thread 2 ] DEBUG TilesetLoader        - Writing to buffer: dst=1500,250, w=125,h=125, src=750,0
23:21:33.290 [FXGL Background Thread 2 ] DEBUG TilesetLoader        - Writing to buffer: dst=1625,250, w=125,h=125, src=625,0
23:21:33.291 [FXGL Background Thread 2 ] DEBUG TilesetLoader        - Writing to buffer: dst=1750,250, w=125,h=125, src=625,0
23:21:33.292 [FXGL Background Thread 2 ] DEBUG TilesetLoader        - Writing to buffer: dst=1875,250, w=125,h=125, src=625,0
23:21:33.292 [FXGL Background Thread 2 ] DEBUG TilesetLoader        - Writing to buffer: dst=0,375, w=125,h=125, src=625,375
23:21:33.292 [FXGL Background Thread 2 ] DEBUG TilesetLoader        - Writing to buffer: dst=125,375, w=125,h=125, src=625,375
23:21:33.292 [FXGL Background Thread 2 ] DEBUG TilesetLoader        - Writing to buffer: dst=250,375, w=125,h=125, src=625,375
23:21:33.292 [FXGL Background Thread 2 ] DEBUG TilesetLoader        - Writing to buffer: dst=375,375, w=125,h=125, src=500,500
23:21:33.294 [FXGL Background Thread 2 ] DEBUG TilesetLoader        - Writing to buffer: dst=500,375, w=125,h=125, src=500,0
23:21:33.294 [FXGL Background Thread 2 ] DEBUG TilesetLoader        - Writing to buffer: dst=625,375, w=125,h=125, src=750,250
23:21:33.294 [FXGL Background Thread 2 ] DEBUG TilesetLoader        - Writing to buffer: dst=750,375, w=125,h=125, src=625,125
23:21:33.294 [FXGL Background Thread 2 ] DEBUG TilesetLoader        - Writing to buffer: dst=875,375, w=125,h=125, src=625,125
23:21:33.295 [FXGL Background Thread 2 ] DEBUG TilesetLoader        - Writing to buffer: dst=1000,375, w=125,h=125, src=625,125
23:21:33.295 [FXGL Background Thread 2 ] DEBUG TilesetLoader        - Writing to buffer: dst=1125,375, w=125,h=125, src=625,125
23:21:33.295 [FXGL Background Thread 2 ] DEBUG TilesetLoader        - Writing to buffer: dst=1250,375, w=125,h=125, src=625,125
23:21:33.295 [FXGL Background Thread 2 ] DEBUG TilesetLoader        - Writing to buffer: dst=1375,375, w=125,h=125, src=500,250
23:21:33.295 [FXGL Background Thread 2 ] DEBUG TilesetLoader        - Writing to buffer: dst=1500,375, w=125,h=125, src=500,0
23:21:33.296 [FXGL Background Thread 2 ] DEBUG TilesetLoader        - Writing to buffer: dst=1625,375, w=125,h=125, src=750,500
23:21:33.298 [FXGL Background Thread 2 ] DEBUG TilesetLoader        - Writing to buffer: dst=1750,375, w=125,h=125, src=625,375
23:21:33.298 [FXGL Background Thread 2 ] DEBUG TilesetLoader        - Writing to buffer: dst=1875,375, w=125,h=125, src=625,375
23:21:33.298 [FXGL Background Thread 2 ] DEBUG TilesetLoader        - Writing to buffer: dst=0,500, w=125,h=125, src=250,375
23:21:33.298 [FXGL Background Thread 2 ] DEBUG TilesetLoader        - Writing to buffer: dst=125,500, w=125,h=125, src=250,375
23:21:33.299 [FXGL Background Thread 2 ] DEBUG TilesetLoader        - Writing to buffer: dst=250,500, w=125,h=125, src=250,375
23:21:33.299 [FXGL Background Thread 2 ] DEBUG TilesetLoader        - Writing to buffer: dst=375,500, w=125,h=125, src=500,375
23:21:33.299 [FXGL Background Thread 2 ] DEBUG TilesetLoader        - Writing to buffer: dst=500,500, w=125,h=125, src=500,0
23:21:33.299 [FXGL Background Thread 2 ] DEBUG TilesetLoader        - Writing to buffer: dst=625,500, w=125,h=125, src=750,125
23:21:33.300 [FXGL Background Thread 2 ] DEBUG TilesetLoader        - Writing to buffer: dst=750,500, w=125,h=125, src=250,125
23:21:33.300 [FXGL Background Thread 2 ] DEBUG TilesetLoader        - Writing to buffer: dst=875,500, w=125,h=125, src=250,125
23:21:33.302 [FXGL Background Thread 2 ] DEBUG TilesetLoader        - Writing to buffer: dst=1000,500, w=125,h=125, src=250,125
23:21:33.302 [FXGL Background Thread 2 ] DEBUG TilesetLoader        - Writing to buffer: dst=1125,500, w=125,h=125, src=250,125
23:21:33.302 [FXGL Background Thread 2 ] DEBUG TilesetLoader        - Writing to buffer: dst=1250,500, w=125,h=125, src=250,125
23:21:33.302 [FXGL Background Thread 2 ] DEBUG TilesetLoader        - Writing to buffer: dst=1375,500, w=125,h=125, src=500,125
23:21:33.303 [FXGL Background Thread 2 ] DEBUG TilesetLoader        - Writing to buffer: dst=1500,500, w=125,h=125, src=500,0
23:21:33.303 [FXGL Background Thread 2 ] DEBUG TilesetLoader        - Writing to buffer: dst=1625,500, w=125,h=125, src=750,375
23:21:33.303 [FXGL Background Thread 2 ] DEBUG TilesetLoader        - Writing to buffer: dst=1750,500, w=125,h=125, src=250,375
23:21:33.304 [FXGL Background Thread 2 ] DEBUG TilesetLoader        - Writing to buffer: dst=1875,500, w=125,h=125, src=250,375
23:21:33.304 [FXGL Background Thread 2 ] DEBUG TilesetLoader        - Writing to buffer: dst=0,625, w=125,h=125, src=375,375
23:21:33.304 [FXGL Background Thread 2 ] DEBUG TilesetLoader        - Writing to buffer: dst=125,625, w=125,h=125, src=375,375
23:21:33.304 [FXGL Background Thread 2 ] DEBUG TilesetLoader        - Writing to buffer: dst=250,625, w=125,h=125, src=375,375
23:21:33.304 [FXGL Background Thread 2 ] DEBUG TilesetLoader        - Writing to buffer: dst=375,625, w=125,h=125, src=375,500
23:21:33.305 [FXGL Background Thread 2 ] DEBUG TilesetLoader        - Writing to buffer: dst=500,625, w=125,h=125, src=500,0
23:21:33.306 [FXGL Background Thread 2 ] DEBUG TilesetLoader        - Writing to buffer: dst=625,625, w=125,h=125, src=625,250
23:21:33.306 [FXGL Background Thread 2 ] DEBUG TilesetLoader        - Writing to buffer: dst=750,625, w=125,h=125, src=375,125
23:21:33.306 [FXGL Background Thread 2 ] DEBUG TilesetLoader        - Writing to buffer: dst=875,625, w=125,h=125, src=375,125
23:21:33.306 [FXGL Background Thread 2 ] DEBUG TilesetLoader        - Writing to buffer: dst=1000,625, w=125,h=125, src=375,125
23:21:33.307 [FXGL Background Thread 2 ] DEBUG TilesetLoader        - Writing to buffer: dst=1125,625, w=125,h=125, src=375,125
23:21:33.307 [FXGL Background Thread 2 ] DEBUG TilesetLoader        - Writing to buffer: dst=1250,625, w=125,h=125, src=375,125
23:21:33.311 [FXGL Background Thread 2 ] DEBUG TilesetLoader        - Writing to buffer: dst=1375,625, w=125,h=125, src=375,250
23:21:33.311 [FXGL Background Thread 2 ] DEBUG TilesetLoader        - Writing to buffer: dst=1500,625, w=125,h=125, src=500,0
23:21:33.311 [FXGL Background Thread 2 ] DEBUG TilesetLoader        - Writing to buffer: dst=1625,625, w=125,h=125, src=625,500
23:21:33.312 [FXGL Background Thread 2 ] DEBUG TilesetLoader        - Writing to buffer: dst=1750,625, w=125,h=125, src=375,375
23:21:33.312 [FXGL Background Thread 2 ] DEBUG TilesetLoader        - Writing to buffer: dst=1875,625, w=125,h=125, src=375,375
23:21:33.312 [FXGL Background Thread 2 ] DEBUG TilesetLoader        - Writing to buffer: dst=0,750, w=125,h=125, src=625,0
23:21:33.312 [FXGL Background Thread 2 ] DEBUG TilesetLoader        - Writing to buffer: dst=125,750, w=125,h=125, src=625,0
23:21:33.314 [FXGL Background Thread 3 ] DEBUG Engine               - Logging environment variables
23:21:33.313 [FXGL Background Thread 2 ] DEBUG TilesetLoader        - Writing to buffer: dst=250,750, w=125,h=125, src=625,0
23:21:33.315 [FXGL Background Thread 3 ] DEBUG Engine               - achievements: []
23:21:33.315 [FXGL Background Thread 2 ] DEBUG TilesetLoader        - Writing to buffer: dst=375,750, w=125,h=125, src=625,0
23:21:33.315 [FXGL Background Thread 3 ] DEBUG Engine               - appIcon: fxgl_icon.png
23:21:33.315 [FXGL Background Thread 3 ] DEBUG Engine               - applicationMode: DEVELOPER
23:21:33.315 [FXGL Background Thread 2 ] DEBUG TilesetLoader        - Writing to buffer: dst=500,750, w=125,h=125, src=750,0
23:21:33.315 [FXGL Background Thread 3 ] DEBUG Engine               - cSSList: [fxgl_dark.css]
23:21:33.315 [FXGL Background Thread 2 ] DEBUG TilesetLoader        - Writing to buffer: dst=625,750, w=125,h=125, src=625,0
23:21:33.315 [FXGL Background Thread 3 ] DEBUG Engine               - configClass: Optional.empty
23:21:33.315 [FXGL Background Thread 2 ] DEBUG TilesetLoader        - Writing to buffer: dst=750,750, w=125,h=125, src=625,0
23:21:33.315 [FXGL Background Thread 3 ] DEBUG Engine               - credits: []
23:21:33.315 [FXGL Background Thread 2 ] DEBUG TilesetLoader        - Writing to buffer: dst=875,750, w=125,h=125, src=625,0
23:21:33.316 [FXGL Background Thread 2 ] DEBUG TilesetLoader        - Writing to buffer: dst=1000,750, w=125,h=125, src=625,0
23:21:33.316 [FXGL Background Thread 3 ] DEBUG Engine               - devBBoxColorProperty: ObjectProperty [value: 0xff0000ff]
23:21:33.316 [FXGL Background Thread 2 ] DEBUG TilesetLoader        - Writing to buffer: dst=1125,750, w=125,h=125, src=625,0
23:21:33.316 [FXGL Background Thread 3 ] DEBUG Engine               - devEnableDebugCameraProperty: BooleanProperty [value: false]
23:21:33.316 [FXGL Background Thread 2 ] DEBUG TilesetLoader        - Writing to buffer: dst=1250,750, w=125,h=125, src=625,0
23:21:33.316 [FXGL Background Thread 2 ] DEBUG TilesetLoader        - Writing to buffer: dst=1375,750, w=125,h=125, src=625,0
23:21:33.316 [FXGL Background Thread 3 ] DEBUG Engine               - devSensorColorProperty: ObjectProperty [value: 0xffff00ff]
23:21:33.316 [FXGL Background Thread 2 ] DEBUG TilesetLoader        - Writing to buffer: dst=1500,750, w=125,h=125, src=750,0
23:21:33.316 [FXGL Background Thread 3 ] DEBUG Engine               - devShowBBoxProperty: BooleanProperty [value: false]
23:21:33.316 [FXGL Background Thread 3 ] DEBUG Engine               - devShowPositionProperty: BooleanProperty [value: false]
23:21:33.316 [FXGL Background Thread 3 ] DEBUG Engine               - enabledMenuItems: [SAVE_LOAD, EXTRA, ONLINE]
23:21:33.317 [FXGL Background Thread 3 ] DEBUG Engine               - engineServices: [class com.almasb.fxgl.app.FXGLApplication$GameApplicationService, class com.almasb.fxgl.app.services.FXGLDialogService, class com.almasb.fxgl.app.services.IOTaskExecutorService, class com.almasb.fxgl.event.EventBusService, class com.almasb.fxgl.io.FileSystemService, class com.almasb.fxgl.localization.LocalizationService, class com.almasb.fxgl.app.services.FXGLAssetLoaderService, class com.almasb.fxgl.app.services.SystemBundleService, class com.almasb.fxgl.profile.SaveLoadService, class com.almasb.fxgl.ui.FXGLUIFactoryServiceProvider, class com.almasb.fxgl.ui.FXGLDialogFactoryServiceProvider, class com.almasb.fxgl.audio.AudioPlayer, class com.almasb.fxgl.notification.impl.NotificationServiceProvider, class com.almasb.fxgl.achievement.AchievementService, class com.almasb.fxgl.cutscene.CutsceneService, class com.almasb.fxgl.minigames.MiniGameService, class com.almasb.fxgl.net.NetService, class com.almasb.fxgl.app.services.UpdaterService, class com.almasb.fxgl.dev.DevService]
23:21:33.317 [FXGL Background Thread 3 ] DEBUG Engine               - fontGame: Abel-Regular.ttf
23:21:33.317 [FXGL Background Thread 3 ] DEBUG Engine               - fontMono: lucida_console.ttf
23:21:33.317 [FXGL Background Thread 3 ] DEBUG Engine               - fontText: Courier-Prime.ttf
23:21:33.317 [FXGL Background Thread 3 ] DEBUG Engine               - fontUI: VarelaRound-Regular.ttf
23:21:33.316 [FXGL Background Thread 2 ] DEBUG TilesetLoader        - Writing to buffer: dst=1625,750, w=125,h=125, src=625,0
23:21:33.317 [FXGL Background Thread 3 ] DEBUG Engine               - fullScreen: BooleanProperty [value: false]
23:21:33.317 [FXGL Background Thread 3 ] DEBUG Engine               - gameDifficulty: MEDIUM
23:21:33.317 [FXGL Background Thread 2 ] DEBUG TilesetLoader        - Writing to buffer: dst=1750,750, w=125,h=125, src=625,0
23:21:33.317 [FXGL Background Thread 3 ] DEBUG Engine               - gameDifficultyProperty: ObjectProperty [value: MEDIUM]
23:21:33.317 [FXGL Background Thread 2 ] DEBUG TilesetLoader        - Writing to buffer: dst=1875,750, w=125,h=125, src=625,0
23:21:33.317 [FXGL Background Thread 3 ] DEBUG Engine               - globalMusicVolume: 0.5
23:21:33.318 [FXGL Background Thread 2 ] DEBUG TilesetLoader        - Writing to buffer: dst=0,875, w=125,h=125, src=625,375
23:21:33.318 [FXGL Background Thread 3 ] DEBUG Engine               - globalMusicVolumeProperty: DoubleProperty [value: 0.5]
23:21:33.318 [FXGL Background Thread 2 ] DEBUG TilesetLoader        - Writing to buffer: dst=125,875, w=125,h=125, src=625,375
23:21:33.318 [FXGL Background Thread 3 ] DEBUG Engine               - globalSoundVolume: 0.5
23:21:33.318 [FXGL Background Thread 2 ] DEBUG TilesetLoader        - Writing to buffer: dst=250,875, w=125,h=125, src=625,375
23:21:33.318 [FXGL Background Thread 3 ] DEBUG Engine               - globalSoundVolumeProperty: DoubleProperty [value: 0.5]
23:21:33.319 [FXGL Background Thread 3 ] DEBUG Engine               - height: 1125
23:21:33.319 [FXGL Background Thread 3 ] DEBUG Engine               - isAndroid: false
23:21:33.319 [FXGL Background Thread 3 ] DEBUG Engine               - isBrowser: false
23:21:33.319 [FXGL Background Thread 3 ] DEBUG Engine               - isClickFeedbackEnabled: false
23:21:33.320 [FXGL Background Thread 3 ] DEBUG Engine               - isCloseConfirmation: false
23:21:33.320 [FXGL Background Thread 3 ] DEBUG Engine               - isDesktop: true
23:21:33.320 [FXGL Background Thread 3 ] DEBUG Engine               - isDeveloperMenuEnabled: true
23:21:33.320 [FXGL Background Thread 2 ] DEBUG TilesetLoader        - Writing to buffer: dst=375,875, w=125,h=125, src=500,500
23:21:33.320 [FXGL Background Thread 3 ] DEBUG Engine               - isEntityPreloadEnabled: true
23:21:33.320 [FXGL Background Thread 3 ] DEBUG Engine               - isExperimentalNative: false
23:21:33.320 [FXGL Background Thread 2 ] DEBUG TilesetLoader        - Writing to buffer: dst=500,875, w=125,h=125, src=500,0
23:21:33.320 [FXGL Background Thread 3 ] DEBUG Engine               - isExperimentalTiledLargeMap: false
23:21:33.320 [FXGL Background Thread 2 ] DEBUG TilesetLoader        - Writing to buffer: dst=625,875, w=125,h=125, src=750,500
23:21:33.320 [FXGL Background Thread 3 ] DEBUG Engine               - isFileSystemWriteAllowed: true
23:21:33.320 [FXGL Background Thread 2 ] DEBUG TilesetLoader        - Writing to buffer: dst=750,875, w=125,h=125, src=625,375
23:21:33.320 [FXGL Background Thread 3 ] DEBUG Engine               - isFullScreenAllowed: false
23:21:33.320 [FXGL Background Thread 3 ] DEBUG Engine               - isFullScreenFromStart: false
23:21:33.320 [FXGL Background Thread 2 ] DEBUG TilesetLoader        - Writing to buffer: dst=875,875, w=125,h=125, src=625,375
23:21:33.321 [FXGL Background Thread 3 ] DEBUG Engine               - isGameMenuEnabled: true
23:21:33.321 [FXGL Background Thread 2 ] DEBUG TilesetLoader        - Writing to buffer: dst=1000,875, w=125,h=125, src=625,375
23:21:33.321 [FXGL Background Thread 3 ] DEBUG Engine               - isIOS: false
23:21:33.321 [FXGL Background Thread 3 ] DEBUG Engine               - isIntroEnabled: false
23:21:33.321 [FXGL Background Thread 2 ] DEBUG TilesetLoader        - Writing to buffer: dst=1125,875, w=125,h=125, src=625,375
23:21:33.321 [FXGL Background Thread 3 ] DEBUG Engine               - isLinux: false
23:21:33.321 [FXGL Background Thread 2 ] DEBUG TilesetLoader        - Writing to buffer: dst=1250,875, w=125,h=125, src=625,375
23:21:33.321 [FXGL Background Thread 3 ] DEBUG Engine               - isMac: true
23:21:33.321 [FXGL Background Thread 2 ] DEBUG TilesetLoader        - Writing to buffer: dst=1375,875, w=125,h=125, src=500,500
23:21:33.321 [FXGL Background Thread 3 ] DEBUG Engine               - isMainMenuEnabled: true
23:21:33.321 [FXGL Background Thread 2 ] DEBUG TilesetLoader        - Writing to buffer: dst=1500,875, w=125,h=125, src=500,0
23:21:33.321 [FXGL Background Thread 3 ] DEBUG Engine               - isManualResizeEnabled: true
23:21:33.321 [FXGL Background Thread 3 ] DEBUG Engine               - isMobile: false
23:21:33.321 [FXGL Background Thread 2 ] DEBUG TilesetLoader        - Writing to buffer: dst=1625,875, w=125,h=125, src=750,500
23:21:33.321 [FXGL Background Thread 3 ] DEBUG Engine               - isPreserveResizeRatio: true
23:21:33.322 [FXGL Background Thread 2 ] DEBUG TilesetLoader        - Writing to buffer: dst=1750,875, w=125,h=125, src=625,375
23:21:33.322 [FXGL Background Thread 3 ] DEBUG Engine               - isProfilingEnabled: false
23:21:33.322 [FXGL Background Thread 3 ] DEBUG Engine               - isSingleStep: false
23:21:33.322 [FXGL Background Thread 2 ] DEBUG TilesetLoader        - Writing to buffer: dst=1875,875, w=125,h=125, src=625,375
23:21:33.322 [FXGL Background Thread 3 ] DEBUG Engine               - isUserProfileEnabled: false
23:21:33.323 [FXGL Background Thread 3 ] DEBUG Engine               - isWindows: false
23:21:33.323 [FXGL Background Thread 3 ] DEBUG Engine               - language: ObjectProperty [value: ENGLISH]
23:21:33.323 [FXGL Background Thread 3 ] DEBUG Engine               - menuKey: ESCAPE
23:21:33.323 [FXGL Background Thread 3 ] DEBUG Engine               - notificationViewClass: class com.almasb.fxgl.notification.view.XboxNotificationView
23:21:33.323 [FXGL Background Thread 3 ] DEBUG Engine               - pixelsPerMeter: 50.0
23:21:33.323 [FXGL Background Thread 3 ] DEBUG Engine               - platform: MAC
23:21:33.323 [FXGL Background Thread 3 ] DEBUG Engine               - profileDir: profiles/
23:21:33.324 [FXGL Background Thread 3 ] DEBUG Engine               - profileName: StringProperty [value: DEFAULT]
23:21:33.324 [FXGL Background Thread 3 ] DEBUG Engine               - randomSeed: -1
23:21:33.325 [FXGL Background Thread 3 ] DEBUG Engine               - runtimeInfo: RuntimeInfo(platform=MAC, version=dev-SNAPSHOT, build=06.09.2020 16.28)
23:21:33.325 [FXGL Background Thread 3 ] DEBUG Engine               - saveFileExt: sav
23:21:33.325 [FXGL Background Thread 3 ] DEBUG Engine               - sceneFactory: it.uniroma1.metodologie.trafficGame.TrafficApp$1@c333080
23:21:33.325 [FXGL Background Thread 3 ] DEBUG Engine               - secondsIn24h: 60
23:21:33.325 [FXGL Background Thread 3 ] DEBUG Engine               - soundMenuBack: menu/back.wav
23:21:33.325 [FXGL Background Thread 3 ] DEBUG Engine               - soundMenuPress: menu/press.wav
23:21:33.325 [FXGL Background Thread 3 ] DEBUG Engine               - soundMenuSelect: menu/select.wav
23:21:33.325 [FXGL Background Thread 3 ] DEBUG Engine               - soundNotification: core/notification.wav
23:21:33.325 [FXGL Background Thread 3 ] DEBUG Engine               - stageStyle: DECORATED
23:21:33.326 [FXGL Background Thread 3 ] DEBUG Engine               - supportedLanguages: [ENGLISH, FRENCH, GERMAN, HUNGARIAN, RUSSIAN]
23:21:33.326 [FXGL Background Thread 3 ] DEBUG Engine               - title: Traffic
23:21:33.326 [FXGL Background Thread 3 ] DEBUG Engine               - urlGithub: https://github.com/AlmasB/FXGL
23:21:33.326 [FXGL Background Thread 3 ] DEBUG Engine               - urlLeaderboard: http://fxgl-top.herokuapp.com/
23:21:33.326 [FXGL Background Thread 3 ] DEBUG Engine               - urlPOM: https://raw.githubusercontent.com/AlmasB/FXGL/master/pom.xml
23:21:33.326 [FXGL Background Thread 3 ] DEBUG Engine               - version: Alpha 1.0
23:21:33.326 [FXGL Background Thread 3 ] DEBUG Engine               - versionCheckDays: 7
23:21:33.326 [FXGL Background Thread 3 ] DEBUG Engine               - width: 2000
23:21:33.326 [FXGL Background Thread 3 ] DEBUG Engine               - Logging services
23:21:33.327 [FXGL Background Thread 3 ] DEBUG Engine               - class com.almasb.fxgl.app.FXGLApplication$GameApplicationService
23:21:33.327 [FXGL Background Thread 3 ] DEBUG Engine               - class com.almasb.fxgl.app.services.FXGLDialogService
23:21:33.327 [FXGL Background Thread 3 ] DEBUG Engine               - class com.almasb.fxgl.app.services.IOTaskExecutorService
23:21:33.327 [FXGL Background Thread 3 ] DEBUG Engine               - class com.almasb.fxgl.event.EventBusService
23:21:33.327 [FXGL Background Thread 3 ] DEBUG Engine               - class com.almasb.fxgl.io.FileSystemService
23:21:33.327 [FXGL Background Thread 3 ] DEBUG Engine               - class com.almasb.fxgl.localization.LocalizationService
23:21:33.327 [FXGL Background Thread 3 ] DEBUG Engine               - class com.almasb.fxgl.app.services.FXGLAssetLoaderService
23:21:33.327 [FXGL Background Thread 3 ] DEBUG Engine               - class com.almasb.fxgl.app.services.SystemBundleService
23:21:33.327 [FXGL Background Thread 3 ] DEBUG Engine               - class com.almasb.fxgl.profile.SaveLoadService
23:21:33.327 [FXGL Background Thread 3 ] DEBUG Engine               - class com.almasb.fxgl.ui.FXGLUIFactoryServiceProvider
23:21:33.328 [FXGL Background Thread 3 ] DEBUG Engine               - class com.almasb.fxgl.ui.FXGLDialogFactoryServiceProvider
23:21:33.328 [FXGL Background Thread 3 ] DEBUG Engine               - class com.almasb.fxgl.audio.AudioPlayer
23:21:33.328 [FXGL Background Thread 3 ] DEBUG Engine               - class com.almasb.fxgl.notification.impl.NotificationServiceProvider
23:21:33.328 [FXGL Background Thread 3 ] DEBUG Engine               - class com.almasb.fxgl.achievement.AchievementService
23:21:33.328 [FXGL Background Thread 3 ] DEBUG Engine               - class com.almasb.fxgl.cutscene.CutsceneService
23:21:33.328 [FXGL Background Thread 3 ] DEBUG Engine               - class com.almasb.fxgl.minigames.MiniGameService
23:21:33.328 [FXGL Background Thread 3 ] DEBUG Engine               - class com.almasb.fxgl.net.NetService
23:21:33.328 [FXGL Background Thread 3 ] DEBUG Engine               - class com.almasb.fxgl.app.services.UpdaterService
23:21:33.329 [FXGL Background Thread 3 ] DEBUG Engine               - class com.almasb.fxgl.dev.DevService
23:21:33.329 [FXGL Background Thread 2 ] DEBUG TilesetLoader        - Writing to buffer: dst=0,1000, w=125,h=125, src=250,375
23:21:33.329 [FXGL Background Thread 2 ] DEBUG TilesetLoader        - Writing to buffer: dst=125,1000, w=125,h=125, src=250,375
23:21:33.329 [FXGL Background Thread 2 ] DEBUG TilesetLoader        - Writing to buffer: dst=250,1000, w=125,h=125, src=250,375
23:21:33.329 [FXGL Background Thread 2 ] DEBUG TilesetLoader        - Writing to buffer: dst=375,1000, w=125,h=125, src=500,375
23:21:33.329 [FXGL Background Thread 2 ] DEBUG TilesetLoader        - Writing to buffer: dst=500,1000, w=125,h=125, src=500,0
23:21:33.330 [FXGL Background Thread 2 ] DEBUG TilesetLoader        - Writing to buffer: dst=625,1000, w=125,h=125, src=750,375
23:21:33.330 [FXGL Background Thread 2 ] DEBUG TilesetLoader        - Writing to buffer: dst=750,1000, w=125,h=125, src=250,375
23:21:33.330 [FXGL Background Thread 2 ] DEBUG TilesetLoader        - Writing to buffer: dst=875,1000, w=125,h=125, src=250,375
23:21:33.336 [FXGL Background Thread 2 ] DEBUG TilesetLoader        - Writing to buffer: dst=1000,1000, w=125,h=125, src=250,375
23:21:33.336 [FXGL Background Thread 2 ] DEBUG TilesetLoader        - Writing to buffer: dst=1125,1000, w=125,h=125, src=250,375
23:21:33.336 [FXGL Background Thread 2 ] DEBUG TilesetLoader        - Writing to buffer: dst=1250,1000, w=125,h=125, src=250,375
23:21:33.338 [FXGL Background Thread 2 ] DEBUG TilesetLoader        - Writing to buffer: dst=1375,1000, w=125,h=125, src=500,375
23:21:33.338 [FXGL Background Thread 2 ] DEBUG TilesetLoader        - Writing to buffer: dst=1500,1000, w=125,h=125, src=500,0
23:21:33.339 [FXGL Background Thread 2 ] DEBUG TilesetLoader        - Writing to buffer: dst=1625,1000, w=125,h=125, src=750,375
23:21:33.339 [FXGL Background Thread 2 ] DEBUG TilesetLoader        - Writing to buffer: dst=1750,1000, w=125,h=125, src=250,375
23:21:33.339 [FXGL Background Thread 2 ] DEBUG TilesetLoader        - Writing to buffer: dst=1875,1000, w=125,h=125, src=250,375
23:21:33.339 [FXGL Background Thread 2 ] DEBUG TMXLevelLoader       - Creating object layer entities
23:21:33.387 [FXGL Background Thread 2 ] DEBUG FXGLAssetLoaderServi - Loading from file system: /assets/textures/semaforoRosso-01.png
23:21:33.394 [FXGL Background Thread 2 ] DEBUG FXGLAssetLoaderServi - Loading from file system: /assets/textures/semaforoVerde-01.png
23:21:33.399 [FXGL Background Thread 2 ] DEBUG FXGLAssetLoaderServi - Loading from cache: /assets/textures/semaforoRosso-01.png
23:21:33.400 [FXGL Background Thread 2 ] DEBUG FXGLAssetLoaderServi - Loading from cache: /assets/textures/semaforoVerde-01.png
23:21:33.400 [FXGL Background Thread 2 ] DEBUG FXGLAssetLoaderServi - Loading from cache: /assets/textures/semaforoRosso-01.png
23:21:33.401 [FXGL Background Thread 2 ] DEBUG FXGLAssetLoaderServi - Loading from cache: /assets/textures/semaforoVerde-01.png
23:21:33.402 [FXGL Background Thread 2 ] DEBUG FXGLAssetLoaderServi - Loading from cache: /assets/textures/semaforoRosso-01.png
23:21:33.402 [FXGL Background Thread 2 ] DEBUG FXGLAssetLoaderServi - Loading from cache: /assets/textures/semaforoVerde-01.png
23:21:33.403 [FXGL Background Thread 2 ] DEBUG FXGLAssetLoaderServi - Loading from file system: /assets/textures/semaforoRosso-04.png
23:21:33.407 [FXGL Background Thread 2 ] DEBUG FXGLAssetLoaderServi - Loading from file system: /assets/textures/semaforoVerde-04.png
23:21:33.411 [FXGL Background Thread 2 ] DEBUG FXGLAssetLoaderServi - Loading from cache: /assets/textures/semaforoRosso-04.png
23:21:33.411 [FXGL Background Thread 2 ] DEBUG FXGLAssetLoaderServi - Loading from cache: /assets/textures/semaforoVerde-04.png
23:21:33.415 [FXGL Background Thread 2 ] DEBUG FXGLAssetLoaderServi - Loading from cache: /assets/textures/semaforoRosso-04.png
23:21:33.415 [FXGL Background Thread 2 ] DEBUG FXGLAssetLoaderServi - Loading from cache: /assets/textures/semaforoVerde-04.png
23:21:33.416 [FXGL Background Thread 2 ] DEBUG FXGLAssetLoaderServi - Loading from cache: /assets/textures/semaforoRosso-04.png
23:21:33.416 [FXGL Background Thread 2 ] DEBUG FXGLAssetLoaderServi - Loading from cache: /assets/textures/semaforoVerde-04.png
23:21:33.417 [FXGL Background Thread 2 ] DEBUG FXGLAssetLoaderServi - Loading from file system: /assets/textures/semaforoRosso-03.png
23:21:33.419 [FXGL Background Thread 2 ] DEBUG FXGLAssetLoaderServi - Loading from file system: /assets/textures/semaforoVerde-03.png
23:21:33.421 [FXGL Background Thread 2 ] DEBUG FXGLAssetLoaderServi - Loading from cache: /assets/textures/semaforoRosso-03.png
23:21:33.421 [FXGL Background Thread 2 ] DEBUG FXGLAssetLoaderServi - Loading from cache: /assets/textures/semaforoVerde-03.png
23:21:33.422 [FXGL Background Thread 2 ] DEBUG FXGLAssetLoaderServi - Loading from cache: /assets/textures/semaforoRosso-03.png
23:21:33.422 [FXGL Background Thread 2 ] DEBUG FXGLAssetLoaderServi - Loading from cache: /assets/textures/semaforoVerde-03.png
23:21:33.423 [FXGL Background Thread 2 ] DEBUG FXGLAssetLoaderServi - Loading from cache: /assets/textures/semaforoRosso-03.png
23:21:33.423 [FXGL Background Thread 2 ] DEBUG FXGLAssetLoaderServi - Loading from cache: /assets/textures/semaforoVerde-03.png
23:21:33.424 [FXGL Background Thread 2 ] DEBUG FXGLAssetLoaderServi - Loading from file system: /assets/textures/semaforoRosso-02.png
23:21:33.428 [FXGL Background Thread 2 ] DEBUG FXGLAssetLoaderServi - Loading from file system: /assets/textures/semaforoVerde-02.png
23:21:33.430 [FXGL Background Thread 2 ] DEBUG FXGLAssetLoaderServi - Loading from cache: /assets/textures/semaforoRosso-02.png
23:21:33.431 [FXGL Background Thread 2 ] DEBUG FXGLAssetLoaderServi - Loading from cache: /assets/textures/semaforoVerde-02.png
23:21:33.431 [FXGL Background Thread 2 ] DEBUG FXGLAssetLoaderServi - Loading from cache: /assets/textures/semaforoRosso-02.png
23:21:33.431 [FXGL Background Thread 2 ] DEBUG FXGLAssetLoaderServi - Loading from cache: /assets/textures/semaforoVerde-02.png
23:21:33.434 [FXGL Background Thread 2 ] DEBUG FXGLAssetLoaderServi - Loading from cache: /assets/textures/semaforoRosso-02.png
23:21:33.434 [FXGL Background Thread 2 ] DEBUG FXGLAssetLoaderServi - Loading from cache: /assets/textures/semaforoVerde-02.png
23:21:33.435 [FXGL Background Thread 2 ] DEBUG GameWorld            - Clearing removable entities
23:21:33.436 [FXGL Background Thread 2 ] DEBUG GameWorld            - Setting level: com.almasb.fxgl.entity.level.Level@559893d3
23:21:33.444 [FXGL Background Thread 2 ] DEBUG FXGLAssetLoaderServi - Loading from file system: /assets/textures/pointer-sprite.png
23:21:33.481 [FXGL Background Thread 2 ] INFO  FXGLApplication      - Game initialization took: 0,716 sec
23:21:33.577 [JavaFX Application Thread] DEBUG Input                - Clearing active input actions
23:21:33.586 [JavaFX Application Thread] DEBUG GameApplicationServi - Removing overlay from FXGLLoadingScene and adding to GameScene
23:21:33.590 [JavaFX Application Thread] DEBUG MainWindow           - FXGLLoadingScene -> GameScene
23:21:38.039 [JavaFX Application Thread] DEBUG LoopRunner           - Stopping loop
23:21:38.040 [JavaFX Application Thread] FATAL FXGLApplication      - Uncaught Exception:
java.lang.NullPointerException
	at trafficGame.main/it.uniroma1.metodologie.trafficGame.TrafficApp$11.onCollisionBegin(TrafficApp.java:406)
	at com.almasb.fxgl.entity/com.almasb.fxgl.physics.CollisionPair.collisionBegin(CollisionPair.java:37)
	at com.almasb.fxgl.entity/com.almasb.fxgl.physics.PhysicsWorld.collisionBeginFor(PhysicsWorld.java:482)
	at com.almasb.fxgl.entity/com.almasb.fxgl.physics.PhysicsWorld.checkCollisions(PhysicsWorld.java:436)
	at com.almasb.fxgl.entity/com.almasb.fxgl.physics.PhysicsWorld.onUpdate(PhysicsWorld.java:181)
	at com.almasb.fxgl.all/com.almasb.fxgl.app.scene.GameScene.step(GameScene.kt:115)
	at com.almasb.fxgl.all/com.almasb.fxgl.app.scene.GameScene.onUpdate(GameScene.kt:110)
	at com.almasb.fxgl.scene/com.almasb.fxgl.scene.Scene.update(Scene.kt:78)
	at com.almasb.fxgl.all/com.almasb.fxgl.app.MainWindow$update$1.invoke(MainWindow.kt:219)
	at com.almasb.fxgl.all/com.almasb.fxgl.app.MainWindow$update$1.invoke(MainWindow.kt:40)
	at com.almasb.fxgl.core/com.almasb.fxgl.core.fsm.StateMachine.runOnActiveStates(StateMachine.kt:60)
	at com.almasb.fxgl.all/com.almasb.fxgl.app.MainWindow.update(MainWindow.kt:219)
	at com.almasb.fxgl.all/com.almasb.fxgl.app.FXGLApplication$GameApplicationService.onUpdate(FXGLApplication.kt:400)
	at com.almasb.fxgl.all/com.almasb.fxgl.app.Engine.loop(Engine.kt:130)
	at com.almasb.fxgl.all/com.almasb.fxgl.app.Engine.access$loop(Engine.kt:24)
	at com.almasb.fxgl.all/com.almasb.fxgl.app.Engine$loop$1.invoke(Engine.kt:28)
	at com.almasb.fxgl.all/com.almasb.fxgl.app.Engine$loop$1.invoke(Engine.kt:24)
	at com.almasb.fxgl.all/com.almasb.fxgl.app.LoopRunner.frame(LoopRunner.kt:86)
	at com.almasb.fxgl.all/com.almasb.fxgl.app.LoopRunner.access$frame(LoopRunner.kt:17)
	at com.almasb.fxgl.all/com.almasb.fxgl.app.LoopRunner$impl$2$1.handle(LoopRunner.kt:37)
	at javafx.graphics/javafx.animation.AnimationTimer$AnimationTimerReceiver.lambda$handle$0(AnimationTimer.java:57)
	at java.base/java.security.AccessController.doPrivileged(AccessController.java:391)
	at javafx.graphics/javafx.animation.AnimationTimer$AnimationTimerReceiver.handle(AnimationTimer.java:56)
	at javafx.graphics/com.sun.scenario.animation.AbstractMasterTimer.timePulseImpl(AbstractMasterTimer.java:357)
	at javafx.graphics/com.sun.scenario.animation.AbstractMasterTimer$MainLoop.run(AbstractMasterTimer.java:267)
	at javafx.graphics/com.sun.javafx.tk.quantum.QuantumToolkit.pulse(QuantumToolkit.java:559)
	at javafx.graphics/com.sun.javafx.tk.quantum.QuantumToolkit.pulse(QuantumToolkit.java:543)
	at javafx.graphics/com.sun.javafx.tk.quantum.QuantumToolkit.pulseFromQueue(QuantumToolkit.java:536)
	at javafx.graphics/com.sun.javafx.tk.quantum.QuantumToolkit.lambda$runToolkit$11(QuantumToolkit.java:342)
	at javafx.graphics/com.sun.glass.ui.InvokeLaterDispatcher$Future.run(InvokeLaterDispatcher.java:96)

23:21:38.040 [JavaFX Application Thread] FATAL FXGLApplication      - Application will now exit
23:21:38.044 [JavaFX Application Thread] DEBUG MainWindow           - Push state: ErrorSubScene
23:21:38.044 [JavaFX Application Thread] DEBUG Input                - Clearing active input actions
23:21:38.045 [JavaFX Application Thread] DEBUG GameApplicationServi - Removing overlay from GameScene and adding to ErrorSubScene
23:21:38.047 [JavaFX Application Thread] DEBUG MainWindow           - GameScene -> ErrorSubScene
23:21:40.483 [JavaFX Application Thread] DEBUG FXGLApplication      - Exiting FXGL
23:21:40.483 [JavaFX Application Thread] DEBUG Async                - Shutting down background threads
23:21:40.483 [JavaFX Application Thread] DEBUG MainWindow           - Closing main window
23:21:40.495 [JavaFX Application Thread] DEBUG Logger               - Closing Logger
