03:16:38.769 [main                     ] DEBUG Logger               - Configured Logger
03:16:38.786 [main                     ] DEBUG GameApplication      - Logging settings
Title: Traffic
Version: Alpha 1.0
Width: 2000
Height: 1125
Fullscreen: false
Intro: false
Profiling: false
Single step:false
App Mode: DEVELOPER
Menu Key: ESCAPE
Stage Style: DECORATED
Scene Factory: class it.uniroma1.metodologie.trafficGame.TrafficApp$1

03:16:39.237 [JavaFX Application Thread] DEBUG FXGLApplication      - Initializing FXGL
03:16:39.243 [JavaFX Application Thread] INFO  Engine               - FXGL-dev-SNAPSHOT (08.09.2020 17.31) on WINDOWS (J:13.0.2 FX:14)
03:16:39.244 [JavaFX Application Thread] DEBUG Engine               - JRE Vendor Name: Oracle Corporation
03:16:39.244 [JavaFX Application Thread] DEBUG Engine               - Running on OS: Windows 10 version 10.0
03:16:39.244 [JavaFX Application Thread] DEBUG Engine               - Architecture: amd64
03:16:39.244 [JavaFX Application Thread] INFO  Engine               - Source code and latest versions at: https://github.com/AlmasB/FXGL
03:16:39.245 [JavaFX Application Thread] INFO  Engine               -              Join the FXGL chat at: https://gitter.im/AlmasB/FXGL
03:16:39.321 [JavaFX Application Thread] DEBUG MainWindow           - Creating a JavaFX scene
03:16:39.367 [JavaFX Application Thread] DEBUG MainWindow           - Target settings size: 2000.0 x 1125.0
03:16:39.368 [JavaFX Application Thread] DEBUG MainWindow           - Scaled scene size:    2000.0 x 1125.0
03:16:39.368 [JavaFX Application Thread] DEBUG MainWindow           - Scaled ratio: (1.0, 1.0)
03:16:39.369 [JavaFX Application Thread] DEBUG MainWindow           - Set initial scene to StartupScene
03:16:39.376 [JavaFX Application Thread] DEBUG MainWindow           - Opening main window
03:16:39.451 [JavaFX Application Thread] DEBUG MainWindow           - Window border size: (16.0, 39.0)
03:16:39.451 [JavaFX Application Thread] DEBUG MainWindow           - Scaled size: 2000.0 x 1125.0
03:16:39.452 [JavaFX Application Thread] DEBUG MainWindow           - Scaled ratio: (1.0, 1.0)
03:16:39.452 [JavaFX Application Thread] DEBUG MainWindow           - Scene size: 2000.0 x 1125.0
03:16:39.452 [JavaFX Application Thread] DEBUG MainWindow           - Stage size: 2016.0 x 1164.0
03:16:39.465 [FXGL Background Thread 1 ] DEBUG Engine               - Initializing environment variables
03:16:39.494 [FXGL Background Thread 1 ] DEBUG GameApplicationServi - Applying CSS: fxgl_dark.css
03:16:39.495 [FXGL Background Thread 1 ] DEBUG FXGLAssetLoaderServi - Loading from file system: /assets/ui/css/fxgl_dark.css
03:16:39.544 [FXGL Background Thread 1 ] DEBUG GameApplicationServi - Initializing application scenes
03:16:39.613 [FXGL Background Thread 1 ] DEBUG GameWorld            - Game world initialized
03:16:39.654 [FXGL Background Thread 1 ] DEBUG PhysicsWorld         - Physics world initialized: appHeight=1125, physics.ppm=50,0
03:16:39.655 [FXGL Background Thread 1 ] DEBUG GameScene            - Game scene initialized: 2000x1125
03:16:39.665 [FXGL Background Thread 1 ] DEBUG FXGLAssetLoaderServi - Loading from file system: /assets/textures/bg.jpg
03:16:39.956 [FXGL Background Thread 1 ] DEBUG FXGLAssetLoaderServi - Loading from file system: /assets/textures/logo.png
03:16:40.047 [FXGL Background Thread 1 ] DEBUG FXGLAssetLoaderServi - Loading from file system: /assets/textures/particles/trace_horizontal.png
03:16:40.067 [FXGL Background Thread 1 ] DEBUG FXGL.DefaultMenu     - createMenuBodyGameMenu()
03:16:40.077 [FXGL Background Thread 1 ] DEBUG FXGL.DefaultMenu     - createOptionsMenu()
03:16:40.081 [FXGL Background Thread 1 ] DEBUG FXGL.DefaultMenu     - createExtraMenu()
03:16:40.084 [FXGL Background Thread 1 ] DEBUG FXGLAssetLoaderServi - Loading from file system: /assets/textures/particles/smoke.png
03:16:40.122 [FXGL Background Thread 1 ] DEBUG GameApplicationServi - Application scenes initialized
03:16:40.129 [FXGL Background Thread 1 ] DEBUG SystemBundleService  - Loading FXGL system data
03:16:40.132 [FXGL Background Thread 1 ] DEBUG FileSystemAccess     - Reading from: C:\Users\Andrea\Desktop\Homework\traffic-mobile\system\fxgl.bundle
03:16:40.139 [FXGL Background Thread 1 ] DEBUG SystemBundleService  - Bundle FXGL: {}
03:16:40.139 [FXGL Background Thread 1 ] DEBUG UpdaterService       - Checking for updates
03:16:40.161 [FXGL Background Thread 4 ] DEBUG FXGLApplication      - Loading fonts
03:16:40.162 [FXGL Background Thread 1 ] DEBUG FXGLApplication      - Loading default localization
03:16:40.162 [FXGL Background Thread 4 ] DEBUG FXGLAssetLoaderServi - Loading from file system: /assets/ui/fonts/VarelaRound-Regular.ttf
03:16:40.162 [FXGL Background Thread 1 ] DEBUG FXGLAssetLoaderServi - Loading from file system: /assets/languages/english.lang
03:16:40.180 [FXGL Background Thread 1 ] INFO  FXGLApplication      - FXGL initialization took: 0,714 sec
03:16:40.186 [JavaFX Application Thread] DEBUG Input                - Registered new binding: Change trafficlight status - F
03:16:40.186 [JavaFX Application Thread] DEBUG Input                - Registered new binding: Move Right - D
03:16:40.186 [JavaFX Application Thread] DEBUG Input                - Registered new binding: Move Left - A
03:16:40.187 [JavaFX Application Thread] DEBUG Input                - Registered new binding: Move Up - W
03:16:40.187 [JavaFX Application Thread] DEBUG Input                - Registered new binding: Move Down - S
03:16:40.187 [JavaFX Application Thread] DEBUG Input                - Registered new binding: Spawn Car - Space
03:16:40.188 [JavaFX Application Thread] DEBUG Input                - Registered new binding: Select and change traffic light - LMB
03:16:40.188 [JavaFX Application Thread] DEBUG FXGLAssetLoaderServi - Loading from file system: /assets/textures/fxgl_icon.png
03:16:40.198 [JavaFX Application Thread] DEBUG FXGLAssetLoaderServi - Loading from file system: /assets/ui/cursors/fxgl_default.png
03:16:40.199 [JavaFX Application Thread] DEBUG Input                - Registered new binding: Screenshot - P
03:16:40.200 [JavaFX Application Thread] DEBUG Input                - Registered new binding: Dev Options - 1
03:16:40.200 [JavaFX Application Thread] DEBUG Input                - Registered new binding: Dev Console - 2
03:16:40.200 [JavaFX Application Thread] DEBUG Input                - Registered new binding: System info dump - CTRL+9
03:16:40.200 [JavaFX Application Thread] DEBUG Input                - Registered new binding: Restart - CTRL+R
03:16:40.201 [JavaFX Application Thread] DEBUG Input                - Registered new binding: Toggle Debug Camera - CTRL+C
03:16:40.203 [JavaFX Application Thread] DEBUG LoopRunner           - Starting loop
03:16:40.214 [JavaFX Application Thread] DEBUG Input                - Clearing active input actions
03:16:40.221 [JavaFX Application Thread] DEBUG GameApplicationServi - Removing overlay from StartupScene and adding to FXGLMainMenuDummyScene
03:16:40.224 [JavaFX Application Thread] DEBUG MainWindow           - StartupScene -> FXGLMainMenuDummyScene
03:16:40.224 [JavaFX Application Thread] DEBUG MainWindow           - Push state: TrafficAppMenu
03:16:40.224 [JavaFX Application Thread] DEBUG Input                - Clearing active input actions
03:16:40.229 [JavaFX Application Thread] DEBUG GameApplicationServi - Removing overlay from FXGLMainMenuDummyScene and adding to TrafficAppMenu
03:16:40.229 [JavaFX Application Thread] DEBUG MainWindow           - FXGLMainMenuDummyScene -> TrafficAppMenu
03:16:40.729 [FXGL Background Thread 4 ] DEBUG FXGLAssetLoaderServi - Loading from file system: /assets/ui/fonts/Abel-Regular.ttf
03:16:40.732 [FXGL Background Thread 4 ] DEBUG FXGLAssetLoaderServi - Loading from file system: /assets/ui/fonts/lucida_console.ttf
03:16:40.736 [FXGL Background Thread 4 ] DEBUG FXGLAssetLoaderServi - Loading from file system: /assets/ui/fonts/Courier-Prime.ttf
03:16:40.739 [JavaFX Application Thread] DEBUG FXGLApplication      - Registering font factories with UI factory
03:16:40.816 [JavaFX Application Thread] DEBUG Menu                 - fireNewGame()
03:16:40.817 [JavaFX Application Thread] DEBUG GameApplicationServi - Starting new game
03:16:40.817 [JavaFX Application Thread] DEBUG MainWindow           - Pop state: TrafficAppMenu
03:16:40.817 [JavaFX Application Thread] DEBUG Input                - Clearing active input actions
03:16:40.818 [JavaFX Application Thread] DEBUG GameApplicationServi - Removing overlay from TrafficAppMenu and adding to FXGLMainMenuDummyScene
03:16:40.819 [JavaFX Application Thread] DEBUG MainWindow           - FXGLMainMenuDummyScene <- TrafficAppMenu
03:16:40.819 [JavaFX Application Thread] DEBUG Input                - Clearing active input actions
03:16:40.826 [JavaFX Application Thread] DEBUG GameApplicationServi - Removing overlay from FXGLMainMenuDummyScene and adding to FXGLLoadingScene
03:16:40.827 [JavaFX Application Thread] DEBUG MainWindow           - FXGLMainMenuDummyScene -> FXGLLoadingScene
03:16:40.827 [JavaFX Application Thread] DEBUG GameApplicationServi - Clearing previous game
03:16:40.827 [JavaFX Application Thread] DEBUG GameScene            - Clearing game scene
03:16:40.827 [JavaFX Application Thread] DEBUG GameWorld            - Clearing game world
03:16:40.827 [JavaFX Application Thread] DEBUG PhysicsWorld         - Clearing physics world
03:16:40.828 [FXGL Background Thread 4 ] DEBUG FXGLApplication      - Initializing game
03:16:40.842 [FXGL Background Thread 4 ] DEBUG FXGLAssetLoaderServi - Loading from file system: /assets/levels/Mappa_01.tmx
03:16:40.894 [FXGL Background Thread 4 ] WARN  TMXLevelLoader       - TiledMap generated from 1.4.1. Supported version: 1.2.3. Some features may not be parsed fully.
03:16:40.912 [FXGL Background Thread 4 ] DEBUG TMXLevelLoader       - Parsed raw map: TiledMap(width=16, height=9, tilewidth=125, tileheight=125, orientation=orthogonal, layers=[Layer(width=16, height=9, name=Tile Layer 1, type=tilelayer, visible=false, x=0, y=0, data=[24, 24, 24, 26, 5, 28, 24, 24, 24, 24, 24, 26, 5, 28, 24, 24, 25, 25, 25, 32, 5, 34, 25, 25, 25, 25, 25, 32, 5, 34, 25, 25, 6, 6, 6, 6, 7, 6, 6, 6, 6, 6, 6, 6, 7, 6, 6, 6, 27, 27, 27, 33, 5, 21, 13, 13, 13, 13, 13, 19, 5, 35, 27, 27, 24, 24, 24, 26, 5, 14, 10, 10, 10, 10, 10, 12, 5, 28, 24, 24, 25, 25, 25, 32, 5, 20, 11, 11, 11, 11, 11, 18, 5, 34, 25, 25, 6, 6, 6, 6, 7, 6, 6, 6, 6, 6, 6, 6, 7, 6, 6, 6, 27, 27, 27, 33, 5, 35, 27, 27, 27, 27, 27, 33, 5, 35, 27, 27, 24, 24, 24, 26, 5, 28, 24, 24, 24, 24, 24, 26, 5, 28, 24, 24], objects=[], opacity=0.0, draworder=), Layer(width=0, height=0, name=spawnpoints, type=objectgroup, visible=false, x=0, y=0, data=[], objects=[com.almasb.fxgl.entity.level.tiled.TiledObject@144174eb, com.almasb.fxgl.entity.level.tiled.TiledObject@794cbad9, com.almasb.fxgl.entity.level.tiled.TiledObject@698355ae, com.almasb.fxgl.entity.level.tiled.TiledObject@185ee5b1, com.almasb.fxgl.entity.level.tiled.TiledObject@7273c7d, com.almasb.fxgl.entity.level.tiled.TiledObject@1b21d432, com.almasb.fxgl.entity.level.tiled.TiledObject@68fcccdd, com.almasb.fxgl.entity.level.tiled.TiledObject@7e0df1e], opacity=0.0, draworder=), Layer(width=0, height=0, name=paths, type=objectgroup, visible=false, x=0, y=0, data=[], objects=[com.almasb.fxgl.entity.level.tiled.TiledObject@391acf4b, com.almasb.fxgl.entity.level.tiled.TiledObject@2c0f0c1e, com.almasb.fxgl.entity.level.tiled.TiledObject@221ba766, com.almasb.fxgl.entity.level.tiled.TiledObject@23029414, com.almasb.fxgl.entity.level.tiled.TiledObject@4c8d67a8, com.almasb.fxgl.entity.level.tiled.TiledObject@1836eddb, com.almasb.fxgl.entity.level.tiled.TiledObject@67e9592c, com.almasb.fxgl.entity.level.tiled.TiledObject@507cd3f1, com.almasb.fxgl.entity.level.tiled.TiledObject@776b5e71, com.almasb.fxgl.entity.level.tiled.TiledObject@589c3d72, com.almasb.fxgl.entity.level.tiled.TiledObject@75113f74, com.almasb.fxgl.entity.level.tiled.TiledObject@43c4897c, com.almasb.fxgl.entity.level.tiled.TiledObject@6e71cfa3, com.almasb.fxgl.entity.level.tiled.TiledObject@573f18b2, com.almasb.fxgl.entity.level.tiled.TiledObject@2b2967be, com.almasb.fxgl.entity.level.tiled.TiledObject@4cc194ce, com.almasb.fxgl.entity.level.tiled.TiledObject@2c2d5622, com.almasb.fxgl.entity.level.tiled.TiledObject@378219d, com.almasb.fxgl.entity.level.tiled.TiledObject@638cb2db, com.almasb.fxgl.entity.level.tiled.TiledObject@232b3d80, com.almasb.fxgl.entity.level.tiled.TiledObject@65f1f381, com.almasb.fxgl.entity.level.tiled.TiledObject@27c7526b, com.almasb.fxgl.entity.level.tiled.TiledObject@21db3622, com.almasb.fxgl.entity.level.tiled.TiledObject@5be6d8a4], opacity=0.0, draworder=), Layer(width=0, height=0, name=Incroci, type=objectgroup, visible=false, x=0, y=0, data=[], objects=[com.almasb.fxgl.entity.level.tiled.TiledObject@31e145a2, com.almasb.fxgl.entity.level.tiled.TiledObject@2c281dff, com.almasb.fxgl.entity.level.tiled.TiledObject@543a447e, com.almasb.fxgl.entity.level.tiled.TiledObject@397485a5], opacity=0.0, draworder=), Layer(width=0, height=0, name=trafficLight, type=objectgroup, visible=false, x=0, y=0, data=[], objects=[com.almasb.fxgl.entity.level.tiled.TiledObject@2830b7c, com.almasb.fxgl.entity.level.tiled.TiledObject@6ea83936, com.almasb.fxgl.entity.level.tiled.TiledObject@68b79929, com.almasb.fxgl.entity.level.tiled.TiledObject@75f36037, com.almasb.fxgl.entity.level.tiled.TiledObject@6fb15d1e, com.almasb.fxgl.entity.level.tiled.TiledObject@40ffa857, com.almasb.fxgl.entity.level.tiled.TiledObject@14551fb0, com.almasb.fxgl.entity.level.tiled.TiledObject@7a4937d5, com.almasb.fxgl.entity.level.tiled.TiledObject@1f75dc2f, com.almasb.fxgl.entity.level.tiled.TiledObject@22f56286, com.almasb.fxgl.entity.level.tiled.TiledObject@1ee141f7, com.almasb.fxgl.entity.level.tiled.TiledObject@2da52a61, com.almasb.fxgl.entity.level.tiled.TiledObject@1c000f5e, com.almasb.fxgl.entity.level.tiled.TiledObject@15e8af0a, com.almasb.fxgl.entity.level.tiled.TiledObject@112aab9, com.almasb.fxgl.entity.level.tiled.TiledObject@5606ed8], opacity=0.0, draworder=)], tilesets=[Tileset(firstgid=1, image=../textures/rsz_tiles_sheet.png, name=rsz_tiles_sheet, tilewidth=125, tileheight=125, imagewidth=875, imageheight=750, margin=0, spacing=0, columns=7, tilecount=42, transparentcolor=41ffef, tiles=[])], backgroundcolor=, renderorder=left-up, nextobjectid=66, version=1, tiledversion=1.4.1, type=map, infinite=false, hexsidelength=0, staggeraxis=, staggerindex=, properties={}, propertytypes={})
03:16:40.913 [FXGL Background Thread 4 ] DEBUG TMXLevelLoader       - Creating tile layer entities
03:16:40.914 [FXGL Background Thread 4 ] DEBUG TilesetLoader        - Loading view for layer Tile Layer 1
03:16:40.917 [FXGL Background Thread 4 ] DEBUG TilesetLoader        - Created buffer with size 2000.0x1125.0
03:16:41.054 [FXGL Background Thread 4 ] DEBUG TilesetLoader        - Writing to buffer: dst=0,0, w=125,h=125, src=250,375
03:16:41.054 [FXGL Background Thread 4 ] DEBUG TilesetLoader        - Writing to buffer: dst=125,0, w=125,h=125, src=250,375
03:16:41.055 [FXGL Background Thread 4 ] DEBUG TilesetLoader        - Writing to buffer: dst=250,0, w=125,h=125, src=250,375
03:16:41.055 [FXGL Background Thread 4 ] DEBUG TilesetLoader        - Writing to buffer: dst=375,0, w=125,h=125, src=500,375
03:16:41.055 [FXGL Background Thread 4 ] DEBUG TilesetLoader        - Writing to buffer: dst=500,0, w=125,h=125, src=500,0
03:16:41.056 [FXGL Background Thread 4 ] DEBUG TilesetLoader        - Writing to buffer: dst=625,0, w=125,h=125, src=750,375
03:16:41.056 [FXGL Background Thread 4 ] DEBUG TilesetLoader        - Writing to buffer: dst=750,0, w=125,h=125, src=250,375
03:16:41.056 [FXGL Background Thread 4 ] DEBUG TilesetLoader        - Writing to buffer: dst=875,0, w=125,h=125, src=250,375
03:16:41.057 [FXGL Background Thread 4 ] DEBUG TilesetLoader        - Writing to buffer: dst=1000,0, w=125,h=125, src=250,375
03:16:41.057 [FXGL Background Thread 4 ] DEBUG TilesetLoader        - Writing to buffer: dst=1125,0, w=125,h=125, src=250,375
03:16:41.057 [FXGL Background Thread 4 ] DEBUG TilesetLoader        - Writing to buffer: dst=1250,0, w=125,h=125, src=250,375
03:16:41.057 [FXGL Background Thread 4 ] DEBUG TilesetLoader        - Writing to buffer: dst=1375,0, w=125,h=125, src=500,375
03:16:41.057 [FXGL Background Thread 4 ] DEBUG TilesetLoader        - Writing to buffer: dst=1500,0, w=125,h=125, src=500,0
03:16:41.057 [FXGL Background Thread 4 ] DEBUG TilesetLoader        - Writing to buffer: dst=1625,0, w=125,h=125, src=750,375
03:16:41.058 [FXGL Background Thread 4 ] DEBUG TilesetLoader        - Writing to buffer: dst=1750,0, w=125,h=125, src=250,375
03:16:41.058 [FXGL Background Thread 4 ] DEBUG TilesetLoader        - Writing to buffer: dst=1875,0, w=125,h=125, src=250,375
03:16:41.058 [FXGL Background Thread 4 ] DEBUG TilesetLoader        - Writing to buffer: dst=0,125, w=125,h=125, src=375,375
03:16:41.058 [FXGL Background Thread 4 ] DEBUG TilesetLoader        - Writing to buffer: dst=125,125, w=125,h=125, src=375,375
03:16:41.058 [FXGL Background Thread 4 ] DEBUG TilesetLoader        - Writing to buffer: dst=250,125, w=125,h=125, src=375,375
03:16:41.058 [FXGL Background Thread 4 ] DEBUG TilesetLoader        - Writing to buffer: dst=375,125, w=125,h=125, src=375,500
03:16:41.058 [FXGL Background Thread 4 ] DEBUG TilesetLoader        - Writing to buffer: dst=500,125, w=125,h=125, src=500,0
03:16:41.058 [FXGL Background Thread 4 ] DEBUG TilesetLoader        - Writing to buffer: dst=625,125, w=125,h=125, src=625,500
03:16:41.059 [FXGL Background Thread 4 ] DEBUG TilesetLoader        - Writing to buffer: dst=750,125, w=125,h=125, src=375,375
03:16:41.059 [FXGL Background Thread 4 ] DEBUG TilesetLoader        - Writing to buffer: dst=875,125, w=125,h=125, src=375,375
03:16:41.059 [FXGL Background Thread 4 ] DEBUG TilesetLoader        - Writing to buffer: dst=1000,125, w=125,h=125, src=375,375
03:16:41.060 [FXGL Background Thread 4 ] DEBUG TilesetLoader        - Writing to buffer: dst=1125,125, w=125,h=125, src=375,375
03:16:41.060 [FXGL Background Thread 4 ] DEBUG TilesetLoader        - Writing to buffer: dst=1250,125, w=125,h=125, src=375,375
03:16:41.060 [FXGL Background Thread 4 ] DEBUG TilesetLoader        - Writing to buffer: dst=1375,125, w=125,h=125, src=375,500
03:16:41.060 [FXGL Background Thread 4 ] DEBUG TilesetLoader        - Writing to buffer: dst=1500,125, w=125,h=125, src=500,0
03:16:41.060 [FXGL Background Thread 4 ] DEBUG TilesetLoader        - Writing to buffer: dst=1625,125, w=125,h=125, src=625,500
03:16:41.060 [FXGL Background Thread 4 ] DEBUG TilesetLoader        - Writing to buffer: dst=1750,125, w=125,h=125, src=375,375
03:16:41.060 [FXGL Background Thread 4 ] DEBUG TilesetLoader        - Writing to buffer: dst=1875,125, w=125,h=125, src=375,375
03:16:41.061 [FXGL Background Thread 4 ] DEBUG TilesetLoader        - Writing to buffer: dst=0,250, w=125,h=125, src=625,0
03:16:41.061 [FXGL Background Thread 4 ] DEBUG TilesetLoader        - Writing to buffer: dst=125,250, w=125,h=125, src=625,0
03:16:41.062 [FXGL Background Thread 4 ] DEBUG TilesetLoader        - Writing to buffer: dst=250,250, w=125,h=125, src=625,0
03:16:41.062 [FXGL Background Thread 4 ] DEBUG TilesetLoader        - Writing to buffer: dst=375,250, w=125,h=125, src=625,0
03:16:41.062 [FXGL Background Thread 4 ] DEBUG TilesetLoader        - Writing to buffer: dst=500,250, w=125,h=125, src=750,0
03:16:41.062 [FXGL Background Thread 4 ] DEBUG TilesetLoader        - Writing to buffer: dst=625,250, w=125,h=125, src=625,0
03:16:41.063 [FXGL Background Thread 4 ] DEBUG TilesetLoader        - Writing to buffer: dst=750,250, w=125,h=125, src=625,0
03:16:41.063 [FXGL Background Thread 4 ] DEBUG TilesetLoader        - Writing to buffer: dst=875,250, w=125,h=125, src=625,0
03:16:41.063 [FXGL Background Thread 4 ] DEBUG TilesetLoader        - Writing to buffer: dst=1000,250, w=125,h=125, src=625,0
03:16:41.063 [FXGL Background Thread 4 ] DEBUG TilesetLoader        - Writing to buffer: dst=1125,250, w=125,h=125, src=625,0
03:16:41.063 [FXGL Background Thread 4 ] DEBUG TilesetLoader        - Writing to buffer: dst=1250,250, w=125,h=125, src=625,0
03:16:41.064 [FXGL Background Thread 4 ] DEBUG TilesetLoader        - Writing to buffer: dst=1375,250, w=125,h=125, src=625,0
03:16:41.064 [FXGL Background Thread 4 ] DEBUG TilesetLoader        - Writing to buffer: dst=1500,250, w=125,h=125, src=750,0
03:16:41.064 [FXGL Background Thread 4 ] DEBUG TilesetLoader        - Writing to buffer: dst=1625,250, w=125,h=125, src=625,0
03:16:41.064 [FXGL Background Thread 4 ] DEBUG TilesetLoader        - Writing to buffer: dst=1750,250, w=125,h=125, src=625,0
03:16:41.064 [FXGL Background Thread 4 ] DEBUG TilesetLoader        - Writing to buffer: dst=1875,250, w=125,h=125, src=625,0
03:16:41.064 [FXGL Background Thread 4 ] DEBUG TilesetLoader        - Writing to buffer: dst=0,375, w=125,h=125, src=625,375
03:16:41.064 [FXGL Background Thread 4 ] DEBUG TilesetLoader        - Writing to buffer: dst=125,375, w=125,h=125, src=625,375
03:16:41.065 [FXGL Background Thread 4 ] DEBUG TilesetLoader        - Writing to buffer: dst=250,375, w=125,h=125, src=625,375
03:16:41.065 [FXGL Background Thread 4 ] DEBUG TilesetLoader        - Writing to buffer: dst=375,375, w=125,h=125, src=500,500
03:16:41.066 [FXGL Background Thread 4 ] DEBUG TilesetLoader        - Writing to buffer: dst=500,375, w=125,h=125, src=500,0
03:16:41.066 [FXGL Background Thread 4 ] DEBUG TilesetLoader        - Writing to buffer: dst=625,375, w=125,h=125, src=750,250
03:16:41.066 [FXGL Background Thread 4 ] DEBUG TilesetLoader        - Writing to buffer: dst=750,375, w=125,h=125, src=625,125
03:16:41.066 [FXGL Background Thread 4 ] DEBUG TilesetLoader        - Writing to buffer: dst=875,375, w=125,h=125, src=625,125
03:16:41.066 [FXGL Background Thread 4 ] DEBUG TilesetLoader        - Writing to buffer: dst=1000,375, w=125,h=125, src=625,125
03:16:41.067 [FXGL Background Thread 4 ] DEBUG TilesetLoader        - Writing to buffer: dst=1125,375, w=125,h=125, src=625,125
03:16:41.067 [FXGL Background Thread 4 ] DEBUG TilesetLoader        - Writing to buffer: dst=1250,375, w=125,h=125, src=625,125
03:16:41.067 [FXGL Background Thread 4 ] DEBUG TilesetLoader        - Writing to buffer: dst=1375,375, w=125,h=125, src=500,250
03:16:41.067 [FXGL Background Thread 4 ] DEBUG TilesetLoader        - Writing to buffer: dst=1500,375, w=125,h=125, src=500,0
03:16:41.067 [FXGL Background Thread 4 ] DEBUG TilesetLoader        - Writing to buffer: dst=1625,375, w=125,h=125, src=750,500
03:16:41.068 [FXGL Background Thread 4 ] DEBUG TilesetLoader        - Writing to buffer: dst=1750,375, w=125,h=125, src=625,375
03:16:41.068 [FXGL Background Thread 4 ] DEBUG TilesetLoader        - Writing to buffer: dst=1875,375, w=125,h=125, src=625,375
03:16:41.069 [FXGL Background Thread 4 ] DEBUG TilesetLoader        - Writing to buffer: dst=0,500, w=125,h=125, src=250,375
03:16:41.069 [FXGL Background Thread 4 ] DEBUG TilesetLoader        - Writing to buffer: dst=125,500, w=125,h=125, src=250,375
03:16:41.069 [FXGL Background Thread 4 ] DEBUG TilesetLoader        - Writing to buffer: dst=250,500, w=125,h=125, src=250,375
03:16:41.069 [FXGL Background Thread 4 ] DEBUG TilesetLoader        - Writing to buffer: dst=375,500, w=125,h=125, src=500,375
03:16:41.069 [FXGL Background Thread 4 ] DEBUG TilesetLoader        - Writing to buffer: dst=500,500, w=125,h=125, src=500,0
03:16:41.069 [FXGL Background Thread 4 ] DEBUG TilesetLoader        - Writing to buffer: dst=625,500, w=125,h=125, src=750,125
03:16:41.070 [FXGL Background Thread 4 ] DEBUG TilesetLoader        - Writing to buffer: dst=750,500, w=125,h=125, src=250,125
03:16:41.070 [FXGL Background Thread 4 ] DEBUG TilesetLoader        - Writing to buffer: dst=875,500, w=125,h=125, src=250,125
03:16:41.070 [FXGL Background Thread 4 ] DEBUG TilesetLoader        - Writing to buffer: dst=1000,500, w=125,h=125, src=250,125
03:16:41.070 [FXGL Background Thread 4 ] DEBUG TilesetLoader        - Writing to buffer: dst=1125,500, w=125,h=125, src=250,125
03:16:41.070 [FXGL Background Thread 4 ] DEBUG TilesetLoader        - Writing to buffer: dst=1250,500, w=125,h=125, src=250,125
03:16:41.070 [FXGL Background Thread 4 ] DEBUG TilesetLoader        - Writing to buffer: dst=1375,500, w=125,h=125, src=500,125
03:16:41.070 [FXGL Background Thread 4 ] DEBUG TilesetLoader        - Writing to buffer: dst=1500,500, w=125,h=125, src=500,0
03:16:41.070 [FXGL Background Thread 4 ] DEBUG TilesetLoader        - Writing to buffer: dst=1625,500, w=125,h=125, src=750,375
03:16:41.070 [FXGL Background Thread 4 ] DEBUG TilesetLoader        - Writing to buffer: dst=1750,500, w=125,h=125, src=250,375
03:16:41.070 [FXGL Background Thread 4 ] DEBUG TilesetLoader        - Writing to buffer: dst=1875,500, w=125,h=125, src=250,375
03:16:41.071 [FXGL Background Thread 4 ] DEBUG TilesetLoader        - Writing to buffer: dst=0,625, w=125,h=125, src=375,375
03:16:41.071 [FXGL Background Thread 4 ] DEBUG TilesetLoader        - Writing to buffer: dst=125,625, w=125,h=125, src=375,375
03:16:41.071 [FXGL Background Thread 4 ] DEBUG TilesetLoader        - Writing to buffer: dst=250,625, w=125,h=125, src=375,375
03:16:41.071 [FXGL Background Thread 4 ] DEBUG TilesetLoader        - Writing to buffer: dst=375,625, w=125,h=125, src=375,500
03:16:41.071 [FXGL Background Thread 4 ] DEBUG TilesetLoader        - Writing to buffer: dst=500,625, w=125,h=125, src=500,0
03:16:41.071 [FXGL Background Thread 4 ] DEBUG TilesetLoader        - Writing to buffer: dst=625,625, w=125,h=125, src=625,250
03:16:41.071 [FXGL Background Thread 4 ] DEBUG TilesetLoader        - Writing to buffer: dst=750,625, w=125,h=125, src=375,125
03:16:41.071 [FXGL Background Thread 4 ] DEBUG TilesetLoader        - Writing to buffer: dst=875,625, w=125,h=125, src=375,125
03:16:41.072 [FXGL Background Thread 4 ] DEBUG TilesetLoader        - Writing to buffer: dst=1000,625, w=125,h=125, src=375,125
03:16:41.072 [FXGL Background Thread 4 ] DEBUG TilesetLoader        - Writing to buffer: dst=1125,625, w=125,h=125, src=375,125
03:16:41.072 [FXGL Background Thread 4 ] DEBUG TilesetLoader        - Writing to buffer: dst=1250,625, w=125,h=125, src=375,125
03:16:41.072 [FXGL Background Thread 4 ] DEBUG TilesetLoader        - Writing to buffer: dst=1375,625, w=125,h=125, src=375,250
03:16:41.072 [FXGL Background Thread 4 ] DEBUG TilesetLoader        - Writing to buffer: dst=1500,625, w=125,h=125, src=500,0
03:16:41.072 [FXGL Background Thread 4 ] DEBUG TilesetLoader        - Writing to buffer: dst=1625,625, w=125,h=125, src=625,500
03:16:41.072 [FXGL Background Thread 4 ] DEBUG TilesetLoader        - Writing to buffer: dst=1750,625, w=125,h=125, src=375,375
03:16:41.073 [FXGL Background Thread 4 ] DEBUG TilesetLoader        - Writing to buffer: dst=1875,625, w=125,h=125, src=375,375
03:16:41.073 [FXGL Background Thread 4 ] DEBUG TilesetLoader        - Writing to buffer: dst=0,750, w=125,h=125, src=625,0
03:16:41.073 [FXGL Background Thread 4 ] DEBUG TilesetLoader        - Writing to buffer: dst=125,750, w=125,h=125, src=625,0
03:16:41.073 [FXGL Background Thread 4 ] DEBUG TilesetLoader        - Writing to buffer: dst=250,750, w=125,h=125, src=625,0
03:16:41.074 [FXGL Background Thread 4 ] DEBUG TilesetLoader        - Writing to buffer: dst=375,750, w=125,h=125, src=625,0
03:16:41.074 [FXGL Background Thread 4 ] DEBUG TilesetLoader        - Writing to buffer: dst=500,750, w=125,h=125, src=750,0
03:16:41.074 [FXGL Background Thread 4 ] DEBUG TilesetLoader        - Writing to buffer: dst=625,750, w=125,h=125, src=625,0
03:16:41.074 [FXGL Background Thread 4 ] DEBUG TilesetLoader        - Writing to buffer: dst=750,750, w=125,h=125, src=625,0
03:16:41.074 [FXGL Background Thread 4 ] DEBUG TilesetLoader        - Writing to buffer: dst=875,750, w=125,h=125, src=625,0
03:16:41.074 [FXGL Background Thread 4 ] DEBUG TilesetLoader        - Writing to buffer: dst=1000,750, w=125,h=125, src=625,0
03:16:41.074 [FXGL Background Thread 4 ] DEBUG TilesetLoader        - Writing to buffer: dst=1125,750, w=125,h=125, src=625,0
03:16:41.074 [FXGL Background Thread 4 ] DEBUG TilesetLoader        - Writing to buffer: dst=1250,750, w=125,h=125, src=625,0
03:16:41.075 [FXGL Background Thread 4 ] DEBUG TilesetLoader        - Writing to buffer: dst=1375,750, w=125,h=125, src=625,0
03:16:41.075 [FXGL Background Thread 4 ] DEBUG TilesetLoader        - Writing to buffer: dst=1500,750, w=125,h=125, src=750,0
03:16:41.075 [FXGL Background Thread 4 ] DEBUG TilesetLoader        - Writing to buffer: dst=1625,750, w=125,h=125, src=625,0
03:16:41.075 [FXGL Background Thread 4 ] DEBUG TilesetLoader        - Writing to buffer: dst=1750,750, w=125,h=125, src=625,0
03:16:41.076 [FXGL Background Thread 4 ] DEBUG TilesetLoader        - Writing to buffer: dst=1875,750, w=125,h=125, src=625,0
03:16:41.076 [FXGL Background Thread 4 ] DEBUG TilesetLoader        - Writing to buffer: dst=0,875, w=125,h=125, src=625,375
03:16:41.076 [FXGL Background Thread 4 ] DEBUG TilesetLoader        - Writing to buffer: dst=125,875, w=125,h=125, src=625,375
03:16:41.076 [FXGL Background Thread 4 ] DEBUG TilesetLoader        - Writing to buffer: dst=250,875, w=125,h=125, src=625,375
03:16:41.076 [FXGL Background Thread 4 ] DEBUG TilesetLoader        - Writing to buffer: dst=375,875, w=125,h=125, src=500,500
03:16:41.076 [FXGL Background Thread 4 ] DEBUG TilesetLoader        - Writing to buffer: dst=500,875, w=125,h=125, src=500,0
03:16:41.077 [FXGL Background Thread 4 ] DEBUG TilesetLoader        - Writing to buffer: dst=625,875, w=125,h=125, src=750,500
03:16:41.077 [FXGL Background Thread 4 ] DEBUG TilesetLoader        - Writing to buffer: dst=750,875, w=125,h=125, src=625,375
03:16:41.077 [FXGL Background Thread 4 ] DEBUG TilesetLoader        - Writing to buffer: dst=875,875, w=125,h=125, src=625,375
03:16:41.077 [FXGL Background Thread 4 ] DEBUG TilesetLoader        - Writing to buffer: dst=1000,875, w=125,h=125, src=625,375
03:16:41.077 [FXGL Background Thread 4 ] DEBUG TilesetLoader        - Writing to buffer: dst=1125,875, w=125,h=125, src=625,375
03:16:41.077 [FXGL Background Thread 4 ] DEBUG TilesetLoader        - Writing to buffer: dst=1250,875, w=125,h=125, src=625,375
03:16:41.077 [FXGL Background Thread 4 ] DEBUG TilesetLoader        - Writing to buffer: dst=1375,875, w=125,h=125, src=500,500
03:16:41.077 [FXGL Background Thread 4 ] DEBUG TilesetLoader        - Writing to buffer: dst=1500,875, w=125,h=125, src=500,0
03:16:41.077 [FXGL Background Thread 4 ] DEBUG TilesetLoader        - Writing to buffer: dst=1625,875, w=125,h=125, src=750,500
03:16:41.078 [FXGL Background Thread 4 ] DEBUG TilesetLoader        - Writing to buffer: dst=1750,875, w=125,h=125, src=625,375
03:16:41.078 [FXGL Background Thread 4 ] DEBUG TilesetLoader        - Writing to buffer: dst=1875,875, w=125,h=125, src=625,375
03:16:41.078 [FXGL Background Thread 4 ] DEBUG TilesetLoader        - Writing to buffer: dst=0,1000, w=125,h=125, src=250,375
03:16:41.078 [FXGL Background Thread 4 ] DEBUG TilesetLoader        - Writing to buffer: dst=125,1000, w=125,h=125, src=250,375
03:16:41.078 [FXGL Background Thread 4 ] DEBUG TilesetLoader        - Writing to buffer: dst=250,1000, w=125,h=125, src=250,375
03:16:41.078 [FXGL Background Thread 4 ] DEBUG TilesetLoader        - Writing to buffer: dst=375,1000, w=125,h=125, src=500,375
03:16:41.078 [FXGL Background Thread 4 ] DEBUG TilesetLoader        - Writing to buffer: dst=500,1000, w=125,h=125, src=500,0
03:16:41.078 [FXGL Background Thread 4 ] DEBUG TilesetLoader        - Writing to buffer: dst=625,1000, w=125,h=125, src=750,375
03:16:41.078 [FXGL Background Thread 4 ] DEBUG TilesetLoader        - Writing to buffer: dst=750,1000, w=125,h=125, src=250,375
03:16:41.079 [FXGL Background Thread 4 ] DEBUG TilesetLoader        - Writing to buffer: dst=875,1000, w=125,h=125, src=250,375
03:16:41.079 [FXGL Background Thread 4 ] DEBUG TilesetLoader        - Writing to buffer: dst=1000,1000, w=125,h=125, src=250,375
03:16:41.079 [FXGL Background Thread 4 ] DEBUG TilesetLoader        - Writing to buffer: dst=1125,1000, w=125,h=125, src=250,375
03:16:41.079 [FXGL Background Thread 4 ] DEBUG TilesetLoader        - Writing to buffer: dst=1250,1000, w=125,h=125, src=250,375
03:16:41.079 [FXGL Background Thread 4 ] DEBUG TilesetLoader        - Writing to buffer: dst=1375,1000, w=125,h=125, src=500,375
03:16:41.079 [FXGL Background Thread 4 ] DEBUG TilesetLoader        - Writing to buffer: dst=1500,1000, w=125,h=125, src=500,0
03:16:41.079 [FXGL Background Thread 4 ] DEBUG TilesetLoader        - Writing to buffer: dst=1625,1000, w=125,h=125, src=750,375
03:16:41.079 [FXGL Background Thread 4 ] DEBUG TilesetLoader        - Writing to buffer: dst=1750,1000, w=125,h=125, src=250,375
03:16:41.079 [FXGL Background Thread 4 ] DEBUG TilesetLoader        - Writing to buffer: dst=1875,1000, w=125,h=125, src=250,375
03:16:41.080 [FXGL Background Thread 4 ] DEBUG TMXLevelLoader       - Creating object layer entities
03:16:41.108 [FXGL Background Thread 4 ] DEBUG FXGLAssetLoaderServi - Loading from file system: /assets/textures/semaforoRosso-01.png
03:16:41.112 [FXGL Background Thread 4 ] DEBUG FXGLAssetLoaderServi - Loading from file system: /assets/textures/semaforoVerde-01.png
03:16:41.115 [FXGL Background Thread 4 ] DEBUG FXGLAssetLoaderServi - Loading from cache: /assets/textures/semaforoRosso-01.png
03:16:41.115 [FXGL Background Thread 4 ] DEBUG FXGLAssetLoaderServi - Loading from cache: /assets/textures/semaforoVerde-01.png
03:16:41.116 [FXGL Background Thread 4 ] DEBUG FXGLAssetLoaderServi - Loading from cache: /assets/textures/semaforoRosso-01.png
03:16:41.116 [FXGL Background Thread 4 ] DEBUG FXGLAssetLoaderServi - Loading from cache: /assets/textures/semaforoVerde-01.png
03:16:41.117 [FXGL Background Thread 4 ] DEBUG FXGLAssetLoaderServi - Loading from cache: /assets/textures/semaforoRosso-01.png
03:16:41.117 [FXGL Background Thread 4 ] DEBUG FXGLAssetLoaderServi - Loading from cache: /assets/textures/semaforoVerde-01.png
03:16:41.118 [FXGL Background Thread 4 ] DEBUG FXGLAssetLoaderServi - Loading from file system: /assets/textures/semaforoRosso-04.png
03:16:41.120 [FXGL Background Thread 4 ] DEBUG FXGLAssetLoaderServi - Loading from file system: /assets/textures/semaforoVerde-04.png
03:16:41.123 [FXGL Background Thread 4 ] DEBUG FXGLAssetLoaderServi - Loading from cache: /assets/textures/semaforoRosso-04.png
03:16:41.124 [FXGL Background Thread 4 ] DEBUG FXGLAssetLoaderServi - Loading from cache: /assets/textures/semaforoVerde-04.png
03:16:41.125 [FXGL Background Thread 4 ] DEBUG FXGLAssetLoaderServi - Loading from cache: /assets/textures/semaforoRosso-04.png
03:16:41.125 [FXGL Background Thread 4 ] DEBUG FXGLAssetLoaderServi - Loading from cache: /assets/textures/semaforoVerde-04.png
03:16:41.125 [FXGL Background Thread 4 ] DEBUG FXGLAssetLoaderServi - Loading from cache: /assets/textures/semaforoRosso-04.png
03:16:41.126 [FXGL Background Thread 4 ] DEBUG FXGLAssetLoaderServi - Loading from cache: /assets/textures/semaforoVerde-04.png
03:16:41.126 [FXGL Background Thread 4 ] DEBUG FXGLAssetLoaderServi - Loading from file system: /assets/textures/semaforoRosso-03.png
03:16:41.127 [FXGL Background Thread 4 ] DEBUG FXGLAssetLoaderServi - Loading from file system: /assets/textures/semaforoVerde-03.png
03:16:41.134 [FXGL Background Thread 4 ] DEBUG FXGLAssetLoaderServi - Loading from cache: /assets/textures/semaforoRosso-03.png
03:16:41.134 [FXGL Background Thread 4 ] DEBUG FXGLAssetLoaderServi - Loading from cache: /assets/textures/semaforoVerde-03.png
03:16:41.135 [FXGL Background Thread 4 ] DEBUG FXGLAssetLoaderServi - Loading from cache: /assets/textures/semaforoRosso-03.png
03:16:41.135 [FXGL Background Thread 4 ] DEBUG FXGLAssetLoaderServi - Loading from cache: /assets/textures/semaforoVerde-03.png
03:16:41.136 [FXGL Background Thread 4 ] DEBUG FXGLAssetLoaderServi - Loading from cache: /assets/textures/semaforoRosso-03.png
03:16:41.136 [FXGL Background Thread 4 ] DEBUG FXGLAssetLoaderServi - Loading from cache: /assets/textures/semaforoVerde-03.png
03:16:41.136 [FXGL Background Thread 4 ] DEBUG FXGLAssetLoaderServi - Loading from file system: /assets/textures/semaforoRosso-02.png
03:16:41.137 [FXGL Background Thread 4 ] DEBUG FXGLAssetLoaderServi - Loading from file system: /assets/textures/semaforoVerde-02.png
03:16:41.139 [FXGL Background Thread 4 ] DEBUG FXGLAssetLoaderServi - Loading from cache: /assets/textures/semaforoRosso-02.png
03:16:41.140 [FXGL Background Thread 4 ] DEBUG FXGLAssetLoaderServi - Loading from cache: /assets/textures/semaforoVerde-02.png
03:16:41.141 [FXGL Background Thread 4 ] DEBUG FXGLAssetLoaderServi - Loading from cache: /assets/textures/semaforoRosso-02.png
03:16:41.141 [FXGL Background Thread 4 ] DEBUG FXGLAssetLoaderServi - Loading from cache: /assets/textures/semaforoVerde-02.png
03:16:41.142 [FXGL Background Thread 4 ] DEBUG FXGLAssetLoaderServi - Loading from cache: /assets/textures/semaforoRosso-02.png
03:16:41.142 [FXGL Background Thread 4 ] DEBUG FXGLAssetLoaderServi - Loading from cache: /assets/textures/semaforoVerde-02.png
03:16:41.143 [FXGL Background Thread 4 ] DEBUG GameWorld            - Clearing removable entities
03:16:41.143 [FXGL Background Thread 4 ] DEBUG GameWorld            - Setting level: com.almasb.fxgl.entity.level.Level@41cded6b
03:16:41.149 [FXGL Background Thread 4 ] DEBUG FXGLAssetLoaderServi - Loading from file system: /assets/textures/pointer-sprite.png
03:16:41.221 [FXGL Background Thread 4 ] INFO  FXGLApplication      - Game initialization took: 0,392 sec
03:16:41.222 [JavaFX Application Thread] DEBUG Input                - Clearing active input actions
03:16:41.228 [JavaFX Application Thread] DEBUG GameApplicationServi - Removing overlay from FXGLLoadingScene and adding to GameScene
03:16:41.230 [JavaFX Application Thread] DEBUG MainWindow           - FXGLLoadingScene -> GameScene
03:16:43.160 [FXGL Background Thread 3 ] DEBUG Engine               - Logging environment variables
03:16:43.160 [FXGL Background Thread 3 ] DEBUG Engine               - achievements: []
03:16:43.160 [FXGL Background Thread 3 ] DEBUG Engine               - appIcon: fxgl_icon.png
03:16:43.162 [FXGL Background Thread 3 ] DEBUG Engine               - applicationMode: DEVELOPER
03:16:43.162 [FXGL Background Thread 3 ] DEBUG Engine               - cSSList: [fxgl_dark.css]
03:16:43.162 [FXGL Background Thread 3 ] DEBUG Engine               - configClass: Optional.empty
03:16:43.162 [FXGL Background Thread 3 ] DEBUG Engine               - credits: []
03:16:43.162 [FXGL Background Thread 3 ] DEBUG Engine               - devBBoxColorProperty: ObjectProperty [value: 0xff0000ff]
03:16:43.163 [FXGL Background Thread 3 ] DEBUG Engine               - devEnableDebugCameraProperty: BooleanProperty [value: false]
03:16:43.163 [FXGL Background Thread 3 ] DEBUG Engine               - devSensorColorProperty: ObjectProperty [value: 0xffff00ff]
03:16:43.163 [FXGL Background Thread 3 ] DEBUG Engine               - devShowBBoxProperty: BooleanProperty [value: false]
03:16:43.163 [FXGL Background Thread 3 ] DEBUG Engine               - devShowPositionProperty: BooleanProperty [value: false]
03:16:43.163 [FXGL Background Thread 3 ] DEBUG Engine               - enabledMenuItems: [SAVE_LOAD, EXTRA, ONLINE]
03:16:43.163 [FXGL Background Thread 3 ] DEBUG Engine               - engineServices: [class com.almasb.fxgl.app.FXGLApplication$GameApplicationService, class com.almasb.fxgl.app.services.FXGLDialogService, class com.almasb.fxgl.app.services.IOTaskExecutorService, class com.almasb.fxgl.event.EventBusService, class com.almasb.fxgl.io.FileSystemService, class com.almasb.fxgl.localization.LocalizationService, class com.almasb.fxgl.app.services.FXGLAssetLoaderService, class com.almasb.fxgl.app.services.SystemBundleService, class com.almasb.fxgl.profile.SaveLoadService, class com.almasb.fxgl.ui.FXGLUIFactoryServiceProvider, class com.almasb.fxgl.ui.FXGLDialogFactoryServiceProvider, class com.almasb.fxgl.audio.AudioPlayer, class com.almasb.fxgl.notification.impl.NotificationServiceProvider, class com.almasb.fxgl.achievement.AchievementService, class com.almasb.fxgl.cutscene.CutsceneService, class com.almasb.fxgl.minigames.MiniGameService, class com.almasb.fxgl.net.NetService, class com.almasb.fxgl.app.services.UpdaterService, class com.almasb.fxgl.dev.DevService]
03:16:43.163 [FXGL Background Thread 3 ] DEBUG Engine               - fontGame: Abel-Regular.ttf
03:16:43.163 [FXGL Background Thread 3 ] DEBUG Engine               - fontMono: lucida_console.ttf
03:16:43.163 [FXGL Background Thread 3 ] DEBUG Engine               - fontText: Courier-Prime.ttf
03:16:43.163 [FXGL Background Thread 3 ] DEBUG Engine               - fontUI: VarelaRound-Regular.ttf
03:16:43.163 [FXGL Background Thread 3 ] DEBUG Engine               - fullScreen: BooleanProperty [value: false]
03:16:43.163 [FXGL Background Thread 3 ] DEBUG Engine               - gameDifficulty: MEDIUM
03:16:43.163 [FXGL Background Thread 3 ] DEBUG Engine               - gameDifficultyProperty: ObjectProperty [value: MEDIUM]
03:16:43.164 [FXGL Background Thread 3 ] DEBUG Engine               - globalMusicVolume: 0.5
03:16:43.164 [FXGL Background Thread 3 ] DEBUG Engine               - globalMusicVolumeProperty: DoubleProperty [value: 0.5]
03:16:43.164 [FXGL Background Thread 3 ] DEBUG Engine               - globalSoundVolume: 0.5
03:16:43.164 [FXGL Background Thread 3 ] DEBUG Engine               - globalSoundVolumeProperty: DoubleProperty [value: 0.5]
03:16:43.164 [FXGL Background Thread 3 ] DEBUG Engine               - height: 1125
03:16:43.164 [FXGL Background Thread 3 ] DEBUG Engine               - isAndroid: false
03:16:43.164 [FXGL Background Thread 3 ] DEBUG Engine               - isBrowser: false
03:16:43.165 [FXGL Background Thread 3 ] DEBUG Engine               - isClickFeedbackEnabled: false
03:16:43.165 [FXGL Background Thread 3 ] DEBUG Engine               - isCloseConfirmation: false
03:16:43.165 [FXGL Background Thread 3 ] DEBUG Engine               - isDesktop: true
03:16:43.165 [FXGL Background Thread 3 ] DEBUG Engine               - isDeveloperMenuEnabled: true
03:16:43.165 [FXGL Background Thread 3 ] DEBUG Engine               - isEntityPreloadEnabled: true
03:16:43.165 [FXGL Background Thread 3 ] DEBUG Engine               - isExperimentalNative: false
03:16:43.165 [FXGL Background Thread 3 ] DEBUG Engine               - isExperimentalTiledLargeMap: false
03:16:43.165 [FXGL Background Thread 3 ] DEBUG Engine               - isFileSystemWriteAllowed: true
03:16:43.165 [FXGL Background Thread 3 ] DEBUG Engine               - isFullScreenAllowed: false
03:16:43.165 [FXGL Background Thread 3 ] DEBUG Engine               - isFullScreenFromStart: false
03:16:43.165 [FXGL Background Thread 3 ] DEBUG Engine               - isGameMenuEnabled: true
03:16:43.165 [FXGL Background Thread 3 ] DEBUG Engine               - isIOS: false
03:16:43.165 [FXGL Background Thread 3 ] DEBUG Engine               - isIntroEnabled: false
03:16:43.165 [FXGL Background Thread 3 ] DEBUG Engine               - isLinux: false
03:16:43.165 [FXGL Background Thread 3 ] DEBUG Engine               - isMac: false
03:16:43.165 [FXGL Background Thread 3 ] DEBUG Engine               - isMainMenuEnabled: true
03:16:43.166 [FXGL Background Thread 3 ] DEBUG Engine               - isManualResizeEnabled: true
03:16:43.166 [FXGL Background Thread 3 ] DEBUG Engine               - isMobile: false
03:16:43.166 [FXGL Background Thread 3 ] DEBUG Engine               - isPreserveResizeRatio: true
03:16:43.166 [FXGL Background Thread 3 ] DEBUG Engine               - isProfilingEnabled: false
03:16:43.166 [FXGL Background Thread 3 ] DEBUG Engine               - isSingleStep: false
03:16:43.166 [FXGL Background Thread 3 ] DEBUG Engine               - isUserProfileEnabled: false
03:16:43.166 [FXGL Background Thread 3 ] DEBUG Engine               - isWindows: true
03:16:43.166 [FXGL Background Thread 3 ] DEBUG Engine               - language: ObjectProperty [value: ENGLISH]
03:16:43.166 [FXGL Background Thread 3 ] DEBUG Engine               - menuKey: ESCAPE
03:16:43.166 [FXGL Background Thread 3 ] DEBUG Engine               - notificationViewClass: class com.almasb.fxgl.notification.view.XboxNotificationView
03:16:43.166 [FXGL Background Thread 3 ] DEBUG Engine               - pixelsPerMeter: 50.0
03:16:43.166 [FXGL Background Thread 3 ] DEBUG Engine               - platform: WINDOWS
03:16:43.166 [FXGL Background Thread 3 ] DEBUG Engine               - profileDir: profiles/
03:16:43.167 [FXGL Background Thread 3 ] DEBUG Engine               - profileName: StringProperty [value: DEFAULT]
03:16:43.167 [FXGL Background Thread 3 ] DEBUG Engine               - randomSeed: -1
03:16:43.167 [FXGL Background Thread 3 ] DEBUG Engine               - runtimeInfo: RuntimeInfo(platform=WINDOWS, version=dev-SNAPSHOT, build=08.09.2020 17.31)
03:16:43.167 [FXGL Background Thread 3 ] DEBUG Engine               - saveFileExt: sav
03:16:43.167 [FXGL Background Thread 3 ] DEBUG Engine               - sceneFactory: it.uniroma1.metodologie.trafficGame.TrafficApp$1@279a916b
03:16:43.167 [FXGL Background Thread 3 ] DEBUG Engine               - secondsIn24h: 60
03:16:43.167 [FXGL Background Thread 3 ] DEBUG Engine               - soundMenuBack: menu/back.wav
03:16:43.167 [FXGL Background Thread 3 ] DEBUG Engine               - soundMenuPress: menu/press.wav
03:16:43.167 [FXGL Background Thread 3 ] DEBUG Engine               - soundMenuSelect: menu/select.wav
03:16:43.167 [FXGL Background Thread 3 ] DEBUG Engine               - soundNotification: core/notification.wav
03:16:43.167 [FXGL Background Thread 3 ] DEBUG Engine               - stageStyle: DECORATED
03:16:43.167 [FXGL Background Thread 3 ] DEBUG Engine               - supportedLanguages: [ENGLISH, FRENCH, GERMAN, HUNGARIAN, RUSSIAN]
03:16:43.167 [FXGL Background Thread 3 ] DEBUG Engine               - title: Traffic
03:16:43.167 [FXGL Background Thread 3 ] DEBUG Engine               - urlGithub: https://github.com/AlmasB/FXGL
03:16:43.167 [FXGL Background Thread 3 ] DEBUG Engine               - urlLeaderboard: http://fxgl-top.herokuapp.com/
03:16:43.167 [FXGL Background Thread 3 ] DEBUG Engine               - urlPOM: https://raw.githubusercontent.com/AlmasB/FXGL/master/pom.xml
03:16:43.167 [FXGL Background Thread 3 ] DEBUG Engine               - version: Alpha 1.0
03:16:43.167 [FXGL Background Thread 3 ] DEBUG Engine               - versionCheckDays: 7
03:16:43.167 [FXGL Background Thread 3 ] DEBUG Engine               - width: 2000
03:16:43.167 [FXGL Background Thread 3 ] DEBUG Engine               - Logging services
03:16:43.167 [FXGL Background Thread 3 ] DEBUG Engine               - class com.almasb.fxgl.app.FXGLApplication$GameApplicationService
03:16:43.167 [FXGL Background Thread 3 ] DEBUG Engine               - class com.almasb.fxgl.app.services.FXGLDialogService
03:16:43.168 [FXGL Background Thread 3 ] DEBUG Engine               - class com.almasb.fxgl.app.services.IOTaskExecutorService
03:16:43.168 [FXGL Background Thread 3 ] DEBUG Engine               - class com.almasb.fxgl.event.EventBusService
03:16:43.168 [FXGL Background Thread 3 ] DEBUG Engine               - class com.almasb.fxgl.io.FileSystemService
03:16:43.168 [FXGL Background Thread 3 ] DEBUG Engine               - class com.almasb.fxgl.localization.LocalizationService
03:16:43.168 [FXGL Background Thread 3 ] DEBUG Engine               - class com.almasb.fxgl.app.services.FXGLAssetLoaderService
03:16:43.168 [FXGL Background Thread 3 ] DEBUG Engine               - class com.almasb.fxgl.app.services.SystemBundleService
03:16:43.168 [FXGL Background Thread 3 ] DEBUG Engine               - class com.almasb.fxgl.profile.SaveLoadService
03:16:43.168 [FXGL Background Thread 3 ] DEBUG Engine               - class com.almasb.fxgl.ui.FXGLUIFactoryServiceProvider
03:16:43.168 [FXGL Background Thread 3 ] DEBUG Engine               - class com.almasb.fxgl.ui.FXGLDialogFactoryServiceProvider
03:16:43.168 [FXGL Background Thread 3 ] DEBUG Engine               - class com.almasb.fxgl.audio.AudioPlayer
03:16:43.168 [FXGL Background Thread 3 ] DEBUG Engine               - class com.almasb.fxgl.notification.impl.NotificationServiceProvider
03:16:43.168 [FXGL Background Thread 3 ] DEBUG Engine               - class com.almasb.fxgl.achievement.AchievementService
03:16:43.168 [FXGL Background Thread 3 ] DEBUG Engine               - class com.almasb.fxgl.cutscene.CutsceneService
03:16:43.168 [FXGL Background Thread 3 ] DEBUG Engine               - class com.almasb.fxgl.minigames.MiniGameService
03:16:43.168 [FXGL Background Thread 3 ] DEBUG Engine               - class com.almasb.fxgl.net.NetService
03:16:43.168 [FXGL Background Thread 3 ] DEBUG Engine               - class com.almasb.fxgl.app.services.UpdaterService
03:16:43.168 [FXGL Background Thread 3 ] DEBUG Engine               - class com.almasb.fxgl.dev.DevService
03:16:45.287 [JavaFX Application Thread] DEBUG FXGLApplication      - Exiting FXGL
03:16:45.287 [JavaFX Application Thread] DEBUG LoopRunner           - Stopping loop
03:16:45.287 [JavaFX Application Thread] DEBUG SystemBundleService  - Saving FXGL system data
03:16:45.288 [JavaFX Application Thread] DEBUG FileSystemAccess     - Writing to: C:\Users\Andrea\Desktop\Homework\traffic-mobile\system\fxgl.bundle
03:16:45.289 [JavaFX Application Thread] DEBUG Async                - Shutting down background threads
03:16:45.290 [JavaFX Application Thread] DEBUG MainWindow           - Closing main window
03:16:45.300 [JavaFX Application Thread] DEBUG Logger               - Closing Logger
