15:09:08.871 [main                     ] DEBUG Logger               - Configured Logger
15:09:08.898 [main                     ] DEBUG GameApplication      - Logging settings
Title: Traffic
Version: Alpha 1.0
Width: 2500
Height: 1750
Fullscreen: false
Intro: false
Profiling: true
Single step:false
App Mode: DEVELOPER
Menu Key: ESCAPE
Stage Style: DECORATED
Scene Factory: class it.uniroma1.metodologie.trafficGame.TrafficApp$1

15:09:09.376 [JavaFX Application Thread] DEBUG FXGLApplication      - Initializing FXGL
15:09:09.386 [JavaFX Application Thread] INFO  Engine               - FXGL-dev-SNAPSHOT (03.09.2020 12.08) on MAC (J:14.0.1 FX:14)
15:09:09.387 [JavaFX Application Thread] DEBUG Engine               - JRE Vendor Name: Oracle Corporation
15:09:09.387 [JavaFX Application Thread] DEBUG Engine               - Running on OS: Mac OS X version 10.15.6
15:09:09.387 [JavaFX Application Thread] DEBUG Engine               - Architecture: x86_64
15:09:09.388 [JavaFX Application Thread] INFO  Engine               - Source code and latest versions at: https://github.com/AlmasB/FXGL
15:09:09.388 [JavaFX Application Thread] INFO  Engine               -              Join the FXGL chat at: https://gitter.im/AlmasB/FXGL
15:09:09.531 [JavaFX Application Thread] DEBUG MainWindow           - Creating a JavaFX scene
15:09:09.531 [JavaFX Application Thread] DEBUG MainWindow           - Target size > screen size
15:09:09.608 [JavaFX Application Thread] DEBUG MainWindow           - Target settings size: 2500.0 x 1750.0
15:09:09.609 [JavaFX Application Thread] DEBUG MainWindow           - Scaled scene size:    1422.0 x 1012.0
15:09:09.610 [JavaFX Application Thread] DEBUG MainWindow           - Scaled ratio: (0.5688, 0.5782857142857143)
15:09:09.611 [JavaFX Application Thread] DEBUG MainWindow           - Set initial scene to StartupScene
15:09:09.618 [JavaFX Application Thread] DEBUG MainWindow           - Opening main window
15:09:09.777 [JavaFX Application Thread] DEBUG MainWindow           - Window border size: (0.0, 1.0)
15:09:09.777 [JavaFX Application Thread] DEBUG MainWindow           - Scaled size: 1422.0 x 1012.0
15:09:09.777 [JavaFX Application Thread] DEBUG MainWindow           - Scaled ratio: (0.5688, 0.5688)
15:09:09.777 [JavaFX Application Thread] DEBUG MainWindow           - Scene size: 1422.0 x 1012.0
15:09:09.778 [JavaFX Application Thread] DEBUG MainWindow           - Stage size: 1422.0 x 1013.0
15:09:09.786 [FXGL Background Thread 1 ] DEBUG Engine               - Initializing environment variables
15:09:09.821 [FXGL Background Thread 1 ] DEBUG GameApplicationServi - Applying CSS: fxgl_dark.css
15:09:09.823 [FXGL Background Thread 1 ] DEBUG FXGLAssetLoaderServi - Loading from file system: /assets/ui/css/fxgl_dark.css
15:09:09.907 [FXGL Background Thread 1 ] DEBUG GameApplicationServi - Initializing application scenes
15:09:10.290 [FXGL Background Thread 1 ] DEBUG GameWorld            - Game world initialized
15:09:10.372 [FXGL Background Thread 1 ] DEBUG PhysicsWorld         - Physics world initialized: appHeight=1750, physics.ppm=50,0
15:09:10.374 [FXGL Background Thread 1 ] DEBUG GameScene            - Game scene initialized: 2500x1750
15:09:10.389 [FXGL Background Thread 1 ] DEBUG FXGLAssetLoaderServi - Loading from file system: /assets/textures/bg.jpg
15:09:10.898 [FXGL Background Thread 1 ] DEBUG FXGLAssetLoaderServi - Loading from file system: /assets/textures/logo.png
15:09:11.109 [FXGL Background Thread 1 ] DEBUG FXGLAssetLoaderServi - Loading from file system: /assets/textures/particles/trace_horizontal.png
15:09:11.158 [FXGL Background Thread 1 ] DEBUG FXGL.DefaultMenu     - createMenuBodyGameMenu()
15:09:11.188 [FXGL Background Thread 1 ] DEBUG FXGL.DefaultMenu     - createOptionsMenu()
15:09:11.200 [FXGL Background Thread 1 ] DEBUG FXGLAssetLoaderServi - Loading from file system: /assets/textures/particles/smoke.png
15:09:11.296 [FXGL Background Thread 1 ] DEBUG GameApplicationServi - Application scenes initialized
15:09:11.312 [FXGL Background Thread 1 ] DEBUG SystemBundleService  - Loading FXGL system data
15:09:11.321 [FXGL Background Thread 1 ] DEBUG FileSystemAccess     - Reading from: /Users/universita/Desktop/ProgettoJava/Drop/system/fxgl.bundle
15:09:11.334 [FXGL Background Thread 1 ] DEBUG SystemBundleService  - Bundle FXGL: {}
15:09:11.335 [FXGL Background Thread 1 ] DEBUG UpdaterService       - Checking for updates
15:09:11.416 [FXGL Background Thread 4 ] DEBUG FXGLApplication      - Loading fonts
15:09:11.416 [FXGL Background Thread 4 ] DEBUG FXGLAssetLoaderServi - Loading from file system: /assets/ui/fonts/VarelaRound-Regular.ttf
15:09:11.416 [FXGL Background Thread 1 ] DEBUG FXGLApplication      - Loading default localization
15:09:11.416 [FXGL Background Thread 1 ] DEBUG FXGLAssetLoaderServi - Loading from file system: /assets/languages/english.lang
15:09:11.441 [FXGL Background Thread 4 ] DEBUG FXGLAssetLoaderServi - Loading from file system: /assets/ui/fonts/Abel-Regular.ttf
15:09:11.447 [FXGL Background Thread 4 ] DEBUG FXGLAssetLoaderServi - Loading from file system: /assets/ui/fonts/lucida_console.ttf
15:09:11.451 [FXGL Background Thread 4 ] DEBUG FXGLAssetLoaderServi - Loading from file system: /assets/ui/fonts/Courier-Prime.ttf
15:09:11.458 [JavaFX Application Thread] DEBUG FXGLApplication      - Registering font factories with UI factory
15:09:11.484 [FXGL Background Thread 1 ] INFO  FXGLApplication      - FXGL initialization took: 1,698 sec
15:09:11.498 [JavaFX Application Thread] DEBUG Input                - Registered new binding: Change trafficlight status - F
15:09:11.499 [JavaFX Application Thread] DEBUG Input                - Registered new binding: Select and change traffic light - LMB
15:09:11.500 [JavaFX Application Thread] DEBUG Input                - Registered new binding: Move Right - D
15:09:11.500 [JavaFX Application Thread] DEBUG Input                - Registered new binding: Move Left - A
15:09:11.500 [JavaFX Application Thread] DEBUG Input                - Registered new binding: Move Up - W
15:09:11.500 [JavaFX Application Thread] DEBUG Input                - Registered new binding: Move Down - S
15:09:11.501 [JavaFX Application Thread] DEBUG Input                - Registered new binding: Spawn Car - Space
15:09:11.501 [JavaFX Application Thread] DEBUG FXGLAssetLoaderServi - Loading from file system: /assets/textures/fxgl_icon.png
15:09:11.532 [JavaFX Application Thread] DEBUG FXGLAssetLoaderServi - Loading from file system: /assets/ui/cursors/fxgl_default.png
15:09:11.535 [JavaFX Application Thread] DEBUG Input                - Registered new binding: Screenshot - P
15:09:11.536 [JavaFX Application Thread] DEBUG Input                - Registered new binding: Dev Options - 1
15:09:11.536 [JavaFX Application Thread] DEBUG Input                - Registered new binding: Dev Console - 2
15:09:11.537 [JavaFX Application Thread] DEBUG Input                - Registered new binding: System info dump - CTRL+9
15:09:11.537 [JavaFX Application Thread] DEBUG Input                - Registered new binding: Restart - CTRL+R
15:09:11.538 [JavaFX Application Thread] DEBUG Input                - Registered new binding: Toggle Debug Camera - CTRL+C
15:09:11.541 [JavaFX Application Thread] DEBUG LoopRunner           - Starting loop
15:09:11.571 [JavaFX Application Thread] DEBUG Input                - Clearing active input actions
15:09:11.585 [JavaFX Application Thread] DEBUG GameApplicationServi - Removing overlay from StartupScene and adding to FXGLMainMenuDummyScene
15:09:11.610 [JavaFX Application Thread] DEBUG MainWindow           - StartupScene -> FXGLMainMenuDummyScene
15:09:11.611 [JavaFX Application Thread] DEBUG MainWindow           - Push state: TrafficAppMenu
15:09:11.611 [JavaFX Application Thread] DEBUG Input                - Clearing active input actions
15:09:11.621 [JavaFX Application Thread] DEBUG GameApplicationServi - Removing overlay from FXGLMainMenuDummyScene and adding to TrafficAppMenu
15:09:11.622 [JavaFX Application Thread] DEBUG MainWindow           - FXGLMainMenuDummyScene -> TrafficAppMenu
15:09:12.589 [FXGL Background Thread 2 ] INFO  UpdaterService       - Your current version:  dev-SNAPSHOT
15:09:12.590 [FXGL Background Thread 2 ] INFO  UpdaterService       - Latest stable version: 11.10
15:09:13.632 [JavaFX Application Thread] DEBUG Menu                 - fireNewGame()
15:09:13.632 [JavaFX Application Thread] DEBUG GameApplicationServi - Starting new game
15:09:13.633 [JavaFX Application Thread] DEBUG MainWindow           - Pop state: TrafficAppMenu
15:09:13.633 [JavaFX Application Thread] DEBUG Input                - Clearing active input actions
15:09:13.635 [JavaFX Application Thread] DEBUG GameApplicationServi - Removing overlay from TrafficAppMenu and adding to FXGLMainMenuDummyScene
15:09:13.639 [JavaFX Application Thread] DEBUG MainWindow           - FXGLMainMenuDummyScene <- TrafficAppMenu
15:09:13.639 [JavaFX Application Thread] DEBUG Input                - Clearing active input actions
15:09:13.651 [JavaFX Application Thread] DEBUG GameApplicationServi - Removing overlay from FXGLMainMenuDummyScene and adding to FXGLLoadingScene
15:09:13.652 [JavaFX Application Thread] DEBUG MainWindow           - FXGLMainMenuDummyScene -> FXGLLoadingScene
15:09:13.653 [JavaFX Application Thread] DEBUG GameApplicationServi - Clearing previous game
15:09:13.653 [JavaFX Application Thread] DEBUG GameScene            - Clearing game scene
15:09:13.653 [JavaFX Application Thread] DEBUG GameWorld            - Clearing game world
15:09:13.653 [JavaFX Application Thread] DEBUG PhysicsWorld         - Clearing physics world
15:09:13.655 [FXGL Background Thread 2 ] DEBUG FXGLApplication      - Initializing game
15:09:13.667 [FXGL Background Thread 2 ] DEBUG FXGLAssetLoaderServi - Loading from file system: /assets/levels/level02.tmx
15:09:13.716 [FXGL Background Thread 2 ] WARN  TMXLevelLoader       - TiledMap generated from 1.4.1. Supported version: 1.2.3. Some features may not be parsed fully.
15:09:13.748 [FXGL Background Thread 2 ] DEBUG TMXLevelLoader       - Parsed raw map: TiledMap(width=10, height=7, tilewidth=250, tileheight=250, orientation=orthogonal, layers=[Layer(width=10, height=7, name=bg, type=tilelayer, visible=false, x=0, y=0, data=[84, 67, 84, 67, 30, 47, 34, 83, 80, 83, 48, 48, 48, 45, 48, 43, 48, 48, 45, 48, 69, 69, 75, 47, 77, 69, 69, 75, 47, 82, 67, 67, 74, 47, 76, 67, 67, 74, 47, 82, 48, 48, 48, 49, 48, 48, 48, 48, 46, 40, 77, 69, 75, 47, 77, 69, 69, 75, 47, 24, 70, 81, 68, 47, 81, 81, 81, 79, 47, 82], objects=[], opacity=0.0, draworder=), Layer(width=0, height=0, name=PathWays, type=objectgroup, visible=false, x=0, y=0, data=[], objects=[], opacity=0.0, draworder=), Layer(width=0, height=0, name=Incroci, type=objectgroup, visible=false, x=0, y=0, data=[], objects=[com.almasb.fxgl.entity.level.tiled.TiledObject@746ba2d8, com.almasb.fxgl.entity.level.tiled.TiledObject@67925b97, com.almasb.fxgl.entity.level.tiled.TiledObject@a1c5042, com.almasb.fxgl.entity.level.tiled.TiledObject@1d955ef9, com.almasb.fxgl.entity.level.tiled.TiledObject@34c142f1], opacity=0.0, draworder=), Layer(width=0, height=0, name=Semafori, type=objectgroup, visible=false, x=0, y=0, data=[], objects=[com.almasb.fxgl.entity.level.tiled.TiledObject@41fae91d, com.almasb.fxgl.entity.level.tiled.TiledObject@290c3f20, com.almasb.fxgl.entity.level.tiled.TiledObject@1ed9ce6e, com.almasb.fxgl.entity.level.tiled.TiledObject@2031c18e, com.almasb.fxgl.entity.level.tiled.TiledObject@36156694, com.almasb.fxgl.entity.level.tiled.TiledObject@7ea8aa49, com.almasb.fxgl.entity.level.tiled.TiledObject@2e52b14c, com.almasb.fxgl.entity.level.tiled.TiledObject@4138b9, com.almasb.fxgl.entity.level.tiled.TiledObject@1dfddfe3, com.almasb.fxgl.entity.level.tiled.TiledObject@263cd4f7, com.almasb.fxgl.entity.level.tiled.TiledObject@1d5fc9ad, com.almasb.fxgl.entity.level.tiled.TiledObject@14d2be4f, com.almasb.fxgl.entity.level.tiled.TiledObject@67a379f1, com.almasb.fxgl.entity.level.tiled.TiledObject@2778829e, com.almasb.fxgl.entity.level.tiled.TiledObject@4489357d, com.almasb.fxgl.entity.level.tiled.TiledObject@4528cb65], opacity=0.0, draworder=), Layer(width=0, height=0, name=SpawnPoint, type=objectgroup, visible=false, x=0, y=0, data=[], objects=[com.almasb.fxgl.entity.level.tiled.TiledObject@39385ec0, com.almasb.fxgl.entity.level.tiled.TiledObject@5ab7470b, com.almasb.fxgl.entity.level.tiled.TiledObject@5718a3fd, com.almasb.fxgl.entity.level.tiled.TiledObject@54683998, com.almasb.fxgl.entity.level.tiled.TiledObject@2f5da38b, com.almasb.fxgl.entity.level.tiled.TiledObject@4fb22674, com.almasb.fxgl.entity.level.tiled.TiledObject@5d277334, com.almasb.fxgl.entity.level.tiled.TiledObject@489625f1, com.almasb.fxgl.entity.level.tiled.TiledObject@a959693, com.almasb.fxgl.entity.level.tiled.TiledObject@544a9033, com.almasb.fxgl.entity.level.tiled.TiledObject@3292f75d, com.almasb.fxgl.entity.level.tiled.TiledObject@4bd2e553, com.almasb.fxgl.entity.level.tiled.TiledObject@6d55d3b4, com.almasb.fxgl.entity.level.tiled.TiledObject@6d9e1d25, com.almasb.fxgl.entity.level.tiled.TiledObject@481327d4, com.almasb.fxgl.entity.level.tiled.TiledObject@14b7bbf8, com.almasb.fxgl.entity.level.tiled.TiledObject@57bc12a9, com.almasb.fxgl.entity.level.tiled.TiledObject@4a565a4e, com.almasb.fxgl.entity.level.tiled.TiledObject@1b2ae957, com.almasb.fxgl.entity.level.tiled.TiledObject@326be9b1, com.almasb.fxgl.entity.level.tiled.TiledObject@5f58c0f, com.almasb.fxgl.entity.level.tiled.TiledObject@7d0922d5, com.almasb.fxgl.entity.level.tiled.TiledObject@31a51c72, com.almasb.fxgl.entity.level.tiled.TiledObject@5c6e4d96, com.almasb.fxgl.entity.level.tiled.TiledObject@755227e0, com.almasb.fxgl.entity.level.tiled.TiledObject@4179ac15, com.almasb.fxgl.entity.level.tiled.TiledObject@58a67ec4, com.almasb.fxgl.entity.level.tiled.TiledObject@768a8abb], opacity=0.0, draworder=)], tilesets=[Tileset(firstgid=1, image=../textures/tiles_sheet.png, name=tiles_sheet, tilewidth=250, tileheight=250, imagewidth=1750, imageheight=1500, margin=0, spacing=0, columns=7, tilecount=42, transparentcolor=ff00ff, tiles=[]), Tileset(firstgid=43, image=../textures/tiles_sheet.png, name=tiles_sheet, tilewidth=250, tileheight=250, imagewidth=1750, imageheight=1500, margin=0, spacing=0, columns=7, tilecount=42, transparentcolor=, tiles=[])], backgroundcolor=, renderorder=right-down, nextobjectid=58, version=1, tiledversion=1.4.1, type=map, infinite=false, properties={}, propertytypes={})
15:09:13.749 [FXGL Background Thread 2 ] DEBUG TMXLevelLoader       - Creating tile layer entities
15:09:13.750 [FXGL Background Thread 2 ] DEBUG TilesetLoader        - Loading view for layer bg
15:09:13.781 [FXGL Background Thread 2 ] DEBUG TilesetLoader        - Created buffer with size 2500.0x1750.0
15:09:13.892 [FXGL Background Thread 2 ] DEBUG TilesetLoader        - Writing to buffer: dst=0,0, w=250,h=250, src=1500,1250
15:09:13.893 [FXGL Background Thread 2 ] DEBUG TilesetLoader        - Writing to buffer: dst=250,0, w=250,h=250, src=750,750
15:09:13.893 [FXGL Background Thread 2 ] DEBUG TilesetLoader        - Writing to buffer: dst=500,0, w=250,h=250, src=1500,1250
15:09:13.894 [FXGL Background Thread 2 ] DEBUG TilesetLoader        - Writing to buffer: dst=750,0, w=250,h=250, src=750,750
15:09:13.894 [FXGL Background Thread 2 ] DEBUG TilesetLoader        - Writing to buffer: dst=1000,0, w=250,h=250, src=250,1000
15:09:13.894 [FXGL Background Thread 2 ] DEBUG TilesetLoader        - Writing to buffer: dst=1250,0, w=250,h=250, src=1000,0
15:09:13.894 [FXGL Background Thread 2 ] DEBUG TilesetLoader        - Writing to buffer: dst=1500,0, w=250,h=250, src=1250,1000
15:09:13.895 [FXGL Background Thread 2 ] DEBUG TilesetLoader        - Writing to buffer: dst=1750,0, w=250,h=250, src=1250,1250
15:09:13.895 [FXGL Background Thread 2 ] DEBUG TilesetLoader        - Writing to buffer: dst=2000,0, w=250,h=250, src=500,1250
15:09:13.895 [FXGL Background Thread 2 ] DEBUG TilesetLoader        - Writing to buffer: dst=2250,0, w=250,h=250, src=1250,1250
15:09:13.895 [FXGL Background Thread 2 ] DEBUG TilesetLoader        - Writing to buffer: dst=0,250, w=250,h=250, src=1250,0
15:09:13.896 [FXGL Background Thread 2 ] DEBUG TilesetLoader        - Writing to buffer: dst=250,250, w=250,h=250, src=1250,0
15:09:13.897 [FXGL Background Thread 2 ] DEBUG TilesetLoader        - Writing to buffer: dst=500,250, w=250,h=250, src=1250,0
15:09:13.897 [FXGL Background Thread 2 ] DEBUG TilesetLoader        - Writing to buffer: dst=750,250, w=250,h=250, src=500,0
15:09:13.898 [FXGL Background Thread 2 ] DEBUG TilesetLoader        - Writing to buffer: dst=1000,250, w=250,h=250, src=1250,0
15:09:13.898 [FXGL Background Thread 2 ] DEBUG TilesetLoader        - Writing to buffer: dst=1250,250, w=250,h=250, src=0,0
15:09:13.898 [FXGL Background Thread 2 ] DEBUG TilesetLoader        - Writing to buffer: dst=1500,250, w=250,h=250, src=1250,0
15:09:13.898 [FXGL Background Thread 2 ] DEBUG TilesetLoader        - Writing to buffer: dst=1750,250, w=250,h=250, src=1250,0
15:09:13.899 [FXGL Background Thread 2 ] DEBUG TilesetLoader        - Writing to buffer: dst=2000,250, w=250,h=250, src=500,0
15:09:13.899 [FXGL Background Thread 2 ] DEBUG TilesetLoader        - Writing to buffer: dst=2250,250, w=250,h=250, src=1250,0
15:09:13.899 [FXGL Background Thread 2 ] DEBUG TilesetLoader        - Writing to buffer: dst=0,500, w=250,h=250, src=1250,750
15:09:13.899 [FXGL Background Thread 2 ] DEBUG TilesetLoader        - Writing to buffer: dst=250,500, w=250,h=250, src=1250,750
15:09:13.900 [FXGL Background Thread 2 ] DEBUG TilesetLoader        - Writing to buffer: dst=500,500, w=250,h=250, src=1000,1000
15:09:13.900 [FXGL Background Thread 2 ] DEBUG TilesetLoader        - Writing to buffer: dst=750,500, w=250,h=250, src=1000,0
15:09:13.900 [FXGL Background Thread 2 ] DEBUG TilesetLoader        - Writing to buffer: dst=1000,500, w=250,h=250, src=1500,1000
15:09:13.900 [FXGL Background Thread 2 ] DEBUG TilesetLoader        - Writing to buffer: dst=1250,500, w=250,h=250, src=1250,750
15:09:13.901 [FXGL Background Thread 2 ] DEBUG TilesetLoader        - Writing to buffer: dst=1500,500, w=250,h=250, src=1250,750
15:09:13.902 [FXGL Background Thread 2 ] DEBUG TilesetLoader        - Writing to buffer: dst=1750,500, w=250,h=250, src=1000,1000
15:09:13.902 [FXGL Background Thread 2 ] DEBUG TilesetLoader        - Writing to buffer: dst=2000,500, w=250,h=250, src=1000,0
15:09:13.903 [FXGL Background Thread 2 ] DEBUG TilesetLoader        - Writing to buffer: dst=2250,500, w=250,h=250, src=1000,1250
15:09:13.904 [FXGL Background Thread 2 ] DEBUG TilesetLoader        - Writing to buffer: dst=0,750, w=250,h=250, src=750,750
15:09:13.904 [FXGL Background Thread 2 ] DEBUG TilesetLoader        - Writing to buffer: dst=250,750, w=250,h=250, src=750,750
15:09:13.904 [FXGL Background Thread 2 ] DEBUG TilesetLoader        - Writing to buffer: dst=500,750, w=250,h=250, src=750,1000
15:09:13.905 [FXGL Background Thread 2 ] DEBUG TilesetLoader        - Writing to buffer: dst=750,750, w=250,h=250, src=1000,0
15:09:13.905 [FXGL Background Thread 2 ] DEBUG TilesetLoader        - Writing to buffer: dst=1000,750, w=250,h=250, src=1250,1000
15:09:13.906 [FXGL Background Thread 2 ] DEBUG TilesetLoader        - Writing to buffer: dst=1250,750, w=250,h=250, src=750,750
15:09:13.906 [FXGL Background Thread 2 ] DEBUG TilesetLoader        - Writing to buffer: dst=1500,750, w=250,h=250, src=750,750
15:09:13.907 [FXGL Background Thread 2 ] DEBUG TilesetLoader        - Writing to buffer: dst=1750,750, w=250,h=250, src=750,1000
15:09:13.907 [FXGL Background Thread 2 ] DEBUG TilesetLoader        - Writing to buffer: dst=2000,750, w=250,h=250, src=1000,0
15:09:13.908 [FXGL Background Thread 2 ] DEBUG TilesetLoader        - Writing to buffer: dst=2250,750, w=250,h=250, src=1000,1250
15:09:13.908 [FXGL Background Thread 2 ] DEBUG TilesetLoader        - Writing to buffer: dst=0,1000, w=250,h=250, src=1250,0
15:09:13.908 [FXGL Background Thread 2 ] DEBUG TilesetLoader        - Writing to buffer: dst=250,1000, w=250,h=250, src=1250,0
15:09:13.909 [FXGL Background Thread 2 ] DEBUG TilesetLoader        - Writing to buffer: dst=500,1000, w=250,h=250, src=1250,0
15:09:13.909 [FXGL Background Thread 2 ] DEBUG TilesetLoader        - Writing to buffer: dst=750,1000, w=250,h=250, src=1500,0
15:09:13.909 [FXGL Background Thread 2 ] DEBUG TilesetLoader        - Writing to buffer: dst=1000,1000, w=250,h=250, src=1250,0
15:09:13.910 [FXGL Background Thread 2 ] DEBUG TilesetLoader        - Writing to buffer: dst=1250,1000, w=250,h=250, src=1250,0
15:09:13.910 [FXGL Background Thread 2 ] DEBUG TilesetLoader        - Writing to buffer: dst=1500,1000, w=250,h=250, src=1250,0
15:09:13.913 [FXGL Background Thread 2 ] DEBUG TilesetLoader        - Writing to buffer: dst=1750,1000, w=250,h=250, src=1250,0
15:09:13.913 [FXGL Background Thread 2 ] DEBUG TilesetLoader        - Writing to buffer: dst=2000,1000, w=250,h=250, src=750,0
15:09:13.913 [FXGL Background Thread 2 ] DEBUG TilesetLoader        - Writing to buffer: dst=2250,1000, w=250,h=250, src=1000,1250
15:09:13.914 [FXGL Background Thread 2 ] DEBUG TilesetLoader        - Writing to buffer: dst=0,1250, w=250,h=250, src=1500,1000
15:09:13.914 [FXGL Background Thread 2 ] DEBUG TilesetLoader        - Writing to buffer: dst=250,1250, w=250,h=250, src=1250,750
15:09:13.914 [FXGL Background Thread 2 ] DEBUG TilesetLoader        - Writing to buffer: dst=500,1250, w=250,h=250, src=1000,1000
15:09:13.914 [FXGL Background Thread 2 ] DEBUG TilesetLoader        - Writing to buffer: dst=750,1250, w=250,h=250, src=1000,0
15:09:13.914 [FXGL Background Thread 2 ] DEBUG TilesetLoader        - Writing to buffer: dst=1000,1250, w=250,h=250, src=1500,1000
15:09:13.915 [FXGL Background Thread 2 ] DEBUG TilesetLoader        - Writing to buffer: dst=1250,1250, w=250,h=250, src=1250,750
15:09:13.915 [FXGL Background Thread 2 ] DEBUG TilesetLoader        - Writing to buffer: dst=1500,1250, w=250,h=250, src=1250,750
15:09:13.917 [FXGL Background Thread 2 ] DEBUG TilesetLoader        - Writing to buffer: dst=1750,1250, w=250,h=250, src=1000,1000
15:09:13.918 [FXGL Background Thread 2 ] DEBUG TilesetLoader        - Writing to buffer: dst=2000,1250, w=250,h=250, src=1000,0
15:09:13.919 [FXGL Background Thread 2 ] DEBUG TilesetLoader        - Writing to buffer: dst=2250,1250, w=250,h=250, src=500,750
15:09:13.919 [FXGL Background Thread 2 ] DEBUG TilesetLoader        - Writing to buffer: dst=0,1500, w=250,h=250, src=1500,750
15:09:13.919 [FXGL Background Thread 2 ] DEBUG TilesetLoader        - Writing to buffer: dst=250,1500, w=250,h=250, src=750,1250
15:09:13.920 [FXGL Background Thread 2 ] DEBUG TilesetLoader        - Writing to buffer: dst=500,1500, w=250,h=250, src=1000,750
15:09:13.920 [FXGL Background Thread 2 ] DEBUG TilesetLoader        - Writing to buffer: dst=750,1500, w=250,h=250, src=1000,0
15:09:13.920 [FXGL Background Thread 2 ] DEBUG TilesetLoader        - Writing to buffer: dst=1000,1500, w=250,h=250, src=750,1250
15:09:13.920 [FXGL Background Thread 2 ] DEBUG TilesetLoader        - Writing to buffer: dst=1250,1500, w=250,h=250, src=750,1250
15:09:13.920 [FXGL Background Thread 2 ] DEBUG TilesetLoader        - Writing to buffer: dst=1500,1500, w=250,h=250, src=750,1250
15:09:13.921 [FXGL Background Thread 2 ] DEBUG TilesetLoader        - Writing to buffer: dst=1750,1500, w=250,h=250, src=250,1250
15:09:13.921 [FXGL Background Thread 2 ] DEBUG TilesetLoader        - Writing to buffer: dst=2000,1500, w=250,h=250, src=1000,0
15:09:13.921 [FXGL Background Thread 2 ] DEBUG TilesetLoader        - Writing to buffer: dst=2250,1500, w=250,h=250, src=1000,1250
15:09:13.921 [FXGL Background Thread 2 ] DEBUG TMXLevelLoader       - Creating object layer entities
15:09:13.951 [FXGL Background Thread 2 ] DEBUG FXGLAssetLoaderServi - Loading from file system: /assets/textures/semaforoRosso-01.png
15:09:13.960 [FXGL Background Thread 2 ] DEBUG FXGLAssetLoaderServi - Loading from file system: /assets/textures/semaforoVerde-01.png
15:09:13.968 [FXGL Background Thread 2 ] DEBUG FXGLAssetLoaderServi - Loading from file system: /assets/textures/semaforoRosso-02.png
15:09:13.972 [FXGL Background Thread 2 ] DEBUG FXGLAssetLoaderServi - Loading from file system: /assets/textures/semaforoVerde-02.png
15:09:13.981 [FXGL Background Thread 2 ] DEBUG FXGLAssetLoaderServi - Loading from file system: /assets/textures/semaforoRosso-04.png
15:09:13.985 [FXGL Background Thread 2 ] DEBUG FXGLAssetLoaderServi - Loading from file system: /assets/textures/semaforoVerde-04.png
15:09:13.989 [FXGL Background Thread 2 ] DEBUG FXGLAssetLoaderServi - Loading from file system: /assets/textures/semaforoRosso-03.png
15:09:13.994 [FXGL Background Thread 2 ] DEBUG FXGLAssetLoaderServi - Loading from file system: /assets/textures/semaforoVerde-03.png
15:09:14.001 [FXGL Background Thread 2 ] DEBUG FXGLAssetLoaderServi - Loading from cache: /assets/textures/semaforoRosso-04.png
15:09:14.001 [FXGL Background Thread 2 ] DEBUG FXGLAssetLoaderServi - Loading from cache: /assets/textures/semaforoVerde-04.png
15:09:14.004 [FXGL Background Thread 2 ] DEBUG FXGLAssetLoaderServi - Loading from cache: /assets/textures/semaforoRosso-01.png
15:09:14.004 [FXGL Background Thread 2 ] DEBUG FXGLAssetLoaderServi - Loading from cache: /assets/textures/semaforoVerde-01.png
15:09:14.008 [FXGL Background Thread 2 ] DEBUG FXGLAssetLoaderServi - Loading from cache: /assets/textures/semaforoRosso-03.png
15:09:14.012 [FXGL Background Thread 2 ] DEBUG FXGLAssetLoaderServi - Loading from cache: /assets/textures/semaforoVerde-03.png
15:09:14.014 [FXGL Background Thread 2 ] DEBUG FXGLAssetLoaderServi - Loading from cache: /assets/textures/semaforoRosso-04.png
15:09:14.014 [FXGL Background Thread 2 ] DEBUG FXGLAssetLoaderServi - Loading from cache: /assets/textures/semaforoVerde-04.png
15:09:14.015 [FXGL Background Thread 2 ] DEBUG FXGLAssetLoaderServi - Loading from cache: /assets/textures/semaforoRosso-04.png
15:09:14.015 [FXGL Background Thread 2 ] DEBUG FXGLAssetLoaderServi - Loading from cache: /assets/textures/semaforoVerde-04.png
15:09:14.016 [FXGL Background Thread 2 ] DEBUG FXGLAssetLoaderServi - Loading from cache: /assets/textures/semaforoRosso-04.png
15:09:14.016 [FXGL Background Thread 2 ] DEBUG FXGLAssetLoaderServi - Loading from cache: /assets/textures/semaforoVerde-04.png
15:09:14.020 [FXGL Background Thread 2 ] DEBUG FXGLAssetLoaderServi - Loading from cache: /assets/textures/semaforoRosso-01.png
15:09:14.021 [FXGL Background Thread 2 ] DEBUG FXGLAssetLoaderServi - Loading from cache: /assets/textures/semaforoVerde-01.png
15:09:14.024 [FXGL Background Thread 2 ] DEBUG FXGLAssetLoaderServi - Loading from cache: /assets/textures/semaforoRosso-02.png
15:09:14.025 [FXGL Background Thread 2 ] DEBUG FXGLAssetLoaderServi - Loading from cache: /assets/textures/semaforoVerde-02.png
15:09:14.028 [FXGL Background Thread 2 ] DEBUG FXGLAssetLoaderServi - Loading from cache: /assets/textures/semaforoRosso-02.png
15:09:14.028 [FXGL Background Thread 2 ] DEBUG FXGLAssetLoaderServi - Loading from cache: /assets/textures/semaforoVerde-02.png
15:09:14.030 [FXGL Background Thread 2 ] DEBUG FXGLAssetLoaderServi - Loading from cache: /assets/textures/semaforoRosso-02.png
15:09:14.030 [FXGL Background Thread 2 ] DEBUG FXGLAssetLoaderServi - Loading from cache: /assets/textures/semaforoVerde-02.png
15:09:14.033 [FXGL Background Thread 2 ] DEBUG FXGLAssetLoaderServi - Loading from cache: /assets/textures/semaforoRosso-03.png
15:09:14.034 [FXGL Background Thread 2 ] DEBUG FXGLAssetLoaderServi - Loading from cache: /assets/textures/semaforoVerde-03.png
15:09:14.038 [FXGL Background Thread 2 ] DEBUG FXGLAssetLoaderServi - Loading from cache: /assets/textures/semaforoRosso-03.png
15:09:14.039 [FXGL Background Thread 2 ] DEBUG FXGLAssetLoaderServi - Loading from cache: /assets/textures/semaforoVerde-03.png
15:09:14.068 [FXGL Background Thread 2 ] DEBUG GameWorld            - Clearing removable entities
15:09:14.069 [FXGL Background Thread 2 ] DEBUG GameWorld            - Setting level: com.almasb.fxgl.entity.level.Level@361f662b
15:09:14.087 [FXGL Background Thread 2 ] DEBUG FXGLAssetLoaderServi - Loading from file system: /assets/textures/pointer-sprite.png
15:09:14.170 [FXGL Background Thread 2 ] INFO  FXGLApplication      - Game initialization took: 0,515 sec
15:09:14.171 [JavaFX Application Thread] DEBUG Input                - Clearing active input actions
15:09:14.181 [JavaFX Application Thread] DEBUG GameApplicationServi - Removing overlay from FXGLLoadingScene and adding to GameScene
15:09:14.185 [JavaFX Application Thread] DEBUG MainWindow           - FXGLLoadingScene -> GameScene
15:09:14.416 [FXGL Background Thread 3 ] DEBUG Engine               - Logging environment variables
15:09:14.416 [FXGL Background Thread 3 ] DEBUG Engine               - achievements: []
15:09:14.417 [FXGL Background Thread 3 ] DEBUG Engine               - appIcon: fxgl_icon.png
15:09:14.417 [FXGL Background Thread 3 ] DEBUG Engine               - applicationMode: DEVELOPER
15:09:14.417 [FXGL Background Thread 3 ] DEBUG Engine               - cSSList: [fxgl_dark.css]
15:09:14.417 [FXGL Background Thread 3 ] DEBUG Engine               - configClass: Optional.empty
15:09:14.417 [FXGL Background Thread 3 ] DEBUG Engine               - credits: []
15:09:14.418 [FXGL Background Thread 3 ] DEBUG Engine               - devBBoxColorProperty: ObjectProperty [value: 0xff0000ff]
15:09:14.418 [FXGL Background Thread 3 ] DEBUG Engine               - devEnableDebugCameraProperty: BooleanProperty [value: false]
15:09:14.418 [FXGL Background Thread 3 ] DEBUG Engine               - devSensorColorProperty: ObjectProperty [value: 0xffff00ff]
15:09:14.418 [FXGL Background Thread 3 ] DEBUG Engine               - devShowBBoxProperty: BooleanProperty [value: false]
15:09:14.418 [FXGL Background Thread 3 ] DEBUG Engine               - devShowPositionProperty: BooleanProperty [value: false]
15:09:14.418 [FXGL Background Thread 3 ] DEBUG Engine               - enabledMenuItems: []
15:09:14.418 [FXGL Background Thread 3 ] DEBUG Engine               - engineServices: [class com.almasb.fxgl.app.FXGLApplication$GameApplicationService, class com.almasb.fxgl.app.services.FXGLDialogService, class com.almasb.fxgl.app.services.IOTaskExecutorService, class com.almasb.fxgl.event.EventBusService, class com.almasb.fxgl.io.FileSystemService, class com.almasb.fxgl.localization.LocalizationService, class com.almasb.fxgl.app.services.FXGLAssetLoaderService, class com.almasb.fxgl.app.services.SystemBundleService, class com.almasb.fxgl.profile.SaveLoadService, class com.almasb.fxgl.ui.FXGLUIFactoryServiceProvider, class com.almasb.fxgl.ui.FXGLDialogFactoryServiceProvider, class com.almasb.fxgl.audio.AudioPlayer, class com.almasb.fxgl.notification.impl.NotificationServiceProvider, class com.almasb.fxgl.achievement.AchievementService, class com.almasb.fxgl.cutscene.CutsceneService, class com.almasb.fxgl.minigames.MiniGameService, class com.almasb.fxgl.net.NetService, class com.almasb.fxgl.app.services.UpdaterService, class com.almasb.fxgl.dev.DevService, class com.almasb.fxgl.dev.profiling.ProfilerService]
15:09:14.418 [FXGL Background Thread 3 ] DEBUG Engine               - fontGame: Abel-Regular.ttf
15:09:14.419 [FXGL Background Thread 3 ] DEBUG Engine               - fontMono: lucida_console.ttf
15:09:14.419 [FXGL Background Thread 3 ] DEBUG Engine               - fontText: Courier-Prime.ttf
15:09:14.419 [FXGL Background Thread 3 ] DEBUG Engine               - fontUI: VarelaRound-Regular.ttf
15:09:14.419 [FXGL Background Thread 3 ] DEBUG Engine               - fullScreen: BooleanProperty [value: false]
15:09:14.419 [FXGL Background Thread 3 ] DEBUG Engine               - gameDifficulty: MEDIUM
15:09:14.419 [FXGL Background Thread 3 ] DEBUG Engine               - gameDifficultyProperty: ObjectProperty [value: MEDIUM]
15:09:14.420 [FXGL Background Thread 3 ] DEBUG Engine               - globalMusicVolume: 0.5
15:09:14.420 [FXGL Background Thread 3 ] DEBUG Engine               - globalMusicVolumeProperty: DoubleProperty [value: 0.5]
15:09:14.420 [FXGL Background Thread 3 ] DEBUG Engine               - globalSoundVolume: 0.5
15:09:14.420 [FXGL Background Thread 3 ] DEBUG Engine               - globalSoundVolumeProperty: DoubleProperty [value: 0.5]
15:09:14.420 [FXGL Background Thread 3 ] DEBUG Engine               - height: 1750
15:09:14.421 [FXGL Background Thread 3 ] DEBUG Engine               - isAndroid: false
15:09:14.421 [FXGL Background Thread 3 ] DEBUG Engine               - isBrowser: false
15:09:14.421 [FXGL Background Thread 3 ] DEBUG Engine               - isClickFeedbackEnabled: false
15:09:14.421 [FXGL Background Thread 3 ] DEBUG Engine               - isCloseConfirmation: false
15:09:14.421 [FXGL Background Thread 3 ] DEBUG Engine               - isDesktop: true
15:09:14.422 [FXGL Background Thread 3 ] DEBUG Engine               - isDeveloperMenuEnabled: true
15:09:14.422 [FXGL Background Thread 3 ] DEBUG Engine               - isEntityPreloadEnabled: true
15:09:14.422 [FXGL Background Thread 3 ] DEBUG Engine               - isExperimentalNative: false
15:09:14.422 [FXGL Background Thread 3 ] DEBUG Engine               - isExperimentalTiledLargeMap: false
15:09:14.422 [FXGL Background Thread 3 ] DEBUG Engine               - isFileSystemWriteAllowed: true
15:09:14.422 [FXGL Background Thread 3 ] DEBUG Engine               - isFullScreenAllowed: false
15:09:14.422 [FXGL Background Thread 3 ] DEBUG Engine               - isFullScreenFromStart: false
15:09:14.423 [FXGL Background Thread 3 ] DEBUG Engine               - isGameMenuEnabled: true
15:09:14.423 [FXGL Background Thread 3 ] DEBUG Engine               - isIOS: false
15:09:14.423 [FXGL Background Thread 3 ] DEBUG Engine               - isIntroEnabled: false
15:09:14.423 [FXGL Background Thread 3 ] DEBUG Engine               - isLinux: false
15:09:14.423 [FXGL Background Thread 3 ] DEBUG Engine               - isMac: true
15:09:14.423 [FXGL Background Thread 3 ] DEBUG Engine               - isMainMenuEnabled: true
15:09:14.423 [FXGL Background Thread 3 ] DEBUG Engine               - isManualResizeEnabled: true
15:09:14.423 [FXGL Background Thread 3 ] DEBUG Engine               - isMobile: false
15:09:14.424 [FXGL Background Thread 3 ] DEBUG Engine               - isPreserveResizeRatio: true
15:09:14.424 [FXGL Background Thread 3 ] DEBUG Engine               - isProfilingEnabled: true
15:09:14.424 [FXGL Background Thread 3 ] DEBUG Engine               - isSingleStep: false
15:09:14.424 [FXGL Background Thread 3 ] DEBUG Engine               - isUserProfileEnabled: false
15:09:14.424 [FXGL Background Thread 3 ] DEBUG Engine               - isWindows: false
15:09:14.424 [FXGL Background Thread 3 ] DEBUG Engine               - language: ObjectProperty [value: ENGLISH]
15:09:14.424 [FXGL Background Thread 3 ] DEBUG Engine               - menuKey: ESCAPE
15:09:14.425 [FXGL Background Thread 3 ] DEBUG Engine               - notificationViewClass: class com.almasb.fxgl.notification.view.XboxNotificationView
15:09:14.425 [FXGL Background Thread 3 ] DEBUG Engine               - pixelsPerMeter: 50.0
15:09:14.425 [FXGL Background Thread 3 ] DEBUG Engine               - platform: MAC
15:09:14.425 [FXGL Background Thread 3 ] DEBUG Engine               - profileDir: profiles/
15:09:14.425 [FXGL Background Thread 3 ] DEBUG Engine               - profileName: StringProperty [value: DEFAULT]
15:09:14.425 [FXGL Background Thread 3 ] DEBUG Engine               - randomSeed: -1
15:09:14.425 [FXGL Background Thread 3 ] DEBUG Engine               - runtimeInfo: RuntimeInfo(platform=MAC, version=dev-SNAPSHOT, build=03.09.2020 12.08)
15:09:14.425 [FXGL Background Thread 3 ] DEBUG Engine               - saveFileExt: sav
15:09:14.426 [FXGL Background Thread 3 ] DEBUG Engine               - sceneFactory: it.uniroma1.metodologie.trafficGame.TrafficApp$1@216194b7
15:09:14.426 [FXGL Background Thread 3 ] DEBUG Engine               - secondsIn24h: 60
15:09:14.426 [FXGL Background Thread 3 ] DEBUG Engine               - soundMenuBack: menu/back.wav
15:09:14.426 [FXGL Background Thread 3 ] DEBUG Engine               - soundMenuPress: menu/press.wav
15:09:14.426 [FXGL Background Thread 3 ] DEBUG Engine               - soundMenuSelect: menu/select.wav
15:09:14.426 [FXGL Background Thread 3 ] DEBUG Engine               - soundNotification: core/notification.wav
15:09:14.426 [FXGL Background Thread 3 ] DEBUG Engine               - stageStyle: DECORATED
15:09:14.427 [FXGL Background Thread 3 ] DEBUG Engine               - supportedLanguages: [ENGLISH, FRENCH, GERMAN, HUNGARIAN, RUSSIAN]
15:09:14.427 [FXGL Background Thread 3 ] DEBUG Engine               - title: Traffic
15:09:14.427 [FXGL Background Thread 3 ] DEBUG Engine               - urlGithub: https://github.com/AlmasB/FXGL
15:09:14.427 [FXGL Background Thread 3 ] DEBUG Engine               - urlLeaderboard: http://fxgl-top.herokuapp.com/
15:09:14.427 [FXGL Background Thread 3 ] DEBUG Engine               - urlPOM: https://raw.githubusercontent.com/AlmasB/FXGL/master/pom.xml
15:09:14.427 [FXGL Background Thread 3 ] DEBUG Engine               - version: Alpha 1.0
15:09:14.427 [FXGL Background Thread 3 ] DEBUG Engine               - versionCheckDays: 7
15:09:14.427 [FXGL Background Thread 3 ] DEBUG Engine               - width: 2500
15:09:14.428 [FXGL Background Thread 3 ] DEBUG Engine               - Logging services
15:09:14.428 [FXGL Background Thread 3 ] DEBUG Engine               - class com.almasb.fxgl.app.FXGLApplication$GameApplicationService
15:09:14.428 [FXGL Background Thread 3 ] DEBUG Engine               - class com.almasb.fxgl.app.services.FXGLDialogService
15:09:14.428 [FXGL Background Thread 3 ] DEBUG Engine               - class com.almasb.fxgl.app.services.IOTaskExecutorService
15:09:14.428 [FXGL Background Thread 3 ] DEBUG Engine               - class com.almasb.fxgl.event.EventBusService
15:09:14.428 [FXGL Background Thread 3 ] DEBUG Engine               - class com.almasb.fxgl.io.FileSystemService
15:09:14.428 [FXGL Background Thread 3 ] DEBUG Engine               - class com.almasb.fxgl.localization.LocalizationService
15:09:14.428 [FXGL Background Thread 3 ] DEBUG Engine               - class com.almasb.fxgl.app.services.FXGLAssetLoaderService
15:09:14.428 [FXGL Background Thread 3 ] DEBUG Engine               - class com.almasb.fxgl.app.services.SystemBundleService
15:09:14.429 [FXGL Background Thread 3 ] DEBUG Engine               - class com.almasb.fxgl.profile.SaveLoadService
15:09:14.429 [FXGL Background Thread 3 ] DEBUG Engine               - class com.almasb.fxgl.ui.FXGLUIFactoryServiceProvider
15:09:14.429 [FXGL Background Thread 3 ] DEBUG Engine               - class com.almasb.fxgl.ui.FXGLDialogFactoryServiceProvider
15:09:14.429 [FXGL Background Thread 3 ] DEBUG Engine               - class com.almasb.fxgl.audio.AudioPlayer
15:09:14.429 [FXGL Background Thread 3 ] DEBUG Engine               - class com.almasb.fxgl.notification.impl.NotificationServiceProvider
15:09:14.429 [FXGL Background Thread 3 ] DEBUG Engine               - class com.almasb.fxgl.achievement.AchievementService
15:09:14.429 [FXGL Background Thread 3 ] DEBUG Engine               - class com.almasb.fxgl.cutscene.CutsceneService
15:09:14.429 [FXGL Background Thread 3 ] DEBUG Engine               - class com.almasb.fxgl.minigames.MiniGameService
15:09:14.429 [FXGL Background Thread 3 ] DEBUG Engine               - class com.almasb.fxgl.net.NetService
15:09:14.429 [FXGL Background Thread 3 ] DEBUG Engine               - class com.almasb.fxgl.app.services.UpdaterService
15:09:14.430 [FXGL Background Thread 3 ] DEBUG Engine               - class com.almasb.fxgl.dev.DevService
15:09:14.430 [FXGL Background Thread 3 ] DEBUG Engine               - class com.almasb.fxgl.dev.profiling.ProfilerService
15:10:42.709 [JavaFX Application Thread] DEBUG FXGLApplication      - Exiting FXGL
15:10:42.709 [JavaFX Application Thread] DEBUG LoopRunner           - Stopping loop
15:10:42.710 [JavaFX Application Thread] DEBUG SystemBundleService  - Saving FXGL system data
15:10:42.714 [JavaFX Application Thread] DEBUG FileSystemAccess     - Writing to: /Users/universita/Desktop/ProgettoJava/Drop/system/fxgl.bundle
15:10:42.716 [JavaFX Application Thread] INFO  ProfilerService      - Processed Frames: 6073
15:10:42.716 [JavaFX Application Thread] INFO  ProfilerService      - Average FPS: 58
15:10:42.717 [JavaFX Application Thread] INFO  ProfilerService      - Avg Frame Took: 15,24 ms
15:10:42.717 [JavaFX Application Thread] INFO  ProfilerService      - Avg Memory Usage: 127 MB
15:10:42.717 [JavaFX Application Thread] INFO  ProfilerService      - Min Memory Usage: 67 MB
15:10:42.717 [JavaFX Application Thread] INFO  ProfilerService      - Max Memory Usage: 168 MB
15:10:42.717 [JavaFX Application Thread] INFO  ProfilerService      - Estimated GC runs: 48
15:10:42.717 [JavaFX Application Thread] DEBUG Async                - Shutting down background threads
15:10:42.717 [JavaFX Application Thread] DEBUG MainWindow           - Closing main window
15:10:42.728 [JavaFX Application Thread] DEBUG Logger               - Closing Logger
