02:53:12.609 [main                     ] DEBUG Logger               - Configured Logger
02:53:12.622 [main                     ] DEBUG GameApplication      - Logging settings
Title: Traffic
Version: Alpha 1.0
Width: 2000
Height: 1125
Fullscreen: false
Intro: false
Profiling: false
Single step:false
App Mode: DEVELOPER
Menu Key: ESCAPE
Stage Style: DECORATED
Scene Factory: class it.uniroma1.metodologie.trafficGame.TrafficApp$1

02:53:12.943 [JavaFX Application Thread] DEBUG FXGLApplication      - Initializing FXGL
02:53:12.948 [JavaFX Application Thread] INFO  Engine               - FXGL-dev-SNAPSHOT (08.09.2020 17.31) on WINDOWS (J:13.0.2 FX:14)
02:53:12.949 [JavaFX Application Thread] DEBUG Engine               - JRE Vendor Name: Oracle Corporation
02:53:12.949 [JavaFX Application Thread] DEBUG Engine               - Running on OS: Windows 10 version 10.0
02:53:12.949 [JavaFX Application Thread] DEBUG Engine               - Architecture: amd64
02:53:12.950 [JavaFX Application Thread] INFO  Engine               - Source code and latest versions at: https://github.com/AlmasB/FXGL
02:53:12.950 [JavaFX Application Thread] INFO  Engine               -              Join the FXGL chat at: https://gitter.im/AlmasB/FXGL
02:53:13.024 [JavaFX Application Thread] DEBUG MainWindow           - Creating a JavaFX scene
02:53:13.060 [JavaFX Application Thread] DEBUG MainWindow           - Target settings size: 2000.0 x 1125.0
02:53:13.060 [JavaFX Application Thread] DEBUG MainWindow           - Scaled scene size:    2000.0 x 1125.0
02:53:13.061 [JavaFX Application Thread] DEBUG MainWindow           - Scaled ratio: (1.0, 1.0)
02:53:13.062 [JavaFX Application Thread] DEBUG MainWindow           - Set initial scene to StartupScene
02:53:13.066 [JavaFX Application Thread] DEBUG MainWindow           - Opening main window
02:53:13.130 [JavaFX Application Thread] DEBUG MainWindow           - Window border size: (16.0, 39.0)
02:53:13.131 [JavaFX Application Thread] DEBUG MainWindow           - Scaled size: 2000.0 x 1125.0
02:53:13.131 [JavaFX Application Thread] DEBUG MainWindow           - Scaled ratio: (1.0, 1.0)
02:53:13.131 [JavaFX Application Thread] DEBUG MainWindow           - Scene size: 2000.0 x 1125.0
02:53:13.131 [JavaFX Application Thread] DEBUG MainWindow           - Stage size: 2016.0 x 1164.0
02:53:13.142 [FXGL Background Thread 1 ] DEBUG Engine               - Initializing environment variables
02:53:13.170 [FXGL Background Thread 1 ] DEBUG GameApplicationServi - Applying CSS: fxgl_dark.css
02:53:13.172 [FXGL Background Thread 1 ] DEBUG FXGLAssetLoaderServi - Loading from file system: /assets/ui/css/fxgl_dark.css
02:53:13.212 [FXGL Background Thread 1 ] DEBUG GameApplicationServi - Initializing application scenes
02:53:13.274 [FXGL Background Thread 1 ] DEBUG GameWorld            - Game world initialized
02:53:13.311 [FXGL Background Thread 1 ] DEBUG PhysicsWorld         - Physics world initialized: appHeight=1125, physics.ppm=50,0
02:53:13.313 [FXGL Background Thread 1 ] DEBUG GameScene            - Game scene initialized: 2000x1125
02:53:13.321 [FXGL Background Thread 1 ] DEBUG FXGLAssetLoaderServi - Loading from file system: /assets/textures/bg.jpg
02:53:13.602 [FXGL Background Thread 1 ] DEBUG FXGLAssetLoaderServi - Loading from file system: /assets/textures/logo.png
02:53:13.686 [FXGL Background Thread 1 ] DEBUG FXGLAssetLoaderServi - Loading from file system: /assets/textures/particles/trace_horizontal.png
02:53:13.705 [FXGL Background Thread 1 ] DEBUG FXGL.DefaultMenu     - createMenuBodyGameMenu()
02:53:13.714 [FXGL Background Thread 1 ] DEBUG FXGL.DefaultMenu     - createOptionsMenu()
02:53:13.717 [FXGL Background Thread 1 ] DEBUG FXGL.DefaultMenu     - createExtraMenu()
02:53:13.719 [FXGL Background Thread 1 ] DEBUG FXGLAssetLoaderServi - Loading from file system: /assets/textures/particles/smoke.png
02:53:13.761 [FXGL Background Thread 1 ] DEBUG GameApplicationServi - Application scenes initialized
02:53:13.769 [FXGL Background Thread 1 ] DEBUG SystemBundleService  - Loading FXGL system data
02:53:13.773 [FXGL Background Thread 1 ] DEBUG FileSystemAccess     - Reading from: C:\Users\Andrea\Desktop\Homework\traffic-mobile\system\fxgl.bundle
02:53:13.778 [FXGL Background Thread 1 ] DEBUG SystemBundleService  - Bundle FXGL: {}
02:53:13.778 [FXGL Background Thread 1 ] DEBUG UpdaterService       - Checking for updates
02:53:13.809 [FXGL Background Thread 1 ] DEBUG FXGLApplication      - Loading default localization
02:53:13.809 [FXGL Background Thread 1 ] DEBUG FXGLAssetLoaderServi - Loading from file system: /assets/languages/english.lang
02:53:13.809 [FXGL Background Thread 4 ] DEBUG FXGLApplication      - Loading fonts
02:53:13.811 [FXGL Background Thread 4 ] DEBUG FXGLAssetLoaderServi - Loading from file system: /assets/ui/fonts/VarelaRound-Regular.ttf
02:53:13.823 [FXGL Background Thread 1 ] INFO  FXGLApplication      - FXGL initialization took: 0,681 sec
02:53:13.830 [JavaFX Application Thread] DEBUG Input                - Registered new binding: Change trafficlight status - F
02:53:13.830 [JavaFX Application Thread] DEBUG Input                - Registered new binding: Move Right - D
02:53:13.830 [JavaFX Application Thread] DEBUG Input                - Registered new binding: Move Left - A
02:53:13.830 [JavaFX Application Thread] DEBUG Input                - Registered new binding: Move Up - W
02:53:13.830 [JavaFX Application Thread] DEBUG Input                - Registered new binding: Move Down - S
02:53:13.831 [JavaFX Application Thread] DEBUG Input                - Registered new binding: Spawn Car - Space
02:53:13.831 [JavaFX Application Thread] DEBUG Input                - Registered new binding: Select and change traffic light - LMB
02:53:13.831 [JavaFX Application Thread] DEBUG FXGLAssetLoaderServi - Loading from file system: /assets/textures/fxgl_icon.png
02:53:13.843 [JavaFX Application Thread] DEBUG FXGLAssetLoaderServi - Loading from file system: /assets/ui/cursors/fxgl_default.png
02:53:13.846 [JavaFX Application Thread] DEBUG Input                - Registered new binding: Screenshot - P
02:53:13.846 [JavaFX Application Thread] DEBUG Input                - Registered new binding: Dev Options - 1
02:53:13.847 [JavaFX Application Thread] DEBUG Input                - Registered new binding: Dev Console - 2
02:53:13.847 [JavaFX Application Thread] DEBUG Input                - Registered new binding: System info dump - CTRL+9
02:53:13.847 [JavaFX Application Thread] DEBUG Input                - Registered new binding: Restart - CTRL+R
02:53:13.848 [JavaFX Application Thread] DEBUG Input                - Registered new binding: Toggle Debug Camera - CTRL+C
02:53:13.849 [JavaFX Application Thread] DEBUG LoopRunner           - Starting loop
02:53:13.861 [JavaFX Application Thread] DEBUG Input                - Clearing active input actions
02:53:13.868 [JavaFX Application Thread] DEBUG GameApplicationServi - Removing overlay from StartupScene and adding to FXGLMainMenuDummyScene
02:53:13.870 [JavaFX Application Thread] DEBUG MainWindow           - StartupScene -> FXGLMainMenuDummyScene
02:53:13.870 [JavaFX Application Thread] DEBUG MainWindow           - Push state: TrafficAppMenu
02:53:13.871 [JavaFX Application Thread] DEBUG Input                - Clearing active input actions
02:53:13.885 [JavaFX Application Thread] DEBUG GameApplicationServi - Removing overlay from FXGLMainMenuDummyScene and adding to TrafficAppMenu
02:53:13.887 [JavaFX Application Thread] DEBUG MainWindow           - FXGLMainMenuDummyScene -> TrafficAppMenu
02:53:14.390 [FXGL Background Thread 4 ] DEBUG FXGLAssetLoaderServi - Loading from file system: /assets/ui/fonts/Abel-Regular.ttf
02:53:14.392 [FXGL Background Thread 4 ] DEBUG FXGLAssetLoaderServi - Loading from file system: /assets/ui/fonts/lucida_console.ttf
02:53:14.396 [FXGL Background Thread 4 ] DEBUG FXGLAssetLoaderServi - Loading from file system: /assets/ui/fonts/Courier-Prime.ttf
02:53:14.399 [JavaFX Application Thread] DEBUG FXGLApplication      - Registering font factories with UI factory
02:53:15.133 [JavaFX Application Thread] DEBUG Menu                 - fireNewGame()
02:53:15.134 [JavaFX Application Thread] DEBUG GameApplicationServi - Starting new game
02:53:15.134 [JavaFX Application Thread] DEBUG MainWindow           - Pop state: TrafficAppMenu
02:53:15.134 [JavaFX Application Thread] DEBUG Input                - Clearing active input actions
02:53:15.135 [JavaFX Application Thread] DEBUG GameApplicationServi - Removing overlay from TrafficAppMenu and adding to FXGLMainMenuDummyScene
02:53:15.136 [JavaFX Application Thread] DEBUG MainWindow           - FXGLMainMenuDummyScene <- TrafficAppMenu
02:53:15.136 [JavaFX Application Thread] DEBUG Input                - Clearing active input actions
02:53:15.142 [JavaFX Application Thread] DEBUG GameApplicationServi - Removing overlay from FXGLMainMenuDummyScene and adding to FXGLLoadingScene
02:53:15.142 [JavaFX Application Thread] DEBUG MainWindow           - FXGLMainMenuDummyScene -> FXGLLoadingScene
02:53:15.143 [JavaFX Application Thread] DEBUG GameApplicationServi - Clearing previous game
02:53:15.143 [JavaFX Application Thread] DEBUG GameScene            - Clearing game scene
02:53:15.143 [JavaFX Application Thread] DEBUG GameWorld            - Clearing game world
02:53:15.143 [JavaFX Application Thread] DEBUG PhysicsWorld         - Clearing physics world
02:53:15.144 [FXGL Background Thread 2 ] DEBUG FXGLApplication      - Initializing game
02:53:15.149 [FXGL Background Thread 2 ] DEBUG FXGLAssetLoaderServi - Loading from file system: /assets/levels/Mappa_01.tmx
02:53:15.168 [FXGL Background Thread 2 ] WARN  TMXLevelLoader       - TiledMap generated from 1.4.1. Supported version: 1.2.3. Some features may not be parsed fully.
02:53:15.185 [FXGL Background Thread 2 ] DEBUG TMXLevelLoader       - Parsed raw map: TiledMap(width=16, height=9, tilewidth=125, tileheight=125, orientation=orthogonal, layers=[Layer(width=16, height=9, name=Tile Layer 1, type=tilelayer, visible=false, x=0, y=0, data=[24, 24, 24, 26, 5, 28, 24, 24, 24, 24, 24, 26, 5, 28, 24, 24, 25, 25, 25, 32, 5, 34, 25, 25, 25, 25, 25, 32, 5, 34, 25, 25, 6, 6, 6, 6, 7, 6, 6, 6, 6, 6, 6, 6, 7, 6, 6, 6, 27, 27, 27, 33, 5, 21, 13, 13, 13, 13, 13, 19, 5, 35, 27, 27, 24, 24, 24, 26, 5, 14, 10, 10, 10, 10, 10, 12, 5, 28, 24, 24, 25, 25, 25, 32, 5, 20, 11, 11, 11, 11, 11, 18, 5, 34, 25, 25, 6, 6, 6, 6, 7, 6, 6, 6, 6, 6, 6, 6, 7, 6, 6, 6, 27, 27, 27, 33, 5, 35, 27, 27, 27, 27, 27, 33, 5, 35, 27, 27, 24, 24, 24, 26, 5, 28, 24, 24, 24, 24, 24, 26, 5, 28, 24, 24], objects=[], opacity=0.0, draworder=), Layer(width=0, height=0, name=spawnpoints, type=objectgroup, visible=false, x=0, y=0, data=[], objects=[com.almasb.fxgl.entity.level.tiled.TiledObject@66346b3e, com.almasb.fxgl.entity.level.tiled.TiledObject@6d2bfa89, com.almasb.fxgl.entity.level.tiled.TiledObject@242b3242, com.almasb.fxgl.entity.level.tiled.TiledObject@c6bbc58, com.almasb.fxgl.entity.level.tiled.TiledObject@49c34b70, com.almasb.fxgl.entity.level.tiled.TiledObject@7b0e1f73, com.almasb.fxgl.entity.level.tiled.TiledObject@6ca9b72, com.almasb.fxgl.entity.level.tiled.TiledObject@57127e8f], opacity=0.0, draworder=), Layer(width=0, height=0, name=paths, type=objectgroup, visible=false, x=0, y=0, data=[], objects=[com.almasb.fxgl.entity.level.tiled.TiledObject@45937d6, com.almasb.fxgl.entity.level.tiled.TiledObject@f2745a9, com.almasb.fxgl.entity.level.tiled.TiledObject@5de44e34, com.almasb.fxgl.entity.level.tiled.TiledObject@1946a501, com.almasb.fxgl.entity.level.tiled.TiledObject@546cc678, com.almasb.fxgl.entity.level.tiled.TiledObject@61d3db51, com.almasb.fxgl.entity.level.tiled.TiledObject@1e39acb1, com.almasb.fxgl.entity.level.tiled.TiledObject@327b6cda, com.almasb.fxgl.entity.level.tiled.TiledObject@9633eb, com.almasb.fxgl.entity.level.tiled.TiledObject@7f6079fb, com.almasb.fxgl.entity.level.tiled.TiledObject@2cef0e82, com.almasb.fxgl.entity.level.tiled.TiledObject@451bba79, com.almasb.fxgl.entity.level.tiled.TiledObject@7423d05a, com.almasb.fxgl.entity.level.tiled.TiledObject@8f0d084, com.almasb.fxgl.entity.level.tiled.TiledObject@5cbf5406, com.almasb.fxgl.entity.level.tiled.TiledObject@44eff59a, com.almasb.fxgl.entity.level.tiled.TiledObject@2e245c5d, com.almasb.fxgl.entity.level.tiled.TiledObject@20dedded, com.almasb.fxgl.entity.level.tiled.TiledObject@6e7b294, com.almasb.fxgl.entity.level.tiled.TiledObject@3d9fc4f7, com.almasb.fxgl.entity.level.tiled.TiledObject@3155a1ad, com.almasb.fxgl.entity.level.tiled.TiledObject@673233df, com.almasb.fxgl.entity.level.tiled.TiledObject@5cfa4ebf, com.almasb.fxgl.entity.level.tiled.TiledObject@1f0181ab], opacity=0.0, draworder=), Layer(width=0, height=0, name=Incroci, type=objectgroup, visible=false, x=0, y=0, data=[], objects=[com.almasb.fxgl.entity.level.tiled.TiledObject@345132f, com.almasb.fxgl.entity.level.tiled.TiledObject@759f7453, com.almasb.fxgl.entity.level.tiled.TiledObject@7b9e43e9, com.almasb.fxgl.entity.level.tiled.TiledObject@688189e8], opacity=0.0, draworder=), Layer(width=0, height=0, name=trafficLight, type=objectgroup, visible=false, x=0, y=0, data=[], objects=[com.almasb.fxgl.entity.level.tiled.TiledObject@437623bc, com.almasb.fxgl.entity.level.tiled.TiledObject@4dc5ea6d, com.almasb.fxgl.entity.level.tiled.TiledObject@444d6937, com.almasb.fxgl.entity.level.tiled.TiledObject@2067669f, com.almasb.fxgl.entity.level.tiled.TiledObject@527edaec, com.almasb.fxgl.entity.level.tiled.TiledObject@308ad44c, com.almasb.fxgl.entity.level.tiled.TiledObject@1fa117bb, com.almasb.fxgl.entity.level.tiled.TiledObject@469c94e, com.almasb.fxgl.entity.level.tiled.TiledObject@20e4da95, com.almasb.fxgl.entity.level.tiled.TiledObject@462a4271, com.almasb.fxgl.entity.level.tiled.TiledObject@51a189c0, com.almasb.fxgl.entity.level.tiled.TiledObject@1bc81903, com.almasb.fxgl.entity.level.tiled.TiledObject@1dfe589d, com.almasb.fxgl.entity.level.tiled.TiledObject@953a899, com.almasb.fxgl.entity.level.tiled.TiledObject@54e1dffa, com.almasb.fxgl.entity.level.tiled.TiledObject@fbac464], opacity=0.0, draworder=)], tilesets=[Tileset(firstgid=1, image=../textures/rsz_tiles_sheet.png, name=rsz_tiles_sheet, tilewidth=125, tileheight=125, imagewidth=875, imageheight=750, margin=0, spacing=0, columns=7, tilecount=42, transparentcolor=41ffef, tiles=[])], backgroundcolor=, renderorder=left-up, nextobjectid=66, version=1, tiledversion=1.4.1, type=map, infinite=false, hexsidelength=0, staggeraxis=, staggerindex=, properties={}, propertytypes={})
02:53:15.186 [FXGL Background Thread 2 ] DEBUG TMXLevelLoader       - Creating tile layer entities
02:53:15.187 [FXGL Background Thread 2 ] DEBUG TilesetLoader        - Loading view for layer Tile Layer 1
02:53:15.190 [FXGL Background Thread 2 ] DEBUG TilesetLoader        - Created buffer with size 2000.0x1125.0
02:53:15.276 [FXGL Background Thread 2 ] DEBUG TilesetLoader        - Writing to buffer: dst=0,0, w=125,h=125, src=250,375
02:53:15.277 [FXGL Background Thread 2 ] DEBUG TilesetLoader        - Writing to buffer: dst=125,0, w=125,h=125, src=250,375
02:53:15.277 [FXGL Background Thread 2 ] DEBUG TilesetLoader        - Writing to buffer: dst=250,0, w=125,h=125, src=250,375
02:53:15.277 [FXGL Background Thread 2 ] DEBUG TilesetLoader        - Writing to buffer: dst=375,0, w=125,h=125, src=500,375
02:53:15.277 [FXGL Background Thread 2 ] DEBUG TilesetLoader        - Writing to buffer: dst=500,0, w=125,h=125, src=500,0
02:53:15.277 [FXGL Background Thread 2 ] DEBUG TilesetLoader        - Writing to buffer: dst=625,0, w=125,h=125, src=750,375
02:53:15.278 [FXGL Background Thread 2 ] DEBUG TilesetLoader        - Writing to buffer: dst=750,0, w=125,h=125, src=250,375
02:53:15.278 [FXGL Background Thread 2 ] DEBUG TilesetLoader        - Writing to buffer: dst=875,0, w=125,h=125, src=250,375
02:53:15.278 [FXGL Background Thread 2 ] DEBUG TilesetLoader        - Writing to buffer: dst=1000,0, w=125,h=125, src=250,375
02:53:15.278 [FXGL Background Thread 2 ] DEBUG TilesetLoader        - Writing to buffer: dst=1125,0, w=125,h=125, src=250,375
02:53:15.279 [FXGL Background Thread 2 ] DEBUG TilesetLoader        - Writing to buffer: dst=1250,0, w=125,h=125, src=250,375
02:53:15.279 [FXGL Background Thread 2 ] DEBUG TilesetLoader        - Writing to buffer: dst=1375,0, w=125,h=125, src=500,375
02:53:15.279 [FXGL Background Thread 2 ] DEBUG TilesetLoader        - Writing to buffer: dst=1500,0, w=125,h=125, src=500,0
02:53:15.279 [FXGL Background Thread 2 ] DEBUG TilesetLoader        - Writing to buffer: dst=1625,0, w=125,h=125, src=750,375
02:53:15.279 [FXGL Background Thread 2 ] DEBUG TilesetLoader        - Writing to buffer: dst=1750,0, w=125,h=125, src=250,375
02:53:15.279 [FXGL Background Thread 2 ] DEBUG TilesetLoader        - Writing to buffer: dst=1875,0, w=125,h=125, src=250,375
02:53:15.280 [FXGL Background Thread 2 ] DEBUG TilesetLoader        - Writing to buffer: dst=0,125, w=125,h=125, src=375,375
02:53:15.280 [FXGL Background Thread 2 ] DEBUG TilesetLoader        - Writing to buffer: dst=125,125, w=125,h=125, src=375,375
02:53:15.280 [FXGL Background Thread 2 ] DEBUG TilesetLoader        - Writing to buffer: dst=250,125, w=125,h=125, src=375,375
02:53:15.280 [FXGL Background Thread 2 ] DEBUG TilesetLoader        - Writing to buffer: dst=375,125, w=125,h=125, src=375,500
02:53:15.280 [FXGL Background Thread 2 ] DEBUG TilesetLoader        - Writing to buffer: dst=500,125, w=125,h=125, src=500,0
02:53:15.280 [FXGL Background Thread 2 ] DEBUG TilesetLoader        - Writing to buffer: dst=625,125, w=125,h=125, src=625,500
02:53:15.281 [FXGL Background Thread 2 ] DEBUG TilesetLoader        - Writing to buffer: dst=750,125, w=125,h=125, src=375,375
02:53:15.281 [FXGL Background Thread 2 ] DEBUG TilesetLoader        - Writing to buffer: dst=875,125, w=125,h=125, src=375,375
02:53:15.281 [FXGL Background Thread 2 ] DEBUG TilesetLoader        - Writing to buffer: dst=1000,125, w=125,h=125, src=375,375
02:53:15.281 [FXGL Background Thread 2 ] DEBUG TilesetLoader        - Writing to buffer: dst=1125,125, w=125,h=125, src=375,375
02:53:15.281 [FXGL Background Thread 2 ] DEBUG TilesetLoader        - Writing to buffer: dst=1250,125, w=125,h=125, src=375,375
02:53:15.281 [FXGL Background Thread 2 ] DEBUG TilesetLoader        - Writing to buffer: dst=1375,125, w=125,h=125, src=375,500
02:53:15.282 [FXGL Background Thread 2 ] DEBUG TilesetLoader        - Writing to buffer: dst=1500,125, w=125,h=125, src=500,0
02:53:15.282 [FXGL Background Thread 2 ] DEBUG TilesetLoader        - Writing to buffer: dst=1625,125, w=125,h=125, src=625,500
02:53:15.282 [FXGL Background Thread 2 ] DEBUG TilesetLoader        - Writing to buffer: dst=1750,125, w=125,h=125, src=375,375
02:53:15.282 [FXGL Background Thread 2 ] DEBUG TilesetLoader        - Writing to buffer: dst=1875,125, w=125,h=125, src=375,375
02:53:15.282 [FXGL Background Thread 2 ] DEBUG TilesetLoader        - Writing to buffer: dst=0,250, w=125,h=125, src=625,0
02:53:15.283 [FXGL Background Thread 2 ] DEBUG TilesetLoader        - Writing to buffer: dst=125,250, w=125,h=125, src=625,0
02:53:15.283 [FXGL Background Thread 2 ] DEBUG TilesetLoader        - Writing to buffer: dst=250,250, w=125,h=125, src=625,0
02:53:15.284 [FXGL Background Thread 2 ] DEBUG TilesetLoader        - Writing to buffer: dst=375,250, w=125,h=125, src=625,0
02:53:15.284 [FXGL Background Thread 2 ] DEBUG TilesetLoader        - Writing to buffer: dst=500,250, w=125,h=125, src=750,0
02:53:15.284 [FXGL Background Thread 2 ] DEBUG TilesetLoader        - Writing to buffer: dst=625,250, w=125,h=125, src=625,0
02:53:15.284 [FXGL Background Thread 2 ] DEBUG TilesetLoader        - Writing to buffer: dst=750,250, w=125,h=125, src=625,0
02:53:15.284 [FXGL Background Thread 2 ] DEBUG TilesetLoader        - Writing to buffer: dst=875,250, w=125,h=125, src=625,0
02:53:15.284 [FXGL Background Thread 2 ] DEBUG TilesetLoader        - Writing to buffer: dst=1000,250, w=125,h=125, src=625,0
02:53:15.284 [FXGL Background Thread 2 ] DEBUG TilesetLoader        - Writing to buffer: dst=1125,250, w=125,h=125, src=625,0
02:53:15.285 [FXGL Background Thread 2 ] DEBUG TilesetLoader        - Writing to buffer: dst=1250,250, w=125,h=125, src=625,0
02:53:15.285 [FXGL Background Thread 2 ] DEBUG TilesetLoader        - Writing to buffer: dst=1375,250, w=125,h=125, src=625,0
02:53:15.285 [FXGL Background Thread 2 ] DEBUG TilesetLoader        - Writing to buffer: dst=1500,250, w=125,h=125, src=750,0
02:53:15.285 [FXGL Background Thread 2 ] DEBUG TilesetLoader        - Writing to buffer: dst=1625,250, w=125,h=125, src=625,0
02:53:15.285 [FXGL Background Thread 2 ] DEBUG TilesetLoader        - Writing to buffer: dst=1750,250, w=125,h=125, src=625,0
02:53:15.285 [FXGL Background Thread 2 ] DEBUG TilesetLoader        - Writing to buffer: dst=1875,250, w=125,h=125, src=625,0
02:53:15.286 [FXGL Background Thread 2 ] DEBUG TilesetLoader        - Writing to buffer: dst=0,375, w=125,h=125, src=625,375
02:53:15.286 [FXGL Background Thread 2 ] DEBUG TilesetLoader        - Writing to buffer: dst=125,375, w=125,h=125, src=625,375
02:53:15.286 [FXGL Background Thread 2 ] DEBUG TilesetLoader        - Writing to buffer: dst=250,375, w=125,h=125, src=625,375
02:53:15.286 [FXGL Background Thread 2 ] DEBUG TilesetLoader        - Writing to buffer: dst=375,375, w=125,h=125, src=500,500
02:53:15.286 [FXGL Background Thread 2 ] DEBUG TilesetLoader        - Writing to buffer: dst=500,375, w=125,h=125, src=500,0
02:53:15.286 [FXGL Background Thread 2 ] DEBUG TilesetLoader        - Writing to buffer: dst=625,375, w=125,h=125, src=750,250
02:53:15.286 [FXGL Background Thread 2 ] DEBUG TilesetLoader        - Writing to buffer: dst=750,375, w=125,h=125, src=625,125
02:53:15.287 [FXGL Background Thread 2 ] DEBUG TilesetLoader        - Writing to buffer: dst=875,375, w=125,h=125, src=625,125
02:53:15.287 [FXGL Background Thread 2 ] DEBUG TilesetLoader        - Writing to buffer: dst=1000,375, w=125,h=125, src=625,125
02:53:15.287 [FXGL Background Thread 2 ] DEBUG TilesetLoader        - Writing to buffer: dst=1125,375, w=125,h=125, src=625,125
02:53:15.287 [FXGL Background Thread 2 ] DEBUG TilesetLoader        - Writing to buffer: dst=1250,375, w=125,h=125, src=625,125
02:53:15.287 [FXGL Background Thread 2 ] DEBUG TilesetLoader        - Writing to buffer: dst=1375,375, w=125,h=125, src=500,250
02:53:15.287 [FXGL Background Thread 2 ] DEBUG TilesetLoader        - Writing to buffer: dst=1500,375, w=125,h=125, src=500,0
02:53:15.287 [FXGL Background Thread 2 ] DEBUG TilesetLoader        - Writing to buffer: dst=1625,375, w=125,h=125, src=750,500
02:53:15.288 [FXGL Background Thread 2 ] DEBUG TilesetLoader        - Writing to buffer: dst=1750,375, w=125,h=125, src=625,375
02:53:15.288 [FXGL Background Thread 2 ] DEBUG TilesetLoader        - Writing to buffer: dst=1875,375, w=125,h=125, src=625,375
02:53:15.288 [FXGL Background Thread 2 ] DEBUG TilesetLoader        - Writing to buffer: dst=0,500, w=125,h=125, src=250,375
02:53:15.288 [FXGL Background Thread 2 ] DEBUG TilesetLoader        - Writing to buffer: dst=125,500, w=125,h=125, src=250,375
02:53:15.288 [FXGL Background Thread 2 ] DEBUG TilesetLoader        - Writing to buffer: dst=250,500, w=125,h=125, src=250,375
02:53:15.288 [FXGL Background Thread 2 ] DEBUG TilesetLoader        - Writing to buffer: dst=375,500, w=125,h=125, src=500,375
02:53:15.288 [FXGL Background Thread 2 ] DEBUG TilesetLoader        - Writing to buffer: dst=500,500, w=125,h=125, src=500,0
02:53:15.289 [FXGL Background Thread 2 ] DEBUG TilesetLoader        - Writing to buffer: dst=625,500, w=125,h=125, src=750,125
02:53:15.289 [FXGL Background Thread 2 ] DEBUG TilesetLoader        - Writing to buffer: dst=750,500, w=125,h=125, src=250,125
02:53:15.289 [FXGL Background Thread 2 ] DEBUG TilesetLoader        - Writing to buffer: dst=875,500, w=125,h=125, src=250,125
02:53:15.289 [FXGL Background Thread 2 ] DEBUG TilesetLoader        - Writing to buffer: dst=1000,500, w=125,h=125, src=250,125
02:53:15.290 [FXGL Background Thread 2 ] DEBUG TilesetLoader        - Writing to buffer: dst=1125,500, w=125,h=125, src=250,125
02:53:15.290 [FXGL Background Thread 2 ] DEBUG TilesetLoader        - Writing to buffer: dst=1250,500, w=125,h=125, src=250,125
02:53:15.290 [FXGL Background Thread 2 ] DEBUG TilesetLoader        - Writing to buffer: dst=1375,500, w=125,h=125, src=500,125
02:53:15.290 [FXGL Background Thread 2 ] DEBUG TilesetLoader        - Writing to buffer: dst=1500,500, w=125,h=125, src=500,0
02:53:15.290 [FXGL Background Thread 2 ] DEBUG TilesetLoader        - Writing to buffer: dst=1625,500, w=125,h=125, src=750,375
02:53:15.291 [FXGL Background Thread 2 ] DEBUG TilesetLoader        - Writing to buffer: dst=1750,500, w=125,h=125, src=250,375
02:53:15.291 [FXGL Background Thread 2 ] DEBUG TilesetLoader        - Writing to buffer: dst=1875,500, w=125,h=125, src=250,375
02:53:15.291 [FXGL Background Thread 2 ] DEBUG TilesetLoader        - Writing to buffer: dst=0,625, w=125,h=125, src=375,375
02:53:15.291 [FXGL Background Thread 2 ] DEBUG TilesetLoader        - Writing to buffer: dst=125,625, w=125,h=125, src=375,375
02:53:15.291 [FXGL Background Thread 2 ] DEBUG TilesetLoader        - Writing to buffer: dst=250,625, w=125,h=125, src=375,375
02:53:15.291 [FXGL Background Thread 2 ] DEBUG TilesetLoader        - Writing to buffer: dst=375,625, w=125,h=125, src=375,500
02:53:15.291 [FXGL Background Thread 2 ] DEBUG TilesetLoader        - Writing to buffer: dst=500,625, w=125,h=125, src=500,0
02:53:15.291 [FXGL Background Thread 2 ] DEBUG TilesetLoader        - Writing to buffer: dst=625,625, w=125,h=125, src=625,250
02:53:15.292 [FXGL Background Thread 2 ] DEBUG TilesetLoader        - Writing to buffer: dst=750,625, w=125,h=125, src=375,125
02:53:15.292 [FXGL Background Thread 2 ] DEBUG TilesetLoader        - Writing to buffer: dst=875,625, w=125,h=125, src=375,125
02:53:15.292 [FXGL Background Thread 2 ] DEBUG TilesetLoader        - Writing to buffer: dst=1000,625, w=125,h=125, src=375,125
02:53:15.292 [FXGL Background Thread 2 ] DEBUG TilesetLoader        - Writing to buffer: dst=1125,625, w=125,h=125, src=375,125
02:53:15.292 [FXGL Background Thread 2 ] DEBUG TilesetLoader        - Writing to buffer: dst=1250,625, w=125,h=125, src=375,125
02:53:15.294 [FXGL Background Thread 2 ] DEBUG TilesetLoader        - Writing to buffer: dst=1375,625, w=125,h=125, src=375,250
02:53:15.294 [FXGL Background Thread 2 ] DEBUG TilesetLoader        - Writing to buffer: dst=1500,625, w=125,h=125, src=500,0
02:53:15.294 [FXGL Background Thread 2 ] DEBUG TilesetLoader        - Writing to buffer: dst=1625,625, w=125,h=125, src=625,500
02:53:15.294 [FXGL Background Thread 2 ] DEBUG TilesetLoader        - Writing to buffer: dst=1750,625, w=125,h=125, src=375,375
02:53:15.294 [FXGL Background Thread 2 ] DEBUG TilesetLoader        - Writing to buffer: dst=1875,625, w=125,h=125, src=375,375
02:53:15.294 [FXGL Background Thread 2 ] DEBUG TilesetLoader        - Writing to buffer: dst=0,750, w=125,h=125, src=625,0
02:53:15.295 [FXGL Background Thread 2 ] DEBUG TilesetLoader        - Writing to buffer: dst=125,750, w=125,h=125, src=625,0
02:53:15.295 [FXGL Background Thread 2 ] DEBUG TilesetLoader        - Writing to buffer: dst=250,750, w=125,h=125, src=625,0
02:53:15.295 [FXGL Background Thread 2 ] DEBUG TilesetLoader        - Writing to buffer: dst=375,750, w=125,h=125, src=625,0
02:53:15.295 [FXGL Background Thread 2 ] DEBUG TilesetLoader        - Writing to buffer: dst=500,750, w=125,h=125, src=750,0
02:53:15.295 [FXGL Background Thread 2 ] DEBUG TilesetLoader        - Writing to buffer: dst=625,750, w=125,h=125, src=625,0
02:53:15.295 [FXGL Background Thread 2 ] DEBUG TilesetLoader        - Writing to buffer: dst=750,750, w=125,h=125, src=625,0
02:53:15.295 [FXGL Background Thread 2 ] DEBUG TilesetLoader        - Writing to buffer: dst=875,750, w=125,h=125, src=625,0
02:53:15.295 [FXGL Background Thread 2 ] DEBUG TilesetLoader        - Writing to buffer: dst=1000,750, w=125,h=125, src=625,0
02:53:15.295 [FXGL Background Thread 2 ] DEBUG TilesetLoader        - Writing to buffer: dst=1125,750, w=125,h=125, src=625,0
02:53:15.295 [FXGL Background Thread 2 ] DEBUG TilesetLoader        - Writing to buffer: dst=1250,750, w=125,h=125, src=625,0
02:53:15.296 [FXGL Background Thread 2 ] DEBUG TilesetLoader        - Writing to buffer: dst=1375,750, w=125,h=125, src=625,0
02:53:15.296 [FXGL Background Thread 2 ] DEBUG TilesetLoader        - Writing to buffer: dst=1500,750, w=125,h=125, src=750,0
02:53:15.296 [FXGL Background Thread 2 ] DEBUG TilesetLoader        - Writing to buffer: dst=1625,750, w=125,h=125, src=625,0
02:53:15.296 [FXGL Background Thread 2 ] DEBUG TilesetLoader        - Writing to buffer: dst=1750,750, w=125,h=125, src=625,0
02:53:15.296 [FXGL Background Thread 2 ] DEBUG TilesetLoader        - Writing to buffer: dst=1875,750, w=125,h=125, src=625,0
02:53:15.296 [FXGL Background Thread 2 ] DEBUG TilesetLoader        - Writing to buffer: dst=0,875, w=125,h=125, src=625,375
02:53:15.296 [FXGL Background Thread 2 ] DEBUG TilesetLoader        - Writing to buffer: dst=125,875, w=125,h=125, src=625,375
02:53:15.297 [FXGL Background Thread 2 ] DEBUG TilesetLoader        - Writing to buffer: dst=250,875, w=125,h=125, src=625,375
02:53:15.297 [FXGL Background Thread 2 ] DEBUG TilesetLoader        - Writing to buffer: dst=375,875, w=125,h=125, src=500,500
02:53:15.297 [FXGL Background Thread 2 ] DEBUG TilesetLoader        - Writing to buffer: dst=500,875, w=125,h=125, src=500,0
02:53:15.297 [FXGL Background Thread 2 ] DEBUG TilesetLoader        - Writing to buffer: dst=625,875, w=125,h=125, src=750,500
02:53:15.297 [FXGL Background Thread 2 ] DEBUG TilesetLoader        - Writing to buffer: dst=750,875, w=125,h=125, src=625,375
02:53:15.297 [FXGL Background Thread 2 ] DEBUG TilesetLoader        - Writing to buffer: dst=875,875, w=125,h=125, src=625,375
02:53:15.297 [FXGL Background Thread 2 ] DEBUG TilesetLoader        - Writing to buffer: dst=1000,875, w=125,h=125, src=625,375
02:53:15.297 [FXGL Background Thread 2 ] DEBUG TilesetLoader        - Writing to buffer: dst=1125,875, w=125,h=125, src=625,375
02:53:15.297 [FXGL Background Thread 2 ] DEBUG TilesetLoader        - Writing to buffer: dst=1250,875, w=125,h=125, src=625,375
02:53:15.299 [FXGL Background Thread 2 ] DEBUG TilesetLoader        - Writing to buffer: dst=1375,875, w=125,h=125, src=500,500
02:53:15.300 [FXGL Background Thread 2 ] DEBUG TilesetLoader        - Writing to buffer: dst=1500,875, w=125,h=125, src=500,0
02:53:15.300 [FXGL Background Thread 2 ] DEBUG TilesetLoader        - Writing to buffer: dst=1625,875, w=125,h=125, src=750,500
02:53:15.300 [FXGL Background Thread 2 ] DEBUG TilesetLoader        - Writing to buffer: dst=1750,875, w=125,h=125, src=625,375
02:53:15.300 [FXGL Background Thread 2 ] DEBUG TilesetLoader        - Writing to buffer: dst=1875,875, w=125,h=125, src=625,375
02:53:15.301 [FXGL Background Thread 2 ] DEBUG TilesetLoader        - Writing to buffer: dst=0,1000, w=125,h=125, src=250,375
02:53:15.301 [FXGL Background Thread 2 ] DEBUG TilesetLoader        - Writing to buffer: dst=125,1000, w=125,h=125, src=250,375
02:53:15.301 [FXGL Background Thread 2 ] DEBUG TilesetLoader        - Writing to buffer: dst=250,1000, w=125,h=125, src=250,375
02:53:15.301 [FXGL Background Thread 2 ] DEBUG TilesetLoader        - Writing to buffer: dst=375,1000, w=125,h=125, src=500,375
02:53:15.301 [FXGL Background Thread 2 ] DEBUG TilesetLoader        - Writing to buffer: dst=500,1000, w=125,h=125, src=500,0
02:53:15.301 [FXGL Background Thread 2 ] DEBUG TilesetLoader        - Writing to buffer: dst=625,1000, w=125,h=125, src=750,375
02:53:15.301 [FXGL Background Thread 2 ] DEBUG TilesetLoader        - Writing to buffer: dst=750,1000, w=125,h=125, src=250,375
02:53:15.301 [FXGL Background Thread 2 ] DEBUG TilesetLoader        - Writing to buffer: dst=875,1000, w=125,h=125, src=250,375
02:53:15.301 [FXGL Background Thread 2 ] DEBUG TilesetLoader        - Writing to buffer: dst=1000,1000, w=125,h=125, src=250,375
02:53:15.301 [FXGL Background Thread 2 ] DEBUG TilesetLoader        - Writing to buffer: dst=1125,1000, w=125,h=125, src=250,375
02:53:15.302 [FXGL Background Thread 2 ] DEBUG TilesetLoader        - Writing to buffer: dst=1250,1000, w=125,h=125, src=250,375
02:53:15.302 [FXGL Background Thread 2 ] DEBUG TilesetLoader        - Writing to buffer: dst=1375,1000, w=125,h=125, src=500,375
02:53:15.302 [FXGL Background Thread 2 ] DEBUG TilesetLoader        - Writing to buffer: dst=1500,1000, w=125,h=125, src=500,0
02:53:15.302 [FXGL Background Thread 2 ] DEBUG TilesetLoader        - Writing to buffer: dst=1625,1000, w=125,h=125, src=750,375
02:53:15.302 [FXGL Background Thread 2 ] DEBUG TilesetLoader        - Writing to buffer: dst=1750,1000, w=125,h=125, src=250,375
02:53:15.302 [FXGL Background Thread 2 ] DEBUG TilesetLoader        - Writing to buffer: dst=1875,1000, w=125,h=125, src=250,375
02:53:15.302 [FXGL Background Thread 2 ] DEBUG TMXLevelLoader       - Creating object layer entities
02:53:15.342 [FXGL Background Thread 2 ] DEBUG FXGLAssetLoaderServi - Loading from file system: /assets/textures/semaforoRosso-01.png
02:53:15.345 [FXGL Background Thread 2 ] DEBUG FXGLAssetLoaderServi - Loading from file system: /assets/textures/semaforoVerde-01.png
02:53:15.348 [FXGL Background Thread 2 ] DEBUG FXGLAssetLoaderServi - Loading from cache: /assets/textures/semaforoRosso-01.png
02:53:15.349 [FXGL Background Thread 2 ] DEBUG FXGLAssetLoaderServi - Loading from cache: /assets/textures/semaforoVerde-01.png
02:53:15.356 [FXGL Background Thread 2 ] DEBUG FXGLAssetLoaderServi - Loading from cache: /assets/textures/semaforoRosso-01.png
02:53:15.356 [FXGL Background Thread 2 ] DEBUG FXGLAssetLoaderServi - Loading from cache: /assets/textures/semaforoVerde-01.png
02:53:15.357 [FXGL Background Thread 2 ] DEBUG FXGLAssetLoaderServi - Loading from cache: /assets/textures/semaforoRosso-01.png
02:53:15.357 [FXGL Background Thread 2 ] DEBUG FXGLAssetLoaderServi - Loading from cache: /assets/textures/semaforoVerde-01.png
02:53:15.360 [FXGL Background Thread 2 ] DEBUG FXGLAssetLoaderServi - Loading from file system: /assets/textures/semaforoRosso-04.png
02:53:15.362 [FXGL Background Thread 2 ] DEBUG FXGLAssetLoaderServi - Loading from file system: /assets/textures/semaforoVerde-04.png
02:53:15.365 [FXGL Background Thread 2 ] DEBUG FXGLAssetLoaderServi - Loading from cache: /assets/textures/semaforoRosso-04.png
02:53:15.365 [FXGL Background Thread 2 ] DEBUG FXGLAssetLoaderServi - Loading from cache: /assets/textures/semaforoVerde-04.png
02:53:15.367 [FXGL Background Thread 2 ] DEBUG FXGLAssetLoaderServi - Loading from cache: /assets/textures/semaforoRosso-04.png
02:53:15.367 [FXGL Background Thread 2 ] DEBUG FXGLAssetLoaderServi - Loading from cache: /assets/textures/semaforoVerde-04.png
02:53:15.367 [FXGL Background Thread 2 ] DEBUG FXGLAssetLoaderServi - Loading from cache: /assets/textures/semaforoRosso-04.png
02:53:15.368 [FXGL Background Thread 2 ] DEBUG FXGLAssetLoaderServi - Loading from cache: /assets/textures/semaforoVerde-04.png
02:53:15.368 [FXGL Background Thread 2 ] DEBUG FXGLAssetLoaderServi - Loading from file system: /assets/textures/semaforoRosso-03.png
02:53:15.369 [FXGL Background Thread 2 ] DEBUG FXGLAssetLoaderServi - Loading from file system: /assets/textures/semaforoVerde-03.png
02:53:15.371 [FXGL Background Thread 2 ] DEBUG FXGLAssetLoaderServi - Loading from cache: /assets/textures/semaforoRosso-03.png
02:53:15.372 [FXGL Background Thread 2 ] DEBUG FXGLAssetLoaderServi - Loading from cache: /assets/textures/semaforoVerde-03.png
02:53:15.372 [FXGL Background Thread 2 ] DEBUG FXGLAssetLoaderServi - Loading from cache: /assets/textures/semaforoRosso-03.png
02:53:15.372 [FXGL Background Thread 2 ] DEBUG FXGLAssetLoaderServi - Loading from cache: /assets/textures/semaforoVerde-03.png
02:53:15.373 [FXGL Background Thread 2 ] DEBUG FXGLAssetLoaderServi - Loading from cache: /assets/textures/semaforoRosso-03.png
02:53:15.373 [FXGL Background Thread 2 ] DEBUG FXGLAssetLoaderServi - Loading from cache: /assets/textures/semaforoVerde-03.png
02:53:15.374 [FXGL Background Thread 2 ] DEBUG FXGLAssetLoaderServi - Loading from file system: /assets/textures/semaforoRosso-02.png
02:53:15.376 [FXGL Background Thread 2 ] DEBUG FXGLAssetLoaderServi - Loading from file system: /assets/textures/semaforoVerde-02.png
02:53:15.377 [FXGL Background Thread 2 ] DEBUG FXGLAssetLoaderServi - Loading from cache: /assets/textures/semaforoRosso-02.png
02:53:15.377 [FXGL Background Thread 2 ] DEBUG FXGLAssetLoaderServi - Loading from cache: /assets/textures/semaforoVerde-02.png
02:53:15.378 [FXGL Background Thread 2 ] DEBUG FXGLAssetLoaderServi - Loading from cache: /assets/textures/semaforoRosso-02.png
02:53:15.378 [FXGL Background Thread 2 ] DEBUG FXGLAssetLoaderServi - Loading from cache: /assets/textures/semaforoVerde-02.png
02:53:15.379 [FXGL Background Thread 2 ] DEBUG FXGLAssetLoaderServi - Loading from cache: /assets/textures/semaforoRosso-02.png
02:53:15.379 [FXGL Background Thread 2 ] DEBUG FXGLAssetLoaderServi - Loading from cache: /assets/textures/semaforoVerde-02.png
02:53:15.382 [FXGL Background Thread 2 ] DEBUG GameWorld            - Clearing removable entities
02:53:15.382 [FXGL Background Thread 2 ] DEBUG GameWorld            - Setting level: com.almasb.fxgl.entity.level.Level@5f256db6
02:53:15.387 [FXGL Background Thread 2 ] DEBUG FXGLAssetLoaderServi - Loading from file system: /assets/textures/pointer-sprite.png
02:53:15.409 [FXGL Background Thread 2 ] INFO  FXGLApplication      - Game initialization took: 0,264 sec
02:53:15.409 [JavaFX Application Thread] DEBUG Input                - Clearing active input actions
02:53:15.416 [JavaFX Application Thread] DEBUG GameApplicationServi - Removing overlay from FXGLLoadingScene and adding to GameScene
02:53:15.419 [JavaFX Application Thread] DEBUG MainWindow           - FXGLLoadingScene -> GameScene
02:53:16.806 [FXGL Background Thread 3 ] DEBUG Engine               - Logging environment variables
02:53:16.807 [FXGL Background Thread 3 ] DEBUG Engine               - achievements: []
02:53:16.808 [FXGL Background Thread 3 ] DEBUG Engine               - appIcon: fxgl_icon.png
02:53:16.808 [FXGL Background Thread 3 ] DEBUG Engine               - applicationMode: DEVELOPER
02:53:16.808 [FXGL Background Thread 3 ] DEBUG Engine               - cSSList: [fxgl_dark.css]
02:53:16.808 [FXGL Background Thread 3 ] DEBUG Engine               - configClass: Optional.empty
02:53:16.808 [FXGL Background Thread 3 ] DEBUG Engine               - credits: []
02:53:16.809 [FXGL Background Thread 3 ] DEBUG Engine               - devBBoxColorProperty: ObjectProperty [value: 0xff0000ff]
02:53:16.811 [FXGL Background Thread 3 ] DEBUG Engine               - devEnableDebugCameraProperty: BooleanProperty [value: false]
02:53:16.811 [FXGL Background Thread 3 ] DEBUG Engine               - devSensorColorProperty: ObjectProperty [value: 0xffff00ff]
02:53:16.811 [FXGL Background Thread 3 ] DEBUG Engine               - devShowBBoxProperty: BooleanProperty [value: false]
02:53:16.811 [FXGL Background Thread 3 ] DEBUG Engine               - devShowPositionProperty: BooleanProperty [value: false]
02:53:16.811 [FXGL Background Thread 3 ] DEBUG Engine               - enabledMenuItems: [SAVE_LOAD, EXTRA, ONLINE]
02:53:16.811 [FXGL Background Thread 3 ] DEBUG Engine               - engineServices: [class com.almasb.fxgl.app.FXGLApplication$GameApplicationService, class com.almasb.fxgl.app.services.FXGLDialogService, class com.almasb.fxgl.app.services.IOTaskExecutorService, class com.almasb.fxgl.event.EventBusService, class com.almasb.fxgl.io.FileSystemService, class com.almasb.fxgl.localization.LocalizationService, class com.almasb.fxgl.app.services.FXGLAssetLoaderService, class com.almasb.fxgl.app.services.SystemBundleService, class com.almasb.fxgl.profile.SaveLoadService, class com.almasb.fxgl.ui.FXGLUIFactoryServiceProvider, class com.almasb.fxgl.ui.FXGLDialogFactoryServiceProvider, class com.almasb.fxgl.audio.AudioPlayer, class com.almasb.fxgl.notification.impl.NotificationServiceProvider, class com.almasb.fxgl.achievement.AchievementService, class com.almasb.fxgl.cutscene.CutsceneService, class com.almasb.fxgl.minigames.MiniGameService, class com.almasb.fxgl.net.NetService, class com.almasb.fxgl.app.services.UpdaterService, class com.almasb.fxgl.dev.DevService]
02:53:16.811 [FXGL Background Thread 3 ] DEBUG Engine               - fontGame: Abel-Regular.ttf
02:53:16.811 [FXGL Background Thread 3 ] DEBUG Engine               - fontMono: lucida_console.ttf
02:53:16.811 [FXGL Background Thread 3 ] DEBUG Engine               - fontText: Courier-Prime.ttf
02:53:16.811 [FXGL Background Thread 3 ] DEBUG Engine               - fontUI: VarelaRound-Regular.ttf
02:53:16.813 [FXGL Background Thread 3 ] DEBUG Engine               - fullScreen: BooleanProperty [value: false]
02:53:16.813 [FXGL Background Thread 3 ] DEBUG Engine               - gameDifficulty: MEDIUM
02:53:16.813 [FXGL Background Thread 3 ] DEBUG Engine               - gameDifficultyProperty: ObjectProperty [value: MEDIUM]
02:53:16.813 [FXGL Background Thread 3 ] DEBUG Engine               - globalMusicVolume: 0.5
02:53:16.813 [FXGL Background Thread 3 ] DEBUG Engine               - globalMusicVolumeProperty: DoubleProperty [value: 0.5]
02:53:16.813 [FXGL Background Thread 3 ] DEBUG Engine               - globalSoundVolume: 0.5
02:53:16.816 [FXGL Background Thread 3 ] DEBUG Engine               - globalSoundVolumeProperty: DoubleProperty [value: 0.5]
02:53:16.816 [FXGL Background Thread 3 ] DEBUG Engine               - height: 1125
02:53:16.816 [FXGL Background Thread 3 ] DEBUG Engine               - isAndroid: false
02:53:16.816 [FXGL Background Thread 3 ] DEBUG Engine               - isBrowser: false
02:53:16.818 [FXGL Background Thread 3 ] DEBUG Engine               - isClickFeedbackEnabled: false
02:53:16.818 [FXGL Background Thread 3 ] DEBUG Engine               - isCloseConfirmation: false
02:53:16.819 [FXGL Background Thread 3 ] DEBUG Engine               - isDesktop: true
02:53:16.819 [FXGL Background Thread 3 ] DEBUG Engine               - isDeveloperMenuEnabled: true
02:53:16.819 [FXGL Background Thread 3 ] DEBUG Engine               - isEntityPreloadEnabled: true
02:53:16.819 [FXGL Background Thread 3 ] DEBUG Engine               - isExperimentalNative: false
02:53:16.820 [FXGL Background Thread 3 ] DEBUG Engine               - isExperimentalTiledLargeMap: false
02:53:16.820 [FXGL Background Thread 3 ] DEBUG Engine               - isFileSystemWriteAllowed: true
02:53:16.820 [FXGL Background Thread 3 ] DEBUG Engine               - isFullScreenAllowed: false
02:53:16.820 [FXGL Background Thread 3 ] DEBUG Engine               - isFullScreenFromStart: false
02:53:16.820 [FXGL Background Thread 3 ] DEBUG Engine               - isGameMenuEnabled: true
02:53:16.820 [FXGL Background Thread 3 ] DEBUG Engine               - isIOS: false
02:53:16.821 [FXGL Background Thread 3 ] DEBUG Engine               - isIntroEnabled: false
02:53:16.821 [FXGL Background Thread 3 ] DEBUG Engine               - isLinux: false
02:53:16.821 [FXGL Background Thread 3 ] DEBUG Engine               - isMac: false
02:53:16.821 [FXGL Background Thread 3 ] DEBUG Engine               - isMainMenuEnabled: true
02:53:16.821 [FXGL Background Thread 3 ] DEBUG Engine               - isManualResizeEnabled: true
02:53:16.821 [FXGL Background Thread 3 ] DEBUG Engine               - isMobile: false
02:53:16.821 [FXGL Background Thread 3 ] DEBUG Engine               - isPreserveResizeRatio: true
02:53:16.821 [FXGL Background Thread 3 ] DEBUG Engine               - isProfilingEnabled: false
02:53:16.821 [FXGL Background Thread 3 ] DEBUG Engine               - isSingleStep: false
02:53:16.821 [FXGL Background Thread 3 ] DEBUG Engine               - isUserProfileEnabled: false
02:53:16.822 [FXGL Background Thread 3 ] DEBUG Engine               - isWindows: true
02:53:16.822 [FXGL Background Thread 3 ] DEBUG Engine               - language: ObjectProperty [value: ENGLISH]
02:53:16.822 [FXGL Background Thread 3 ] DEBUG Engine               - menuKey: ESCAPE
02:53:16.822 [FXGL Background Thread 3 ] DEBUG Engine               - notificationViewClass: class com.almasb.fxgl.notification.view.XboxNotificationView
02:53:16.822 [FXGL Background Thread 3 ] DEBUG Engine               - pixelsPerMeter: 50.0
02:53:16.822 [FXGL Background Thread 3 ] DEBUG Engine               - platform: WINDOWS
02:53:16.822 [FXGL Background Thread 3 ] DEBUG Engine               - profileDir: profiles/
02:53:16.822 [FXGL Background Thread 3 ] DEBUG Engine               - profileName: StringProperty [value: DEFAULT]
02:53:16.822 [FXGL Background Thread 3 ] DEBUG Engine               - randomSeed: -1
02:53:16.822 [FXGL Background Thread 3 ] DEBUG Engine               - runtimeInfo: RuntimeInfo(platform=WINDOWS, version=dev-SNAPSHOT, build=08.09.2020 17.31)
02:53:16.822 [FXGL Background Thread 3 ] DEBUG Engine               - saveFileExt: sav
02:53:16.823 [FXGL Background Thread 3 ] DEBUG Engine               - sceneFactory: it.uniroma1.metodologie.trafficGame.TrafficApp$1@7439d3e7
02:53:16.823 [FXGL Background Thread 3 ] DEBUG Engine               - secondsIn24h: 60
02:53:16.825 [FXGL Background Thread 3 ] DEBUG Engine               - soundMenuBack: menu/back.wav
02:53:16.825 [FXGL Background Thread 3 ] DEBUG Engine               - soundMenuPress: menu/press.wav
02:53:16.826 [FXGL Background Thread 3 ] DEBUG Engine               - soundMenuSelect: menu/select.wav
02:53:16.826 [FXGL Background Thread 3 ] DEBUG Engine               - soundNotification: core/notification.wav
02:53:16.826 [FXGL Background Thread 3 ] DEBUG Engine               - stageStyle: DECORATED
02:53:16.826 [FXGL Background Thread 3 ] DEBUG Engine               - supportedLanguages: [ENGLISH, FRENCH, GERMAN, HUNGARIAN, RUSSIAN]
02:53:16.826 [FXGL Background Thread 3 ] DEBUG Engine               - title: Traffic
02:53:16.826 [FXGL Background Thread 3 ] DEBUG Engine               - urlGithub: https://github.com/AlmasB/FXGL
02:53:16.826 [FXGL Background Thread 3 ] DEBUG Engine               - urlLeaderboard: http://fxgl-top.herokuapp.com/
02:53:16.826 [FXGL Background Thread 3 ] DEBUG Engine               - urlPOM: https://raw.githubusercontent.com/AlmasB/FXGL/master/pom.xml
02:53:16.826 [FXGL Background Thread 3 ] DEBUG Engine               - version: Alpha 1.0
02:53:16.826 [FXGL Background Thread 3 ] DEBUG Engine               - versionCheckDays: 7
02:53:16.826 [FXGL Background Thread 3 ] DEBUG Engine               - width: 2000
02:53:16.826 [FXGL Background Thread 3 ] DEBUG Engine               - Logging services
02:53:16.827 [FXGL Background Thread 3 ] DEBUG Engine               - class com.almasb.fxgl.app.FXGLApplication$GameApplicationService
02:53:16.827 [FXGL Background Thread 3 ] DEBUG Engine               - class com.almasb.fxgl.app.services.FXGLDialogService
02:53:16.827 [FXGL Background Thread 3 ] DEBUG Engine               - class com.almasb.fxgl.app.services.IOTaskExecutorService
02:53:16.827 [FXGL Background Thread 3 ] DEBUG Engine               - class com.almasb.fxgl.event.EventBusService
02:53:16.827 [FXGL Background Thread 3 ] DEBUG Engine               - class com.almasb.fxgl.io.FileSystemService
02:53:16.827 [FXGL Background Thread 3 ] DEBUG Engine               - class com.almasb.fxgl.localization.LocalizationService
02:53:16.827 [FXGL Background Thread 3 ] DEBUG Engine               - class com.almasb.fxgl.app.services.FXGLAssetLoaderService
02:53:16.827 [FXGL Background Thread 3 ] DEBUG Engine               - class com.almasb.fxgl.app.services.SystemBundleService
02:53:16.827 [FXGL Background Thread 3 ] DEBUG Engine               - class com.almasb.fxgl.profile.SaveLoadService
02:53:16.827 [FXGL Background Thread 3 ] DEBUG Engine               - class com.almasb.fxgl.ui.FXGLUIFactoryServiceProvider
02:53:16.827 [FXGL Background Thread 3 ] DEBUG Engine               - class com.almasb.fxgl.ui.FXGLDialogFactoryServiceProvider
02:53:16.827 [FXGL Background Thread 3 ] DEBUG Engine               - class com.almasb.fxgl.audio.AudioPlayer
02:53:16.827 [FXGL Background Thread 3 ] DEBUG Engine               - class com.almasb.fxgl.notification.impl.NotificationServiceProvider
02:53:16.827 [FXGL Background Thread 3 ] DEBUG Engine               - class com.almasb.fxgl.achievement.AchievementService
02:53:16.827 [FXGL Background Thread 3 ] DEBUG Engine               - class com.almasb.fxgl.cutscene.CutsceneService
02:53:16.827 [FXGL Background Thread 3 ] DEBUG Engine               - class com.almasb.fxgl.minigames.MiniGameService
02:53:16.827 [FXGL Background Thread 3 ] DEBUG Engine               - class com.almasb.fxgl.net.NetService
02:53:16.827 [FXGL Background Thread 3 ] DEBUG Engine               - class com.almasb.fxgl.app.services.UpdaterService
02:53:16.827 [FXGL Background Thread 3 ] DEBUG Engine               - class com.almasb.fxgl.dev.DevService
02:53:20.757 [JavaFX Application Thread] DEBUG FXGLApplication      - Exiting FXGL
02:53:20.757 [JavaFX Application Thread] DEBUG LoopRunner           - Stopping loop
02:53:20.757 [JavaFX Application Thread] DEBUG SystemBundleService  - Saving FXGL system data
02:53:20.758 [JavaFX Application Thread] DEBUG FileSystemAccess     - Writing to: C:\Users\Andrea\Desktop\Homework\traffic-mobile\system\fxgl.bundle
02:53:20.760 [JavaFX Application Thread] DEBUG Async                - Shutting down background threads
02:53:20.760 [JavaFX Application Thread] DEBUG MainWindow           - Closing main window
02:53:20.771 [JavaFX Application Thread] DEBUG Logger               - Closing Logger
