02:54:43.010 [main                     ] DEBUG Logger               - Configured Logger
02:54:43.022 [main                     ] DEBUG GameApplication      - Logging settings
Title: Traffic
Version: Alpha 1.0
Width: 2000
Height: 1125
Fullscreen: false
Intro: false
Profiling: false
Single step:false
App Mode: DEVELOPER
Menu Key: ESCAPE
Stage Style: DECORATED
Scene Factory: class it.uniroma1.metodologie.trafficGame.TrafficApp$1

02:54:43.359 [JavaFX Application Thread] DEBUG FXGLApplication      - Initializing FXGL
02:54:43.365 [JavaFX Application Thread] INFO  Engine               - FXGL-dev-SNAPSHOT (08.09.2020 17.31) on WINDOWS (J:13.0.2 FX:14)
02:54:43.365 [JavaFX Application Thread] DEBUG Engine               - JRE Vendor Name: Oracle Corporation
02:54:43.366 [JavaFX Application Thread] DEBUG Engine               - Running on OS: Windows 10 version 10.0
02:54:43.366 [JavaFX Application Thread] DEBUG Engine               - Architecture: amd64
02:54:43.366 [JavaFX Application Thread] INFO  Engine               - Source code and latest versions at: https://github.com/AlmasB/FXGL
02:54:43.366 [JavaFX Application Thread] INFO  Engine               -              Join the FXGL chat at: https://gitter.im/AlmasB/FXGL
02:54:43.443 [JavaFX Application Thread] DEBUG MainWindow           - Creating a JavaFX scene
02:54:43.480 [JavaFX Application Thread] DEBUG MainWindow           - Target settings size: 2000.0 x 1125.0
02:54:43.480 [JavaFX Application Thread] DEBUG MainWindow           - Scaled scene size:    2000.0 x 1125.0
02:54:43.480 [JavaFX Application Thread] DEBUG MainWindow           - Scaled ratio: (1.0, 1.0)
02:54:43.481 [JavaFX Application Thread] DEBUG MainWindow           - Set initial scene to StartupScene
02:54:43.485 [JavaFX Application Thread] DEBUG MainWindow           - Opening main window
02:54:43.552 [JavaFX Application Thread] DEBUG MainWindow           - Window border size: (16.0, 39.0)
02:54:43.552 [JavaFX Application Thread] DEBUG MainWindow           - Scaled size: 2000.0 x 1125.0
02:54:43.553 [JavaFX Application Thread] DEBUG MainWindow           - Scaled ratio: (1.0, 1.0)
02:54:43.553 [JavaFX Application Thread] DEBUG MainWindow           - Scene size: 2000.0 x 1125.0
02:54:43.553 [JavaFX Application Thread] DEBUG MainWindow           - Stage size: 2016.0 x 1164.0
02:54:43.575 [FXGL Background Thread 1 ] DEBUG Engine               - Initializing environment variables
02:54:43.597 [FXGL Background Thread 1 ] DEBUG GameApplicationServi - Applying CSS: fxgl_dark.css
02:54:43.599 [FXGL Background Thread 1 ] DEBUG FXGLAssetLoaderServi - Loading from file system: /assets/ui/css/fxgl_dark.css
02:54:43.639 [FXGL Background Thread 1 ] DEBUG GameApplicationServi - Initializing application scenes
02:54:43.723 [FXGL Background Thread 1 ] DEBUG GameWorld            - Game world initialized
02:54:43.760 [FXGL Background Thread 1 ] DEBUG PhysicsWorld         - Physics world initialized: appHeight=1125, physics.ppm=50,0
02:54:43.763 [FXGL Background Thread 1 ] DEBUG GameScene            - Game scene initialized: 2000x1125
02:54:43.772 [FXGL Background Thread 1 ] DEBUG FXGLAssetLoaderServi - Loading from file system: /assets/textures/bg.jpg
02:54:44.063 [FXGL Background Thread 1 ] DEBUG FXGLAssetLoaderServi - Loading from file system: /assets/textures/logo.png
02:54:44.157 [FXGL Background Thread 1 ] DEBUG FXGLAssetLoaderServi - Loading from file system: /assets/textures/particles/trace_horizontal.png
02:54:44.177 [FXGL Background Thread 1 ] DEBUG FXGL.DefaultMenu     - createMenuBodyGameMenu()
02:54:44.187 [FXGL Background Thread 1 ] DEBUG FXGL.DefaultMenu     - createOptionsMenu()
02:54:44.190 [FXGL Background Thread 1 ] DEBUG FXGL.DefaultMenu     - createExtraMenu()
02:54:44.192 [FXGL Background Thread 1 ] DEBUG FXGLAssetLoaderServi - Loading from file system: /assets/textures/particles/smoke.png
02:54:44.232 [FXGL Background Thread 1 ] DEBUG GameApplicationServi - Application scenes initialized
02:54:44.240 [FXGL Background Thread 1 ] DEBUG SystemBundleService  - Loading FXGL system data
02:54:44.243 [FXGL Background Thread 1 ] DEBUG FileSystemAccess     - Reading from: C:\Users\Andrea\Desktop\Homework\traffic-mobile\system\fxgl.bundle
02:54:44.249 [FXGL Background Thread 1 ] DEBUG SystemBundleService  - Bundle FXGL: {}
02:54:44.249 [FXGL Background Thread 1 ] DEBUG UpdaterService       - Checking for updates
02:54:44.271 [FXGL Background Thread 4 ] DEBUG FXGLApplication      - Loading fonts
02:54:44.272 [FXGL Background Thread 1 ] DEBUG FXGLApplication      - Loading default localization
02:54:44.272 [FXGL Background Thread 4 ] DEBUG FXGLAssetLoaderServi - Loading from file system: /assets/ui/fonts/VarelaRound-Regular.ttf
02:54:44.272 [FXGL Background Thread 1 ] DEBUG FXGLAssetLoaderServi - Loading from file system: /assets/languages/english.lang
02:54:44.284 [FXGL Background Thread 1 ] INFO  FXGLApplication      - FXGL initialization took: 0,709 sec
02:54:44.289 [JavaFX Application Thread] DEBUG Input                - Registered new binding: Change trafficlight status - F
02:54:44.289 [JavaFX Application Thread] DEBUG Input                - Registered new binding: Move Right - D
02:54:44.289 [JavaFX Application Thread] DEBUG Input                - Registered new binding: Move Left - A
02:54:44.290 [JavaFX Application Thread] DEBUG Input                - Registered new binding: Move Up - W
02:54:44.290 [JavaFX Application Thread] DEBUG Input                - Registered new binding: Move Down - S
02:54:44.290 [JavaFX Application Thread] DEBUG Input                - Registered new binding: Spawn Car - Space
02:54:44.291 [JavaFX Application Thread] DEBUG Input                - Registered new binding: Select and change traffic light - LMB
02:54:44.291 [JavaFX Application Thread] DEBUG FXGLAssetLoaderServi - Loading from file system: /assets/textures/fxgl_icon.png
02:54:44.299 [JavaFX Application Thread] DEBUG FXGLAssetLoaderServi - Loading from file system: /assets/ui/cursors/fxgl_default.png
02:54:44.300 [JavaFX Application Thread] DEBUG Input                - Registered new binding: Screenshot - P
02:54:44.301 [JavaFX Application Thread] DEBUG Input                - Registered new binding: Dev Options - 1
02:54:44.301 [JavaFX Application Thread] DEBUG Input                - Registered new binding: Dev Console - 2
02:54:44.301 [JavaFX Application Thread] DEBUG Input                - Registered new binding: System info dump - CTRL+9
02:54:44.301 [JavaFX Application Thread] DEBUG Input                - Registered new binding: Restart - CTRL+R
02:54:44.302 [JavaFX Application Thread] DEBUG Input                - Registered new binding: Toggle Debug Camera - CTRL+C
02:54:44.305 [JavaFX Application Thread] DEBUG LoopRunner           - Starting loop
02:54:44.315 [JavaFX Application Thread] DEBUG Input                - Clearing active input actions
02:54:44.321 [JavaFX Application Thread] DEBUG GameApplicationServi - Removing overlay from StartupScene and adding to FXGLMainMenuDummyScene
02:54:44.324 [JavaFX Application Thread] DEBUG MainWindow           - StartupScene -> FXGLMainMenuDummyScene
02:54:44.324 [JavaFX Application Thread] DEBUG MainWindow           - Push state: TrafficAppMenu
02:54:44.324 [JavaFX Application Thread] DEBUG Input                - Clearing active input actions
02:54:44.332 [JavaFX Application Thread] DEBUG GameApplicationServi - Removing overlay from FXGLMainMenuDummyScene and adding to TrafficAppMenu
02:54:44.333 [JavaFX Application Thread] DEBUG MainWindow           - FXGLMainMenuDummyScene -> TrafficAppMenu
02:54:44.875 [FXGL Background Thread 4 ] DEBUG FXGLAssetLoaderServi - Loading from file system: /assets/ui/fonts/Abel-Regular.ttf
02:54:44.877 [FXGL Background Thread 4 ] DEBUG FXGLAssetLoaderServi - Loading from file system: /assets/ui/fonts/lucida_console.ttf
02:54:44.882 [FXGL Background Thread 4 ] DEBUG FXGLAssetLoaderServi - Loading from file system: /assets/ui/fonts/Courier-Prime.ttf
02:54:44.885 [JavaFX Application Thread] DEBUG FXGLApplication      - Registering font factories with UI factory
02:54:44.919 [JavaFX Application Thread] DEBUG Menu                 - fireNewGame()
02:54:44.919 [JavaFX Application Thread] DEBUG GameApplicationServi - Starting new game
02:54:44.920 [JavaFX Application Thread] DEBUG MainWindow           - Pop state: TrafficAppMenu
02:54:44.920 [JavaFX Application Thread] DEBUG Input                - Clearing active input actions
02:54:44.921 [JavaFX Application Thread] DEBUG GameApplicationServi - Removing overlay from TrafficAppMenu and adding to FXGLMainMenuDummyScene
02:54:44.923 [JavaFX Application Thread] DEBUG MainWindow           - FXGLMainMenuDummyScene <- TrafficAppMenu
02:54:44.923 [JavaFX Application Thread] DEBUG Input                - Clearing active input actions
02:54:44.928 [JavaFX Application Thread] DEBUG GameApplicationServi - Removing overlay from FXGLMainMenuDummyScene and adding to FXGLLoadingScene
02:54:44.928 [JavaFX Application Thread] DEBUG MainWindow           - FXGLMainMenuDummyScene -> FXGLLoadingScene
02:54:44.929 [JavaFX Application Thread] DEBUG GameApplicationServi - Clearing previous game
02:54:44.929 [JavaFX Application Thread] DEBUG GameScene            - Clearing game scene
02:54:44.929 [JavaFX Application Thread] DEBUG GameWorld            - Clearing game world
02:54:44.929 [JavaFX Application Thread] DEBUG PhysicsWorld         - Clearing physics world
02:54:44.930 [FXGL Background Thread 4 ] DEBUG FXGLApplication      - Initializing game
02:54:44.937 [FXGL Background Thread 4 ] DEBUG FXGLAssetLoaderServi - Loading from file system: /assets/levels/Mappa_01.tmx
02:54:44.975 [FXGL Background Thread 4 ] WARN  TMXLevelLoader       - TiledMap generated from 1.4.1. Supported version: 1.2.3. Some features may not be parsed fully.
02:54:45.001 [FXGL Background Thread 4 ] DEBUG TMXLevelLoader       - Parsed raw map: TiledMap(width=16, height=9, tilewidth=125, tileheight=125, orientation=orthogonal, layers=[Layer(width=16, height=9, name=Tile Layer 1, type=tilelayer, visible=false, x=0, y=0, data=[24, 24, 24, 26, 5, 28, 24, 24, 24, 24, 24, 26, 5, 28, 24, 24, 25, 25, 25, 32, 5, 34, 25, 25, 25, 25, 25, 32, 5, 34, 25, 25, 6, 6, 6, 6, 7, 6, 6, 6, 6, 6, 6, 6, 7, 6, 6, 6, 27, 27, 27, 33, 5, 21, 13, 13, 13, 13, 13, 19, 5, 35, 27, 27, 24, 24, 24, 26, 5, 14, 10, 10, 10, 10, 10, 12, 5, 28, 24, 24, 25, 25, 25, 32, 5, 20, 11, 11, 11, 11, 11, 18, 5, 34, 25, 25, 6, 6, 6, 6, 7, 6, 6, 6, 6, 6, 6, 6, 7, 6, 6, 6, 27, 27, 27, 33, 5, 35, 27, 27, 27, 27, 27, 33, 5, 35, 27, 27, 24, 24, 24, 26, 5, 28, 24, 24, 24, 24, 24, 26, 5, 28, 24, 24], objects=[], opacity=0.0, draworder=), Layer(width=0, height=0, name=spawnpoints, type=objectgroup, visible=false, x=0, y=0, data=[], objects=[com.almasb.fxgl.entity.level.tiled.TiledObject@5dd54144, com.almasb.fxgl.entity.level.tiled.TiledObject@4e8995f0, com.almasb.fxgl.entity.level.tiled.TiledObject@5e3336e1, com.almasb.fxgl.entity.level.tiled.TiledObject@23d8a45, com.almasb.fxgl.entity.level.tiled.TiledObject@75952427, com.almasb.fxgl.entity.level.tiled.TiledObject@77310970, com.almasb.fxgl.entity.level.tiled.TiledObject@30f2bd49, com.almasb.fxgl.entity.level.tiled.TiledObject@5ef376b0], opacity=0.0, draworder=), Layer(width=0, height=0, name=paths, type=objectgroup, visible=false, x=0, y=0, data=[], objects=[com.almasb.fxgl.entity.level.tiled.TiledObject@21bd555, com.almasb.fxgl.entity.level.tiled.TiledObject@7d9e26ef, com.almasb.fxgl.entity.level.tiled.TiledObject@5823d4e0, com.almasb.fxgl.entity.level.tiled.TiledObject@1da06fa2, com.almasb.fxgl.entity.level.tiled.TiledObject@41cdb03e, com.almasb.fxgl.entity.level.tiled.TiledObject@4d684fb6, com.almasb.fxgl.entity.level.tiled.TiledObject@baa162f, com.almasb.fxgl.entity.level.tiled.TiledObject@15e9b587, com.almasb.fxgl.entity.level.tiled.TiledObject@3989ab44, com.almasb.fxgl.entity.level.tiled.TiledObject@3693563c, com.almasb.fxgl.entity.level.tiled.TiledObject@6dd335af, com.almasb.fxgl.entity.level.tiled.TiledObject@354ee01f, com.almasb.fxgl.entity.level.tiled.TiledObject@4169be79, com.almasb.fxgl.entity.level.tiled.TiledObject@6d6732de, com.almasb.fxgl.entity.level.tiled.TiledObject@196d1c90, com.almasb.fxgl.entity.level.tiled.TiledObject@5b6159ba, com.almasb.fxgl.entity.level.tiled.TiledObject@5777aed9, com.almasb.fxgl.entity.level.tiled.TiledObject@352972b, com.almasb.fxgl.entity.level.tiled.TiledObject@722a924d, com.almasb.fxgl.entity.level.tiled.TiledObject@2357b93b, com.almasb.fxgl.entity.level.tiled.TiledObject@49bccaee, com.almasb.fxgl.entity.level.tiled.TiledObject@5e40e73d, com.almasb.fxgl.entity.level.tiled.TiledObject@78deae42, com.almasb.fxgl.entity.level.tiled.TiledObject@665e5e03], opacity=0.0, draworder=), Layer(width=0, height=0, name=Incroci, type=objectgroup, visible=false, x=0, y=0, data=[], objects=[com.almasb.fxgl.entity.level.tiled.TiledObject@491a039c, com.almasb.fxgl.entity.level.tiled.TiledObject@103a6c8d, com.almasb.fxgl.entity.level.tiled.TiledObject@1d1b6c76, com.almasb.fxgl.entity.level.tiled.TiledObject@9218790], opacity=0.0, draworder=), Layer(width=0, height=0, name=trafficLight, type=objectgroup, visible=false, x=0, y=0, data=[], objects=[com.almasb.fxgl.entity.level.tiled.TiledObject@103e73cb, com.almasb.fxgl.entity.level.tiled.TiledObject@53233b45, com.almasb.fxgl.entity.level.tiled.TiledObject@159d858b, com.almasb.fxgl.entity.level.tiled.TiledObject@10059daf, com.almasb.fxgl.entity.level.tiled.TiledObject@73c6044f, com.almasb.fxgl.entity.level.tiled.TiledObject@39f5f061, com.almasb.fxgl.entity.level.tiled.TiledObject@40bd9b09, com.almasb.fxgl.entity.level.tiled.TiledObject@7ce98e54, com.almasb.fxgl.entity.level.tiled.TiledObject@3fce19fa, com.almasb.fxgl.entity.level.tiled.TiledObject@292e809a, com.almasb.fxgl.entity.level.tiled.TiledObject@5673365, com.almasb.fxgl.entity.level.tiled.TiledObject@35cc86b3, com.almasb.fxgl.entity.level.tiled.TiledObject@7a024839, com.almasb.fxgl.entity.level.tiled.TiledObject@27752db3, com.almasb.fxgl.entity.level.tiled.TiledObject@1bb5de23, com.almasb.fxgl.entity.level.tiled.TiledObject@4a1d2af8], opacity=0.0, draworder=)], tilesets=[Tileset(firstgid=1, image=../textures/rsz_tiles_sheet.png, name=rsz_tiles_sheet, tilewidth=125, tileheight=125, imagewidth=875, imageheight=750, margin=0, spacing=0, columns=7, tilecount=42, transparentcolor=41ffef, tiles=[])], backgroundcolor=, renderorder=left-up, nextobjectid=66, version=1, tiledversion=1.4.1, type=map, infinite=false, hexsidelength=0, staggeraxis=, staggerindex=, properties={}, propertytypes={})
02:54:45.002 [FXGL Background Thread 4 ] DEBUG TMXLevelLoader       - Creating tile layer entities
02:54:45.003 [FXGL Background Thread 4 ] DEBUG TilesetLoader        - Loading view for layer Tile Layer 1
02:54:45.007 [FXGL Background Thread 4 ] DEBUG TilesetLoader        - Created buffer with size 2000.0x1125.0
02:54:45.134 [FXGL Background Thread 4 ] DEBUG TilesetLoader        - Writing to buffer: dst=0,0, w=125,h=125, src=250,375
02:54:45.134 [FXGL Background Thread 4 ] DEBUG TilesetLoader        - Writing to buffer: dst=125,0, w=125,h=125, src=250,375
02:54:45.134 [FXGL Background Thread 4 ] DEBUG TilesetLoader        - Writing to buffer: dst=250,0, w=125,h=125, src=250,375
02:54:45.135 [FXGL Background Thread 4 ] DEBUG TilesetLoader        - Writing to buffer: dst=375,0, w=125,h=125, src=500,375
02:54:45.135 [FXGL Background Thread 4 ] DEBUG TilesetLoader        - Writing to buffer: dst=500,0, w=125,h=125, src=500,0
02:54:45.135 [FXGL Background Thread 4 ] DEBUG TilesetLoader        - Writing to buffer: dst=625,0, w=125,h=125, src=750,375
02:54:45.135 [FXGL Background Thread 4 ] DEBUG TilesetLoader        - Writing to buffer: dst=750,0, w=125,h=125, src=250,375
02:54:45.135 [FXGL Background Thread 4 ] DEBUG TilesetLoader        - Writing to buffer: dst=875,0, w=125,h=125, src=250,375
02:54:45.135 [FXGL Background Thread 4 ] DEBUG TilesetLoader        - Writing to buffer: dst=1000,0, w=125,h=125, src=250,375
02:54:45.136 [FXGL Background Thread 4 ] DEBUG TilesetLoader        - Writing to buffer: dst=1125,0, w=125,h=125, src=250,375
02:54:45.136 [FXGL Background Thread 4 ] DEBUG TilesetLoader        - Writing to buffer: dst=1250,0, w=125,h=125, src=250,375
02:54:45.137 [FXGL Background Thread 4 ] DEBUG TilesetLoader        - Writing to buffer: dst=1375,0, w=125,h=125, src=500,375
02:54:45.137 [FXGL Background Thread 4 ] DEBUG TilesetLoader        - Writing to buffer: dst=1500,0, w=125,h=125, src=500,0
02:54:45.137 [FXGL Background Thread 4 ] DEBUG TilesetLoader        - Writing to buffer: dst=1625,0, w=125,h=125, src=750,375
02:54:45.137 [FXGL Background Thread 4 ] DEBUG TilesetLoader        - Writing to buffer: dst=1750,0, w=125,h=125, src=250,375
02:54:45.138 [FXGL Background Thread 4 ] DEBUG TilesetLoader        - Writing to buffer: dst=1875,0, w=125,h=125, src=250,375
02:54:45.138 [FXGL Background Thread 4 ] DEBUG TilesetLoader        - Writing to buffer: dst=0,125, w=125,h=125, src=375,375
02:54:45.138 [FXGL Background Thread 4 ] DEBUG TilesetLoader        - Writing to buffer: dst=125,125, w=125,h=125, src=375,375
02:54:45.138 [FXGL Background Thread 4 ] DEBUG TilesetLoader        - Writing to buffer: dst=250,125, w=125,h=125, src=375,375
02:54:45.139 [FXGL Background Thread 4 ] DEBUG TilesetLoader        - Writing to buffer: dst=375,125, w=125,h=125, src=375,500
02:54:45.139 [FXGL Background Thread 4 ] DEBUG TilesetLoader        - Writing to buffer: dst=500,125, w=125,h=125, src=500,0
02:54:45.139 [FXGL Background Thread 4 ] DEBUG TilesetLoader        - Writing to buffer: dst=625,125, w=125,h=125, src=625,500
02:54:45.139 [FXGL Background Thread 4 ] DEBUG TilesetLoader        - Writing to buffer: dst=750,125, w=125,h=125, src=375,375
02:54:45.139 [FXGL Background Thread 4 ] DEBUG TilesetLoader        - Writing to buffer: dst=875,125, w=125,h=125, src=375,375
02:54:45.139 [FXGL Background Thread 4 ] DEBUG TilesetLoader        - Writing to buffer: dst=1000,125, w=125,h=125, src=375,375
02:54:45.140 [FXGL Background Thread 4 ] DEBUG TilesetLoader        - Writing to buffer: dst=1125,125, w=125,h=125, src=375,375
02:54:45.140 [FXGL Background Thread 4 ] DEBUG TilesetLoader        - Writing to buffer: dst=1250,125, w=125,h=125, src=375,375
02:54:45.140 [FXGL Background Thread 4 ] DEBUG TilesetLoader        - Writing to buffer: dst=1375,125, w=125,h=125, src=375,500
02:54:45.140 [FXGL Background Thread 4 ] DEBUG TilesetLoader        - Writing to buffer: dst=1500,125, w=125,h=125, src=500,0
02:54:45.140 [FXGL Background Thread 4 ] DEBUG TilesetLoader        - Writing to buffer: dst=1625,125, w=125,h=125, src=625,500
02:54:45.141 [FXGL Background Thread 4 ] DEBUG TilesetLoader        - Writing to buffer: dst=1750,125, w=125,h=125, src=375,375
02:54:45.141 [FXGL Background Thread 4 ] DEBUG TilesetLoader        - Writing to buffer: dst=1875,125, w=125,h=125, src=375,375
02:54:45.141 [FXGL Background Thread 4 ] DEBUG TilesetLoader        - Writing to buffer: dst=0,250, w=125,h=125, src=625,0
02:54:45.141 [FXGL Background Thread 4 ] DEBUG TilesetLoader        - Writing to buffer: dst=125,250, w=125,h=125, src=625,0
02:54:45.141 [FXGL Background Thread 4 ] DEBUG TilesetLoader        - Writing to buffer: dst=250,250, w=125,h=125, src=625,0
02:54:45.141 [FXGL Background Thread 4 ] DEBUG TilesetLoader        - Writing to buffer: dst=375,250, w=125,h=125, src=625,0
02:54:45.142 [FXGL Background Thread 4 ] DEBUG TilesetLoader        - Writing to buffer: dst=500,250, w=125,h=125, src=750,0
02:54:45.142 [FXGL Background Thread 4 ] DEBUG TilesetLoader        - Writing to buffer: dst=625,250, w=125,h=125, src=625,0
02:54:45.142 [FXGL Background Thread 4 ] DEBUG TilesetLoader        - Writing to buffer: dst=750,250, w=125,h=125, src=625,0
02:54:45.142 [FXGL Background Thread 4 ] DEBUG TilesetLoader        - Writing to buffer: dst=875,250, w=125,h=125, src=625,0
02:54:45.143 [FXGL Background Thread 4 ] DEBUG TilesetLoader        - Writing to buffer: dst=1000,250, w=125,h=125, src=625,0
02:54:45.143 [FXGL Background Thread 4 ] DEBUG TilesetLoader        - Writing to buffer: dst=1125,250, w=125,h=125, src=625,0
02:54:45.143 [FXGL Background Thread 4 ] DEBUG TilesetLoader        - Writing to buffer: dst=1250,250, w=125,h=125, src=625,0
02:54:45.143 [FXGL Background Thread 4 ] DEBUG TilesetLoader        - Writing to buffer: dst=1375,250, w=125,h=125, src=625,0
02:54:45.144 [FXGL Background Thread 4 ] DEBUG TilesetLoader        - Writing to buffer: dst=1500,250, w=125,h=125, src=750,0
02:54:45.144 [FXGL Background Thread 4 ] DEBUG TilesetLoader        - Writing to buffer: dst=1625,250, w=125,h=125, src=625,0
02:54:45.144 [FXGL Background Thread 4 ] DEBUG TilesetLoader        - Writing to buffer: dst=1750,250, w=125,h=125, src=625,0
02:54:45.145 [FXGL Background Thread 4 ] DEBUG TilesetLoader        - Writing to buffer: dst=1875,250, w=125,h=125, src=625,0
02:54:45.145 [FXGL Background Thread 4 ] DEBUG TilesetLoader        - Writing to buffer: dst=0,375, w=125,h=125, src=625,375
02:54:45.145 [FXGL Background Thread 4 ] DEBUG TilesetLoader        - Writing to buffer: dst=125,375, w=125,h=125, src=625,375
02:54:45.145 [FXGL Background Thread 4 ] DEBUG TilesetLoader        - Writing to buffer: dst=250,375, w=125,h=125, src=625,375
02:54:45.145 [FXGL Background Thread 4 ] DEBUG TilesetLoader        - Writing to buffer: dst=375,375, w=125,h=125, src=500,500
02:54:45.146 [FXGL Background Thread 4 ] DEBUG TilesetLoader        - Writing to buffer: dst=500,375, w=125,h=125, src=500,0
02:54:45.146 [FXGL Background Thread 4 ] DEBUG TilesetLoader        - Writing to buffer: dst=625,375, w=125,h=125, src=750,250
02:54:45.146 [FXGL Background Thread 4 ] DEBUG TilesetLoader        - Writing to buffer: dst=750,375, w=125,h=125, src=625,125
02:54:45.146 [FXGL Background Thread 4 ] DEBUG TilesetLoader        - Writing to buffer: dst=875,375, w=125,h=125, src=625,125
02:54:45.146 [FXGL Background Thread 4 ] DEBUG TilesetLoader        - Writing to buffer: dst=1000,375, w=125,h=125, src=625,125
02:54:45.146 [FXGL Background Thread 4 ] DEBUG TilesetLoader        - Writing to buffer: dst=1125,375, w=125,h=125, src=625,125
02:54:45.146 [FXGL Background Thread 4 ] DEBUG TilesetLoader        - Writing to buffer: dst=1250,375, w=125,h=125, src=625,125
02:54:45.147 [FXGL Background Thread 4 ] DEBUG TilesetLoader        - Writing to buffer: dst=1375,375, w=125,h=125, src=500,250
02:54:45.147 [FXGL Background Thread 4 ] DEBUG TilesetLoader        - Writing to buffer: dst=1500,375, w=125,h=125, src=500,0
02:54:45.147 [FXGL Background Thread 4 ] DEBUG TilesetLoader        - Writing to buffer: dst=1625,375, w=125,h=125, src=750,500
02:54:45.147 [FXGL Background Thread 4 ] DEBUG TilesetLoader        - Writing to buffer: dst=1750,375, w=125,h=125, src=625,375
02:54:45.147 [FXGL Background Thread 4 ] DEBUG TilesetLoader        - Writing to buffer: dst=1875,375, w=125,h=125, src=625,375
02:54:45.147 [FXGL Background Thread 4 ] DEBUG TilesetLoader        - Writing to buffer: dst=0,500, w=125,h=125, src=250,375
02:54:45.147 [FXGL Background Thread 4 ] DEBUG TilesetLoader        - Writing to buffer: dst=125,500, w=125,h=125, src=250,375
02:54:45.147 [FXGL Background Thread 4 ] DEBUG TilesetLoader        - Writing to buffer: dst=250,500, w=125,h=125, src=250,375
02:54:45.148 [FXGL Background Thread 4 ] DEBUG TilesetLoader        - Writing to buffer: dst=375,500, w=125,h=125, src=500,375
02:54:45.148 [FXGL Background Thread 4 ] DEBUG TilesetLoader        - Writing to buffer: dst=500,500, w=125,h=125, src=500,0
02:54:45.149 [FXGL Background Thread 4 ] DEBUG TilesetLoader        - Writing to buffer: dst=625,500, w=125,h=125, src=750,125
02:54:45.149 [FXGL Background Thread 4 ] DEBUG TilesetLoader        - Writing to buffer: dst=750,500, w=125,h=125, src=250,125
02:54:45.149 [FXGL Background Thread 4 ] DEBUG TilesetLoader        - Writing to buffer: dst=875,500, w=125,h=125, src=250,125
02:54:45.149 [FXGL Background Thread 4 ] DEBUG TilesetLoader        - Writing to buffer: dst=1000,500, w=125,h=125, src=250,125
02:54:45.149 [FXGL Background Thread 4 ] DEBUG TilesetLoader        - Writing to buffer: dst=1125,500, w=125,h=125, src=250,125
02:54:45.149 [FXGL Background Thread 4 ] DEBUG TilesetLoader        - Writing to buffer: dst=1250,500, w=125,h=125, src=250,125
02:54:45.150 [FXGL Background Thread 4 ] DEBUG TilesetLoader        - Writing to buffer: dst=1375,500, w=125,h=125, src=500,125
02:54:45.150 [FXGL Background Thread 4 ] DEBUG TilesetLoader        - Writing to buffer: dst=1500,500, w=125,h=125, src=500,0
02:54:45.150 [FXGL Background Thread 4 ] DEBUG TilesetLoader        - Writing to buffer: dst=1625,500, w=125,h=125, src=750,375
02:54:45.150 [FXGL Background Thread 4 ] DEBUG TilesetLoader        - Writing to buffer: dst=1750,500, w=125,h=125, src=250,375
02:54:45.150 [FXGL Background Thread 4 ] DEBUG TilesetLoader        - Writing to buffer: dst=1875,500, w=125,h=125, src=250,375
02:54:45.151 [FXGL Background Thread 4 ] DEBUG TilesetLoader        - Writing to buffer: dst=0,625, w=125,h=125, src=375,375
02:54:45.151 [FXGL Background Thread 4 ] DEBUG TilesetLoader        - Writing to buffer: dst=125,625, w=125,h=125, src=375,375
02:54:45.151 [FXGL Background Thread 4 ] DEBUG TilesetLoader        - Writing to buffer: dst=250,625, w=125,h=125, src=375,375
02:54:45.151 [FXGL Background Thread 4 ] DEBUG TilesetLoader        - Writing to buffer: dst=375,625, w=125,h=125, src=375,500
02:54:45.151 [FXGL Background Thread 4 ] DEBUG TilesetLoader        - Writing to buffer: dst=500,625, w=125,h=125, src=500,0
02:54:45.151 [FXGL Background Thread 4 ] DEBUG TilesetLoader        - Writing to buffer: dst=625,625, w=125,h=125, src=625,250
02:54:45.151 [FXGL Background Thread 4 ] DEBUG TilesetLoader        - Writing to buffer: dst=750,625, w=125,h=125, src=375,125
02:54:45.151 [FXGL Background Thread 4 ] DEBUG TilesetLoader        - Writing to buffer: dst=875,625, w=125,h=125, src=375,125
02:54:45.151 [FXGL Background Thread 4 ] DEBUG TilesetLoader        - Writing to buffer: dst=1000,625, w=125,h=125, src=375,125
02:54:45.151 [FXGL Background Thread 4 ] DEBUG TilesetLoader        - Writing to buffer: dst=1125,625, w=125,h=125, src=375,125
02:54:45.152 [FXGL Background Thread 4 ] DEBUG TilesetLoader        - Writing to buffer: dst=1250,625, w=125,h=125, src=375,125
02:54:45.153 [FXGL Background Thread 4 ] DEBUG TilesetLoader        - Writing to buffer: dst=1375,625, w=125,h=125, src=375,250
02:54:45.153 [FXGL Background Thread 4 ] DEBUG TilesetLoader        - Writing to buffer: dst=1500,625, w=125,h=125, src=500,0
02:54:45.153 [FXGL Background Thread 4 ] DEBUG TilesetLoader        - Writing to buffer: dst=1625,625, w=125,h=125, src=625,500
02:54:45.153 [FXGL Background Thread 4 ] DEBUG TilesetLoader        - Writing to buffer: dst=1750,625, w=125,h=125, src=375,375
02:54:45.153 [FXGL Background Thread 4 ] DEBUG TilesetLoader        - Writing to buffer: dst=1875,625, w=125,h=125, src=375,375
02:54:45.153 [FXGL Background Thread 4 ] DEBUG TilesetLoader        - Writing to buffer: dst=0,750, w=125,h=125, src=625,0
02:54:45.153 [FXGL Background Thread 4 ] DEBUG TilesetLoader        - Writing to buffer: dst=125,750, w=125,h=125, src=625,0
02:54:45.154 [FXGL Background Thread 4 ] DEBUG TilesetLoader        - Writing to buffer: dst=250,750, w=125,h=125, src=625,0
02:54:45.154 [FXGL Background Thread 4 ] DEBUG TilesetLoader        - Writing to buffer: dst=375,750, w=125,h=125, src=625,0
02:54:45.154 [FXGL Background Thread 4 ] DEBUG TilesetLoader        - Writing to buffer: dst=500,750, w=125,h=125, src=750,0
02:54:45.154 [FXGL Background Thread 4 ] DEBUG TilesetLoader        - Writing to buffer: dst=625,750, w=125,h=125, src=625,0
02:54:45.154 [FXGL Background Thread 4 ] DEBUG TilesetLoader        - Writing to buffer: dst=750,750, w=125,h=125, src=625,0
02:54:45.154 [FXGL Background Thread 4 ] DEBUG TilesetLoader        - Writing to buffer: dst=875,750, w=125,h=125, src=625,0
02:54:45.154 [FXGL Background Thread 4 ] DEBUG TilesetLoader        - Writing to buffer: dst=1000,750, w=125,h=125, src=625,0
02:54:45.154 [FXGL Background Thread 4 ] DEBUG TilesetLoader        - Writing to buffer: dst=1125,750, w=125,h=125, src=625,0
02:54:45.154 [FXGL Background Thread 4 ] DEBUG TilesetLoader        - Writing to buffer: dst=1250,750, w=125,h=125, src=625,0
02:54:45.154 [FXGL Background Thread 4 ] DEBUG TilesetLoader        - Writing to buffer: dst=1375,750, w=125,h=125, src=625,0
02:54:45.154 [FXGL Background Thread 4 ] DEBUG TilesetLoader        - Writing to buffer: dst=1500,750, w=125,h=125, src=750,0
02:54:45.155 [FXGL Background Thread 4 ] DEBUG TilesetLoader        - Writing to buffer: dst=1625,750, w=125,h=125, src=625,0
02:54:45.155 [FXGL Background Thread 4 ] DEBUG TilesetLoader        - Writing to buffer: dst=1750,750, w=125,h=125, src=625,0
02:54:45.155 [FXGL Background Thread 4 ] DEBUG TilesetLoader        - Writing to buffer: dst=1875,750, w=125,h=125, src=625,0
02:54:45.155 [FXGL Background Thread 4 ] DEBUG TilesetLoader        - Writing to buffer: dst=0,875, w=125,h=125, src=625,375
02:54:45.155 [FXGL Background Thread 4 ] DEBUG TilesetLoader        - Writing to buffer: dst=125,875, w=125,h=125, src=625,375
02:54:45.155 [FXGL Background Thread 4 ] DEBUG TilesetLoader        - Writing to buffer: dst=250,875, w=125,h=125, src=625,375
02:54:45.155 [FXGL Background Thread 4 ] DEBUG TilesetLoader        - Writing to buffer: dst=375,875, w=125,h=125, src=500,500
02:54:45.155 [FXGL Background Thread 4 ] DEBUG TilesetLoader        - Writing to buffer: dst=500,875, w=125,h=125, src=500,0
02:54:45.155 [FXGL Background Thread 4 ] DEBUG TilesetLoader        - Writing to buffer: dst=625,875, w=125,h=125, src=750,500
02:54:45.155 [FXGL Background Thread 4 ] DEBUG TilesetLoader        - Writing to buffer: dst=750,875, w=125,h=125, src=625,375
02:54:45.156 [FXGL Background Thread 4 ] DEBUG TilesetLoader        - Writing to buffer: dst=875,875, w=125,h=125, src=625,375
02:54:45.156 [FXGL Background Thread 4 ] DEBUG TilesetLoader        - Writing to buffer: dst=1000,875, w=125,h=125, src=625,375
02:54:45.156 [FXGL Background Thread 4 ] DEBUG TilesetLoader        - Writing to buffer: dst=1125,875, w=125,h=125, src=625,375
02:54:45.156 [FXGL Background Thread 4 ] DEBUG TilesetLoader        - Writing to buffer: dst=1250,875, w=125,h=125, src=625,375
02:54:45.156 [FXGL Background Thread 4 ] DEBUG TilesetLoader        - Writing to buffer: dst=1375,875, w=125,h=125, src=500,500
02:54:45.156 [FXGL Background Thread 4 ] DEBUG TilesetLoader        - Writing to buffer: dst=1500,875, w=125,h=125, src=500,0
02:54:45.156 [FXGL Background Thread 4 ] DEBUG TilesetLoader        - Writing to buffer: dst=1625,875, w=125,h=125, src=750,500
02:54:45.157 [FXGL Background Thread 4 ] DEBUG TilesetLoader        - Writing to buffer: dst=1750,875, w=125,h=125, src=625,375
02:54:45.158 [FXGL Background Thread 4 ] DEBUG TilesetLoader        - Writing to buffer: dst=1875,875, w=125,h=125, src=625,375
02:54:45.158 [FXGL Background Thread 4 ] DEBUG TilesetLoader        - Writing to buffer: dst=0,1000, w=125,h=125, src=250,375
02:54:45.158 [FXGL Background Thread 4 ] DEBUG TilesetLoader        - Writing to buffer: dst=125,1000, w=125,h=125, src=250,375
02:54:45.158 [FXGL Background Thread 4 ] DEBUG TilesetLoader        - Writing to buffer: dst=250,1000, w=125,h=125, src=250,375
02:54:45.159 [FXGL Background Thread 4 ] DEBUG TilesetLoader        - Writing to buffer: dst=375,1000, w=125,h=125, src=500,375
02:54:45.159 [FXGL Background Thread 4 ] DEBUG TilesetLoader        - Writing to buffer: dst=500,1000, w=125,h=125, src=500,0
02:54:45.159 [FXGL Background Thread 4 ] DEBUG TilesetLoader        - Writing to buffer: dst=625,1000, w=125,h=125, src=750,375
02:54:45.159 [FXGL Background Thread 4 ] DEBUG TilesetLoader        - Writing to buffer: dst=750,1000, w=125,h=125, src=250,375
02:54:45.159 [FXGL Background Thread 4 ] DEBUG TilesetLoader        - Writing to buffer: dst=875,1000, w=125,h=125, src=250,375
02:54:45.160 [FXGL Background Thread 4 ] DEBUG TilesetLoader        - Writing to buffer: dst=1000,1000, w=125,h=125, src=250,375
02:54:45.160 [FXGL Background Thread 4 ] DEBUG TilesetLoader        - Writing to buffer: dst=1125,1000, w=125,h=125, src=250,375
02:54:45.160 [FXGL Background Thread 4 ] DEBUG TilesetLoader        - Writing to buffer: dst=1250,1000, w=125,h=125, src=250,375
02:54:45.160 [FXGL Background Thread 4 ] DEBUG TilesetLoader        - Writing to buffer: dst=1375,1000, w=125,h=125, src=500,375
02:54:45.160 [FXGL Background Thread 4 ] DEBUG TilesetLoader        - Writing to buffer: dst=1500,1000, w=125,h=125, src=500,0
02:54:45.160 [FXGL Background Thread 4 ] DEBUG TilesetLoader        - Writing to buffer: dst=1625,1000, w=125,h=125, src=750,375
02:54:45.160 [FXGL Background Thread 4 ] DEBUG TilesetLoader        - Writing to buffer: dst=1750,1000, w=125,h=125, src=250,375
02:54:45.160 [FXGL Background Thread 4 ] DEBUG TilesetLoader        - Writing to buffer: dst=1875,1000, w=125,h=125, src=250,375
02:54:45.161 [FXGL Background Thread 4 ] DEBUG TMXLevelLoader       - Creating object layer entities
02:54:45.205 [FXGL Background Thread 4 ] DEBUG FXGLAssetLoaderServi - Loading from file system: /assets/textures/semaforoRosso-01.png
02:54:45.208 [FXGL Background Thread 4 ] DEBUG FXGLAssetLoaderServi - Loading from file system: /assets/textures/semaforoVerde-01.png
02:54:45.210 [FXGL Background Thread 4 ] DEBUG FXGLAssetLoaderServi - Loading from cache: /assets/textures/semaforoRosso-01.png
02:54:45.210 [FXGL Background Thread 4 ] DEBUG FXGLAssetLoaderServi - Loading from cache: /assets/textures/semaforoVerde-01.png
02:54:45.211 [FXGL Background Thread 4 ] DEBUG FXGLAssetLoaderServi - Loading from cache: /assets/textures/semaforoRosso-01.png
02:54:45.211 [FXGL Background Thread 4 ] DEBUG FXGLAssetLoaderServi - Loading from cache: /assets/textures/semaforoVerde-01.png
02:54:45.212 [FXGL Background Thread 4 ] DEBUG FXGLAssetLoaderServi - Loading from cache: /assets/textures/semaforoRosso-01.png
02:54:45.212 [FXGL Background Thread 4 ] DEBUG FXGLAssetLoaderServi - Loading from cache: /assets/textures/semaforoVerde-01.png
02:54:45.213 [FXGL Background Thread 4 ] DEBUG FXGLAssetLoaderServi - Loading from file system: /assets/textures/semaforoRosso-04.png
02:54:45.215 [FXGL Background Thread 4 ] DEBUG FXGLAssetLoaderServi - Loading from file system: /assets/textures/semaforoVerde-04.png
02:54:45.217 [FXGL Background Thread 4 ] DEBUG FXGLAssetLoaderServi - Loading from cache: /assets/textures/semaforoRosso-04.png
02:54:45.217 [FXGL Background Thread 4 ] DEBUG FXGLAssetLoaderServi - Loading from cache: /assets/textures/semaforoVerde-04.png
02:54:45.218 [FXGL Background Thread 4 ] DEBUG FXGLAssetLoaderServi - Loading from cache: /assets/textures/semaforoRosso-04.png
02:54:45.218 [FXGL Background Thread 4 ] DEBUG FXGLAssetLoaderServi - Loading from cache: /assets/textures/semaforoVerde-04.png
02:54:45.218 [FXGL Background Thread 4 ] DEBUG FXGLAssetLoaderServi - Loading from cache: /assets/textures/semaforoRosso-04.png
02:54:45.218 [FXGL Background Thread 4 ] DEBUG FXGLAssetLoaderServi - Loading from cache: /assets/textures/semaforoVerde-04.png
02:54:45.219 [FXGL Background Thread 4 ] DEBUG FXGLAssetLoaderServi - Loading from file system: /assets/textures/semaforoRosso-03.png
02:54:45.220 [FXGL Background Thread 4 ] DEBUG FXGLAssetLoaderServi - Loading from file system: /assets/textures/semaforoVerde-03.png
02:54:45.222 [FXGL Background Thread 4 ] DEBUG FXGLAssetLoaderServi - Loading from cache: /assets/textures/semaforoRosso-03.png
02:54:45.222 [FXGL Background Thread 4 ] DEBUG FXGLAssetLoaderServi - Loading from cache: /assets/textures/semaforoVerde-03.png
02:54:45.222 [FXGL Background Thread 4 ] DEBUG FXGLAssetLoaderServi - Loading from cache: /assets/textures/semaforoRosso-03.png
02:54:45.223 [FXGL Background Thread 4 ] DEBUG FXGLAssetLoaderServi - Loading from cache: /assets/textures/semaforoVerde-03.png
02:54:45.223 [FXGL Background Thread 4 ] DEBUG FXGLAssetLoaderServi - Loading from cache: /assets/textures/semaforoRosso-03.png
02:54:45.223 [FXGL Background Thread 4 ] DEBUG FXGLAssetLoaderServi - Loading from cache: /assets/textures/semaforoVerde-03.png
02:54:45.224 [FXGL Background Thread 4 ] DEBUG FXGLAssetLoaderServi - Loading from file system: /assets/textures/semaforoRosso-02.png
02:54:45.225 [FXGL Background Thread 4 ] DEBUG FXGLAssetLoaderServi - Loading from file system: /assets/textures/semaforoVerde-02.png
02:54:45.231 [FXGL Background Thread 4 ] DEBUG FXGLAssetLoaderServi - Loading from cache: /assets/textures/semaforoRosso-02.png
02:54:45.231 [FXGL Background Thread 4 ] DEBUG FXGLAssetLoaderServi - Loading from cache: /assets/textures/semaforoVerde-02.png
02:54:45.232 [FXGL Background Thread 4 ] DEBUG FXGLAssetLoaderServi - Loading from cache: /assets/textures/semaforoRosso-02.png
02:54:45.232 [FXGL Background Thread 4 ] DEBUG FXGLAssetLoaderServi - Loading from cache: /assets/textures/semaforoVerde-02.png
02:54:45.233 [FXGL Background Thread 4 ] DEBUG FXGLAssetLoaderServi - Loading from cache: /assets/textures/semaforoRosso-02.png
02:54:45.233 [FXGL Background Thread 4 ] DEBUG FXGLAssetLoaderServi - Loading from cache: /assets/textures/semaforoVerde-02.png
02:54:45.236 [FXGL Background Thread 4 ] DEBUG GameWorld            - Clearing removable entities
02:54:45.236 [FXGL Background Thread 4 ] DEBUG GameWorld            - Setting level: com.almasb.fxgl.entity.level.Level@284b212b
02:54:45.239 [FXGL Background Thread 4 ] DEBUG FXGLAssetLoaderServi - Loading from file system: /assets/textures/pointer-sprite.png
02:54:45.277 [FXGL Background Thread 4 ] INFO  FXGLApplication      - Game initialization took: 0,347 sec
02:54:45.278 [JavaFX Application Thread] DEBUG Input                - Clearing active input actions
02:54:45.285 [JavaFX Application Thread] DEBUG GameApplicationServi - Removing overlay from FXGLLoadingScene and adding to GameScene
02:54:45.288 [JavaFX Application Thread] DEBUG MainWindow           - FXGLLoadingScene -> GameScene
02:54:47.270 [FXGL Background Thread 3 ] DEBUG Engine               - Logging environment variables
02:54:47.271 [FXGL Background Thread 3 ] DEBUG Engine               - achievements: []
02:54:47.271 [FXGL Background Thread 3 ] DEBUG Engine               - appIcon: fxgl_icon.png
02:54:47.271 [FXGL Background Thread 3 ] DEBUG Engine               - applicationMode: DEVELOPER
02:54:47.271 [FXGL Background Thread 3 ] DEBUG Engine               - cSSList: [fxgl_dark.css]
02:54:47.273 [FXGL Background Thread 3 ] DEBUG Engine               - configClass: Optional.empty
02:54:47.273 [FXGL Background Thread 3 ] DEBUG Engine               - credits: []
02:54:47.273 [FXGL Background Thread 3 ] DEBUG Engine               - devBBoxColorProperty: ObjectProperty [value: 0xff0000ff]
02:54:47.274 [FXGL Background Thread 3 ] DEBUG Engine               - devEnableDebugCameraProperty: BooleanProperty [value: false]
02:54:47.274 [FXGL Background Thread 3 ] DEBUG Engine               - devSensorColorProperty: ObjectProperty [value: 0xffff00ff]
02:54:47.274 [FXGL Background Thread 3 ] DEBUG Engine               - devShowBBoxProperty: BooleanProperty [value: false]
02:54:47.274 [FXGL Background Thread 3 ] DEBUG Engine               - devShowPositionProperty: BooleanProperty [value: false]
02:54:47.274 [FXGL Background Thread 3 ] DEBUG Engine               - enabledMenuItems: [SAVE_LOAD, EXTRA, ONLINE]
02:54:47.274 [FXGL Background Thread 3 ] DEBUG Engine               - engineServices: [class com.almasb.fxgl.app.FXGLApplication$GameApplicationService, class com.almasb.fxgl.app.services.FXGLDialogService, class com.almasb.fxgl.app.services.IOTaskExecutorService, class com.almasb.fxgl.event.EventBusService, class com.almasb.fxgl.io.FileSystemService, class com.almasb.fxgl.localization.LocalizationService, class com.almasb.fxgl.app.services.FXGLAssetLoaderService, class com.almasb.fxgl.app.services.SystemBundleService, class com.almasb.fxgl.profile.SaveLoadService, class com.almasb.fxgl.ui.FXGLUIFactoryServiceProvider, class com.almasb.fxgl.ui.FXGLDialogFactoryServiceProvider, class com.almasb.fxgl.audio.AudioPlayer, class com.almasb.fxgl.notification.impl.NotificationServiceProvider, class com.almasb.fxgl.achievement.AchievementService, class com.almasb.fxgl.cutscene.CutsceneService, class com.almasb.fxgl.minigames.MiniGameService, class com.almasb.fxgl.net.NetService, class com.almasb.fxgl.app.services.UpdaterService, class com.almasb.fxgl.dev.DevService]
02:54:47.274 [FXGL Background Thread 3 ] DEBUG Engine               - fontGame: Abel-Regular.ttf
02:54:47.274 [FXGL Background Thread 3 ] DEBUG Engine               - fontMono: lucida_console.ttf
02:54:47.274 [FXGL Background Thread 3 ] DEBUG Engine               - fontText: Courier-Prime.ttf
02:54:47.275 [FXGL Background Thread 3 ] DEBUG Engine               - fontUI: VarelaRound-Regular.ttf
02:54:47.277 [FXGL Background Thread 3 ] DEBUG Engine               - fullScreen: BooleanProperty [value: false]
02:54:47.278 [FXGL Background Thread 3 ] DEBUG Engine               - gameDifficulty: MEDIUM
02:54:47.278 [FXGL Background Thread 3 ] DEBUG Engine               - gameDifficultyProperty: ObjectProperty [value: MEDIUM]
02:54:47.278 [FXGL Background Thread 3 ] DEBUG Engine               - globalMusicVolume: 0.5
02:54:47.278 [FXGL Background Thread 3 ] DEBUG Engine               - globalMusicVolumeProperty: DoubleProperty [value: 0.5]
02:54:47.278 [FXGL Background Thread 3 ] DEBUG Engine               - globalSoundVolume: 0.5
02:54:47.278 [FXGL Background Thread 3 ] DEBUG Engine               - globalSoundVolumeProperty: DoubleProperty [value: 0.5]
02:54:47.278 [FXGL Background Thread 3 ] DEBUG Engine               - height: 1125
02:54:47.278 [FXGL Background Thread 3 ] DEBUG Engine               - isAndroid: false
02:54:47.278 [FXGL Background Thread 3 ] DEBUG Engine               - isBrowser: false
02:54:47.278 [FXGL Background Thread 3 ] DEBUG Engine               - isClickFeedbackEnabled: false
02:54:47.279 [FXGL Background Thread 3 ] DEBUG Engine               - isCloseConfirmation: false
02:54:47.285 [FXGL Background Thread 3 ] DEBUG Engine               - isDesktop: true
02:54:47.285 [FXGL Background Thread 3 ] DEBUG Engine               - isDeveloperMenuEnabled: true
02:54:47.285 [FXGL Background Thread 3 ] DEBUG Engine               - isEntityPreloadEnabled: true
02:54:47.285 [FXGL Background Thread 3 ] DEBUG Engine               - isExperimentalNative: false
02:54:47.285 [FXGL Background Thread 3 ] DEBUG Engine               - isExperimentalTiledLargeMap: false
02:54:47.286 [FXGL Background Thread 3 ] DEBUG Engine               - isFileSystemWriteAllowed: true
02:54:47.307 [FXGL Background Thread 3 ] DEBUG Engine               - isFullScreenAllowed: false
02:54:47.308 [FXGL Background Thread 3 ] DEBUG Engine               - isFullScreenFromStart: false
02:54:47.308 [FXGL Background Thread 3 ] DEBUG Engine               - isGameMenuEnabled: true
02:54:47.308 [FXGL Background Thread 3 ] DEBUG Engine               - isIOS: false
02:54:47.309 [FXGL Background Thread 3 ] DEBUG Engine               - isIntroEnabled: false
02:54:47.309 [FXGL Background Thread 3 ] DEBUG Engine               - isLinux: false
02:54:47.309 [FXGL Background Thread 3 ] DEBUG Engine               - isMac: false
02:54:47.309 [FXGL Background Thread 3 ] DEBUG Engine               - isMainMenuEnabled: true
02:54:47.309 [FXGL Background Thread 3 ] DEBUG Engine               - isManualResizeEnabled: true
02:54:47.312 [FXGL Background Thread 3 ] DEBUG Engine               - isMobile: false
02:54:47.312 [FXGL Background Thread 3 ] DEBUG Engine               - isPreserveResizeRatio: true
02:54:47.313 [FXGL Background Thread 3 ] DEBUG Engine               - isProfilingEnabled: false
02:54:47.313 [FXGL Background Thread 3 ] DEBUG Engine               - isSingleStep: false
02:54:47.313 [FXGL Background Thread 3 ] DEBUG Engine               - isUserProfileEnabled: false
02:54:47.313 [FXGL Background Thread 3 ] DEBUG Engine               - isWindows: true
02:54:47.313 [FXGL Background Thread 3 ] DEBUG Engine               - language: ObjectProperty [value: ENGLISH]
02:54:47.313 [FXGL Background Thread 3 ] DEBUG Engine               - menuKey: ESCAPE
02:54:47.313 [FXGL Background Thread 3 ] DEBUG Engine               - notificationViewClass: class com.almasb.fxgl.notification.view.XboxNotificationView
02:54:47.313 [FXGL Background Thread 3 ] DEBUG Engine               - pixelsPerMeter: 50.0
02:54:47.313 [FXGL Background Thread 3 ] DEBUG Engine               - platform: WINDOWS
02:54:47.313 [FXGL Background Thread 3 ] DEBUG Engine               - profileDir: profiles/
02:54:47.313 [FXGL Background Thread 3 ] DEBUG Engine               - profileName: StringProperty [value: DEFAULT]
02:54:47.313 [FXGL Background Thread 3 ] DEBUG Engine               - randomSeed: -1
02:54:47.313 [FXGL Background Thread 3 ] DEBUG Engine               - runtimeInfo: RuntimeInfo(platform=WINDOWS, version=dev-SNAPSHOT, build=08.09.2020 17.31)
02:54:47.313 [FXGL Background Thread 3 ] DEBUG Engine               - saveFileExt: sav
02:54:47.315 [FXGL Background Thread 3 ] DEBUG Engine               - sceneFactory: it.uniroma1.metodologie.trafficGame.TrafficApp$1@112177b5
02:54:47.315 [FXGL Background Thread 3 ] DEBUG Engine               - secondsIn24h: 60
02:54:47.315 [FXGL Background Thread 3 ] DEBUG Engine               - soundMenuBack: menu/back.wav
02:54:47.315 [FXGL Background Thread 3 ] DEBUG Engine               - soundMenuPress: menu/press.wav
02:54:47.315 [FXGL Background Thread 3 ] DEBUG Engine               - soundMenuSelect: menu/select.wav
02:54:47.315 [FXGL Background Thread 3 ] DEBUG Engine               - soundNotification: core/notification.wav
02:54:47.315 [FXGL Background Thread 3 ] DEBUG Engine               - stageStyle: DECORATED
02:54:47.315 [FXGL Background Thread 3 ] DEBUG Engine               - supportedLanguages: [ENGLISH, FRENCH, GERMAN, HUNGARIAN, RUSSIAN]
02:54:47.315 [FXGL Background Thread 3 ] DEBUG Engine               - title: Traffic
02:54:47.315 [FXGL Background Thread 3 ] DEBUG Engine               - urlGithub: https://github.com/AlmasB/FXGL
02:54:47.315 [FXGL Background Thread 3 ] DEBUG Engine               - urlLeaderboard: http://fxgl-top.herokuapp.com/
02:54:47.315 [FXGL Background Thread 3 ] DEBUG Engine               - urlPOM: https://raw.githubusercontent.com/AlmasB/FXGL/master/pom.xml
02:54:47.315 [FXGL Background Thread 3 ] DEBUG Engine               - version: Alpha 1.0
02:54:47.315 [FXGL Background Thread 3 ] DEBUG Engine               - versionCheckDays: 7
02:54:47.315 [FXGL Background Thread 3 ] DEBUG Engine               - width: 2000
02:54:47.315 [FXGL Background Thread 3 ] DEBUG Engine               - Logging services
02:54:47.315 [FXGL Background Thread 3 ] DEBUG Engine               - class com.almasb.fxgl.app.FXGLApplication$GameApplicationService
02:54:47.315 [FXGL Background Thread 3 ] DEBUG Engine               - class com.almasb.fxgl.app.services.FXGLDialogService
02:54:47.315 [FXGL Background Thread 3 ] DEBUG Engine               - class com.almasb.fxgl.app.services.IOTaskExecutorService
02:54:47.316 [FXGL Background Thread 3 ] DEBUG Engine               - class com.almasb.fxgl.event.EventBusService
02:54:47.316 [FXGL Background Thread 3 ] DEBUG Engine               - class com.almasb.fxgl.io.FileSystemService
02:54:47.316 [FXGL Background Thread 3 ] DEBUG Engine               - class com.almasb.fxgl.localization.LocalizationService
02:54:47.316 [FXGL Background Thread 3 ] DEBUG Engine               - class com.almasb.fxgl.app.services.FXGLAssetLoaderService
02:54:47.316 [FXGL Background Thread 3 ] DEBUG Engine               - class com.almasb.fxgl.app.services.SystemBundleService
02:54:47.316 [FXGL Background Thread 3 ] DEBUG Engine               - class com.almasb.fxgl.profile.SaveLoadService
02:54:47.316 [FXGL Background Thread 3 ] DEBUG Engine               - class com.almasb.fxgl.ui.FXGLUIFactoryServiceProvider
02:54:47.316 [FXGL Background Thread 3 ] DEBUG Engine               - class com.almasb.fxgl.ui.FXGLDialogFactoryServiceProvider
02:54:47.316 [FXGL Background Thread 3 ] DEBUG Engine               - class com.almasb.fxgl.audio.AudioPlayer
02:54:47.316 [FXGL Background Thread 3 ] DEBUG Engine               - class com.almasb.fxgl.notification.impl.NotificationServiceProvider
02:54:47.316 [FXGL Background Thread 3 ] DEBUG Engine               - class com.almasb.fxgl.achievement.AchievementService
02:54:47.316 [FXGL Background Thread 3 ] DEBUG Engine               - class com.almasb.fxgl.cutscene.CutsceneService
02:54:47.316 [FXGL Background Thread 3 ] DEBUG Engine               - class com.almasb.fxgl.minigames.MiniGameService
02:54:47.316 [FXGL Background Thread 3 ] DEBUG Engine               - class com.almasb.fxgl.net.NetService
02:54:47.316 [FXGL Background Thread 3 ] DEBUG Engine               - class com.almasb.fxgl.app.services.UpdaterService
02:54:47.316 [FXGL Background Thread 3 ] DEBUG Engine               - class com.almasb.fxgl.dev.DevService
02:56:15.325 [JavaFX Application Thread] DEBUG Input                - Clearing active input actions
02:56:15.329 [JavaFX Application Thread] DEBUG GameApplicationServi - Removing overlay from GameScene and adding to FXGLMainMenuDummyScene
02:56:15.332 [JavaFX Application Thread] DEBUG MainWindow           - GameScene -> FXGLMainMenuDummyScene
02:56:15.332 [JavaFX Application Thread] DEBUG MainWindow           - Push state: TrafficAppMenu
02:56:15.332 [JavaFX Application Thread] DEBUG Input                - Clearing active input actions
02:56:15.333 [JavaFX Application Thread] DEBUG GameApplicationServi - Removing overlay from FXGLMainMenuDummyScene and adding to TrafficAppMenu
02:56:15.333 [JavaFX Application Thread] DEBUG MainWindow           - FXGLMainMenuDummyScene -> TrafficAppMenu
02:56:16.814 [JavaFX Application Thread] DEBUG FXGLApplication      - Exiting FXGL
02:56:16.814 [JavaFX Application Thread] DEBUG LoopRunner           - Stopping loop
02:56:16.814 [JavaFX Application Thread] DEBUG SystemBundleService  - Saving FXGL system data
02:56:16.816 [JavaFX Application Thread] DEBUG FileSystemAccess     - Writing to: C:\Users\Andrea\Desktop\Homework\traffic-mobile\system\fxgl.bundle
02:56:16.817 [JavaFX Application Thread] DEBUG Async                - Shutting down background threads
02:56:16.817 [JavaFX Application Thread] DEBUG MainWindow           - Closing main window
02:56:16.829 [JavaFX Application Thread] DEBUG Logger               - Closing Logger
