03:17:41.559 [main                     ] DEBUG Logger               - Configured Logger
03:17:41.572 [main                     ] DEBUG GameApplication      - Logging settings
Title: Traffic
Version: Alpha 1.0
Width: 2000
Height: 1125
Fullscreen: false
Intro: false
Profiling: false
Single step:false
App Mode: DEVELOPER
Menu Key: ESCAPE
Stage Style: DECORATED
Scene Factory: class it.uniroma1.metodologie.trafficGame.TrafficApp$1

03:17:41.898 [JavaFX Application Thread] DEBUG FXGLApplication      - Initializing FXGL
03:17:41.903 [JavaFX Application Thread] INFO  Engine               - FXGL-dev-SNAPSHOT (08.09.2020 17.31) on WINDOWS (J:13.0.2 FX:14)
03:17:41.903 [JavaFX Application Thread] DEBUG Engine               - JRE Vendor Name: Oracle Corporation
03:17:41.904 [JavaFX Application Thread] DEBUG Engine               - Running on OS: Windows 10 version 10.0
03:17:41.904 [JavaFX Application Thread] DEBUG Engine               - Architecture: amd64
03:17:41.904 [JavaFX Application Thread] INFO  Engine               - Source code and latest versions at: https://github.com/AlmasB/FXGL
03:17:41.904 [JavaFX Application Thread] INFO  Engine               -              Join the FXGL chat at: https://gitter.im/AlmasB/FXGL
03:17:41.978 [JavaFX Application Thread] DEBUG MainWindow           - Creating a JavaFX scene
03:17:42.016 [JavaFX Application Thread] DEBUG MainWindow           - Target settings size: 2000.0 x 1125.0
03:17:42.016 [JavaFX Application Thread] DEBUG MainWindow           - Scaled scene size:    2000.0 x 1125.0
03:17:42.016 [JavaFX Application Thread] DEBUG MainWindow           - Scaled ratio: (1.0, 1.0)
03:17:42.017 [JavaFX Application Thread] DEBUG MainWindow           - Set initial scene to StartupScene
03:17:42.021 [JavaFX Application Thread] DEBUG MainWindow           - Opening main window
03:17:42.087 [JavaFX Application Thread] DEBUG MainWindow           - Window border size: (16.0, 39.0)
03:17:42.087 [JavaFX Application Thread] DEBUG MainWindow           - Scaled size: 2000.0 x 1125.0
03:17:42.088 [JavaFX Application Thread] DEBUG MainWindow           - Scaled ratio: (1.0, 1.0)
03:17:42.088 [JavaFX Application Thread] DEBUG MainWindow           - Scene size: 2000.0 x 1125.0
03:17:42.088 [JavaFX Application Thread] DEBUG MainWindow           - Stage size: 2016.0 x 1164.0
03:17:42.112 [FXGL Background Thread 1 ] DEBUG Engine               - Initializing environment variables
03:17:42.137 [FXGL Background Thread 1 ] DEBUG GameApplicationServi - Applying CSS: fxgl_dark.css
03:17:42.137 [FXGL Background Thread 1 ] DEBUG FXGLAssetLoaderServi - Loading from file system: /assets/ui/css/fxgl_dark.css
03:17:42.182 [FXGL Background Thread 1 ] DEBUG GameApplicationServi - Initializing application scenes
03:17:42.249 [FXGL Background Thread 1 ] DEBUG GameWorld            - Game world initialized
03:17:42.290 [FXGL Background Thread 1 ] DEBUG PhysicsWorld         - Physics world initialized: appHeight=1125, physics.ppm=50,0
03:17:42.292 [FXGL Background Thread 1 ] DEBUG GameScene            - Game scene initialized: 2000x1125
03:17:42.303 [FXGL Background Thread 1 ] DEBUG FXGLAssetLoaderServi - Loading from file system: /assets/textures/bg.jpg
03:17:42.586 [FXGL Background Thread 1 ] DEBUG FXGLAssetLoaderServi - Loading from file system: /assets/textures/logo.png
03:17:42.679 [FXGL Background Thread 1 ] DEBUG FXGLAssetLoaderServi - Loading from file system: /assets/textures/particles/trace_horizontal.png
03:17:42.700 [FXGL Background Thread 1 ] DEBUG FXGL.DefaultMenu     - createMenuBodyGameMenu()
03:17:42.711 [FXGL Background Thread 1 ] DEBUG FXGL.DefaultMenu     - createOptionsMenu()
03:17:42.715 [FXGL Background Thread 1 ] DEBUG FXGL.DefaultMenu     - createExtraMenu()
03:17:42.717 [FXGL Background Thread 1 ] DEBUG FXGLAssetLoaderServi - Loading from file system: /assets/textures/particles/smoke.png
03:17:42.761 [FXGL Background Thread 1 ] DEBUG GameApplicationServi - Application scenes initialized
03:17:42.786 [FXGL Background Thread 1 ] DEBUG SystemBundleService  - Loading FXGL system data
03:17:42.790 [FXGL Background Thread 1 ] DEBUG FileSystemAccess     - Reading from: C:\Users\Andrea\Desktop\Homework\traffic-mobile\system\fxgl.bundle
03:17:42.796 [FXGL Background Thread 1 ] DEBUG SystemBundleService  - Bundle FXGL: {}
03:17:42.797 [FXGL Background Thread 1 ] DEBUG UpdaterService       - Checking for updates
03:17:42.852 [FXGL Background Thread 4 ] DEBUG FXGLApplication      - Loading fonts
03:17:42.852 [FXGL Background Thread 4 ] DEBUG FXGLAssetLoaderServi - Loading from file system: /assets/ui/fonts/VarelaRound-Regular.ttf
03:17:42.854 [FXGL Background Thread 1 ] DEBUG FXGLApplication      - Loading default localization
03:17:42.854 [FXGL Background Thread 1 ] DEBUG FXGLAssetLoaderServi - Loading from file system: /assets/languages/english.lang
03:17:42.866 [FXGL Background Thread 1 ] INFO  FXGLApplication      - FXGL initialization took: 0,753 sec
03:17:42.871 [JavaFX Application Thread] DEBUG Input                - Registered new binding: Change trafficlight status - F
03:17:42.872 [JavaFX Application Thread] DEBUG Input                - Registered new binding: Move Right - D
03:17:42.872 [JavaFX Application Thread] DEBUG Input                - Registered new binding: Move Left - A
03:17:42.872 [JavaFX Application Thread] DEBUG Input                - Registered new binding: Move Up - W
03:17:42.872 [JavaFX Application Thread] DEBUG Input                - Registered new binding: Move Down - S
03:17:42.872 [JavaFX Application Thread] DEBUG Input                - Registered new binding: Spawn Car - Space
03:17:42.873 [JavaFX Application Thread] DEBUG Input                - Registered new binding: Select and change traffic light - LMB
03:17:42.873 [JavaFX Application Thread] DEBUG FXGLAssetLoaderServi - Loading from file system: /assets/textures/fxgl_icon.png
03:17:42.882 [JavaFX Application Thread] DEBUG FXGLAssetLoaderServi - Loading from file system: /assets/ui/cursors/fxgl_default.png
03:17:42.883 [JavaFX Application Thread] DEBUG Input                - Registered new binding: Screenshot - P
03:17:42.883 [JavaFX Application Thread] DEBUG Input                - Registered new binding: Dev Options - 1
03:17:42.884 [JavaFX Application Thread] DEBUG Input                - Registered new binding: Dev Console - 2
03:17:42.884 [JavaFX Application Thread] DEBUG Input                - Registered new binding: System info dump - CTRL+9
03:17:42.885 [JavaFX Application Thread] DEBUG Input                - Registered new binding: Restart - CTRL+R
03:17:42.885 [JavaFX Application Thread] DEBUG Input                - Registered new binding: Toggle Debug Camera - CTRL+C
03:17:42.887 [JavaFX Application Thread] DEBUG LoopRunner           - Starting loop
03:17:42.900 [JavaFX Application Thread] DEBUG Input                - Clearing active input actions
03:17:42.936 [JavaFX Application Thread] DEBUG GameApplicationServi - Removing overlay from StartupScene and adding to FXGLMainMenuDummyScene
03:17:42.940 [JavaFX Application Thread] DEBUG MainWindow           - StartupScene -> FXGLMainMenuDummyScene
03:17:42.940 [JavaFX Application Thread] DEBUG MainWindow           - Push state: TrafficAppMenu
03:17:42.941 [JavaFX Application Thread] DEBUG Input                - Clearing active input actions
03:17:42.945 [JavaFX Application Thread] DEBUG GameApplicationServi - Removing overlay from FXGLMainMenuDummyScene and adding to TrafficAppMenu
03:17:42.946 [JavaFX Application Thread] DEBUG MainWindow           - FXGLMainMenuDummyScene -> TrafficAppMenu
03:17:43.530 [FXGL Background Thread 4 ] DEBUG FXGLAssetLoaderServi - Loading from file system: /assets/ui/fonts/Abel-Regular.ttf
03:17:43.533 [FXGL Background Thread 4 ] DEBUG FXGLAssetLoaderServi - Loading from file system: /assets/ui/fonts/lucida_console.ttf
03:17:43.537 [FXGL Background Thread 4 ] DEBUG FXGLAssetLoaderServi - Loading from file system: /assets/ui/fonts/Courier-Prime.ttf
03:17:43.540 [JavaFX Application Thread] DEBUG FXGLApplication      - Registering font factories with UI factory
03:17:44.567 [JavaFX Application Thread] DEBUG Menu                 - fireNewGame()
03:17:44.567 [JavaFX Application Thread] DEBUG GameApplicationServi - Starting new game
03:17:44.567 [JavaFX Application Thread] DEBUG MainWindow           - Pop state: TrafficAppMenu
03:17:44.568 [JavaFX Application Thread] DEBUG Input                - Clearing active input actions
03:17:44.569 [JavaFX Application Thread] DEBUG GameApplicationServi - Removing overlay from TrafficAppMenu and adding to FXGLMainMenuDummyScene
03:17:44.570 [JavaFX Application Thread] DEBUG MainWindow           - FXGLMainMenuDummyScene <- TrafficAppMenu
03:17:44.570 [JavaFX Application Thread] DEBUG Input                - Clearing active input actions
03:17:44.576 [JavaFX Application Thread] DEBUG GameApplicationServi - Removing overlay from FXGLMainMenuDummyScene and adding to FXGLLoadingScene
03:17:44.576 [JavaFX Application Thread] DEBUG MainWindow           - FXGLMainMenuDummyScene -> FXGLLoadingScene
03:17:44.577 [JavaFX Application Thread] DEBUG GameApplicationServi - Clearing previous game
03:17:44.577 [JavaFX Application Thread] DEBUG GameScene            - Clearing game scene
03:17:44.577 [JavaFX Application Thread] DEBUG GameWorld            - Clearing game world
03:17:44.577 [JavaFX Application Thread] DEBUG PhysicsWorld         - Clearing physics world
03:17:44.578 [FXGL Background Thread 2 ] DEBUG FXGLApplication      - Initializing game
03:17:44.583 [FXGL Background Thread 2 ] DEBUG FXGLAssetLoaderServi - Loading from file system: /assets/levels/Mappa_01.tmx
03:17:44.604 [FXGL Background Thread 2 ] WARN  TMXLevelLoader       - TiledMap generated from 1.4.1. Supported version: 1.2.3. Some features may not be parsed fully.
03:17:44.624 [FXGL Background Thread 2 ] DEBUG TMXLevelLoader       - Parsed raw map: TiledMap(width=16, height=9, tilewidth=125, tileheight=125, orientation=orthogonal, layers=[Layer(width=16, height=9, name=Tile Layer 1, type=tilelayer, visible=false, x=0, y=0, data=[24, 24, 24, 26, 5, 28, 24, 24, 24, 24, 24, 26, 5, 28, 24, 24, 25, 25, 25, 32, 5, 34, 25, 25, 25, 25, 25, 32, 5, 34, 25, 25, 6, 6, 6, 6, 7, 6, 6, 6, 6, 6, 6, 6, 7, 6, 6, 6, 27, 27, 27, 33, 5, 21, 13, 13, 13, 13, 13, 19, 5, 35, 27, 27, 24, 24, 24, 26, 5, 14, 10, 10, 10, 10, 10, 12, 5, 28, 24, 24, 25, 25, 25, 32, 5, 20, 11, 11, 11, 11, 11, 18, 5, 34, 25, 25, 6, 6, 6, 6, 7, 6, 6, 6, 6, 6, 6, 6, 7, 6, 6, 6, 27, 27, 27, 33, 5, 35, 27, 27, 27, 27, 27, 33, 5, 35, 27, 27, 24, 24, 24, 26, 5, 28, 24, 24, 24, 24, 24, 26, 5, 28, 24, 24], objects=[], opacity=0.0, draworder=), Layer(width=0, height=0, name=spawnpoints, type=objectgroup, visible=false, x=0, y=0, data=[], objects=[com.almasb.fxgl.entity.level.tiled.TiledObject@56e403a5, com.almasb.fxgl.entity.level.tiled.TiledObject@4127de46, com.almasb.fxgl.entity.level.tiled.TiledObject@3d4ea2da, com.almasb.fxgl.entity.level.tiled.TiledObject@1e9985fb, com.almasb.fxgl.entity.level.tiled.TiledObject@681654a6, com.almasb.fxgl.entity.level.tiled.TiledObject@173c620c, com.almasb.fxgl.entity.level.tiled.TiledObject@5f2c5a43, com.almasb.fxgl.entity.level.tiled.TiledObject@d48aa00], opacity=0.0, draworder=), Layer(width=0, height=0, name=paths, type=objectgroup, visible=false, x=0, y=0, data=[], objects=[com.almasb.fxgl.entity.level.tiled.TiledObject@57217c6b, com.almasb.fxgl.entity.level.tiled.TiledObject@23794881, com.almasb.fxgl.entity.level.tiled.TiledObject@1e3ae0ef, com.almasb.fxgl.entity.level.tiled.TiledObject@566a5182, com.almasb.fxgl.entity.level.tiled.TiledObject@a74bd00, com.almasb.fxgl.entity.level.tiled.TiledObject@6320d18f, com.almasb.fxgl.entity.level.tiled.TiledObject@2ad4689c, com.almasb.fxgl.entity.level.tiled.TiledObject@2e36ca05, com.almasb.fxgl.entity.level.tiled.TiledObject@185ee7e, com.almasb.fxgl.entity.level.tiled.TiledObject@64cceb68, com.almasb.fxgl.entity.level.tiled.TiledObject@6dd5efe5, com.almasb.fxgl.entity.level.tiled.TiledObject@752b66b8, com.almasb.fxgl.entity.level.tiled.TiledObject@5bf3907d, com.almasb.fxgl.entity.level.tiled.TiledObject@58e7b7c0, com.almasb.fxgl.entity.level.tiled.TiledObject@1a8fd1fe, com.almasb.fxgl.entity.level.tiled.TiledObject@343f7ab1, com.almasb.fxgl.entity.level.tiled.TiledObject@73087433, com.almasb.fxgl.entity.level.tiled.TiledObject@16349425, com.almasb.fxgl.entity.level.tiled.TiledObject@72d0b73c, com.almasb.fxgl.entity.level.tiled.TiledObject@3df5b125, com.almasb.fxgl.entity.level.tiled.TiledObject@d6cf344, com.almasb.fxgl.entity.level.tiled.TiledObject@3f4bdb70, com.almasb.fxgl.entity.level.tiled.TiledObject@4855f2f2, com.almasb.fxgl.entity.level.tiled.TiledObject@58b90e44], opacity=0.0, draworder=), Layer(width=0, height=0, name=Incroci, type=objectgroup, visible=false, x=0, y=0, data=[], objects=[com.almasb.fxgl.entity.level.tiled.TiledObject@322520c4, com.almasb.fxgl.entity.level.tiled.TiledObject@5354edab, com.almasb.fxgl.entity.level.tiled.TiledObject@34f15751, com.almasb.fxgl.entity.level.tiled.TiledObject@24aaa4a5], opacity=0.0, draworder=), Layer(width=0, height=0, name=trafficLight, type=objectgroup, visible=false, x=0, y=0, data=[], objects=[com.almasb.fxgl.entity.level.tiled.TiledObject@3f9283f4, com.almasb.fxgl.entity.level.tiled.TiledObject@4bdf0818, com.almasb.fxgl.entity.level.tiled.TiledObject@75aa95ed, com.almasb.fxgl.entity.level.tiled.TiledObject@4549871, com.almasb.fxgl.entity.level.tiled.TiledObject@2f72362c, com.almasb.fxgl.entity.level.tiled.TiledObject@1c5e7412, com.almasb.fxgl.entity.level.tiled.TiledObject@3d7a8f89, com.almasb.fxgl.entity.level.tiled.TiledObject@1d4d0f47, com.almasb.fxgl.entity.level.tiled.TiledObject@23b08994, com.almasb.fxgl.entity.level.tiled.TiledObject@4ca18714, com.almasb.fxgl.entity.level.tiled.TiledObject@254e4fce, com.almasb.fxgl.entity.level.tiled.TiledObject@508c5b17, com.almasb.fxgl.entity.level.tiled.TiledObject@775784bb, com.almasb.fxgl.entity.level.tiled.TiledObject@378e3462, com.almasb.fxgl.entity.level.tiled.TiledObject@60693d62, com.almasb.fxgl.entity.level.tiled.TiledObject@520f969b], opacity=0.0, draworder=)], tilesets=[Tileset(firstgid=1, image=../textures/rsz_tiles_sheet.png, name=rsz_tiles_sheet, tilewidth=125, tileheight=125, imagewidth=875, imageheight=750, margin=0, spacing=0, columns=7, tilecount=42, transparentcolor=41ffef, tiles=[])], backgroundcolor=, renderorder=left-up, nextobjectid=66, version=1, tiledversion=1.4.1, type=map, infinite=false, hexsidelength=0, staggeraxis=, staggerindex=, properties={}, propertytypes={})
03:17:44.624 [FXGL Background Thread 2 ] DEBUG TMXLevelLoader       - Creating tile layer entities
03:17:44.625 [FXGL Background Thread 2 ] DEBUG TilesetLoader        - Loading view for layer Tile Layer 1
03:17:44.629 [FXGL Background Thread 2 ] DEBUG TilesetLoader        - Created buffer with size 2000.0x1125.0
03:17:44.719 [FXGL Background Thread 2 ] DEBUG TilesetLoader        - Writing to buffer: dst=0,0, w=125,h=125, src=250,375
03:17:44.719 [FXGL Background Thread 2 ] DEBUG TilesetLoader        - Writing to buffer: dst=125,0, w=125,h=125, src=250,375
03:17:44.720 [FXGL Background Thread 2 ] DEBUG TilesetLoader        - Writing to buffer: dst=250,0, w=125,h=125, src=250,375
03:17:44.720 [FXGL Background Thread 2 ] DEBUG TilesetLoader        - Writing to buffer: dst=375,0, w=125,h=125, src=500,375
03:17:44.721 [FXGL Background Thread 2 ] DEBUG TilesetLoader        - Writing to buffer: dst=500,0, w=125,h=125, src=500,0
03:17:44.721 [FXGL Background Thread 2 ] DEBUG TilesetLoader        - Writing to buffer: dst=625,0, w=125,h=125, src=750,375
03:17:44.722 [FXGL Background Thread 2 ] DEBUG TilesetLoader        - Writing to buffer: dst=750,0, w=125,h=125, src=250,375
03:17:44.722 [FXGL Background Thread 2 ] DEBUG TilesetLoader        - Writing to buffer: dst=875,0, w=125,h=125, src=250,375
03:17:44.722 [FXGL Background Thread 2 ] DEBUG TilesetLoader        - Writing to buffer: dst=1000,0, w=125,h=125, src=250,375
03:17:44.722 [FXGL Background Thread 2 ] DEBUG TilesetLoader        - Writing to buffer: dst=1125,0, w=125,h=125, src=250,375
03:17:44.722 [FXGL Background Thread 2 ] DEBUG TilesetLoader        - Writing to buffer: dst=1250,0, w=125,h=125, src=250,375
03:17:44.722 [FXGL Background Thread 2 ] DEBUG TilesetLoader        - Writing to buffer: dst=1375,0, w=125,h=125, src=500,375
03:17:44.724 [FXGL Background Thread 2 ] DEBUG TilesetLoader        - Writing to buffer: dst=1500,0, w=125,h=125, src=500,0
03:17:44.725 [FXGL Background Thread 2 ] DEBUG TilesetLoader        - Writing to buffer: dst=1625,0, w=125,h=125, src=750,375
03:17:44.725 [FXGL Background Thread 2 ] DEBUG TilesetLoader        - Writing to buffer: dst=1750,0, w=125,h=125, src=250,375
03:17:44.726 [FXGL Background Thread 2 ] DEBUG TilesetLoader        - Writing to buffer: dst=1875,0, w=125,h=125, src=250,375
03:17:44.727 [FXGL Background Thread 2 ] DEBUG TilesetLoader        - Writing to buffer: dst=0,125, w=125,h=125, src=375,375
03:17:44.727 [FXGL Background Thread 2 ] DEBUG TilesetLoader        - Writing to buffer: dst=125,125, w=125,h=125, src=375,375
03:17:44.728 [FXGL Background Thread 2 ] DEBUG TilesetLoader        - Writing to buffer: dst=250,125, w=125,h=125, src=375,375
03:17:44.728 [FXGL Background Thread 2 ] DEBUG TilesetLoader        - Writing to buffer: dst=375,125, w=125,h=125, src=375,500
03:17:44.728 [FXGL Background Thread 2 ] DEBUG TilesetLoader        - Writing to buffer: dst=500,125, w=125,h=125, src=500,0
03:17:44.728 [FXGL Background Thread 2 ] DEBUG TilesetLoader        - Writing to buffer: dst=625,125, w=125,h=125, src=625,500
03:17:44.728 [FXGL Background Thread 2 ] DEBUG TilesetLoader        - Writing to buffer: dst=750,125, w=125,h=125, src=375,375
03:17:44.728 [FXGL Background Thread 2 ] DEBUG TilesetLoader        - Writing to buffer: dst=875,125, w=125,h=125, src=375,375
03:17:44.729 [FXGL Background Thread 2 ] DEBUG TilesetLoader        - Writing to buffer: dst=1000,125, w=125,h=125, src=375,375
03:17:44.729 [FXGL Background Thread 2 ] DEBUG TilesetLoader        - Writing to buffer: dst=1125,125, w=125,h=125, src=375,375
03:17:44.729 [FXGL Background Thread 2 ] DEBUG TilesetLoader        - Writing to buffer: dst=1250,125, w=125,h=125, src=375,375
03:17:44.729 [FXGL Background Thread 2 ] DEBUG TilesetLoader        - Writing to buffer: dst=1375,125, w=125,h=125, src=375,500
03:17:44.729 [FXGL Background Thread 2 ] DEBUG TilesetLoader        - Writing to buffer: dst=1500,125, w=125,h=125, src=500,0
03:17:44.730 [FXGL Background Thread 2 ] DEBUG TilesetLoader        - Writing to buffer: dst=1625,125, w=125,h=125, src=625,500
03:17:44.731 [FXGL Background Thread 2 ] DEBUG TilesetLoader        - Writing to buffer: dst=1750,125, w=125,h=125, src=375,375
03:17:44.731 [FXGL Background Thread 2 ] DEBUG TilesetLoader        - Writing to buffer: dst=1875,125, w=125,h=125, src=375,375
03:17:44.731 [FXGL Background Thread 2 ] DEBUG TilesetLoader        - Writing to buffer: dst=0,250, w=125,h=125, src=625,0
03:17:44.731 [FXGL Background Thread 2 ] DEBUG TilesetLoader        - Writing to buffer: dst=125,250, w=125,h=125, src=625,0
03:17:44.731 [FXGL Background Thread 2 ] DEBUG TilesetLoader        - Writing to buffer: dst=250,250, w=125,h=125, src=625,0
03:17:44.732 [FXGL Background Thread 2 ] DEBUG TilesetLoader        - Writing to buffer: dst=375,250, w=125,h=125, src=625,0
03:17:44.732 [FXGL Background Thread 2 ] DEBUG TilesetLoader        - Writing to buffer: dst=500,250, w=125,h=125, src=750,0
03:17:44.732 [FXGL Background Thread 2 ] DEBUG TilesetLoader        - Writing to buffer: dst=625,250, w=125,h=125, src=625,0
03:17:44.732 [FXGL Background Thread 2 ] DEBUG TilesetLoader        - Writing to buffer: dst=750,250, w=125,h=125, src=625,0
03:17:44.732 [FXGL Background Thread 2 ] DEBUG TilesetLoader        - Writing to buffer: dst=875,250, w=125,h=125, src=625,0
03:17:44.732 [FXGL Background Thread 2 ] DEBUG TilesetLoader        - Writing to buffer: dst=1000,250, w=125,h=125, src=625,0
03:17:44.733 [FXGL Background Thread 2 ] DEBUG TilesetLoader        - Writing to buffer: dst=1125,250, w=125,h=125, src=625,0
03:17:44.733 [FXGL Background Thread 2 ] DEBUG TilesetLoader        - Writing to buffer: dst=1250,250, w=125,h=125, src=625,0
03:17:44.734 [FXGL Background Thread 2 ] DEBUG TilesetLoader        - Writing to buffer: dst=1375,250, w=125,h=125, src=625,0
03:17:44.734 [FXGL Background Thread 2 ] DEBUG TilesetLoader        - Writing to buffer: dst=1500,250, w=125,h=125, src=750,0
03:17:44.734 [FXGL Background Thread 2 ] DEBUG TilesetLoader        - Writing to buffer: dst=1625,250, w=125,h=125, src=625,0
03:17:44.734 [FXGL Background Thread 2 ] DEBUG TilesetLoader        - Writing to buffer: dst=1750,250, w=125,h=125, src=625,0
03:17:44.734 [FXGL Background Thread 2 ] DEBUG TilesetLoader        - Writing to buffer: dst=1875,250, w=125,h=125, src=625,0
03:17:44.734 [FXGL Background Thread 2 ] DEBUG TilesetLoader        - Writing to buffer: dst=0,375, w=125,h=125, src=625,375
03:17:44.735 [FXGL Background Thread 2 ] DEBUG TilesetLoader        - Writing to buffer: dst=125,375, w=125,h=125, src=625,375
03:17:44.735 [FXGL Background Thread 2 ] DEBUG TilesetLoader        - Writing to buffer: dst=250,375, w=125,h=125, src=625,375
03:17:44.735 [FXGL Background Thread 2 ] DEBUG TilesetLoader        - Writing to buffer: dst=375,375, w=125,h=125, src=500,500
03:17:44.735 [FXGL Background Thread 2 ] DEBUG TilesetLoader        - Writing to buffer: dst=500,375, w=125,h=125, src=500,0
03:17:44.735 [FXGL Background Thread 2 ] DEBUG TilesetLoader        - Writing to buffer: dst=625,375, w=125,h=125, src=750,250
03:17:44.735 [FXGL Background Thread 2 ] DEBUG TilesetLoader        - Writing to buffer: dst=750,375, w=125,h=125, src=625,125
03:17:44.736 [FXGL Background Thread 2 ] DEBUG TilesetLoader        - Writing to buffer: dst=875,375, w=125,h=125, src=625,125
03:17:44.736 [FXGL Background Thread 2 ] DEBUG TilesetLoader        - Writing to buffer: dst=1000,375, w=125,h=125, src=625,125
03:17:44.736 [FXGL Background Thread 2 ] DEBUG TilesetLoader        - Writing to buffer: dst=1125,375, w=125,h=125, src=625,125
03:17:44.736 [FXGL Background Thread 2 ] DEBUG TilesetLoader        - Writing to buffer: dst=1250,375, w=125,h=125, src=625,125
03:17:44.736 [FXGL Background Thread 2 ] DEBUG TilesetLoader        - Writing to buffer: dst=1375,375, w=125,h=125, src=500,250
03:17:44.736 [FXGL Background Thread 2 ] DEBUG TilesetLoader        - Writing to buffer: dst=1500,375, w=125,h=125, src=500,0
03:17:44.736 [FXGL Background Thread 2 ] DEBUG TilesetLoader        - Writing to buffer: dst=1625,375, w=125,h=125, src=750,500
03:17:44.736 [FXGL Background Thread 2 ] DEBUG TilesetLoader        - Writing to buffer: dst=1750,375, w=125,h=125, src=625,375
03:17:44.737 [FXGL Background Thread 2 ] DEBUG TilesetLoader        - Writing to buffer: dst=1875,375, w=125,h=125, src=625,375
03:17:44.737 [FXGL Background Thread 2 ] DEBUG TilesetLoader        - Writing to buffer: dst=0,500, w=125,h=125, src=250,375
03:17:44.737 [FXGL Background Thread 2 ] DEBUG TilesetLoader        - Writing to buffer: dst=125,500, w=125,h=125, src=250,375
03:17:44.737 [FXGL Background Thread 2 ] DEBUG TilesetLoader        - Writing to buffer: dst=250,500, w=125,h=125, src=250,375
03:17:44.737 [FXGL Background Thread 2 ] DEBUG TilesetLoader        - Writing to buffer: dst=375,500, w=125,h=125, src=500,375
03:17:44.737 [FXGL Background Thread 2 ] DEBUG TilesetLoader        - Writing to buffer: dst=500,500, w=125,h=125, src=500,0
03:17:44.737 [FXGL Background Thread 2 ] DEBUG TilesetLoader        - Writing to buffer: dst=625,500, w=125,h=125, src=750,125
03:17:44.738 [FXGL Background Thread 2 ] DEBUG TilesetLoader        - Writing to buffer: dst=750,500, w=125,h=125, src=250,125
03:17:44.738 [FXGL Background Thread 2 ] DEBUG TilesetLoader        - Writing to buffer: dst=875,500, w=125,h=125, src=250,125
03:17:44.738 [FXGL Background Thread 2 ] DEBUG TilesetLoader        - Writing to buffer: dst=1000,500, w=125,h=125, src=250,125
03:17:44.738 [FXGL Background Thread 2 ] DEBUG TilesetLoader        - Writing to buffer: dst=1125,500, w=125,h=125, src=250,125
03:17:44.738 [FXGL Background Thread 2 ] DEBUG TilesetLoader        - Writing to buffer: dst=1250,500, w=125,h=125, src=250,125
03:17:44.738 [FXGL Background Thread 2 ] DEBUG TilesetLoader        - Writing to buffer: dst=1375,500, w=125,h=125, src=500,125
03:17:44.738 [FXGL Background Thread 2 ] DEBUG TilesetLoader        - Writing to buffer: dst=1500,500, w=125,h=125, src=500,0
03:17:44.738 [FXGL Background Thread 2 ] DEBUG TilesetLoader        - Writing to buffer: dst=1625,500, w=125,h=125, src=750,375
03:17:44.738 [FXGL Background Thread 2 ] DEBUG TilesetLoader        - Writing to buffer: dst=1750,500, w=125,h=125, src=250,375
03:17:44.739 [FXGL Background Thread 2 ] DEBUG TilesetLoader        - Writing to buffer: dst=1875,500, w=125,h=125, src=250,375
03:17:44.739 [FXGL Background Thread 2 ] DEBUG TilesetLoader        - Writing to buffer: dst=0,625, w=125,h=125, src=375,375
03:17:44.739 [FXGL Background Thread 2 ] DEBUG TilesetLoader        - Writing to buffer: dst=125,625, w=125,h=125, src=375,375
03:17:44.739 [FXGL Background Thread 2 ] DEBUG TilesetLoader        - Writing to buffer: dst=250,625, w=125,h=125, src=375,375
03:17:44.739 [FXGL Background Thread 2 ] DEBUG TilesetLoader        - Writing to buffer: dst=375,625, w=125,h=125, src=375,500
03:17:44.739 [FXGL Background Thread 2 ] DEBUG TilesetLoader        - Writing to buffer: dst=500,625, w=125,h=125, src=500,0
03:17:44.739 [FXGL Background Thread 2 ] DEBUG TilesetLoader        - Writing to buffer: dst=625,625, w=125,h=125, src=625,250
03:17:44.740 [FXGL Background Thread 2 ] DEBUG TilesetLoader        - Writing to buffer: dst=750,625, w=125,h=125, src=375,125
03:17:44.740 [FXGL Background Thread 2 ] DEBUG TilesetLoader        - Writing to buffer: dst=875,625, w=125,h=125, src=375,125
03:17:44.740 [FXGL Background Thread 2 ] DEBUG TilesetLoader        - Writing to buffer: dst=1000,625, w=125,h=125, src=375,125
03:17:44.740 [FXGL Background Thread 2 ] DEBUG TilesetLoader        - Writing to buffer: dst=1125,625, w=125,h=125, src=375,125
03:17:44.740 [FXGL Background Thread 2 ] DEBUG TilesetLoader        - Writing to buffer: dst=1250,625, w=125,h=125, src=375,125
03:17:44.740 [FXGL Background Thread 2 ] DEBUG TilesetLoader        - Writing to buffer: dst=1375,625, w=125,h=125, src=375,250
03:17:44.740 [FXGL Background Thread 2 ] DEBUG TilesetLoader        - Writing to buffer: dst=1500,625, w=125,h=125, src=500,0
03:17:44.740 [FXGL Background Thread 2 ] DEBUG TilesetLoader        - Writing to buffer: dst=1625,625, w=125,h=125, src=625,500
03:17:44.740 [FXGL Background Thread 2 ] DEBUG TilesetLoader        - Writing to buffer: dst=1750,625, w=125,h=125, src=375,375
03:17:44.740 [FXGL Background Thread 2 ] DEBUG TilesetLoader        - Writing to buffer: dst=1875,625, w=125,h=125, src=375,375
03:17:44.741 [FXGL Background Thread 2 ] DEBUG TilesetLoader        - Writing to buffer: dst=0,750, w=125,h=125, src=625,0
03:17:44.741 [FXGL Background Thread 2 ] DEBUG TilesetLoader        - Writing to buffer: dst=125,750, w=125,h=125, src=625,0
03:17:44.741 [FXGL Background Thread 2 ] DEBUG TilesetLoader        - Writing to buffer: dst=250,750, w=125,h=125, src=625,0
03:17:44.741 [FXGL Background Thread 2 ] DEBUG TilesetLoader        - Writing to buffer: dst=375,750, w=125,h=125, src=625,0
03:17:44.741 [FXGL Background Thread 2 ] DEBUG TilesetLoader        - Writing to buffer: dst=500,750, w=125,h=125, src=750,0
03:17:44.741 [FXGL Background Thread 2 ] DEBUG TilesetLoader        - Writing to buffer: dst=625,750, w=125,h=125, src=625,0
03:17:44.741 [FXGL Background Thread 2 ] DEBUG TilesetLoader        - Writing to buffer: dst=750,750, w=125,h=125, src=625,0
03:17:44.741 [FXGL Background Thread 2 ] DEBUG TilesetLoader        - Writing to buffer: dst=875,750, w=125,h=125, src=625,0
03:17:44.741 [FXGL Background Thread 2 ] DEBUG TilesetLoader        - Writing to buffer: dst=1000,750, w=125,h=125, src=625,0
03:17:44.742 [FXGL Background Thread 2 ] DEBUG TilesetLoader        - Writing to buffer: dst=1125,750, w=125,h=125, src=625,0
03:17:44.742 [FXGL Background Thread 2 ] DEBUG TilesetLoader        - Writing to buffer: dst=1250,750, w=125,h=125, src=625,0
03:17:44.742 [FXGL Background Thread 2 ] DEBUG TilesetLoader        - Writing to buffer: dst=1375,750, w=125,h=125, src=625,0
03:17:44.742 [FXGL Background Thread 2 ] DEBUG TilesetLoader        - Writing to buffer: dst=1500,750, w=125,h=125, src=750,0
03:17:44.742 [FXGL Background Thread 2 ] DEBUG TilesetLoader        - Writing to buffer: dst=1625,750, w=125,h=125, src=625,0
03:17:44.742 [FXGL Background Thread 2 ] DEBUG TilesetLoader        - Writing to buffer: dst=1750,750, w=125,h=125, src=625,0
03:17:44.742 [FXGL Background Thread 2 ] DEBUG TilesetLoader        - Writing to buffer: dst=1875,750, w=125,h=125, src=625,0
03:17:44.742 [FXGL Background Thread 2 ] DEBUG TilesetLoader        - Writing to buffer: dst=0,875, w=125,h=125, src=625,375
03:17:44.742 [FXGL Background Thread 2 ] DEBUG TilesetLoader        - Writing to buffer: dst=125,875, w=125,h=125, src=625,375
03:17:44.742 [FXGL Background Thread 2 ] DEBUG TilesetLoader        - Writing to buffer: dst=250,875, w=125,h=125, src=625,375
03:17:44.742 [FXGL Background Thread 2 ] DEBUG TilesetLoader        - Writing to buffer: dst=375,875, w=125,h=125, src=500,500
03:17:44.743 [FXGL Background Thread 2 ] DEBUG TilesetLoader        - Writing to buffer: dst=500,875, w=125,h=125, src=500,0
03:17:44.743 [FXGL Background Thread 2 ] DEBUG TilesetLoader        - Writing to buffer: dst=625,875, w=125,h=125, src=750,500
03:17:44.743 [FXGL Background Thread 2 ] DEBUG TilesetLoader        - Writing to buffer: dst=750,875, w=125,h=125, src=625,375
03:17:44.743 [FXGL Background Thread 2 ] DEBUG TilesetLoader        - Writing to buffer: dst=875,875, w=125,h=125, src=625,375
03:17:44.743 [FXGL Background Thread 2 ] DEBUG TilesetLoader        - Writing to buffer: dst=1000,875, w=125,h=125, src=625,375
03:17:44.743 [FXGL Background Thread 2 ] DEBUG TilesetLoader        - Writing to buffer: dst=1125,875, w=125,h=125, src=625,375
03:17:44.743 [FXGL Background Thread 2 ] DEBUG TilesetLoader        - Writing to buffer: dst=1250,875, w=125,h=125, src=625,375
03:17:44.743 [FXGL Background Thread 2 ] DEBUG TilesetLoader        - Writing to buffer: dst=1375,875, w=125,h=125, src=500,500
03:17:44.744 [FXGL Background Thread 2 ] DEBUG TilesetLoader        - Writing to buffer: dst=1500,875, w=125,h=125, src=500,0
03:17:44.744 [FXGL Background Thread 2 ] DEBUG TilesetLoader        - Writing to buffer: dst=1625,875, w=125,h=125, src=750,500
03:17:44.744 [FXGL Background Thread 2 ] DEBUG TilesetLoader        - Writing to buffer: dst=1750,875, w=125,h=125, src=625,375
03:17:44.744 [FXGL Background Thread 2 ] DEBUG TilesetLoader        - Writing to buffer: dst=1875,875, w=125,h=125, src=625,375
03:17:44.744 [FXGL Background Thread 2 ] DEBUG TilesetLoader        - Writing to buffer: dst=0,1000, w=125,h=125, src=250,375
03:17:44.744 [FXGL Background Thread 2 ] DEBUG TilesetLoader        - Writing to buffer: dst=125,1000, w=125,h=125, src=250,375
03:17:44.744 [FXGL Background Thread 2 ] DEBUG TilesetLoader        - Writing to buffer: dst=250,1000, w=125,h=125, src=250,375
03:17:44.744 [FXGL Background Thread 2 ] DEBUG TilesetLoader        - Writing to buffer: dst=375,1000, w=125,h=125, src=500,375
03:17:44.744 [FXGL Background Thread 2 ] DEBUG TilesetLoader        - Writing to buffer: dst=500,1000, w=125,h=125, src=500,0
03:17:44.744 [FXGL Background Thread 2 ] DEBUG TilesetLoader        - Writing to buffer: dst=625,1000, w=125,h=125, src=750,375
03:17:44.744 [FXGL Background Thread 2 ] DEBUG TilesetLoader        - Writing to buffer: dst=750,1000, w=125,h=125, src=250,375
03:17:44.744 [FXGL Background Thread 2 ] DEBUG TilesetLoader        - Writing to buffer: dst=875,1000, w=125,h=125, src=250,375
03:17:44.745 [FXGL Background Thread 2 ] DEBUG TilesetLoader        - Writing to buffer: dst=1000,1000, w=125,h=125, src=250,375
03:17:44.745 [FXGL Background Thread 2 ] DEBUG TilesetLoader        - Writing to buffer: dst=1125,1000, w=125,h=125, src=250,375
03:17:44.745 [FXGL Background Thread 2 ] DEBUG TilesetLoader        - Writing to buffer: dst=1250,1000, w=125,h=125, src=250,375
03:17:44.745 [FXGL Background Thread 2 ] DEBUG TilesetLoader        - Writing to buffer: dst=1375,1000, w=125,h=125, src=500,375
03:17:44.745 [FXGL Background Thread 2 ] DEBUG TilesetLoader        - Writing to buffer: dst=1500,1000, w=125,h=125, src=500,0
03:17:44.745 [FXGL Background Thread 2 ] DEBUG TilesetLoader        - Writing to buffer: dst=1625,1000, w=125,h=125, src=750,375
03:17:44.745 [FXGL Background Thread 2 ] DEBUG TilesetLoader        - Writing to buffer: dst=1750,1000, w=125,h=125, src=250,375
03:17:44.745 [FXGL Background Thread 2 ] DEBUG TilesetLoader        - Writing to buffer: dst=1875,1000, w=125,h=125, src=250,375
03:17:44.746 [FXGL Background Thread 2 ] DEBUG TMXLevelLoader       - Creating object layer entities
03:17:44.772 [FXGL Background Thread 2 ] DEBUG FXGLAssetLoaderServi - Loading from file system: /assets/textures/semaforoRosso-01.png
03:17:44.785 [FXGL Background Thread 2 ] DEBUG FXGLAssetLoaderServi - Loading from file system: /assets/textures/semaforoVerde-01.png
03:17:44.788 [FXGL Background Thread 2 ] DEBUG FXGLAssetLoaderServi - Loading from cache: /assets/textures/semaforoRosso-01.png
03:17:44.788 [FXGL Background Thread 2 ] DEBUG FXGLAssetLoaderServi - Loading from cache: /assets/textures/semaforoVerde-01.png
03:17:44.789 [FXGL Background Thread 2 ] DEBUG FXGLAssetLoaderServi - Loading from cache: /assets/textures/semaforoRosso-01.png
03:17:44.789 [FXGL Background Thread 2 ] DEBUG FXGLAssetLoaderServi - Loading from cache: /assets/textures/semaforoVerde-01.png
03:17:44.790 [FXGL Background Thread 2 ] DEBUG FXGLAssetLoaderServi - Loading from cache: /assets/textures/semaforoRosso-01.png
03:17:44.790 [FXGL Background Thread 2 ] DEBUG FXGLAssetLoaderServi - Loading from cache: /assets/textures/semaforoVerde-01.png
03:17:44.791 [FXGL Background Thread 2 ] DEBUG FXGLAssetLoaderServi - Loading from file system: /assets/textures/semaforoRosso-04.png
03:17:44.793 [FXGL Background Thread 2 ] DEBUG FXGLAssetLoaderServi - Loading from file system: /assets/textures/semaforoVerde-04.png
03:17:44.796 [FXGL Background Thread 2 ] DEBUG FXGLAssetLoaderServi - Loading from cache: /assets/textures/semaforoRosso-04.png
03:17:44.796 [FXGL Background Thread 2 ] DEBUG FXGLAssetLoaderServi - Loading from cache: /assets/textures/semaforoVerde-04.png
03:17:44.797 [FXGL Background Thread 2 ] DEBUG FXGLAssetLoaderServi - Loading from cache: /assets/textures/semaforoRosso-04.png
03:17:44.797 [FXGL Background Thread 2 ] DEBUG FXGLAssetLoaderServi - Loading from cache: /assets/textures/semaforoVerde-04.png
03:17:44.798 [FXGL Background Thread 2 ] DEBUG FXGLAssetLoaderServi - Loading from cache: /assets/textures/semaforoRosso-04.png
03:17:44.799 [FXGL Background Thread 2 ] DEBUG FXGLAssetLoaderServi - Loading from cache: /assets/textures/semaforoVerde-04.png
03:17:44.800 [FXGL Background Thread 2 ] DEBUG FXGLAssetLoaderServi - Loading from file system: /assets/textures/semaforoRosso-03.png
03:17:44.801 [FXGL Background Thread 2 ] DEBUG FXGLAssetLoaderServi - Loading from file system: /assets/textures/semaforoVerde-03.png
03:17:44.803 [FXGL Background Thread 2 ] DEBUG FXGLAssetLoaderServi - Loading from cache: /assets/textures/semaforoRosso-03.png
03:17:44.804 [FXGL Background Thread 2 ] DEBUG FXGLAssetLoaderServi - Loading from cache: /assets/textures/semaforoVerde-03.png
03:17:44.804 [FXGL Background Thread 2 ] DEBUG FXGLAssetLoaderServi - Loading from cache: /assets/textures/semaforoRosso-03.png
03:17:44.805 [FXGL Background Thread 2 ] DEBUG FXGLAssetLoaderServi - Loading from cache: /assets/textures/semaforoVerde-03.png
03:17:44.805 [FXGL Background Thread 2 ] DEBUG FXGLAssetLoaderServi - Loading from cache: /assets/textures/semaforoRosso-03.png
03:17:44.805 [FXGL Background Thread 2 ] DEBUG FXGLAssetLoaderServi - Loading from cache: /assets/textures/semaforoVerde-03.png
03:17:44.806 [FXGL Background Thread 2 ] DEBUG FXGLAssetLoaderServi - Loading from file system: /assets/textures/semaforoRosso-02.png
03:17:44.807 [FXGL Background Thread 2 ] DEBUG FXGLAssetLoaderServi - Loading from file system: /assets/textures/semaforoVerde-02.png
03:17:44.810 [FXGL Background Thread 2 ] DEBUG FXGLAssetLoaderServi - Loading from cache: /assets/textures/semaforoRosso-02.png
03:17:44.810 [FXGL Background Thread 2 ] DEBUG FXGLAssetLoaderServi - Loading from cache: /assets/textures/semaforoVerde-02.png
03:17:44.811 [FXGL Background Thread 2 ] DEBUG FXGLAssetLoaderServi - Loading from cache: /assets/textures/semaforoRosso-02.png
03:17:44.811 [FXGL Background Thread 2 ] DEBUG FXGLAssetLoaderServi - Loading from cache: /assets/textures/semaforoVerde-02.png
03:17:44.812 [FXGL Background Thread 2 ] DEBUG FXGLAssetLoaderServi - Loading from cache: /assets/textures/semaforoRosso-02.png
03:17:44.812 [FXGL Background Thread 2 ] DEBUG FXGLAssetLoaderServi - Loading from cache: /assets/textures/semaforoVerde-02.png
03:17:44.814 [FXGL Background Thread 2 ] DEBUG GameWorld            - Clearing removable entities
03:17:44.815 [FXGL Background Thread 2 ] DEBUG GameWorld            - Setting level: com.almasb.fxgl.entity.level.Level@1a053199
03:17:44.819 [FXGL Background Thread 2 ] DEBUG FXGLAssetLoaderServi - Loading from file system: /assets/textures/pointer-sprite.png
03:17:44.844 [FXGL Background Thread 2 ] INFO  FXGLApplication      - Game initialization took: 0,266 sec
03:17:44.845 [JavaFX Application Thread] DEBUG Input                - Clearing active input actions
03:17:44.850 [JavaFX Application Thread] DEBUG GameApplicationServi - Removing overlay from FXGLLoadingScene and adding to GameScene
03:17:44.854 [JavaFX Application Thread] DEBUG MainWindow           - FXGLLoadingScene -> GameScene
03:17:45.819 [FXGL Background Thread 3 ] DEBUG Engine               - Logging environment variables
03:17:45.820 [FXGL Background Thread 3 ] DEBUG Engine               - achievements: []
03:17:45.820 [FXGL Background Thread 3 ] DEBUG Engine               - appIcon: fxgl_icon.png
03:17:45.820 [FXGL Background Thread 3 ] DEBUG Engine               - applicationMode: DEVELOPER
03:17:45.820 [FXGL Background Thread 3 ] DEBUG Engine               - cSSList: [fxgl_dark.css]
03:17:45.820 [FXGL Background Thread 3 ] DEBUG Engine               - configClass: Optional.empty
03:17:45.820 [FXGL Background Thread 3 ] DEBUG Engine               - credits: []
03:17:45.820 [FXGL Background Thread 3 ] DEBUG Engine               - devBBoxColorProperty: ObjectProperty [value: 0xff0000ff]
03:17:45.820 [FXGL Background Thread 3 ] DEBUG Engine               - devEnableDebugCameraProperty: BooleanProperty [value: false]
03:17:45.820 [FXGL Background Thread 3 ] DEBUG Engine               - devSensorColorProperty: ObjectProperty [value: 0xffff00ff]
03:17:45.820 [FXGL Background Thread 3 ] DEBUG Engine               - devShowBBoxProperty: BooleanProperty [value: false]
03:17:45.821 [FXGL Background Thread 3 ] DEBUG Engine               - devShowPositionProperty: BooleanProperty [value: false]
03:17:45.821 [FXGL Background Thread 3 ] DEBUG Engine               - enabledMenuItems: [SAVE_LOAD, EXTRA, ONLINE]
03:17:45.821 [FXGL Background Thread 3 ] DEBUG Engine               - engineServices: [class com.almasb.fxgl.app.FXGLApplication$GameApplicationService, class com.almasb.fxgl.app.services.FXGLDialogService, class com.almasb.fxgl.app.services.IOTaskExecutorService, class com.almasb.fxgl.event.EventBusService, class com.almasb.fxgl.io.FileSystemService, class com.almasb.fxgl.localization.LocalizationService, class com.almasb.fxgl.app.services.FXGLAssetLoaderService, class com.almasb.fxgl.app.services.SystemBundleService, class com.almasb.fxgl.profile.SaveLoadService, class com.almasb.fxgl.ui.FXGLUIFactoryServiceProvider, class com.almasb.fxgl.ui.FXGLDialogFactoryServiceProvider, class com.almasb.fxgl.audio.AudioPlayer, class com.almasb.fxgl.notification.impl.NotificationServiceProvider, class com.almasb.fxgl.achievement.AchievementService, class com.almasb.fxgl.cutscene.CutsceneService, class com.almasb.fxgl.minigames.MiniGameService, class com.almasb.fxgl.net.NetService, class com.almasb.fxgl.app.services.UpdaterService, class com.almasb.fxgl.dev.DevService]
03:17:45.821 [FXGL Background Thread 3 ] DEBUG Engine               - fontGame: Abel-Regular.ttf
03:17:45.821 [FXGL Background Thread 3 ] DEBUG Engine               - fontMono: lucida_console.ttf
03:17:45.821 [FXGL Background Thread 3 ] DEBUG Engine               - fontText: Courier-Prime.ttf
03:17:45.821 [FXGL Background Thread 3 ] DEBUG Engine               - fontUI: VarelaRound-Regular.ttf
03:17:45.821 [FXGL Background Thread 3 ] DEBUG Engine               - fullScreen: BooleanProperty [value: false]
03:17:45.821 [FXGL Background Thread 3 ] DEBUG Engine               - gameDifficulty: MEDIUM
03:17:45.821 [FXGL Background Thread 3 ] DEBUG Engine               - gameDifficultyProperty: ObjectProperty [value: MEDIUM]
03:17:45.821 [FXGL Background Thread 3 ] DEBUG Engine               - globalMusicVolume: 0.5
03:17:45.821 [FXGL Background Thread 3 ] DEBUG Engine               - globalMusicVolumeProperty: DoubleProperty [value: 0.5]
03:17:45.821 [FXGL Background Thread 3 ] DEBUG Engine               - globalSoundVolume: 0.5
03:17:45.821 [FXGL Background Thread 3 ] DEBUG Engine               - globalSoundVolumeProperty: DoubleProperty [value: 0.5]
03:17:45.821 [FXGL Background Thread 3 ] DEBUG Engine               - height: 1125
03:17:45.821 [FXGL Background Thread 3 ] DEBUG Engine               - isAndroid: false
03:17:45.822 [FXGL Background Thread 3 ] DEBUG Engine               - isBrowser: false
03:17:45.822 [FXGL Background Thread 3 ] DEBUG Engine               - isClickFeedbackEnabled: false
03:17:45.822 [FXGL Background Thread 3 ] DEBUG Engine               - isCloseConfirmation: false
03:17:45.822 [FXGL Background Thread 3 ] DEBUG Engine               - isDesktop: true
03:17:45.822 [FXGL Background Thread 3 ] DEBUG Engine               - isDeveloperMenuEnabled: true
03:17:45.822 [FXGL Background Thread 3 ] DEBUG Engine               - isEntityPreloadEnabled: true
03:17:45.823 [FXGL Background Thread 3 ] DEBUG Engine               - isExperimentalNative: false
03:17:45.823 [FXGL Background Thread 3 ] DEBUG Engine               - isExperimentalTiledLargeMap: false
03:17:45.823 [FXGL Background Thread 3 ] DEBUG Engine               - isFileSystemWriteAllowed: true
03:17:45.823 [FXGL Background Thread 3 ] DEBUG Engine               - isFullScreenAllowed: false
03:17:45.823 [FXGL Background Thread 3 ] DEBUG Engine               - isFullScreenFromStart: false
03:17:45.824 [FXGL Background Thread 3 ] DEBUG Engine               - isGameMenuEnabled: true
03:17:45.824 [FXGL Background Thread 3 ] DEBUG Engine               - isIOS: false
03:17:45.826 [FXGL Background Thread 3 ] DEBUG Engine               - isIntroEnabled: false
03:17:45.827 [FXGL Background Thread 3 ] DEBUG Engine               - isLinux: false
03:17:45.827 [FXGL Background Thread 3 ] DEBUG Engine               - isMac: false
03:17:45.827 [FXGL Background Thread 3 ] DEBUG Engine               - isMainMenuEnabled: true
03:17:45.827 [FXGL Background Thread 3 ] DEBUG Engine               - isManualResizeEnabled: true
03:17:45.827 [FXGL Background Thread 3 ] DEBUG Engine               - isMobile: false
03:17:45.827 [FXGL Background Thread 3 ] DEBUG Engine               - isPreserveResizeRatio: true
03:17:45.827 [FXGL Background Thread 3 ] DEBUG Engine               - isProfilingEnabled: false
03:17:45.827 [FXGL Background Thread 3 ] DEBUG Engine               - isSingleStep: false
03:17:45.827 [FXGL Background Thread 3 ] DEBUG Engine               - isUserProfileEnabled: false
03:17:45.828 [FXGL Background Thread 3 ] DEBUG Engine               - isWindows: true
03:17:45.828 [FXGL Background Thread 3 ] DEBUG Engine               - language: ObjectProperty [value: ENGLISH]
03:17:45.828 [FXGL Background Thread 3 ] DEBUG Engine               - menuKey: ESCAPE
03:17:45.828 [FXGL Background Thread 3 ] DEBUG Engine               - notificationViewClass: class com.almasb.fxgl.notification.view.XboxNotificationView
03:17:45.828 [FXGL Background Thread 3 ] DEBUG Engine               - pixelsPerMeter: 50.0
03:17:45.828 [FXGL Background Thread 3 ] DEBUG Engine               - platform: WINDOWS
03:17:45.828 [FXGL Background Thread 3 ] DEBUG Engine               - profileDir: profiles/
03:17:45.828 [FXGL Background Thread 3 ] DEBUG Engine               - profileName: StringProperty [value: DEFAULT]
03:17:45.828 [FXGL Background Thread 3 ] DEBUG Engine               - randomSeed: -1
03:17:45.828 [FXGL Background Thread 3 ] DEBUG Engine               - runtimeInfo: RuntimeInfo(platform=WINDOWS, version=dev-SNAPSHOT, build=08.09.2020 17.31)
03:17:45.828 [FXGL Background Thread 3 ] DEBUG Engine               - saveFileExt: sav
03:17:45.828 [FXGL Background Thread 3 ] DEBUG Engine               - sceneFactory: it.uniroma1.metodologie.trafficGame.TrafficApp$1@78ba189c
03:17:45.829 [FXGL Background Thread 3 ] DEBUG Engine               - secondsIn24h: 60
03:17:45.829 [FXGL Background Thread 3 ] DEBUG Engine               - soundMenuBack: menu/back.wav
03:17:45.829 [FXGL Background Thread 3 ] DEBUG Engine               - soundMenuPress: menu/press.wav
03:17:45.829 [FXGL Background Thread 3 ] DEBUG Engine               - soundMenuSelect: menu/select.wav
03:17:45.829 [FXGL Background Thread 3 ] DEBUG Engine               - soundNotification: core/notification.wav
03:17:45.829 [FXGL Background Thread 3 ] DEBUG Engine               - stageStyle: DECORATED
03:17:45.829 [FXGL Background Thread 3 ] DEBUG Engine               - supportedLanguages: [ENGLISH, FRENCH, GERMAN, HUNGARIAN, RUSSIAN]
03:17:45.829 [FXGL Background Thread 3 ] DEBUG Engine               - title: Traffic
03:17:45.829 [FXGL Background Thread 3 ] DEBUG Engine               - urlGithub: https://github.com/AlmasB/FXGL
03:17:45.829 [FXGL Background Thread 3 ] DEBUG Engine               - urlLeaderboard: http://fxgl-top.herokuapp.com/
03:17:45.829 [FXGL Background Thread 3 ] DEBUG Engine               - urlPOM: https://raw.githubusercontent.com/AlmasB/FXGL/master/pom.xml
03:17:45.829 [FXGL Background Thread 3 ] DEBUG Engine               - version: Alpha 1.0
03:17:45.829 [FXGL Background Thread 3 ] DEBUG Engine               - versionCheckDays: 7
03:17:45.829 [FXGL Background Thread 3 ] DEBUG Engine               - width: 2000
03:17:45.829 [FXGL Background Thread 3 ] DEBUG Engine               - Logging services
03:17:45.831 [FXGL Background Thread 3 ] DEBUG Engine               - class com.almasb.fxgl.app.FXGLApplication$GameApplicationService
03:17:45.831 [FXGL Background Thread 3 ] DEBUG Engine               - class com.almasb.fxgl.app.services.FXGLDialogService
03:17:45.831 [FXGL Background Thread 3 ] DEBUG Engine               - class com.almasb.fxgl.app.services.IOTaskExecutorService
03:17:45.831 [FXGL Background Thread 3 ] DEBUG Engine               - class com.almasb.fxgl.event.EventBusService
03:17:45.831 [FXGL Background Thread 3 ] DEBUG Engine               - class com.almasb.fxgl.io.FileSystemService
03:17:45.831 [FXGL Background Thread 3 ] DEBUG Engine               - class com.almasb.fxgl.localization.LocalizationService
03:17:45.831 [FXGL Background Thread 3 ] DEBUG Engine               - class com.almasb.fxgl.app.services.FXGLAssetLoaderService
03:17:45.831 [FXGL Background Thread 3 ] DEBUG Engine               - class com.almasb.fxgl.app.services.SystemBundleService
03:17:45.831 [FXGL Background Thread 3 ] DEBUG Engine               - class com.almasb.fxgl.profile.SaveLoadService
03:17:45.831 [FXGL Background Thread 3 ] DEBUG Engine               - class com.almasb.fxgl.ui.FXGLUIFactoryServiceProvider
03:17:45.831 [FXGL Background Thread 3 ] DEBUG Engine               - class com.almasb.fxgl.ui.FXGLDialogFactoryServiceProvider
03:17:45.831 [FXGL Background Thread 3 ] DEBUG Engine               - class com.almasb.fxgl.audio.AudioPlayer
03:17:45.831 [FXGL Background Thread 3 ] DEBUG Engine               - class com.almasb.fxgl.notification.impl.NotificationServiceProvider
03:17:45.831 [FXGL Background Thread 3 ] DEBUG Engine               - class com.almasb.fxgl.achievement.AchievementService
03:17:45.831 [FXGL Background Thread 3 ] DEBUG Engine               - class com.almasb.fxgl.cutscene.CutsceneService
03:17:45.831 [FXGL Background Thread 3 ] DEBUG Engine               - class com.almasb.fxgl.minigames.MiniGameService
03:17:45.832 [FXGL Background Thread 3 ] DEBUG Engine               - class com.almasb.fxgl.net.NetService
03:17:45.832 [FXGL Background Thread 3 ] DEBUG Engine               - class com.almasb.fxgl.app.services.UpdaterService
03:17:45.832 [FXGL Background Thread 3 ] DEBUG Engine               - class com.almasb.fxgl.dev.DevService
03:19:06.356 [JavaFX Application Thread] DEBUG FXGLApplication      - Exiting FXGL
03:19:06.356 [JavaFX Application Thread] DEBUG LoopRunner           - Stopping loop
03:19:06.356 [JavaFX Application Thread] DEBUG SystemBundleService  - Saving FXGL system data
03:19:06.358 [JavaFX Application Thread] DEBUG FileSystemAccess     - Writing to: C:\Users\Andrea\Desktop\Homework\traffic-mobile\system\fxgl.bundle
03:19:06.359 [JavaFX Application Thread] DEBUG Async                - Shutting down background threads
03:19:06.359 [JavaFX Application Thread] DEBUG MainWindow           - Closing main window
03:19:06.369 [JavaFX Application Thread] DEBUG Logger               - Closing Logger
