03:15:43.695 [main                     ] DEBUG Logger               - Configured Logger
03:15:43.711 [main                     ] DEBUG GameApplication      - Logging settings
Title: Traffic
Version: Alpha 1.0
Width: 2000
Height: 1125
Fullscreen: false
Intro: false
Profiling: false
Single step:false
App Mode: DEVELOPER
Menu Key: ESCAPE
Stage Style: DECORATED
Scene Factory: class it.uniroma1.metodologie.trafficGame.TrafficApp$1

03:15:44.153 [JavaFX Application Thread] DEBUG FXGLApplication      - Initializing FXGL
03:15:44.159 [JavaFX Application Thread] INFO  Engine               - FXGL-dev-SNAPSHOT (08.09.2020 17.31) on WINDOWS (J:13.0.2 FX:14)
03:15:44.159 [JavaFX Application Thread] DEBUG Engine               - JRE Vendor Name: Oracle Corporation
03:15:44.159 [JavaFX Application Thread] DEBUG Engine               - Running on OS: Windows 10 version 10.0
03:15:44.159 [JavaFX Application Thread] DEBUG Engine               - Architecture: amd64
03:15:44.160 [JavaFX Application Thread] INFO  Engine               - Source code and latest versions at: https://github.com/AlmasB/FXGL
03:15:44.160 [JavaFX Application Thread] INFO  Engine               -              Join the FXGL chat at: https://gitter.im/AlmasB/FXGL
03:15:44.260 [JavaFX Application Thread] DEBUG MainWindow           - Creating a JavaFX scene
03:15:44.306 [JavaFX Application Thread] DEBUG MainWindow           - Target settings size: 2000.0 x 1125.0
03:15:44.307 [JavaFX Application Thread] DEBUG MainWindow           - Scaled scene size:    2000.0 x 1125.0
03:15:44.307 [JavaFX Application Thread] DEBUG MainWindow           - Scaled ratio: (1.0, 1.0)
03:15:44.308 [JavaFX Application Thread] DEBUG MainWindow           - Set initial scene to StartupScene
03:15:44.314 [JavaFX Application Thread] DEBUG MainWindow           - Opening main window
03:15:44.385 [JavaFX Application Thread] DEBUG MainWindow           - Window border size: (16.0, 39.0)
03:15:44.386 [JavaFX Application Thread] DEBUG MainWindow           - Scaled size: 2000.0 x 1125.0
03:15:44.386 [JavaFX Application Thread] DEBUG MainWindow           - Scaled ratio: (1.0, 1.0)
03:15:44.386 [JavaFX Application Thread] DEBUG MainWindow           - Scene size: 2000.0 x 1125.0
03:15:44.386 [JavaFX Application Thread] DEBUG MainWindow           - Stage size: 2016.0 x 1164.0
03:15:44.409 [FXGL Background Thread 1 ] DEBUG Engine               - Initializing environment variables
03:15:44.435 [FXGL Background Thread 1 ] DEBUG GameApplicationServi - Applying CSS: fxgl_dark.css
03:15:44.435 [FXGL Background Thread 1 ] DEBUG FXGLAssetLoaderServi - Loading from file system: /assets/ui/css/fxgl_dark.css
03:15:44.476 [FXGL Background Thread 1 ] DEBUG GameApplicationServi - Initializing application scenes
03:15:44.536 [FXGL Background Thread 1 ] DEBUG GameWorld            - Game world initialized
03:15:44.584 [FXGL Background Thread 1 ] DEBUG PhysicsWorld         - Physics world initialized: appHeight=1125, physics.ppm=50,0
03:15:44.586 [FXGL Background Thread 1 ] DEBUG GameScene            - Game scene initialized: 2000x1125
03:15:44.595 [FXGL Background Thread 1 ] DEBUG FXGLAssetLoaderServi - Loading from file system: /assets/textures/bg.jpg
03:15:44.877 [FXGL Background Thread 1 ] DEBUG FXGLAssetLoaderServi - Loading from file system: /assets/textures/logo.png
03:15:44.957 [FXGL Background Thread 1 ] DEBUG FXGLAssetLoaderServi - Loading from file system: /assets/textures/particles/trace_horizontal.png
03:15:44.977 [FXGL Background Thread 1 ] DEBUG FXGL.DefaultMenu     - createMenuBodyGameMenu()
03:15:44.987 [FXGL Background Thread 1 ] DEBUG FXGL.DefaultMenu     - createOptionsMenu()
03:15:44.991 [FXGL Background Thread 1 ] DEBUG FXGL.DefaultMenu     - createExtraMenu()
03:15:44.993 [FXGL Background Thread 1 ] DEBUG FXGLAssetLoaderServi - Loading from file system: /assets/textures/particles/smoke.png
03:15:45.033 [FXGL Background Thread 1 ] DEBUG GameApplicationServi - Application scenes initialized
03:15:45.041 [FXGL Background Thread 1 ] DEBUG SystemBundleService  - Loading FXGL system data
03:15:45.045 [FXGL Background Thread 1 ] DEBUG FileSystemAccess     - Reading from: C:\Users\Andrea\Desktop\Homework\traffic-mobile\system\fxgl.bundle
03:15:45.051 [FXGL Background Thread 1 ] DEBUG SystemBundleService  - Bundle FXGL: {}
03:15:45.051 [FXGL Background Thread 1 ] DEBUG UpdaterService       - Checking for updates
03:15:45.087 [FXGL Background Thread 4 ] DEBUG FXGLApplication      - Loading fonts
03:15:45.088 [FXGL Background Thread 1 ] DEBUG FXGLApplication      - Loading default localization
03:15:45.088 [FXGL Background Thread 4 ] DEBUG FXGLAssetLoaderServi - Loading from file system: /assets/ui/fonts/VarelaRound-Regular.ttf
03:15:45.088 [FXGL Background Thread 1 ] DEBUG FXGLAssetLoaderServi - Loading from file system: /assets/languages/english.lang
03:15:45.105 [FXGL Background Thread 1 ] INFO  FXGLApplication      - FXGL initialization took: 0,696 sec
03:15:45.113 [JavaFX Application Thread] DEBUG Input                - Registered new binding: Change trafficlight status - F
03:15:45.113 [JavaFX Application Thread] DEBUG Input                - Registered new binding: Move Right - D
03:15:45.113 [JavaFX Application Thread] DEBUG Input                - Registered new binding: Move Left - A
03:15:45.113 [JavaFX Application Thread] DEBUG Input                - Registered new binding: Move Up - W
03:15:45.113 [JavaFX Application Thread] DEBUG Input                - Registered new binding: Move Down - S
03:15:45.113 [JavaFX Application Thread] DEBUG Input                - Registered new binding: Spawn Car - Space
03:15:45.114 [JavaFX Application Thread] DEBUG Input                - Registered new binding: Select and change traffic light - LMB
03:15:45.114 [JavaFX Application Thread] DEBUG FXGLAssetLoaderServi - Loading from file system: /assets/textures/fxgl_icon.png
03:15:45.123 [JavaFX Application Thread] DEBUG FXGLAssetLoaderServi - Loading from file system: /assets/ui/cursors/fxgl_default.png
03:15:45.124 [JavaFX Application Thread] DEBUG Input                - Registered new binding: Screenshot - P
03:15:45.124 [JavaFX Application Thread] DEBUG Input                - Registered new binding: Dev Options - 1
03:15:45.125 [JavaFX Application Thread] DEBUG Input                - Registered new binding: Dev Console - 2
03:15:45.125 [JavaFX Application Thread] DEBUG Input                - Registered new binding: System info dump - CTRL+9
03:15:45.125 [JavaFX Application Thread] DEBUG Input                - Registered new binding: Restart - CTRL+R
03:15:45.127 [JavaFX Application Thread] DEBUG Input                - Registered new binding: Toggle Debug Camera - CTRL+C
03:15:45.128 [JavaFX Application Thread] DEBUG LoopRunner           - Starting loop
03:15:45.138 [JavaFX Application Thread] DEBUG Input                - Clearing active input actions
03:15:45.144 [JavaFX Application Thread] DEBUG GameApplicationServi - Removing overlay from StartupScene and adding to FXGLMainMenuDummyScene
03:15:45.148 [JavaFX Application Thread] DEBUG MainWindow           - StartupScene -> FXGLMainMenuDummyScene
03:15:45.148 [JavaFX Application Thread] DEBUG MainWindow           - Push state: TrafficAppMenu
03:15:45.148 [JavaFX Application Thread] DEBUG Input                - Clearing active input actions
03:15:45.171 [JavaFX Application Thread] DEBUG GameApplicationServi - Removing overlay from FXGLMainMenuDummyScene and adding to TrafficAppMenu
03:15:45.172 [JavaFX Application Thread] DEBUG MainWindow           - FXGLMainMenuDummyScene -> TrafficAppMenu
03:15:45.678 [FXGL Background Thread 4 ] DEBUG FXGLAssetLoaderServi - Loading from file system: /assets/ui/fonts/Abel-Regular.ttf
03:15:45.681 [FXGL Background Thread 4 ] DEBUG FXGLAssetLoaderServi - Loading from file system: /assets/ui/fonts/lucida_console.ttf
03:15:45.685 [FXGL Background Thread 4 ] DEBUG FXGLAssetLoaderServi - Loading from file system: /assets/ui/fonts/Courier-Prime.ttf
03:15:45.689 [JavaFX Application Thread] DEBUG FXGLApplication      - Registering font factories with UI factory
03:15:45.930 [JavaFX Application Thread] DEBUG Menu                 - fireNewGame()
03:15:45.931 [JavaFX Application Thread] DEBUG GameApplicationServi - Starting new game
03:15:45.931 [JavaFX Application Thread] DEBUG MainWindow           - Pop state: TrafficAppMenu
03:15:45.931 [JavaFX Application Thread] DEBUG Input                - Clearing active input actions
03:15:45.932 [JavaFX Application Thread] DEBUG GameApplicationServi - Removing overlay from TrafficAppMenu and adding to FXGLMainMenuDummyScene
03:15:45.933 [JavaFX Application Thread] DEBUG MainWindow           - FXGLMainMenuDummyScene <- TrafficAppMenu
03:15:45.934 [JavaFX Application Thread] DEBUG Input                - Clearing active input actions
03:15:45.939 [JavaFX Application Thread] DEBUG GameApplicationServi - Removing overlay from FXGLMainMenuDummyScene and adding to FXGLLoadingScene
03:15:45.940 [JavaFX Application Thread] DEBUG MainWindow           - FXGLMainMenuDummyScene -> FXGLLoadingScene
03:15:45.940 [JavaFX Application Thread] DEBUG GameApplicationServi - Clearing previous game
03:15:45.940 [JavaFX Application Thread] DEBUG GameScene            - Clearing game scene
03:15:45.940 [JavaFX Application Thread] DEBUG GameWorld            - Clearing game world
03:15:45.940 [JavaFX Application Thread] DEBUG PhysicsWorld         - Clearing physics world
03:15:45.941 [FXGL Background Thread 2 ] DEBUG FXGLApplication      - Initializing game
03:15:45.952 [FXGL Background Thread 2 ] DEBUG FXGLAssetLoaderServi - Loading from file system: /assets/levels/Mappa_01.tmx
03:15:45.982 [FXGL Background Thread 2 ] WARN  TMXLevelLoader       - TiledMap generated from 1.4.1. Supported version: 1.2.3. Some features may not be parsed fully.
03:15:45.999 [FXGL Background Thread 2 ] DEBUG TMXLevelLoader       - Parsed raw map: TiledMap(width=16, height=9, tilewidth=125, tileheight=125, orientation=orthogonal, layers=[Layer(width=16, height=9, name=Tile Layer 1, type=tilelayer, visible=false, x=0, y=0, data=[24, 24, 24, 26, 5, 28, 24, 24, 24, 24, 24, 26, 5, 28, 24, 24, 25, 25, 25, 32, 5, 34, 25, 25, 25, 25, 25, 32, 5, 34, 25, 25, 6, 6, 6, 6, 7, 6, 6, 6, 6, 6, 6, 6, 7, 6, 6, 6, 27, 27, 27, 33, 5, 21, 13, 13, 13, 13, 13, 19, 5, 35, 27, 27, 24, 24, 24, 26, 5, 14, 10, 10, 10, 10, 10, 12, 5, 28, 24, 24, 25, 25, 25, 32, 5, 20, 11, 11, 11, 11, 11, 18, 5, 34, 25, 25, 6, 6, 6, 6, 7, 6, 6, 6, 6, 6, 6, 6, 7, 6, 6, 6, 27, 27, 27, 33, 5, 35, 27, 27, 27, 27, 27, 33, 5, 35, 27, 27, 24, 24, 24, 26, 5, 28, 24, 24, 24, 24, 24, 26, 5, 28, 24, 24], objects=[], opacity=0.0, draworder=), Layer(width=0, height=0, name=spawnpoints, type=objectgroup, visible=false, x=0, y=0, data=[], objects=[com.almasb.fxgl.entity.level.tiled.TiledObject@2877ce8, com.almasb.fxgl.entity.level.tiled.TiledObject@454fb615, com.almasb.fxgl.entity.level.tiled.TiledObject@199f41aa, com.almasb.fxgl.entity.level.tiled.TiledObject@414b26a8, com.almasb.fxgl.entity.level.tiled.TiledObject@78126255, com.almasb.fxgl.entity.level.tiled.TiledObject@40559c5c, com.almasb.fxgl.entity.level.tiled.TiledObject@23a417ed, com.almasb.fxgl.entity.level.tiled.TiledObject@3b420b57], opacity=0.0, draworder=), Layer(width=0, height=0, name=paths, type=objectgroup, visible=false, x=0, y=0, data=[], objects=[com.almasb.fxgl.entity.level.tiled.TiledObject@5029d6a0, com.almasb.fxgl.entity.level.tiled.TiledObject@3c720785, com.almasb.fxgl.entity.level.tiled.TiledObject@3f6a6499, com.almasb.fxgl.entity.level.tiled.TiledObject@14d9c890, com.almasb.fxgl.entity.level.tiled.TiledObject@adb907d, com.almasb.fxgl.entity.level.tiled.TiledObject@2639f08c, com.almasb.fxgl.entity.level.tiled.TiledObject@4a1b067e, com.almasb.fxgl.entity.level.tiled.TiledObject@10dccae5, com.almasb.fxgl.entity.level.tiled.TiledObject@4652f8fb, com.almasb.fxgl.entity.level.tiled.TiledObject@2f86dd2d, com.almasb.fxgl.entity.level.tiled.TiledObject@3dbc0655, com.almasb.fxgl.entity.level.tiled.TiledObject@4b4168e5, com.almasb.fxgl.entity.level.tiled.TiledObject@1a05d456, com.almasb.fxgl.entity.level.tiled.TiledObject@3731d8e, com.almasb.fxgl.entity.level.tiled.TiledObject@5e202d1b, com.almasb.fxgl.entity.level.tiled.TiledObject@1e66607a, com.almasb.fxgl.entity.level.tiled.TiledObject@2a75a084, com.almasb.fxgl.entity.level.tiled.TiledObject@31f14729, com.almasb.fxgl.entity.level.tiled.TiledObject@6ee6ecf9, com.almasb.fxgl.entity.level.tiled.TiledObject@43ae24ef, com.almasb.fxgl.entity.level.tiled.TiledObject@44d8cd9e, com.almasb.fxgl.entity.level.tiled.TiledObject@7f2b1223, com.almasb.fxgl.entity.level.tiled.TiledObject@2673a81b, com.almasb.fxgl.entity.level.tiled.TiledObject@14487966], opacity=0.0, draworder=), Layer(width=0, height=0, name=Incroci, type=objectgroup, visible=false, x=0, y=0, data=[], objects=[com.almasb.fxgl.entity.level.tiled.TiledObject@16fee24c, com.almasb.fxgl.entity.level.tiled.TiledObject@31e340ba, com.almasb.fxgl.entity.level.tiled.TiledObject@a6b05ed, com.almasb.fxgl.entity.level.tiled.TiledObject@5d3fde8f], opacity=0.0, draworder=), Layer(width=0, height=0, name=trafficLight, type=objectgroup, visible=false, x=0, y=0, data=[], objects=[com.almasb.fxgl.entity.level.tiled.TiledObject@3cb2bbe6, com.almasb.fxgl.entity.level.tiled.TiledObject@177fca5a, com.almasb.fxgl.entity.level.tiled.TiledObject@45e9e135, com.almasb.fxgl.entity.level.tiled.TiledObject@668194a1, com.almasb.fxgl.entity.level.tiled.TiledObject@4f457e1c, com.almasb.fxgl.entity.level.tiled.TiledObject@268150b4, com.almasb.fxgl.entity.level.tiled.TiledObject@2cebfd18, com.almasb.fxgl.entity.level.tiled.TiledObject@46a550b8, com.almasb.fxgl.entity.level.tiled.TiledObject@22f463ee, com.almasb.fxgl.entity.level.tiled.TiledObject@edc93f4, com.almasb.fxgl.entity.level.tiled.TiledObject@7d2cac0a, com.almasb.fxgl.entity.level.tiled.TiledObject@11e00387, com.almasb.fxgl.entity.level.tiled.TiledObject@108af946, com.almasb.fxgl.entity.level.tiled.TiledObject@7a239b90, com.almasb.fxgl.entity.level.tiled.TiledObject@62f72422, com.almasb.fxgl.entity.level.tiled.TiledObject@731affc0], opacity=0.0, draworder=)], tilesets=[Tileset(firstgid=1, image=../textures/rsz_tiles_sheet.png, name=rsz_tiles_sheet, tilewidth=125, tileheight=125, imagewidth=875, imageheight=750, margin=0, spacing=0, columns=7, tilecount=42, transparentcolor=41ffef, tiles=[])], backgroundcolor=, renderorder=left-up, nextobjectid=66, version=1, tiledversion=1.4.1, type=map, infinite=false, hexsidelength=0, staggeraxis=, staggerindex=, properties={}, propertytypes={})
03:15:46.000 [FXGL Background Thread 2 ] DEBUG TMXLevelLoader       - Creating tile layer entities
03:15:46.001 [FXGL Background Thread 2 ] DEBUG TilesetLoader        - Loading view for layer Tile Layer 1
03:15:46.004 [FXGL Background Thread 2 ] DEBUG TilesetLoader        - Created buffer with size 2000.0x1125.0
03:15:46.118 [FXGL Background Thread 2 ] DEBUG TilesetLoader        - Writing to buffer: dst=0,0, w=125,h=125, src=250,375
03:15:46.119 [FXGL Background Thread 2 ] DEBUG TilesetLoader        - Writing to buffer: dst=125,0, w=125,h=125, src=250,375
03:15:46.119 [FXGL Background Thread 2 ] DEBUG TilesetLoader        - Writing to buffer: dst=250,0, w=125,h=125, src=250,375
03:15:46.119 [FXGL Background Thread 2 ] DEBUG TilesetLoader        - Writing to buffer: dst=375,0, w=125,h=125, src=500,375
03:15:46.119 [FXGL Background Thread 2 ] DEBUG TilesetLoader        - Writing to buffer: dst=500,0, w=125,h=125, src=500,0
03:15:46.119 [FXGL Background Thread 2 ] DEBUG TilesetLoader        - Writing to buffer: dst=625,0, w=125,h=125, src=750,375
03:15:46.120 [FXGL Background Thread 2 ] DEBUG TilesetLoader        - Writing to buffer: dst=750,0, w=125,h=125, src=250,375
03:15:46.120 [FXGL Background Thread 2 ] DEBUG TilesetLoader        - Writing to buffer: dst=875,0, w=125,h=125, src=250,375
03:15:46.120 [FXGL Background Thread 2 ] DEBUG TilesetLoader        - Writing to buffer: dst=1000,0, w=125,h=125, src=250,375
03:15:46.120 [FXGL Background Thread 2 ] DEBUG TilesetLoader        - Writing to buffer: dst=1125,0, w=125,h=125, src=250,375
03:15:46.120 [FXGL Background Thread 2 ] DEBUG TilesetLoader        - Writing to buffer: dst=1250,0, w=125,h=125, src=250,375
03:15:46.121 [FXGL Background Thread 2 ] DEBUG TilesetLoader        - Writing to buffer: dst=1375,0, w=125,h=125, src=500,375
03:15:46.121 [FXGL Background Thread 2 ] DEBUG TilesetLoader        - Writing to buffer: dst=1500,0, w=125,h=125, src=500,0
03:15:46.121 [FXGL Background Thread 2 ] DEBUG TilesetLoader        - Writing to buffer: dst=1625,0, w=125,h=125, src=750,375
03:15:46.121 [FXGL Background Thread 2 ] DEBUG TilesetLoader        - Writing to buffer: dst=1750,0, w=125,h=125, src=250,375
03:15:46.121 [FXGL Background Thread 2 ] DEBUG TilesetLoader        - Writing to buffer: dst=1875,0, w=125,h=125, src=250,375
03:15:46.121 [FXGL Background Thread 2 ] DEBUG TilesetLoader        - Writing to buffer: dst=0,125, w=125,h=125, src=375,375
03:15:46.121 [FXGL Background Thread 2 ] DEBUG TilesetLoader        - Writing to buffer: dst=125,125, w=125,h=125, src=375,375
03:15:46.121 [FXGL Background Thread 2 ] DEBUG TilesetLoader        - Writing to buffer: dst=250,125, w=125,h=125, src=375,375
03:15:46.121 [FXGL Background Thread 2 ] DEBUG TilesetLoader        - Writing to buffer: dst=375,125, w=125,h=125, src=375,500
03:15:46.122 [FXGL Background Thread 2 ] DEBUG TilesetLoader        - Writing to buffer: dst=500,125, w=125,h=125, src=500,0
03:15:46.122 [FXGL Background Thread 2 ] DEBUG TilesetLoader        - Writing to buffer: dst=625,125, w=125,h=125, src=625,500
03:15:46.122 [FXGL Background Thread 2 ] DEBUG TilesetLoader        - Writing to buffer: dst=750,125, w=125,h=125, src=375,375
03:15:46.122 [FXGL Background Thread 2 ] DEBUG TilesetLoader        - Writing to buffer: dst=875,125, w=125,h=125, src=375,375
03:15:46.122 [FXGL Background Thread 2 ] DEBUG TilesetLoader        - Writing to buffer: dst=1000,125, w=125,h=125, src=375,375
03:15:46.122 [FXGL Background Thread 2 ] DEBUG TilesetLoader        - Writing to buffer: dst=1125,125, w=125,h=125, src=375,375
03:15:46.122 [FXGL Background Thread 2 ] DEBUG TilesetLoader        - Writing to buffer: dst=1250,125, w=125,h=125, src=375,375
03:15:46.122 [FXGL Background Thread 2 ] DEBUG TilesetLoader        - Writing to buffer: dst=1375,125, w=125,h=125, src=375,500
03:15:46.122 [FXGL Background Thread 2 ] DEBUG TilesetLoader        - Writing to buffer: dst=1500,125, w=125,h=125, src=500,0
03:15:46.123 [FXGL Background Thread 2 ] DEBUG TilesetLoader        - Writing to buffer: dst=1625,125, w=125,h=125, src=625,500
03:15:46.123 [FXGL Background Thread 2 ] DEBUG TilesetLoader        - Writing to buffer: dst=1750,125, w=125,h=125, src=375,375
03:15:46.123 [FXGL Background Thread 2 ] DEBUG TilesetLoader        - Writing to buffer: dst=1875,125, w=125,h=125, src=375,375
03:15:46.123 [FXGL Background Thread 2 ] DEBUG TilesetLoader        - Writing to buffer: dst=0,250, w=125,h=125, src=625,0
03:15:46.123 [FXGL Background Thread 2 ] DEBUG TilesetLoader        - Writing to buffer: dst=125,250, w=125,h=125, src=625,0
03:15:46.123 [FXGL Background Thread 2 ] DEBUG TilesetLoader        - Writing to buffer: dst=250,250, w=125,h=125, src=625,0
03:15:46.123 [FXGL Background Thread 2 ] DEBUG TilesetLoader        - Writing to buffer: dst=375,250, w=125,h=125, src=625,0
03:15:46.123 [FXGL Background Thread 2 ] DEBUG TilesetLoader        - Writing to buffer: dst=500,250, w=125,h=125, src=750,0
03:15:46.124 [FXGL Background Thread 2 ] DEBUG TilesetLoader        - Writing to buffer: dst=625,250, w=125,h=125, src=625,0
03:15:46.124 [FXGL Background Thread 2 ] DEBUG TilesetLoader        - Writing to buffer: dst=750,250, w=125,h=125, src=625,0
03:15:46.124 [FXGL Background Thread 2 ] DEBUG TilesetLoader        - Writing to buffer: dst=875,250, w=125,h=125, src=625,0
03:15:46.124 [FXGL Background Thread 2 ] DEBUG TilesetLoader        - Writing to buffer: dst=1000,250, w=125,h=125, src=625,0
03:15:46.124 [FXGL Background Thread 2 ] DEBUG TilesetLoader        - Writing to buffer: dst=1125,250, w=125,h=125, src=625,0
03:15:46.124 [FXGL Background Thread 2 ] DEBUG TilesetLoader        - Writing to buffer: dst=1250,250, w=125,h=125, src=625,0
03:15:46.124 [FXGL Background Thread 2 ] DEBUG TilesetLoader        - Writing to buffer: dst=1375,250, w=125,h=125, src=625,0
03:15:46.124 [FXGL Background Thread 2 ] DEBUG TilesetLoader        - Writing to buffer: dst=1500,250, w=125,h=125, src=750,0
03:15:46.125 [FXGL Background Thread 2 ] DEBUG TilesetLoader        - Writing to buffer: dst=1625,250, w=125,h=125, src=625,0
03:15:46.125 [FXGL Background Thread 2 ] DEBUG TilesetLoader        - Writing to buffer: dst=1750,250, w=125,h=125, src=625,0
03:15:46.125 [FXGL Background Thread 2 ] DEBUG TilesetLoader        - Writing to buffer: dst=1875,250, w=125,h=125, src=625,0
03:15:46.125 [FXGL Background Thread 2 ] DEBUG TilesetLoader        - Writing to buffer: dst=0,375, w=125,h=125, src=625,375
03:15:46.125 [FXGL Background Thread 2 ] DEBUG TilesetLoader        - Writing to buffer: dst=125,375, w=125,h=125, src=625,375
03:15:46.125 [FXGL Background Thread 2 ] DEBUG TilesetLoader        - Writing to buffer: dst=250,375, w=125,h=125, src=625,375
03:15:46.125 [FXGL Background Thread 2 ] DEBUG TilesetLoader        - Writing to buffer: dst=375,375, w=125,h=125, src=500,500
03:15:46.126 [FXGL Background Thread 2 ] DEBUG TilesetLoader        - Writing to buffer: dst=500,375, w=125,h=125, src=500,0
03:15:46.126 [FXGL Background Thread 2 ] DEBUG TilesetLoader        - Writing to buffer: dst=625,375, w=125,h=125, src=750,250
03:15:46.126 [FXGL Background Thread 2 ] DEBUG TilesetLoader        - Writing to buffer: dst=750,375, w=125,h=125, src=625,125
03:15:46.126 [FXGL Background Thread 2 ] DEBUG TilesetLoader        - Writing to buffer: dst=875,375, w=125,h=125, src=625,125
03:15:46.126 [FXGL Background Thread 2 ] DEBUG TilesetLoader        - Writing to buffer: dst=1000,375, w=125,h=125, src=625,125
03:15:46.127 [FXGL Background Thread 2 ] DEBUG TilesetLoader        - Writing to buffer: dst=1125,375, w=125,h=125, src=625,125
03:15:46.127 [FXGL Background Thread 2 ] DEBUG TilesetLoader        - Writing to buffer: dst=1250,375, w=125,h=125, src=625,125
03:15:46.128 [FXGL Background Thread 2 ] DEBUG TilesetLoader        - Writing to buffer: dst=1375,375, w=125,h=125, src=500,250
03:15:46.128 [FXGL Background Thread 2 ] DEBUG TilesetLoader        - Writing to buffer: dst=1500,375, w=125,h=125, src=500,0
03:15:46.129 [FXGL Background Thread 2 ] DEBUG TilesetLoader        - Writing to buffer: dst=1625,375, w=125,h=125, src=750,500
03:15:46.129 [FXGL Background Thread 2 ] DEBUG TilesetLoader        - Writing to buffer: dst=1750,375, w=125,h=125, src=625,375
03:15:46.129 [FXGL Background Thread 2 ] DEBUG TilesetLoader        - Writing to buffer: dst=1875,375, w=125,h=125, src=625,375
03:15:46.129 [FXGL Background Thread 2 ] DEBUG TilesetLoader        - Writing to buffer: dst=0,500, w=125,h=125, src=250,375
03:15:46.130 [FXGL Background Thread 2 ] DEBUG TilesetLoader        - Writing to buffer: dst=125,500, w=125,h=125, src=250,375
03:15:46.130 [FXGL Background Thread 2 ] DEBUG TilesetLoader        - Writing to buffer: dst=250,500, w=125,h=125, src=250,375
03:15:46.130 [FXGL Background Thread 2 ] DEBUG TilesetLoader        - Writing to buffer: dst=375,500, w=125,h=125, src=500,375
03:15:46.130 [FXGL Background Thread 2 ] DEBUG TilesetLoader        - Writing to buffer: dst=500,500, w=125,h=125, src=500,0
03:15:46.130 [FXGL Background Thread 2 ] DEBUG TilesetLoader        - Writing to buffer: dst=625,500, w=125,h=125, src=750,125
03:15:46.130 [FXGL Background Thread 2 ] DEBUG TilesetLoader        - Writing to buffer: dst=750,500, w=125,h=125, src=250,125
03:15:46.130 [FXGL Background Thread 2 ] DEBUG TilesetLoader        - Writing to buffer: dst=875,500, w=125,h=125, src=250,125
03:15:46.130 [FXGL Background Thread 2 ] DEBUG TilesetLoader        - Writing to buffer: dst=1000,500, w=125,h=125, src=250,125
03:15:46.131 [FXGL Background Thread 2 ] DEBUG TilesetLoader        - Writing to buffer: dst=1125,500, w=125,h=125, src=250,125
03:15:46.131 [FXGL Background Thread 2 ] DEBUG TilesetLoader        - Writing to buffer: dst=1250,500, w=125,h=125, src=250,125
03:15:46.131 [FXGL Background Thread 2 ] DEBUG TilesetLoader        - Writing to buffer: dst=1375,500, w=125,h=125, src=500,125
03:15:46.131 [FXGL Background Thread 2 ] DEBUG TilesetLoader        - Writing to buffer: dst=1500,500, w=125,h=125, src=500,0
03:15:46.131 [FXGL Background Thread 2 ] DEBUG TilesetLoader        - Writing to buffer: dst=1625,500, w=125,h=125, src=750,375
03:15:46.131 [FXGL Background Thread 2 ] DEBUG TilesetLoader        - Writing to buffer: dst=1750,500, w=125,h=125, src=250,375
03:15:46.131 [FXGL Background Thread 2 ] DEBUG TilesetLoader        - Writing to buffer: dst=1875,500, w=125,h=125, src=250,375
03:15:46.132 [FXGL Background Thread 2 ] DEBUG TilesetLoader        - Writing to buffer: dst=0,625, w=125,h=125, src=375,375
03:15:46.132 [FXGL Background Thread 2 ] DEBUG TilesetLoader        - Writing to buffer: dst=125,625, w=125,h=125, src=375,375
03:15:46.132 [FXGL Background Thread 2 ] DEBUG TilesetLoader        - Writing to buffer: dst=250,625, w=125,h=125, src=375,375
03:15:46.132 [FXGL Background Thread 2 ] DEBUG TilesetLoader        - Writing to buffer: dst=375,625, w=125,h=125, src=375,500
03:15:46.132 [FXGL Background Thread 2 ] DEBUG TilesetLoader        - Writing to buffer: dst=500,625, w=125,h=125, src=500,0
03:15:46.132 [FXGL Background Thread 2 ] DEBUG TilesetLoader        - Writing to buffer: dst=625,625, w=125,h=125, src=625,250
03:15:46.132 [FXGL Background Thread 2 ] DEBUG TilesetLoader        - Writing to buffer: dst=750,625, w=125,h=125, src=375,125
03:15:46.132 [FXGL Background Thread 2 ] DEBUG TilesetLoader        - Writing to buffer: dst=875,625, w=125,h=125, src=375,125
03:15:46.132 [FXGL Background Thread 2 ] DEBUG TilesetLoader        - Writing to buffer: dst=1000,625, w=125,h=125, src=375,125
03:15:46.133 [FXGL Background Thread 2 ] DEBUG TilesetLoader        - Writing to buffer: dst=1125,625, w=125,h=125, src=375,125
03:15:46.133 [FXGL Background Thread 2 ] DEBUG TilesetLoader        - Writing to buffer: dst=1250,625, w=125,h=125, src=375,125
03:15:46.133 [FXGL Background Thread 2 ] DEBUG TilesetLoader        - Writing to buffer: dst=1375,625, w=125,h=125, src=375,250
03:15:46.134 [FXGL Background Thread 2 ] DEBUG TilesetLoader        - Writing to buffer: dst=1500,625, w=125,h=125, src=500,0
03:15:46.134 [FXGL Background Thread 2 ] DEBUG TilesetLoader        - Writing to buffer: dst=1625,625, w=125,h=125, src=625,500
03:15:46.134 [FXGL Background Thread 2 ] DEBUG TilesetLoader        - Writing to buffer: dst=1750,625, w=125,h=125, src=375,375
03:15:46.134 [FXGL Background Thread 2 ] DEBUG TilesetLoader        - Writing to buffer: dst=1875,625, w=125,h=125, src=375,375
03:15:46.134 [FXGL Background Thread 2 ] DEBUG TilesetLoader        - Writing to buffer: dst=0,750, w=125,h=125, src=625,0
03:15:46.134 [FXGL Background Thread 2 ] DEBUG TilesetLoader        - Writing to buffer: dst=125,750, w=125,h=125, src=625,0
03:15:46.134 [FXGL Background Thread 2 ] DEBUG TilesetLoader        - Writing to buffer: dst=250,750, w=125,h=125, src=625,0
03:15:46.134 [FXGL Background Thread 2 ] DEBUG TilesetLoader        - Writing to buffer: dst=375,750, w=125,h=125, src=625,0
03:15:46.134 [FXGL Background Thread 2 ] DEBUG TilesetLoader        - Writing to buffer: dst=500,750, w=125,h=125, src=750,0
03:15:46.134 [FXGL Background Thread 2 ] DEBUG TilesetLoader        - Writing to buffer: dst=625,750, w=125,h=125, src=625,0
03:15:46.134 [FXGL Background Thread 2 ] DEBUG TilesetLoader        - Writing to buffer: dst=750,750, w=125,h=125, src=625,0
03:15:46.135 [FXGL Background Thread 2 ] DEBUG TilesetLoader        - Writing to buffer: dst=875,750, w=125,h=125, src=625,0
03:15:46.135 [FXGL Background Thread 2 ] DEBUG TilesetLoader        - Writing to buffer: dst=1000,750, w=125,h=125, src=625,0
03:15:46.135 [FXGL Background Thread 2 ] DEBUG TilesetLoader        - Writing to buffer: dst=1125,750, w=125,h=125, src=625,0
03:15:46.135 [FXGL Background Thread 2 ] DEBUG TilesetLoader        - Writing to buffer: dst=1250,750, w=125,h=125, src=625,0
03:15:46.135 [FXGL Background Thread 2 ] DEBUG TilesetLoader        - Writing to buffer: dst=1375,750, w=125,h=125, src=625,0
03:15:46.135 [FXGL Background Thread 2 ] DEBUG TilesetLoader        - Writing to buffer: dst=1500,750, w=125,h=125, src=750,0
03:15:46.135 [FXGL Background Thread 2 ] DEBUG TilesetLoader        - Writing to buffer: dst=1625,750, w=125,h=125, src=625,0
03:15:46.135 [FXGL Background Thread 2 ] DEBUG TilesetLoader        - Writing to buffer: dst=1750,750, w=125,h=125, src=625,0
03:15:46.135 [FXGL Background Thread 2 ] DEBUG TilesetLoader        - Writing to buffer: dst=1875,750, w=125,h=125, src=625,0
03:15:46.135 [FXGL Background Thread 2 ] DEBUG TilesetLoader        - Writing to buffer: dst=0,875, w=125,h=125, src=625,375
03:15:46.136 [FXGL Background Thread 2 ] DEBUG TilesetLoader        - Writing to buffer: dst=125,875, w=125,h=125, src=625,375
03:15:46.136 [FXGL Background Thread 2 ] DEBUG TilesetLoader        - Writing to buffer: dst=250,875, w=125,h=125, src=625,375
03:15:46.136 [FXGL Background Thread 2 ] DEBUG TilesetLoader        - Writing to buffer: dst=375,875, w=125,h=125, src=500,500
03:15:46.136 [FXGL Background Thread 2 ] DEBUG TilesetLoader        - Writing to buffer: dst=500,875, w=125,h=125, src=500,0
03:15:46.136 [FXGL Background Thread 2 ] DEBUG TilesetLoader        - Writing to buffer: dst=625,875, w=125,h=125, src=750,500
03:15:46.136 [FXGL Background Thread 2 ] DEBUG TilesetLoader        - Writing to buffer: dst=750,875, w=125,h=125, src=625,375
03:15:46.136 [FXGL Background Thread 2 ] DEBUG TilesetLoader        - Writing to buffer: dst=875,875, w=125,h=125, src=625,375
03:15:46.136 [FXGL Background Thread 2 ] DEBUG TilesetLoader        - Writing to buffer: dst=1000,875, w=125,h=125, src=625,375
03:15:46.136 [FXGL Background Thread 2 ] DEBUG TilesetLoader        - Writing to buffer: dst=1125,875, w=125,h=125, src=625,375
03:15:46.136 [FXGL Background Thread 2 ] DEBUG TilesetLoader        - Writing to buffer: dst=1250,875, w=125,h=125, src=625,375
03:15:46.136 [FXGL Background Thread 2 ] DEBUG TilesetLoader        - Writing to buffer: dst=1375,875, w=125,h=125, src=500,500
03:15:46.136 [FXGL Background Thread 2 ] DEBUG TilesetLoader        - Writing to buffer: dst=1500,875, w=125,h=125, src=500,0
03:15:46.137 [FXGL Background Thread 2 ] DEBUG TilesetLoader        - Writing to buffer: dst=1625,875, w=125,h=125, src=750,500
03:15:46.137 [FXGL Background Thread 2 ] DEBUG TilesetLoader        - Writing to buffer: dst=1750,875, w=125,h=125, src=625,375
03:15:46.137 [FXGL Background Thread 2 ] DEBUG TilesetLoader        - Writing to buffer: dst=1875,875, w=125,h=125, src=625,375
03:15:46.137 [FXGL Background Thread 2 ] DEBUG TilesetLoader        - Writing to buffer: dst=0,1000, w=125,h=125, src=250,375
03:15:46.137 [FXGL Background Thread 2 ] DEBUG TilesetLoader        - Writing to buffer: dst=125,1000, w=125,h=125, src=250,375
03:15:46.137 [FXGL Background Thread 2 ] DEBUG TilesetLoader        - Writing to buffer: dst=250,1000, w=125,h=125, src=250,375
03:15:46.137 [FXGL Background Thread 2 ] DEBUG TilesetLoader        - Writing to buffer: dst=375,1000, w=125,h=125, src=500,375
03:15:46.137 [FXGL Background Thread 2 ] DEBUG TilesetLoader        - Writing to buffer: dst=500,1000, w=125,h=125, src=500,0
03:15:46.138 [FXGL Background Thread 2 ] DEBUG TilesetLoader        - Writing to buffer: dst=625,1000, w=125,h=125, src=750,375
03:15:46.138 [FXGL Background Thread 2 ] DEBUG TilesetLoader        - Writing to buffer: dst=750,1000, w=125,h=125, src=250,375
03:15:46.138 [FXGL Background Thread 2 ] DEBUG TilesetLoader        - Writing to buffer: dst=875,1000, w=125,h=125, src=250,375
03:15:46.138 [FXGL Background Thread 2 ] DEBUG TilesetLoader        - Writing to buffer: dst=1000,1000, w=125,h=125, src=250,375
03:15:46.138 [FXGL Background Thread 2 ] DEBUG TilesetLoader        - Writing to buffer: dst=1125,1000, w=125,h=125, src=250,375
03:15:46.138 [FXGL Background Thread 2 ] DEBUG TilesetLoader        - Writing to buffer: dst=1250,1000, w=125,h=125, src=250,375
03:15:46.138 [FXGL Background Thread 2 ] DEBUG TilesetLoader        - Writing to buffer: dst=1375,1000, w=125,h=125, src=500,375
03:15:46.138 [FXGL Background Thread 2 ] DEBUG TilesetLoader        - Writing to buffer: dst=1500,1000, w=125,h=125, src=500,0
03:15:46.138 [FXGL Background Thread 2 ] DEBUG TilesetLoader        - Writing to buffer: dst=1625,1000, w=125,h=125, src=750,375
03:15:46.138 [FXGL Background Thread 2 ] DEBUG TilesetLoader        - Writing to buffer: dst=1750,1000, w=125,h=125, src=250,375
03:15:46.139 [FXGL Background Thread 2 ] DEBUG TilesetLoader        - Writing to buffer: dst=1875,1000, w=125,h=125, src=250,375
03:15:46.139 [FXGL Background Thread 2 ] DEBUG TMXLevelLoader       - Creating object layer entities
03:15:46.172 [FXGL Background Thread 2 ] DEBUG FXGLAssetLoaderServi - Loading from file system: /assets/textures/semaforoRosso-01.png
03:15:46.175 [FXGL Background Thread 2 ] DEBUG FXGLAssetLoaderServi - Loading from file system: /assets/textures/semaforoVerde-01.png
03:15:46.178 [FXGL Background Thread 2 ] DEBUG FXGLAssetLoaderServi - Loading from cache: /assets/textures/semaforoRosso-01.png
03:15:46.178 [FXGL Background Thread 2 ] DEBUG FXGLAssetLoaderServi - Loading from cache: /assets/textures/semaforoVerde-01.png
03:15:46.179 [FXGL Background Thread 2 ] DEBUG FXGLAssetLoaderServi - Loading from cache: /assets/textures/semaforoRosso-01.png
03:15:46.179 [FXGL Background Thread 2 ] DEBUG FXGLAssetLoaderServi - Loading from cache: /assets/textures/semaforoVerde-01.png
03:15:46.180 [FXGL Background Thread 2 ] DEBUG FXGLAssetLoaderServi - Loading from cache: /assets/textures/semaforoRosso-01.png
03:15:46.180 [FXGL Background Thread 2 ] DEBUG FXGLAssetLoaderServi - Loading from cache: /assets/textures/semaforoVerde-01.png
03:15:46.180 [FXGL Background Thread 2 ] DEBUG FXGLAssetLoaderServi - Loading from file system: /assets/textures/semaforoRosso-04.png
03:15:46.183 [FXGL Background Thread 2 ] DEBUG FXGLAssetLoaderServi - Loading from file system: /assets/textures/semaforoVerde-04.png
03:15:46.185 [FXGL Background Thread 2 ] DEBUG FXGLAssetLoaderServi - Loading from cache: /assets/textures/semaforoRosso-04.png
03:15:46.186 [FXGL Background Thread 2 ] DEBUG FXGLAssetLoaderServi - Loading from cache: /assets/textures/semaforoVerde-04.png
03:15:46.186 [FXGL Background Thread 2 ] DEBUG FXGLAssetLoaderServi - Loading from cache: /assets/textures/semaforoRosso-04.png
03:15:46.186 [FXGL Background Thread 2 ] DEBUG FXGLAssetLoaderServi - Loading from cache: /assets/textures/semaforoVerde-04.png
03:15:46.187 [FXGL Background Thread 2 ] DEBUG FXGLAssetLoaderServi - Loading from cache: /assets/textures/semaforoRosso-04.png
03:15:46.187 [FXGL Background Thread 2 ] DEBUG FXGLAssetLoaderServi - Loading from cache: /assets/textures/semaforoVerde-04.png
03:15:46.188 [FXGL Background Thread 2 ] DEBUG FXGLAssetLoaderServi - Loading from file system: /assets/textures/semaforoRosso-03.png
03:15:46.189 [FXGL Background Thread 2 ] DEBUG FXGLAssetLoaderServi - Loading from file system: /assets/textures/semaforoVerde-03.png
03:15:46.191 [FXGL Background Thread 2 ] DEBUG FXGLAssetLoaderServi - Loading from cache: /assets/textures/semaforoRosso-03.png
03:15:46.192 [FXGL Background Thread 2 ] DEBUG FXGLAssetLoaderServi - Loading from cache: /assets/textures/semaforoVerde-03.png
03:15:46.192 [FXGL Background Thread 2 ] DEBUG FXGLAssetLoaderServi - Loading from cache: /assets/textures/semaforoRosso-03.png
03:15:46.192 [FXGL Background Thread 2 ] DEBUG FXGLAssetLoaderServi - Loading from cache: /assets/textures/semaforoVerde-03.png
03:15:46.193 [FXGL Background Thread 2 ] DEBUG FXGLAssetLoaderServi - Loading from cache: /assets/textures/semaforoRosso-03.png
03:15:46.193 [FXGL Background Thread 2 ] DEBUG FXGLAssetLoaderServi - Loading from cache: /assets/textures/semaforoVerde-03.png
03:15:46.193 [FXGL Background Thread 2 ] DEBUG FXGLAssetLoaderServi - Loading from file system: /assets/textures/semaforoRosso-02.png
03:15:46.194 [FXGL Background Thread 2 ] DEBUG FXGLAssetLoaderServi - Loading from file system: /assets/textures/semaforoVerde-02.png
03:15:46.197 [FXGL Background Thread 2 ] DEBUG FXGLAssetLoaderServi - Loading from cache: /assets/textures/semaforoRosso-02.png
03:15:46.198 [FXGL Background Thread 2 ] DEBUG FXGLAssetLoaderServi - Loading from cache: /assets/textures/semaforoVerde-02.png
03:15:46.198 [FXGL Background Thread 2 ] DEBUG FXGLAssetLoaderServi - Loading from cache: /assets/textures/semaforoRosso-02.png
03:15:46.199 [FXGL Background Thread 2 ] DEBUG FXGLAssetLoaderServi - Loading from cache: /assets/textures/semaforoVerde-02.png
03:15:46.200 [FXGL Background Thread 2 ] DEBUG FXGLAssetLoaderServi - Loading from cache: /assets/textures/semaforoRosso-02.png
03:15:46.200 [FXGL Background Thread 2 ] DEBUG FXGLAssetLoaderServi - Loading from cache: /assets/textures/semaforoVerde-02.png
03:15:46.201 [FXGL Background Thread 2 ] DEBUG GameWorld            - Clearing removable entities
03:15:46.201 [FXGL Background Thread 2 ] DEBUG GameWorld            - Setting level: com.almasb.fxgl.entity.level.Level@3ae7fe02
03:15:46.207 [FXGL Background Thread 2 ] DEBUG FXGLAssetLoaderServi - Loading from file system: /assets/textures/pointer-sprite.png
03:15:46.227 [FXGL Background Thread 2 ] INFO  FXGLApplication      - Game initialization took: 0,285 sec
03:15:46.228 [JavaFX Application Thread] DEBUG Input                - Clearing active input actions
03:15:46.235 [JavaFX Application Thread] DEBUG GameApplicationServi - Removing overlay from FXGLLoadingScene and adding to GameScene
03:15:46.237 [JavaFX Application Thread] DEBUG MainWindow           - FXGLLoadingScene -> GameScene
03:15:48.082 [FXGL Background Thread 3 ] DEBUG Engine               - Logging environment variables
03:15:48.082 [FXGL Background Thread 3 ] DEBUG Engine               - achievements: []
03:15:48.082 [FXGL Background Thread 3 ] DEBUG Engine               - appIcon: fxgl_icon.png
03:15:48.083 [FXGL Background Thread 3 ] DEBUG Engine               - applicationMode: DEVELOPER
03:15:48.083 [FXGL Background Thread 3 ] DEBUG Engine               - cSSList: [fxgl_dark.css]
03:15:48.084 [FXGL Background Thread 3 ] DEBUG Engine               - configClass: Optional.empty
03:15:48.084 [FXGL Background Thread 3 ] DEBUG Engine               - credits: []
03:15:48.084 [FXGL Background Thread 3 ] DEBUG Engine               - devBBoxColorProperty: ObjectProperty [value: 0xff0000ff]
03:15:48.085 [FXGL Background Thread 3 ] DEBUG Engine               - devEnableDebugCameraProperty: BooleanProperty [value: false]
03:15:48.086 [FXGL Background Thread 3 ] DEBUG Engine               - devSensorColorProperty: ObjectProperty [value: 0xffff00ff]
03:15:48.086 [FXGL Background Thread 3 ] DEBUG Engine               - devShowBBoxProperty: BooleanProperty [value: false]
03:15:48.086 [FXGL Background Thread 3 ] DEBUG Engine               - devShowPositionProperty: BooleanProperty [value: false]
03:15:48.086 [FXGL Background Thread 3 ] DEBUG Engine               - enabledMenuItems: [SAVE_LOAD, EXTRA, ONLINE]
03:15:48.086 [FXGL Background Thread 3 ] DEBUG Engine               - engineServices: [class com.almasb.fxgl.app.FXGLApplication$GameApplicationService, class com.almasb.fxgl.app.services.FXGLDialogService, class com.almasb.fxgl.app.services.IOTaskExecutorService, class com.almasb.fxgl.event.EventBusService, class com.almasb.fxgl.io.FileSystemService, class com.almasb.fxgl.localization.LocalizationService, class com.almasb.fxgl.app.services.FXGLAssetLoaderService, class com.almasb.fxgl.app.services.SystemBundleService, class com.almasb.fxgl.profile.SaveLoadService, class com.almasb.fxgl.ui.FXGLUIFactoryServiceProvider, class com.almasb.fxgl.ui.FXGLDialogFactoryServiceProvider, class com.almasb.fxgl.audio.AudioPlayer, class com.almasb.fxgl.notification.impl.NotificationServiceProvider, class com.almasb.fxgl.achievement.AchievementService, class com.almasb.fxgl.cutscene.CutsceneService, class com.almasb.fxgl.minigames.MiniGameService, class com.almasb.fxgl.net.NetService, class com.almasb.fxgl.app.services.UpdaterService, class com.almasb.fxgl.dev.DevService]
03:15:48.086 [FXGL Background Thread 3 ] DEBUG Engine               - fontGame: Abel-Regular.ttf
03:15:48.086 [FXGL Background Thread 3 ] DEBUG Engine               - fontMono: lucida_console.ttf
03:15:48.086 [FXGL Background Thread 3 ] DEBUG Engine               - fontText: Courier-Prime.ttf
03:15:48.086 [FXGL Background Thread 3 ] DEBUG Engine               - fontUI: VarelaRound-Regular.ttf
03:15:48.089 [FXGL Background Thread 3 ] DEBUG Engine               - fullScreen: BooleanProperty [value: false]
03:15:48.090 [FXGL Background Thread 3 ] DEBUG Engine               - gameDifficulty: MEDIUM
03:15:48.091 [FXGL Background Thread 3 ] DEBUG Engine               - gameDifficultyProperty: ObjectProperty [value: MEDIUM]
03:15:48.091 [FXGL Background Thread 3 ] DEBUG Engine               - globalMusicVolume: 0.5
03:15:48.091 [FXGL Background Thread 3 ] DEBUG Engine               - globalMusicVolumeProperty: DoubleProperty [value: 0.5]
03:15:48.093 [FXGL Background Thread 3 ] DEBUG Engine               - globalSoundVolume: 0.5
03:15:48.094 [FXGL Background Thread 3 ] DEBUG Engine               - globalSoundVolumeProperty: DoubleProperty [value: 0.5]
03:15:48.094 [FXGL Background Thread 3 ] DEBUG Engine               - height: 1125
03:15:48.094 [FXGL Background Thread 3 ] DEBUG Engine               - isAndroid: false
03:15:48.094 [FXGL Background Thread 3 ] DEBUG Engine               - isBrowser: false
03:15:48.094 [FXGL Background Thread 3 ] DEBUG Engine               - isClickFeedbackEnabled: false
03:15:48.094 [FXGL Background Thread 3 ] DEBUG Engine               - isCloseConfirmation: false
03:15:48.095 [FXGL Background Thread 3 ] DEBUG Engine               - isDesktop: true
03:15:48.096 [FXGL Background Thread 3 ] DEBUG Engine               - isDeveloperMenuEnabled: true
03:15:48.096 [FXGL Background Thread 3 ] DEBUG Engine               - isEntityPreloadEnabled: true
03:15:48.096 [FXGL Background Thread 3 ] DEBUG Engine               - isExperimentalNative: false
03:15:48.096 [FXGL Background Thread 3 ] DEBUG Engine               - isExperimentalTiledLargeMap: false
03:15:48.096 [FXGL Background Thread 3 ] DEBUG Engine               - isFileSystemWriteAllowed: true
03:15:48.096 [FXGL Background Thread 3 ] DEBUG Engine               - isFullScreenAllowed: false
03:15:48.096 [FXGL Background Thread 3 ] DEBUG Engine               - isFullScreenFromStart: false
03:15:48.097 [FXGL Background Thread 3 ] DEBUG Engine               - isGameMenuEnabled: true
03:15:48.097 [FXGL Background Thread 3 ] DEBUG Engine               - isIOS: false
03:15:48.097 [FXGL Background Thread 3 ] DEBUG Engine               - isIntroEnabled: false
03:15:48.097 [FXGL Background Thread 3 ] DEBUG Engine               - isLinux: false
03:15:48.097 [FXGL Background Thread 3 ] DEBUG Engine               - isMac: false
03:15:48.097 [FXGL Background Thread 3 ] DEBUG Engine               - isMainMenuEnabled: true
03:15:48.097 [FXGL Background Thread 3 ] DEBUG Engine               - isManualResizeEnabled: true
03:15:48.097 [FXGL Background Thread 3 ] DEBUG Engine               - isMobile: false
03:15:48.097 [FXGL Background Thread 3 ] DEBUG Engine               - isPreserveResizeRatio: true
03:15:48.097 [FXGL Background Thread 3 ] DEBUG Engine               - isProfilingEnabled: false
03:15:48.097 [FXGL Background Thread 3 ] DEBUG Engine               - isSingleStep: false
03:15:48.097 [FXGL Background Thread 3 ] DEBUG Engine               - isUserProfileEnabled: false
03:15:48.097 [FXGL Background Thread 3 ] DEBUG Engine               - isWindows: true
03:15:48.097 [FXGL Background Thread 3 ] DEBUG Engine               - language: ObjectProperty [value: ENGLISH]
03:15:48.097 [FXGL Background Thread 3 ] DEBUG Engine               - menuKey: ESCAPE
03:15:48.097 [FXGL Background Thread 3 ] DEBUG Engine               - notificationViewClass: class com.almasb.fxgl.notification.view.XboxNotificationView
03:15:48.097 [FXGL Background Thread 3 ] DEBUG Engine               - pixelsPerMeter: 50.0
03:15:48.097 [FXGL Background Thread 3 ] DEBUG Engine               - platform: WINDOWS
03:15:48.097 [FXGL Background Thread 3 ] DEBUG Engine               - profileDir: profiles/
03:15:48.098 [FXGL Background Thread 3 ] DEBUG Engine               - profileName: StringProperty [value: DEFAULT]
03:15:48.098 [FXGL Background Thread 3 ] DEBUG Engine               - randomSeed: -1
03:15:48.098 [FXGL Background Thread 3 ] DEBUG Engine               - runtimeInfo: RuntimeInfo(platform=WINDOWS, version=dev-SNAPSHOT, build=08.09.2020 17.31)
03:15:48.098 [FXGL Background Thread 3 ] DEBUG Engine               - saveFileExt: sav
03:15:48.098 [FXGL Background Thread 3 ] DEBUG Engine               - sceneFactory: it.uniroma1.metodologie.trafficGame.TrafficApp$1@6b4d1b3d
03:15:48.098 [FXGL Background Thread 3 ] DEBUG Engine               - secondsIn24h: 60
03:15:48.098 [FXGL Background Thread 3 ] DEBUG Engine               - soundMenuBack: menu/back.wav
03:15:48.098 [FXGL Background Thread 3 ] DEBUG Engine               - soundMenuPress: menu/press.wav
03:15:48.098 [FXGL Background Thread 3 ] DEBUG Engine               - soundMenuSelect: menu/select.wav
03:15:48.100 [FXGL Background Thread 3 ] DEBUG Engine               - soundNotification: core/notification.wav
03:15:48.100 [FXGL Background Thread 3 ] DEBUG Engine               - stageStyle: DECORATED
03:15:48.100 [FXGL Background Thread 3 ] DEBUG Engine               - supportedLanguages: [ENGLISH, FRENCH, GERMAN, HUNGARIAN, RUSSIAN]
03:15:48.100 [FXGL Background Thread 3 ] DEBUG Engine               - title: Traffic
03:15:48.100 [FXGL Background Thread 3 ] DEBUG Engine               - urlGithub: https://github.com/AlmasB/FXGL
03:15:48.100 [FXGL Background Thread 3 ] DEBUG Engine               - urlLeaderboard: http://fxgl-top.herokuapp.com/
03:15:48.100 [FXGL Background Thread 3 ] DEBUG Engine               - urlPOM: https://raw.githubusercontent.com/AlmasB/FXGL/master/pom.xml
03:15:48.100 [FXGL Background Thread 3 ] DEBUG Engine               - version: Alpha 1.0
03:15:48.100 [FXGL Background Thread 3 ] DEBUG Engine               - versionCheckDays: 7
03:15:48.100 [FXGL Background Thread 3 ] DEBUG Engine               - width: 2000
03:15:48.100 [FXGL Background Thread 3 ] DEBUG Engine               - Logging services
03:15:48.100 [FXGL Background Thread 3 ] DEBUG Engine               - class com.almasb.fxgl.app.FXGLApplication$GameApplicationService
03:15:48.100 [FXGL Background Thread 3 ] DEBUG Engine               - class com.almasb.fxgl.app.services.FXGLDialogService
03:15:48.100 [FXGL Background Thread 3 ] DEBUG Engine               - class com.almasb.fxgl.app.services.IOTaskExecutorService
03:15:48.100 [FXGL Background Thread 3 ] DEBUG Engine               - class com.almasb.fxgl.event.EventBusService
03:15:48.101 [FXGL Background Thread 3 ] DEBUG Engine               - class com.almasb.fxgl.io.FileSystemService
03:15:48.101 [FXGL Background Thread 3 ] DEBUG Engine               - class com.almasb.fxgl.localization.LocalizationService
03:15:48.101 [FXGL Background Thread 3 ] DEBUG Engine               - class com.almasb.fxgl.app.services.FXGLAssetLoaderService
03:15:48.101 [FXGL Background Thread 3 ] DEBUG Engine               - class com.almasb.fxgl.app.services.SystemBundleService
03:15:48.101 [FXGL Background Thread 3 ] DEBUG Engine               - class com.almasb.fxgl.profile.SaveLoadService
03:15:48.101 [FXGL Background Thread 3 ] DEBUG Engine               - class com.almasb.fxgl.ui.FXGLUIFactoryServiceProvider
03:15:48.101 [FXGL Background Thread 3 ] DEBUG Engine               - class com.almasb.fxgl.ui.FXGLDialogFactoryServiceProvider
03:15:48.101 [FXGL Background Thread 3 ] DEBUG Engine               - class com.almasb.fxgl.audio.AudioPlayer
03:15:48.101 [FXGL Background Thread 3 ] DEBUG Engine               - class com.almasb.fxgl.notification.impl.NotificationServiceProvider
03:15:48.101 [FXGL Background Thread 3 ] DEBUG Engine               - class com.almasb.fxgl.achievement.AchievementService
03:15:48.101 [FXGL Background Thread 3 ] DEBUG Engine               - class com.almasb.fxgl.cutscene.CutsceneService
03:15:48.101 [FXGL Background Thread 3 ] DEBUG Engine               - class com.almasb.fxgl.minigames.MiniGameService
03:15:48.101 [FXGL Background Thread 3 ] DEBUG Engine               - class com.almasb.fxgl.net.NetService
03:15:48.102 [FXGL Background Thread 3 ] DEBUG Engine               - class com.almasb.fxgl.app.services.UpdaterService
03:15:48.102 [FXGL Background Thread 3 ] DEBUG Engine               - class com.almasb.fxgl.dev.DevService
03:16:06.247 [JavaFX Application Thread] DEBUG FXGLApplication      - Exiting FXGL
03:16:06.247 [JavaFX Application Thread] DEBUG LoopRunner           - Stopping loop
03:16:06.247 [JavaFX Application Thread] DEBUG SystemBundleService  - Saving FXGL system data
03:16:06.249 [JavaFX Application Thread] DEBUG FileSystemAccess     - Writing to: C:\Users\Andrea\Desktop\Homework\traffic-mobile\system\fxgl.bundle
03:16:06.250 [JavaFX Application Thread] DEBUG Async                - Shutting down background threads
03:16:06.251 [JavaFX Application Thread] DEBUG MainWindow           - Closing main window
03:16:06.259 [JavaFX Application Thread] DEBUG Logger               - Closing Logger
