01:08:53.180 [main                     ] DEBUG Logger               - Configured Logger
01:08:53.199 [main                     ] DEBUG GameApplication      - Logging settings
Title: Traffic
Version: Alpha 1.0
Width: 2000
Height: 1125
Fullscreen: false
Intro: false
Profiling: false
Single step:false
App Mode: DEVELOPER
Menu Key: ESCAPE
Stage Style: DECORATED
Scene Factory: class it.uniroma1.metodologie.trafficGame.TrafficApp$1

01:08:53.747 [JavaFX Application Thread] DEBUG FXGLApplication      - Initializing FXGL
01:08:53.760 [JavaFX Application Thread] INFO  Engine               - FXGL-dev-SNAPSHOT (08.09.2020 17.31) on WINDOWS (J:13.0.2 FX:14)
01:08:53.761 [JavaFX Application Thread] DEBUG Engine               - JRE Vendor Name: Oracle Corporation
01:08:53.762 [JavaFX Application Thread] DEBUG Engine               - Running on OS: Windows 10 version 10.0
01:08:53.762 [JavaFX Application Thread] DEBUG Engine               - Architecture: amd64
01:08:53.763 [JavaFX Application Thread] INFO  Engine               - Source code and latest versions at: https://github.com/AlmasB/FXGL
01:08:53.763 [JavaFX Application Thread] INFO  Engine               -              Join the FXGL chat at: https://gitter.im/AlmasB/FXGL
01:08:53.951 [JavaFX Application Thread] DEBUG MainWindow           - Creating a JavaFX scene
01:08:54.015 [JavaFX Application Thread] DEBUG MainWindow           - Target settings size: 2000.0 x 1125.0
01:08:54.015 [JavaFX Application Thread] DEBUG MainWindow           - Scaled scene size:    2000.0 x 1125.0
01:08:54.016 [JavaFX Application Thread] DEBUG MainWindow           - Scaled ratio: (1.0, 1.0)
01:08:54.017 [JavaFX Application Thread] DEBUG MainWindow           - Set initial scene to StartupScene
01:08:54.026 [JavaFX Application Thread] DEBUG MainWindow           - Opening main window
01:08:54.119 [JavaFX Application Thread] DEBUG MainWindow           - Window border size: (16.0, 39.0)
01:08:54.120 [JavaFX Application Thread] DEBUG MainWindow           - Scaled size: 2000.0 x 1125.0
01:08:54.120 [JavaFX Application Thread] DEBUG MainWindow           - Scaled ratio: (1.0, 1.0)
01:08:54.120 [JavaFX Application Thread] DEBUG MainWindow           - Scene size: 2000.0 x 1125.0
01:08:54.120 [JavaFX Application Thread] DEBUG MainWindow           - Stage size: 2016.0 x 1164.0
01:08:54.131 [FXGL Background Thread 1 ] DEBUG Engine               - Initializing environment variables
01:08:54.173 [FXGL Background Thread 1 ] DEBUG GameApplicationServi - Applying CSS: fxgl_dark.css
01:08:54.173 [FXGL Background Thread 1 ] DEBUG FXGLAssetLoaderServi - Loading from file system: /assets/ui/css/fxgl_dark.css
01:08:54.240 [FXGL Background Thread 1 ] DEBUG GameApplicationServi - Initializing application scenes
01:08:54.300 [FXGL Background Thread 1 ] DEBUG GameWorld            - Game world initialized
01:08:54.374 [FXGL Background Thread 1 ] DEBUG PhysicsWorld         - Physics world initialized: appHeight=1125, physics.ppm=50,0
01:08:54.378 [FXGL Background Thread 1 ] DEBUG GameScene            - Game scene initialized: 2000x1125
01:08:54.398 [FXGL Background Thread 1 ] DEBUG FXGLAssetLoaderServi - Loading from file system: /assets/textures/bg.jpg
01:08:54.729 [FXGL Background Thread 1 ] DEBUG FXGLAssetLoaderServi - Loading from file system: /assets/textures/logo.png
01:08:54.870 [FXGL Background Thread 1 ] DEBUG FXGLAssetLoaderServi - Loading from file system: /assets/textures/particles/trace_horizontal.png
01:08:54.898 [FXGL Background Thread 1 ] DEBUG FXGL.DefaultMenu     - createMenuBodyGameMenu()
01:08:54.917 [FXGL Background Thread 1 ] DEBUG FXGL.DefaultMenu     - createOptionsMenu()
01:08:54.924 [FXGL Background Thread 1 ] DEBUG FXGL.DefaultMenu     - createExtraMenu()
01:08:54.927 [FXGL Background Thread 1 ] DEBUG FXGLAssetLoaderServi - Loading from file system: /assets/textures/particles/smoke.png
01:08:55.001 [FXGL Background Thread 1 ] DEBUG GameApplicationServi - Application scenes initialized
01:08:55.016 [FXGL Background Thread 1 ] DEBUG SystemBundleService  - Loading FXGL system data
01:08:55.024 [FXGL Background Thread 1 ] DEBUG FileSystemAccess     - Reading from: C:\Users\Andrea\Desktop\Homework\traffic-mobile\system\fxgl.bundle
01:08:55.039 [FXGL Background Thread 1 ] DEBUG SystemBundleService  - Bundle FXGL: {}
01:08:55.040 [FXGL Background Thread 1 ] DEBUG UpdaterService       - Checking for updates
01:08:55.204 [FXGL Background Thread 1 ] DEBUG FXGLApplication      - Loading default localization
01:08:55.204 [FXGL Background Thread 1 ] DEBUG FXGLAssetLoaderServi - Loading from file system: /assets/languages/english.lang
01:08:55.205 [FXGL Background Thread 4 ] DEBUG FXGLApplication      - Loading fonts
01:08:55.205 [FXGL Background Thread 4 ] DEBUG FXGLAssetLoaderServi - Loading from file system: /assets/ui/fonts/VarelaRound-Regular.ttf
01:08:55.225 [FXGL Background Thread 1 ] INFO  FXGLApplication      - FXGL initialization took: 1,093 sec
01:08:55.232 [JavaFX Application Thread] DEBUG Input                - Registered new binding: Change trafficlight status - F
01:08:55.232 [JavaFX Application Thread] DEBUG Input                - Registered new binding: Move Right - D
01:08:55.233 [JavaFX Application Thread] DEBUG Input                - Registered new binding: Move Left - A
01:08:55.233 [JavaFX Application Thread] DEBUG Input                - Registered new binding: Move Up - W
01:08:55.233 [JavaFX Application Thread] DEBUG Input                - Registered new binding: Move Down - S
01:08:55.233 [JavaFX Application Thread] DEBUG Input                - Registered new binding: Spawn Car - Space
01:08:55.234 [JavaFX Application Thread] DEBUG Input                - Registered new binding: Select and change traffic light - LMB
01:08:55.234 [JavaFX Application Thread] DEBUG FXGLAssetLoaderServi - Loading from file system: /assets/textures/fxgl_icon.png
01:08:55.244 [JavaFX Application Thread] DEBUG FXGLAssetLoaderServi - Loading from file system: /assets/ui/cursors/fxgl_default.png
01:08:55.246 [JavaFX Application Thread] DEBUG Input                - Registered new binding: Screenshot - P
01:08:55.246 [JavaFX Application Thread] DEBUG Input                - Registered new binding: Dev Options - 1
01:08:55.247 [JavaFX Application Thread] DEBUG Input                - Registered new binding: Dev Console - 2
01:08:55.247 [JavaFX Application Thread] DEBUG Input                - Registered new binding: System info dump - CTRL+9
01:08:55.247 [JavaFX Application Thread] DEBUG Input                - Registered new binding: Restart - CTRL+R
01:08:55.248 [JavaFX Application Thread] DEBUG Input                - Registered new binding: Toggle Debug Camera - CTRL+C
01:08:55.251 [JavaFX Application Thread] DEBUG LoopRunner           - Starting loop
01:08:55.265 [JavaFX Application Thread] DEBUG Input                - Clearing active input actions
01:08:55.273 [JavaFX Application Thread] DEBUG GameApplicationServi - Removing overlay from StartupScene and adding to FXGLMainMenuDummyScene
01:08:55.277 [JavaFX Application Thread] DEBUG MainWindow           - StartupScene -> FXGLMainMenuDummyScene
01:08:55.278 [JavaFX Application Thread] DEBUG MainWindow           - Push state: TrafficAppMenu
01:08:55.278 [JavaFX Application Thread] DEBUG Input                - Clearing active input actions
01:08:55.308 [JavaFX Application Thread] DEBUG GameApplicationServi - Removing overlay from FXGLMainMenuDummyScene and adding to TrafficAppMenu
01:08:55.308 [JavaFX Application Thread] DEBUG MainWindow           - FXGLMainMenuDummyScene -> TrafficAppMenu
01:08:56.417 [FXGL Background Thread 4 ] DEBUG FXGLAssetLoaderServi - Loading from file system: /assets/ui/fonts/Abel-Regular.ttf
01:08:56.420 [FXGL Background Thread 4 ] DEBUG FXGLAssetLoaderServi - Loading from file system: /assets/ui/fonts/lucida_console.ttf
01:08:56.424 [FXGL Background Thread 4 ] DEBUG FXGLAssetLoaderServi - Loading from file system: /assets/ui/fonts/Courier-Prime.ttf
01:08:56.429 [JavaFX Application Thread] DEBUG FXGLApplication      - Registering font factories with UI factory
01:08:58.122 [FXGL Background Thread 3 ] DEBUG Engine               - Logging environment variables
01:08:58.122 [FXGL Background Thread 3 ] DEBUG Engine               - achievements: []
01:08:58.122 [FXGL Background Thread 3 ] DEBUG Engine               - appIcon: fxgl_icon.png
01:08:58.122 [FXGL Background Thread 3 ] DEBUG Engine               - applicationMode: DEVELOPER
01:08:58.123 [FXGL Background Thread 3 ] DEBUG Engine               - cSSList: [fxgl_dark.css]
01:08:58.123 [FXGL Background Thread 3 ] DEBUG Engine               - configClass: Optional.empty
01:08:58.123 [FXGL Background Thread 3 ] DEBUG Engine               - credits: []
01:08:58.123 [FXGL Background Thread 3 ] DEBUG Engine               - devBBoxColorProperty: ObjectProperty [value: 0xff0000ff]
01:08:58.123 [FXGL Background Thread 3 ] DEBUG Engine               - devEnableDebugCameraProperty: BooleanProperty [value: false]
01:08:58.124 [FXGL Background Thread 3 ] DEBUG Engine               - devSensorColorProperty: ObjectProperty [value: 0xffff00ff]
01:08:58.124 [FXGL Background Thread 3 ] DEBUG Engine               - devShowBBoxProperty: BooleanProperty [value: false]
01:08:58.124 [FXGL Background Thread 3 ] DEBUG Engine               - devShowPositionProperty: BooleanProperty [value: false]
01:08:58.125 [FXGL Background Thread 3 ] DEBUG Engine               - enabledMenuItems: [SAVE_LOAD, EXTRA, ONLINE]
01:08:58.125 [FXGL Background Thread 3 ] DEBUG Engine               - engineServices: [class com.almasb.fxgl.app.FXGLApplication$GameApplicationService, class com.almasb.fxgl.app.services.FXGLDialogService, class com.almasb.fxgl.app.services.IOTaskExecutorService, class com.almasb.fxgl.event.EventBusService, class com.almasb.fxgl.io.FileSystemService, class com.almasb.fxgl.localization.LocalizationService, class com.almasb.fxgl.app.services.FXGLAssetLoaderService, class com.almasb.fxgl.app.services.SystemBundleService, class com.almasb.fxgl.profile.SaveLoadService, class com.almasb.fxgl.ui.FXGLUIFactoryServiceProvider, class com.almasb.fxgl.ui.FXGLDialogFactoryServiceProvider, class com.almasb.fxgl.audio.AudioPlayer, class com.almasb.fxgl.notification.impl.NotificationServiceProvider, class com.almasb.fxgl.achievement.AchievementService, class com.almasb.fxgl.cutscene.CutsceneService, class com.almasb.fxgl.minigames.MiniGameService, class com.almasb.fxgl.net.NetService, class com.almasb.fxgl.app.services.UpdaterService, class com.almasb.fxgl.dev.DevService]
01:08:58.125 [FXGL Background Thread 3 ] DEBUG Engine               - fontGame: Abel-Regular.ttf
01:08:58.125 [FXGL Background Thread 3 ] DEBUG Engine               - fontMono: lucida_console.ttf
01:08:58.125 [FXGL Background Thread 3 ] DEBUG Engine               - fontText: Courier-Prime.ttf
01:08:58.125 [FXGL Background Thread 3 ] DEBUG Engine               - fontUI: VarelaRound-Regular.ttf
01:08:58.125 [FXGL Background Thread 3 ] DEBUG Engine               - fullScreen: BooleanProperty [value: false]
01:08:58.125 [FXGL Background Thread 3 ] DEBUG Engine               - gameDifficulty: MEDIUM
01:08:58.126 [FXGL Background Thread 3 ] DEBUG Engine               - gameDifficultyProperty: ObjectProperty [value: MEDIUM]
01:08:58.126 [FXGL Background Thread 3 ] DEBUG Engine               - globalMusicVolume: 0.5
01:08:58.126 [FXGL Background Thread 3 ] DEBUG Engine               - globalMusicVolumeProperty: DoubleProperty [value: 0.5]
01:08:58.126 [FXGL Background Thread 3 ] DEBUG Engine               - globalSoundVolume: 0.5
01:08:58.126 [FXGL Background Thread 3 ] DEBUG Engine               - globalSoundVolumeProperty: DoubleProperty [value: 0.5]
01:08:58.126 [FXGL Background Thread 3 ] DEBUG Engine               - height: 1125
01:08:58.126 [FXGL Background Thread 3 ] DEBUG Engine               - isAndroid: false
01:08:58.126 [FXGL Background Thread 3 ] DEBUG Engine               - isBrowser: false
01:08:58.126 [FXGL Background Thread 3 ] DEBUG Engine               - isClickFeedbackEnabled: false
01:08:58.127 [FXGL Background Thread 3 ] DEBUG Engine               - isCloseConfirmation: false
01:08:58.127 [FXGL Background Thread 3 ] DEBUG Engine               - isDesktop: true
01:08:58.127 [JavaFX Application Thread] DEBUG FXGLApplication      - Exiting FXGL
01:08:58.127 [FXGL Background Thread 3 ] DEBUG Engine               - isDeveloperMenuEnabled: true
01:08:58.127 [FXGL Background Thread 3 ] DEBUG Engine               - isEntityPreloadEnabled: true
01:08:58.127 [JavaFX Application Thread] DEBUG LoopRunner           - Stopping loop
01:08:58.128 [JavaFX Application Thread] DEBUG SystemBundleService  - Saving FXGL system data
01:08:58.128 [FXGL Background Thread 3 ] DEBUG Engine               - isExperimentalNative: false
01:08:58.128 [FXGL Background Thread 3 ] DEBUG Engine               - isExperimentalTiledLargeMap: false
01:08:58.128 [FXGL Background Thread 3 ] DEBUG Engine               - isFileSystemWriteAllowed: true
01:08:58.128 [FXGL Background Thread 3 ] DEBUG Engine               - isFullScreenAllowed: false
01:08:58.128 [FXGL Background Thread 3 ] DEBUG Engine               - isFullScreenFromStart: false
01:08:58.128 [FXGL Background Thread 3 ] DEBUG Engine               - isGameMenuEnabled: true
01:08:58.128 [FXGL Background Thread 3 ] DEBUG Engine               - isIOS: false
01:08:58.128 [FXGL Background Thread 3 ] DEBUG Engine               - isIntroEnabled: false
01:08:58.128 [FXGL Background Thread 3 ] DEBUG Engine               - isLinux: false
01:08:58.128 [FXGL Background Thread 3 ] DEBUG Engine               - isMac: false
01:08:58.128 [FXGL Background Thread 3 ] DEBUG Engine               - isMainMenuEnabled: true
01:08:58.129 [JavaFX Application Thread] DEBUG FileSystemAccess     - Writing to: C:\Users\Andrea\Desktop\Homework\traffic-mobile\system\fxgl.bundle
01:08:58.129 [FXGL Background Thread 3 ] DEBUG Engine               - isManualResizeEnabled: true
01:08:58.131 [JavaFX Application Thread] DEBUG Async                - Shutting down background threads
01:08:58.132 [FXGL Background Thread 3 ] DEBUG Engine               - isMobile: false
01:08:58.132 [JavaFX Application Thread] DEBUG MainWindow           - Closing main window
01:08:58.132 [FXGL Background Thread 3 ] DEBUG Engine               - isPreserveResizeRatio: true
01:08:58.132 [FXGL Background Thread 3 ] DEBUG Engine               - isProfilingEnabled: false
01:08:58.132 [FXGL Background Thread 3 ] DEBUG Engine               - isSingleStep: false
01:08:58.133 [FXGL Background Thread 3 ] DEBUG Engine               - isUserProfileEnabled: false
01:08:58.134 [FXGL Background Thread 3 ] DEBUG Engine               - isWindows: true
01:08:58.138 [FXGL Background Thread 3 ] DEBUG Engine               - language: ObjectProperty [value: ENGLISH]
01:08:58.139 [JavaFX Application Thread] DEBUG Logger               - Closing Logger
01:08:58.146 [FXGL Background Thread 3 ] DEBUG Engine               - menuKey: ESCAPE
01:08:58.147 [FXGL Background Thread 3 ] DEBUG Engine               - notificationViewClass: class com.almasb.fxgl.notification.view.XboxNotificationView
01:08:58.147 [FXGL Background Thread 3 ] DEBUG Engine               - pixelsPerMeter: 50.0
01:08:58.147 [FXGL Background Thread 3 ] DEBUG Engine               - platform: WINDOWS
01:08:58.147 [FXGL Background Thread 3 ] DEBUG Engine               - profileDir: profiles/
01:08:58.148 [FXGL Background Thread 3 ] DEBUG Engine               - profileName: StringProperty [value: DEFAULT]
01:08:58.148 [FXGL Background Thread 3 ] DEBUG Engine               - randomSeed: -1
01:08:58.148 [FXGL Background Thread 3 ] DEBUG Engine               - runtimeInfo: RuntimeInfo(platform=WINDOWS, version=dev-SNAPSHOT, build=08.09.2020 17.31)
01:08:58.148 [FXGL Background Thread 3 ] DEBUG Engine               - saveFileExt: sav
01:08:58.148 [FXGL Background Thread 3 ] DEBUG Engine               - sceneFactory: it.uniroma1.metodologie.trafficGame.TrafficApp$1@7e637097
01:08:58.148 [FXGL Background Thread 3 ] DEBUG Engine               - secondsIn24h: 60
01:08:58.149 [FXGL Background Thread 3 ] DEBUG Engine               - soundMenuBack: menu/back.wav
01:08:58.149 [FXGL Background Thread 3 ] DEBUG Engine               - soundMenuPress: menu/press.wav
01:08:58.149 [FXGL Background Thread 3 ] DEBUG Engine               - soundMenuSelect: menu/select.wav
01:08:58.149 [FXGL Background Thread 3 ] DEBUG Engine               - soundNotification: core/notification.wav
01:08:58.149 [FXGL Background Thread 3 ] DEBUG Engine               - stageStyle: DECORATED
01:08:58.149 [FXGL Background Thread 3 ] DEBUG Engine               - supportedLanguages: [ENGLISH, FRENCH, GERMAN, HUNGARIAN, RUSSIAN]
01:08:58.149 [FXGL Background Thread 3 ] DEBUG Engine               - title: Traffic
01:08:58.149 [FXGL Background Thread 3 ] DEBUG Engine               - urlGithub: https://github.com/AlmasB/FXGL
01:08:58.149 [FXGL Background Thread 3 ] DEBUG Engine               - urlLeaderboard: http://fxgl-top.herokuapp.com/
01:08:58.149 [FXGL Background Thread 3 ] DEBUG Engine               - urlPOM: https://raw.githubusercontent.com/AlmasB/FXGL/master/pom.xml
01:08:58.149 [FXGL Background Thread 3 ] DEBUG Engine               - version: Alpha 1.0
01:08:58.149 [FXGL Background Thread 3 ] DEBUG Engine               - versionCheckDays: 7
01:08:58.150 [FXGL Background Thread 3 ] DEBUG Engine               - width: 2000
01:08:58.150 [FXGL Background Thread 3 ] DEBUG Engine               - Logging services
01:08:58.150 [FXGL Background Thread 3 ] DEBUG Engine               - class com.almasb.fxgl.app.FXGLApplication$GameApplicationService
01:08:58.150 [FXGL Background Thread 3 ] DEBUG Engine               - class com.almasb.fxgl.app.services.FXGLDialogService
01:08:58.150 [FXGL Background Thread 3 ] DEBUG Engine               - class com.almasb.fxgl.app.services.IOTaskExecutorService
01:08:58.150 [FXGL Background Thread 3 ] DEBUG Engine               - class com.almasb.fxgl.event.EventBusService
01:08:58.150 [FXGL Background Thread 3 ] DEBUG Engine               - class com.almasb.fxgl.io.FileSystemService
01:08:58.150 [FXGL Background Thread 3 ] DEBUG Engine               - class com.almasb.fxgl.localization.LocalizationService
01:08:58.150 [FXGL Background Thread 3 ] DEBUG Engine               - class com.almasb.fxgl.app.services.FXGLAssetLoaderService
01:08:58.150 [FXGL Background Thread 3 ] DEBUG Engine               - class com.almasb.fxgl.app.services.SystemBundleService
01:08:58.151 [FXGL Background Thread 3 ] DEBUG Engine               - class com.almasb.fxgl.profile.SaveLoadService
01:08:58.152 [FXGL Background Thread 3 ] DEBUG Engine               - class com.almasb.fxgl.ui.FXGLUIFactoryServiceProvider
01:08:58.153 [FXGL Background Thread 3 ] DEBUG Engine               - class com.almasb.fxgl.ui.FXGLDialogFactoryServiceProvider
01:08:58.153 [FXGL Background Thread 3 ] DEBUG Engine               - class com.almasb.fxgl.audio.AudioPlayer
01:08:58.153 [FXGL Background Thread 3 ] DEBUG Engine               - class com.almasb.fxgl.notification.impl.NotificationServiceProvider
01:08:58.153 [FXGL Background Thread 3 ] DEBUG Engine               - class com.almasb.fxgl.achievement.AchievementService
01:08:58.153 [FXGL Background Thread 3 ] DEBUG Engine               - class com.almasb.fxgl.cutscene.CutsceneService
01:08:58.153 [FXGL Background Thread 3 ] DEBUG Engine               - class com.almasb.fxgl.minigames.MiniGameService
01:08:58.153 [FXGL Background Thread 3 ] DEBUG Engine               - class com.almasb.fxgl.net.NetService
01:08:58.155 [FXGL Background Thread 3 ] DEBUG Engine               - class com.almasb.fxgl.app.services.UpdaterService
01:08:58.158 [FXGL Background Thread 3 ] DEBUG Engine               - class com.almasb.fxgl.dev.DevService
