02:57:36.694 [main                     ] DEBUG Logger               - Configured Logger
02:57:36.720 [main                     ] DEBUG GameApplication      - Logging settings
Title: Traffic
Version: Alpha 1.0
Width: 2000
Height: 1125
Fullscreen: false
Intro: false
Profiling: false
Single step:false
App Mode: DEVELOPER
Menu Key: ESCAPE
Stage Style: DECORATED
Scene Factory: class it.uniroma1.metodologie.trafficGame.TrafficApp$1

02:57:37.119 [JavaFX Application Thread] DEBUG FXGLApplication      - Initializing FXGL
02:57:37.124 [JavaFX Application Thread] INFO  Engine               - FXGL-dev-SNAPSHOT (08.09.2020 17.31) on WINDOWS (J:13.0.2 FX:14)
02:57:37.124 [JavaFX Application Thread] DEBUG Engine               - JRE Vendor Name: Oracle Corporation
02:57:37.124 [JavaFX Application Thread] DEBUG Engine               - Running on OS: Windows 10 version 10.0
02:57:37.125 [JavaFX Application Thread] DEBUG Engine               - Architecture: amd64
02:57:37.125 [JavaFX Application Thread] INFO  Engine               - Source code and latest versions at: https://github.com/AlmasB/FXGL
02:57:37.125 [JavaFX Application Thread] INFO  Engine               -              Join the FXGL chat at: https://gitter.im/AlmasB/FXGL
02:57:37.201 [JavaFX Application Thread] DEBUG MainWindow           - Creating a JavaFX scene
02:57:37.240 [JavaFX Application Thread] DEBUG MainWindow           - Target settings size: 2000.0 x 1125.0
02:57:37.241 [JavaFX Application Thread] DEBUG MainWindow           - Scaled scene size:    2000.0 x 1125.0
02:57:37.241 [JavaFX Application Thread] DEBUG MainWindow           - Scaled ratio: (1.0, 1.0)
02:57:37.242 [JavaFX Application Thread] DEBUG MainWindow           - Set initial scene to StartupScene
02:57:37.246 [JavaFX Application Thread] DEBUG MainWindow           - Opening main window
02:57:37.312 [JavaFX Application Thread] DEBUG MainWindow           - Window border size: (16.0, 39.0)
02:57:37.313 [JavaFX Application Thread] DEBUG MainWindow           - Scaled size: 2000.0 x 1125.0
02:57:37.313 [JavaFX Application Thread] DEBUG MainWindow           - Scaled ratio: (1.0, 1.0)
02:57:37.313 [JavaFX Application Thread] DEBUG MainWindow           - Scene size: 2000.0 x 1125.0
02:57:37.313 [JavaFX Application Thread] DEBUG MainWindow           - Stage size: 2016.0 x 1164.0
02:57:37.335 [FXGL Background Thread 1 ] DEBUG Engine               - Initializing environment variables
02:57:37.361 [FXGL Background Thread 1 ] DEBUG GameApplicationServi - Applying CSS: fxgl_dark.css
02:57:37.362 [FXGL Background Thread 1 ] DEBUG FXGLAssetLoaderServi - Loading from file system: /assets/ui/css/fxgl_dark.css
02:57:37.406 [FXGL Background Thread 1 ] DEBUG GameApplicationServi - Initializing application scenes
02:57:37.494 [FXGL Background Thread 1 ] DEBUG GameWorld            - Game world initialized
02:57:37.532 [FXGL Background Thread 1 ] DEBUG PhysicsWorld         - Physics world initialized: appHeight=1125, physics.ppm=50,0
02:57:37.534 [FXGL Background Thread 1 ] DEBUG GameScene            - Game scene initialized: 2000x1125
02:57:37.542 [FXGL Background Thread 1 ] DEBUG FXGLAssetLoaderServi - Loading from file system: /assets/textures/bg.jpg
02:57:37.825 [FXGL Background Thread 1 ] DEBUG FXGLAssetLoaderServi - Loading from file system: /assets/textures/logo.png
02:57:37.917 [FXGL Background Thread 1 ] DEBUG FXGLAssetLoaderServi - Loading from file system: /assets/textures/particles/trace_horizontal.png
02:57:37.940 [FXGL Background Thread 1 ] DEBUG FXGL.DefaultMenu     - createMenuBodyGameMenu()
02:57:37.949 [FXGL Background Thread 1 ] DEBUG FXGL.DefaultMenu     - createOptionsMenu()
02:57:37.952 [FXGL Background Thread 1 ] DEBUG FXGL.DefaultMenu     - createExtraMenu()
02:57:37.954 [FXGL Background Thread 1 ] DEBUG FXGLAssetLoaderServi - Loading from file system: /assets/textures/particles/smoke.png
02:57:38.010 [FXGL Background Thread 1 ] DEBUG GameApplicationServi - Application scenes initialized
02:57:38.018 [FXGL Background Thread 1 ] DEBUG SystemBundleService  - Loading FXGL system data
02:57:38.021 [FXGL Background Thread 1 ] DEBUG FileSystemAccess     - Reading from: C:\Users\Andrea\Desktop\Homework\traffic-mobile\system\fxgl.bundle
02:57:38.027 [FXGL Background Thread 1 ] DEBUG SystemBundleService  - Bundle FXGL: {}
02:57:38.027 [FXGL Background Thread 1 ] DEBUG UpdaterService       - Checking for updates
02:57:38.049 [FXGL Background Thread 1 ] DEBUG FXGLApplication      - Loading default localization
02:57:38.049 [FXGL Background Thread 1 ] DEBUG FXGLAssetLoaderServi - Loading from file system: /assets/languages/english.lang
02:57:38.048 [FXGL Background Thread 4 ] DEBUG FXGLApplication      - Loading fonts
02:57:38.054 [FXGL Background Thread 4 ] DEBUG FXGLAssetLoaderServi - Loading from file system: /assets/ui/fonts/VarelaRound-Regular.ttf
02:57:38.065 [FXGL Background Thread 1 ] INFO  FXGLApplication      - FXGL initialization took: 0,730 sec
02:57:38.073 [JavaFX Application Thread] DEBUG Input                - Registered new binding: Change trafficlight status - F
02:57:38.073 [JavaFX Application Thread] DEBUG Input                - Registered new binding: Move Right - D
02:57:38.073 [JavaFX Application Thread] DEBUG Input                - Registered new binding: Move Left - A
02:57:38.073 [JavaFX Application Thread] DEBUG Input                - Registered new binding: Move Up - W
02:57:38.074 [JavaFX Application Thread] DEBUG Input                - Registered new binding: Move Down - S
02:57:38.074 [JavaFX Application Thread] DEBUG Input                - Registered new binding: Spawn Car - Space
02:57:38.074 [JavaFX Application Thread] DEBUG Input                - Registered new binding: Select and change traffic light - LMB
02:57:38.075 [JavaFX Application Thread] DEBUG FXGLAssetLoaderServi - Loading from file system: /assets/textures/fxgl_icon.png
02:57:38.089 [JavaFX Application Thread] DEBUG FXGLAssetLoaderServi - Loading from file system: /assets/ui/cursors/fxgl_default.png
02:57:38.090 [JavaFX Application Thread] DEBUG Input                - Registered new binding: Screenshot - P
02:57:38.091 [JavaFX Application Thread] DEBUG Input                - Registered new binding: Dev Options - 1
02:57:38.091 [JavaFX Application Thread] DEBUG Input                - Registered new binding: Dev Console - 2
02:57:38.092 [JavaFX Application Thread] DEBUG Input                - Registered new binding: System info dump - CTRL+9
02:57:38.092 [JavaFX Application Thread] DEBUG Input                - Registered new binding: Restart - CTRL+R
02:57:38.093 [JavaFX Application Thread] DEBUG Input                - Registered new binding: Toggle Debug Camera - CTRL+C
02:57:38.095 [JavaFX Application Thread] DEBUG LoopRunner           - Starting loop
02:57:38.107 [JavaFX Application Thread] DEBUG Input                - Clearing active input actions
02:57:38.112 [JavaFX Application Thread] DEBUG GameApplicationServi - Removing overlay from StartupScene and adding to FXGLMainMenuDummyScene
02:57:38.115 [JavaFX Application Thread] DEBUG MainWindow           - StartupScene -> FXGLMainMenuDummyScene
02:57:38.115 [JavaFX Application Thread] DEBUG MainWindow           - Push state: TrafficAppMenu
02:57:38.115 [JavaFX Application Thread] DEBUG Input                - Clearing active input actions
02:57:38.119 [JavaFX Application Thread] DEBUG GameApplicationServi - Removing overlay from FXGLMainMenuDummyScene and adding to TrafficAppMenu
02:57:38.120 [JavaFX Application Thread] DEBUG MainWindow           - FXGLMainMenuDummyScene -> TrafficAppMenu
02:57:38.703 [FXGL Background Thread 4 ] DEBUG FXGLAssetLoaderServi - Loading from file system: /assets/ui/fonts/Abel-Regular.ttf
02:57:38.705 [FXGL Background Thread 4 ] DEBUG FXGLAssetLoaderServi - Loading from file system: /assets/ui/fonts/lucida_console.ttf
02:57:38.709 [FXGL Background Thread 4 ] DEBUG FXGLAssetLoaderServi - Loading from file system: /assets/ui/fonts/Courier-Prime.ttf
02:57:38.712 [JavaFX Application Thread] DEBUG FXGLApplication      - Registering font factories with UI factory
02:57:38.862 [JavaFX Application Thread] DEBUG Menu                 - fireNewGame()
02:57:38.863 [JavaFX Application Thread] DEBUG GameApplicationServi - Starting new game
02:57:38.863 [JavaFX Application Thread] DEBUG MainWindow           - Pop state: TrafficAppMenu
02:57:38.863 [JavaFX Application Thread] DEBUG Input                - Clearing active input actions
02:57:38.864 [JavaFX Application Thread] DEBUG GameApplicationServi - Removing overlay from TrafficAppMenu and adding to FXGLMainMenuDummyScene
02:57:38.865 [JavaFX Application Thread] DEBUG MainWindow           - FXGLMainMenuDummyScene <- TrafficAppMenu
02:57:38.866 [JavaFX Application Thread] DEBUG Input                - Clearing active input actions
02:57:38.873 [JavaFX Application Thread] DEBUG GameApplicationServi - Removing overlay from FXGLMainMenuDummyScene and adding to FXGLLoadingScene
02:57:38.874 [JavaFX Application Thread] DEBUG MainWindow           - FXGLMainMenuDummyScene -> FXGLLoadingScene
02:57:38.875 [JavaFX Application Thread] DEBUG GameApplicationServi - Clearing previous game
02:57:38.875 [JavaFX Application Thread] DEBUG GameScene            - Clearing game scene
02:57:38.875 [JavaFX Application Thread] DEBUG GameWorld            - Clearing game world
02:57:38.875 [JavaFX Application Thread] DEBUG PhysicsWorld         - Clearing physics world
02:57:38.876 [FXGL Background Thread 4 ] DEBUG FXGLApplication      - Initializing game
02:57:38.885 [FXGL Background Thread 4 ] DEBUG FXGLAssetLoaderServi - Loading from file system: /assets/levels/Mappa_01.tmx
02:57:38.926 [FXGL Background Thread 4 ] WARN  TMXLevelLoader       - TiledMap generated from 1.4.1. Supported version: 1.2.3. Some features may not be parsed fully.
02:57:38.948 [FXGL Background Thread 4 ] DEBUG TMXLevelLoader       - Parsed raw map: TiledMap(width=16, height=9, tilewidth=125, tileheight=125, orientation=orthogonal, layers=[Layer(width=16, height=9, name=Tile Layer 1, type=tilelayer, visible=false, x=0, y=0, data=[24, 24, 24, 26, 5, 28, 24, 24, 24, 24, 24, 26, 5, 28, 24, 24, 25, 25, 25, 32, 5, 34, 25, 25, 25, 25, 25, 32, 5, 34, 25, 25, 6, 6, 6, 6, 7, 6, 6, 6, 6, 6, 6, 6, 7, 6, 6, 6, 27, 27, 27, 33, 5, 21, 13, 13, 13, 13, 13, 19, 5, 35, 27, 27, 24, 24, 24, 26, 5, 14, 10, 10, 10, 10, 10, 12, 5, 28, 24, 24, 25, 25, 25, 32, 5, 20, 11, 11, 11, 11, 11, 18, 5, 34, 25, 25, 6, 6, 6, 6, 7, 6, 6, 6, 6, 6, 6, 6, 7, 6, 6, 6, 27, 27, 27, 33, 5, 35, 27, 27, 27, 27, 27, 33, 5, 35, 27, 27, 24, 24, 24, 26, 5, 28, 24, 24, 24, 24, 24, 26, 5, 28, 24, 24], objects=[], opacity=0.0, draworder=), Layer(width=0, height=0, name=spawnpoints, type=objectgroup, visible=false, x=0, y=0, data=[], objects=[com.almasb.fxgl.entity.level.tiled.TiledObject@18bdf4b7, com.almasb.fxgl.entity.level.tiled.TiledObject@54d0a973, com.almasb.fxgl.entity.level.tiled.TiledObject@7368c3c7, com.almasb.fxgl.entity.level.tiled.TiledObject@174c6c57, com.almasb.fxgl.entity.level.tiled.TiledObject@60232a45, com.almasb.fxgl.entity.level.tiled.TiledObject@31e99c03, com.almasb.fxgl.entity.level.tiled.TiledObject@4aa0702, com.almasb.fxgl.entity.level.tiled.TiledObject@7070ed14], opacity=0.0, draworder=), Layer(width=0, height=0, name=paths, type=objectgroup, visible=false, x=0, y=0, data=[], objects=[com.almasb.fxgl.entity.level.tiled.TiledObject@9f8905d, com.almasb.fxgl.entity.level.tiled.TiledObject@740c0ce5, com.almasb.fxgl.entity.level.tiled.TiledObject@204a8771, com.almasb.fxgl.entity.level.tiled.TiledObject@57a5c621, com.almasb.fxgl.entity.level.tiled.TiledObject@1a92cef0, com.almasb.fxgl.entity.level.tiled.TiledObject@eed8263, com.almasb.fxgl.entity.level.tiled.TiledObject@7a68fdc0, com.almasb.fxgl.entity.level.tiled.TiledObject@385b862, com.almasb.fxgl.entity.level.tiled.TiledObject@fec03ac, com.almasb.fxgl.entity.level.tiled.TiledObject@6d7066a8, com.almasb.fxgl.entity.level.tiled.TiledObject@504b103b, com.almasb.fxgl.entity.level.tiled.TiledObject@7ea3e4f8, com.almasb.fxgl.entity.level.tiled.TiledObject@113d79e3, com.almasb.fxgl.entity.level.tiled.TiledObject@7f96184a, com.almasb.fxgl.entity.level.tiled.TiledObject@77d4054b, com.almasb.fxgl.entity.level.tiled.TiledObject@1631ab6d, com.almasb.fxgl.entity.level.tiled.TiledObject@6c393a29, com.almasb.fxgl.entity.level.tiled.TiledObject@23223bac, com.almasb.fxgl.entity.level.tiled.TiledObject@740b8cde, com.almasb.fxgl.entity.level.tiled.TiledObject@6ffa2bf1, com.almasb.fxgl.entity.level.tiled.TiledObject@4a37ac55, com.almasb.fxgl.entity.level.tiled.TiledObject@787a11e4, com.almasb.fxgl.entity.level.tiled.TiledObject@503f0f49, com.almasb.fxgl.entity.level.tiled.TiledObject@6ea4031c], opacity=0.0, draworder=), Layer(width=0, height=0, name=Incroci, type=objectgroup, visible=false, x=0, y=0, data=[], objects=[com.almasb.fxgl.entity.level.tiled.TiledObject@19865f99, com.almasb.fxgl.entity.level.tiled.TiledObject@31db987c, com.almasb.fxgl.entity.level.tiled.TiledObject@19368c49, com.almasb.fxgl.entity.level.tiled.TiledObject@57c4d090], opacity=0.0, draworder=), Layer(width=0, height=0, name=trafficLight, type=objectgroup, visible=false, x=0, y=0, data=[], objects=[com.almasb.fxgl.entity.level.tiled.TiledObject@7c953766, com.almasb.fxgl.entity.level.tiled.TiledObject@11e058f0, com.almasb.fxgl.entity.level.tiled.TiledObject@3c19ca41, com.almasb.fxgl.entity.level.tiled.TiledObject@4d28cd02, com.almasb.fxgl.entity.level.tiled.TiledObject@18d3fdc6, com.almasb.fxgl.entity.level.tiled.TiledObject@be701f4, com.almasb.fxgl.entity.level.tiled.TiledObject@79de890b, com.almasb.fxgl.entity.level.tiled.TiledObject@72151bef, com.almasb.fxgl.entity.level.tiled.TiledObject@75aff5a6, com.almasb.fxgl.entity.level.tiled.TiledObject@4674b246, com.almasb.fxgl.entity.level.tiled.TiledObject@4b6ffd52, com.almasb.fxgl.entity.level.tiled.TiledObject@11ff4db3, com.almasb.fxgl.entity.level.tiled.TiledObject@1bf798ef, com.almasb.fxgl.entity.level.tiled.TiledObject@78f2ef55, com.almasb.fxgl.entity.level.tiled.TiledObject@4cc30874, com.almasb.fxgl.entity.level.tiled.TiledObject@273a568a], opacity=0.0, draworder=)], tilesets=[Tileset(firstgid=1, image=../textures/rsz_tiles_sheet.png, name=rsz_tiles_sheet, tilewidth=125, tileheight=125, imagewidth=875, imageheight=750, margin=0, spacing=0, columns=7, tilecount=42, transparentcolor=41ffef, tiles=[])], backgroundcolor=, renderorder=left-up, nextobjectid=66, version=1, tiledversion=1.4.1, type=map, infinite=false, hexsidelength=0, staggeraxis=, staggerindex=, properties={}, propertytypes={})
02:57:38.949 [FXGL Background Thread 4 ] DEBUG TMXLevelLoader       - Creating tile layer entities
02:57:38.950 [FXGL Background Thread 4 ] DEBUG TilesetLoader        - Loading view for layer Tile Layer 1
02:57:38.954 [FXGL Background Thread 4 ] DEBUG TilesetLoader        - Created buffer with size 2000.0x1125.0
02:57:39.048 [FXGL Background Thread 4 ] DEBUG TilesetLoader        - Writing to buffer: dst=0,0, w=125,h=125, src=250,375
02:57:39.049 [FXGL Background Thread 4 ] DEBUG TilesetLoader        - Writing to buffer: dst=125,0, w=125,h=125, src=250,375
02:57:39.049 [FXGL Background Thread 4 ] DEBUG TilesetLoader        - Writing to buffer: dst=250,0, w=125,h=125, src=250,375
02:57:39.049 [FXGL Background Thread 4 ] DEBUG TilesetLoader        - Writing to buffer: dst=375,0, w=125,h=125, src=500,375
02:57:39.049 [FXGL Background Thread 4 ] DEBUG TilesetLoader        - Writing to buffer: dst=500,0, w=125,h=125, src=500,0
02:57:39.050 [FXGL Background Thread 4 ] DEBUG TilesetLoader        - Writing to buffer: dst=625,0, w=125,h=125, src=750,375
02:57:39.050 [FXGL Background Thread 4 ] DEBUG TilesetLoader        - Writing to buffer: dst=750,0, w=125,h=125, src=250,375
02:57:39.050 [FXGL Background Thread 4 ] DEBUG TilesetLoader        - Writing to buffer: dst=875,0, w=125,h=125, src=250,375
02:57:39.050 [FXGL Background Thread 4 ] DEBUG TilesetLoader        - Writing to buffer: dst=1000,0, w=125,h=125, src=250,375
02:57:39.050 [FXGL Background Thread 4 ] DEBUG TilesetLoader        - Writing to buffer: dst=1125,0, w=125,h=125, src=250,375
02:57:39.051 [FXGL Background Thread 4 ] DEBUG TilesetLoader        - Writing to buffer: dst=1250,0, w=125,h=125, src=250,375
02:57:39.052 [FXGL Background Thread 4 ] DEBUG TilesetLoader        - Writing to buffer: dst=1375,0, w=125,h=125, src=500,375
02:57:39.052 [FXGL Background Thread 4 ] DEBUG TilesetLoader        - Writing to buffer: dst=1500,0, w=125,h=125, src=500,0
02:57:39.052 [FXGL Background Thread 4 ] DEBUG TilesetLoader        - Writing to buffer: dst=1625,0, w=125,h=125, src=750,375
02:57:39.052 [FXGL Background Thread 4 ] DEBUG TilesetLoader        - Writing to buffer: dst=1750,0, w=125,h=125, src=250,375
02:57:39.052 [FXGL Background Thread 4 ] DEBUG TilesetLoader        - Writing to buffer: dst=1875,0, w=125,h=125, src=250,375
02:57:39.052 [FXGL Background Thread 4 ] DEBUG TilesetLoader        - Writing to buffer: dst=0,125, w=125,h=125, src=375,375
02:57:39.053 [FXGL Background Thread 4 ] DEBUG TilesetLoader        - Writing to buffer: dst=125,125, w=125,h=125, src=375,375
02:57:39.053 [FXGL Background Thread 4 ] DEBUG TilesetLoader        - Writing to buffer: dst=250,125, w=125,h=125, src=375,375
02:57:39.054 [FXGL Background Thread 4 ] DEBUG TilesetLoader        - Writing to buffer: dst=375,125, w=125,h=125, src=375,500
02:57:39.054 [FXGL Background Thread 4 ] DEBUG TilesetLoader        - Writing to buffer: dst=500,125, w=125,h=125, src=500,0
02:57:39.054 [FXGL Background Thread 4 ] DEBUG TilesetLoader        - Writing to buffer: dst=625,125, w=125,h=125, src=625,500
02:57:39.055 [FXGL Background Thread 4 ] DEBUG TilesetLoader        - Writing to buffer: dst=750,125, w=125,h=125, src=375,375
02:57:39.055 [FXGL Background Thread 4 ] DEBUG TilesetLoader        - Writing to buffer: dst=875,125, w=125,h=125, src=375,375
02:57:39.055 [FXGL Background Thread 4 ] DEBUG TilesetLoader        - Writing to buffer: dst=1000,125, w=125,h=125, src=375,375
02:57:39.055 [FXGL Background Thread 4 ] DEBUG TilesetLoader        - Writing to buffer: dst=1125,125, w=125,h=125, src=375,375
02:57:39.056 [FXGL Background Thread 4 ] DEBUG TilesetLoader        - Writing to buffer: dst=1250,125, w=125,h=125, src=375,375
02:57:39.056 [FXGL Background Thread 4 ] DEBUG TilesetLoader        - Writing to buffer: dst=1375,125, w=125,h=125, src=375,500
02:57:39.056 [FXGL Background Thread 4 ] DEBUG TilesetLoader        - Writing to buffer: dst=1500,125, w=125,h=125, src=500,0
02:57:39.056 [FXGL Background Thread 4 ] DEBUG TilesetLoader        - Writing to buffer: dst=1625,125, w=125,h=125, src=625,500
02:57:39.056 [FXGL Background Thread 4 ] DEBUG TilesetLoader        - Writing to buffer: dst=1750,125, w=125,h=125, src=375,375
02:57:39.056 [FXGL Background Thread 4 ] DEBUG TilesetLoader        - Writing to buffer: dst=1875,125, w=125,h=125, src=375,375
02:57:39.056 [FXGL Background Thread 4 ] DEBUG TilesetLoader        - Writing to buffer: dst=0,250, w=125,h=125, src=625,0
02:57:39.057 [FXGL Background Thread 4 ] DEBUG TilesetLoader        - Writing to buffer: dst=125,250, w=125,h=125, src=625,0
02:57:39.057 [FXGL Background Thread 4 ] DEBUG TilesetLoader        - Writing to buffer: dst=250,250, w=125,h=125, src=625,0
02:57:39.057 [FXGL Background Thread 4 ] DEBUG TilesetLoader        - Writing to buffer: dst=375,250, w=125,h=125, src=625,0
02:57:39.057 [FXGL Background Thread 4 ] DEBUG TilesetLoader        - Writing to buffer: dst=500,250, w=125,h=125, src=750,0
02:57:39.057 [FXGL Background Thread 4 ] DEBUG TilesetLoader        - Writing to buffer: dst=625,250, w=125,h=125, src=625,0
02:57:39.058 [FXGL Background Thread 4 ] DEBUG TilesetLoader        - Writing to buffer: dst=750,250, w=125,h=125, src=625,0
02:57:39.058 [FXGL Background Thread 4 ] DEBUG TilesetLoader        - Writing to buffer: dst=875,250, w=125,h=125, src=625,0
02:57:39.058 [FXGL Background Thread 4 ] DEBUG TilesetLoader        - Writing to buffer: dst=1000,250, w=125,h=125, src=625,0
02:57:39.058 [FXGL Background Thread 4 ] DEBUG TilesetLoader        - Writing to buffer: dst=1125,250, w=125,h=125, src=625,0
02:57:39.058 [FXGL Background Thread 4 ] DEBUG TilesetLoader        - Writing to buffer: dst=1250,250, w=125,h=125, src=625,0
02:57:39.058 [FXGL Background Thread 4 ] DEBUG TilesetLoader        - Writing to buffer: dst=1375,250, w=125,h=125, src=625,0
02:57:39.059 [FXGL Background Thread 4 ] DEBUG TilesetLoader        - Writing to buffer: dst=1500,250, w=125,h=125, src=750,0
02:57:39.059 [FXGL Background Thread 4 ] DEBUG TilesetLoader        - Writing to buffer: dst=1625,250, w=125,h=125, src=625,0
02:57:39.059 [FXGL Background Thread 4 ] DEBUG TilesetLoader        - Writing to buffer: dst=1750,250, w=125,h=125, src=625,0
02:57:39.059 [FXGL Background Thread 4 ] DEBUG TilesetLoader        - Writing to buffer: dst=1875,250, w=125,h=125, src=625,0
02:57:39.059 [FXGL Background Thread 4 ] DEBUG TilesetLoader        - Writing to buffer: dst=0,375, w=125,h=125, src=625,375
02:57:39.060 [FXGL Background Thread 4 ] DEBUG TilesetLoader        - Writing to buffer: dst=125,375, w=125,h=125, src=625,375
02:57:39.060 [FXGL Background Thread 4 ] DEBUG TilesetLoader        - Writing to buffer: dst=250,375, w=125,h=125, src=625,375
02:57:39.060 [FXGL Background Thread 4 ] DEBUG TilesetLoader        - Writing to buffer: dst=375,375, w=125,h=125, src=500,500
02:57:39.060 [FXGL Background Thread 4 ] DEBUG TilesetLoader        - Writing to buffer: dst=500,375, w=125,h=125, src=500,0
02:57:39.061 [FXGL Background Thread 4 ] DEBUG TilesetLoader        - Writing to buffer: dst=625,375, w=125,h=125, src=750,250
02:57:39.061 [FXGL Background Thread 4 ] DEBUG TilesetLoader        - Writing to buffer: dst=750,375, w=125,h=125, src=625,125
02:57:39.061 [FXGL Background Thread 4 ] DEBUG TilesetLoader        - Writing to buffer: dst=875,375, w=125,h=125, src=625,125
02:57:39.062 [FXGL Background Thread 4 ] DEBUG TilesetLoader        - Writing to buffer: dst=1000,375, w=125,h=125, src=625,125
02:57:39.062 [FXGL Background Thread 4 ] DEBUG TilesetLoader        - Writing to buffer: dst=1125,375, w=125,h=125, src=625,125
02:57:39.063 [FXGL Background Thread 4 ] DEBUG TilesetLoader        - Writing to buffer: dst=1250,375, w=125,h=125, src=625,125
02:57:39.064 [FXGL Background Thread 4 ] DEBUG TilesetLoader        - Writing to buffer: dst=1375,375, w=125,h=125, src=500,250
02:57:39.064 [FXGL Background Thread 4 ] DEBUG TilesetLoader        - Writing to buffer: dst=1500,375, w=125,h=125, src=500,0
02:57:39.065 [FXGL Background Thread 4 ] DEBUG TilesetLoader        - Writing to buffer: dst=1625,375, w=125,h=125, src=750,500
02:57:39.065 [FXGL Background Thread 4 ] DEBUG TilesetLoader        - Writing to buffer: dst=1750,375, w=125,h=125, src=625,375
02:57:39.065 [FXGL Background Thread 4 ] DEBUG TilesetLoader        - Writing to buffer: dst=1875,375, w=125,h=125, src=625,375
02:57:39.065 [FXGL Background Thread 4 ] DEBUG TilesetLoader        - Writing to buffer: dst=0,500, w=125,h=125, src=250,375
02:57:39.065 [FXGL Background Thread 4 ] DEBUG TilesetLoader        - Writing to buffer: dst=125,500, w=125,h=125, src=250,375
02:57:39.066 [FXGL Background Thread 4 ] DEBUG TilesetLoader        - Writing to buffer: dst=250,500, w=125,h=125, src=250,375
02:57:39.066 [FXGL Background Thread 4 ] DEBUG TilesetLoader        - Writing to buffer: dst=375,500, w=125,h=125, src=500,375
02:57:39.066 [FXGL Background Thread 4 ] DEBUG TilesetLoader        - Writing to buffer: dst=500,500, w=125,h=125, src=500,0
02:57:39.066 [FXGL Background Thread 4 ] DEBUG TilesetLoader        - Writing to buffer: dst=625,500, w=125,h=125, src=750,125
02:57:39.066 [FXGL Background Thread 4 ] DEBUG TilesetLoader        - Writing to buffer: dst=750,500, w=125,h=125, src=250,125
02:57:39.066 [FXGL Background Thread 4 ] DEBUG TilesetLoader        - Writing to buffer: dst=875,500, w=125,h=125, src=250,125
02:57:39.066 [FXGL Background Thread 4 ] DEBUG TilesetLoader        - Writing to buffer: dst=1000,500, w=125,h=125, src=250,125
02:57:39.067 [FXGL Background Thread 4 ] DEBUG TilesetLoader        - Writing to buffer: dst=1125,500, w=125,h=125, src=250,125
02:57:39.067 [FXGL Background Thread 4 ] DEBUG TilesetLoader        - Writing to buffer: dst=1250,500, w=125,h=125, src=250,125
02:57:39.067 [FXGL Background Thread 4 ] DEBUG TilesetLoader        - Writing to buffer: dst=1375,500, w=125,h=125, src=500,125
02:57:39.067 [FXGL Background Thread 4 ] DEBUG TilesetLoader        - Writing to buffer: dst=1500,500, w=125,h=125, src=500,0
02:57:39.068 [FXGL Background Thread 4 ] DEBUG TilesetLoader        - Writing to buffer: dst=1625,500, w=125,h=125, src=750,375
02:57:39.068 [FXGL Background Thread 4 ] DEBUG TilesetLoader        - Writing to buffer: dst=1750,500, w=125,h=125, src=250,375
02:57:39.068 [FXGL Background Thread 4 ] DEBUG TilesetLoader        - Writing to buffer: dst=1875,500, w=125,h=125, src=250,375
02:57:39.068 [FXGL Background Thread 4 ] DEBUG TilesetLoader        - Writing to buffer: dst=0,625, w=125,h=125, src=375,375
02:57:39.068 [FXGL Background Thread 4 ] DEBUG TilesetLoader        - Writing to buffer: dst=125,625, w=125,h=125, src=375,375
02:57:39.068 [FXGL Background Thread 4 ] DEBUG TilesetLoader        - Writing to buffer: dst=250,625, w=125,h=125, src=375,375
02:57:39.069 [FXGL Background Thread 4 ] DEBUG TilesetLoader        - Writing to buffer: dst=375,625, w=125,h=125, src=375,500
02:57:39.069 [FXGL Background Thread 4 ] DEBUG TilesetLoader        - Writing to buffer: dst=500,625, w=125,h=125, src=500,0
02:57:39.069 [FXGL Background Thread 4 ] DEBUG TilesetLoader        - Writing to buffer: dst=625,625, w=125,h=125, src=625,250
02:57:39.069 [FXGL Background Thread 4 ] DEBUG TilesetLoader        - Writing to buffer: dst=750,625, w=125,h=125, src=375,125
02:57:39.069 [FXGL Background Thread 4 ] DEBUG TilesetLoader        - Writing to buffer: dst=875,625, w=125,h=125, src=375,125
02:57:39.069 [FXGL Background Thread 4 ] DEBUG TilesetLoader        - Writing to buffer: dst=1000,625, w=125,h=125, src=375,125
02:57:39.069 [FXGL Background Thread 4 ] DEBUG TilesetLoader        - Writing to buffer: dst=1125,625, w=125,h=125, src=375,125
02:57:39.069 [FXGL Background Thread 4 ] DEBUG TilesetLoader        - Writing to buffer: dst=1250,625, w=125,h=125, src=375,125
02:57:39.070 [FXGL Background Thread 4 ] DEBUG TilesetLoader        - Writing to buffer: dst=1375,625, w=125,h=125, src=375,250
02:57:39.070 [FXGL Background Thread 4 ] DEBUG TilesetLoader        - Writing to buffer: dst=1500,625, w=125,h=125, src=500,0
02:57:39.070 [FXGL Background Thread 4 ] DEBUG TilesetLoader        - Writing to buffer: dst=1625,625, w=125,h=125, src=625,500
02:57:39.070 [FXGL Background Thread 4 ] DEBUG TilesetLoader        - Writing to buffer: dst=1750,625, w=125,h=125, src=375,375
02:57:39.070 [FXGL Background Thread 4 ] DEBUG TilesetLoader        - Writing to buffer: dst=1875,625, w=125,h=125, src=375,375
02:57:39.070 [FXGL Background Thread 4 ] DEBUG TilesetLoader        - Writing to buffer: dst=0,750, w=125,h=125, src=625,0
02:57:39.070 [FXGL Background Thread 4 ] DEBUG TilesetLoader        - Writing to buffer: dst=125,750, w=125,h=125, src=625,0
02:57:39.070 [FXGL Background Thread 4 ] DEBUG TilesetLoader        - Writing to buffer: dst=250,750, w=125,h=125, src=625,0
02:57:39.070 [FXGL Background Thread 4 ] DEBUG TilesetLoader        - Writing to buffer: dst=375,750, w=125,h=125, src=625,0
02:57:39.071 [FXGL Background Thread 4 ] DEBUG TilesetLoader        - Writing to buffer: dst=500,750, w=125,h=125, src=750,0
02:57:39.071 [FXGL Background Thread 4 ] DEBUG TilesetLoader        - Writing to buffer: dst=625,750, w=125,h=125, src=625,0
02:57:39.071 [FXGL Background Thread 4 ] DEBUG TilesetLoader        - Writing to buffer: dst=750,750, w=125,h=125, src=625,0
02:57:39.071 [FXGL Background Thread 4 ] DEBUG TilesetLoader        - Writing to buffer: dst=875,750, w=125,h=125, src=625,0
02:57:39.071 [FXGL Background Thread 4 ] DEBUG TilesetLoader        - Writing to buffer: dst=1000,750, w=125,h=125, src=625,0
02:57:39.071 [FXGL Background Thread 4 ] DEBUG TilesetLoader        - Writing to buffer: dst=1125,750, w=125,h=125, src=625,0
02:57:39.071 [FXGL Background Thread 4 ] DEBUG TilesetLoader        - Writing to buffer: dst=1250,750, w=125,h=125, src=625,0
02:57:39.071 [FXGL Background Thread 4 ] DEBUG TilesetLoader        - Writing to buffer: dst=1375,750, w=125,h=125, src=625,0
02:57:39.071 [FXGL Background Thread 4 ] DEBUG TilesetLoader        - Writing to buffer: dst=1500,750, w=125,h=125, src=750,0
02:57:39.071 [FXGL Background Thread 4 ] DEBUG TilesetLoader        - Writing to buffer: dst=1625,750, w=125,h=125, src=625,0
02:57:39.072 [FXGL Background Thread 4 ] DEBUG TilesetLoader        - Writing to buffer: dst=1750,750, w=125,h=125, src=625,0
02:57:39.072 [FXGL Background Thread 4 ] DEBUG TilesetLoader        - Writing to buffer: dst=1875,750, w=125,h=125, src=625,0
02:57:39.072 [FXGL Background Thread 4 ] DEBUG TilesetLoader        - Writing to buffer: dst=0,875, w=125,h=125, src=625,375
02:57:39.072 [FXGL Background Thread 4 ] DEBUG TilesetLoader        - Writing to buffer: dst=125,875, w=125,h=125, src=625,375
02:57:39.072 [FXGL Background Thread 4 ] DEBUG TilesetLoader        - Writing to buffer: dst=250,875, w=125,h=125, src=625,375
02:57:39.072 [FXGL Background Thread 4 ] DEBUG TilesetLoader        - Writing to buffer: dst=375,875, w=125,h=125, src=500,500
02:57:39.072 [FXGL Background Thread 4 ] DEBUG TilesetLoader        - Writing to buffer: dst=500,875, w=125,h=125, src=500,0
02:57:39.072 [FXGL Background Thread 4 ] DEBUG TilesetLoader        - Writing to buffer: dst=625,875, w=125,h=125, src=750,500
02:57:39.072 [FXGL Background Thread 4 ] DEBUG TilesetLoader        - Writing to buffer: dst=750,875, w=125,h=125, src=625,375
02:57:39.072 [FXGL Background Thread 4 ] DEBUG TilesetLoader        - Writing to buffer: dst=875,875, w=125,h=125, src=625,375
02:57:39.073 [FXGL Background Thread 4 ] DEBUG TilesetLoader        - Writing to buffer: dst=1000,875, w=125,h=125, src=625,375
02:57:39.073 [FXGL Background Thread 4 ] DEBUG TilesetLoader        - Writing to buffer: dst=1125,875, w=125,h=125, src=625,375
02:57:39.073 [FXGL Background Thread 4 ] DEBUG TilesetLoader        - Writing to buffer: dst=1250,875, w=125,h=125, src=625,375
02:57:39.073 [FXGL Background Thread 4 ] DEBUG TilesetLoader        - Writing to buffer: dst=1375,875, w=125,h=125, src=500,500
02:57:39.073 [FXGL Background Thread 4 ] DEBUG TilesetLoader        - Writing to buffer: dst=1500,875, w=125,h=125, src=500,0
02:57:39.074 [FXGL Background Thread 4 ] DEBUG TilesetLoader        - Writing to buffer: dst=1625,875, w=125,h=125, src=750,500
02:57:39.074 [FXGL Background Thread 4 ] DEBUG TilesetLoader        - Writing to buffer: dst=1750,875, w=125,h=125, src=625,375
02:57:39.074 [FXGL Background Thread 4 ] DEBUG TilesetLoader        - Writing to buffer: dst=1875,875, w=125,h=125, src=625,375
02:57:39.074 [FXGL Background Thread 4 ] DEBUG TilesetLoader        - Writing to buffer: dst=0,1000, w=125,h=125, src=250,375
02:57:39.074 [FXGL Background Thread 4 ] DEBUG TilesetLoader        - Writing to buffer: dst=125,1000, w=125,h=125, src=250,375
02:57:39.074 [FXGL Background Thread 4 ] DEBUG TilesetLoader        - Writing to buffer: dst=250,1000, w=125,h=125, src=250,375
02:57:39.075 [FXGL Background Thread 4 ] DEBUG TilesetLoader        - Writing to buffer: dst=375,1000, w=125,h=125, src=500,375
02:57:39.075 [FXGL Background Thread 4 ] DEBUG TilesetLoader        - Writing to buffer: dst=500,1000, w=125,h=125, src=500,0
02:57:39.075 [FXGL Background Thread 4 ] DEBUG TilesetLoader        - Writing to buffer: dst=625,1000, w=125,h=125, src=750,375
02:57:39.075 [FXGL Background Thread 4 ] DEBUG TilesetLoader        - Writing to buffer: dst=750,1000, w=125,h=125, src=250,375
02:57:39.075 [FXGL Background Thread 4 ] DEBUG TilesetLoader        - Writing to buffer: dst=875,1000, w=125,h=125, src=250,375
02:57:39.075 [FXGL Background Thread 4 ] DEBUG TilesetLoader        - Writing to buffer: dst=1000,1000, w=125,h=125, src=250,375
02:57:39.075 [FXGL Background Thread 4 ] DEBUG TilesetLoader        - Writing to buffer: dst=1125,1000, w=125,h=125, src=250,375
02:57:39.075 [FXGL Background Thread 4 ] DEBUG TilesetLoader        - Writing to buffer: dst=1250,1000, w=125,h=125, src=250,375
02:57:39.075 [FXGL Background Thread 4 ] DEBUG TilesetLoader        - Writing to buffer: dst=1375,1000, w=125,h=125, src=500,375
02:57:39.075 [FXGL Background Thread 4 ] DEBUG TilesetLoader        - Writing to buffer: dst=1500,1000, w=125,h=125, src=500,0
02:57:39.076 [FXGL Background Thread 4 ] DEBUG TilesetLoader        - Writing to buffer: dst=1625,1000, w=125,h=125, src=750,375
02:57:39.076 [FXGL Background Thread 4 ] DEBUG TilesetLoader        - Writing to buffer: dst=1750,1000, w=125,h=125, src=250,375
02:57:39.076 [FXGL Background Thread 4 ] DEBUG TilesetLoader        - Writing to buffer: dst=1875,1000, w=125,h=125, src=250,375
02:57:39.076 [FXGL Background Thread 4 ] DEBUG TMXLevelLoader       - Creating object layer entities
02:57:39.114 [FXGL Background Thread 4 ] DEBUG FXGLAssetLoaderServi - Loading from file system: /assets/textures/semaforoRosso-01.png
02:57:39.116 [FXGL Background Thread 4 ] DEBUG FXGLAssetLoaderServi - Loading from file system: /assets/textures/semaforoVerde-01.png
02:57:39.119 [FXGL Background Thread 4 ] DEBUG FXGLAssetLoaderServi - Loading from cache: /assets/textures/semaforoRosso-01.png
02:57:39.120 [FXGL Background Thread 4 ] DEBUG FXGLAssetLoaderServi - Loading from cache: /assets/textures/semaforoVerde-01.png
02:57:39.120 [FXGL Background Thread 4 ] DEBUG FXGLAssetLoaderServi - Loading from cache: /assets/textures/semaforoRosso-01.png
02:57:39.120 [FXGL Background Thread 4 ] DEBUG FXGLAssetLoaderServi - Loading from cache: /assets/textures/semaforoVerde-01.png
02:57:39.121 [FXGL Background Thread 4 ] DEBUG FXGLAssetLoaderServi - Loading from cache: /assets/textures/semaforoRosso-01.png
02:57:39.121 [FXGL Background Thread 4 ] DEBUG FXGLAssetLoaderServi - Loading from cache: /assets/textures/semaforoVerde-01.png
02:57:39.122 [FXGL Background Thread 4 ] DEBUG FXGLAssetLoaderServi - Loading from file system: /assets/textures/semaforoRosso-04.png
02:57:39.124 [FXGL Background Thread 4 ] DEBUG FXGLAssetLoaderServi - Loading from file system: /assets/textures/semaforoVerde-04.png
02:57:39.127 [FXGL Background Thread 4 ] DEBUG FXGLAssetLoaderServi - Loading from cache: /assets/textures/semaforoRosso-04.png
02:57:39.127 [FXGL Background Thread 4 ] DEBUG FXGLAssetLoaderServi - Loading from cache: /assets/textures/semaforoVerde-04.png
02:57:39.128 [FXGL Background Thread 4 ] DEBUG FXGLAssetLoaderServi - Loading from cache: /assets/textures/semaforoRosso-04.png
02:57:39.128 [FXGL Background Thread 4 ] DEBUG FXGLAssetLoaderServi - Loading from cache: /assets/textures/semaforoVerde-04.png
02:57:39.128 [FXGL Background Thread 4 ] DEBUG FXGLAssetLoaderServi - Loading from cache: /assets/textures/semaforoRosso-04.png
02:57:39.129 [FXGL Background Thread 4 ] DEBUG FXGLAssetLoaderServi - Loading from cache: /assets/textures/semaforoVerde-04.png
02:57:39.130 [FXGL Background Thread 4 ] DEBUG FXGLAssetLoaderServi - Loading from file system: /assets/textures/semaforoRosso-03.png
02:57:39.131 [FXGL Background Thread 4 ] DEBUG FXGLAssetLoaderServi - Loading from file system: /assets/textures/semaforoVerde-03.png
02:57:39.133 [FXGL Background Thread 4 ] DEBUG FXGLAssetLoaderServi - Loading from cache: /assets/textures/semaforoRosso-03.png
02:57:39.133 [FXGL Background Thread 4 ] DEBUG FXGLAssetLoaderServi - Loading from cache: /assets/textures/semaforoVerde-03.png
02:57:39.134 [FXGL Background Thread 4 ] DEBUG FXGLAssetLoaderServi - Loading from cache: /assets/textures/semaforoRosso-03.png
02:57:39.134 [FXGL Background Thread 4 ] DEBUG FXGLAssetLoaderServi - Loading from cache: /assets/textures/semaforoVerde-03.png
02:57:39.135 [FXGL Background Thread 4 ] DEBUG FXGLAssetLoaderServi - Loading from cache: /assets/textures/semaforoRosso-03.png
02:57:39.135 [FXGL Background Thread 4 ] DEBUG FXGLAssetLoaderServi - Loading from cache: /assets/textures/semaforoVerde-03.png
02:57:39.135 [FXGL Background Thread 4 ] DEBUG FXGLAssetLoaderServi - Loading from file system: /assets/textures/semaforoRosso-02.png
02:57:39.136 [FXGL Background Thread 4 ] DEBUG FXGLAssetLoaderServi - Loading from file system: /assets/textures/semaforoVerde-02.png
02:57:39.138 [FXGL Background Thread 4 ] DEBUG FXGLAssetLoaderServi - Loading from cache: /assets/textures/semaforoRosso-02.png
02:57:39.139 [FXGL Background Thread 4 ] DEBUG FXGLAssetLoaderServi - Loading from cache: /assets/textures/semaforoVerde-02.png
02:57:39.140 [FXGL Background Thread 4 ] DEBUG FXGLAssetLoaderServi - Loading from cache: /assets/textures/semaforoRosso-02.png
02:57:39.141 [FXGL Background Thread 4 ] DEBUG FXGLAssetLoaderServi - Loading from cache: /assets/textures/semaforoVerde-02.png
02:57:39.144 [FXGL Background Thread 4 ] DEBUG FXGLAssetLoaderServi - Loading from cache: /assets/textures/semaforoRosso-02.png
02:57:39.144 [FXGL Background Thread 4 ] DEBUG FXGLAssetLoaderServi - Loading from cache: /assets/textures/semaforoVerde-02.png
02:57:39.147 [FXGL Background Thread 4 ] DEBUG GameWorld            - Clearing removable entities
02:57:39.148 [FXGL Background Thread 4 ] DEBUG GameWorld            - Setting level: com.almasb.fxgl.entity.level.Level@1a9f4e18
02:57:39.154 [FXGL Background Thread 4 ] DEBUG FXGLAssetLoaderServi - Loading from file system: /assets/textures/pointer-sprite.png
02:57:39.173 [FXGL Background Thread 4 ] INFO  FXGLApplication      - Game initialization took: 0,297 sec
02:57:39.179 [JavaFX Application Thread] DEBUG Input                - Clearing active input actions
02:57:39.186 [JavaFX Application Thread] DEBUG GameApplicationServi - Removing overlay from FXGLLoadingScene and adding to GameScene
02:57:39.188 [JavaFX Application Thread] DEBUG MainWindow           - FXGLLoadingScene -> GameScene
02:57:41.046 [FXGL Background Thread 3 ] DEBUG Engine               - Logging environment variables
02:57:41.047 [FXGL Background Thread 3 ] DEBUG Engine               - achievements: []
02:57:41.048 [FXGL Background Thread 3 ] DEBUG Engine               - appIcon: fxgl_icon.png
02:57:41.048 [FXGL Background Thread 3 ] DEBUG Engine               - applicationMode: DEVELOPER
02:57:41.048 [FXGL Background Thread 3 ] DEBUG Engine               - cSSList: [fxgl_dark.css]
02:57:41.048 [FXGL Background Thread 3 ] DEBUG Engine               - configClass: Optional.empty
02:57:41.048 [FXGL Background Thread 3 ] DEBUG Engine               - credits: []
02:57:41.048 [FXGL Background Thread 3 ] DEBUG Engine               - devBBoxColorProperty: ObjectProperty [value: 0xff0000ff]
02:57:41.048 [FXGL Background Thread 3 ] DEBUG Engine               - devEnableDebugCameraProperty: BooleanProperty [value: false]
02:57:41.049 [FXGL Background Thread 3 ] DEBUG Engine               - devSensorColorProperty: ObjectProperty [value: 0xffff00ff]
02:57:41.049 [FXGL Background Thread 3 ] DEBUG Engine               - devShowBBoxProperty: BooleanProperty [value: false]
02:57:41.049 [FXGL Background Thread 3 ] DEBUG Engine               - devShowPositionProperty: BooleanProperty [value: false]
02:57:41.049 [FXGL Background Thread 3 ] DEBUG Engine               - enabledMenuItems: [SAVE_LOAD, EXTRA, ONLINE]
02:57:41.049 [FXGL Background Thread 3 ] DEBUG Engine               - engineServices: [class com.almasb.fxgl.app.FXGLApplication$GameApplicationService, class com.almasb.fxgl.app.services.FXGLDialogService, class com.almasb.fxgl.app.services.IOTaskExecutorService, class com.almasb.fxgl.event.EventBusService, class com.almasb.fxgl.io.FileSystemService, class com.almasb.fxgl.localization.LocalizationService, class com.almasb.fxgl.app.services.FXGLAssetLoaderService, class com.almasb.fxgl.app.services.SystemBundleService, class com.almasb.fxgl.profile.SaveLoadService, class com.almasb.fxgl.ui.FXGLUIFactoryServiceProvider, class com.almasb.fxgl.ui.FXGLDialogFactoryServiceProvider, class com.almasb.fxgl.audio.AudioPlayer, class com.almasb.fxgl.notification.impl.NotificationServiceProvider, class com.almasb.fxgl.achievement.AchievementService, class com.almasb.fxgl.cutscene.CutsceneService, class com.almasb.fxgl.minigames.MiniGameService, class com.almasb.fxgl.net.NetService, class com.almasb.fxgl.app.services.UpdaterService, class com.almasb.fxgl.dev.DevService]
02:57:41.049 [FXGL Background Thread 3 ] DEBUG Engine               - fontGame: Abel-Regular.ttf
02:57:41.049 [FXGL Background Thread 3 ] DEBUG Engine               - fontMono: lucida_console.ttf
02:57:41.049 [FXGL Background Thread 3 ] DEBUG Engine               - fontText: Courier-Prime.ttf
02:57:41.049 [FXGL Background Thread 3 ] DEBUG Engine               - fontUI: VarelaRound-Regular.ttf
02:57:41.049 [FXGL Background Thread 3 ] DEBUG Engine               - fullScreen: BooleanProperty [value: false]
02:57:41.049 [FXGL Background Thread 3 ] DEBUG Engine               - gameDifficulty: MEDIUM
02:57:41.049 [FXGL Background Thread 3 ] DEBUG Engine               - gameDifficultyProperty: ObjectProperty [value: MEDIUM]
02:57:41.049 [FXGL Background Thread 3 ] DEBUG Engine               - globalMusicVolume: 0.5
02:57:41.050 [FXGL Background Thread 3 ] DEBUG Engine               - globalMusicVolumeProperty: DoubleProperty [value: 0.5]
02:57:41.050 [FXGL Background Thread 3 ] DEBUG Engine               - globalSoundVolume: 0.5
02:57:41.050 [FXGL Background Thread 3 ] DEBUG Engine               - globalSoundVolumeProperty: DoubleProperty [value: 0.5]
02:57:41.050 [FXGL Background Thread 3 ] DEBUG Engine               - height: 1125
02:57:41.050 [FXGL Background Thread 3 ] DEBUG Engine               - isAndroid: false
02:57:41.050 [FXGL Background Thread 3 ] DEBUG Engine               - isBrowser: false
02:57:41.050 [FXGL Background Thread 3 ] DEBUG Engine               - isClickFeedbackEnabled: false
02:57:41.050 [FXGL Background Thread 3 ] DEBUG Engine               - isCloseConfirmation: false
02:57:41.050 [FXGL Background Thread 3 ] DEBUG Engine               - isDesktop: true
02:57:41.050 [FXGL Background Thread 3 ] DEBUG Engine               - isDeveloperMenuEnabled: true
02:57:41.050 [FXGL Background Thread 3 ] DEBUG Engine               - isEntityPreloadEnabled: true
02:57:41.050 [FXGL Background Thread 3 ] DEBUG Engine               - isExperimentalNative: false
02:57:41.050 [FXGL Background Thread 3 ] DEBUG Engine               - isExperimentalTiledLargeMap: false
02:57:41.050 [FXGL Background Thread 3 ] DEBUG Engine               - isFileSystemWriteAllowed: true
02:57:41.051 [FXGL Background Thread 3 ] DEBUG Engine               - isFullScreenAllowed: false
02:57:41.051 [FXGL Background Thread 3 ] DEBUG Engine               - isFullScreenFromStart: false
02:57:41.051 [FXGL Background Thread 3 ] DEBUG Engine               - isGameMenuEnabled: true
02:57:41.051 [FXGL Background Thread 3 ] DEBUG Engine               - isIOS: false
02:57:41.051 [FXGL Background Thread 3 ] DEBUG Engine               - isIntroEnabled: false
02:57:41.051 [FXGL Background Thread 3 ] DEBUG Engine               - isLinux: false
02:57:41.051 [FXGL Background Thread 3 ] DEBUG Engine               - isMac: false
02:57:41.051 [FXGL Background Thread 3 ] DEBUG Engine               - isMainMenuEnabled: true
02:57:41.051 [FXGL Background Thread 3 ] DEBUG Engine               - isManualResizeEnabled: true
02:57:41.051 [FXGL Background Thread 3 ] DEBUG Engine               - isMobile: false
02:57:41.051 [FXGL Background Thread 3 ] DEBUG Engine               - isPreserveResizeRatio: true
02:57:41.052 [FXGL Background Thread 3 ] DEBUG Engine               - isProfilingEnabled: false
02:57:41.052 [FXGL Background Thread 3 ] DEBUG Engine               - isSingleStep: false
02:57:41.052 [FXGL Background Thread 3 ] DEBUG Engine               - isUserProfileEnabled: false
02:57:41.052 [FXGL Background Thread 3 ] DEBUG Engine               - isWindows: true
02:57:41.052 [FXGL Background Thread 3 ] DEBUG Engine               - language: ObjectProperty [value: ENGLISH]
02:57:41.052 [FXGL Background Thread 3 ] DEBUG Engine               - menuKey: ESCAPE
02:57:41.052 [FXGL Background Thread 3 ] DEBUG Engine               - notificationViewClass: class com.almasb.fxgl.notification.view.XboxNotificationView
02:57:41.052 [FXGL Background Thread 3 ] DEBUG Engine               - pixelsPerMeter: 50.0
02:57:41.052 [FXGL Background Thread 3 ] DEBUG Engine               - platform: WINDOWS
02:57:41.052 [FXGL Background Thread 3 ] DEBUG Engine               - profileDir: profiles/
02:57:41.052 [FXGL Background Thread 3 ] DEBUG Engine               - profileName: StringProperty [value: DEFAULT]
02:57:41.052 [FXGL Background Thread 3 ] DEBUG Engine               - randomSeed: -1
02:57:41.052 [FXGL Background Thread 3 ] DEBUG Engine               - runtimeInfo: RuntimeInfo(platform=WINDOWS, version=dev-SNAPSHOT, build=08.09.2020 17.31)
02:57:41.052 [FXGL Background Thread 3 ] DEBUG Engine               - saveFileExt: sav
02:57:41.053 [FXGL Background Thread 3 ] DEBUG Engine               - sceneFactory: it.uniroma1.metodologie.trafficGame.TrafficApp$1@6556531b
02:57:41.053 [FXGL Background Thread 3 ] DEBUG Engine               - secondsIn24h: 60
02:57:41.053 [FXGL Background Thread 3 ] DEBUG Engine               - soundMenuBack: menu/back.wav
02:57:41.053 [FXGL Background Thread 3 ] DEBUG Engine               - soundMenuPress: menu/press.wav
02:57:41.053 [FXGL Background Thread 3 ] DEBUG Engine               - soundMenuSelect: menu/select.wav
02:57:41.054 [FXGL Background Thread 3 ] DEBUG Engine               - soundNotification: core/notification.wav
02:57:41.054 [FXGL Background Thread 3 ] DEBUG Engine               - stageStyle: DECORATED
02:57:41.054 [FXGL Background Thread 3 ] DEBUG Engine               - supportedLanguages: [ENGLISH, FRENCH, GERMAN, HUNGARIAN, RUSSIAN]
02:57:41.054 [FXGL Background Thread 3 ] DEBUG Engine               - title: Traffic
02:57:41.054 [FXGL Background Thread 3 ] DEBUG Engine               - urlGithub: https://github.com/AlmasB/FXGL
02:57:41.054 [FXGL Background Thread 3 ] DEBUG Engine               - urlLeaderboard: http://fxgl-top.herokuapp.com/
02:57:41.054 [FXGL Background Thread 3 ] DEBUG Engine               - urlPOM: https://raw.githubusercontent.com/AlmasB/FXGL/master/pom.xml
02:57:41.054 [FXGL Background Thread 3 ] DEBUG Engine               - version: Alpha 1.0
02:57:41.054 [FXGL Background Thread 3 ] DEBUG Engine               - versionCheckDays: 7
02:57:41.054 [FXGL Background Thread 3 ] DEBUG Engine               - width: 2000
02:57:41.054 [FXGL Background Thread 3 ] DEBUG Engine               - Logging services
02:57:41.054 [FXGL Background Thread 3 ] DEBUG Engine               - class com.almasb.fxgl.app.FXGLApplication$GameApplicationService
02:57:41.054 [FXGL Background Thread 3 ] DEBUG Engine               - class com.almasb.fxgl.app.services.FXGLDialogService
02:57:41.054 [FXGL Background Thread 3 ] DEBUG Engine               - class com.almasb.fxgl.app.services.IOTaskExecutorService
02:57:41.054 [FXGL Background Thread 3 ] DEBUG Engine               - class com.almasb.fxgl.event.EventBusService
02:57:41.054 [FXGL Background Thread 3 ] DEBUG Engine               - class com.almasb.fxgl.io.FileSystemService
02:57:41.055 [FXGL Background Thread 3 ] DEBUG Engine               - class com.almasb.fxgl.localization.LocalizationService
02:57:41.055 [FXGL Background Thread 3 ] DEBUG Engine               - class com.almasb.fxgl.app.services.FXGLAssetLoaderService
02:57:41.055 [FXGL Background Thread 3 ] DEBUG Engine               - class com.almasb.fxgl.app.services.SystemBundleService
02:57:41.055 [FXGL Background Thread 3 ] DEBUG Engine               - class com.almasb.fxgl.profile.SaveLoadService
02:57:41.055 [FXGL Background Thread 3 ] DEBUG Engine               - class com.almasb.fxgl.ui.FXGLUIFactoryServiceProvider
02:57:41.055 [FXGL Background Thread 3 ] DEBUG Engine               - class com.almasb.fxgl.ui.FXGLDialogFactoryServiceProvider
02:57:41.055 [FXGL Background Thread 3 ] DEBUG Engine               - class com.almasb.fxgl.audio.AudioPlayer
02:57:41.055 [FXGL Background Thread 3 ] DEBUG Engine               - class com.almasb.fxgl.notification.impl.NotificationServiceProvider
02:57:41.055 [FXGL Background Thread 3 ] DEBUG Engine               - class com.almasb.fxgl.achievement.AchievementService
02:57:41.055 [FXGL Background Thread 3 ] DEBUG Engine               - class com.almasb.fxgl.cutscene.CutsceneService
02:57:41.055 [FXGL Background Thread 3 ] DEBUG Engine               - class com.almasb.fxgl.minigames.MiniGameService
02:57:41.055 [FXGL Background Thread 3 ] DEBUG Engine               - class com.almasb.fxgl.net.NetService
02:57:41.055 [FXGL Background Thread 3 ] DEBUG Engine               - class com.almasb.fxgl.app.services.UpdaterService
02:57:41.055 [FXGL Background Thread 3 ] DEBUG Engine               - class com.almasb.fxgl.dev.DevService
02:58:09.345 [JavaFX Application Thread] DEBUG FXGLApplication      - Exiting FXGL
02:58:09.345 [JavaFX Application Thread] DEBUG LoopRunner           - Stopping loop
02:58:09.345 [JavaFX Application Thread] DEBUG SystemBundleService  - Saving FXGL system data
02:58:09.347 [JavaFX Application Thread] DEBUG FileSystemAccess     - Writing to: C:\Users\Andrea\Desktop\Homework\traffic-mobile\system\fxgl.bundle
02:58:09.348 [JavaFX Application Thread] DEBUG Async                - Shutting down background threads
02:58:09.349 [JavaFX Application Thread] DEBUG MainWindow           - Closing main window
02:58:09.357 [JavaFX Application Thread] DEBUG Logger               - Closing Logger
