02:29:20.652 [main                     ] DEBUG Logger               - Configured Logger
02:29:20.666 [main                     ] DEBUG GameApplication      - Logging settings
Title: Traffic
Version: Alpha 1.0
Width: 2000
Height: 1125
Fullscreen: false
Intro: false
Profiling: false
Single step:false
App Mode: DEVELOPER
Menu Key: ESCAPE
Stage Style: DECORATED
Scene Factory: class it.uniroma1.metodologie.trafficGame.TrafficApp$1

02:29:21.016 [JavaFX Application Thread] DEBUG FXGLApplication      - Initializing FXGL
02:29:21.022 [JavaFX Application Thread] INFO  Engine               - FXGL-dev-SNAPSHOT (08.09.2020 17.31) on WINDOWS (J:13.0.2 FX:14)
02:29:21.022 [JavaFX Application Thread] DEBUG Engine               - JRE Vendor Name: Oracle Corporation
02:29:21.023 [JavaFX Application Thread] DEBUG Engine               - Running on OS: Windows 10 version 10.0
02:29:21.023 [JavaFX Application Thread] DEBUG Engine               - Architecture: amd64
02:29:21.023 [JavaFX Application Thread] INFO  Engine               - Source code and latest versions at: https://github.com/AlmasB/FXGL
02:29:21.023 [JavaFX Application Thread] INFO  Engine               -              Join the FXGL chat at: https://gitter.im/AlmasB/FXGL
02:29:21.103 [JavaFX Application Thread] DEBUG MainWindow           - Creating a JavaFX scene
02:29:21.142 [JavaFX Application Thread] DEBUG MainWindow           - Target settings size: 2000.0 x 1125.0
02:29:21.142 [JavaFX Application Thread] DEBUG MainWindow           - Scaled scene size:    2000.0 x 1125.0
02:29:21.142 [JavaFX Application Thread] DEBUG MainWindow           - Scaled ratio: (1.0, 1.0)
02:29:21.143 [JavaFX Application Thread] DEBUG MainWindow           - Set initial scene to StartupScene
02:29:21.148 [JavaFX Application Thread] DEBUG MainWindow           - Opening main window
02:29:21.219 [JavaFX Application Thread] DEBUG MainWindow           - Window border size: (16.0, 39.0)
02:29:21.220 [JavaFX Application Thread] DEBUG MainWindow           - Scaled size: 2000.0 x 1125.0
02:29:21.220 [JavaFX Application Thread] DEBUG MainWindow           - Scaled ratio: (1.0, 1.0)
02:29:21.220 [JavaFX Application Thread] DEBUG MainWindow           - Scene size: 2000.0 x 1125.0
02:29:21.220 [JavaFX Application Thread] DEBUG MainWindow           - Stage size: 2016.0 x 1164.0
02:29:21.229 [FXGL Background Thread 1 ] DEBUG Engine               - Initializing environment variables
02:29:21.257 [FXGL Background Thread 1 ] DEBUG GameApplicationServi - Applying CSS: fxgl_dark.css
02:29:21.260 [FXGL Background Thread 1 ] DEBUG FXGLAssetLoaderServi - Loading from file system: /assets/ui/css/fxgl_dark.css
02:29:21.301 [FXGL Background Thread 1 ] DEBUG GameApplicationServi - Initializing application scenes
02:29:21.360 [FXGL Background Thread 1 ] DEBUG GameWorld            - Game world initialized
02:29:21.399 [FXGL Background Thread 1 ] DEBUG PhysicsWorld         - Physics world initialized: appHeight=1125, physics.ppm=50,0
02:29:21.400 [FXGL Background Thread 1 ] DEBUG GameScene            - Game scene initialized: 2000x1125
02:29:21.408 [FXGL Background Thread 1 ] DEBUG FXGLAssetLoaderServi - Loading from file system: /assets/textures/bg.jpg
02:29:21.705 [FXGL Background Thread 1 ] DEBUG FXGLAssetLoaderServi - Loading from file system: /assets/textures/logo.png
02:29:21.797 [FXGL Background Thread 1 ] DEBUG FXGLAssetLoaderServi - Loading from file system: /assets/textures/particles/trace_horizontal.png
02:29:21.817 [FXGL Background Thread 1 ] DEBUG FXGL.DefaultMenu     - createMenuBodyGameMenu()
02:29:21.827 [FXGL Background Thread 1 ] DEBUG FXGL.DefaultMenu     - createOptionsMenu()
02:29:21.830 [FXGL Background Thread 1 ] DEBUG FXGL.DefaultMenu     - createExtraMenu()
02:29:21.832 [FXGL Background Thread 1 ] DEBUG FXGLAssetLoaderServi - Loading from file system: /assets/textures/particles/smoke.png
02:29:21.874 [FXGL Background Thread 1 ] DEBUG GameApplicationServi - Application scenes initialized
02:29:21.882 [FXGL Background Thread 1 ] DEBUG SystemBundleService  - Loading FXGL system data
02:29:21.886 [FXGL Background Thread 1 ] DEBUG FileSystemAccess     - Reading from: C:\Users\Andrea\Desktop\Homework\traffic-mobile\system\fxgl.bundle
02:29:21.891 [FXGL Background Thread 1 ] DEBUG SystemBundleService  - Bundle FXGL: {}
02:29:21.892 [FXGL Background Thread 1 ] DEBUG UpdaterService       - Checking for updates
02:29:21.918 [FXGL Background Thread 4 ] DEBUG FXGLApplication      - Loading fonts
02:29:21.918 [FXGL Background Thread 1 ] DEBUG FXGLApplication      - Loading default localization
02:29:21.918 [FXGL Background Thread 4 ] DEBUG FXGLAssetLoaderServi - Loading from file system: /assets/ui/fonts/VarelaRound-Regular.ttf
02:29:21.918 [FXGL Background Thread 1 ] DEBUG FXGLAssetLoaderServi - Loading from file system: /assets/languages/english.lang
02:29:21.929 [FXGL Background Thread 1 ] INFO  FXGLApplication      - FXGL initialization took: 0,700 sec
02:29:21.935 [JavaFX Application Thread] DEBUG Input                - Registered new binding: Change trafficlight status - F
02:29:21.935 [JavaFX Application Thread] DEBUG Input                - Registered new binding: Move Right - D
02:29:21.935 [JavaFX Application Thread] DEBUG Input                - Registered new binding: Move Left - A
02:29:21.935 [JavaFX Application Thread] DEBUG Input                - Registered new binding: Move Up - W
02:29:21.936 [JavaFX Application Thread] DEBUG Input                - Registered new binding: Move Down - S
02:29:21.936 [JavaFX Application Thread] DEBUG Input                - Registered new binding: Spawn Car - Space
02:29:21.936 [JavaFX Application Thread] DEBUG Input                - Registered new binding: Select and change traffic light - LMB
02:29:21.937 [JavaFX Application Thread] DEBUG FXGLAssetLoaderServi - Loading from file system: /assets/textures/fxgl_icon.png
02:29:21.946 [JavaFX Application Thread] DEBUG FXGLAssetLoaderServi - Loading from file system: /assets/ui/cursors/fxgl_default.png
02:29:21.947 [JavaFX Application Thread] DEBUG Input                - Registered new binding: Screenshot - P
02:29:21.947 [JavaFX Application Thread] DEBUG Input                - Registered new binding: Dev Options - 1
02:29:21.948 [JavaFX Application Thread] DEBUG Input                - Registered new binding: Dev Console - 2
02:29:21.948 [JavaFX Application Thread] DEBUG Input                - Registered new binding: System info dump - CTRL+9
02:29:21.948 [JavaFX Application Thread] DEBUG Input                - Registered new binding: Restart - CTRL+R
02:29:21.949 [JavaFX Application Thread] DEBUG Input                - Registered new binding: Toggle Debug Camera - CTRL+C
02:29:21.950 [JavaFX Application Thread] DEBUG LoopRunner           - Starting loop
02:29:21.962 [JavaFX Application Thread] DEBUG Input                - Clearing active input actions
02:29:21.969 [JavaFX Application Thread] DEBUG GameApplicationServi - Removing overlay from StartupScene and adding to FXGLMainMenuDummyScene
02:29:21.972 [JavaFX Application Thread] DEBUG MainWindow           - StartupScene -> FXGLMainMenuDummyScene
02:29:21.972 [JavaFX Application Thread] DEBUG MainWindow           - Push state: TrafficAppMenu
02:29:21.972 [JavaFX Application Thread] DEBUG Input                - Clearing active input actions
02:29:21.984 [JavaFX Application Thread] DEBUG GameApplicationServi - Removing overlay from FXGLMainMenuDummyScene and adding to TrafficAppMenu
02:29:21.985 [JavaFX Application Thread] DEBUG MainWindow           - FXGLMainMenuDummyScene -> TrafficAppMenu
02:29:22.482 [FXGL Background Thread 4 ] DEBUG FXGLAssetLoaderServi - Loading from file system: /assets/ui/fonts/Abel-Regular.ttf
02:29:22.484 [FXGL Background Thread 4 ] DEBUG FXGLAssetLoaderServi - Loading from file system: /assets/ui/fonts/lucida_console.ttf
02:29:22.487 [FXGL Background Thread 4 ] DEBUG FXGLAssetLoaderServi - Loading from file system: /assets/ui/fonts/Courier-Prime.ttf
02:29:22.491 [JavaFX Application Thread] DEBUG FXGLApplication      - Registering font factories with UI factory
02:29:22.734 [JavaFX Application Thread] DEBUG Menu                 - fireNewGame()
02:29:22.734 [JavaFX Application Thread] DEBUG GameApplicationServi - Starting new game
02:29:22.734 [JavaFX Application Thread] DEBUG MainWindow           - Pop state: TrafficAppMenu
02:29:22.734 [JavaFX Application Thread] DEBUG Input                - Clearing active input actions
02:29:22.735 [JavaFX Application Thread] DEBUG GameApplicationServi - Removing overlay from TrafficAppMenu and adding to FXGLMainMenuDummyScene
02:29:22.737 [JavaFX Application Thread] DEBUG MainWindow           - FXGLMainMenuDummyScene <- TrafficAppMenu
02:29:22.737 [JavaFX Application Thread] DEBUG Input                - Clearing active input actions
02:29:22.744 [JavaFX Application Thread] DEBUG GameApplicationServi - Removing overlay from FXGLMainMenuDummyScene and adding to FXGLLoadingScene
02:29:22.745 [JavaFX Application Thread] DEBUG MainWindow           - FXGLMainMenuDummyScene -> FXGLLoadingScene
02:29:22.745 [JavaFX Application Thread] DEBUG GameApplicationServi - Clearing previous game
02:29:22.745 [JavaFX Application Thread] DEBUG GameScene            - Clearing game scene
02:29:22.745 [JavaFX Application Thread] DEBUG GameWorld            - Clearing game world
02:29:22.746 [JavaFX Application Thread] DEBUG PhysicsWorld         - Clearing physics world
02:29:22.747 [FXGL Background Thread 2 ] DEBUG FXGLApplication      - Initializing game
02:29:22.753 [FXGL Background Thread 2 ] DEBUG FXGLAssetLoaderServi - Loading from file system: /assets/levels/Mappa_01.tmx
02:29:22.774 [FXGL Background Thread 2 ] WARN  TMXLevelLoader       - TiledMap generated from 1.4.1. Supported version: 1.2.3. Some features may not be parsed fully.
02:29:22.794 [FXGL Background Thread 2 ] DEBUG TMXLevelLoader       - Parsed raw map: TiledMap(width=16, height=9, tilewidth=125, tileheight=125, orientation=orthogonal, layers=[Layer(width=16, height=9, name=Tile Layer 1, type=tilelayer, visible=false, x=0, y=0, data=[24, 24, 24, 26, 5, 28, 24, 24, 24, 24, 24, 26, 5, 28, 24, 24, 25, 25, 25, 32, 5, 34, 25, 25, 25, 25, 25, 32, 5, 34, 25, 25, 6, 6, 6, 6, 7, 6, 6, 6, 6, 6, 6, 6, 7, 6, 6, 6, 27, 27, 27, 33, 5, 21, 13, 13, 13, 13, 13, 19, 5, 35, 27, 27, 24, 24, 24, 26, 5, 14, 10, 10, 10, 10, 10, 12, 5, 28, 24, 24, 25, 25, 25, 32, 5, 20, 11, 11, 11, 11, 11, 18, 5, 34, 25, 25, 6, 6, 6, 6, 7, 6, 6, 6, 6, 6, 6, 6, 7, 6, 6, 6, 27, 27, 27, 33, 5, 35, 27, 27, 27, 27, 27, 33, 5, 35, 27, 27, 24, 24, 24, 26, 5, 28, 24, 24, 24, 24, 24, 26, 5, 28, 24, 24], objects=[], opacity=0.0, draworder=), Layer(width=0, height=0, name=spawnpoints, type=objectgroup, visible=false, x=0, y=0, data=[], objects=[com.almasb.fxgl.entity.level.tiled.TiledObject@167b8b7a, com.almasb.fxgl.entity.level.tiled.TiledObject@66615f38, com.almasb.fxgl.entity.level.tiled.TiledObject@7d2c19f1, com.almasb.fxgl.entity.level.tiled.TiledObject@ac80bf8, com.almasb.fxgl.entity.level.tiled.TiledObject@40227180, com.almasb.fxgl.entity.level.tiled.TiledObject@2cd66e23, com.almasb.fxgl.entity.level.tiled.TiledObject@312809d9, com.almasb.fxgl.entity.level.tiled.TiledObject@7bf543cf], opacity=0.0, draworder=), Layer(width=0, height=0, name=paths, type=objectgroup, visible=false, x=0, y=0, data=[], objects=[com.almasb.fxgl.entity.level.tiled.TiledObject@28888340, com.almasb.fxgl.entity.level.tiled.TiledObject@37305704, com.almasb.fxgl.entity.level.tiled.TiledObject@46a7f6fa, com.almasb.fxgl.entity.level.tiled.TiledObject@171d3eda, com.almasb.fxgl.entity.level.tiled.TiledObject@7be33dfa, com.almasb.fxgl.entity.level.tiled.TiledObject@4ededdf5, com.almasb.fxgl.entity.level.tiled.TiledObject@3737e2f2, com.almasb.fxgl.entity.level.tiled.TiledObject@49a2f120, com.almasb.fxgl.entity.level.tiled.TiledObject@2b4c0903, com.almasb.fxgl.entity.level.tiled.TiledObject@13c548ea, com.almasb.fxgl.entity.level.tiled.TiledObject@1bed0812, com.almasb.fxgl.entity.level.tiled.TiledObject@4518c1be, com.almasb.fxgl.entity.level.tiled.TiledObject@e57dc0f, com.almasb.fxgl.entity.level.tiled.TiledObject@376c4737, com.almasb.fxgl.entity.level.tiled.TiledObject@44326450, com.almasb.fxgl.entity.level.tiled.TiledObject@47a44859, com.almasb.fxgl.entity.level.tiled.TiledObject@77a34306, com.almasb.fxgl.entity.level.tiled.TiledObject@2223e73a, com.almasb.fxgl.entity.level.tiled.TiledObject@75e407ca, com.almasb.fxgl.entity.level.tiled.TiledObject@10e76faf, com.almasb.fxgl.entity.level.tiled.TiledObject@7d31b5c6, com.almasb.fxgl.entity.level.tiled.TiledObject@4096876d, com.almasb.fxgl.entity.level.tiled.TiledObject@151902e2, com.almasb.fxgl.entity.level.tiled.TiledObject@3e288df9], opacity=0.0, draworder=), Layer(width=0, height=0, name=Incroci, type=objectgroup, visible=false, x=0, y=0, data=[], objects=[com.almasb.fxgl.entity.level.tiled.TiledObject@4ec7807f, com.almasb.fxgl.entity.level.tiled.TiledObject@3a9edb25, com.almasb.fxgl.entity.level.tiled.TiledObject@674dc086, com.almasb.fxgl.entity.level.tiled.TiledObject@1df0ded3], opacity=0.0, draworder=), Layer(width=0, height=0, name=trafficLight, type=objectgroup, visible=false, x=0, y=0, data=[], objects=[com.almasb.fxgl.entity.level.tiled.TiledObject@6fc6616a, com.almasb.fxgl.entity.level.tiled.TiledObject@234dc844, com.almasb.fxgl.entity.level.tiled.TiledObject@2a8d755b, com.almasb.fxgl.entity.level.tiled.TiledObject@3110209f, com.almasb.fxgl.entity.level.tiled.TiledObject@6d01dae6, com.almasb.fxgl.entity.level.tiled.TiledObject@204320ea, com.almasb.fxgl.entity.level.tiled.TiledObject@61a5be14, com.almasb.fxgl.entity.level.tiled.TiledObject@51017e67, com.almasb.fxgl.entity.level.tiled.TiledObject@3234584b, com.almasb.fxgl.entity.level.tiled.TiledObject@bc96a97, com.almasb.fxgl.entity.level.tiled.TiledObject@47d030e4, com.almasb.fxgl.entity.level.tiled.TiledObject@1df89c3f, com.almasb.fxgl.entity.level.tiled.TiledObject@d9e69cb, com.almasb.fxgl.entity.level.tiled.TiledObject@4dc3373d, com.almasb.fxgl.entity.level.tiled.TiledObject@bd27971, com.almasb.fxgl.entity.level.tiled.TiledObject@52120550], opacity=0.0, draworder=)], tilesets=[Tileset(firstgid=1, image=../textures/rsz_tiles_sheet.png, name=rsz_tiles_sheet, tilewidth=125, tileheight=125, imagewidth=875, imageheight=750, margin=0, spacing=0, columns=7, tilecount=42, transparentcolor=41ffef, tiles=[])], backgroundcolor=, renderorder=left-up, nextobjectid=66, version=1, tiledversion=1.4.1, type=map, infinite=false, hexsidelength=0, staggeraxis=, staggerindex=, properties={}, propertytypes={})
02:29:22.795 [FXGL Background Thread 2 ] DEBUG TMXLevelLoader       - Creating tile layer entities
02:29:22.796 [FXGL Background Thread 2 ] DEBUG TilesetLoader        - Loading view for layer Tile Layer 1
02:29:22.799 [FXGL Background Thread 2 ] DEBUG TilesetLoader        - Created buffer with size 2000.0x1125.0
02:29:22.933 [FXGL Background Thread 2 ] DEBUG TilesetLoader        - Writing to buffer: dst=0,0, w=125,h=125, src=250,375
02:29:22.933 [FXGL Background Thread 2 ] DEBUG TilesetLoader        - Writing to buffer: dst=125,0, w=125,h=125, src=250,375
02:29:22.934 [FXGL Background Thread 2 ] DEBUG TilesetLoader        - Writing to buffer: dst=250,0, w=125,h=125, src=250,375
02:29:22.934 [FXGL Background Thread 2 ] DEBUG TilesetLoader        - Writing to buffer: dst=375,0, w=125,h=125, src=500,375
02:29:22.934 [FXGL Background Thread 2 ] DEBUG TilesetLoader        - Writing to buffer: dst=500,0, w=125,h=125, src=500,0
02:29:22.934 [FXGL Background Thread 2 ] DEBUG TilesetLoader        - Writing to buffer: dst=625,0, w=125,h=125, src=750,375
02:29:22.935 [FXGL Background Thread 2 ] DEBUG TilesetLoader        - Writing to buffer: dst=750,0, w=125,h=125, src=250,375
02:29:22.935 [FXGL Background Thread 2 ] DEBUG TilesetLoader        - Writing to buffer: dst=875,0, w=125,h=125, src=250,375
02:29:22.935 [FXGL Background Thread 2 ] DEBUG TilesetLoader        - Writing to buffer: dst=1000,0, w=125,h=125, src=250,375
02:29:22.935 [FXGL Background Thread 2 ] DEBUG TilesetLoader        - Writing to buffer: dst=1125,0, w=125,h=125, src=250,375
02:29:22.936 [FXGL Background Thread 2 ] DEBUG TilesetLoader        - Writing to buffer: dst=1250,0, w=125,h=125, src=250,375
02:29:22.936 [FXGL Background Thread 2 ] DEBUG TilesetLoader        - Writing to buffer: dst=1375,0, w=125,h=125, src=500,375
02:29:22.936 [FXGL Background Thread 2 ] DEBUG TilesetLoader        - Writing to buffer: dst=1500,0, w=125,h=125, src=500,0
02:29:22.936 [FXGL Background Thread 2 ] DEBUG TilesetLoader        - Writing to buffer: dst=1625,0, w=125,h=125, src=750,375
02:29:22.936 [FXGL Background Thread 2 ] DEBUG TilesetLoader        - Writing to buffer: dst=1750,0, w=125,h=125, src=250,375
02:29:22.937 [FXGL Background Thread 2 ] DEBUG TilesetLoader        - Writing to buffer: dst=1875,0, w=125,h=125, src=250,375
02:29:22.937 [FXGL Background Thread 2 ] DEBUG TilesetLoader        - Writing to buffer: dst=0,125, w=125,h=125, src=375,375
02:29:22.937 [FXGL Background Thread 2 ] DEBUG TilesetLoader        - Writing to buffer: dst=125,125, w=125,h=125, src=375,375
02:29:22.937 [FXGL Background Thread 2 ] DEBUG TilesetLoader        - Writing to buffer: dst=250,125, w=125,h=125, src=375,375
02:29:22.937 [FXGL Background Thread 2 ] DEBUG TilesetLoader        - Writing to buffer: dst=375,125, w=125,h=125, src=375,500
02:29:22.937 [FXGL Background Thread 2 ] DEBUG TilesetLoader        - Writing to buffer: dst=500,125, w=125,h=125, src=500,0
02:29:22.937 [FXGL Background Thread 2 ] DEBUG TilesetLoader        - Writing to buffer: dst=625,125, w=125,h=125, src=625,500
02:29:22.938 [FXGL Background Thread 2 ] DEBUG TilesetLoader        - Writing to buffer: dst=750,125, w=125,h=125, src=375,375
02:29:22.938 [FXGL Background Thread 2 ] DEBUG TilesetLoader        - Writing to buffer: dst=875,125, w=125,h=125, src=375,375
02:29:22.938 [FXGL Background Thread 2 ] DEBUG TilesetLoader        - Writing to buffer: dst=1000,125, w=125,h=125, src=375,375
02:29:22.938 [FXGL Background Thread 2 ] DEBUG TilesetLoader        - Writing to buffer: dst=1125,125, w=125,h=125, src=375,375
02:29:22.939 [FXGL Background Thread 2 ] DEBUG TilesetLoader        - Writing to buffer: dst=1250,125, w=125,h=125, src=375,375
02:29:22.939 [FXGL Background Thread 2 ] DEBUG TilesetLoader        - Writing to buffer: dst=1375,125, w=125,h=125, src=375,500
02:29:22.939 [FXGL Background Thread 2 ] DEBUG TilesetLoader        - Writing to buffer: dst=1500,125, w=125,h=125, src=500,0
02:29:22.940 [FXGL Background Thread 2 ] DEBUG TilesetLoader        - Writing to buffer: dst=1625,125, w=125,h=125, src=625,500
02:29:22.941 [FXGL Background Thread 2 ] DEBUG TilesetLoader        - Writing to buffer: dst=1750,125, w=125,h=125, src=375,375
02:29:22.941 [FXGL Background Thread 2 ] DEBUG TilesetLoader        - Writing to buffer: dst=1875,125, w=125,h=125, src=375,375
02:29:22.941 [FXGL Background Thread 2 ] DEBUG TilesetLoader        - Writing to buffer: dst=0,250, w=125,h=125, src=625,0
02:29:22.942 [FXGL Background Thread 2 ] DEBUG TilesetLoader        - Writing to buffer: dst=125,250, w=125,h=125, src=625,0
02:29:22.942 [FXGL Background Thread 2 ] DEBUG TilesetLoader        - Writing to buffer: dst=250,250, w=125,h=125, src=625,0
02:29:22.943 [FXGL Background Thread 2 ] DEBUG TilesetLoader        - Writing to buffer: dst=375,250, w=125,h=125, src=625,0
02:29:22.943 [FXGL Background Thread 2 ] DEBUG TilesetLoader        - Writing to buffer: dst=500,250, w=125,h=125, src=750,0
02:29:22.943 [FXGL Background Thread 2 ] DEBUG TilesetLoader        - Writing to buffer: dst=625,250, w=125,h=125, src=625,0
02:29:22.943 [FXGL Background Thread 2 ] DEBUG TilesetLoader        - Writing to buffer: dst=750,250, w=125,h=125, src=625,0
02:29:22.943 [FXGL Background Thread 2 ] DEBUG TilesetLoader        - Writing to buffer: dst=875,250, w=125,h=125, src=625,0
02:29:22.944 [FXGL Background Thread 2 ] DEBUG TilesetLoader        - Writing to buffer: dst=1000,250, w=125,h=125, src=625,0
02:29:22.944 [FXGL Background Thread 2 ] DEBUG TilesetLoader        - Writing to buffer: dst=1125,250, w=125,h=125, src=625,0
02:29:22.944 [FXGL Background Thread 2 ] DEBUG TilesetLoader        - Writing to buffer: dst=1250,250, w=125,h=125, src=625,0
02:29:22.944 [FXGL Background Thread 2 ] DEBUG TilesetLoader        - Writing to buffer: dst=1375,250, w=125,h=125, src=625,0
02:29:22.944 [FXGL Background Thread 2 ] DEBUG TilesetLoader        - Writing to buffer: dst=1500,250, w=125,h=125, src=750,0
02:29:22.944 [FXGL Background Thread 2 ] DEBUG TilesetLoader        - Writing to buffer: dst=1625,250, w=125,h=125, src=625,0
02:29:22.945 [FXGL Background Thread 2 ] DEBUG TilesetLoader        - Writing to buffer: dst=1750,250, w=125,h=125, src=625,0
02:29:22.945 [FXGL Background Thread 2 ] DEBUG TilesetLoader        - Writing to buffer: dst=1875,250, w=125,h=125, src=625,0
02:29:22.945 [FXGL Background Thread 2 ] DEBUG TilesetLoader        - Writing to buffer: dst=0,375, w=125,h=125, src=625,375
02:29:22.945 [FXGL Background Thread 2 ] DEBUG TilesetLoader        - Writing to buffer: dst=125,375, w=125,h=125, src=625,375
02:29:22.946 [FXGL Background Thread 2 ] DEBUG TilesetLoader        - Writing to buffer: dst=250,375, w=125,h=125, src=625,375
02:29:22.946 [FXGL Background Thread 2 ] DEBUG TilesetLoader        - Writing to buffer: dst=375,375, w=125,h=125, src=500,500
02:29:22.947 [FXGL Background Thread 2 ] DEBUG TilesetLoader        - Writing to buffer: dst=500,375, w=125,h=125, src=500,0
02:29:22.947 [FXGL Background Thread 2 ] DEBUG TilesetLoader        - Writing to buffer: dst=625,375, w=125,h=125, src=750,250
02:29:22.947 [FXGL Background Thread 2 ] DEBUG TilesetLoader        - Writing to buffer: dst=750,375, w=125,h=125, src=625,125
02:29:22.947 [FXGL Background Thread 2 ] DEBUG TilesetLoader        - Writing to buffer: dst=875,375, w=125,h=125, src=625,125
02:29:22.947 [FXGL Background Thread 2 ] DEBUG TilesetLoader        - Writing to buffer: dst=1000,375, w=125,h=125, src=625,125
02:29:22.947 [FXGL Background Thread 2 ] DEBUG TilesetLoader        - Writing to buffer: dst=1125,375, w=125,h=125, src=625,125
02:29:22.948 [FXGL Background Thread 2 ] DEBUG TilesetLoader        - Writing to buffer: dst=1250,375, w=125,h=125, src=625,125
02:29:22.948 [FXGL Background Thread 2 ] DEBUG TilesetLoader        - Writing to buffer: dst=1375,375, w=125,h=125, src=500,250
02:29:22.948 [FXGL Background Thread 2 ] DEBUG TilesetLoader        - Writing to buffer: dst=1500,375, w=125,h=125, src=500,0
02:29:22.948 [FXGL Background Thread 2 ] DEBUG TilesetLoader        - Writing to buffer: dst=1625,375, w=125,h=125, src=750,500
02:29:22.948 [FXGL Background Thread 2 ] DEBUG TilesetLoader        - Writing to buffer: dst=1750,375, w=125,h=125, src=625,375
02:29:22.949 [FXGL Background Thread 2 ] DEBUG TilesetLoader        - Writing to buffer: dst=1875,375, w=125,h=125, src=625,375
02:29:22.949 [FXGL Background Thread 2 ] DEBUG TilesetLoader        - Writing to buffer: dst=0,500, w=125,h=125, src=250,375
02:29:22.949 [FXGL Background Thread 2 ] DEBUG TilesetLoader        - Writing to buffer: dst=125,500, w=125,h=125, src=250,375
02:29:22.949 [FXGL Background Thread 2 ] DEBUG TilesetLoader        - Writing to buffer: dst=250,500, w=125,h=125, src=250,375
02:29:22.949 [FXGL Background Thread 2 ] DEBUG TilesetLoader        - Writing to buffer: dst=375,500, w=125,h=125, src=500,375
02:29:22.949 [FXGL Background Thread 2 ] DEBUG TilesetLoader        - Writing to buffer: dst=500,500, w=125,h=125, src=500,0
02:29:22.950 [FXGL Background Thread 2 ] DEBUG TilesetLoader        - Writing to buffer: dst=625,500, w=125,h=125, src=750,125
02:29:22.950 [FXGL Background Thread 2 ] DEBUG TilesetLoader        - Writing to buffer: dst=750,500, w=125,h=125, src=250,125
02:29:22.950 [FXGL Background Thread 2 ] DEBUG TilesetLoader        - Writing to buffer: dst=875,500, w=125,h=125, src=250,125
02:29:22.950 [FXGL Background Thread 2 ] DEBUG TilesetLoader        - Writing to buffer: dst=1000,500, w=125,h=125, src=250,125
02:29:22.950 [FXGL Background Thread 2 ] DEBUG TilesetLoader        - Writing to buffer: dst=1125,500, w=125,h=125, src=250,125
02:29:22.950 [FXGL Background Thread 2 ] DEBUG TilesetLoader        - Writing to buffer: dst=1250,500, w=125,h=125, src=250,125
02:29:22.951 [FXGL Background Thread 2 ] DEBUG TilesetLoader        - Writing to buffer: dst=1375,500, w=125,h=125, src=500,125
02:29:22.951 [FXGL Background Thread 2 ] DEBUG TilesetLoader        - Writing to buffer: dst=1500,500, w=125,h=125, src=500,0
02:29:22.951 [FXGL Background Thread 2 ] DEBUG TilesetLoader        - Writing to buffer: dst=1625,500, w=125,h=125, src=750,375
02:29:22.951 [FXGL Background Thread 2 ] DEBUG TilesetLoader        - Writing to buffer: dst=1750,500, w=125,h=125, src=250,375
02:29:22.951 [FXGL Background Thread 2 ] DEBUG TilesetLoader        - Writing to buffer: dst=1875,500, w=125,h=125, src=250,375
02:29:22.953 [FXGL Background Thread 2 ] DEBUG TilesetLoader        - Writing to buffer: dst=0,625, w=125,h=125, src=375,375
02:29:22.953 [FXGL Background Thread 2 ] DEBUG TilesetLoader        - Writing to buffer: dst=125,625, w=125,h=125, src=375,375
02:29:22.953 [FXGL Background Thread 2 ] DEBUG TilesetLoader        - Writing to buffer: dst=250,625, w=125,h=125, src=375,375
02:29:22.953 [FXGL Background Thread 2 ] DEBUG TilesetLoader        - Writing to buffer: dst=375,625, w=125,h=125, src=375,500
02:29:22.953 [FXGL Background Thread 2 ] DEBUG TilesetLoader        - Writing to buffer: dst=500,625, w=125,h=125, src=500,0
02:29:22.953 [FXGL Background Thread 2 ] DEBUG TilesetLoader        - Writing to buffer: dst=625,625, w=125,h=125, src=625,250
02:29:22.953 [FXGL Background Thread 2 ] DEBUG TilesetLoader        - Writing to buffer: dst=750,625, w=125,h=125, src=375,125
02:29:22.954 [FXGL Background Thread 2 ] DEBUG TilesetLoader        - Writing to buffer: dst=875,625, w=125,h=125, src=375,125
02:29:22.954 [FXGL Background Thread 2 ] DEBUG TilesetLoader        - Writing to buffer: dst=1000,625, w=125,h=125, src=375,125
02:29:22.954 [FXGL Background Thread 2 ] DEBUG TilesetLoader        - Writing to buffer: dst=1125,625, w=125,h=125, src=375,125
02:29:22.954 [FXGL Background Thread 2 ] DEBUG TilesetLoader        - Writing to buffer: dst=1250,625, w=125,h=125, src=375,125
02:29:22.954 [FXGL Background Thread 2 ] DEBUG TilesetLoader        - Writing to buffer: dst=1375,625, w=125,h=125, src=375,250
02:29:22.954 [FXGL Background Thread 2 ] DEBUG TilesetLoader        - Writing to buffer: dst=1500,625, w=125,h=125, src=500,0
02:29:22.954 [FXGL Background Thread 2 ] DEBUG TilesetLoader        - Writing to buffer: dst=1625,625, w=125,h=125, src=625,500
02:29:22.954 [FXGL Background Thread 2 ] DEBUG TilesetLoader        - Writing to buffer: dst=1750,625, w=125,h=125, src=375,375
02:29:22.954 [FXGL Background Thread 2 ] DEBUG TilesetLoader        - Writing to buffer: dst=1875,625, w=125,h=125, src=375,375
02:29:22.955 [FXGL Background Thread 2 ] DEBUG TilesetLoader        - Writing to buffer: dst=0,750, w=125,h=125, src=625,0
02:29:22.955 [FXGL Background Thread 2 ] DEBUG TilesetLoader        - Writing to buffer: dst=125,750, w=125,h=125, src=625,0
02:29:22.955 [FXGL Background Thread 2 ] DEBUG TilesetLoader        - Writing to buffer: dst=250,750, w=125,h=125, src=625,0
02:29:22.955 [FXGL Background Thread 2 ] DEBUG TilesetLoader        - Writing to buffer: dst=375,750, w=125,h=125, src=625,0
02:29:22.955 [FXGL Background Thread 2 ] DEBUG TilesetLoader        - Writing to buffer: dst=500,750, w=125,h=125, src=750,0
02:29:22.955 [FXGL Background Thread 2 ] DEBUG TilesetLoader        - Writing to buffer: dst=625,750, w=125,h=125, src=625,0
02:29:22.955 [FXGL Background Thread 2 ] DEBUG TilesetLoader        - Writing to buffer: dst=750,750, w=125,h=125, src=625,0
02:29:22.955 [FXGL Background Thread 2 ] DEBUG TilesetLoader        - Writing to buffer: dst=875,750, w=125,h=125, src=625,0
02:29:22.955 [FXGL Background Thread 2 ] DEBUG TilesetLoader        - Writing to buffer: dst=1000,750, w=125,h=125, src=625,0
02:29:22.956 [FXGL Background Thread 2 ] DEBUG TilesetLoader        - Writing to buffer: dst=1125,750, w=125,h=125, src=625,0
02:29:22.956 [FXGL Background Thread 2 ] DEBUG TilesetLoader        - Writing to buffer: dst=1250,750, w=125,h=125, src=625,0
02:29:22.956 [FXGL Background Thread 2 ] DEBUG TilesetLoader        - Writing to buffer: dst=1375,750, w=125,h=125, src=625,0
02:29:22.956 [FXGL Background Thread 2 ] DEBUG TilesetLoader        - Writing to buffer: dst=1500,750, w=125,h=125, src=750,0
02:29:22.956 [FXGL Background Thread 2 ] DEBUG TilesetLoader        - Writing to buffer: dst=1625,750, w=125,h=125, src=625,0
02:29:22.956 [FXGL Background Thread 2 ] DEBUG TilesetLoader        - Writing to buffer: dst=1750,750, w=125,h=125, src=625,0
02:29:22.956 [FXGL Background Thread 2 ] DEBUG TilesetLoader        - Writing to buffer: dst=1875,750, w=125,h=125, src=625,0
02:29:22.957 [FXGL Background Thread 2 ] DEBUG TilesetLoader        - Writing to buffer: dst=0,875, w=125,h=125, src=625,375
02:29:22.957 [FXGL Background Thread 2 ] DEBUG TilesetLoader        - Writing to buffer: dst=125,875, w=125,h=125, src=625,375
02:29:22.957 [FXGL Background Thread 2 ] DEBUG TilesetLoader        - Writing to buffer: dst=250,875, w=125,h=125, src=625,375
02:29:22.957 [FXGL Background Thread 2 ] DEBUG TilesetLoader        - Writing to buffer: dst=375,875, w=125,h=125, src=500,500
02:29:22.957 [FXGL Background Thread 2 ] DEBUG TilesetLoader        - Writing to buffer: dst=500,875, w=125,h=125, src=500,0
02:29:22.957 [FXGL Background Thread 2 ] DEBUG TilesetLoader        - Writing to buffer: dst=625,875, w=125,h=125, src=750,500
02:29:22.957 [FXGL Background Thread 2 ] DEBUG TilesetLoader        - Writing to buffer: dst=750,875, w=125,h=125, src=625,375
02:29:22.958 [FXGL Background Thread 2 ] DEBUG TilesetLoader        - Writing to buffer: dst=875,875, w=125,h=125, src=625,375
02:29:22.958 [FXGL Background Thread 2 ] DEBUG TilesetLoader        - Writing to buffer: dst=1000,875, w=125,h=125, src=625,375
02:29:22.958 [FXGL Background Thread 2 ] DEBUG TilesetLoader        - Writing to buffer: dst=1125,875, w=125,h=125, src=625,375
02:29:22.958 [FXGL Background Thread 2 ] DEBUG TilesetLoader        - Writing to buffer: dst=1250,875, w=125,h=125, src=625,375
02:29:22.958 [FXGL Background Thread 2 ] DEBUG TilesetLoader        - Writing to buffer: dst=1375,875, w=125,h=125, src=500,500
02:29:22.958 [FXGL Background Thread 2 ] DEBUG TilesetLoader        - Writing to buffer: dst=1500,875, w=125,h=125, src=500,0
02:29:22.958 [FXGL Background Thread 2 ] DEBUG TilesetLoader        - Writing to buffer: dst=1625,875, w=125,h=125, src=750,500
02:29:22.958 [FXGL Background Thread 2 ] DEBUG TilesetLoader        - Writing to buffer: dst=1750,875, w=125,h=125, src=625,375
02:29:22.959 [FXGL Background Thread 2 ] DEBUG TilesetLoader        - Writing to buffer: dst=1875,875, w=125,h=125, src=625,375
02:29:22.959 [FXGL Background Thread 2 ] DEBUG TilesetLoader        - Writing to buffer: dst=0,1000, w=125,h=125, src=250,375
02:29:22.959 [FXGL Background Thread 2 ] DEBUG TilesetLoader        - Writing to buffer: dst=125,1000, w=125,h=125, src=250,375
02:29:22.960 [FXGL Background Thread 2 ] DEBUG TilesetLoader        - Writing to buffer: dst=250,1000, w=125,h=125, src=250,375
02:29:22.960 [FXGL Background Thread 2 ] DEBUG TilesetLoader        - Writing to buffer: dst=375,1000, w=125,h=125, src=500,375
02:29:22.960 [FXGL Background Thread 2 ] DEBUG TilesetLoader        - Writing to buffer: dst=500,1000, w=125,h=125, src=500,0
02:29:22.960 [FXGL Background Thread 2 ] DEBUG TilesetLoader        - Writing to buffer: dst=625,1000, w=125,h=125, src=750,375
02:29:22.960 [FXGL Background Thread 2 ] DEBUG TilesetLoader        - Writing to buffer: dst=750,1000, w=125,h=125, src=250,375
02:29:22.960 [FXGL Background Thread 2 ] DEBUG TilesetLoader        - Writing to buffer: dst=875,1000, w=125,h=125, src=250,375
02:29:22.960 [FXGL Background Thread 2 ] DEBUG TilesetLoader        - Writing to buffer: dst=1000,1000, w=125,h=125, src=250,375
02:29:22.960 [FXGL Background Thread 2 ] DEBUG TilesetLoader        - Writing to buffer: dst=1125,1000, w=125,h=125, src=250,375
02:29:22.960 [FXGL Background Thread 2 ] DEBUG TilesetLoader        - Writing to buffer: dst=1250,1000, w=125,h=125, src=250,375
02:29:22.960 [FXGL Background Thread 2 ] DEBUG TilesetLoader        - Writing to buffer: dst=1375,1000, w=125,h=125, src=500,375
02:29:22.960 [FXGL Background Thread 2 ] DEBUG TilesetLoader        - Writing to buffer: dst=1500,1000, w=125,h=125, src=500,0
02:29:22.961 [FXGL Background Thread 2 ] DEBUG TilesetLoader        - Writing to buffer: dst=1625,1000, w=125,h=125, src=750,375
02:29:22.961 [FXGL Background Thread 2 ] DEBUG TilesetLoader        - Writing to buffer: dst=1750,1000, w=125,h=125, src=250,375
02:29:22.961 [FXGL Background Thread 2 ] DEBUG TilesetLoader        - Writing to buffer: dst=1875,1000, w=125,h=125, src=250,375
02:29:22.961 [FXGL Background Thread 2 ] DEBUG TMXLevelLoader       - Creating object layer entities
02:29:22.995 [FXGL Background Thread 2 ] DEBUG FXGLAssetLoaderServi - Loading from file system: /assets/textures/semaforoRosso-01.png
02:29:22.998 [FXGL Background Thread 2 ] DEBUG FXGLAssetLoaderServi - Loading from file system: /assets/textures/semaforoVerde-01.png
02:29:23.001 [FXGL Background Thread 2 ] DEBUG FXGLAssetLoaderServi - Loading from cache: /assets/textures/semaforoRosso-01.png
02:29:23.001 [FXGL Background Thread 2 ] DEBUG FXGLAssetLoaderServi - Loading from cache: /assets/textures/semaforoVerde-01.png
02:29:23.003 [FXGL Background Thread 2 ] DEBUG FXGLAssetLoaderServi - Loading from cache: /assets/textures/semaforoRosso-01.png
02:29:23.004 [FXGL Background Thread 2 ] DEBUG FXGLAssetLoaderServi - Loading from cache: /assets/textures/semaforoVerde-01.png
02:29:23.005 [FXGL Background Thread 2 ] DEBUG FXGLAssetLoaderServi - Loading from cache: /assets/textures/semaforoRosso-01.png
02:29:23.005 [FXGL Background Thread 2 ] DEBUG FXGLAssetLoaderServi - Loading from cache: /assets/textures/semaforoVerde-01.png
02:29:23.005 [FXGL Background Thread 2 ] DEBUG FXGLAssetLoaderServi - Loading from file system: /assets/textures/semaforoRosso-04.png
02:29:23.007 [FXGL Background Thread 2 ] DEBUG FXGLAssetLoaderServi - Loading from file system: /assets/textures/semaforoVerde-04.png
02:29:23.009 [FXGL Background Thread 2 ] DEBUG FXGLAssetLoaderServi - Loading from cache: /assets/textures/semaforoRosso-04.png
02:29:23.010 [FXGL Background Thread 2 ] DEBUG FXGLAssetLoaderServi - Loading from cache: /assets/textures/semaforoVerde-04.png
02:29:23.010 [FXGL Background Thread 2 ] DEBUG FXGLAssetLoaderServi - Loading from cache: /assets/textures/semaforoRosso-04.png
02:29:23.011 [FXGL Background Thread 2 ] DEBUG FXGLAssetLoaderServi - Loading from cache: /assets/textures/semaforoVerde-04.png
02:29:23.011 [FXGL Background Thread 2 ] DEBUG FXGLAssetLoaderServi - Loading from cache: /assets/textures/semaforoRosso-04.png
02:29:23.011 [FXGL Background Thread 2 ] DEBUG FXGLAssetLoaderServi - Loading from cache: /assets/textures/semaforoVerde-04.png
02:29:23.012 [FXGL Background Thread 2 ] DEBUG FXGLAssetLoaderServi - Loading from file system: /assets/textures/semaforoRosso-03.png
02:29:23.013 [FXGL Background Thread 2 ] DEBUG FXGLAssetLoaderServi - Loading from file system: /assets/textures/semaforoVerde-03.png
02:29:23.015 [FXGL Background Thread 2 ] DEBUG FXGLAssetLoaderServi - Loading from cache: /assets/textures/semaforoRosso-03.png
02:29:23.015 [FXGL Background Thread 2 ] DEBUG FXGLAssetLoaderServi - Loading from cache: /assets/textures/semaforoVerde-03.png
02:29:23.017 [FXGL Background Thread 2 ] DEBUG FXGLAssetLoaderServi - Loading from cache: /assets/textures/semaforoRosso-03.png
02:29:23.017 [FXGL Background Thread 2 ] DEBUG FXGLAssetLoaderServi - Loading from cache: /assets/textures/semaforoVerde-03.png
02:29:23.017 [FXGL Background Thread 2 ] DEBUG FXGLAssetLoaderServi - Loading from cache: /assets/textures/semaforoRosso-03.png
02:29:23.018 [FXGL Background Thread 2 ] DEBUG FXGLAssetLoaderServi - Loading from cache: /assets/textures/semaforoVerde-03.png
02:29:23.018 [FXGL Background Thread 2 ] DEBUG FXGLAssetLoaderServi - Loading from file system: /assets/textures/semaforoRosso-02.png
02:29:23.019 [FXGL Background Thread 2 ] DEBUG FXGLAssetLoaderServi - Loading from file system: /assets/textures/semaforoVerde-02.png
02:29:23.021 [FXGL Background Thread 2 ] DEBUG FXGLAssetLoaderServi - Loading from cache: /assets/textures/semaforoRosso-02.png
02:29:23.021 [FXGL Background Thread 2 ] DEBUG FXGLAssetLoaderServi - Loading from cache: /assets/textures/semaforoVerde-02.png
02:29:23.021 [FXGL Background Thread 2 ] DEBUG FXGLAssetLoaderServi - Loading from cache: /assets/textures/semaforoRosso-02.png
02:29:23.021 [FXGL Background Thread 2 ] DEBUG FXGLAssetLoaderServi - Loading from cache: /assets/textures/semaforoVerde-02.png
02:29:23.022 [FXGL Background Thread 2 ] DEBUG FXGLAssetLoaderServi - Loading from cache: /assets/textures/semaforoRosso-02.png
02:29:23.023 [FXGL Background Thread 2 ] DEBUG FXGLAssetLoaderServi - Loading from cache: /assets/textures/semaforoVerde-02.png
02:29:23.024 [FXGL Background Thread 2 ] DEBUG GameWorld            - Clearing removable entities
02:29:23.025 [FXGL Background Thread 2 ] DEBUG GameWorld            - Setting level: com.almasb.fxgl.entity.level.Level@4aca9ab9
02:29:23.029 [FXGL Background Thread 2 ] DEBUG FXGLAssetLoaderServi - Loading from file system: /assets/textures/pointer-sprite.png
02:29:23.075 [FXGL Background Thread 2 ] INFO  FXGLApplication      - Game initialization took: 0,328 sec
02:29:23.076 [JavaFX Application Thread] DEBUG Input                - Clearing active input actions
02:29:23.081 [JavaFX Application Thread] DEBUG GameApplicationServi - Removing overlay from FXGLLoadingScene and adding to GameScene
02:29:23.083 [JavaFX Application Thread] DEBUG MainWindow           - FXGLLoadingScene -> GameScene
02:29:24.914 [FXGL Background Thread 3 ] DEBUG Engine               - Logging environment variables
02:29:24.914 [FXGL Background Thread 3 ] DEBUG Engine               - achievements: []
02:29:24.915 [FXGL Background Thread 3 ] DEBUG Engine               - appIcon: fxgl_icon.png
02:29:24.915 [FXGL Background Thread 3 ] DEBUG Engine               - applicationMode: DEVELOPER
02:29:24.915 [FXGL Background Thread 3 ] DEBUG Engine               - cSSList: [fxgl_dark.css]
02:29:24.915 [FXGL Background Thread 3 ] DEBUG Engine               - configClass: Optional.empty
02:29:24.915 [FXGL Background Thread 3 ] DEBUG Engine               - credits: []
02:29:24.916 [FXGL Background Thread 3 ] DEBUG Engine               - devBBoxColorProperty: ObjectProperty [value: 0xff0000ff]
02:29:24.916 [FXGL Background Thread 3 ] DEBUG Engine               - devEnableDebugCameraProperty: BooleanProperty [value: false]
02:29:24.916 [FXGL Background Thread 3 ] DEBUG Engine               - devSensorColorProperty: ObjectProperty [value: 0xffff00ff]
02:29:24.916 [FXGL Background Thread 3 ] DEBUG Engine               - devShowBBoxProperty: BooleanProperty [value: false]
02:29:24.916 [FXGL Background Thread 3 ] DEBUG Engine               - devShowPositionProperty: BooleanProperty [value: false]
02:29:24.917 [FXGL Background Thread 3 ] DEBUG Engine               - enabledMenuItems: [SAVE_LOAD, EXTRA, ONLINE]
02:29:24.917 [FXGL Background Thread 3 ] DEBUG Engine               - engineServices: [class com.almasb.fxgl.app.FXGLApplication$GameApplicationService, class com.almasb.fxgl.app.services.FXGLDialogService, class com.almasb.fxgl.app.services.IOTaskExecutorService, class com.almasb.fxgl.event.EventBusService, class com.almasb.fxgl.io.FileSystemService, class com.almasb.fxgl.localization.LocalizationService, class com.almasb.fxgl.app.services.FXGLAssetLoaderService, class com.almasb.fxgl.app.services.SystemBundleService, class com.almasb.fxgl.profile.SaveLoadService, class com.almasb.fxgl.ui.FXGLUIFactoryServiceProvider, class com.almasb.fxgl.ui.FXGLDialogFactoryServiceProvider, class com.almasb.fxgl.audio.AudioPlayer, class com.almasb.fxgl.notification.impl.NotificationServiceProvider, class com.almasb.fxgl.achievement.AchievementService, class com.almasb.fxgl.cutscene.CutsceneService, class com.almasb.fxgl.minigames.MiniGameService, class com.almasb.fxgl.net.NetService, class com.almasb.fxgl.app.services.UpdaterService, class com.almasb.fxgl.dev.DevService]
02:29:24.917 [FXGL Background Thread 3 ] DEBUG Engine               - fontGame: Abel-Regular.ttf
02:29:24.917 [FXGL Background Thread 3 ] DEBUG Engine               - fontMono: lucida_console.ttf
02:29:24.917 [FXGL Background Thread 3 ] DEBUG Engine               - fontText: Courier-Prime.ttf
02:29:24.917 [FXGL Background Thread 3 ] DEBUG Engine               - fontUI: VarelaRound-Regular.ttf
02:29:24.917 [FXGL Background Thread 3 ] DEBUG Engine               - fullScreen: BooleanProperty [value: false]
02:29:24.917 [FXGL Background Thread 3 ] DEBUG Engine               - gameDifficulty: MEDIUM
02:29:24.917 [FXGL Background Thread 3 ] DEBUG Engine               - gameDifficultyProperty: ObjectProperty [value: MEDIUM]
02:29:24.917 [FXGL Background Thread 3 ] DEBUG Engine               - globalMusicVolume: 0.5
02:29:24.917 [FXGL Background Thread 3 ] DEBUG Engine               - globalMusicVolumeProperty: DoubleProperty [value: 0.5]
02:29:24.918 [FXGL Background Thread 3 ] DEBUG Engine               - globalSoundVolume: 0.5
02:29:24.918 [FXGL Background Thread 3 ] DEBUG Engine               - globalSoundVolumeProperty: DoubleProperty [value: 0.5]
02:29:24.918 [FXGL Background Thread 3 ] DEBUG Engine               - height: 1125
02:29:24.918 [FXGL Background Thread 3 ] DEBUG Engine               - isAndroid: false
02:29:24.918 [FXGL Background Thread 3 ] DEBUG Engine               - isBrowser: false
02:29:24.918 [FXGL Background Thread 3 ] DEBUG Engine               - isClickFeedbackEnabled: false
02:29:24.918 [FXGL Background Thread 3 ] DEBUG Engine               - isCloseConfirmation: false
02:29:24.919 [FXGL Background Thread 3 ] DEBUG Engine               - isDesktop: true
02:29:24.919 [FXGL Background Thread 3 ] DEBUG Engine               - isDeveloperMenuEnabled: true
02:29:24.919 [FXGL Background Thread 3 ] DEBUG Engine               - isEntityPreloadEnabled: true
02:29:24.919 [FXGL Background Thread 3 ] DEBUG Engine               - isExperimentalNative: false
02:29:24.919 [FXGL Background Thread 3 ] DEBUG Engine               - isExperimentalTiledLargeMap: false
02:29:24.919 [FXGL Background Thread 3 ] DEBUG Engine               - isFileSystemWriteAllowed: true
02:29:24.919 [FXGL Background Thread 3 ] DEBUG Engine               - isFullScreenAllowed: false
02:29:24.919 [FXGL Background Thread 3 ] DEBUG Engine               - isFullScreenFromStart: false
02:29:24.919 [FXGL Background Thread 3 ] DEBUG Engine               - isGameMenuEnabled: true
02:29:24.919 [FXGL Background Thread 3 ] DEBUG Engine               - isIOS: false
02:29:24.919 [FXGL Background Thread 3 ] DEBUG Engine               - isIntroEnabled: false
02:29:24.919 [FXGL Background Thread 3 ] DEBUG Engine               - isLinux: false
02:29:24.920 [FXGL Background Thread 3 ] DEBUG Engine               - isMac: false
02:29:24.920 [FXGL Background Thread 3 ] DEBUG Engine               - isMainMenuEnabled: true
02:29:24.920 [FXGL Background Thread 3 ] DEBUG Engine               - isManualResizeEnabled: true
02:29:24.920 [FXGL Background Thread 3 ] DEBUG Engine               - isMobile: false
02:29:24.920 [FXGL Background Thread 3 ] DEBUG Engine               - isPreserveResizeRatio: true
02:29:24.920 [FXGL Background Thread 3 ] DEBUG Engine               - isProfilingEnabled: false
02:29:24.920 [FXGL Background Thread 3 ] DEBUG Engine               - isSingleStep: false
02:29:24.920 [FXGL Background Thread 3 ] DEBUG Engine               - isUserProfileEnabled: false
02:29:24.920 [FXGL Background Thread 3 ] DEBUG Engine               - isWindows: true
02:29:24.920 [FXGL Background Thread 3 ] DEBUG Engine               - language: ObjectProperty [value: ENGLISH]
02:29:24.921 [FXGL Background Thread 3 ] DEBUG Engine               - menuKey: ESCAPE
02:29:24.921 [FXGL Background Thread 3 ] DEBUG Engine               - notificationViewClass: class com.almasb.fxgl.notification.view.XboxNotificationView
02:29:24.921 [FXGL Background Thread 3 ] DEBUG Engine               - pixelsPerMeter: 50.0
02:29:24.921 [FXGL Background Thread 3 ] DEBUG Engine               - platform: WINDOWS
02:29:24.921 [FXGL Background Thread 3 ] DEBUG Engine               - profileDir: profiles/
02:29:24.921 [FXGL Background Thread 3 ] DEBUG Engine               - profileName: StringProperty [value: DEFAULT]
02:29:24.921 [FXGL Background Thread 3 ] DEBUG Engine               - randomSeed: -1
02:29:24.921 [FXGL Background Thread 3 ] DEBUG Engine               - runtimeInfo: RuntimeInfo(platform=WINDOWS, version=dev-SNAPSHOT, build=08.09.2020 17.31)
02:29:24.921 [FXGL Background Thread 3 ] DEBUG Engine               - saveFileExt: sav
02:29:24.921 [FXGL Background Thread 3 ] DEBUG Engine               - sceneFactory: it.uniroma1.metodologie.trafficGame.TrafficApp$1@417baa1a
02:29:24.921 [FXGL Background Thread 3 ] DEBUG Engine               - secondsIn24h: 60
02:29:24.922 [FXGL Background Thread 3 ] DEBUG Engine               - soundMenuBack: menu/back.wav
02:29:24.922 [FXGL Background Thread 3 ] DEBUG Engine               - soundMenuPress: menu/press.wav
02:29:24.922 [FXGL Background Thread 3 ] DEBUG Engine               - soundMenuSelect: menu/select.wav
02:29:24.922 [FXGL Background Thread 3 ] DEBUG Engine               - soundNotification: core/notification.wav
02:29:24.922 [FXGL Background Thread 3 ] DEBUG Engine               - stageStyle: DECORATED
02:29:24.922 [FXGL Background Thread 3 ] DEBUG Engine               - supportedLanguages: [ENGLISH, FRENCH, GERMAN, HUNGARIAN, RUSSIAN]
02:29:24.922 [FXGL Background Thread 3 ] DEBUG Engine               - title: Traffic
02:29:24.922 [FXGL Background Thread 3 ] DEBUG Engine               - urlGithub: https://github.com/AlmasB/FXGL
02:29:24.922 [FXGL Background Thread 3 ] DEBUG Engine               - urlLeaderboard: http://fxgl-top.herokuapp.com/
02:29:24.922 [FXGL Background Thread 3 ] DEBUG Engine               - urlPOM: https://raw.githubusercontent.com/AlmasB/FXGL/master/pom.xml
02:29:24.922 [FXGL Background Thread 3 ] DEBUG Engine               - version: Alpha 1.0
02:29:24.922 [FXGL Background Thread 3 ] DEBUG Engine               - versionCheckDays: 7
02:29:24.922 [FXGL Background Thread 3 ] DEBUG Engine               - width: 2000
02:29:24.922 [FXGL Background Thread 3 ] DEBUG Engine               - Logging services
02:29:24.922 [FXGL Background Thread 3 ] DEBUG Engine               - class com.almasb.fxgl.app.FXGLApplication$GameApplicationService
02:29:24.922 [FXGL Background Thread 3 ] DEBUG Engine               - class com.almasb.fxgl.app.services.FXGLDialogService
02:29:24.922 [FXGL Background Thread 3 ] DEBUG Engine               - class com.almasb.fxgl.app.services.IOTaskExecutorService
02:29:24.922 [FXGL Background Thread 3 ] DEBUG Engine               - class com.almasb.fxgl.event.EventBusService
02:29:24.922 [FXGL Background Thread 3 ] DEBUG Engine               - class com.almasb.fxgl.io.FileSystemService
02:29:24.922 [FXGL Background Thread 3 ] DEBUG Engine               - class com.almasb.fxgl.localization.LocalizationService
02:29:24.923 [FXGL Background Thread 3 ] DEBUG Engine               - class com.almasb.fxgl.app.services.FXGLAssetLoaderService
02:29:24.923 [FXGL Background Thread 3 ] DEBUG Engine               - class com.almasb.fxgl.app.services.SystemBundleService
02:29:24.923 [FXGL Background Thread 3 ] DEBUG Engine               - class com.almasb.fxgl.profile.SaveLoadService
02:29:24.923 [FXGL Background Thread 3 ] DEBUG Engine               - class com.almasb.fxgl.ui.FXGLUIFactoryServiceProvider
02:29:24.923 [FXGL Background Thread 3 ] DEBUG Engine               - class com.almasb.fxgl.ui.FXGLDialogFactoryServiceProvider
02:29:24.923 [FXGL Background Thread 3 ] DEBUG Engine               - class com.almasb.fxgl.audio.AudioPlayer
02:29:24.923 [FXGL Background Thread 3 ] DEBUG Engine               - class com.almasb.fxgl.notification.impl.NotificationServiceProvider
02:29:24.923 [FXGL Background Thread 3 ] DEBUG Engine               - class com.almasb.fxgl.achievement.AchievementService
02:29:24.923 [FXGL Background Thread 3 ] DEBUG Engine               - class com.almasb.fxgl.cutscene.CutsceneService
02:29:24.923 [FXGL Background Thread 3 ] DEBUG Engine               - class com.almasb.fxgl.minigames.MiniGameService
02:29:24.923 [FXGL Background Thread 3 ] DEBUG Engine               - class com.almasb.fxgl.net.NetService
02:29:24.923 [FXGL Background Thread 3 ] DEBUG Engine               - class com.almasb.fxgl.app.services.UpdaterService
02:29:24.923 [FXGL Background Thread 3 ] DEBUG Engine               - class com.almasb.fxgl.dev.DevService
02:30:43.256 [JavaFX Application Thread] DEBUG FXGLApplication      - Exiting FXGL
02:30:43.256 [JavaFX Application Thread] DEBUG LoopRunner           - Stopping loop
02:30:43.256 [JavaFX Application Thread] DEBUG SystemBundleService  - Saving FXGL system data
02:30:43.257 [JavaFX Application Thread] DEBUG FileSystemAccess     - Writing to: C:\Users\Andrea\Desktop\Homework\traffic-mobile\system\fxgl.bundle
02:30:43.259 [JavaFX Application Thread] DEBUG Async                - Shutting down background threads
02:30:43.259 [JavaFX Application Thread] DEBUG MainWindow           - Closing main window
02:30:43.267 [JavaFX Application Thread] DEBUG Logger               - Closing Logger
