00:24:52.320 [main                     ] DEBUG Logger               - Configured Logger
00:24:52.347 [main                     ] DEBUG GameApplication      - Logging settings
Title: Traffic
Version: Alpha 1.0
Width: 2000
Height: 1125
Fullscreen: false
Intro: false
Profiling: false
Single step:false
App Mode: DEVELOPER
Menu Key: ESCAPE
Stage Style: DECORATED
Scene Factory: class it.uniroma1.metodologie.trafficGame.TrafficApp$1

00:24:53.114 [JavaFX Application Thread] DEBUG FXGLApplication      - Initializing FXGL
00:24:53.124 [JavaFX Application Thread] INFO  Engine               - FXGL-dev-SNAPSHOT (06.09.2020 16.28) on MAC (J:14.0.1 FX:14)
00:24:53.125 [JavaFX Application Thread] DEBUG Engine               - JRE Vendor Name: Oracle Corporation
00:24:53.125 [JavaFX Application Thread] DEBUG Engine               - Running on OS: Mac OS X version 10.15.6
00:24:53.125 [JavaFX Application Thread] DEBUG Engine               - Architecture: x86_64
00:24:53.126 [JavaFX Application Thread] INFO  Engine               - Source code and latest versions at: https://github.com/AlmasB/FXGL
00:24:53.126 [JavaFX Application Thread] INFO  Engine               -              Join the FXGL chat at: https://gitter.im/AlmasB/FXGL
00:24:53.270 [JavaFX Application Thread] DEBUG MainWindow           - Creating a JavaFX scene
00:24:53.270 [JavaFX Application Thread] DEBUG MainWindow           - Target size > screen size
00:24:53.318 [JavaFX Application Thread] DEBUG MainWindow           - Target settings size: 2000.0 x 1125.0
00:24:53.318 [JavaFX Application Thread] DEBUG MainWindow           - Scaled scene size:    1775.0 x 1012.0
00:24:53.319 [JavaFX Application Thread] DEBUG MainWindow           - Scaled ratio: (0.8875, 0.8995555555555556)
00:24:53.320 [JavaFX Application Thread] DEBUG MainWindow           - Set initial scene to StartupScene
00:24:53.327 [JavaFX Application Thread] DEBUG MainWindow           - Opening main window
00:24:53.450 [JavaFX Application Thread] DEBUG MainWindow           - Window border size: (0.0, 1.0)
00:24:53.450 [JavaFX Application Thread] DEBUG MainWindow           - Scaled size: 1775.0 x 1012.0
00:24:53.451 [JavaFX Application Thread] DEBUG MainWindow           - Scaled ratio: (0.8875, 0.8875)
00:24:53.451 [JavaFX Application Thread] DEBUG MainWindow           - Scene size: 1775.0 x 1012.0
00:24:53.451 [JavaFX Application Thread] DEBUG MainWindow           - Stage size: 1775.0 x 1013.0
00:24:53.460 [FXGL Background Thread 1 ] DEBUG Engine               - Initializing environment variables
00:24:53.492 [FXGL Background Thread 1 ] DEBUG GameApplicationServi - Applying CSS: fxgl_dark.css
00:24:53.494 [FXGL Background Thread 1 ] DEBUG FXGLAssetLoaderServi - Loading from file system: /assets/ui/css/fxgl_dark.css
00:24:53.570 [FXGL Background Thread 1 ] DEBUG GameApplicationServi - Initializing application scenes
00:24:53.938 [FXGL Background Thread 1 ] DEBUG GameWorld            - Game world initialized
00:24:54.038 [FXGL Background Thread 1 ] DEBUG PhysicsWorld         - Physics world initialized: appHeight=1125, physics.ppm=50,0
00:24:54.043 [FXGL Background Thread 1 ] DEBUG GameScene            - Game scene initialized: 2000x1125
00:24:54.057 [FXGL Background Thread 1 ] DEBUG FXGLAssetLoaderServi - Loading from file system: /assets/textures/bg.jpg
00:24:54.617 [FXGL Background Thread 1 ] DEBUG FXGLAssetLoaderServi - Loading from file system: /assets/textures/logo.png
00:24:54.796 [FXGL Background Thread 1 ] DEBUG FXGLAssetLoaderServi - Loading from file system: /assets/textures/particles/trace_horizontal.png
00:24:54.829 [FXGL Background Thread 1 ] DEBUG FXGL.DefaultMenu     - createMenuBodyGameMenu()
00:24:54.842 [FXGL Background Thread 1 ] DEBUG FXGL.DefaultMenu     - createOptionsMenu()
00:24:54.845 [FXGL Background Thread 1 ] DEBUG FXGL.DefaultMenu     - createExtraMenu()
00:24:54.849 [FXGL Background Thread 1 ] DEBUG FXGLAssetLoaderServi - Loading from file system: /assets/textures/particles/smoke.png
00:24:54.944 [FXGL Background Thread 1 ] DEBUG GameApplicationServi - Application scenes initialized
00:24:54.973 [FXGL Background Thread 1 ] DEBUG SystemBundleService  - Loading FXGL system data
00:24:54.979 [FXGL Background Thread 1 ] DEBUG FileSystemAccess     - Reading from: /Users/universita/Desktop/ProgettoJava/traffic-mobile/system/fxgl.bundle
00:24:54.991 [FXGL Background Thread 1 ] DEBUG SystemBundleService  - Bundle FXGL: {}
00:24:54.991 [FXGL Background Thread 1 ] DEBUG UpdaterService       - Checking for updates
00:24:55.046 [FXGL Background Thread 4 ] DEBUG FXGLApplication      - Loading fonts
00:24:55.046 [FXGL Background Thread 4 ] DEBUG FXGLAssetLoaderServi - Loading from file system: /assets/ui/fonts/VarelaRound-Regular.ttf
00:24:55.046 [FXGL Background Thread 1 ] DEBUG FXGLApplication      - Loading default localization
00:24:55.049 [FXGL Background Thread 1 ] DEBUG FXGLAssetLoaderServi - Loading from file system: /assets/languages/english.lang
00:24:55.061 [FXGL Background Thread 4 ] DEBUG FXGLAssetLoaderServi - Loading from file system: /assets/ui/fonts/Abel-Regular.ttf
00:24:55.064 [FXGL Background Thread 4 ] DEBUG FXGLAssetLoaderServi - Loading from file system: /assets/ui/fonts/lucida_console.ttf
00:24:55.069 [FXGL Background Thread 4 ] DEBUG FXGLAssetLoaderServi - Loading from file system: /assets/ui/fonts/Courier-Prime.ttf
00:24:55.073 [JavaFX Application Thread] DEBUG FXGLApplication      - Registering font factories with UI factory
00:24:55.086 [FXGL Background Thread 1 ] INFO  FXGLApplication      - FXGL initialization took: 1,627 sec
00:24:55.099 [JavaFX Application Thread] DEBUG Input                - Registered new binding: Change trafficlight status - F
00:24:55.099 [JavaFX Application Thread] DEBUG Input                - Registered new binding: Move Right - D
00:24:55.100 [JavaFX Application Thread] DEBUG Input                - Registered new binding: Move Left - A
00:24:55.100 [JavaFX Application Thread] DEBUG Input                - Registered new binding: Move Up - W
00:24:55.100 [JavaFX Application Thread] DEBUG Input                - Registered new binding: Move Down - S
00:24:55.100 [JavaFX Application Thread] DEBUG Input                - Registered new binding: Spawn Car - Space
00:24:55.101 [JavaFX Application Thread] DEBUG Input                - Registered new binding: Select and change traffic light - LMB
00:24:55.102 [JavaFX Application Thread] DEBUG FXGLAssetLoaderServi - Loading from file system: /assets/textures/fxgl_icon.png
00:24:55.123 [JavaFX Application Thread] DEBUG FXGLAssetLoaderServi - Loading from file system: /assets/ui/cursors/fxgl_default.png
00:24:55.126 [JavaFX Application Thread] DEBUG Input                - Registered new binding: Screenshot - P
00:24:55.126 [JavaFX Application Thread] DEBUG Input                - Registered new binding: Dev Options - 1
00:24:55.127 [JavaFX Application Thread] DEBUG Input                - Registered new binding: Dev Console - 2
00:24:55.127 [JavaFX Application Thread] DEBUG Input                - Registered new binding: System info dump - CTRL+9
00:24:55.127 [JavaFX Application Thread] DEBUG Input                - Registered new binding: Restart - CTRL+R
00:24:55.128 [JavaFX Application Thread] DEBUG Input                - Registered new binding: Toggle Debug Camera - CTRL+C
00:24:55.131 [JavaFX Application Thread] DEBUG LoopRunner           - Starting loop
00:24:55.148 [JavaFX Application Thread] DEBUG Input                - Clearing active input actions
00:24:55.166 [JavaFX Application Thread] DEBUG GameApplicationServi - Removing overlay from StartupScene and adding to FXGLMainMenuDummyScene
00:24:55.171 [JavaFX Application Thread] DEBUG MainWindow           - StartupScene -> FXGLMainMenuDummyScene
00:24:55.171 [JavaFX Application Thread] DEBUG MainWindow           - Push state: TrafficAppMenu
00:24:55.172 [JavaFX Application Thread] DEBUG Input                - Clearing active input actions
00:24:55.184 [JavaFX Application Thread] DEBUG GameApplicationServi - Removing overlay from FXGLMainMenuDummyScene and adding to TrafficAppMenu
00:24:55.185 [JavaFX Application Thread] DEBUG MainWindow           - FXGLMainMenuDummyScene -> TrafficAppMenu
00:24:56.429 [JavaFX Application Thread] DEBUG Menu                 - fireNewGame()
00:24:56.429 [JavaFX Application Thread] DEBUG GameApplicationServi - Starting new game
00:24:56.430 [JavaFX Application Thread] DEBUG MainWindow           - Pop state: TrafficAppMenu
00:24:56.430 [JavaFX Application Thread] DEBUG Input                - Clearing active input actions
00:24:56.433 [JavaFX Application Thread] DEBUG GameApplicationServi - Removing overlay from TrafficAppMenu and adding to FXGLMainMenuDummyScene
00:24:56.436 [JavaFX Application Thread] DEBUG MainWindow           - FXGLMainMenuDummyScene <- TrafficAppMenu
00:24:56.436 [JavaFX Application Thread] DEBUG Input                - Clearing active input actions
00:24:56.448 [JavaFX Application Thread] DEBUG GameApplicationServi - Removing overlay from FXGLMainMenuDummyScene and adding to FXGLLoadingScene
00:24:56.448 [JavaFX Application Thread] DEBUG MainWindow           - FXGLMainMenuDummyScene -> FXGLLoadingScene
00:24:56.449 [JavaFX Application Thread] DEBUG GameApplicationServi - Clearing previous game
00:24:56.449 [JavaFX Application Thread] DEBUG GameScene            - Clearing game scene
00:24:56.449 [JavaFX Application Thread] DEBUG GameWorld            - Clearing game world
00:24:56.450 [JavaFX Application Thread] DEBUG PhysicsWorld         - Clearing physics world
00:24:56.451 [FXGL Background Thread 1 ] DEBUG FXGLApplication      - Initializing game
00:24:56.463 [FXGL Background Thread 1 ] DEBUG FXGLAssetLoaderServi - Loading from file system: /assets/levels/Mappa-testing.tmx
00:24:56.504 [FXGL Background Thread 1 ] WARN  TMXLevelLoader       - TiledMap generated from 1.4.1. Supported version: 1.2.3. Some features may not be parsed fully.
00:24:56.546 [FXGL Background Thread 1 ] DEBUG TMXLevelLoader       - Parsed raw map: TiledMap(width=16, height=9, tilewidth=125, tileheight=125, orientation=orthogonal, layers=[Layer(width=16, height=9, name=Tile Layer 1, type=tilelayer, visible=false, x=0, y=0, data=[24, 24, 24, 26, 5, 28, 24, 24, 24, 24, 24, 26, 5, 28, 24, 24, 25, 25, 25, 32, 5, 34, 25, 25, 25, 25, 25, 32, 5, 34, 25, 25, 6, 6, 6, 6, 7, 6, 6, 6, 6, 6, 6, 6, 7, 6, 6, 6, 27, 27, 27, 33, 5, 21, 13, 13, 13, 13, 13, 19, 5, 35, 27, 27, 24, 24, 24, 26, 5, 14, 10, 10, 10, 10, 10, 12, 5, 28, 24, 24, 25, 25, 25, 32, 5, 20, 11, 11, 11, 11, 11, 18, 5, 34, 25, 25, 6, 6, 6, 6, 7, 6, 6, 6, 6, 6, 6, 6, 7, 6, 6, 6, 27, 27, 27, 33, 5, 35, 27, 27, 27, 27, 27, 33, 5, 35, 27, 27, 24, 24, 24, 26, 5, 28, 24, 24, 24, 24, 24, 26, 5, 28, 24, 24], objects=[], opacity=0.0, draworder=), Layer(width=0, height=0, name=spawnpoints, type=objectgroup, visible=false, x=0, y=0, data=[], objects=[com.almasb.fxgl.entity.level.tiled.TiledObject@5e269df4, com.almasb.fxgl.entity.level.tiled.TiledObject@647e8df, com.almasb.fxgl.entity.level.tiled.TiledObject@66efebfe, com.almasb.fxgl.entity.level.tiled.TiledObject@4244a0ed, com.almasb.fxgl.entity.level.tiled.TiledObject@28e75c6c, com.almasb.fxgl.entity.level.tiled.TiledObject@115f48bf, com.almasb.fxgl.entity.level.tiled.TiledObject@8f6f171, com.almasb.fxgl.entity.level.tiled.TiledObject@6fd26b4a], opacity=0.0, draworder=), Layer(width=0, height=0, name=paths, type=objectgroup, visible=false, x=0, y=0, data=[], objects=[com.almasb.fxgl.entity.level.tiled.TiledObject@7dc44ee0, com.almasb.fxgl.entity.level.tiled.TiledObject@16b5fb57, com.almasb.fxgl.entity.level.tiled.TiledObject@29f7ed89, com.almasb.fxgl.entity.level.tiled.TiledObject@55034bc6, com.almasb.fxgl.entity.level.tiled.TiledObject@a6facc8, com.almasb.fxgl.entity.level.tiled.TiledObject@33398191, com.almasb.fxgl.entity.level.tiled.TiledObject@25b4b9da, com.almasb.fxgl.entity.level.tiled.TiledObject@6a269bd1, com.almasb.fxgl.entity.level.tiled.TiledObject@1d5863b1, com.almasb.fxgl.entity.level.tiled.TiledObject@62924c82, com.almasb.fxgl.entity.level.tiled.TiledObject@62685363, com.almasb.fxgl.entity.level.tiled.TiledObject@3c4ea4ec, com.almasb.fxgl.entity.level.tiled.TiledObject@62550d3f, com.almasb.fxgl.entity.level.tiled.TiledObject@1253abab, com.almasb.fxgl.entity.level.tiled.TiledObject@320001c9, com.almasb.fxgl.entity.level.tiled.TiledObject@7b20aaa1, com.almasb.fxgl.entity.level.tiled.TiledObject@31d66c0f, com.almasb.fxgl.entity.level.tiled.TiledObject@3ed7876d, com.almasb.fxgl.entity.level.tiled.TiledObject@cebd737, com.almasb.fxgl.entity.level.tiled.TiledObject@72e011a9, com.almasb.fxgl.entity.level.tiled.TiledObject@7054adee, com.almasb.fxgl.entity.level.tiled.TiledObject@72bab066, com.almasb.fxgl.entity.level.tiled.TiledObject@203a9369, com.almasb.fxgl.entity.level.tiled.TiledObject@52a5a39e], opacity=0.0, draworder=), Layer(width=0, height=0, name=Incroci, type=objectgroup, visible=false, x=0, y=0, data=[], objects=[com.almasb.fxgl.entity.level.tiled.TiledObject@7cb5ff9, com.almasb.fxgl.entity.level.tiled.TiledObject@20d5f6e6, com.almasb.fxgl.entity.level.tiled.TiledObject@5480984e, com.almasb.fxgl.entity.level.tiled.TiledObject@2bc67813], opacity=0.0, draworder=), Layer(width=0, height=0, name=trafficLight, type=objectgroup, visible=false, x=0, y=0, data=[], objects=[com.almasb.fxgl.entity.level.tiled.TiledObject@762fce05, com.almasb.fxgl.entity.level.tiled.TiledObject@794264e0, com.almasb.fxgl.entity.level.tiled.TiledObject@2950c16e, com.almasb.fxgl.entity.level.tiled.TiledObject@31ce22b7, com.almasb.fxgl.entity.level.tiled.TiledObject@39998d6d, com.almasb.fxgl.entity.level.tiled.TiledObject@53969bda, com.almasb.fxgl.entity.level.tiled.TiledObject@7c626b77, com.almasb.fxgl.entity.level.tiled.TiledObject@3c7925d6, com.almasb.fxgl.entity.level.tiled.TiledObject@49fe25d1, com.almasb.fxgl.entity.level.tiled.TiledObject@2ed13f7f, com.almasb.fxgl.entity.level.tiled.TiledObject@4187c001, com.almasb.fxgl.entity.level.tiled.TiledObject@34a51a72, com.almasb.fxgl.entity.level.tiled.TiledObject@c4d719a, com.almasb.fxgl.entity.level.tiled.TiledObject@2b408dab, com.almasb.fxgl.entity.level.tiled.TiledObject@5438d70a, com.almasb.fxgl.entity.level.tiled.TiledObject@48d22175], opacity=0.0, draworder=)], tilesets=[Tileset(firstgid=1, image=../textures/rsz_tiles_sheet.png, name=rsz_tiles_sheet, tilewidth=125, tileheight=125, imagewidth=875, imageheight=750, margin=0, spacing=0, columns=7, tilecount=42, transparentcolor=41ffef, tiles=[])], backgroundcolor=, renderorder=left-up, nextobjectid=66, version=1, tiledversion=1.4.1, type=map, infinite=false, hexsidelength=0, staggeraxis=, staggerindex=, properties={}, propertytypes={})
00:24:56.549 [FXGL Background Thread 1 ] DEBUG TMXLevelLoader       - Creating tile layer entities
00:24:56.550 [FXGL Background Thread 1 ] DEBUG TilesetLoader        - Loading view for layer Tile Layer 1
00:24:56.603 [FXGL Background Thread 1 ] DEBUG TilesetLoader        - Created buffer with size 2000.0x1125.0
00:24:57.059 [FXGL Background Thread 1 ] DEBUG TilesetLoader        - Writing to buffer: dst=0,0, w=125,h=125, src=250,375
00:24:57.063 [FXGL Background Thread 1 ] DEBUG TilesetLoader        - Writing to buffer: dst=125,0, w=125,h=125, src=250,375
00:24:57.064 [FXGL Background Thread 1 ] DEBUG TilesetLoader        - Writing to buffer: dst=250,0, w=125,h=125, src=250,375
00:24:57.068 [FXGL Background Thread 1 ] DEBUG TilesetLoader        - Writing to buffer: dst=375,0, w=125,h=125, src=500,375
00:24:57.077 [FXGL Background Thread 1 ] DEBUG TilesetLoader        - Writing to buffer: dst=500,0, w=125,h=125, src=500,0
00:24:57.077 [FXGL Background Thread 1 ] DEBUG TilesetLoader        - Writing to buffer: dst=625,0, w=125,h=125, src=750,375
00:24:57.078 [FXGL Background Thread 1 ] DEBUG TilesetLoader        - Writing to buffer: dst=750,0, w=125,h=125, src=250,375
00:24:57.085 [FXGL Background Thread 1 ] DEBUG TilesetLoader        - Writing to buffer: dst=875,0, w=125,h=125, src=250,375
00:24:57.087 [FXGL Background Thread 1 ] DEBUG TilesetLoader        - Writing to buffer: dst=1000,0, w=125,h=125, src=250,375
00:24:57.088 [FXGL Background Thread 1 ] DEBUG TilesetLoader        - Writing to buffer: dst=1125,0, w=125,h=125, src=250,375
00:24:57.088 [FXGL Background Thread 1 ] DEBUG TilesetLoader        - Writing to buffer: dst=1250,0, w=125,h=125, src=250,375
00:24:57.096 [FXGL Background Thread 1 ] DEBUG TilesetLoader        - Writing to buffer: dst=1375,0, w=125,h=125, src=500,375
00:24:57.097 [FXGL Background Thread 1 ] DEBUG TilesetLoader        - Writing to buffer: dst=1500,0, w=125,h=125, src=500,0
00:24:57.098 [FXGL Background Thread 1 ] DEBUG TilesetLoader        - Writing to buffer: dst=1625,0, w=125,h=125, src=750,375
00:24:57.098 [FXGL Background Thread 1 ] DEBUG TilesetLoader        - Writing to buffer: dst=1750,0, w=125,h=125, src=250,375
00:24:57.099 [FXGL Background Thread 1 ] DEBUG TilesetLoader        - Writing to buffer: dst=1875,0, w=125,h=125, src=250,375
00:24:57.100 [FXGL Background Thread 1 ] DEBUG TilesetLoader        - Writing to buffer: dst=0,125, w=125,h=125, src=375,375
00:24:57.100 [FXGL Background Thread 1 ] DEBUG TilesetLoader        - Writing to buffer: dst=125,125, w=125,h=125, src=375,375
00:24:57.101 [FXGL Background Thread 1 ] DEBUG TilesetLoader        - Writing to buffer: dst=250,125, w=125,h=125, src=375,375
00:24:57.111 [FXGL Background Thread 1 ] DEBUG TilesetLoader        - Writing to buffer: dst=375,125, w=125,h=125, src=375,500
00:24:57.111 [FXGL Background Thread 1 ] DEBUG TilesetLoader        - Writing to buffer: dst=500,125, w=125,h=125, src=500,0
00:24:57.112 [FXGL Background Thread 1 ] DEBUG TilesetLoader        - Writing to buffer: dst=625,125, w=125,h=125, src=625,500
00:24:57.112 [FXGL Background Thread 1 ] DEBUG TilesetLoader        - Writing to buffer: dst=750,125, w=125,h=125, src=375,375
00:24:57.112 [FXGL Background Thread 1 ] DEBUG TilesetLoader        - Writing to buffer: dst=875,125, w=125,h=125, src=375,375
00:24:57.115 [FXGL Background Thread 1 ] DEBUG TilesetLoader        - Writing to buffer: dst=1000,125, w=125,h=125, src=375,375
00:24:57.115 [FXGL Background Thread 1 ] DEBUG TilesetLoader        - Writing to buffer: dst=1125,125, w=125,h=125, src=375,375
00:24:57.117 [FXGL Background Thread 1 ] DEBUG TilesetLoader        - Writing to buffer: dst=1250,125, w=125,h=125, src=375,375
00:24:57.118 [FXGL Background Thread 1 ] DEBUG TilesetLoader        - Writing to buffer: dst=1375,125, w=125,h=125, src=375,500
00:24:57.118 [FXGL Background Thread 1 ] DEBUG TilesetLoader        - Writing to buffer: dst=1500,125, w=125,h=125, src=500,0
00:24:57.118 [FXGL Background Thread 1 ] DEBUG TilesetLoader        - Writing to buffer: dst=1625,125, w=125,h=125, src=625,500
00:24:57.119 [FXGL Background Thread 1 ] DEBUG TilesetLoader        - Writing to buffer: dst=1750,125, w=125,h=125, src=375,375
00:24:57.119 [FXGL Background Thread 1 ] DEBUG TilesetLoader        - Writing to buffer: dst=1875,125, w=125,h=125, src=375,375
00:24:57.119 [FXGL Background Thread 1 ] DEBUG TilesetLoader        - Writing to buffer: dst=0,250, w=125,h=125, src=625,0
00:24:57.119 [FXGL Background Thread 1 ] DEBUG TilesetLoader        - Writing to buffer: dst=125,250, w=125,h=125, src=625,0
00:24:57.120 [FXGL Background Thread 1 ] DEBUG TilesetLoader        - Writing to buffer: dst=250,250, w=125,h=125, src=625,0
00:24:57.121 [FXGL Background Thread 1 ] DEBUG TilesetLoader        - Writing to buffer: dst=375,250, w=125,h=125, src=625,0
00:24:57.121 [FXGL Background Thread 1 ] DEBUG TilesetLoader        - Writing to buffer: dst=500,250, w=125,h=125, src=750,0
00:24:57.121 [FXGL Background Thread 1 ] DEBUG TilesetLoader        - Writing to buffer: dst=625,250, w=125,h=125, src=625,0
00:24:57.123 [FXGL Background Thread 1 ] DEBUG TilesetLoader        - Writing to buffer: dst=750,250, w=125,h=125, src=625,0
00:24:57.123 [FXGL Background Thread 1 ] DEBUG TilesetLoader        - Writing to buffer: dst=875,250, w=125,h=125, src=625,0
00:24:57.129 [FXGL Background Thread 1 ] DEBUG TilesetLoader        - Writing to buffer: dst=1000,250, w=125,h=125, src=625,0
00:24:57.130 [FXGL Background Thread 1 ] DEBUG TilesetLoader        - Writing to buffer: dst=1125,250, w=125,h=125, src=625,0
00:24:57.130 [FXGL Background Thread 1 ] DEBUG TilesetLoader        - Writing to buffer: dst=1250,250, w=125,h=125, src=625,0
00:24:57.130 [FXGL Background Thread 1 ] DEBUG TilesetLoader        - Writing to buffer: dst=1375,250, w=125,h=125, src=625,0
00:24:57.130 [FXGL Background Thread 1 ] DEBUG TilesetLoader        - Writing to buffer: dst=1500,250, w=125,h=125, src=750,0
00:24:57.130 [FXGL Background Thread 1 ] DEBUG TilesetLoader        - Writing to buffer: dst=1625,250, w=125,h=125, src=625,0
00:24:57.131 [FXGL Background Thread 1 ] DEBUG TilesetLoader        - Writing to buffer: dst=1750,250, w=125,h=125, src=625,0
00:24:57.131 [FXGL Background Thread 1 ] DEBUG TilesetLoader        - Writing to buffer: dst=1875,250, w=125,h=125, src=625,0
00:24:57.131 [FXGL Background Thread 1 ] DEBUG TilesetLoader        - Writing to buffer: dst=0,375, w=125,h=125, src=625,375
00:24:57.132 [FXGL Background Thread 1 ] DEBUG TilesetLoader        - Writing to buffer: dst=125,375, w=125,h=125, src=625,375
00:24:57.132 [FXGL Background Thread 1 ] DEBUG TilesetLoader        - Writing to buffer: dst=250,375, w=125,h=125, src=625,375
00:24:57.133 [FXGL Background Thread 1 ] DEBUG TilesetLoader        - Writing to buffer: dst=375,375, w=125,h=125, src=500,500
00:24:57.143 [FXGL Background Thread 1 ] DEBUG TilesetLoader        - Writing to buffer: dst=500,375, w=125,h=125, src=500,0
00:24:57.144 [FXGL Background Thread 1 ] DEBUG TilesetLoader        - Writing to buffer: dst=625,375, w=125,h=125, src=750,250
00:24:57.144 [FXGL Background Thread 1 ] DEBUG TilesetLoader        - Writing to buffer: dst=750,375, w=125,h=125, src=625,125
00:24:57.145 [FXGL Background Thread 1 ] DEBUG TilesetLoader        - Writing to buffer: dst=875,375, w=125,h=125, src=625,125
00:24:57.146 [FXGL Background Thread 1 ] DEBUG TilesetLoader        - Writing to buffer: dst=1000,375, w=125,h=125, src=625,125
00:24:57.146 [FXGL Background Thread 1 ] DEBUG TilesetLoader        - Writing to buffer: dst=1125,375, w=125,h=125, src=625,125
00:24:57.146 [FXGL Background Thread 1 ] DEBUG TilesetLoader        - Writing to buffer: dst=1250,375, w=125,h=125, src=625,125
00:24:57.146 [FXGL Background Thread 1 ] DEBUG TilesetLoader        - Writing to buffer: dst=1375,375, w=125,h=125, src=500,250
00:24:57.146 [FXGL Background Thread 1 ] DEBUG TilesetLoader        - Writing to buffer: dst=1500,375, w=125,h=125, src=500,0
00:24:57.148 [FXGL Background Thread 1 ] DEBUG TilesetLoader        - Writing to buffer: dst=1625,375, w=125,h=125, src=750,500
00:24:57.150 [FXGL Background Thread 1 ] DEBUG TilesetLoader        - Writing to buffer: dst=1750,375, w=125,h=125, src=625,375
00:24:57.150 [FXGL Background Thread 1 ] DEBUG TilesetLoader        - Writing to buffer: dst=1875,375, w=125,h=125, src=625,375
00:24:57.150 [FXGL Background Thread 1 ] DEBUG TilesetLoader        - Writing to buffer: dst=0,500, w=125,h=125, src=250,375
00:24:57.151 [FXGL Background Thread 1 ] DEBUG TilesetLoader        - Writing to buffer: dst=125,500, w=125,h=125, src=250,375
00:24:57.151 [FXGL Background Thread 1 ] DEBUG TilesetLoader        - Writing to buffer: dst=250,500, w=125,h=125, src=250,375
00:24:57.151 [FXGL Background Thread 1 ] DEBUG TilesetLoader        - Writing to buffer: dst=375,500, w=125,h=125, src=500,375
00:24:57.151 [FXGL Background Thread 1 ] DEBUG TilesetLoader        - Writing to buffer: dst=500,500, w=125,h=125, src=500,0
00:24:57.151 [FXGL Background Thread 1 ] DEBUG TilesetLoader        - Writing to buffer: dst=625,500, w=125,h=125, src=750,125
00:24:57.152 [FXGL Background Thread 1 ] DEBUG TilesetLoader        - Writing to buffer: dst=750,500, w=125,h=125, src=250,125
00:24:57.152 [FXGL Background Thread 1 ] DEBUG TilesetLoader        - Writing to buffer: dst=875,500, w=125,h=125, src=250,125
00:24:57.152 [FXGL Background Thread 1 ] DEBUG TilesetLoader        - Writing to buffer: dst=1000,500, w=125,h=125, src=250,125
00:24:57.152 [FXGL Background Thread 1 ] DEBUG TilesetLoader        - Writing to buffer: dst=1125,500, w=125,h=125, src=250,125
00:24:57.152 [FXGL Background Thread 1 ] DEBUG TilesetLoader        - Writing to buffer: dst=1250,500, w=125,h=125, src=250,125
00:24:57.153 [FXGL Background Thread 1 ] DEBUG TilesetLoader        - Writing to buffer: dst=1375,500, w=125,h=125, src=500,125
00:24:57.153 [FXGL Background Thread 1 ] DEBUG TilesetLoader        - Writing to buffer: dst=1500,500, w=125,h=125, src=500,0
00:24:57.153 [FXGL Background Thread 1 ] DEBUG TilesetLoader        - Writing to buffer: dst=1625,500, w=125,h=125, src=750,375
00:24:57.153 [FXGL Background Thread 1 ] DEBUG TilesetLoader        - Writing to buffer: dst=1750,500, w=125,h=125, src=250,375
00:24:57.153 [FXGL Background Thread 1 ] DEBUG TilesetLoader        - Writing to buffer: dst=1875,500, w=125,h=125, src=250,375
00:24:57.154 [FXGL Background Thread 1 ] DEBUG TilesetLoader        - Writing to buffer: dst=0,625, w=125,h=125, src=375,375
00:24:57.154 [FXGL Background Thread 1 ] DEBUG TilesetLoader        - Writing to buffer: dst=125,625, w=125,h=125, src=375,375
00:24:57.154 [FXGL Background Thread 1 ] DEBUG TilesetLoader        - Writing to buffer: dst=250,625, w=125,h=125, src=375,375
00:24:57.157 [FXGL Background Thread 1 ] DEBUG TilesetLoader        - Writing to buffer: dst=375,625, w=125,h=125, src=375,500
00:24:57.157 [FXGL Background Thread 1 ] DEBUG TilesetLoader        - Writing to buffer: dst=500,625, w=125,h=125, src=500,0
00:24:57.158 [FXGL Background Thread 1 ] DEBUG TilesetLoader        - Writing to buffer: dst=625,625, w=125,h=125, src=625,250
00:24:57.158 [FXGL Background Thread 1 ] DEBUG TilesetLoader        - Writing to buffer: dst=750,625, w=125,h=125, src=375,125
00:24:57.158 [FXGL Background Thread 1 ] DEBUG TilesetLoader        - Writing to buffer: dst=875,625, w=125,h=125, src=375,125
00:24:57.158 [FXGL Background Thread 1 ] DEBUG TilesetLoader        - Writing to buffer: dst=1000,625, w=125,h=125, src=375,125
00:24:57.159 [FXGL Background Thread 1 ] DEBUG TilesetLoader        - Writing to buffer: dst=1125,625, w=125,h=125, src=375,125
00:24:57.159 [FXGL Background Thread 1 ] DEBUG TilesetLoader        - Writing to buffer: dst=1250,625, w=125,h=125, src=375,125
00:24:57.160 [FXGL Background Thread 1 ] DEBUG TilesetLoader        - Writing to buffer: dst=1375,625, w=125,h=125, src=375,250
00:24:57.160 [FXGL Background Thread 1 ] DEBUG TilesetLoader        - Writing to buffer: dst=1500,625, w=125,h=125, src=500,0
00:24:57.160 [FXGL Background Thread 1 ] DEBUG TilesetLoader        - Writing to buffer: dst=1625,625, w=125,h=125, src=625,500
00:24:57.163 [FXGL Background Thread 1 ] DEBUG TilesetLoader        - Writing to buffer: dst=1750,625, w=125,h=125, src=375,375
00:24:57.163 [FXGL Background Thread 1 ] DEBUG TilesetLoader        - Writing to buffer: dst=1875,625, w=125,h=125, src=375,375
00:24:57.163 [FXGL Background Thread 1 ] DEBUG TilesetLoader        - Writing to buffer: dst=0,750, w=125,h=125, src=625,0
00:24:57.163 [FXGL Background Thread 1 ] DEBUG TilesetLoader        - Writing to buffer: dst=125,750, w=125,h=125, src=625,0
00:24:57.163 [FXGL Background Thread 1 ] DEBUG TilesetLoader        - Writing to buffer: dst=250,750, w=125,h=125, src=625,0
00:24:57.164 [FXGL Background Thread 1 ] DEBUG TilesetLoader        - Writing to buffer: dst=375,750, w=125,h=125, src=625,0
00:24:57.164 [FXGL Background Thread 1 ] DEBUG TilesetLoader        - Writing to buffer: dst=500,750, w=125,h=125, src=750,0
00:24:57.164 [FXGL Background Thread 1 ] DEBUG TilesetLoader        - Writing to buffer: dst=625,750, w=125,h=125, src=625,0
00:24:57.168 [FXGL Background Thread 1 ] DEBUG TilesetLoader        - Writing to buffer: dst=750,750, w=125,h=125, src=625,0
00:24:57.168 [FXGL Background Thread 1 ] DEBUG TilesetLoader        - Writing to buffer: dst=875,750, w=125,h=125, src=625,0
00:24:57.176 [FXGL Background Thread 1 ] DEBUG TilesetLoader        - Writing to buffer: dst=1000,750, w=125,h=125, src=625,0
00:24:57.176 [FXGL Background Thread 1 ] DEBUG TilesetLoader        - Writing to buffer: dst=1125,750, w=125,h=125, src=625,0
00:24:57.176 [FXGL Background Thread 1 ] DEBUG TilesetLoader        - Writing to buffer: dst=1250,750, w=125,h=125, src=625,0
00:24:57.177 [FXGL Background Thread 1 ] DEBUG TilesetLoader        - Writing to buffer: dst=1375,750, w=125,h=125, src=625,0
00:24:57.177 [FXGL Background Thread 1 ] DEBUG TilesetLoader        - Writing to buffer: dst=1500,750, w=125,h=125, src=750,0
00:24:57.177 [FXGL Background Thread 1 ] DEBUG TilesetLoader        - Writing to buffer: dst=1625,750, w=125,h=125, src=625,0
00:24:57.177 [FXGL Background Thread 1 ] DEBUG TilesetLoader        - Writing to buffer: dst=1750,750, w=125,h=125, src=625,0
00:24:57.177 [FXGL Background Thread 1 ] DEBUG TilesetLoader        - Writing to buffer: dst=1875,750, w=125,h=125, src=625,0
00:24:57.177 [FXGL Background Thread 1 ] DEBUG TilesetLoader        - Writing to buffer: dst=0,875, w=125,h=125, src=625,375
00:24:57.178 [FXGL Background Thread 1 ] DEBUG TilesetLoader        - Writing to buffer: dst=125,875, w=125,h=125, src=625,375
00:24:57.178 [FXGL Background Thread 1 ] DEBUG TilesetLoader        - Writing to buffer: dst=250,875, w=125,h=125, src=625,375
00:24:57.178 [FXGL Background Thread 1 ] DEBUG TilesetLoader        - Writing to buffer: dst=375,875, w=125,h=125, src=500,500
00:24:57.178 [FXGL Background Thread 1 ] DEBUG TilesetLoader        - Writing to buffer: dst=500,875, w=125,h=125, src=500,0
00:24:57.178 [FXGL Background Thread 1 ] DEBUG TilesetLoader        - Writing to buffer: dst=625,875, w=125,h=125, src=750,500
00:24:57.178 [FXGL Background Thread 1 ] DEBUG TilesetLoader        - Writing to buffer: dst=750,875, w=125,h=125, src=625,375
00:24:57.178 [FXGL Background Thread 1 ] DEBUG TilesetLoader        - Writing to buffer: dst=875,875, w=125,h=125, src=625,375
00:24:57.187 [FXGL Background Thread 1 ] DEBUG TilesetLoader        - Writing to buffer: dst=1000,875, w=125,h=125, src=625,375
00:24:57.187 [FXGL Background Thread 1 ] DEBUG TilesetLoader        - Writing to buffer: dst=1125,875, w=125,h=125, src=625,375
00:24:57.187 [FXGL Background Thread 1 ] DEBUG TilesetLoader        - Writing to buffer: dst=1250,875, w=125,h=125, src=625,375
00:24:57.187 [FXGL Background Thread 1 ] DEBUG TilesetLoader        - Writing to buffer: dst=1375,875, w=125,h=125, src=500,500
00:24:57.187 [FXGL Background Thread 1 ] DEBUG TilesetLoader        - Writing to buffer: dst=1500,875, w=125,h=125, src=500,0
00:24:57.188 [FXGL Background Thread 1 ] DEBUG TilesetLoader        - Writing to buffer: dst=1625,875, w=125,h=125, src=750,500
00:24:57.188 [FXGL Background Thread 1 ] DEBUG TilesetLoader        - Writing to buffer: dst=1750,875, w=125,h=125, src=625,375
00:24:57.193 [FXGL Background Thread 1 ] DEBUG TilesetLoader        - Writing to buffer: dst=1875,875, w=125,h=125, src=625,375
00:24:57.193 [FXGL Background Thread 1 ] DEBUG TilesetLoader        - Writing to buffer: dst=0,1000, w=125,h=125, src=250,375
00:24:57.193 [FXGL Background Thread 1 ] DEBUG TilesetLoader        - Writing to buffer: dst=125,1000, w=125,h=125, src=250,375
00:24:57.194 [FXGL Background Thread 1 ] DEBUG TilesetLoader        - Writing to buffer: dst=250,1000, w=125,h=125, src=250,375
00:24:57.194 [FXGL Background Thread 1 ] DEBUG TilesetLoader        - Writing to buffer: dst=375,1000, w=125,h=125, src=500,375
00:24:57.194 [FXGL Background Thread 1 ] DEBUG TilesetLoader        - Writing to buffer: dst=500,1000, w=125,h=125, src=500,0
00:24:57.194 [FXGL Background Thread 1 ] DEBUG TilesetLoader        - Writing to buffer: dst=625,1000, w=125,h=125, src=750,375
00:24:57.194 [FXGL Background Thread 1 ] DEBUG TilesetLoader        - Writing to buffer: dst=750,1000, w=125,h=125, src=250,375
00:24:57.194 [FXGL Background Thread 1 ] DEBUG TilesetLoader        - Writing to buffer: dst=875,1000, w=125,h=125, src=250,375
00:24:57.194 [FXGL Background Thread 1 ] DEBUG TilesetLoader        - Writing to buffer: dst=1000,1000, w=125,h=125, src=250,375
00:24:57.195 [FXGL Background Thread 1 ] DEBUG TilesetLoader        - Writing to buffer: dst=1125,1000, w=125,h=125, src=250,375
00:24:57.195 [FXGL Background Thread 1 ] DEBUG TilesetLoader        - Writing to buffer: dst=1250,1000, w=125,h=125, src=250,375
00:24:57.195 [FXGL Background Thread 1 ] DEBUG TilesetLoader        - Writing to buffer: dst=1375,1000, w=125,h=125, src=500,375
00:24:57.195 [FXGL Background Thread 1 ] DEBUG TilesetLoader        - Writing to buffer: dst=1500,1000, w=125,h=125, src=500,0
00:24:57.195 [FXGL Background Thread 1 ] DEBUG TilesetLoader        - Writing to buffer: dst=1625,1000, w=125,h=125, src=750,375
00:24:57.195 [FXGL Background Thread 1 ] DEBUG TilesetLoader        - Writing to buffer: dst=1750,1000, w=125,h=125, src=250,375
00:24:57.195 [FXGL Background Thread 1 ] DEBUG TilesetLoader        - Writing to buffer: dst=1875,1000, w=125,h=125, src=250,375
00:24:57.196 [FXGL Background Thread 1 ] DEBUG TMXLevelLoader       - Creating object layer entities
00:24:57.396 [FXGL Background Thread 1 ] DEBUG FXGLAssetLoaderServi - Loading from file system: /assets/textures/semaforoRosso-01.png
00:24:57.406 [FXGL Background Thread 1 ] DEBUG FXGLAssetLoaderServi - Loading from file system: /assets/textures/semaforoVerde-01.png
00:24:57.417 [FXGL Background Thread 1 ] DEBUG FXGLAssetLoaderServi - Loading from cache: /assets/textures/semaforoRosso-01.png
00:24:57.417 [FXGL Background Thread 1 ] DEBUG FXGLAssetLoaderServi - Loading from cache: /assets/textures/semaforoVerde-01.png
00:24:57.421 [FXGL Background Thread 1 ] DEBUG FXGLAssetLoaderServi - Loading from cache: /assets/textures/semaforoRosso-01.png
00:24:57.421 [FXGL Background Thread 1 ] DEBUG FXGLAssetLoaderServi - Loading from cache: /assets/textures/semaforoVerde-01.png
00:24:57.422 [FXGL Background Thread 1 ] DEBUG FXGLAssetLoaderServi - Loading from cache: /assets/textures/semaforoRosso-01.png
00:24:57.423 [FXGL Background Thread 1 ] DEBUG FXGLAssetLoaderServi - Loading from cache: /assets/textures/semaforoVerde-01.png
00:24:57.423 [FXGL Background Thread 1 ] DEBUG FXGLAssetLoaderServi - Loading from file system: /assets/textures/semaforoRosso-04.png
00:24:57.429 [FXGL Background Thread 1 ] DEBUG FXGLAssetLoaderServi - Loading from file system: /assets/textures/semaforoVerde-04.png
00:24:57.435 [FXGL Background Thread 1 ] DEBUG FXGLAssetLoaderServi - Loading from cache: /assets/textures/semaforoRosso-04.png
00:24:57.436 [FXGL Background Thread 1 ] DEBUG FXGLAssetLoaderServi - Loading from cache: /assets/textures/semaforoVerde-04.png
00:24:57.437 [FXGL Background Thread 1 ] DEBUG FXGLAssetLoaderServi - Loading from cache: /assets/textures/semaforoRosso-04.png
00:24:57.438 [FXGL Background Thread 1 ] DEBUG FXGLAssetLoaderServi - Loading from cache: /assets/textures/semaforoVerde-04.png
00:24:57.439 [FXGL Background Thread 1 ] DEBUG FXGLAssetLoaderServi - Loading from cache: /assets/textures/semaforoRosso-04.png
00:24:57.440 [FXGL Background Thread 1 ] DEBUG FXGLAssetLoaderServi - Loading from cache: /assets/textures/semaforoVerde-04.png
00:24:57.448 [FXGL Background Thread 1 ] DEBUG FXGLAssetLoaderServi - Loading from file system: /assets/textures/semaforoRosso-03.png
00:24:57.452 [FXGL Background Thread 1 ] DEBUG FXGLAssetLoaderServi - Loading from file system: /assets/textures/semaforoVerde-03.png
00:24:57.475 [FXGL Background Thread 1 ] DEBUG FXGLAssetLoaderServi - Loading from cache: /assets/textures/semaforoRosso-03.png
00:24:57.478 [FXGL Background Thread 1 ] DEBUG FXGLAssetLoaderServi - Loading from cache: /assets/textures/semaforoVerde-03.png
00:24:57.484 [FXGL Background Thread 1 ] DEBUG FXGLAssetLoaderServi - Loading from cache: /assets/textures/semaforoRosso-03.png
00:24:57.484 [FXGL Background Thread 1 ] DEBUG FXGLAssetLoaderServi - Loading from cache: /assets/textures/semaforoVerde-03.png
00:24:57.489 [FXGL Background Thread 1 ] DEBUG FXGLAssetLoaderServi - Loading from cache: /assets/textures/semaforoRosso-03.png
00:24:57.495 [FXGL Background Thread 1 ] DEBUG FXGLAssetLoaderServi - Loading from cache: /assets/textures/semaforoVerde-03.png
00:24:57.499 [FXGL Background Thread 1 ] DEBUG FXGLAssetLoaderServi - Loading from file system: /assets/textures/semaforoRosso-02.png
00:24:57.503 [FXGL Background Thread 1 ] DEBUG FXGLAssetLoaderServi - Loading from file system: /assets/textures/semaforoVerde-02.png
00:24:57.506 [FXGL Background Thread 1 ] DEBUG FXGLAssetLoaderServi - Loading from cache: /assets/textures/semaforoRosso-02.png
00:24:57.506 [FXGL Background Thread 1 ] DEBUG FXGLAssetLoaderServi - Loading from cache: /assets/textures/semaforoVerde-02.png
00:24:57.512 [FXGL Background Thread 1 ] DEBUG FXGLAssetLoaderServi - Loading from cache: /assets/textures/semaforoRosso-02.png
00:24:57.513 [FXGL Background Thread 1 ] DEBUG FXGLAssetLoaderServi - Loading from cache: /assets/textures/semaforoVerde-02.png
00:24:57.515 [FXGL Background Thread 1 ] DEBUG FXGLAssetLoaderServi - Loading from cache: /assets/textures/semaforoRosso-02.png
00:24:57.515 [FXGL Background Thread 1 ] DEBUG FXGLAssetLoaderServi - Loading from cache: /assets/textures/semaforoVerde-02.png
00:24:57.516 [FXGL Background Thread 1 ] DEBUG GameWorld            - Clearing removable entities
00:24:57.517 [FXGL Background Thread 1 ] DEBUG GameWorld            - Setting level: com.almasb.fxgl.entity.level.Level@11a66820
00:24:57.540 [FXGL Background Thread 1 ] DEBUG FXGLAssetLoaderServi - Loading from file system: /assets/textures/pointer-sprite.png
00:24:57.625 [FXGL Background Thread 1 ] INFO  FXGLApplication      - Game initialization took: 1,174 sec
00:24:57.628 [JavaFX Application Thread] DEBUG Input                - Clearing active input actions
00:24:57.642 [JavaFX Application Thread] DEBUG GameApplicationServi - Removing overlay from FXGLLoadingScene and adding to GameScene
00:24:57.647 [JavaFX Application Thread] DEBUG MainWindow           - FXGLLoadingScene -> GameScene
00:24:58.044 [FXGL Background Thread 3 ] DEBUG Engine               - Logging environment variables
00:24:58.045 [FXGL Background Thread 3 ] DEBUG Engine               - achievements: []
00:24:58.045 [FXGL Background Thread 3 ] DEBUG Engine               - appIcon: fxgl_icon.png
00:24:58.045 [FXGL Background Thread 3 ] DEBUG Engine               - applicationMode: DEVELOPER
00:24:58.045 [FXGL Background Thread 3 ] DEBUG Engine               - cSSList: [fxgl_dark.css]
00:24:58.046 [FXGL Background Thread 3 ] DEBUG Engine               - configClass: Optional.empty
00:24:58.046 [FXGL Background Thread 3 ] DEBUG Engine               - credits: []
00:24:58.046 [FXGL Background Thread 3 ] DEBUG Engine               - devBBoxColorProperty: ObjectProperty [value: 0xff0000ff]
00:24:58.046 [FXGL Background Thread 3 ] DEBUG Engine               - devEnableDebugCameraProperty: BooleanProperty [value: false]
00:24:58.046 [FXGL Background Thread 3 ] DEBUG Engine               - devSensorColorProperty: ObjectProperty [value: 0xffff00ff]
00:24:58.046 [FXGL Background Thread 3 ] DEBUG Engine               - devShowBBoxProperty: BooleanProperty [value: false]
00:24:58.046 [FXGL Background Thread 3 ] DEBUG Engine               - devShowPositionProperty: BooleanProperty [value: false]
00:24:58.047 [FXGL Background Thread 3 ] DEBUG Engine               - enabledMenuItems: [SAVE_LOAD, EXTRA, ONLINE]
00:24:58.047 [FXGL Background Thread 3 ] DEBUG Engine               - engineServices: [class com.almasb.fxgl.app.FXGLApplication$GameApplicationService, class com.almasb.fxgl.app.services.FXGLDialogService, class com.almasb.fxgl.app.services.IOTaskExecutorService, class com.almasb.fxgl.event.EventBusService, class com.almasb.fxgl.io.FileSystemService, class com.almasb.fxgl.localization.LocalizationService, class com.almasb.fxgl.app.services.FXGLAssetLoaderService, class com.almasb.fxgl.app.services.SystemBundleService, class com.almasb.fxgl.profile.SaveLoadService, class com.almasb.fxgl.ui.FXGLUIFactoryServiceProvider, class com.almasb.fxgl.ui.FXGLDialogFactoryServiceProvider, class com.almasb.fxgl.audio.AudioPlayer, class com.almasb.fxgl.notification.impl.NotificationServiceProvider, class com.almasb.fxgl.achievement.AchievementService, class com.almasb.fxgl.cutscene.CutsceneService, class com.almasb.fxgl.minigames.MiniGameService, class com.almasb.fxgl.net.NetService, class com.almasb.fxgl.app.services.UpdaterService, class com.almasb.fxgl.dev.DevService]
00:24:58.047 [FXGL Background Thread 3 ] DEBUG Engine               - fontGame: Abel-Regular.ttf
00:24:58.047 [FXGL Background Thread 3 ] DEBUG Engine               - fontMono: lucida_console.ttf
00:24:58.047 [FXGL Background Thread 3 ] DEBUG Engine               - fontText: Courier-Prime.ttf
00:24:58.047 [FXGL Background Thread 3 ] DEBUG Engine               - fontUI: VarelaRound-Regular.ttf
00:24:58.047 [FXGL Background Thread 3 ] DEBUG Engine               - fullScreen: BooleanProperty [value: false]
00:24:58.047 [FXGL Background Thread 3 ] DEBUG Engine               - gameDifficulty: MEDIUM
00:24:58.048 [FXGL Background Thread 3 ] DEBUG Engine               - gameDifficultyProperty: ObjectProperty [value: MEDIUM]
00:24:58.048 [FXGL Background Thread 3 ] DEBUG Engine               - globalMusicVolume: 0.5
00:24:58.048 [FXGL Background Thread 3 ] DEBUG Engine               - globalMusicVolumeProperty: DoubleProperty [value: 0.5]
00:24:58.048 [FXGL Background Thread 3 ] DEBUG Engine               - globalSoundVolume: 0.5
00:24:58.048 [FXGL Background Thread 3 ] DEBUG Engine               - globalSoundVolumeProperty: DoubleProperty [value: 0.5]
00:24:58.048 [FXGL Background Thread 3 ] DEBUG Engine               - height: 1125
00:24:58.048 [FXGL Background Thread 3 ] DEBUG Engine               - isAndroid: false
00:24:58.048 [FXGL Background Thread 3 ] DEBUG Engine               - isBrowser: false
00:24:58.048 [FXGL Background Thread 3 ] DEBUG Engine               - isClickFeedbackEnabled: false
00:24:58.049 [FXGL Background Thread 3 ] DEBUG Engine               - isCloseConfirmation: false
00:24:58.049 [FXGL Background Thread 3 ] DEBUG Engine               - isDesktop: true
00:24:58.049 [FXGL Background Thread 3 ] DEBUG Engine               - isDeveloperMenuEnabled: true
00:24:58.049 [FXGL Background Thread 3 ] DEBUG Engine               - isEntityPreloadEnabled: true
00:24:58.050 [FXGL Background Thread 3 ] DEBUG Engine               - isExperimentalNative: false
00:24:58.050 [FXGL Background Thread 3 ] DEBUG Engine               - isExperimentalTiledLargeMap: false
00:24:58.050 [FXGL Background Thread 3 ] DEBUG Engine               - isFileSystemWriteAllowed: true
00:24:58.050 [FXGL Background Thread 3 ] DEBUG Engine               - isFullScreenAllowed: false
00:24:58.051 [FXGL Background Thread 3 ] DEBUG Engine               - isFullScreenFromStart: false
00:24:58.051 [FXGL Background Thread 3 ] DEBUG Engine               - isGameMenuEnabled: true
00:24:58.051 [FXGL Background Thread 3 ] DEBUG Engine               - isIOS: false
00:24:58.051 [FXGL Background Thread 3 ] DEBUG Engine               - isIntroEnabled: false
00:24:58.051 [FXGL Background Thread 3 ] DEBUG Engine               - isLinux: false
00:24:58.051 [FXGL Background Thread 3 ] DEBUG Engine               - isMac: true
00:24:58.051 [FXGL Background Thread 3 ] DEBUG Engine               - isMainMenuEnabled: true
00:24:58.051 [FXGL Background Thread 3 ] DEBUG Engine               - isManualResizeEnabled: true
00:24:58.051 [FXGL Background Thread 3 ] DEBUG Engine               - isMobile: false
00:24:58.051 [FXGL Background Thread 3 ] DEBUG Engine               - isPreserveResizeRatio: true
00:24:58.052 [FXGL Background Thread 3 ] DEBUG Engine               - isProfilingEnabled: false
00:24:58.052 [FXGL Background Thread 3 ] DEBUG Engine               - isSingleStep: false
00:24:58.052 [FXGL Background Thread 3 ] DEBUG Engine               - isUserProfileEnabled: false
00:24:58.052 [FXGL Background Thread 3 ] DEBUG Engine               - isWindows: false
00:24:58.052 [FXGL Background Thread 3 ] DEBUG Engine               - language: ObjectProperty [value: ENGLISH]
00:24:58.052 [FXGL Background Thread 3 ] DEBUG Engine               - menuKey: ESCAPE
00:24:58.052 [FXGL Background Thread 3 ] DEBUG Engine               - notificationViewClass: class com.almasb.fxgl.notification.view.XboxNotificationView
00:24:58.052 [FXGL Background Thread 3 ] DEBUG Engine               - pixelsPerMeter: 50.0
00:24:58.052 [FXGL Background Thread 3 ] DEBUG Engine               - platform: MAC
00:24:58.052 [FXGL Background Thread 3 ] DEBUG Engine               - profileDir: profiles/
00:24:58.053 [FXGL Background Thread 3 ] DEBUG Engine               - profileName: StringProperty [value: DEFAULT]
00:24:58.053 [FXGL Background Thread 3 ] DEBUG Engine               - randomSeed: -1
00:24:58.053 [FXGL Background Thread 3 ] DEBUG Engine               - runtimeInfo: RuntimeInfo(platform=MAC, version=dev-SNAPSHOT, build=06.09.2020 16.28)
00:24:58.053 [FXGL Background Thread 3 ] DEBUG Engine               - saveFileExt: sav
00:24:58.053 [FXGL Background Thread 3 ] DEBUG Engine               - sceneFactory: it.uniroma1.metodologie.trafficGame.TrafficApp$1@163fa9e
00:24:58.053 [FXGL Background Thread 3 ] DEBUG Engine               - secondsIn24h: 60
00:24:58.053 [FXGL Background Thread 3 ] DEBUG Engine               - soundMenuBack: menu/back.wav
00:24:58.053 [FXGL Background Thread 3 ] DEBUG Engine               - soundMenuPress: menu/press.wav
00:24:58.054 [FXGL Background Thread 3 ] DEBUG Engine               - soundMenuSelect: menu/select.wav
00:24:58.054 [FXGL Background Thread 3 ] DEBUG Engine               - soundNotification: core/notification.wav
00:24:58.054 [FXGL Background Thread 3 ] DEBUG Engine               - stageStyle: DECORATED
00:24:58.054 [FXGL Background Thread 3 ] DEBUG Engine               - supportedLanguages: [ENGLISH, FRENCH, GERMAN, HUNGARIAN, RUSSIAN]
00:24:58.054 [FXGL Background Thread 3 ] DEBUG Engine               - title: Traffic
00:24:58.054 [FXGL Background Thread 3 ] DEBUG Engine               - urlGithub: https://github.com/AlmasB/FXGL
00:24:58.054 [FXGL Background Thread 3 ] DEBUG Engine               - urlLeaderboard: http://fxgl-top.herokuapp.com/
00:24:58.054 [FXGL Background Thread 3 ] DEBUG Engine               - urlPOM: https://raw.githubusercontent.com/AlmasB/FXGL/master/pom.xml
00:24:58.054 [FXGL Background Thread 3 ] DEBUG Engine               - version: Alpha 1.0
00:24:58.054 [FXGL Background Thread 3 ] DEBUG Engine               - versionCheckDays: 7
00:24:58.055 [FXGL Background Thread 3 ] DEBUG Engine               - width: 2000
00:24:58.055 [FXGL Background Thread 3 ] DEBUG Engine               - Logging services
00:24:58.055 [FXGL Background Thread 3 ] DEBUG Engine               - class com.almasb.fxgl.app.FXGLApplication$GameApplicationService
00:24:58.055 [FXGL Background Thread 3 ] DEBUG Engine               - class com.almasb.fxgl.app.services.FXGLDialogService
00:24:58.055 [FXGL Background Thread 3 ] DEBUG Engine               - class com.almasb.fxgl.app.services.IOTaskExecutorService
00:24:58.055 [FXGL Background Thread 3 ] DEBUG Engine               - class com.almasb.fxgl.event.EventBusService
00:24:58.055 [FXGL Background Thread 3 ] DEBUG Engine               - class com.almasb.fxgl.io.FileSystemService
00:24:58.055 [FXGL Background Thread 3 ] DEBUG Engine               - class com.almasb.fxgl.localization.LocalizationService
00:24:58.055 [FXGL Background Thread 3 ] DEBUG Engine               - class com.almasb.fxgl.app.services.FXGLAssetLoaderService
00:24:58.055 [FXGL Background Thread 3 ] DEBUG Engine               - class com.almasb.fxgl.app.services.SystemBundleService
00:24:58.056 [FXGL Background Thread 3 ] DEBUG Engine               - class com.almasb.fxgl.profile.SaveLoadService
00:24:58.056 [FXGL Background Thread 3 ] DEBUG Engine               - class com.almasb.fxgl.ui.FXGLUIFactoryServiceProvider
00:24:58.056 [FXGL Background Thread 3 ] DEBUG Engine               - class com.almasb.fxgl.ui.FXGLDialogFactoryServiceProvider
00:24:58.056 [FXGL Background Thread 3 ] DEBUG Engine               - class com.almasb.fxgl.audio.AudioPlayer
00:24:58.056 [FXGL Background Thread 3 ] DEBUG Engine               - class com.almasb.fxgl.notification.impl.NotificationServiceProvider
00:24:58.056 [FXGL Background Thread 3 ] DEBUG Engine               - class com.almasb.fxgl.achievement.AchievementService
00:24:58.056 [FXGL Background Thread 3 ] DEBUG Engine               - class com.almasb.fxgl.cutscene.CutsceneService
00:24:58.056 [FXGL Background Thread 3 ] DEBUG Engine               - class com.almasb.fxgl.minigames.MiniGameService
00:24:58.056 [FXGL Background Thread 3 ] DEBUG Engine               - class com.almasb.fxgl.net.NetService
00:24:58.057 [FXGL Background Thread 3 ] DEBUG Engine               - class com.almasb.fxgl.app.services.UpdaterService
00:24:58.057 [FXGL Background Thread 3 ] DEBUG Engine               - class com.almasb.fxgl.dev.DevService
00:25:29.849 [JavaFX Application Thread] DEBUG FXGLApplication      - Exiting FXGL
00:25:29.850 [JavaFX Application Thread] DEBUG LoopRunner           - Stopping loop
00:25:29.850 [JavaFX Application Thread] DEBUG SystemBundleService  - Saving FXGL system data
00:25:29.852 [JavaFX Application Thread] DEBUG FileSystemAccess     - Writing to: /Users/universita/Desktop/ProgettoJava/traffic-mobile/system/fxgl.bundle
00:25:29.855 [JavaFX Application Thread] DEBUG Async                - Shutting down background threads
00:25:29.855 [JavaFX Application Thread] DEBUG MainWindow           - Closing main window
00:25:29.874 [JavaFX Application Thread] DEBUG Logger               - Closing Logger
