15:31:06.484 [main                     ] DEBUG Logger               - Configured Logger
15:31:06.528 [main                     ] DEBUG GameApplication      - Logging settings
Title: Traffic
Version: Alpha 1.0
Width: 2500
Height: 1750
Fullscreen: false
Intro: false
Profiling: true
Single step:false
App Mode: DEVELOPER
Menu Key: ESCAPE
Stage Style: DECORATED
Scene Factory: class it.uniroma1.metodologie.trafficGame.TrafficApp$1

15:31:07.680 [JavaFX Application Thread] DEBUG FXGLApplication      - Initializing FXGL
15:31:07.689 [JavaFX Application Thread] INFO  Engine               - FXGL-dev-SNAPSHOT (03.09.2020 12.08) on MAC (J:14.0.1 FX:14)
15:31:07.689 [JavaFX Application Thread] DEBUG Engine               - JRE Vendor Name: Oracle Corporation
15:31:07.690 [JavaFX Application Thread] DEBUG Engine               - Running on OS: Mac OS X version 10.15.6
15:31:07.690 [JavaFX Application Thread] DEBUG Engine               - Architecture: x86_64
15:31:07.690 [JavaFX Application Thread] INFO  Engine               - Source code and latest versions at: https://github.com/AlmasB/FXGL
15:31:07.691 [JavaFX Application Thread] INFO  Engine               -              Join the FXGL chat at: https://gitter.im/AlmasB/FXGL
15:31:07.866 [JavaFX Application Thread] DEBUG MainWindow           - Creating a JavaFX scene
15:31:07.867 [JavaFX Application Thread] DEBUG MainWindow           - Target size > screen size
15:31:07.940 [JavaFX Application Thread] DEBUG MainWindow           - Target settings size: 2500.0 x 1750.0
15:31:07.940 [JavaFX Application Thread] DEBUG MainWindow           - Scaled scene size:    1422.0 x 1012.0
15:31:07.941 [JavaFX Application Thread] DEBUG MainWindow           - Scaled ratio: (0.5688, 0.5782857142857143)
15:31:07.942 [JavaFX Application Thread] DEBUG MainWindow           - Set initial scene to StartupScene
15:31:07.949 [JavaFX Application Thread] DEBUG MainWindow           - Opening main window
15:31:08.205 [JavaFX Application Thread] DEBUG MainWindow           - Window border size: (0.0, 1.0)
15:31:08.206 [JavaFX Application Thread] DEBUG MainWindow           - Scaled size: 1422.0 x 1012.0
15:31:08.207 [JavaFX Application Thread] DEBUG MainWindow           - Scaled ratio: (0.5688, 0.5688)
15:31:08.209 [JavaFX Application Thread] DEBUG MainWindow           - Scene size: 1422.0 x 1012.0
15:31:08.209 [JavaFX Application Thread] DEBUG MainWindow           - Stage size: 1422.0 x 1013.0
15:31:08.228 [FXGL Background Thread 1 ] DEBUG Engine               - Initializing environment variables
15:31:08.256 [FXGL Background Thread 1 ] DEBUG GameApplicationServi - Applying CSS: fxgl_dark.css
15:31:08.257 [FXGL Background Thread 1 ] DEBUG FXGLAssetLoaderServi - Loading from file system: /assets/ui/css/fxgl_dark.css
15:31:08.351 [FXGL Background Thread 1 ] DEBUG GameApplicationServi - Initializing application scenes
15:31:08.764 [FXGL Background Thread 1 ] DEBUG GameWorld            - Game world initialized
15:31:08.899 [FXGL Background Thread 1 ] DEBUG PhysicsWorld         - Physics world initialized: appHeight=1750, physics.ppm=50,0
15:31:08.901 [FXGL Background Thread 1 ] DEBUG GameScene            - Game scene initialized: 2500x1750
15:31:08.921 [FXGL Background Thread 1 ] DEBUG FXGLAssetLoaderServi - Loading from file system: /assets/textures/bg.jpg
15:31:09.958 [FXGL Background Thread 1 ] DEBUG FXGLAssetLoaderServi - Loading from file system: /assets/textures/logo.png
15:31:10.297 [FXGL Background Thread 1 ] DEBUG FXGLAssetLoaderServi - Loading from file system: /assets/textures/particles/trace_horizontal.png
15:31:10.393 [FXGL Background Thread 1 ] DEBUG FXGL.DefaultMenu     - createMenuBodyGameMenu()
15:31:10.423 [FXGL Background Thread 1 ] DEBUG FXGL.DefaultMenu     - createOptionsMenu()
15:31:10.430 [FXGL Background Thread 1 ] DEBUG FXGLAssetLoaderServi - Loading from file system: /assets/textures/particles/smoke.png
15:31:10.659 [FXGL Background Thread 1 ] DEBUG GameApplicationServi - Application scenes initialized
15:31:10.688 [FXGL Background Thread 1 ] DEBUG SystemBundleService  - Loading FXGL system data
15:31:10.695 [FXGL Background Thread 1 ] DEBUG FileSystemAccess     - Reading from: /Users/universita/Desktop/ProgettoJava/Drop/system/fxgl.bundle
15:31:10.717 [FXGL Background Thread 1 ] DEBUG SystemBundleService  - Bundle FXGL: {}
15:31:10.718 [FXGL Background Thread 1 ] DEBUG UpdaterService       - Checking for updates
15:31:10.760 [FXGL Background Thread 4 ] DEBUG FXGLApplication      - Loading fonts
15:31:10.760 [FXGL Background Thread 4 ] DEBUG FXGLAssetLoaderServi - Loading from file system: /assets/ui/fonts/VarelaRound-Regular.ttf
15:31:10.761 [FXGL Background Thread 1 ] DEBUG FXGLApplication      - Loading default localization
15:31:10.761 [FXGL Background Thread 1 ] DEBUG FXGLAssetLoaderServi - Loading from file system: /assets/languages/english.lang
15:31:10.856 [FXGL Background Thread 1 ] INFO  FXGLApplication      - FXGL initialization took: 2,628 sec
15:31:10.862 [FXGL Background Thread 4 ] DEBUG FXGLAssetLoaderServi - Loading from file system: /assets/ui/fonts/Abel-Regular.ttf
15:31:10.865 [FXGL Background Thread 4 ] DEBUG FXGLAssetLoaderServi - Loading from file system: /assets/ui/fonts/lucida_console.ttf
15:31:10.872 [JavaFX Application Thread] DEBUG Input                - Registered new binding: Change trafficlight status - F
15:31:10.873 [JavaFX Application Thread] DEBUG Input                - Registered new binding: Select and change traffic light - LMB
15:31:10.874 [JavaFX Application Thread] DEBUG Input                - Registered new binding: Move Right - D
15:31:10.874 [JavaFX Application Thread] DEBUG Input                - Registered new binding: Move Left - A
15:31:10.875 [JavaFX Application Thread] DEBUG Input                - Registered new binding: Move Up - W
15:31:10.876 [JavaFX Application Thread] DEBUG Input                - Registered new binding: Move Down - S
15:31:10.876 [JavaFX Application Thread] DEBUG Input                - Registered new binding: Spawn Car - Space
15:31:10.876 [JavaFX Application Thread] DEBUG FXGLAssetLoaderServi - Loading from file system: /assets/textures/fxgl_icon.png
15:31:10.882 [FXGL Background Thread 4 ] DEBUG FXGLAssetLoaderServi - Loading from file system: /assets/ui/fonts/Courier-Prime.ttf
15:31:10.899 [JavaFX Application Thread] DEBUG FXGLAssetLoaderServi - Loading from file system: /assets/ui/cursors/fxgl_default.png
15:31:10.901 [JavaFX Application Thread] DEBUG Input                - Registered new binding: Screenshot - P
15:31:10.902 [JavaFX Application Thread] DEBUG Input                - Registered new binding: Dev Options - 1
15:31:10.902 [JavaFX Application Thread] DEBUG Input                - Registered new binding: Dev Console - 2
15:31:10.903 [JavaFX Application Thread] DEBUG Input                - Registered new binding: System info dump - CTRL+9
15:31:10.904 [JavaFX Application Thread] DEBUG Input                - Registered new binding: Restart - CTRL+R
15:31:10.905 [JavaFX Application Thread] DEBUG Input                - Registered new binding: Toggle Debug Camera - CTRL+C
15:31:10.909 [JavaFX Application Thread] DEBUG LoopRunner           - Starting loop
15:31:10.957 [JavaFX Application Thread] DEBUG Input                - Clearing active input actions
15:31:10.969 [JavaFX Application Thread] DEBUG GameApplicationServi - Removing overlay from StartupScene and adding to FXGLMainMenuDummyScene
15:31:11.009 [JavaFX Application Thread] DEBUG MainWindow           - StartupScene -> FXGLMainMenuDummyScene
15:31:11.009 [JavaFX Application Thread] DEBUG MainWindow           - Push state: TrafficAppMenu
15:31:11.010 [JavaFX Application Thread] DEBUG Input                - Clearing active input actions
15:31:11.014 [JavaFX Application Thread] DEBUG GameApplicationServi - Removing overlay from FXGLMainMenuDummyScene and adding to TrafficAppMenu
15:31:11.015 [JavaFX Application Thread] DEBUG MainWindow           - FXGLMainMenuDummyScene -> TrafficAppMenu
15:31:11.027 [JavaFX Application Thread] DEBUG FXGLApplication      - Registering font factories with UI factory
15:31:12.369 [FXGL Background Thread 2 ] INFO  UpdaterService       - Your current version:  dev-SNAPSHOT
15:31:12.370 [FXGL Background Thread 2 ] INFO  UpdaterService       - Latest stable version: 11.10
15:31:13.257 [JavaFX Application Thread] DEBUG Menu                 - fireNewGame()
15:31:13.258 [JavaFX Application Thread] DEBUG GameApplicationServi - Starting new game
15:31:13.258 [JavaFX Application Thread] DEBUG MainWindow           - Pop state: TrafficAppMenu
15:31:13.258 [JavaFX Application Thread] DEBUG Input                - Clearing active input actions
15:31:13.260 [JavaFX Application Thread] DEBUG GameApplicationServi - Removing overlay from TrafficAppMenu and adding to FXGLMainMenuDummyScene
15:31:13.274 [JavaFX Application Thread] DEBUG MainWindow           - FXGLMainMenuDummyScene <- TrafficAppMenu
15:31:13.275 [JavaFX Application Thread] DEBUG Input                - Clearing active input actions
15:31:13.284 [JavaFX Application Thread] DEBUG GameApplicationServi - Removing overlay from FXGLMainMenuDummyScene and adding to FXGLLoadingScene
15:31:13.285 [JavaFX Application Thread] DEBUG MainWindow           - FXGLMainMenuDummyScene -> FXGLLoadingScene
15:31:13.285 [JavaFX Application Thread] DEBUG GameApplicationServi - Clearing previous game
15:31:13.285 [JavaFX Application Thread] DEBUG GameScene            - Clearing game scene
15:31:13.286 [JavaFX Application Thread] DEBUG GameWorld            - Clearing game world
15:31:13.286 [JavaFX Application Thread] DEBUG PhysicsWorld         - Clearing physics world
15:31:13.287 [FXGL Background Thread 2 ] DEBUG FXGLApplication      - Initializing game
15:31:13.299 [FXGL Background Thread 2 ] DEBUG FXGLAssetLoaderServi - Loading from file system: /assets/levels/level02.tmx
15:31:13.330 [FXGL Background Thread 2 ] WARN  TMXLevelLoader       - TiledMap generated from 1.4.1. Supported version: 1.2.3. Some features may not be parsed fully.
15:31:13.364 [FXGL Background Thread 2 ] DEBUG TMXLevelLoader       - Parsed raw map: TiledMap(width=10, height=7, tilewidth=250, tileheight=250, orientation=orthogonal, layers=[Layer(width=10, height=7, name=bg, type=tilelayer, visible=false, x=0, y=0, data=[84, 67, 84, 67, 30, 47, 34, 83, 80, 83, 48, 48, 48, 45, 48, 43, 48, 48, 45, 48, 69, 69, 75, 47, 77, 69, 69, 75, 47, 82, 67, 67, 74, 47, 76, 67, 67, 74, 47, 82, 48, 48, 48, 49, 48, 48, 48, 48, 46, 40, 77, 69, 75, 47, 77, 69, 69, 75, 47, 24, 70, 81, 68, 47, 81, 81, 81, 79, 47, 82], objects=[], opacity=0.0, draworder=), Layer(width=0, height=0, name=PathWays, type=objectgroup, visible=false, x=0, y=0, data=[], objects=[], opacity=0.0, draworder=), Layer(width=0, height=0, name=Incroci, type=objectgroup, visible=false, x=0, y=0, data=[], objects=[com.almasb.fxgl.entity.level.tiled.TiledObject@3121c261, com.almasb.fxgl.entity.level.tiled.TiledObject@24ad9b3, com.almasb.fxgl.entity.level.tiled.TiledObject@56eb811c, com.almasb.fxgl.entity.level.tiled.TiledObject@4109d50f, com.almasb.fxgl.entity.level.tiled.TiledObject@7e843585], opacity=0.0, draworder=), Layer(width=0, height=0, name=Semafori, type=objectgroup, visible=false, x=0, y=0, data=[], objects=[com.almasb.fxgl.entity.level.tiled.TiledObject@2ad7fca7, com.almasb.fxgl.entity.level.tiled.TiledObject@203e6b80, com.almasb.fxgl.entity.level.tiled.TiledObject@2f107325, com.almasb.fxgl.entity.level.tiled.TiledObject@7067435f, com.almasb.fxgl.entity.level.tiled.TiledObject@6540bb30, com.almasb.fxgl.entity.level.tiled.TiledObject@3671be73, com.almasb.fxgl.entity.level.tiled.TiledObject@1a546ac3, com.almasb.fxgl.entity.level.tiled.TiledObject@5063bf6d, com.almasb.fxgl.entity.level.tiled.TiledObject@309a076a, com.almasb.fxgl.entity.level.tiled.TiledObject@ba3b52c, com.almasb.fxgl.entity.level.tiled.TiledObject@3298c4e9, com.almasb.fxgl.entity.level.tiled.TiledObject@7fcd8d00, com.almasb.fxgl.entity.level.tiled.TiledObject@1f0c64c4, com.almasb.fxgl.entity.level.tiled.TiledObject@910a8dc, com.almasb.fxgl.entity.level.tiled.TiledObject@7d5b8a9b, com.almasb.fxgl.entity.level.tiled.TiledObject@6e6dadbd], opacity=0.0, draworder=), Layer(width=0, height=0, name=SpawnPoint, type=objectgroup, visible=false, x=0, y=0, data=[], objects=[com.almasb.fxgl.entity.level.tiled.TiledObject@12bbdef0, com.almasb.fxgl.entity.level.tiled.TiledObject@1ee1c233, com.almasb.fxgl.entity.level.tiled.TiledObject@3f4f9c26, com.almasb.fxgl.entity.level.tiled.TiledObject@3cccce37, com.almasb.fxgl.entity.level.tiled.TiledObject@704cdb00, com.almasb.fxgl.entity.level.tiled.TiledObject@60ac6f60, com.almasb.fxgl.entity.level.tiled.TiledObject@23c171ff, com.almasb.fxgl.entity.level.tiled.TiledObject@7926bec6, com.almasb.fxgl.entity.level.tiled.TiledObject@6f24fe39, com.almasb.fxgl.entity.level.tiled.TiledObject@6c705bd2, com.almasb.fxgl.entity.level.tiled.TiledObject@4416912a, com.almasb.fxgl.entity.level.tiled.TiledObject@88ac7e0, com.almasb.fxgl.entity.level.tiled.TiledObject@409725fe, com.almasb.fxgl.entity.level.tiled.TiledObject@2ed758f5, com.almasb.fxgl.entity.level.tiled.TiledObject@5eb803c4, com.almasb.fxgl.entity.level.tiled.TiledObject@536a34, com.almasb.fxgl.entity.level.tiled.TiledObject@79921715, com.almasb.fxgl.entity.level.tiled.TiledObject@6d16e822, com.almasb.fxgl.entity.level.tiled.TiledObject@73ae6067, com.almasb.fxgl.entity.level.tiled.TiledObject@68b7a6ec, com.almasb.fxgl.entity.level.tiled.TiledObject@1f43e50, com.almasb.fxgl.entity.level.tiled.TiledObject@5b7991b4, com.almasb.fxgl.entity.level.tiled.TiledObject@5bd47fe4, com.almasb.fxgl.entity.level.tiled.TiledObject@e8122b4, com.almasb.fxgl.entity.level.tiled.TiledObject@2e279b8a, com.almasb.fxgl.entity.level.tiled.TiledObject@39c44bcb, com.almasb.fxgl.entity.level.tiled.TiledObject@41972848, com.almasb.fxgl.entity.level.tiled.TiledObject@4604264c], opacity=0.0, draworder=)], tilesets=[Tileset(firstgid=1, image=../textures/tiles_sheet.png, name=tiles_sheet, tilewidth=250, tileheight=250, imagewidth=1750, imageheight=1500, margin=0, spacing=0, columns=7, tilecount=42, transparentcolor=ff00ff, tiles=[]), Tileset(firstgid=43, image=../textures/tiles_sheet.png, name=tiles_sheet, tilewidth=250, tileheight=250, imagewidth=1750, imageheight=1500, margin=0, spacing=0, columns=7, tilecount=42, transparentcolor=, tiles=[])], backgroundcolor=, renderorder=right-down, nextobjectid=58, version=1, tiledversion=1.4.1, type=map, infinite=false, properties={}, propertytypes={})
15:31:13.366 [FXGL Background Thread 2 ] DEBUG TMXLevelLoader       - Creating tile layer entities
15:31:13.367 [FXGL Background Thread 2 ] DEBUG TilesetLoader        - Loading view for layer bg
15:31:13.432 [FXGL Background Thread 2 ] DEBUG TilesetLoader        - Created buffer with size 2500.0x1750.0
15:31:13.601 [FXGL Background Thread 2 ] DEBUG TilesetLoader        - Writing to buffer: dst=0,0, w=250,h=250, src=1500,1250
15:31:13.602 [FXGL Background Thread 2 ] DEBUG TilesetLoader        - Writing to buffer: dst=250,0, w=250,h=250, src=750,750
15:31:13.602 [FXGL Background Thread 2 ] DEBUG TilesetLoader        - Writing to buffer: dst=500,0, w=250,h=250, src=1500,1250
15:31:13.603 [FXGL Background Thread 2 ] DEBUG TilesetLoader        - Writing to buffer: dst=750,0, w=250,h=250, src=750,750
15:31:13.603 [FXGL Background Thread 2 ] DEBUG TilesetLoader        - Writing to buffer: dst=1000,0, w=250,h=250, src=250,1000
15:31:13.603 [FXGL Background Thread 2 ] DEBUG TilesetLoader        - Writing to buffer: dst=1250,0, w=250,h=250, src=1000,0
15:31:13.603 [FXGL Background Thread 2 ] DEBUG TilesetLoader        - Writing to buffer: dst=1500,0, w=250,h=250, src=1250,1000
15:31:13.604 [FXGL Background Thread 2 ] DEBUG TilesetLoader        - Writing to buffer: dst=1750,0, w=250,h=250, src=1250,1250
15:31:13.604 [FXGL Background Thread 2 ] DEBUG TilesetLoader        - Writing to buffer: dst=2000,0, w=250,h=250, src=500,1250
15:31:13.604 [FXGL Background Thread 2 ] DEBUG TilesetLoader        - Writing to buffer: dst=2250,0, w=250,h=250, src=1250,1250
15:31:13.604 [FXGL Background Thread 2 ] DEBUG TilesetLoader        - Writing to buffer: dst=0,250, w=250,h=250, src=1250,0
15:31:13.605 [FXGL Background Thread 2 ] DEBUG TilesetLoader        - Writing to buffer: dst=250,250, w=250,h=250, src=1250,0
15:31:13.605 [FXGL Background Thread 2 ] DEBUG TilesetLoader        - Writing to buffer: dst=500,250, w=250,h=250, src=1250,0
15:31:13.605 [FXGL Background Thread 2 ] DEBUG TilesetLoader        - Writing to buffer: dst=750,250, w=250,h=250, src=500,0
15:31:13.605 [FXGL Background Thread 2 ] DEBUG TilesetLoader        - Writing to buffer: dst=1000,250, w=250,h=250, src=1250,0
15:31:13.606 [FXGL Background Thread 2 ] DEBUG TilesetLoader        - Writing to buffer: dst=1250,250, w=250,h=250, src=0,0
15:31:13.606 [FXGL Background Thread 2 ] DEBUG TilesetLoader        - Writing to buffer: dst=1500,250, w=250,h=250, src=1250,0
15:31:13.606 [FXGL Background Thread 2 ] DEBUG TilesetLoader        - Writing to buffer: dst=1750,250, w=250,h=250, src=1250,0
15:31:13.607 [FXGL Background Thread 2 ] DEBUG TilesetLoader        - Writing to buffer: dst=2000,250, w=250,h=250, src=500,0
15:31:13.608 [FXGL Background Thread 2 ] DEBUG TilesetLoader        - Writing to buffer: dst=2250,250, w=250,h=250, src=1250,0
15:31:13.608 [FXGL Background Thread 2 ] DEBUG TilesetLoader        - Writing to buffer: dst=0,500, w=250,h=250, src=1250,750
15:31:13.608 [FXGL Background Thread 2 ] DEBUG TilesetLoader        - Writing to buffer: dst=250,500, w=250,h=250, src=1250,750
15:31:13.609 [FXGL Background Thread 2 ] DEBUG TilesetLoader        - Writing to buffer: dst=500,500, w=250,h=250, src=1000,1000
15:31:13.609 [FXGL Background Thread 2 ] DEBUG TilesetLoader        - Writing to buffer: dst=750,500, w=250,h=250, src=1000,0
15:31:13.609 [FXGL Background Thread 2 ] DEBUG TilesetLoader        - Writing to buffer: dst=1000,500, w=250,h=250, src=1500,1000
15:31:13.609 [FXGL Background Thread 2 ] DEBUG TilesetLoader        - Writing to buffer: dst=1250,500, w=250,h=250, src=1250,750
15:31:13.610 [FXGL Background Thread 2 ] DEBUG TilesetLoader        - Writing to buffer: dst=1500,500, w=250,h=250, src=1250,750
15:31:13.610 [FXGL Background Thread 2 ] DEBUG TilesetLoader        - Writing to buffer: dst=1750,500, w=250,h=250, src=1000,1000
15:31:13.610 [FXGL Background Thread 2 ] DEBUG TilesetLoader        - Writing to buffer: dst=2000,500, w=250,h=250, src=1000,0
15:31:13.611 [FXGL Background Thread 2 ] DEBUG TilesetLoader        - Writing to buffer: dst=2250,500, w=250,h=250, src=1000,1250
15:31:13.611 [FXGL Background Thread 2 ] DEBUG TilesetLoader        - Writing to buffer: dst=0,750, w=250,h=250, src=750,750
15:31:13.611 [FXGL Background Thread 2 ] DEBUG TilesetLoader        - Writing to buffer: dst=250,750, w=250,h=250, src=750,750
15:31:13.611 [FXGL Background Thread 2 ] DEBUG TilesetLoader        - Writing to buffer: dst=500,750, w=250,h=250, src=750,1000
15:31:13.612 [FXGL Background Thread 2 ] DEBUG TilesetLoader        - Writing to buffer: dst=750,750, w=250,h=250, src=1000,0
15:31:13.612 [FXGL Background Thread 2 ] DEBUG TilesetLoader        - Writing to buffer: dst=1000,750, w=250,h=250, src=1250,1000
15:31:13.613 [FXGL Background Thread 2 ] DEBUG TilesetLoader        - Writing to buffer: dst=1250,750, w=250,h=250, src=750,750
15:31:13.613 [FXGL Background Thread 2 ] DEBUG TilesetLoader        - Writing to buffer: dst=1500,750, w=250,h=250, src=750,750
15:31:13.614 [FXGL Background Thread 2 ] DEBUG TilesetLoader        - Writing to buffer: dst=1750,750, w=250,h=250, src=750,1000
15:31:13.614 [FXGL Background Thread 2 ] DEBUG TilesetLoader        - Writing to buffer: dst=2000,750, w=250,h=250, src=1000,0
15:31:13.614 [FXGL Background Thread 2 ] DEBUG TilesetLoader        - Writing to buffer: dst=2250,750, w=250,h=250, src=1000,1250
15:31:13.614 [FXGL Background Thread 2 ] DEBUG TilesetLoader        - Writing to buffer: dst=0,1000, w=250,h=250, src=1250,0
15:31:13.614 [FXGL Background Thread 2 ] DEBUG TilesetLoader        - Writing to buffer: dst=250,1000, w=250,h=250, src=1250,0
15:31:13.615 [FXGL Background Thread 2 ] DEBUG TilesetLoader        - Writing to buffer: dst=500,1000, w=250,h=250, src=1250,0
15:31:13.615 [FXGL Background Thread 2 ] DEBUG TilesetLoader        - Writing to buffer: dst=750,1000, w=250,h=250, src=1500,0
15:31:13.617 [FXGL Background Thread 2 ] DEBUG TilesetLoader        - Writing to buffer: dst=1000,1000, w=250,h=250, src=1250,0
15:31:13.618 [FXGL Background Thread 2 ] DEBUG TilesetLoader        - Writing to buffer: dst=1250,1000, w=250,h=250, src=1250,0
15:31:13.618 [FXGL Background Thread 2 ] DEBUG TilesetLoader        - Writing to buffer: dst=1500,1000, w=250,h=250, src=1250,0
15:31:13.618 [FXGL Background Thread 2 ] DEBUG TilesetLoader        - Writing to buffer: dst=1750,1000, w=250,h=250, src=1250,0
15:31:13.619 [FXGL Background Thread 2 ] DEBUG TilesetLoader        - Writing to buffer: dst=2000,1000, w=250,h=250, src=750,0
15:31:13.619 [FXGL Background Thread 2 ] DEBUG TilesetLoader        - Writing to buffer: dst=2250,1000, w=250,h=250, src=1000,1250
15:31:13.619 [FXGL Background Thread 2 ] DEBUG TilesetLoader        - Writing to buffer: dst=0,1250, w=250,h=250, src=1500,1000
15:31:13.620 [FXGL Background Thread 2 ] DEBUG TilesetLoader        - Writing to buffer: dst=250,1250, w=250,h=250, src=1250,750
15:31:13.620 [FXGL Background Thread 2 ] DEBUG TilesetLoader        - Writing to buffer: dst=500,1250, w=250,h=250, src=1000,1000
15:31:13.620 [FXGL Background Thread 2 ] DEBUG TilesetLoader        - Writing to buffer: dst=750,1250, w=250,h=250, src=1000,0
15:31:13.620 [FXGL Background Thread 2 ] DEBUG TilesetLoader        - Writing to buffer: dst=1000,1250, w=250,h=250, src=1500,1000
15:31:13.621 [FXGL Background Thread 2 ] DEBUG TilesetLoader        - Writing to buffer: dst=1250,1250, w=250,h=250, src=1250,750
15:31:13.621 [FXGL Background Thread 2 ] DEBUG TilesetLoader        - Writing to buffer: dst=1500,1250, w=250,h=250, src=1250,750
15:31:13.621 [FXGL Background Thread 2 ] DEBUG TilesetLoader        - Writing to buffer: dst=1750,1250, w=250,h=250, src=1000,1000
15:31:13.621 [FXGL Background Thread 2 ] DEBUG TilesetLoader        - Writing to buffer: dst=2000,1250, w=250,h=250, src=1000,0
15:31:13.621 [FXGL Background Thread 2 ] DEBUG TilesetLoader        - Writing to buffer: dst=2250,1250, w=250,h=250, src=500,750
15:31:13.622 [FXGL Background Thread 2 ] DEBUG TilesetLoader        - Writing to buffer: dst=0,1500, w=250,h=250, src=1500,750
15:31:13.622 [FXGL Background Thread 2 ] DEBUG TilesetLoader        - Writing to buffer: dst=250,1500, w=250,h=250, src=750,1250
15:31:13.622 [FXGL Background Thread 2 ] DEBUG TilesetLoader        - Writing to buffer: dst=500,1500, w=250,h=250, src=1000,750
15:31:13.622 [FXGL Background Thread 2 ] DEBUG TilesetLoader        - Writing to buffer: dst=750,1500, w=250,h=250, src=1000,0
15:31:13.622 [FXGL Background Thread 2 ] DEBUG TilesetLoader        - Writing to buffer: dst=1000,1500, w=250,h=250, src=750,1250
15:31:13.622 [FXGL Background Thread 2 ] DEBUG TilesetLoader        - Writing to buffer: dst=1250,1500, w=250,h=250, src=750,1250
15:31:13.623 [FXGL Background Thread 2 ] DEBUG TilesetLoader        - Writing to buffer: dst=1500,1500, w=250,h=250, src=750,1250
15:31:13.623 [FXGL Background Thread 2 ] DEBUG TilesetLoader        - Writing to buffer: dst=1750,1500, w=250,h=250, src=250,1250
15:31:13.623 [FXGL Background Thread 2 ] DEBUG TilesetLoader        - Writing to buffer: dst=2000,1500, w=250,h=250, src=1000,0
15:31:13.623 [FXGL Background Thread 2 ] DEBUG TilesetLoader        - Writing to buffer: dst=2250,1500, w=250,h=250, src=1000,1250
15:31:13.624 [FXGL Background Thread 2 ] DEBUG TMXLevelLoader       - Creating object layer entities
15:31:13.700 [FXGL Background Thread 2 ] DEBUG FXGLAssetLoaderServi - Loading from file system: /assets/textures/semaforoRosso-01.png
15:31:13.705 [FXGL Background Thread 2 ] DEBUG FXGLAssetLoaderServi - Loading from file system: /assets/textures/semaforoVerde-01.png
15:31:13.713 [FXGL Background Thread 2 ] DEBUG FXGLAssetLoaderServi - Loading from file system: /assets/textures/semaforoRosso-02.png
15:31:13.719 [FXGL Background Thread 2 ] DEBUG FXGLAssetLoaderServi - Loading from file system: /assets/textures/semaforoVerde-02.png
15:31:13.725 [FXGL Background Thread 2 ] DEBUG FXGLAssetLoaderServi - Loading from file system: /assets/textures/semaforoRosso-04.png
15:31:13.728 [FXGL Background Thread 2 ] DEBUG FXGLAssetLoaderServi - Loading from file system: /assets/textures/semaforoVerde-04.png
15:31:13.734 [FXGL Background Thread 2 ] DEBUG FXGLAssetLoaderServi - Loading from file system: /assets/textures/semaforoRosso-03.png
15:31:13.738 [FXGL Background Thread 2 ] DEBUG FXGLAssetLoaderServi - Loading from file system: /assets/textures/semaforoVerde-03.png
15:31:13.743 [FXGL Background Thread 2 ] DEBUG FXGLAssetLoaderServi - Loading from cache: /assets/textures/semaforoRosso-04.png
15:31:13.743 [FXGL Background Thread 2 ] DEBUG FXGLAssetLoaderServi - Loading from cache: /assets/textures/semaforoVerde-04.png
15:31:13.745 [FXGL Background Thread 2 ] DEBUG FXGLAssetLoaderServi - Loading from cache: /assets/textures/semaforoRosso-01.png
15:31:13.745 [FXGL Background Thread 2 ] DEBUG FXGLAssetLoaderServi - Loading from cache: /assets/textures/semaforoVerde-01.png
15:31:13.746 [FXGL Background Thread 2 ] DEBUG FXGLAssetLoaderServi - Loading from cache: /assets/textures/semaforoRosso-03.png
15:31:13.747 [FXGL Background Thread 2 ] DEBUG FXGLAssetLoaderServi - Loading from cache: /assets/textures/semaforoVerde-03.png
15:31:13.748 [FXGL Background Thread 2 ] DEBUG FXGLAssetLoaderServi - Loading from cache: /assets/textures/semaforoRosso-04.png
15:31:13.749 [FXGL Background Thread 2 ] DEBUG FXGLAssetLoaderServi - Loading from cache: /assets/textures/semaforoVerde-04.png
15:31:13.750 [FXGL Background Thread 2 ] DEBUG FXGLAssetLoaderServi - Loading from cache: /assets/textures/semaforoRosso-04.png
15:31:13.750 [FXGL Background Thread 2 ] DEBUG FXGLAssetLoaderServi - Loading from cache: /assets/textures/semaforoVerde-04.png
15:31:13.751 [FXGL Background Thread 2 ] DEBUG FXGLAssetLoaderServi - Loading from cache: /assets/textures/semaforoRosso-04.png
15:31:13.752 [FXGL Background Thread 2 ] DEBUG FXGLAssetLoaderServi - Loading from cache: /assets/textures/semaforoVerde-04.png
15:31:13.754 [FXGL Background Thread 2 ] DEBUG FXGLAssetLoaderServi - Loading from cache: /assets/textures/semaforoRosso-01.png
15:31:13.754 [FXGL Background Thread 2 ] DEBUG FXGLAssetLoaderServi - Loading from cache: /assets/textures/semaforoVerde-01.png
15:31:13.755 [FXGL Background Thread 2 ] DEBUG FXGLAssetLoaderServi - Loading from cache: /assets/textures/semaforoRosso-02.png
15:31:13.755 [FXGL Background Thread 2 ] DEBUG FXGLAssetLoaderServi - Loading from cache: /assets/textures/semaforoVerde-02.png
15:31:13.756 [FXGL Background Thread 2 ] DEBUG FXGLAssetLoaderServi - Loading from cache: /assets/textures/semaforoRosso-02.png
15:31:13.756 [FXGL Background Thread 2 ] DEBUG FXGLAssetLoaderServi - Loading from cache: /assets/textures/semaforoVerde-02.png
15:31:13.758 [FXGL Background Thread 2 ] DEBUG FXGLAssetLoaderServi - Loading from cache: /assets/textures/semaforoRosso-02.png
15:31:13.758 [FXGL Background Thread 2 ] DEBUG FXGLAssetLoaderServi - Loading from cache: /assets/textures/semaforoVerde-02.png
15:31:13.759 [FXGL Background Thread 2 ] DEBUG FXGLAssetLoaderServi - Loading from cache: /assets/textures/semaforoRosso-03.png
15:31:13.759 [FXGL Background Thread 2 ] DEBUG FXGLAssetLoaderServi - Loading from cache: /assets/textures/semaforoVerde-03.png
15:31:13.760 [FXGL Background Thread 2 ] DEBUG FXGLAssetLoaderServi - Loading from cache: /assets/textures/semaforoRosso-03.png
15:31:13.760 [FXGL Background Thread 2 ] DEBUG FXGLAssetLoaderServi - Loading from cache: /assets/textures/semaforoVerde-03.png
15:31:13.763 [FXGL Background Thread 3 ] DEBUG Engine               - Logging environment variables
15:31:13.763 [FXGL Background Thread 3 ] DEBUG Engine               - achievements: []
15:31:13.763 [FXGL Background Thread 3 ] DEBUG Engine               - appIcon: fxgl_icon.png
15:31:13.763 [FXGL Background Thread 3 ] DEBUG Engine               - applicationMode: DEVELOPER
15:31:13.764 [FXGL Background Thread 3 ] DEBUG Engine               - cSSList: [fxgl_dark.css]
15:31:13.764 [FXGL Background Thread 3 ] DEBUG Engine               - configClass: Optional.empty
15:31:13.764 [FXGL Background Thread 3 ] DEBUG Engine               - credits: []
15:31:13.764 [FXGL Background Thread 3 ] DEBUG Engine               - devBBoxColorProperty: ObjectProperty [value: 0xff0000ff]
15:31:13.764 [FXGL Background Thread 3 ] DEBUG Engine               - devEnableDebugCameraProperty: BooleanProperty [value: false]
15:31:13.764 [FXGL Background Thread 3 ] DEBUG Engine               - devSensorColorProperty: ObjectProperty [value: 0xffff00ff]
15:31:13.764 [FXGL Background Thread 3 ] DEBUG Engine               - devShowBBoxProperty: BooleanProperty [value: false]
15:31:13.764 [FXGL Background Thread 3 ] DEBUG Engine               - devShowPositionProperty: BooleanProperty [value: false]
15:31:13.765 [FXGL Background Thread 3 ] DEBUG Engine               - enabledMenuItems: []
15:31:13.765 [FXGL Background Thread 3 ] DEBUG Engine               - engineServices: [class com.almasb.fxgl.app.FXGLApplication$GameApplicationService, class com.almasb.fxgl.app.services.FXGLDialogService, class com.almasb.fxgl.app.services.IOTaskExecutorService, class com.almasb.fxgl.event.EventBusService, class com.almasb.fxgl.io.FileSystemService, class com.almasb.fxgl.localization.LocalizationService, class com.almasb.fxgl.app.services.FXGLAssetLoaderService, class com.almasb.fxgl.app.services.SystemBundleService, class com.almasb.fxgl.profile.SaveLoadService, class com.almasb.fxgl.ui.FXGLUIFactoryServiceProvider, class com.almasb.fxgl.ui.FXGLDialogFactoryServiceProvider, class com.almasb.fxgl.audio.AudioPlayer, class com.almasb.fxgl.notification.impl.NotificationServiceProvider, class com.almasb.fxgl.achievement.AchievementService, class com.almasb.fxgl.cutscene.CutsceneService, class com.almasb.fxgl.minigames.MiniGameService, class com.almasb.fxgl.net.NetService, class com.almasb.fxgl.app.services.UpdaterService, class com.almasb.fxgl.dev.DevService, class com.almasb.fxgl.dev.profiling.ProfilerService]
15:31:13.765 [FXGL Background Thread 3 ] DEBUG Engine               - fontGame: Abel-Regular.ttf
15:31:13.765 [FXGL Background Thread 3 ] DEBUG Engine               - fontMono: lucida_console.ttf
15:31:13.765 [FXGL Background Thread 3 ] DEBUG Engine               - fontText: Courier-Prime.ttf
15:31:13.765 [FXGL Background Thread 3 ] DEBUG Engine               - fontUI: VarelaRound-Regular.ttf
15:31:13.765 [FXGL Background Thread 3 ] DEBUG Engine               - fullScreen: BooleanProperty [value: false]
15:31:13.765 [FXGL Background Thread 3 ] DEBUG Engine               - gameDifficulty: MEDIUM
15:31:13.765 [FXGL Background Thread 3 ] DEBUG Engine               - gameDifficultyProperty: ObjectProperty [value: MEDIUM]
15:31:13.765 [FXGL Background Thread 3 ] DEBUG Engine               - globalMusicVolume: 0.5
15:31:13.766 [FXGL Background Thread 3 ] DEBUG Engine               - globalMusicVolumeProperty: DoubleProperty [value: 0.5]
15:31:13.766 [FXGL Background Thread 3 ] DEBUG Engine               - globalSoundVolume: 0.5
15:31:13.766 [FXGL Background Thread 3 ] DEBUG Engine               - globalSoundVolumeProperty: DoubleProperty [value: 0.5]
15:31:13.766 [FXGL Background Thread 3 ] DEBUG Engine               - height: 1750
15:31:13.766 [FXGL Background Thread 3 ] DEBUG Engine               - isAndroid: false
15:31:13.767 [FXGL Background Thread 3 ] DEBUG Engine               - isBrowser: false
15:31:13.767 [FXGL Background Thread 3 ] DEBUG Engine               - isClickFeedbackEnabled: false
15:31:13.767 [FXGL Background Thread 3 ] DEBUG Engine               - isCloseConfirmation: false
15:31:13.767 [FXGL Background Thread 3 ] DEBUG Engine               - isDesktop: true
15:31:13.767 [FXGL Background Thread 3 ] DEBUG Engine               - isDeveloperMenuEnabled: true
15:31:13.767 [FXGL Background Thread 3 ] DEBUG Engine               - isEntityPreloadEnabled: true
15:31:13.767 [FXGL Background Thread 3 ] DEBUG Engine               - isExperimentalNative: false
15:31:13.767 [FXGL Background Thread 3 ] DEBUG Engine               - isExperimentalTiledLargeMap: false
15:31:13.768 [FXGL Background Thread 3 ] DEBUG Engine               - isFileSystemWriteAllowed: true
15:31:13.768 [FXGL Background Thread 3 ] DEBUG Engine               - isFullScreenAllowed: false
15:31:13.768 [FXGL Background Thread 3 ] DEBUG Engine               - isFullScreenFromStart: false
15:31:13.768 [FXGL Background Thread 3 ] DEBUG Engine               - isGameMenuEnabled: true
15:31:13.768 [FXGL Background Thread 3 ] DEBUG Engine               - isIOS: false
15:31:13.768 [FXGL Background Thread 3 ] DEBUG Engine               - isIntroEnabled: false
15:31:13.768 [FXGL Background Thread 3 ] DEBUG Engine               - isLinux: false
15:31:13.768 [FXGL Background Thread 3 ] DEBUG Engine               - isMac: true
15:31:13.768 [FXGL Background Thread 3 ] DEBUG Engine               - isMainMenuEnabled: true
15:31:13.768 [FXGL Background Thread 3 ] DEBUG Engine               - isManualResizeEnabled: true
15:31:13.768 [FXGL Background Thread 3 ] DEBUG Engine               - isMobile: false
15:31:13.769 [FXGL Background Thread 3 ] DEBUG Engine               - isPreserveResizeRatio: true
15:31:13.769 [FXGL Background Thread 3 ] DEBUG Engine               - isProfilingEnabled: true
15:31:13.769 [FXGL Background Thread 3 ] DEBUG Engine               - isSingleStep: false
15:31:13.769 [FXGL Background Thread 3 ] DEBUG Engine               - isUserProfileEnabled: false
15:31:13.769 [FXGL Background Thread 3 ] DEBUG Engine               - isWindows: false
15:31:13.769 [FXGL Background Thread 3 ] DEBUG Engine               - language: ObjectProperty [value: ENGLISH]
15:31:13.769 [FXGL Background Thread 3 ] DEBUG Engine               - menuKey: ESCAPE
15:31:13.769 [FXGL Background Thread 3 ] DEBUG Engine               - notificationViewClass: class com.almasb.fxgl.notification.view.XboxNotificationView
15:31:13.770 [FXGL Background Thread 3 ] DEBUG Engine               - pixelsPerMeter: 50.0
15:31:13.770 [FXGL Background Thread 3 ] DEBUG Engine               - platform: MAC
15:31:13.770 [FXGL Background Thread 3 ] DEBUG Engine               - profileDir: profiles/
15:31:13.770 [FXGL Background Thread 3 ] DEBUG Engine               - profileName: StringProperty [value: DEFAULT]
15:31:13.770 [FXGL Background Thread 3 ] DEBUG Engine               - randomSeed: -1
15:31:13.771 [FXGL Background Thread 3 ] DEBUG Engine               - runtimeInfo: RuntimeInfo(platform=MAC, version=dev-SNAPSHOT, build=03.09.2020 12.08)
15:31:13.771 [FXGL Background Thread 3 ] DEBUG Engine               - saveFileExt: sav
15:31:13.771 [FXGL Background Thread 3 ] DEBUG Engine               - sceneFactory: it.uniroma1.metodologie.trafficGame.TrafficApp$1@1729dca8
15:31:13.771 [FXGL Background Thread 3 ] DEBUG Engine               - secondsIn24h: 60
15:31:13.771 [FXGL Background Thread 3 ] DEBUG Engine               - soundMenuBack: menu/back.wav
15:31:13.771 [FXGL Background Thread 3 ] DEBUG Engine               - soundMenuPress: menu/press.wav
15:31:13.771 [FXGL Background Thread 3 ] DEBUG Engine               - soundMenuSelect: menu/select.wav
15:31:13.771 [FXGL Background Thread 3 ] DEBUG Engine               - soundNotification: core/notification.wav
15:31:13.771 [FXGL Background Thread 3 ] DEBUG Engine               - stageStyle: DECORATED
15:31:13.771 [FXGL Background Thread 3 ] DEBUG Engine               - supportedLanguages: [ENGLISH, FRENCH, GERMAN, HUNGARIAN, RUSSIAN]
15:31:13.771 [FXGL Background Thread 3 ] DEBUG Engine               - title: Traffic
15:31:13.771 [FXGL Background Thread 3 ] DEBUG Engine               - urlGithub: https://github.com/AlmasB/FXGL
15:31:13.771 [FXGL Background Thread 3 ] DEBUG Engine               - urlLeaderboard: http://fxgl-top.herokuapp.com/
15:31:13.772 [FXGL Background Thread 3 ] DEBUG Engine               - urlPOM: https://raw.githubusercontent.com/AlmasB/FXGL/master/pom.xml
15:31:13.772 [FXGL Background Thread 3 ] DEBUG Engine               - version: Alpha 1.0
15:31:13.772 [FXGL Background Thread 3 ] DEBUG Engine               - versionCheckDays: 7
15:31:13.772 [FXGL Background Thread 3 ] DEBUG Engine               - width: 2500
15:31:13.772 [FXGL Background Thread 3 ] DEBUG Engine               - Logging services
15:31:13.772 [FXGL Background Thread 3 ] DEBUG Engine               - class com.almasb.fxgl.app.FXGLApplication$GameApplicationService
15:31:13.772 [FXGL Background Thread 3 ] DEBUG Engine               - class com.almasb.fxgl.app.services.FXGLDialogService
15:31:13.772 [FXGL Background Thread 3 ] DEBUG Engine               - class com.almasb.fxgl.app.services.IOTaskExecutorService
15:31:13.772 [FXGL Background Thread 3 ] DEBUG Engine               - class com.almasb.fxgl.event.EventBusService
15:31:13.772 [FXGL Background Thread 3 ] DEBUG Engine               - class com.almasb.fxgl.io.FileSystemService
15:31:13.772 [FXGL Background Thread 3 ] DEBUG Engine               - class com.almasb.fxgl.localization.LocalizationService
15:31:13.772 [FXGL Background Thread 3 ] DEBUG Engine               - class com.almasb.fxgl.app.services.FXGLAssetLoaderService
15:31:13.773 [FXGL Background Thread 3 ] DEBUG Engine               - class com.almasb.fxgl.app.services.SystemBundleService
15:31:13.773 [FXGL Background Thread 3 ] DEBUG Engine               - class com.almasb.fxgl.profile.SaveLoadService
15:31:13.773 [FXGL Background Thread 3 ] DEBUG Engine               - class com.almasb.fxgl.ui.FXGLUIFactoryServiceProvider
15:31:13.773 [FXGL Background Thread 3 ] DEBUG Engine               - class com.almasb.fxgl.ui.FXGLDialogFactoryServiceProvider
15:31:13.773 [FXGL Background Thread 3 ] DEBUG Engine               - class com.almasb.fxgl.audio.AudioPlayer
15:31:13.773 [FXGL Background Thread 3 ] DEBUG Engine               - class com.almasb.fxgl.notification.impl.NotificationServiceProvider
15:31:13.773 [FXGL Background Thread 3 ] DEBUG Engine               - class com.almasb.fxgl.achievement.AchievementService
15:31:13.773 [FXGL Background Thread 3 ] DEBUG Engine               - class com.almasb.fxgl.cutscene.CutsceneService
15:31:13.773 [FXGL Background Thread 3 ] DEBUG Engine               - class com.almasb.fxgl.minigames.MiniGameService
15:31:13.773 [FXGL Background Thread 3 ] DEBUG Engine               - class com.almasb.fxgl.net.NetService
15:31:13.773 [FXGL Background Thread 3 ] DEBUG Engine               - class com.almasb.fxgl.app.services.UpdaterService
15:31:13.773 [FXGL Background Thread 3 ] DEBUG Engine               - class com.almasb.fxgl.dev.DevService
15:31:13.773 [FXGL Background Thread 3 ] DEBUG Engine               - class com.almasb.fxgl.dev.profiling.ProfilerService
15:31:13.783 [FXGL Background Thread 2 ] DEBUG GameWorld            - Clearing removable entities
15:31:13.783 [FXGL Background Thread 2 ] DEBUG GameWorld            - Setting level: com.almasb.fxgl.entity.level.Level@22639344
15:31:13.894 [FXGL Background Thread 2 ] DEBUG FXGLAssetLoaderServi - Loading from file system: /assets/textures/pointer-sprite.png
15:31:14.004 [FXGL Background Thread 2 ] INFO  FXGLApplication      - Game initialization took: 0,717 sec
15:31:14.007 [JavaFX Application Thread] DEBUG Input                - Clearing active input actions
15:31:14.017 [JavaFX Application Thread] DEBUG GameApplicationServi - Removing overlay from FXGLLoadingScene and adding to GameScene
15:31:14.022 [JavaFX Application Thread] DEBUG MainWindow           - FXGLLoadingScene -> GameScene
15:33:27.523 [JavaFX Application Thread] DEBUG MainWindow           - Push state: FXGLDefaultMenu
15:33:27.568 [JavaFX Application Thread] DEBUG Input                - Clearing active input actions
15:33:27.598 [JavaFX Application Thread] DEBUG GameApplicationServi - Removing overlay from GameScene and adding to FXGLDefaultMenu
15:33:27.602 [JavaFX Application Thread] DEBUG MainWindow           - GameScene -> FXGLDefaultMenu
15:33:28.572 [JavaFX Application Thread] DEBUG Menu                 - fireExitToMainMenu()
15:33:28.575 [JavaFX Application Thread] DEBUG MainWindow           - Push state: DialogSubScene
15:33:28.575 [JavaFX Application Thread] DEBUG Input                - Clearing active input actions
15:33:28.575 [JavaFX Application Thread] DEBUG GameApplicationServi - Removing overlay from FXGLDefaultMenu and adding to DialogSubScene
15:33:28.577 [JavaFX Application Thread] DEBUG MainWindow           - FXGLDefaultMenu -> DialogSubScene
15:33:29.346 [JavaFX Application Thread] DEBUG MainWindow           - Pop state: DialogSubScene
15:33:29.347 [JavaFX Application Thread] DEBUG Input                - Clearing active input actions
15:33:29.347 [JavaFX Application Thread] DEBUG GameApplicationServi - Removing overlay from DialogSubScene and adding to FXGLDefaultMenu
15:33:29.348 [JavaFX Application Thread] DEBUG MainWindow           - FXGLDefaultMenu <- DialogSubScene
15:33:29.351 [JavaFX Application Thread] DEBUG MainWindow           - Pop state: FXGLDefaultMenu
15:33:29.351 [JavaFX Application Thread] DEBUG Input                - Clearing active input actions
15:33:29.352 [JavaFX Application Thread] DEBUG GameApplicationServi - Removing overlay from FXGLDefaultMenu and adding to GameScene
15:33:29.352 [JavaFX Application Thread] DEBUG MainWindow           - GameScene <- FXGLDefaultMenu
15:33:29.352 [JavaFX Application Thread] DEBUG Input                - Clearing active input actions
15:33:29.379 [JavaFX Application Thread] DEBUG GameApplicationServi - Removing overlay from GameScene and adding to FXGLMainMenuDummyScene
15:33:29.384 [JavaFX Application Thread] DEBUG MainWindow           - GameScene -> FXGLMainMenuDummyScene
15:33:29.385 [JavaFX Application Thread] DEBUG MainWindow           - Push state: TrafficAppMenu
15:33:29.385 [JavaFX Application Thread] DEBUG Input                - Clearing active input actions
15:33:29.385 [JavaFX Application Thread] DEBUG GameApplicationServi - Removing overlay from FXGLMainMenuDummyScene and adding to TrafficAppMenu
15:33:29.386 [JavaFX Application Thread] DEBUG MainWindow           - FXGLMainMenuDummyScene -> TrafficAppMenu
15:33:30.346 [JavaFX Application Thread] DEBUG Menu                 - fireExit()
15:33:30.347 [JavaFX Application Thread] DEBUG MainWindow           - Push state: DialogSubScene
15:33:30.347 [JavaFX Application Thread] DEBUG Input                - Clearing active input actions
15:33:30.348 [JavaFX Application Thread] DEBUG GameApplicationServi - Removing overlay from TrafficAppMenu and adding to DialogSubScene
15:33:30.349 [JavaFX Application Thread] DEBUG MainWindow           - TrafficAppMenu -> DialogSubScene
15:33:31.362 [JavaFX Application Thread] DEBUG MainWindow           - Pop state: DialogSubScene
15:33:31.362 [JavaFX Application Thread] DEBUG Input                - Clearing active input actions
15:33:31.363 [JavaFX Application Thread] DEBUG GameApplicationServi - Removing overlay from DialogSubScene and adding to TrafficAppMenu
15:33:31.364 [JavaFX Application Thread] DEBUG MainWindow           - TrafficAppMenu <- DialogSubScene
15:33:45.211 [JavaFX Application Thread] DEBUG Menu                 - fireExit()
15:33:45.212 [JavaFX Application Thread] DEBUG MainWindow           - Push state: DialogSubScene
15:33:45.212 [JavaFX Application Thread] DEBUG Input                - Clearing active input actions
15:33:45.213 [JavaFX Application Thread] DEBUG GameApplicationServi - Removing overlay from TrafficAppMenu and adding to DialogSubScene
15:33:45.215 [JavaFX Application Thread] DEBUG MainWindow           - TrafficAppMenu -> DialogSubScene
15:33:46.402 [JavaFX Application Thread] DEBUG MainWindow           - Pop state: DialogSubScene
15:33:46.402 [JavaFX Application Thread] DEBUG Input                - Clearing active input actions
15:33:46.403 [JavaFX Application Thread] DEBUG GameApplicationServi - Removing overlay from DialogSubScene and adding to TrafficAppMenu
15:33:46.404 [JavaFX Application Thread] DEBUG MainWindow           - TrafficAppMenu <- DialogSubScene
15:33:46.404 [JavaFX Application Thread] DEBUG FXGLApplication      - Exiting FXGL
15:33:46.404 [JavaFX Application Thread] DEBUG LoopRunner           - Stopping loop
15:33:46.404 [JavaFX Application Thread] DEBUG SystemBundleService  - Saving FXGL system data
15:33:46.442 [JavaFX Application Thread] DEBUG FileSystemAccess     - Writing to: /Users/universita/Desktop/ProgettoJava/Drop/system/fxgl.bundle
15:33:46.452 [JavaFX Application Thread] INFO  ProfilerService      - Processed Frames: 9952
15:33:46.453 [JavaFX Application Thread] INFO  ProfilerService      - Average FPS: 57
15:33:46.453 [JavaFX Application Thread] INFO  ProfilerService      - Avg Frame Took: 15,94 ms
15:33:46.453 [JavaFX Application Thread] INFO  ProfilerService      - Avg Memory Usage: 118 MB
15:33:46.453 [JavaFX Application Thread] INFO  ProfilerService      - Min Memory Usage: 68 MB
15:33:46.453 [JavaFX Application Thread] INFO  ProfilerService      - Max Memory Usage: 149 MB
15:33:46.453 [JavaFX Application Thread] INFO  ProfilerService      - Estimated GC runs: 146
15:33:46.454 [JavaFX Application Thread] DEBUG Async                - Shutting down background threads
15:33:46.454 [JavaFX Application Thread] DEBUG MainWindow           - Closing main window
15:33:47.107 [JavaFX Application Thread] DEBUG Logger               - Closing Logger
